[2020-12-20 04:42:24,545] {scheduler_job.py:181} INFO - Started process (PID=54728) to work on /Users/harshittyagi/lil/de_env/lib/python3.8/site-packages/airflow/example_dags/subdags/subdag.py
[2020-12-20 04:42:24,545] {scheduler_job.py:629} INFO - Processing file /Users/harshittyagi/lil/de_env/lib/python3.8/site-packages/airflow/example_dags/subdags/subdag.py for tasks to queue
[2020-12-20 04:42:24,546] {logging_mixin.py:103} INFO - [2020-12-20 04:42:24,546] {dagbag.py:440} INFO - Filling up the DagBag from /Users/harshittyagi/lil/de_env/lib/python3.8/site-packages/airflow/example_dags/subdags/subdag.py
[2020-12-20 04:42:24,547] {scheduler_job.py:641} WARNING - No viable dags retrieved from /Users/harshittyagi/lil/de_env/lib/python3.8/site-packages/airflow/example_dags/subdags/subdag.py
[2020-12-20 04:42:24,567] {scheduler_job.py:189} INFO - Processing /Users/harshittyagi/lil/de_env/lib/python3.8/site-packages/airflow/example_dags/subdags/subdag.py took 0.023 seconds
[2020-12-20 04:43:20,125] {scheduler_job.py:181} INFO - Started process (PID=55025) to work on /Users/harshittyagi/lil/de_env/lib/python3.8/site-packages/airflow/example_dags/subdags/subdag.py
[2020-12-20 04:43:20,126] {scheduler_job.py:629} INFO - Processing file /Users/harshittyagi/lil/de_env/lib/python3.8/site-packages/airflow/example_dags/subdags/subdag.py for tasks to queue
[2020-12-20 04:43:20,127] {logging_mixin.py:103} INFO - [2020-12-20 04:43:20,126] {dagbag.py:440} INFO - Filling up the DagBag from /Users/harshittyagi/lil/de_env/lib/python3.8/site-packages/airflow/example_dags/subdags/subdag.py
[2020-12-20 04:43:20,128] {scheduler_job.py:641} WARNING - No viable dags retrieved from /Users/harshittyagi/lil/de_env/lib/python3.8/site-packages/airflow/example_dags/subdags/subdag.py
[2020-12-20 04:43:20,149] {scheduler_job.py:189} INFO - Processing /Users/harshittyagi/lil/de_env/lib/python3.8/site-packages/airflow/example_dags/subdags/subdag.py took 0.024 seconds
[2020-12-20 04:44:32,387] {scheduler_job.py:181} INFO - Started process (PID=55317) to work on /Users/harshittyagi/lil/de_env/lib/python3.8/site-packages/airflow/example_dags/subdags/subdag.py
[2020-12-20 04:44:32,388] {scheduler_job.py:629} INFO - Processing file /Users/harshittyagi/lil/de_env/lib/python3.8/site-packages/airflow/example_dags/subdags/subdag.py for tasks to queue
[2020-12-20 04:44:32,389] {logging_mixin.py:103} INFO - [2020-12-20 04:44:32,388] {dagbag.py:440} INFO - Filling up the DagBag from /Users/harshittyagi/lil/de_env/lib/python3.8/site-packages/airflow/example_dags/subdags/subdag.py
[2020-12-20 04:44:32,391] {scheduler_job.py:641} WARNING - No viable dags retrieved from /Users/harshittyagi/lil/de_env/lib/python3.8/site-packages/airflow/example_dags/subdags/subdag.py
[2020-12-20 04:44:32,432] {scheduler_job.py:189} INFO - Processing /Users/harshittyagi/lil/de_env/lib/python3.8/site-packages/airflow/example_dags/subdags/subdag.py took 0.046 seconds
[2020-12-20 04:45:27,655] {scheduler_job.py:181} INFO - Started process (PID=55608) to work on /Users/harshittyagi/lil/de_env/lib/python3.8/site-packages/airflow/example_dags/subdags/subdag.py
[2020-12-20 04:45:27,655] {scheduler_job.py:629} INFO - Processing file /Users/harshittyagi/lil/de_env/lib/python3.8/site-packages/airflow/example_dags/subdags/subdag.py for tasks to queue
[2020-12-20 04:45:27,655] {logging_mixin.py:103} INFO - [2020-12-20 04:45:27,655] {dagbag.py:440} INFO - Filling up the DagBag from /Users/harshittyagi/lil/de_env/lib/python3.8/site-packages/airflow/example_dags/subdags/subdag.py
[2020-12-20 04:45:27,656] {scheduler_job.py:641} WARNING - No viable dags retrieved from /Users/harshittyagi/lil/de_env/lib/python3.8/site-packages/airflow/example_dags/subdags/subdag.py
[2020-12-20 04:45:27,678] {scheduler_job.py:189} INFO - Processing /Users/harshittyagi/lil/de_env/lib/python3.8/site-packages/airflow/example_dags/subdags/subdag.py took 0.024 seconds
[2020-12-20 04:46:21,295] {scheduler_job.py:181} INFO - Started process (PID=55891) to work on /Users/harshittyagi/lil/de_env/lib/python3.8/site-packages/airflow/example_dags/subdags/subdag.py
[2020-12-20 04:46:21,295] {scheduler_job.py:629} INFO - Processing file /Users/harshittyagi/lil/de_env/lib/python3.8/site-packages/airflow/example_dags/subdags/subdag.py for tasks to queue
[2020-12-20 04:46:21,296] {logging_mixin.py:103} INFO - [2020-12-20 04:46:21,295] {dagbag.py:440} INFO - Filling up the DagBag from /Users/harshittyagi/lil/de_env/lib/python3.8/site-packages/airflow/example_dags/subdags/subdag.py
[2020-12-20 04:46:21,297] {scheduler_job.py:641} WARNING - No viable dags retrieved from /Users/harshittyagi/lil/de_env/lib/python3.8/site-packages/airflow/example_dags/subdags/subdag.py
[2020-12-20 04:46:21,316] {scheduler_job.py:189} INFO - Processing /Users/harshittyagi/lil/de_env/lib/python3.8/site-packages/airflow/example_dags/subdags/subdag.py took 0.022 seconds
[2020-12-20 04:47:15,003] {scheduler_job.py:181} INFO - Started process (PID=56177) to work on /Users/harshittyagi/lil/de_env/lib/python3.8/site-packages/airflow/example_dags/subdags/subdag.py
[2020-12-20 04:47:15,003] {scheduler_job.py:629} INFO - Processing file /Users/harshittyagi/lil/de_env/lib/python3.8/site-packages/airflow/example_dags/subdags/subdag.py for tasks to queue
[2020-12-20 04:47:15,003] {logging_mixin.py:103} INFO - [2020-12-20 04:47:15,003] {dagbag.py:440} INFO - Filling up the DagBag from /Users/harshittyagi/lil/de_env/lib/python3.8/site-packages/airflow/example_dags/subdags/subdag.py
[2020-12-20 04:47:15,004] {scheduler_job.py:641} WARNING - No viable dags retrieved from /Users/harshittyagi/lil/de_env/lib/python3.8/site-packages/airflow/example_dags/subdags/subdag.py
[2020-12-20 04:47:15,024] {scheduler_job.py:189} INFO - Processing /Users/harshittyagi/lil/de_env/lib/python3.8/site-packages/airflow/example_dags/subdags/subdag.py took 0.022 seconds
[2020-12-20 04:48:08,545] {scheduler_job.py:181} INFO - Started process (PID=56463) to work on /Users/harshittyagi/lil/de_env/lib/python3.8/site-packages/airflow/example_dags/subdags/subdag.py
[2020-12-20 04:48:08,545] {scheduler_job.py:629} INFO - Processing file /Users/harshittyagi/lil/de_env/lib/python3.8/site-packages/airflow/example_dags/subdags/subdag.py for tasks to queue
[2020-12-20 04:48:08,545] {logging_mixin.py:103} INFO - [2020-12-20 04:48:08,545] {dagbag.py:440} INFO - Filling up the DagBag from /Users/harshittyagi/lil/de_env/lib/python3.8/site-packages/airflow/example_dags/subdags/subdag.py
[2020-12-20 04:48:08,546] {scheduler_job.py:641} WARNING - No viable dags retrieved from /Users/harshittyagi/lil/de_env/lib/python3.8/site-packages/airflow/example_dags/subdags/subdag.py
[2020-12-20 04:48:08,566] {scheduler_job.py:189} INFO - Processing /Users/harshittyagi/lil/de_env/lib/python3.8/site-packages/airflow/example_dags/subdags/subdag.py took 0.022 seconds
[2020-12-20 04:49:02,044] {scheduler_job.py:181} INFO - Started process (PID=56747) to work on /Users/harshittyagi/lil/de_env/lib/python3.8/site-packages/airflow/example_dags/subdags/subdag.py
[2020-12-20 04:49:02,044] {scheduler_job.py:629} INFO - Processing file /Users/harshittyagi/lil/de_env/lib/python3.8/site-packages/airflow/example_dags/subdags/subdag.py for tasks to queue
[2020-12-20 04:49:02,045] {logging_mixin.py:103} INFO - [2020-12-20 04:49:02,045] {dagbag.py:440} INFO - Filling up the DagBag from /Users/harshittyagi/lil/de_env/lib/python3.8/site-packages/airflow/example_dags/subdags/subdag.py
[2020-12-20 04:49:02,046] {scheduler_job.py:641} WARNING - No viable dags retrieved from /Users/harshittyagi/lil/de_env/lib/python3.8/site-packages/airflow/example_dags/subdags/subdag.py
[2020-12-20 04:49:02,066] {scheduler_job.py:189} INFO - Processing /Users/harshittyagi/lil/de_env/lib/python3.8/site-packages/airflow/example_dags/subdags/subdag.py took 0.022 seconds
[2020-12-20 04:49:55,814] {scheduler_job.py:181} INFO - Started process (PID=57030) to work on /Users/harshittyagi/lil/de_env/lib/python3.8/site-packages/airflow/example_dags/subdags/subdag.py
[2020-12-20 04:49:55,814] {scheduler_job.py:629} INFO - Processing file /Users/harshittyagi/lil/de_env/lib/python3.8/site-packages/airflow/example_dags/subdags/subdag.py for tasks to queue
[2020-12-20 04:49:55,814] {logging_mixin.py:103} INFO - [2020-12-20 04:49:55,814] {dagbag.py:440} INFO - Filling up the DagBag from /Users/harshittyagi/lil/de_env/lib/python3.8/site-packages/airflow/example_dags/subdags/subdag.py
[2020-12-20 04:49:55,816] {scheduler_job.py:641} WARNING - No viable dags retrieved from /Users/harshittyagi/lil/de_env/lib/python3.8/site-packages/airflow/example_dags/subdags/subdag.py
[2020-12-20 04:49:55,838] {scheduler_job.py:189} INFO - Processing /Users/harshittyagi/lil/de_env/lib/python3.8/site-packages/airflow/example_dags/subdags/subdag.py took 0.025 seconds
[2020-12-20 04:50:49,448] {scheduler_job.py:181} INFO - Started process (PID=57316) to work on /Users/harshittyagi/lil/de_env/lib/python3.8/site-packages/airflow/example_dags/subdags/subdag.py
[2020-12-20 04:50:49,448] {scheduler_job.py:629} INFO - Processing file /Users/harshittyagi/lil/de_env/lib/python3.8/site-packages/airflow/example_dags/subdags/subdag.py for tasks to queue
[2020-12-20 04:50:49,448] {logging_mixin.py:103} INFO - [2020-12-20 04:50:49,448] {dagbag.py:440} INFO - Filling up the DagBag from /Users/harshittyagi/lil/de_env/lib/python3.8/site-packages/airflow/example_dags/subdags/subdag.py
[2020-12-20 04:50:49,450] {scheduler_job.py:641} WARNING - No viable dags retrieved from /Users/harshittyagi/lil/de_env/lib/python3.8/site-packages/airflow/example_dags/subdags/subdag.py
[2020-12-20 04:50:49,478] {scheduler_job.py:189} INFO - Processing /Users/harshittyagi/lil/de_env/lib/python3.8/site-packages/airflow/example_dags/subdags/subdag.py took 0.031 seconds
[2020-12-20 04:51:42,131] {scheduler_job.py:181} INFO - Started process (PID=57600) to work on /Users/harshittyagi/lil/de_env/lib/python3.8/site-packages/airflow/example_dags/subdags/subdag.py
[2020-12-20 04:51:42,132] {scheduler_job.py:629} INFO - Processing file /Users/harshittyagi/lil/de_env/lib/python3.8/site-packages/airflow/example_dags/subdags/subdag.py for tasks to queue
[2020-12-20 04:51:42,132] {logging_mixin.py:103} INFO - [2020-12-20 04:51:42,132] {dagbag.py:440} INFO - Filling up the DagBag from /Users/harshittyagi/lil/de_env/lib/python3.8/site-packages/airflow/example_dags/subdags/subdag.py
[2020-12-20 04:51:42,133] {scheduler_job.py:641} WARNING - No viable dags retrieved from /Users/harshittyagi/lil/de_env/lib/python3.8/site-packages/airflow/example_dags/subdags/subdag.py
[2020-12-20 04:51:42,153] {scheduler_job.py:189} INFO - Processing /Users/harshittyagi/lil/de_env/lib/python3.8/site-packages/airflow/example_dags/subdags/subdag.py took 0.022 seconds
[2020-12-20 04:52:33,721] {scheduler_job.py:181} INFO - Started process (PID=57886) to work on /Users/harshittyagi/lil/de_env/lib/python3.8/site-packages/airflow/example_dags/subdags/subdag.py
[2020-12-20 04:52:33,721] {scheduler_job.py:629} INFO - Processing file /Users/harshittyagi/lil/de_env/lib/python3.8/site-packages/airflow/example_dags/subdags/subdag.py for tasks to queue
[2020-12-20 04:52:33,722] {logging_mixin.py:103} INFO - [2020-12-20 04:52:33,722] {dagbag.py:440} INFO - Filling up the DagBag from /Users/harshittyagi/lil/de_env/lib/python3.8/site-packages/airflow/example_dags/subdags/subdag.py
[2020-12-20 04:52:33,723] {scheduler_job.py:641} WARNING - No viable dags retrieved from /Users/harshittyagi/lil/de_env/lib/python3.8/site-packages/airflow/example_dags/subdags/subdag.py
[2020-12-20 04:52:33,747] {scheduler_job.py:189} INFO - Processing /Users/harshittyagi/lil/de_env/lib/python3.8/site-packages/airflow/example_dags/subdags/subdag.py took 0.026 seconds
[2020-12-20 04:53:27,809] {scheduler_job.py:181} INFO - Started process (PID=58172) to work on /Users/harshittyagi/lil/de_env/lib/python3.8/site-packages/airflow/example_dags/subdags/subdag.py
[2020-12-20 04:53:27,809] {scheduler_job.py:629} INFO - Processing file /Users/harshittyagi/lil/de_env/lib/python3.8/site-packages/airflow/example_dags/subdags/subdag.py for tasks to queue
[2020-12-20 04:53:27,809] {logging_mixin.py:103} INFO - [2020-12-20 04:53:27,809] {dagbag.py:440} INFO - Filling up the DagBag from /Users/harshittyagi/lil/de_env/lib/python3.8/site-packages/airflow/example_dags/subdags/subdag.py
[2020-12-20 04:53:27,811] {scheduler_job.py:641} WARNING - No viable dags retrieved from /Users/harshittyagi/lil/de_env/lib/python3.8/site-packages/airflow/example_dags/subdags/subdag.py
[2020-12-20 04:53:27,831] {scheduler_job.py:189} INFO - Processing /Users/harshittyagi/lil/de_env/lib/python3.8/site-packages/airflow/example_dags/subdags/subdag.py took 0.022 seconds
[2020-12-20 04:54:21,765] {scheduler_job.py:181} INFO - Started process (PID=58464) to work on /Users/harshittyagi/lil/de_env/lib/python3.8/site-packages/airflow/example_dags/subdags/subdag.py
[2020-12-20 04:54:21,765] {scheduler_job.py:629} INFO - Processing file /Users/harshittyagi/lil/de_env/lib/python3.8/site-packages/airflow/example_dags/subdags/subdag.py for tasks to queue
[2020-12-20 04:54:21,765] {logging_mixin.py:103} INFO - [2020-12-20 04:54:21,765] {dagbag.py:440} INFO - Filling up the DagBag from /Users/harshittyagi/lil/de_env/lib/python3.8/site-packages/airflow/example_dags/subdags/subdag.py
[2020-12-20 04:54:21,766] {scheduler_job.py:641} WARNING - No viable dags retrieved from /Users/harshittyagi/lil/de_env/lib/python3.8/site-packages/airflow/example_dags/subdags/subdag.py
[2020-12-20 04:54:21,787] {scheduler_job.py:189} INFO - Processing /Users/harshittyagi/lil/de_env/lib/python3.8/site-packages/airflow/example_dags/subdags/subdag.py took 0.022 seconds
[2020-12-20 04:55:16,108] {scheduler_job.py:181} INFO - Started process (PID=58749) to work on /Users/harshittyagi/lil/de_env/lib/python3.8/site-packages/airflow/example_dags/subdags/subdag.py
[2020-12-20 04:55:16,108] {scheduler_job.py:629} INFO - Processing file /Users/harshittyagi/lil/de_env/lib/python3.8/site-packages/airflow/example_dags/subdags/subdag.py for tasks to queue
[2020-12-20 04:55:16,108] {logging_mixin.py:103} INFO - [2020-12-20 04:55:16,108] {dagbag.py:440} INFO - Filling up the DagBag from /Users/harshittyagi/lil/de_env/lib/python3.8/site-packages/airflow/example_dags/subdags/subdag.py
[2020-12-20 04:55:16,110] {scheduler_job.py:641} WARNING - No viable dags retrieved from /Users/harshittyagi/lil/de_env/lib/python3.8/site-packages/airflow/example_dags/subdags/subdag.py
[2020-12-20 04:55:16,130] {scheduler_job.py:189} INFO - Processing /Users/harshittyagi/lil/de_env/lib/python3.8/site-packages/airflow/example_dags/subdags/subdag.py took 0.023 seconds
[2020-12-20 04:56:10,071] {scheduler_job.py:181} INFO - Started process (PID=59031) to work on /Users/harshittyagi/lil/de_env/lib/python3.8/site-packages/airflow/example_dags/subdags/subdag.py
[2020-12-20 04:56:10,071] {scheduler_job.py:629} INFO - Processing file /Users/harshittyagi/lil/de_env/lib/python3.8/site-packages/airflow/example_dags/subdags/subdag.py for tasks to queue
[2020-12-20 04:56:10,071] {logging_mixin.py:103} INFO - [2020-12-20 04:56:10,071] {dagbag.py:440} INFO - Filling up the DagBag from /Users/harshittyagi/lil/de_env/lib/python3.8/site-packages/airflow/example_dags/subdags/subdag.py
[2020-12-20 04:56:10,073] {scheduler_job.py:641} WARNING - No viable dags retrieved from /Users/harshittyagi/lil/de_env/lib/python3.8/site-packages/airflow/example_dags/subdags/subdag.py
[2020-12-20 04:56:10,092] {scheduler_job.py:189} INFO - Processing /Users/harshittyagi/lil/de_env/lib/python3.8/site-packages/airflow/example_dags/subdags/subdag.py took 0.022 seconds
[2020-12-20 04:57:04,010] {scheduler_job.py:181} INFO - Started process (PID=59313) to work on /Users/harshittyagi/lil/de_env/lib/python3.8/site-packages/airflow/example_dags/subdags/subdag.py
[2020-12-20 04:57:04,010] {scheduler_job.py:629} INFO - Processing file /Users/harshittyagi/lil/de_env/lib/python3.8/site-packages/airflow/example_dags/subdags/subdag.py for tasks to queue
[2020-12-20 04:57:04,011] {logging_mixin.py:103} INFO - [2020-12-20 04:57:04,011] {dagbag.py:440} INFO - Filling up the DagBag from /Users/harshittyagi/lil/de_env/lib/python3.8/site-packages/airflow/example_dags/subdags/subdag.py
[2020-12-20 04:57:04,012] {scheduler_job.py:641} WARNING - No viable dags retrieved from /Users/harshittyagi/lil/de_env/lib/python3.8/site-packages/airflow/example_dags/subdags/subdag.py
[2020-12-20 04:57:04,032] {scheduler_job.py:189} INFO - Processing /Users/harshittyagi/lil/de_env/lib/python3.8/site-packages/airflow/example_dags/subdags/subdag.py took 0.022 seconds
[2020-12-20 04:57:57,821] {scheduler_job.py:181} INFO - Started process (PID=59595) to work on /Users/harshittyagi/lil/de_env/lib/python3.8/site-packages/airflow/example_dags/subdags/subdag.py
[2020-12-20 04:57:57,821] {scheduler_job.py:629} INFO - Processing file /Users/harshittyagi/lil/de_env/lib/python3.8/site-packages/airflow/example_dags/subdags/subdag.py for tasks to queue
[2020-12-20 04:57:57,821] {logging_mixin.py:103} INFO - [2020-12-20 04:57:57,821] {dagbag.py:440} INFO - Filling up the DagBag from /Users/harshittyagi/lil/de_env/lib/python3.8/site-packages/airflow/example_dags/subdags/subdag.py
[2020-12-20 04:57:57,822] {scheduler_job.py:641} WARNING - No viable dags retrieved from /Users/harshittyagi/lil/de_env/lib/python3.8/site-packages/airflow/example_dags/subdags/subdag.py
[2020-12-20 04:57:57,844] {scheduler_job.py:189} INFO - Processing /Users/harshittyagi/lil/de_env/lib/python3.8/site-packages/airflow/example_dags/subdags/subdag.py took 0.023 seconds
[2020-12-20 04:58:51,694] {scheduler_job.py:181} INFO - Started process (PID=59878) to work on /Users/harshittyagi/lil/de_env/lib/python3.8/site-packages/airflow/example_dags/subdags/subdag.py
[2020-12-20 04:58:51,694] {scheduler_job.py:629} INFO - Processing file /Users/harshittyagi/lil/de_env/lib/python3.8/site-packages/airflow/example_dags/subdags/subdag.py for tasks to queue
[2020-12-20 04:58:51,694] {logging_mixin.py:103} INFO - [2020-12-20 04:58:51,694] {dagbag.py:440} INFO - Filling up the DagBag from /Users/harshittyagi/lil/de_env/lib/python3.8/site-packages/airflow/example_dags/subdags/subdag.py
[2020-12-20 04:58:51,696] {scheduler_job.py:641} WARNING - No viable dags retrieved from /Users/harshittyagi/lil/de_env/lib/python3.8/site-packages/airflow/example_dags/subdags/subdag.py
[2020-12-20 04:58:51,720] {scheduler_job.py:189} INFO - Processing /Users/harshittyagi/lil/de_env/lib/python3.8/site-packages/airflow/example_dags/subdags/subdag.py took 0.027 seconds
[2020-12-20 04:59:45,755] {scheduler_job.py:181} INFO - Started process (PID=60160) to work on /Users/harshittyagi/lil/de_env/lib/python3.8/site-packages/airflow/example_dags/subdags/subdag.py
[2020-12-20 04:59:45,756] {scheduler_job.py:629} INFO - Processing file /Users/harshittyagi/lil/de_env/lib/python3.8/site-packages/airflow/example_dags/subdags/subdag.py for tasks to queue
[2020-12-20 04:59:45,756] {logging_mixin.py:103} INFO - [2020-12-20 04:59:45,756] {dagbag.py:440} INFO - Filling up the DagBag from /Users/harshittyagi/lil/de_env/lib/python3.8/site-packages/airflow/example_dags/subdags/subdag.py
[2020-12-20 04:59:45,757] {scheduler_job.py:641} WARNING - No viable dags retrieved from /Users/harshittyagi/lil/de_env/lib/python3.8/site-packages/airflow/example_dags/subdags/subdag.py
[2020-12-20 04:59:45,777] {scheduler_job.py:189} INFO - Processing /Users/harshittyagi/lil/de_env/lib/python3.8/site-packages/airflow/example_dags/subdags/subdag.py took 0.022 seconds
[2020-12-20 05:00:39,649] {scheduler_job.py:181} INFO - Started process (PID=60447) to work on /Users/harshittyagi/lil/de_env/lib/python3.8/site-packages/airflow/example_dags/subdags/subdag.py
[2020-12-20 05:00:39,650] {scheduler_job.py:629} INFO - Processing file /Users/harshittyagi/lil/de_env/lib/python3.8/site-packages/airflow/example_dags/subdags/subdag.py for tasks to queue
[2020-12-20 05:00:39,651] {logging_mixin.py:103} INFO - [2020-12-20 05:00:39,651] {dagbag.py:440} INFO - Filling up the DagBag from /Users/harshittyagi/lil/de_env/lib/python3.8/site-packages/airflow/example_dags/subdags/subdag.py
[2020-12-20 05:00:39,652] {scheduler_job.py:641} WARNING - No viable dags retrieved from /Users/harshittyagi/lil/de_env/lib/python3.8/site-packages/airflow/example_dags/subdags/subdag.py
[2020-12-20 05:00:39,676] {scheduler_job.py:189} INFO - Processing /Users/harshittyagi/lil/de_env/lib/python3.8/site-packages/airflow/example_dags/subdags/subdag.py took 0.027 seconds
[2020-12-20 05:01:33,460] {scheduler_job.py:181} INFO - Started process (PID=60729) to work on /Users/harshittyagi/lil/de_env/lib/python3.8/site-packages/airflow/example_dags/subdags/subdag.py
[2020-12-20 05:01:33,461] {scheduler_job.py:629} INFO - Processing file /Users/harshittyagi/lil/de_env/lib/python3.8/site-packages/airflow/example_dags/subdags/subdag.py for tasks to queue
[2020-12-20 05:01:33,461] {logging_mixin.py:103} INFO - [2020-12-20 05:01:33,461] {dagbag.py:440} INFO - Filling up the DagBag from /Users/harshittyagi/lil/de_env/lib/python3.8/site-packages/airflow/example_dags/subdags/subdag.py
[2020-12-20 05:01:33,462] {scheduler_job.py:641} WARNING - No viable dags retrieved from /Users/harshittyagi/lil/de_env/lib/python3.8/site-packages/airflow/example_dags/subdags/subdag.py
[2020-12-20 05:01:33,481] {scheduler_job.py:189} INFO - Processing /Users/harshittyagi/lil/de_env/lib/python3.8/site-packages/airflow/example_dags/subdags/subdag.py took 0.021 seconds
[2020-12-20 05:02:25,484] {scheduler_job.py:181} INFO - Started process (PID=61022) to work on /Users/harshittyagi/lil/de_env/lib/python3.8/site-packages/airflow/example_dags/subdags/subdag.py
[2020-12-20 05:02:25,485] {scheduler_job.py:629} INFO - Processing file /Users/harshittyagi/lil/de_env/lib/python3.8/site-packages/airflow/example_dags/subdags/subdag.py for tasks to queue
[2020-12-20 05:02:25,485] {logging_mixin.py:103} INFO - [2020-12-20 05:02:25,485] {dagbag.py:440} INFO - Filling up the DagBag from /Users/harshittyagi/lil/de_env/lib/python3.8/site-packages/airflow/example_dags/subdags/subdag.py
[2020-12-20 05:02:25,486] {scheduler_job.py:641} WARNING - No viable dags retrieved from /Users/harshittyagi/lil/de_env/lib/python3.8/site-packages/airflow/example_dags/subdags/subdag.py
[2020-12-20 05:02:25,511] {scheduler_job.py:189} INFO - Processing /Users/harshittyagi/lil/de_env/lib/python3.8/site-packages/airflow/example_dags/subdags/subdag.py took 0.027 seconds
[2020-12-20 05:03:19,526] {scheduler_job.py:181} INFO - Started process (PID=61305) to work on /Users/harshittyagi/lil/de_env/lib/python3.8/site-packages/airflow/example_dags/subdags/subdag.py
[2020-12-20 05:03:19,526] {scheduler_job.py:629} INFO - Processing file /Users/harshittyagi/lil/de_env/lib/python3.8/site-packages/airflow/example_dags/subdags/subdag.py for tasks to queue
[2020-12-20 05:03:19,527] {logging_mixin.py:103} INFO - [2020-12-20 05:03:19,526] {dagbag.py:440} INFO - Filling up the DagBag from /Users/harshittyagi/lil/de_env/lib/python3.8/site-packages/airflow/example_dags/subdags/subdag.py
[2020-12-20 05:03:19,528] {scheduler_job.py:641} WARNING - No viable dags retrieved from /Users/harshittyagi/lil/de_env/lib/python3.8/site-packages/airflow/example_dags/subdags/subdag.py
[2020-12-20 05:03:19,554] {scheduler_job.py:189} INFO - Processing /Users/harshittyagi/lil/de_env/lib/python3.8/site-packages/airflow/example_dags/subdags/subdag.py took 0.029 seconds
[2020-12-20 05:04:13,740] {scheduler_job.py:181} INFO - Started process (PID=61591) to work on /Users/harshittyagi/lil/de_env/lib/python3.8/site-packages/airflow/example_dags/subdags/subdag.py
[2020-12-20 05:04:13,741] {scheduler_job.py:629} INFO - Processing file /Users/harshittyagi/lil/de_env/lib/python3.8/site-packages/airflow/example_dags/subdags/subdag.py for tasks to queue
[2020-12-20 05:04:13,741] {logging_mixin.py:103} INFO - [2020-12-20 05:04:13,741] {dagbag.py:440} INFO - Filling up the DagBag from /Users/harshittyagi/lil/de_env/lib/python3.8/site-packages/airflow/example_dags/subdags/subdag.py
[2020-12-20 05:04:13,742] {scheduler_job.py:641} WARNING - No viable dags retrieved from /Users/harshittyagi/lil/de_env/lib/python3.8/site-packages/airflow/example_dags/subdags/subdag.py
[2020-12-20 05:04:13,765] {scheduler_job.py:189} INFO - Processing /Users/harshittyagi/lil/de_env/lib/python3.8/site-packages/airflow/example_dags/subdags/subdag.py took 0.025 seconds
[2020-12-20 05:05:07,388] {scheduler_job.py:181} INFO - Started process (PID=61872) to work on /Users/harshittyagi/lil/de_env/lib/python3.8/site-packages/airflow/example_dags/subdags/subdag.py
[2020-12-20 05:05:07,388] {scheduler_job.py:629} INFO - Processing file /Users/harshittyagi/lil/de_env/lib/python3.8/site-packages/airflow/example_dags/subdags/subdag.py for tasks to queue
[2020-12-20 05:05:07,388] {logging_mixin.py:103} INFO - [2020-12-20 05:05:07,388] {dagbag.py:440} INFO - Filling up the DagBag from /Users/harshittyagi/lil/de_env/lib/python3.8/site-packages/airflow/example_dags/subdags/subdag.py
[2020-12-20 05:05:07,389] {scheduler_job.py:641} WARNING - No viable dags retrieved from /Users/harshittyagi/lil/de_env/lib/python3.8/site-packages/airflow/example_dags/subdags/subdag.py
[2020-12-20 05:05:07,411] {scheduler_job.py:189} INFO - Processing /Users/harshittyagi/lil/de_env/lib/python3.8/site-packages/airflow/example_dags/subdags/subdag.py took 0.024 seconds
[2020-12-20 05:06:01,534] {scheduler_job.py:181} INFO - Started process (PID=62160) to work on /Users/harshittyagi/lil/de_env/lib/python3.8/site-packages/airflow/example_dags/subdags/subdag.py
[2020-12-20 05:06:01,534] {scheduler_job.py:629} INFO - Processing file /Users/harshittyagi/lil/de_env/lib/python3.8/site-packages/airflow/example_dags/subdags/subdag.py for tasks to queue
[2020-12-20 05:06:01,535] {logging_mixin.py:103} INFO - [2020-12-20 05:06:01,535] {dagbag.py:440} INFO - Filling up the DagBag from /Users/harshittyagi/lil/de_env/lib/python3.8/site-packages/airflow/example_dags/subdags/subdag.py
[2020-12-20 05:06:01,536] {scheduler_job.py:641} WARNING - No viable dags retrieved from /Users/harshittyagi/lil/de_env/lib/python3.8/site-packages/airflow/example_dags/subdags/subdag.py
[2020-12-20 05:06:01,556] {scheduler_job.py:189} INFO - Processing /Users/harshittyagi/lil/de_env/lib/python3.8/site-packages/airflow/example_dags/subdags/subdag.py took 0.022 seconds
[2020-12-20 05:06:55,182] {scheduler_job.py:181} INFO - Started process (PID=62443) to work on /Users/harshittyagi/lil/de_env/lib/python3.8/site-packages/airflow/example_dags/subdags/subdag.py
[2020-12-20 05:06:55,182] {scheduler_job.py:629} INFO - Processing file /Users/harshittyagi/lil/de_env/lib/python3.8/site-packages/airflow/example_dags/subdags/subdag.py for tasks to queue
[2020-12-20 05:06:55,183] {logging_mixin.py:103} INFO - [2020-12-20 05:06:55,182] {dagbag.py:440} INFO - Filling up the DagBag from /Users/harshittyagi/lil/de_env/lib/python3.8/site-packages/airflow/example_dags/subdags/subdag.py
[2020-12-20 05:06:55,184] {scheduler_job.py:641} WARNING - No viable dags retrieved from /Users/harshittyagi/lil/de_env/lib/python3.8/site-packages/airflow/example_dags/subdags/subdag.py
[2020-12-20 05:06:55,204] {scheduler_job.py:189} INFO - Processing /Users/harshittyagi/lil/de_env/lib/python3.8/site-packages/airflow/example_dags/subdags/subdag.py took 0.022 seconds
[2020-12-20 05:07:49,419] {scheduler_job.py:181} INFO - Started process (PID=62731) to work on /Users/harshittyagi/lil/de_env/lib/python3.8/site-packages/airflow/example_dags/subdags/subdag.py
[2020-12-20 05:07:49,419] {scheduler_job.py:629} INFO - Processing file /Users/harshittyagi/lil/de_env/lib/python3.8/site-packages/airflow/example_dags/subdags/subdag.py for tasks to queue
[2020-12-20 05:07:49,420] {logging_mixin.py:103} INFO - [2020-12-20 05:07:49,419] {dagbag.py:440} INFO - Filling up the DagBag from /Users/harshittyagi/lil/de_env/lib/python3.8/site-packages/airflow/example_dags/subdags/subdag.py
[2020-12-20 05:07:49,421] {scheduler_job.py:641} WARNING - No viable dags retrieved from /Users/harshittyagi/lil/de_env/lib/python3.8/site-packages/airflow/example_dags/subdags/subdag.py
[2020-12-20 05:07:49,441] {scheduler_job.py:189} INFO - Processing /Users/harshittyagi/lil/de_env/lib/python3.8/site-packages/airflow/example_dags/subdags/subdag.py took 0.023 seconds
[2020-12-20 05:08:44,065] {scheduler_job.py:181} INFO - Started process (PID=63016) to work on /Users/harshittyagi/lil/de_env/lib/python3.8/site-packages/airflow/example_dags/subdags/subdag.py
[2020-12-20 05:08:44,065] {scheduler_job.py:629} INFO - Processing file /Users/harshittyagi/lil/de_env/lib/python3.8/site-packages/airflow/example_dags/subdags/subdag.py for tasks to queue
[2020-12-20 05:08:44,065] {logging_mixin.py:103} INFO - [2020-12-20 05:08:44,065] {dagbag.py:440} INFO - Filling up the DagBag from /Users/harshittyagi/lil/de_env/lib/python3.8/site-packages/airflow/example_dags/subdags/subdag.py
[2020-12-20 05:08:44,066] {scheduler_job.py:641} WARNING - No viable dags retrieved from /Users/harshittyagi/lil/de_env/lib/python3.8/site-packages/airflow/example_dags/subdags/subdag.py
[2020-12-20 05:08:44,086] {scheduler_job.py:189} INFO - Processing /Users/harshittyagi/lil/de_env/lib/python3.8/site-packages/airflow/example_dags/subdags/subdag.py took 0.021 seconds
[2020-12-20 05:09:38,459] {scheduler_job.py:181} INFO - Started process (PID=63303) to work on /Users/harshittyagi/lil/de_env/lib/python3.8/site-packages/airflow/example_dags/subdags/subdag.py
[2020-12-20 05:09:38,459] {scheduler_job.py:629} INFO - Processing file /Users/harshittyagi/lil/de_env/lib/python3.8/site-packages/airflow/example_dags/subdags/subdag.py for tasks to queue
[2020-12-20 05:09:38,459] {logging_mixin.py:103} INFO - [2020-12-20 05:09:38,459] {dagbag.py:440} INFO - Filling up the DagBag from /Users/harshittyagi/lil/de_env/lib/python3.8/site-packages/airflow/example_dags/subdags/subdag.py
[2020-12-20 05:09:38,462] {scheduler_job.py:641} WARNING - No viable dags retrieved from /Users/harshittyagi/lil/de_env/lib/python3.8/site-packages/airflow/example_dags/subdags/subdag.py
[2020-12-20 05:09:38,486] {scheduler_job.py:189} INFO - Processing /Users/harshittyagi/lil/de_env/lib/python3.8/site-packages/airflow/example_dags/subdags/subdag.py took 0.028 seconds
[2020-12-20 05:10:32,548] {scheduler_job.py:181} INFO - Started process (PID=63589) to work on /Users/harshittyagi/lil/de_env/lib/python3.8/site-packages/airflow/example_dags/subdags/subdag.py
[2020-12-20 05:10:32,548] {scheduler_job.py:629} INFO - Processing file /Users/harshittyagi/lil/de_env/lib/python3.8/site-packages/airflow/example_dags/subdags/subdag.py for tasks to queue
[2020-12-20 05:10:32,548] {logging_mixin.py:103} INFO - [2020-12-20 05:10:32,548] {dagbag.py:440} INFO - Filling up the DagBag from /Users/harshittyagi/lil/de_env/lib/python3.8/site-packages/airflow/example_dags/subdags/subdag.py
[2020-12-20 05:10:32,549] {scheduler_job.py:641} WARNING - No viable dags retrieved from /Users/harshittyagi/lil/de_env/lib/python3.8/site-packages/airflow/example_dags/subdags/subdag.py
[2020-12-20 05:10:32,571] {scheduler_job.py:189} INFO - Processing /Users/harshittyagi/lil/de_env/lib/python3.8/site-packages/airflow/example_dags/subdags/subdag.py took 0.024 seconds
[2020-12-20 05:11:26,658] {scheduler_job.py:181} INFO - Started process (PID=63874) to work on /Users/harshittyagi/lil/de_env/lib/python3.8/site-packages/airflow/example_dags/subdags/subdag.py
[2020-12-20 05:11:26,659] {scheduler_job.py:629} INFO - Processing file /Users/harshittyagi/lil/de_env/lib/python3.8/site-packages/airflow/example_dags/subdags/subdag.py for tasks to queue
[2020-12-20 05:11:26,659] {logging_mixin.py:103} INFO - [2020-12-20 05:11:26,659] {dagbag.py:440} INFO - Filling up the DagBag from /Users/harshittyagi/lil/de_env/lib/python3.8/site-packages/airflow/example_dags/subdags/subdag.py
[2020-12-20 05:11:26,660] {scheduler_job.py:641} WARNING - No viable dags retrieved from /Users/harshittyagi/lil/de_env/lib/python3.8/site-packages/airflow/example_dags/subdags/subdag.py
[2020-12-20 05:11:26,680] {scheduler_job.py:189} INFO - Processing /Users/harshittyagi/lil/de_env/lib/python3.8/site-packages/airflow/example_dags/subdags/subdag.py took 0.022 seconds
[2020-12-20 05:12:18,078] {scheduler_job.py:181} INFO - Started process (PID=64156) to work on /Users/harshittyagi/lil/de_env/lib/python3.8/site-packages/airflow/example_dags/subdags/subdag.py
[2020-12-20 05:12:18,078] {scheduler_job.py:629} INFO - Processing file /Users/harshittyagi/lil/de_env/lib/python3.8/site-packages/airflow/example_dags/subdags/subdag.py for tasks to queue
[2020-12-20 05:12:18,079] {logging_mixin.py:103} INFO - [2020-12-20 05:12:18,078] {dagbag.py:440} INFO - Filling up the DagBag from /Users/harshittyagi/lil/de_env/lib/python3.8/site-packages/airflow/example_dags/subdags/subdag.py
[2020-12-20 05:12:18,080] {scheduler_job.py:641} WARNING - No viable dags retrieved from /Users/harshittyagi/lil/de_env/lib/python3.8/site-packages/airflow/example_dags/subdags/subdag.py
[2020-12-20 05:12:18,100] {scheduler_job.py:189} INFO - Processing /Users/harshittyagi/lil/de_env/lib/python3.8/site-packages/airflow/example_dags/subdags/subdag.py took 0.022 seconds
[2020-12-20 05:13:11,915] {scheduler_job.py:181} INFO - Started process (PID=64439) to work on /Users/harshittyagi/lil/de_env/lib/python3.8/site-packages/airflow/example_dags/subdags/subdag.py
[2020-12-20 05:13:11,916] {scheduler_job.py:629} INFO - Processing file /Users/harshittyagi/lil/de_env/lib/python3.8/site-packages/airflow/example_dags/subdags/subdag.py for tasks to queue
[2020-12-20 05:13:11,916] {logging_mixin.py:103} INFO - [2020-12-20 05:13:11,916] {dagbag.py:440} INFO - Filling up the DagBag from /Users/harshittyagi/lil/de_env/lib/python3.8/site-packages/airflow/example_dags/subdags/subdag.py
[2020-12-20 05:13:11,917] {scheduler_job.py:641} WARNING - No viable dags retrieved from /Users/harshittyagi/lil/de_env/lib/python3.8/site-packages/airflow/example_dags/subdags/subdag.py
[2020-12-20 05:13:11,937] {scheduler_job.py:189} INFO - Processing /Users/harshittyagi/lil/de_env/lib/python3.8/site-packages/airflow/example_dags/subdags/subdag.py took 0.022 seconds
[2020-12-20 05:14:05,760] {scheduler_job.py:181} INFO - Started process (PID=64723) to work on /Users/harshittyagi/lil/de_env/lib/python3.8/site-packages/airflow/example_dags/subdags/subdag.py
[2020-12-20 05:14:05,760] {scheduler_job.py:629} INFO - Processing file /Users/harshittyagi/lil/de_env/lib/python3.8/site-packages/airflow/example_dags/subdags/subdag.py for tasks to queue
[2020-12-20 05:14:05,761] {logging_mixin.py:103} INFO - [2020-12-20 05:14:05,761] {dagbag.py:440} INFO - Filling up the DagBag from /Users/harshittyagi/lil/de_env/lib/python3.8/site-packages/airflow/example_dags/subdags/subdag.py
[2020-12-20 05:14:05,762] {scheduler_job.py:641} WARNING - No viable dags retrieved from /Users/harshittyagi/lil/de_env/lib/python3.8/site-packages/airflow/example_dags/subdags/subdag.py
[2020-12-20 05:14:05,786] {scheduler_job.py:189} INFO - Processing /Users/harshittyagi/lil/de_env/lib/python3.8/site-packages/airflow/example_dags/subdags/subdag.py took 0.026 seconds
[2020-12-20 05:14:59,951] {scheduler_job.py:181} INFO - Started process (PID=65008) to work on /Users/harshittyagi/lil/de_env/lib/python3.8/site-packages/airflow/example_dags/subdags/subdag.py
[2020-12-20 05:14:59,951] {scheduler_job.py:629} INFO - Processing file /Users/harshittyagi/lil/de_env/lib/python3.8/site-packages/airflow/example_dags/subdags/subdag.py for tasks to queue
[2020-12-20 05:14:59,952] {logging_mixin.py:103} INFO - [2020-12-20 05:14:59,952] {dagbag.py:440} INFO - Filling up the DagBag from /Users/harshittyagi/lil/de_env/lib/python3.8/site-packages/airflow/example_dags/subdags/subdag.py
[2020-12-20 05:14:59,953] {scheduler_job.py:641} WARNING - No viable dags retrieved from /Users/harshittyagi/lil/de_env/lib/python3.8/site-packages/airflow/example_dags/subdags/subdag.py
[2020-12-20 05:14:59,973] {scheduler_job.py:189} INFO - Processing /Users/harshittyagi/lil/de_env/lib/python3.8/site-packages/airflow/example_dags/subdags/subdag.py took 0.022 seconds
[2020-12-20 05:15:50,433] {scheduler_job.py:181} INFO - Started process (PID=65292) to work on /Users/harshittyagi/lil/de_env/lib/python3.8/site-packages/airflow/example_dags/subdags/subdag.py
[2020-12-20 05:15:50,433] {scheduler_job.py:629} INFO - Processing file /Users/harshittyagi/lil/de_env/lib/python3.8/site-packages/airflow/example_dags/subdags/subdag.py for tasks to queue
[2020-12-20 05:15:50,434] {logging_mixin.py:103} INFO - [2020-12-20 05:15:50,434] {dagbag.py:440} INFO - Filling up the DagBag from /Users/harshittyagi/lil/de_env/lib/python3.8/site-packages/airflow/example_dags/subdags/subdag.py
[2020-12-20 05:15:50,435] {scheduler_job.py:641} WARNING - No viable dags retrieved from /Users/harshittyagi/lil/de_env/lib/python3.8/site-packages/airflow/example_dags/subdags/subdag.py
[2020-12-20 05:15:50,455] {scheduler_job.py:189} INFO - Processing /Users/harshittyagi/lil/de_env/lib/python3.8/site-packages/airflow/example_dags/subdags/subdag.py took 0.022 seconds
[2020-12-20 05:16:44,662] {scheduler_job.py:181} INFO - Started process (PID=65575) to work on /Users/harshittyagi/lil/de_env/lib/python3.8/site-packages/airflow/example_dags/subdags/subdag.py
[2020-12-20 05:16:44,662] {scheduler_job.py:629} INFO - Processing file /Users/harshittyagi/lil/de_env/lib/python3.8/site-packages/airflow/example_dags/subdags/subdag.py for tasks to queue
[2020-12-20 05:16:44,662] {logging_mixin.py:103} INFO - [2020-12-20 05:16:44,662] {dagbag.py:440} INFO - Filling up the DagBag from /Users/harshittyagi/lil/de_env/lib/python3.8/site-packages/airflow/example_dags/subdags/subdag.py
[2020-12-20 05:16:44,663] {scheduler_job.py:641} WARNING - No viable dags retrieved from /Users/harshittyagi/lil/de_env/lib/python3.8/site-packages/airflow/example_dags/subdags/subdag.py
[2020-12-20 05:16:44,683] {scheduler_job.py:189} INFO - Processing /Users/harshittyagi/lil/de_env/lib/python3.8/site-packages/airflow/example_dags/subdags/subdag.py took 0.022 seconds
[2020-12-20 05:17:38,441] {scheduler_job.py:181} INFO - Started process (PID=65861) to work on /Users/harshittyagi/lil/de_env/lib/python3.8/site-packages/airflow/example_dags/subdags/subdag.py
[2020-12-20 05:17:38,442] {scheduler_job.py:629} INFO - Processing file /Users/harshittyagi/lil/de_env/lib/python3.8/site-packages/airflow/example_dags/subdags/subdag.py for tasks to queue
[2020-12-20 05:17:38,442] {logging_mixin.py:103} INFO - [2020-12-20 05:17:38,442] {dagbag.py:440} INFO - Filling up the DagBag from /Users/harshittyagi/lil/de_env/lib/python3.8/site-packages/airflow/example_dags/subdags/subdag.py
[2020-12-20 05:17:38,443] {scheduler_job.py:641} WARNING - No viable dags retrieved from /Users/harshittyagi/lil/de_env/lib/python3.8/site-packages/airflow/example_dags/subdags/subdag.py
[2020-12-20 05:17:38,462] {scheduler_job.py:189} INFO - Processing /Users/harshittyagi/lil/de_env/lib/python3.8/site-packages/airflow/example_dags/subdags/subdag.py took 0.021 seconds
[2020-12-20 05:18:34,347] {scheduler_job.py:181} INFO - Started process (PID=66146) to work on /Users/harshittyagi/lil/de_env/lib/python3.8/site-packages/airflow/example_dags/subdags/subdag.py
[2020-12-20 05:18:34,347] {scheduler_job.py:629} INFO - Processing file /Users/harshittyagi/lil/de_env/lib/python3.8/site-packages/airflow/example_dags/subdags/subdag.py for tasks to queue
[2020-12-20 05:18:34,348] {logging_mixin.py:103} INFO - [2020-12-20 05:18:34,348] {dagbag.py:440} INFO - Filling up the DagBag from /Users/harshittyagi/lil/de_env/lib/python3.8/site-packages/airflow/example_dags/subdags/subdag.py
[2020-12-20 05:18:34,349] {scheduler_job.py:641} WARNING - No viable dags retrieved from /Users/harshittyagi/lil/de_env/lib/python3.8/site-packages/airflow/example_dags/subdags/subdag.py
[2020-12-20 05:18:34,374] {scheduler_job.py:189} INFO - Processing /Users/harshittyagi/lil/de_env/lib/python3.8/site-packages/airflow/example_dags/subdags/subdag.py took 0.028 seconds
[2020-12-20 05:19:28,246] {scheduler_job.py:181} INFO - Started process (PID=66428) to work on /Users/harshittyagi/lil/de_env/lib/python3.8/site-packages/airflow/example_dags/subdags/subdag.py
[2020-12-20 05:19:28,246] {scheduler_job.py:629} INFO - Processing file /Users/harshittyagi/lil/de_env/lib/python3.8/site-packages/airflow/example_dags/subdags/subdag.py for tasks to queue
[2020-12-20 05:19:28,247] {logging_mixin.py:103} INFO - [2020-12-20 05:19:28,246] {dagbag.py:440} INFO - Filling up the DagBag from /Users/harshittyagi/lil/de_env/lib/python3.8/site-packages/airflow/example_dags/subdags/subdag.py
[2020-12-20 05:19:28,248] {scheduler_job.py:641} WARNING - No viable dags retrieved from /Users/harshittyagi/lil/de_env/lib/python3.8/site-packages/airflow/example_dags/subdags/subdag.py
[2020-12-20 05:19:28,267] {scheduler_job.py:189} INFO - Processing /Users/harshittyagi/lil/de_env/lib/python3.8/site-packages/airflow/example_dags/subdags/subdag.py took 0.022 seconds
[2020-12-20 05:20:25,538] {scheduler_job.py:181} INFO - Started process (PID=66730) to work on /Users/harshittyagi/lil/de_env/lib/python3.8/site-packages/airflow/example_dags/subdags/subdag.py
[2020-12-20 05:20:25,539] {scheduler_job.py:629} INFO - Processing file /Users/harshittyagi/lil/de_env/lib/python3.8/site-packages/airflow/example_dags/subdags/subdag.py for tasks to queue
[2020-12-20 05:20:25,539] {logging_mixin.py:103} INFO - [2020-12-20 05:20:25,539] {dagbag.py:440} INFO - Filling up the DagBag from /Users/harshittyagi/lil/de_env/lib/python3.8/site-packages/airflow/example_dags/subdags/subdag.py
[2020-12-20 05:20:25,540] {scheduler_job.py:641} WARNING - No viable dags retrieved from /Users/harshittyagi/lil/de_env/lib/python3.8/site-packages/airflow/example_dags/subdags/subdag.py
[2020-12-20 05:20:25,560] {scheduler_job.py:189} INFO - Processing /Users/harshittyagi/lil/de_env/lib/python3.8/site-packages/airflow/example_dags/subdags/subdag.py took 0.022 seconds
[2020-12-20 05:21:20,913] {scheduler_job.py:181} INFO - Started process (PID=67015) to work on /Users/harshittyagi/lil/de_env/lib/python3.8/site-packages/airflow/example_dags/subdags/subdag.py
[2020-12-20 05:21:20,914] {scheduler_job.py:629} INFO - Processing file /Users/harshittyagi/lil/de_env/lib/python3.8/site-packages/airflow/example_dags/subdags/subdag.py for tasks to queue
[2020-12-20 05:21:20,914] {logging_mixin.py:103} INFO - [2020-12-20 05:21:20,914] {dagbag.py:440} INFO - Filling up the DagBag from /Users/harshittyagi/lil/de_env/lib/python3.8/site-packages/airflow/example_dags/subdags/subdag.py
[2020-12-20 05:21:20,915] {scheduler_job.py:641} WARNING - No viable dags retrieved from /Users/harshittyagi/lil/de_env/lib/python3.8/site-packages/airflow/example_dags/subdags/subdag.py
[2020-12-20 05:21:20,939] {scheduler_job.py:189} INFO - Processing /Users/harshittyagi/lil/de_env/lib/python3.8/site-packages/airflow/example_dags/subdags/subdag.py took 0.026 seconds
[2020-12-20 05:22:16,097] {scheduler_job.py:181} INFO - Started process (PID=67300) to work on /Users/harshittyagi/lil/de_env/lib/python3.8/site-packages/airflow/example_dags/subdags/subdag.py
[2020-12-20 05:22:16,097] {scheduler_job.py:629} INFO - Processing file /Users/harshittyagi/lil/de_env/lib/python3.8/site-packages/airflow/example_dags/subdags/subdag.py for tasks to queue
[2020-12-20 05:22:16,098] {logging_mixin.py:103} INFO - [2020-12-20 05:22:16,098] {dagbag.py:440} INFO - Filling up the DagBag from /Users/harshittyagi/lil/de_env/lib/python3.8/site-packages/airflow/example_dags/subdags/subdag.py
[2020-12-20 05:22:16,099] {scheduler_job.py:641} WARNING - No viable dags retrieved from /Users/harshittyagi/lil/de_env/lib/python3.8/site-packages/airflow/example_dags/subdags/subdag.py
[2020-12-20 05:22:16,122] {scheduler_job.py:189} INFO - Processing /Users/harshittyagi/lil/de_env/lib/python3.8/site-packages/airflow/example_dags/subdags/subdag.py took 0.025 seconds
[2020-12-20 05:23:11,188] {scheduler_job.py:181} INFO - Started process (PID=67586) to work on /Users/harshittyagi/lil/de_env/lib/python3.8/site-packages/airflow/example_dags/subdags/subdag.py
[2020-12-20 05:23:11,188] {scheduler_job.py:629} INFO - Processing file /Users/harshittyagi/lil/de_env/lib/python3.8/site-packages/airflow/example_dags/subdags/subdag.py for tasks to queue
[2020-12-20 05:23:11,189] {logging_mixin.py:103} INFO - [2020-12-20 05:23:11,189] {dagbag.py:440} INFO - Filling up the DagBag from /Users/harshittyagi/lil/de_env/lib/python3.8/site-packages/airflow/example_dags/subdags/subdag.py
[2020-12-20 05:23:11,190] {scheduler_job.py:641} WARNING - No viable dags retrieved from /Users/harshittyagi/lil/de_env/lib/python3.8/site-packages/airflow/example_dags/subdags/subdag.py
[2020-12-20 05:23:11,214] {scheduler_job.py:189} INFO - Processing /Users/harshittyagi/lil/de_env/lib/python3.8/site-packages/airflow/example_dags/subdags/subdag.py took 0.027 seconds
[2020-12-20 05:24:06,284] {scheduler_job.py:181} INFO - Started process (PID=67876) to work on /Users/harshittyagi/lil/de_env/lib/python3.8/site-packages/airflow/example_dags/subdags/subdag.py
[2020-12-20 05:24:06,284] {scheduler_job.py:629} INFO - Processing file /Users/harshittyagi/lil/de_env/lib/python3.8/site-packages/airflow/example_dags/subdags/subdag.py for tasks to queue
[2020-12-20 05:24:06,285] {logging_mixin.py:103} INFO - [2020-12-20 05:24:06,284] {dagbag.py:440} INFO - Filling up the DagBag from /Users/harshittyagi/lil/de_env/lib/python3.8/site-packages/airflow/example_dags/subdags/subdag.py
[2020-12-20 05:24:06,286] {scheduler_job.py:641} WARNING - No viable dags retrieved from /Users/harshittyagi/lil/de_env/lib/python3.8/site-packages/airflow/example_dags/subdags/subdag.py
[2020-12-20 05:24:06,310] {scheduler_job.py:189} INFO - Processing /Users/harshittyagi/lil/de_env/lib/python3.8/site-packages/airflow/example_dags/subdags/subdag.py took 0.026 seconds
[2020-12-20 05:25:01,398] {scheduler_job.py:181} INFO - Started process (PID=68162) to work on /Users/harshittyagi/lil/de_env/lib/python3.8/site-packages/airflow/example_dags/subdags/subdag.py
[2020-12-20 05:25:01,398] {scheduler_job.py:629} INFO - Processing file /Users/harshittyagi/lil/de_env/lib/python3.8/site-packages/airflow/example_dags/subdags/subdag.py for tasks to queue
[2020-12-20 05:25:01,398] {logging_mixin.py:103} INFO - [2020-12-20 05:25:01,398] {dagbag.py:440} INFO - Filling up the DagBag from /Users/harshittyagi/lil/de_env/lib/python3.8/site-packages/airflow/example_dags/subdags/subdag.py
[2020-12-20 05:25:01,400] {scheduler_job.py:641} WARNING - No viable dags retrieved from /Users/harshittyagi/lil/de_env/lib/python3.8/site-packages/airflow/example_dags/subdags/subdag.py
[2020-12-20 05:25:01,423] {scheduler_job.py:189} INFO - Processing /Users/harshittyagi/lil/de_env/lib/python3.8/site-packages/airflow/example_dags/subdags/subdag.py took 0.025 seconds
[2020-12-20 05:25:56,830] {scheduler_job.py:181} INFO - Started process (PID=68448) to work on /Users/harshittyagi/lil/de_env/lib/python3.8/site-packages/airflow/example_dags/subdags/subdag.py
[2020-12-20 05:25:56,831] {scheduler_job.py:629} INFO - Processing file /Users/harshittyagi/lil/de_env/lib/python3.8/site-packages/airflow/example_dags/subdags/subdag.py for tasks to queue
[2020-12-20 05:25:56,831] {logging_mixin.py:103} INFO - [2020-12-20 05:25:56,831] {dagbag.py:440} INFO - Filling up the DagBag from /Users/harshittyagi/lil/de_env/lib/python3.8/site-packages/airflow/example_dags/subdags/subdag.py
[2020-12-20 05:25:56,832] {scheduler_job.py:641} WARNING - No viable dags retrieved from /Users/harshittyagi/lil/de_env/lib/python3.8/site-packages/airflow/example_dags/subdags/subdag.py
[2020-12-20 05:25:56,856] {scheduler_job.py:189} INFO - Processing /Users/harshittyagi/lil/de_env/lib/python3.8/site-packages/airflow/example_dags/subdags/subdag.py took 0.026 seconds
[2020-12-20 05:26:51,728] {scheduler_job.py:181} INFO - Started process (PID=68730) to work on /Users/harshittyagi/lil/de_env/lib/python3.8/site-packages/airflow/example_dags/subdags/subdag.py
[2020-12-20 05:26:51,729] {scheduler_job.py:629} INFO - Processing file /Users/harshittyagi/lil/de_env/lib/python3.8/site-packages/airflow/example_dags/subdags/subdag.py for tasks to queue
[2020-12-20 05:26:51,729] {logging_mixin.py:103} INFO - [2020-12-20 05:26:51,729] {dagbag.py:440} INFO - Filling up the DagBag from /Users/harshittyagi/lil/de_env/lib/python3.8/site-packages/airflow/example_dags/subdags/subdag.py
[2020-12-20 05:26:51,730] {scheduler_job.py:641} WARNING - No viable dags retrieved from /Users/harshittyagi/lil/de_env/lib/python3.8/site-packages/airflow/example_dags/subdags/subdag.py
[2020-12-20 05:26:51,754] {scheduler_job.py:189} INFO - Processing /Users/harshittyagi/lil/de_env/lib/python3.8/site-packages/airflow/example_dags/subdags/subdag.py took 0.026 seconds
[2020-12-20 05:27:49,418] {scheduler_job.py:181} INFO - Started process (PID=69020) to work on /Users/harshittyagi/lil/de_env/lib/python3.8/site-packages/airflow/example_dags/subdags/subdag.py
[2020-12-20 05:27:49,419] {scheduler_job.py:629} INFO - Processing file /Users/harshittyagi/lil/de_env/lib/python3.8/site-packages/airflow/example_dags/subdags/subdag.py for tasks to queue
[2020-12-20 05:27:49,420] {logging_mixin.py:103} INFO - [2020-12-20 05:27:49,419] {dagbag.py:440} INFO - Filling up the DagBag from /Users/harshittyagi/lil/de_env/lib/python3.8/site-packages/airflow/example_dags/subdags/subdag.py
[2020-12-20 05:27:49,421] {scheduler_job.py:641} WARNING - No viable dags retrieved from /Users/harshittyagi/lil/de_env/lib/python3.8/site-packages/airflow/example_dags/subdags/subdag.py
[2020-12-20 05:27:49,445] {scheduler_job.py:189} INFO - Processing /Users/harshittyagi/lil/de_env/lib/python3.8/site-packages/airflow/example_dags/subdags/subdag.py took 0.027 seconds
[2020-12-20 05:28:43,582] {scheduler_job.py:181} INFO - Started process (PID=69303) to work on /Users/harshittyagi/lil/de_env/lib/python3.8/site-packages/airflow/example_dags/subdags/subdag.py
[2020-12-20 05:28:43,582] {scheduler_job.py:629} INFO - Processing file /Users/harshittyagi/lil/de_env/lib/python3.8/site-packages/airflow/example_dags/subdags/subdag.py for tasks to queue
[2020-12-20 05:28:43,583] {logging_mixin.py:103} INFO - [2020-12-20 05:28:43,582] {dagbag.py:440} INFO - Filling up the DagBag from /Users/harshittyagi/lil/de_env/lib/python3.8/site-packages/airflow/example_dags/subdags/subdag.py
[2020-12-20 05:28:43,584] {scheduler_job.py:641} WARNING - No viable dags retrieved from /Users/harshittyagi/lil/de_env/lib/python3.8/site-packages/airflow/example_dags/subdags/subdag.py
[2020-12-20 05:28:43,606] {scheduler_job.py:189} INFO - Processing /Users/harshittyagi/lil/de_env/lib/python3.8/site-packages/airflow/example_dags/subdags/subdag.py took 0.024 seconds
[2020-12-20 05:29:37,817] {scheduler_job.py:181} INFO - Started process (PID=69590) to work on /Users/harshittyagi/lil/de_env/lib/python3.8/site-packages/airflow/example_dags/subdags/subdag.py
[2020-12-20 05:29:37,817] {scheduler_job.py:629} INFO - Processing file /Users/harshittyagi/lil/de_env/lib/python3.8/site-packages/airflow/example_dags/subdags/subdag.py for tasks to queue
[2020-12-20 05:29:37,817] {logging_mixin.py:103} INFO - [2020-12-20 05:29:37,817] {dagbag.py:440} INFO - Filling up the DagBag from /Users/harshittyagi/lil/de_env/lib/python3.8/site-packages/airflow/example_dags/subdags/subdag.py
[2020-12-20 05:29:37,819] {scheduler_job.py:641} WARNING - No viable dags retrieved from /Users/harshittyagi/lil/de_env/lib/python3.8/site-packages/airflow/example_dags/subdags/subdag.py
[2020-12-20 05:29:37,842] {scheduler_job.py:189} INFO - Processing /Users/harshittyagi/lil/de_env/lib/python3.8/site-packages/airflow/example_dags/subdags/subdag.py took 0.025 seconds
