[2020-12-23 07:11:13,475] {scheduler_job.py:181} INFO - Started process (PID=58786) to work on /Users/harshittyagi/lil/de_env/lib/python3.8/site-packages/airflow/example_dags/example_bash_operator.py
[2020-12-23 07:11:13,475] {scheduler_job.py:629} INFO - Processing file /Users/harshittyagi/lil/de_env/lib/python3.8/site-packages/airflow/example_dags/example_bash_operator.py for tasks to queue
[2020-12-23 07:11:13,476] {logging_mixin.py:103} INFO - [2020-12-23 07:11:13,475] {dagbag.py:440} INFO - Filling up the DagBag from /Users/harshittyagi/lil/de_env/lib/python3.8/site-packages/airflow/example_dags/example_bash_operator.py
[2020-12-23 07:11:13,482] {scheduler_job.py:639} INFO - DAG(s) dict_keys(['example_bash_operator']) retrieved from /Users/harshittyagi/lil/de_env/lib/python3.8/site-packages/airflow/example_dags/example_bash_operator.py
[2020-12-23 07:11:13,483] {logging_mixin.py:103} INFO - [2020-12-23 07:11:13,483] {dag.py:1813} INFO - Sync 1 DAGs
[2020-12-23 07:11:13,519] {logging_mixin.py:103} INFO - [2020-12-23 07:11:13,519] {dag.py:2266} INFO - Setting next_dagrun for example_bash_operator to 2020-12-21 00:00:00+00:00
[2020-12-23 07:11:13,529] {scheduler_job.py:189} INFO - Processing /Users/harshittyagi/lil/de_env/lib/python3.8/site-packages/airflow/example_dags/example_bash_operator.py took 0.055 seconds
[2020-12-23 07:12:11,830] {scheduler_job.py:181} INFO - Started process (PID=59122) to work on /Users/harshittyagi/lil/de_env/lib/python3.8/site-packages/airflow/example_dags/example_bash_operator.py
[2020-12-23 07:12:11,831] {scheduler_job.py:629} INFO - Processing file /Users/harshittyagi/lil/de_env/lib/python3.8/site-packages/airflow/example_dags/example_bash_operator.py for tasks to queue
[2020-12-23 07:12:11,831] {logging_mixin.py:103} INFO - [2020-12-23 07:12:11,831] {dagbag.py:440} INFO - Filling up the DagBag from /Users/harshittyagi/lil/de_env/lib/python3.8/site-packages/airflow/example_dags/example_bash_operator.py
[2020-12-23 07:12:11,837] {scheduler_job.py:639} INFO - DAG(s) dict_keys(['example_bash_operator']) retrieved from /Users/harshittyagi/lil/de_env/lib/python3.8/site-packages/airflow/example_dags/example_bash_operator.py
[2020-12-23 07:12:11,838] {logging_mixin.py:103} INFO - [2020-12-23 07:12:11,838] {dag.py:1813} INFO - Sync 1 DAGs
[2020-12-23 07:12:11,872] {logging_mixin.py:103} INFO - [2020-12-23 07:12:11,872] {dag.py:2266} INFO - Setting next_dagrun for example_bash_operator to 2020-12-21 00:00:00+00:00
[2020-12-23 07:12:11,880] {scheduler_job.py:189} INFO - Processing /Users/harshittyagi/lil/de_env/lib/python3.8/site-packages/airflow/example_dags/example_bash_operator.py took 0.050 seconds
[2020-12-23 07:13:05,938] {scheduler_job.py:181} INFO - Started process (PID=59406) to work on /Users/harshittyagi/lil/de_env/lib/python3.8/site-packages/airflow/example_dags/example_bash_operator.py
[2020-12-23 07:13:05,939] {scheduler_job.py:629} INFO - Processing file /Users/harshittyagi/lil/de_env/lib/python3.8/site-packages/airflow/example_dags/example_bash_operator.py for tasks to queue
[2020-12-23 07:13:05,939] {logging_mixin.py:103} INFO - [2020-12-23 07:13:05,939] {dagbag.py:440} INFO - Filling up the DagBag from /Users/harshittyagi/lil/de_env/lib/python3.8/site-packages/airflow/example_dags/example_bash_operator.py
[2020-12-23 07:13:05,945] {scheduler_job.py:639} INFO - DAG(s) dict_keys(['example_bash_operator']) retrieved from /Users/harshittyagi/lil/de_env/lib/python3.8/site-packages/airflow/example_dags/example_bash_operator.py
[2020-12-23 07:13:05,945] {logging_mixin.py:103} INFO - [2020-12-23 07:13:05,945] {dag.py:1813} INFO - Sync 1 DAGs
[2020-12-23 07:13:05,979] {logging_mixin.py:103} INFO - [2020-12-23 07:13:05,978] {dag.py:2266} INFO - Setting next_dagrun for example_bash_operator to 2020-12-21 00:00:00+00:00
[2020-12-23 07:13:05,987] {scheduler_job.py:189} INFO - Processing /Users/harshittyagi/lil/de_env/lib/python3.8/site-packages/airflow/example_dags/example_bash_operator.py took 0.049 seconds
[2020-12-23 07:14:00,544] {scheduler_job.py:181} INFO - Started process (PID=59704) to work on /Users/harshittyagi/lil/de_env/lib/python3.8/site-packages/airflow/example_dags/example_bash_operator.py
[2020-12-23 07:14:00,544] {scheduler_job.py:629} INFO - Processing file /Users/harshittyagi/lil/de_env/lib/python3.8/site-packages/airflow/example_dags/example_bash_operator.py for tasks to queue
[2020-12-23 07:14:00,545] {logging_mixin.py:103} INFO - [2020-12-23 07:14:00,545] {dagbag.py:440} INFO - Filling up the DagBag from /Users/harshittyagi/lil/de_env/lib/python3.8/site-packages/airflow/example_dags/example_bash_operator.py
[2020-12-23 07:14:00,557] {scheduler_job.py:639} INFO - DAG(s) dict_keys(['example_bash_operator']) retrieved from /Users/harshittyagi/lil/de_env/lib/python3.8/site-packages/airflow/example_dags/example_bash_operator.py
[2020-12-23 07:14:00,558] {logging_mixin.py:103} INFO - [2020-12-23 07:14:00,558] {dag.py:1813} INFO - Sync 1 DAGs
[2020-12-23 07:14:00,633] {logging_mixin.py:103} INFO - [2020-12-23 07:14:00,633] {dag.py:2266} INFO - Setting next_dagrun for example_bash_operator to 2020-12-21 00:00:00+00:00
[2020-12-23 07:14:00,649] {scheduler_job.py:189} INFO - Processing /Users/harshittyagi/lil/de_env/lib/python3.8/site-packages/airflow/example_dags/example_bash_operator.py took 0.107 seconds
