[2020-12-23 07:11:39,039] {scheduler_job.py:181} INFO - Started process (PID=59031) to work on /Users/harshittyagi/lil/de_env/lib/python3.8/site-packages/airflow/example_dags/example_short_circuit_operator.py
[2020-12-23 07:11:39,040] {scheduler_job.py:629} INFO - Processing file /Users/harshittyagi/lil/de_env/lib/python3.8/site-packages/airflow/example_dags/example_short_circuit_operator.py for tasks to queue
[2020-12-23 07:11:39,040] {logging_mixin.py:103} INFO - [2020-12-23 07:11:39,040] {dagbag.py:440} INFO - Filling up the DagBag from /Users/harshittyagi/lil/de_env/lib/python3.8/site-packages/airflow/example_dags/example_short_circuit_operator.py
[2020-12-23 07:11:39,045] {scheduler_job.py:639} INFO - DAG(s) dict_keys(['example_short_circuit_operator']) retrieved from /Users/harshittyagi/lil/de_env/lib/python3.8/site-packages/airflow/example_dags/example_short_circuit_operator.py
[2020-12-23 07:11:39,045] {logging_mixin.py:103} INFO - [2020-12-23 07:11:39,045] {dag.py:1813} INFO - Sync 1 DAGs
[2020-12-23 07:11:39,073] {logging_mixin.py:103} INFO - [2020-12-23 07:11:39,073] {dag.py:2266} INFO - Setting next_dagrun for example_short_circuit_operator to 2020-12-21 00:00:00+00:00
[2020-12-23 07:11:39,082] {scheduler_job.py:189} INFO - Processing /Users/harshittyagi/lil/de_env/lib/python3.8/site-packages/airflow/example_dags/example_short_circuit_operator.py took 0.044 seconds
[2020-12-23 07:12:21,726] {scheduler_job.py:181} INFO - Started process (PID=59137) to work on /Users/harshittyagi/lil/de_env/lib/python3.8/site-packages/airflow/example_dags/example_short_circuit_operator.py
[2020-12-23 07:12:21,727] {scheduler_job.py:629} INFO - Processing file /Users/harshittyagi/lil/de_env/lib/python3.8/site-packages/airflow/example_dags/example_short_circuit_operator.py for tasks to queue
[2020-12-23 07:12:21,727] {logging_mixin.py:103} INFO - [2020-12-23 07:12:21,727] {dagbag.py:440} INFO - Filling up the DagBag from /Users/harshittyagi/lil/de_env/lib/python3.8/site-packages/airflow/example_dags/example_short_circuit_operator.py
[2020-12-23 07:12:21,734] {scheduler_job.py:639} INFO - DAG(s) dict_keys(['example_short_circuit_operator']) retrieved from /Users/harshittyagi/lil/de_env/lib/python3.8/site-packages/airflow/example_dags/example_short_circuit_operator.py
[2020-12-23 07:12:21,734] {logging_mixin.py:103} INFO - [2020-12-23 07:12:21,734] {dag.py:1813} INFO - Sync 1 DAGs
[2020-12-23 07:12:21,766] {logging_mixin.py:103} INFO - [2020-12-23 07:12:21,766] {dag.py:2266} INFO - Setting next_dagrun for example_short_circuit_operator to 2020-12-21 00:00:00+00:00
[2020-12-23 07:12:21,776] {scheduler_job.py:189} INFO - Processing /Users/harshittyagi/lil/de_env/lib/python3.8/site-packages/airflow/example_dags/example_short_circuit_operator.py took 0.050 seconds
[2020-12-23 07:13:16,407] {scheduler_job.py:181} INFO - Started process (PID=59421) to work on /Users/harshittyagi/lil/de_env/lib/python3.8/site-packages/airflow/example_dags/example_short_circuit_operator.py
[2020-12-23 07:13:16,407] {scheduler_job.py:629} INFO - Processing file /Users/harshittyagi/lil/de_env/lib/python3.8/site-packages/airflow/example_dags/example_short_circuit_operator.py for tasks to queue
[2020-12-23 07:13:16,407] {logging_mixin.py:103} INFO - [2020-12-23 07:13:16,407] {dagbag.py:440} INFO - Filling up the DagBag from /Users/harshittyagi/lil/de_env/lib/python3.8/site-packages/airflow/example_dags/example_short_circuit_operator.py
[2020-12-23 07:13:16,413] {scheduler_job.py:639} INFO - DAG(s) dict_keys(['example_short_circuit_operator']) retrieved from /Users/harshittyagi/lil/de_env/lib/python3.8/site-packages/airflow/example_dags/example_short_circuit_operator.py
[2020-12-23 07:13:16,414] {logging_mixin.py:103} INFO - [2020-12-23 07:13:16,414] {dag.py:1813} INFO - Sync 1 DAGs
[2020-12-23 07:13:16,443] {logging_mixin.py:103} INFO - [2020-12-23 07:13:16,443] {dag.py:2266} INFO - Setting next_dagrun for example_short_circuit_operator to 2020-12-21 00:00:00+00:00
[2020-12-23 07:13:16,451] {scheduler_job.py:189} INFO - Processing /Users/harshittyagi/lil/de_env/lib/python3.8/site-packages/airflow/example_dags/example_short_circuit_operator.py took 0.044 seconds
[2020-12-23 07:14:13,389] {scheduler_job.py:181} INFO - Started process (PID=59725) to work on /Users/harshittyagi/lil/de_env/lib/python3.8/site-packages/airflow/example_dags/example_short_circuit_operator.py
[2020-12-23 07:14:13,389] {scheduler_job.py:629} INFO - Processing file /Users/harshittyagi/lil/de_env/lib/python3.8/site-packages/airflow/example_dags/example_short_circuit_operator.py for tasks to queue
[2020-12-23 07:14:13,390] {logging_mixin.py:103} INFO - [2020-12-23 07:14:13,390] {dagbag.py:440} INFO - Filling up the DagBag from /Users/harshittyagi/lil/de_env/lib/python3.8/site-packages/airflow/example_dags/example_short_circuit_operator.py
[2020-12-23 07:14:13,401] {scheduler_job.py:639} INFO - DAG(s) dict_keys(['example_short_circuit_operator']) retrieved from /Users/harshittyagi/lil/de_env/lib/python3.8/site-packages/airflow/example_dags/example_short_circuit_operator.py
[2020-12-23 07:14:13,402] {logging_mixin.py:103} INFO - [2020-12-23 07:14:13,402] {dag.py:1813} INFO - Sync 1 DAGs
[2020-12-23 07:14:13,444] {logging_mixin.py:103} INFO - [2020-12-23 07:14:13,444] {dag.py:2266} INFO - Setting next_dagrun for example_short_circuit_operator to 2020-12-21 00:00:00+00:00
[2020-12-23 07:14:13,458] {scheduler_job.py:189} INFO - Processing /Users/harshittyagi/lil/de_env/lib/python3.8/site-packages/airflow/example_dags/example_short_circuit_operator.py took 0.070 seconds
