[2020-12-23 07:11:06,350] {scheduler_job.py:181} INFO - Started process (PID=58775) to work on /Users/harshittyagi/lil/de_env/lib/python3.8/site-packages/airflow/example_dags/example_branch_operator.py
[2020-12-23 07:11:06,350] {scheduler_job.py:629} INFO - Processing file /Users/harshittyagi/lil/de_env/lib/python3.8/site-packages/airflow/example_dags/example_branch_operator.py for tasks to queue
[2020-12-23 07:11:06,350] {logging_mixin.py:103} INFO - [2020-12-23 07:11:06,350] {dagbag.py:440} INFO - Filling up the DagBag from /Users/harshittyagi/lil/de_env/lib/python3.8/site-packages/airflow/example_dags/example_branch_operator.py
[2020-12-23 07:11:06,357] {scheduler_job.py:639} INFO - DAG(s) dict_keys(['example_branch_operator']) retrieved from /Users/harshittyagi/lil/de_env/lib/python3.8/site-packages/airflow/example_dags/example_branch_operator.py
[2020-12-23 07:11:06,358] {logging_mixin.py:103} INFO - [2020-12-23 07:11:06,358] {dag.py:1813} INFO - Sync 1 DAGs
[2020-12-23 07:11:06,388] {logging_mixin.py:103} INFO - [2020-12-23 07:11:06,387] {dag.py:2266} INFO - Setting next_dagrun for example_branch_operator to 2020-12-21 00:00:00+00:00
[2020-12-23 07:11:06,401] {scheduler_job.py:189} INFO - Processing /Users/harshittyagi/lil/de_env/lib/python3.8/site-packages/airflow/example_dags/example_branch_operator.py took 0.052 seconds
[2020-12-23 07:12:45,058] {scheduler_job.py:181} INFO - Started process (PID=59381) to work on /Users/harshittyagi/lil/de_env/lib/python3.8/site-packages/airflow/example_dags/example_branch_operator.py
[2020-12-23 07:12:45,059] {scheduler_job.py:629} INFO - Processing file /Users/harshittyagi/lil/de_env/lib/python3.8/site-packages/airflow/example_dags/example_branch_operator.py for tasks to queue
[2020-12-23 07:12:45,059] {logging_mixin.py:103} INFO - [2020-12-23 07:12:45,059] {dagbag.py:440} INFO - Filling up the DagBag from /Users/harshittyagi/lil/de_env/lib/python3.8/site-packages/airflow/example_dags/example_branch_operator.py
[2020-12-23 07:12:45,066] {scheduler_job.py:639} INFO - DAG(s) dict_keys(['example_branch_operator']) retrieved from /Users/harshittyagi/lil/de_env/lib/python3.8/site-packages/airflow/example_dags/example_branch_operator.py
[2020-12-23 07:12:45,066] {logging_mixin.py:103} INFO - [2020-12-23 07:12:45,066] {dag.py:1813} INFO - Sync 1 DAGs
[2020-12-23 07:12:45,098] {logging_mixin.py:103} INFO - [2020-12-23 07:12:45,098] {dag.py:2266} INFO - Setting next_dagrun for example_branch_operator to 2020-12-21 00:00:00+00:00
[2020-12-23 07:12:45,111] {scheduler_job.py:189} INFO - Processing /Users/harshittyagi/lil/de_env/lib/python3.8/site-packages/airflow/example_dags/example_branch_operator.py took 0.053 seconds
[2020-12-23 07:13:38,444] {scheduler_job.py:181} INFO - Started process (PID=59669) to work on /Users/harshittyagi/lil/de_env/lib/python3.8/site-packages/airflow/example_dags/example_branch_operator.py
[2020-12-23 07:13:38,444] {scheduler_job.py:629} INFO - Processing file /Users/harshittyagi/lil/de_env/lib/python3.8/site-packages/airflow/example_dags/example_branch_operator.py for tasks to queue
[2020-12-23 07:13:38,444] {logging_mixin.py:103} INFO - [2020-12-23 07:13:38,444] {dagbag.py:440} INFO - Filling up the DagBag from /Users/harshittyagi/lil/de_env/lib/python3.8/site-packages/airflow/example_dags/example_branch_operator.py
[2020-12-23 07:13:38,452] {scheduler_job.py:639} INFO - DAG(s) dict_keys(['example_branch_operator']) retrieved from /Users/harshittyagi/lil/de_env/lib/python3.8/site-packages/airflow/example_dags/example_branch_operator.py
[2020-12-23 07:13:38,452] {logging_mixin.py:103} INFO - [2020-12-23 07:13:38,452] {dag.py:1813} INFO - Sync 1 DAGs
[2020-12-23 07:13:38,485] {logging_mixin.py:103} INFO - [2020-12-23 07:13:38,485] {dag.py:2266} INFO - Setting next_dagrun for example_branch_operator to 2020-12-21 00:00:00+00:00
[2020-12-23 07:13:38,497] {scheduler_job.py:189} INFO - Processing /Users/harshittyagi/lil/de_env/lib/python3.8/site-packages/airflow/example_dags/example_branch_operator.py took 0.054 seconds
