[2020-12-23 07:10:51,654] {scheduler_job.py:181} INFO - Started process (PID=58755) to work on /Users/harshittyagi/lil/de_env/lib/python3.8/site-packages/airflow/example_dags/example_skip_dag.py
[2020-12-23 07:10:51,654] {scheduler_job.py:629} INFO - Processing file /Users/harshittyagi/lil/de_env/lib/python3.8/site-packages/airflow/example_dags/example_skip_dag.py for tasks to queue
[2020-12-23 07:10:51,654] {logging_mixin.py:103} INFO - [2020-12-23 07:10:51,654] {dagbag.py:440} INFO - Filling up the DagBag from /Users/harshittyagi/lil/de_env/lib/python3.8/site-packages/airflow/example_dags/example_skip_dag.py
[2020-12-23 07:10:51,659] {scheduler_job.py:639} INFO - DAG(s) dict_keys(['example_skip_dag']) retrieved from /Users/harshittyagi/lil/de_env/lib/python3.8/site-packages/airflow/example_dags/example_skip_dag.py
[2020-12-23 07:10:51,660] {logging_mixin.py:103} INFO - [2020-12-23 07:10:51,660] {dag.py:1813} INFO - Sync 1 DAGs
[2020-12-23 07:10:51,689] {logging_mixin.py:103} INFO - [2020-12-23 07:10:51,689] {dag.py:2266} INFO - Setting next_dagrun for example_skip_dag to 2020-12-21 00:00:00+00:00
[2020-12-23 07:10:51,698] {scheduler_job.py:189} INFO - Processing /Users/harshittyagi/lil/de_env/lib/python3.8/site-packages/airflow/example_dags/example_skip_dag.py took 0.045 seconds
[2020-12-23 07:12:43,329] {scheduler_job.py:181} INFO - Started process (PID=59379) to work on /Users/harshittyagi/lil/de_env/lib/python3.8/site-packages/airflow/example_dags/example_skip_dag.py
[2020-12-23 07:12:43,330] {scheduler_job.py:629} INFO - Processing file /Users/harshittyagi/lil/de_env/lib/python3.8/site-packages/airflow/example_dags/example_skip_dag.py for tasks to queue
[2020-12-23 07:12:43,330] {logging_mixin.py:103} INFO - [2020-12-23 07:12:43,330] {dagbag.py:440} INFO - Filling up the DagBag from /Users/harshittyagi/lil/de_env/lib/python3.8/site-packages/airflow/example_dags/example_skip_dag.py
[2020-12-23 07:12:43,335] {scheduler_job.py:639} INFO - DAG(s) dict_keys(['example_skip_dag']) retrieved from /Users/harshittyagi/lil/de_env/lib/python3.8/site-packages/airflow/example_dags/example_skip_dag.py
[2020-12-23 07:12:43,336] {logging_mixin.py:103} INFO - [2020-12-23 07:12:43,336] {dag.py:1813} INFO - Sync 1 DAGs
[2020-12-23 07:12:43,367] {logging_mixin.py:103} INFO - [2020-12-23 07:12:43,367] {dag.py:2266} INFO - Setting next_dagrun for example_skip_dag to 2020-12-21 00:00:00+00:00
[2020-12-23 07:12:43,376] {scheduler_job.py:189} INFO - Processing /Users/harshittyagi/lil/de_env/lib/python3.8/site-packages/airflow/example_dags/example_skip_dag.py took 0.047 seconds
[2020-12-23 07:13:36,768] {scheduler_job.py:181} INFO - Started process (PID=59664) to work on /Users/harshittyagi/lil/de_env/lib/python3.8/site-packages/airflow/example_dags/example_skip_dag.py
[2020-12-23 07:13:36,768] {scheduler_job.py:629} INFO - Processing file /Users/harshittyagi/lil/de_env/lib/python3.8/site-packages/airflow/example_dags/example_skip_dag.py for tasks to queue
[2020-12-23 07:13:36,768] {logging_mixin.py:103} INFO - [2020-12-23 07:13:36,768] {dagbag.py:440} INFO - Filling up the DagBag from /Users/harshittyagi/lil/de_env/lib/python3.8/site-packages/airflow/example_dags/example_skip_dag.py
[2020-12-23 07:13:36,772] {scheduler_job.py:639} INFO - DAG(s) dict_keys(['example_skip_dag']) retrieved from /Users/harshittyagi/lil/de_env/lib/python3.8/site-packages/airflow/example_dags/example_skip_dag.py
[2020-12-23 07:13:36,772] {logging_mixin.py:103} INFO - [2020-12-23 07:13:36,772] {dag.py:1813} INFO - Sync 1 DAGs
[2020-12-23 07:13:36,796] {logging_mixin.py:103} INFO - [2020-12-23 07:13:36,796] {dag.py:2266} INFO - Setting next_dagrun for example_skip_dag to 2020-12-21 00:00:00+00:00
[2020-12-23 07:13:36,802] {scheduler_job.py:189} INFO - Processing /Users/harshittyagi/lil/de_env/lib/python3.8/site-packages/airflow/example_dags/example_skip_dag.py took 0.035 seconds
