[2020-12-23 07:11:18,992] {scheduler_job.py:181} INFO - Started process (PID=58792) to work on /Users/harshittyagi/lil/de_env/lib/python3.8/site-packages/airflow/example_dags/example_trigger_controller_dag.py
[2020-12-23 07:11:18,993] {scheduler_job.py:629} INFO - Processing file /Users/harshittyagi/lil/de_env/lib/python3.8/site-packages/airflow/example_dags/example_trigger_controller_dag.py for tasks to queue
[2020-12-23 07:11:18,993] {logging_mixin.py:103} INFO - [2020-12-23 07:11:18,993] {dagbag.py:440} INFO - Filling up the DagBag from /Users/harshittyagi/lil/de_env/lib/python3.8/site-packages/airflow/example_dags/example_trigger_controller_dag.py
[2020-12-23 07:11:18,998] {scheduler_job.py:639} INFO - DAG(s) dict_keys(['example_trigger_controller_dag']) retrieved from /Users/harshittyagi/lil/de_env/lib/python3.8/site-packages/airflow/example_dags/example_trigger_controller_dag.py
[2020-12-23 07:11:18,999] {logging_mixin.py:103} INFO - [2020-12-23 07:11:18,999] {dag.py:1813} INFO - Sync 1 DAGs
[2020-12-23 07:11:19,033] {logging_mixin.py:103} INFO - [2020-12-23 07:11:19,033] {dag.py:2266} INFO - Setting next_dagrun for example_trigger_controller_dag to 2020-12-21 00:00:00+00:00
[2020-12-23 07:11:19,043] {scheduler_job.py:189} INFO - Processing /Users/harshittyagi/lil/de_env/lib/python3.8/site-packages/airflow/example_dags/example_trigger_controller_dag.py took 0.051 seconds
[2020-12-23 07:12:19,929] {scheduler_job.py:181} INFO - Started process (PID=59135) to work on /Users/harshittyagi/lil/de_env/lib/python3.8/site-packages/airflow/example_dags/example_trigger_controller_dag.py
[2020-12-23 07:12:19,930] {scheduler_job.py:629} INFO - Processing file /Users/harshittyagi/lil/de_env/lib/python3.8/site-packages/airflow/example_dags/example_trigger_controller_dag.py for tasks to queue
[2020-12-23 07:12:19,930] {logging_mixin.py:103} INFO - [2020-12-23 07:12:19,930] {dagbag.py:440} INFO - Filling up the DagBag from /Users/harshittyagi/lil/de_env/lib/python3.8/site-packages/airflow/example_dags/example_trigger_controller_dag.py
[2020-12-23 07:12:19,934] {scheduler_job.py:639} INFO - DAG(s) dict_keys(['example_trigger_controller_dag']) retrieved from /Users/harshittyagi/lil/de_env/lib/python3.8/site-packages/airflow/example_dags/example_trigger_controller_dag.py
[2020-12-23 07:12:19,935] {logging_mixin.py:103} INFO - [2020-12-23 07:12:19,935] {dag.py:1813} INFO - Sync 1 DAGs
[2020-12-23 07:12:19,958] {logging_mixin.py:103} INFO - [2020-12-23 07:12:19,958] {dag.py:2266} INFO - Setting next_dagrun for example_trigger_controller_dag to 2020-12-21 00:00:00+00:00
[2020-12-23 07:12:19,965] {scheduler_job.py:189} INFO - Processing /Users/harshittyagi/lil/de_env/lib/python3.8/site-packages/airflow/example_dags/example_trigger_controller_dag.py took 0.036 seconds
[2020-12-23 07:13:14,660] {scheduler_job.py:181} INFO - Started process (PID=59419) to work on /Users/harshittyagi/lil/de_env/lib/python3.8/site-packages/airflow/example_dags/example_trigger_controller_dag.py
[2020-12-23 07:13:14,660] {scheduler_job.py:629} INFO - Processing file /Users/harshittyagi/lil/de_env/lib/python3.8/site-packages/airflow/example_dags/example_trigger_controller_dag.py for tasks to queue
[2020-12-23 07:13:14,661] {logging_mixin.py:103} INFO - [2020-12-23 07:13:14,661] {dagbag.py:440} INFO - Filling up the DagBag from /Users/harshittyagi/lil/de_env/lib/python3.8/site-packages/airflow/example_dags/example_trigger_controller_dag.py
[2020-12-23 07:13:14,665] {scheduler_job.py:639} INFO - DAG(s) dict_keys(['example_trigger_controller_dag']) retrieved from /Users/harshittyagi/lil/de_env/lib/python3.8/site-packages/airflow/example_dags/example_trigger_controller_dag.py
[2020-12-23 07:13:14,666] {logging_mixin.py:103} INFO - [2020-12-23 07:13:14,666] {dag.py:1813} INFO - Sync 1 DAGs
[2020-12-23 07:13:14,692] {logging_mixin.py:103} INFO - [2020-12-23 07:13:14,692] {dag.py:2266} INFO - Setting next_dagrun for example_trigger_controller_dag to 2020-12-21 00:00:00+00:00
[2020-12-23 07:13:14,701] {scheduler_job.py:189} INFO - Processing /Users/harshittyagi/lil/de_env/lib/python3.8/site-packages/airflow/example_dags/example_trigger_controller_dag.py took 0.041 seconds
[2020-12-23 07:14:11,045] {scheduler_job.py:181} INFO - Started process (PID=59716) to work on /Users/harshittyagi/lil/de_env/lib/python3.8/site-packages/airflow/example_dags/example_trigger_controller_dag.py
[2020-12-23 07:14:11,045] {scheduler_job.py:629} INFO - Processing file /Users/harshittyagi/lil/de_env/lib/python3.8/site-packages/airflow/example_dags/example_trigger_controller_dag.py for tasks to queue
[2020-12-23 07:14:11,046] {logging_mixin.py:103} INFO - [2020-12-23 07:14:11,046] {dagbag.py:440} INFO - Filling up the DagBag from /Users/harshittyagi/lil/de_env/lib/python3.8/site-packages/airflow/example_dags/example_trigger_controller_dag.py
[2020-12-23 07:14:11,054] {scheduler_job.py:639} INFO - DAG(s) dict_keys(['example_trigger_controller_dag']) retrieved from /Users/harshittyagi/lil/de_env/lib/python3.8/site-packages/airflow/example_dags/example_trigger_controller_dag.py
[2020-12-23 07:14:11,055] {logging_mixin.py:103} INFO - [2020-12-23 07:14:11,055] {dag.py:1813} INFO - Sync 1 DAGs
[2020-12-23 07:14:11,106] {logging_mixin.py:103} INFO - [2020-12-23 07:14:11,106] {dag.py:2266} INFO - Setting next_dagrun for example_trigger_controller_dag to 2020-12-21 00:00:00+00:00
[2020-12-23 07:14:11,124] {scheduler_job.py:189} INFO - Processing /Users/harshittyagi/lil/de_env/lib/python3.8/site-packages/airflow/example_dags/example_trigger_controller_dag.py took 0.080 seconds
