[2020-12-23 07:11:15,207] {scheduler_job.py:181} INFO - Started process (PID=58788) to work on /Users/harshittyagi/lil/de_env/lib/python3.8/site-packages/airflow/example_dags/example_branch_python_dop_operator_3.py
[2020-12-23 07:11:15,207] {scheduler_job.py:629} INFO - Processing file /Users/harshittyagi/lil/de_env/lib/python3.8/site-packages/airflow/example_dags/example_branch_python_dop_operator_3.py for tasks to queue
[2020-12-23 07:11:15,208] {logging_mixin.py:103} INFO - [2020-12-23 07:11:15,208] {dagbag.py:440} INFO - Filling up the DagBag from /Users/harshittyagi/lil/de_env/lib/python3.8/site-packages/airflow/example_dags/example_branch_python_dop_operator_3.py
[2020-12-23 07:11:15,215] {scheduler_job.py:639} INFO - DAG(s) dict_keys(['example_branch_dop_operator_v3']) retrieved from /Users/harshittyagi/lil/de_env/lib/python3.8/site-packages/airflow/example_dags/example_branch_python_dop_operator_3.py
[2020-12-23 07:11:15,215] {logging_mixin.py:103} INFO - [2020-12-23 07:11:15,215] {dag.py:1813} INFO - Sync 1 DAGs
[2020-12-23 07:11:15,255] {logging_mixin.py:103} INFO - [2020-12-23 07:11:15,255] {dag.py:2266} INFO - Setting next_dagrun for example_branch_dop_operator_v3 to 2020-12-21 00:00:00+00:00
[2020-12-23 07:11:15,267] {scheduler_job.py:189} INFO - Processing /Users/harshittyagi/lil/de_env/lib/python3.8/site-packages/airflow/example_dags/example_branch_python_dop_operator_3.py took 0.061 seconds
[2020-12-23 07:12:53,810] {scheduler_job.py:181} INFO - Started process (PID=59392) to work on /Users/harshittyagi/lil/de_env/lib/python3.8/site-packages/airflow/example_dags/example_branch_python_dop_operator_3.py
[2020-12-23 07:12:53,810] {scheduler_job.py:629} INFO - Processing file /Users/harshittyagi/lil/de_env/lib/python3.8/site-packages/airflow/example_dags/example_branch_python_dop_operator_3.py for tasks to queue
[2020-12-23 07:12:53,810] {logging_mixin.py:103} INFO - [2020-12-23 07:12:53,810] {dagbag.py:440} INFO - Filling up the DagBag from /Users/harshittyagi/lil/de_env/lib/python3.8/site-packages/airflow/example_dags/example_branch_python_dop_operator_3.py
[2020-12-23 07:12:53,817] {scheduler_job.py:639} INFO - DAG(s) dict_keys(['example_branch_dop_operator_v3']) retrieved from /Users/harshittyagi/lil/de_env/lib/python3.8/site-packages/airflow/example_dags/example_branch_python_dop_operator_3.py
[2020-12-23 07:12:53,817] {logging_mixin.py:103} INFO - [2020-12-23 07:12:53,817] {dag.py:1813} INFO - Sync 1 DAGs
[2020-12-23 07:12:53,856] {logging_mixin.py:103} INFO - [2020-12-23 07:12:53,856] {dag.py:2266} INFO - Setting next_dagrun for example_branch_dop_operator_v3 to 2020-12-21 00:00:00+00:00
[2020-12-23 07:12:53,865] {scheduler_job.py:189} INFO - Processing /Users/harshittyagi/lil/de_env/lib/python3.8/site-packages/airflow/example_dags/example_branch_python_dop_operator_3.py took 0.056 seconds
[2020-12-23 07:13:45,799] {scheduler_job.py:181} INFO - Started process (PID=59682) to work on /Users/harshittyagi/lil/de_env/lib/python3.8/site-packages/airflow/example_dags/example_branch_python_dop_operator_3.py
[2020-12-23 07:13:45,799] {scheduler_job.py:629} INFO - Processing file /Users/harshittyagi/lil/de_env/lib/python3.8/site-packages/airflow/example_dags/example_branch_python_dop_operator_3.py for tasks to queue
[2020-12-23 07:13:45,800] {logging_mixin.py:103} INFO - [2020-12-23 07:13:45,799] {dagbag.py:440} INFO - Filling up the DagBag from /Users/harshittyagi/lil/de_env/lib/python3.8/site-packages/airflow/example_dags/example_branch_python_dop_operator_3.py
[2020-12-23 07:13:45,805] {scheduler_job.py:639} INFO - DAG(s) dict_keys(['example_branch_dop_operator_v3']) retrieved from /Users/harshittyagi/lil/de_env/lib/python3.8/site-packages/airflow/example_dags/example_branch_python_dop_operator_3.py
[2020-12-23 07:13:45,805] {logging_mixin.py:103} INFO - [2020-12-23 07:13:45,805] {dag.py:1813} INFO - Sync 1 DAGs
[2020-12-23 07:13:45,837] {logging_mixin.py:103} INFO - [2020-12-23 07:13:45,837] {dag.py:2266} INFO - Setting next_dagrun for example_branch_dop_operator_v3 to 2020-12-21 00:00:00+00:00
[2020-12-23 07:13:45,845] {scheduler_job.py:189} INFO - Processing /Users/harshittyagi/lil/de_env/lib/python3.8/site-packages/airflow/example_dags/example_branch_python_dop_operator_3.py took 0.046 seconds
