[2020-12-23 07:10:49,161] {scheduler_job.py:181} INFO - Started process (PID=58751) to work on /Users/harshittyagi/lil/de_env/lib/python3.8/site-packages/airflow/example_dags/example_kubernetes_executor_config.py
[2020-12-23 07:10:49,162] {scheduler_job.py:629} INFO - Processing file /Users/harshittyagi/lil/de_env/lib/python3.8/site-packages/airflow/example_dags/example_kubernetes_executor_config.py for tasks to queue
[2020-12-23 07:10:49,162] {logging_mixin.py:103} INFO - [2020-12-23 07:10:49,162] {dagbag.py:440} INFO - Filling up the DagBag from /Users/harshittyagi/lil/de_env/lib/python3.8/site-packages/airflow/example_dags/example_kubernetes_executor_config.py
[2020-12-23 07:10:49,165] {logging_mixin.py:103} INFO - [2020-12-23 07:10:49,165] {example_kubernetes_executor_config.py:174} WARNING - Could not import DAGs in example_kubernetes_executor_config.py: No module named 'kubernetes'
[2020-12-23 07:10:49,165] {logging_mixin.py:103} INFO - [2020-12-23 07:10:49,165] {example_kubernetes_executor_config.py:175} WARNING - Install kubernetes dependencies with: pip install apache-airflow['cncf.kubernetes']
[2020-12-23 07:10:49,165] {scheduler_job.py:641} WARNING - No viable dags retrieved from /Users/harshittyagi/lil/de_env/lib/python3.8/site-packages/airflow/example_dags/example_kubernetes_executor_config.py
[2020-12-23 07:10:49,189] {scheduler_job.py:189} INFO - Processing /Users/harshittyagi/lil/de_env/lib/python3.8/site-packages/airflow/example_dags/example_kubernetes_executor_config.py took 0.028 seconds
[2020-12-23 07:12:46,824] {scheduler_job.py:181} INFO - Started process (PID=59383) to work on /Users/harshittyagi/lil/de_env/lib/python3.8/site-packages/airflow/example_dags/example_kubernetes_executor_config.py
[2020-12-23 07:12:46,824] {scheduler_job.py:629} INFO - Processing file /Users/harshittyagi/lil/de_env/lib/python3.8/site-packages/airflow/example_dags/example_kubernetes_executor_config.py for tasks to queue
[2020-12-23 07:12:46,824] {logging_mixin.py:103} INFO - [2020-12-23 07:12:46,824] {dagbag.py:440} INFO - Filling up the DagBag from /Users/harshittyagi/lil/de_env/lib/python3.8/site-packages/airflow/example_dags/example_kubernetes_executor_config.py
[2020-12-23 07:12:46,827] {logging_mixin.py:103} INFO - [2020-12-23 07:12:46,827] {example_kubernetes_executor_config.py:174} WARNING - Could not import DAGs in example_kubernetes_executor_config.py: No module named 'kubernetes'
[2020-12-23 07:12:46,827] {logging_mixin.py:103} INFO - [2020-12-23 07:12:46,827] {example_kubernetes_executor_config.py:175} WARNING - Install kubernetes dependencies with: pip install apache-airflow['cncf.kubernetes']
[2020-12-23 07:12:46,827] {scheduler_job.py:641} WARNING - No viable dags retrieved from /Users/harshittyagi/lil/de_env/lib/python3.8/site-packages/airflow/example_dags/example_kubernetes_executor_config.py
[2020-12-23 07:12:46,848] {scheduler_job.py:189} INFO - Processing /Users/harshittyagi/lil/de_env/lib/python3.8/site-packages/airflow/example_dags/example_kubernetes_executor_config.py took 0.025 seconds
[2020-12-23 07:13:40,163] {scheduler_job.py:181} INFO - Started process (PID=59674) to work on /Users/harshittyagi/lil/de_env/lib/python3.8/site-packages/airflow/example_dags/example_kubernetes_executor_config.py
[2020-12-23 07:13:40,163] {scheduler_job.py:629} INFO - Processing file /Users/harshittyagi/lil/de_env/lib/python3.8/site-packages/airflow/example_dags/example_kubernetes_executor_config.py for tasks to queue
[2020-12-23 07:13:40,164] {logging_mixin.py:103} INFO - [2020-12-23 07:13:40,163] {dagbag.py:440} INFO - Filling up the DagBag from /Users/harshittyagi/lil/de_env/lib/python3.8/site-packages/airflow/example_dags/example_kubernetes_executor_config.py
[2020-12-23 07:13:40,166] {logging_mixin.py:103} INFO - [2020-12-23 07:13:40,166] {example_kubernetes_executor_config.py:174} WARNING - Could not import DAGs in example_kubernetes_executor_config.py: No module named 'kubernetes'
[2020-12-23 07:13:40,166] {logging_mixin.py:103} INFO - [2020-12-23 07:13:40,166] {example_kubernetes_executor_config.py:175} WARNING - Install kubernetes dependencies with: pip install apache-airflow['cncf.kubernetes']
[2020-12-23 07:13:40,166] {scheduler_job.py:641} WARNING - No viable dags retrieved from /Users/harshittyagi/lil/de_env/lib/python3.8/site-packages/airflow/example_dags/example_kubernetes_executor_config.py
[2020-12-23 07:13:40,185] {scheduler_job.py:189} INFO - Processing /Users/harshittyagi/lil/de_env/lib/python3.8/site-packages/airflow/example_dags/example_kubernetes_executor_config.py took 0.023 seconds
