[2020-12-23 07:11:20,750] {scheduler_job.py:181} INFO - Started process (PID=58795) to work on /Users/harshittyagi/lil/de_env/lib/python3.8/site-packages/airflow/example_dags/example_python_operator.py
[2020-12-23 07:11:20,750] {scheduler_job.py:629} INFO - Processing file /Users/harshittyagi/lil/de_env/lib/python3.8/site-packages/airflow/example_dags/example_python_operator.py for tasks to queue
[2020-12-23 07:11:20,751] {logging_mixin.py:103} INFO - [2020-12-23 07:11:20,751] {dagbag.py:440} INFO - Filling up the DagBag from /Users/harshittyagi/lil/de_env/lib/python3.8/site-packages/airflow/example_dags/example_python_operator.py
[2020-12-23 07:11:20,757] {scheduler_job.py:639} INFO - DAG(s) dict_keys(['example_python_operator']) retrieved from /Users/harshittyagi/lil/de_env/lib/python3.8/site-packages/airflow/example_dags/example_python_operator.py
[2020-12-23 07:11:20,757] {logging_mixin.py:103} INFO - [2020-12-23 07:11:20,757] {dag.py:1813} INFO - Sync 1 DAGs
[2020-12-23 07:11:20,785] {logging_mixin.py:103} INFO - [2020-12-23 07:11:20,785] {dag.py:2266} INFO - Setting next_dagrun for example_python_operator to None
[2020-12-23 07:11:20,798] {scheduler_job.py:189} INFO - Processing /Users/harshittyagi/lil/de_env/lib/python3.8/site-packages/airflow/example_dags/example_python_operator.py took 0.048 seconds
[2020-12-23 07:12:24,544] {scheduler_job.py:181} INFO - Started process (PID=59141) to work on /Users/harshittyagi/lil/de_env/lib/python3.8/site-packages/airflow/example_dags/example_python_operator.py
[2020-12-23 07:12:24,544] {scheduler_job.py:629} INFO - Processing file /Users/harshittyagi/lil/de_env/lib/python3.8/site-packages/airflow/example_dags/example_python_operator.py for tasks to queue
[2020-12-23 07:12:24,545] {logging_mixin.py:103} INFO - [2020-12-23 07:12:24,545] {dagbag.py:440} INFO - Filling up the DagBag from /Users/harshittyagi/lil/de_env/lib/python3.8/site-packages/airflow/example_dags/example_python_operator.py
[2020-12-23 07:12:24,552] {scheduler_job.py:639} INFO - DAG(s) dict_keys(['example_python_operator']) retrieved from /Users/harshittyagi/lil/de_env/lib/python3.8/site-packages/airflow/example_dags/example_python_operator.py
[2020-12-23 07:12:24,552] {logging_mixin.py:103} INFO - [2020-12-23 07:12:24,552] {dag.py:1813} INFO - Sync 1 DAGs
[2020-12-23 07:12:24,584] {logging_mixin.py:103} INFO - [2020-12-23 07:12:24,583] {dag.py:2266} INFO - Setting next_dagrun for example_python_operator to None
[2020-12-23 07:12:24,598] {scheduler_job.py:189} INFO - Processing /Users/harshittyagi/lil/de_env/lib/python3.8/site-packages/airflow/example_dags/example_python_operator.py took 0.054 seconds
[2020-12-23 07:13:19,912] {scheduler_job.py:181} INFO - Started process (PID=59425) to work on /Users/harshittyagi/lil/de_env/lib/python3.8/site-packages/airflow/example_dags/example_python_operator.py
[2020-12-23 07:13:19,913] {scheduler_job.py:629} INFO - Processing file /Users/harshittyagi/lil/de_env/lib/python3.8/site-packages/airflow/example_dags/example_python_operator.py for tasks to queue
[2020-12-23 07:13:19,913] {logging_mixin.py:103} INFO - [2020-12-23 07:13:19,913] {dagbag.py:440} INFO - Filling up the DagBag from /Users/harshittyagi/lil/de_env/lib/python3.8/site-packages/airflow/example_dags/example_python_operator.py
[2020-12-23 07:13:19,918] {scheduler_job.py:639} INFO - DAG(s) dict_keys(['example_python_operator']) retrieved from /Users/harshittyagi/lil/de_env/lib/python3.8/site-packages/airflow/example_dags/example_python_operator.py
[2020-12-23 07:13:19,918] {logging_mixin.py:103} INFO - [2020-12-23 07:13:19,918] {dag.py:1813} INFO - Sync 1 DAGs
[2020-12-23 07:13:19,944] {logging_mixin.py:103} INFO - [2020-12-23 07:13:19,944] {dag.py:2266} INFO - Setting next_dagrun for example_python_operator to None
[2020-12-23 07:13:19,955] {scheduler_job.py:189} INFO - Processing /Users/harshittyagi/lil/de_env/lib/python3.8/site-packages/airflow/example_dags/example_python_operator.py took 0.043 seconds
[2020-12-23 07:14:16,818] {scheduler_job.py:181} INFO - Started process (PID=59810) to work on /Users/harshittyagi/lil/de_env/lib/python3.8/site-packages/airflow/example_dags/example_python_operator.py
[2020-12-23 07:14:16,819] {scheduler_job.py:629} INFO - Processing file /Users/harshittyagi/lil/de_env/lib/python3.8/site-packages/airflow/example_dags/example_python_operator.py for tasks to queue
[2020-12-23 07:14:16,819] {logging_mixin.py:103} INFO - [2020-12-23 07:14:16,819] {dagbag.py:440} INFO - Filling up the DagBag from /Users/harshittyagi/lil/de_env/lib/python3.8/site-packages/airflow/example_dags/example_python_operator.py
[2020-12-23 07:14:16,827] {scheduler_job.py:639} INFO - DAG(s) dict_keys(['example_python_operator']) retrieved from /Users/harshittyagi/lil/de_env/lib/python3.8/site-packages/airflow/example_dags/example_python_operator.py
[2020-12-23 07:14:16,827] {logging_mixin.py:103} INFO - [2020-12-23 07:14:16,827] {dag.py:1813} INFO - Sync 1 DAGs
[2020-12-23 07:14:16,866] {logging_mixin.py:103} INFO - [2020-12-23 07:14:16,865] {dag.py:2266} INFO - Setting next_dagrun for example_python_operator to None
[2020-12-23 07:14:16,887] {scheduler_job.py:189} INFO - Processing /Users/harshittyagi/lil/de_env/lib/python3.8/site-packages/airflow/example_dags/example_python_operator.py took 0.070 seconds
