[2020-12-23 07:11:35,557] {scheduler_job.py:181} INFO - Started process (PID=59026) to work on /Users/harshittyagi/lil/de_env/lib/python3.8/site-packages/airflow/example_dags/example_latest_only.py
[2020-12-23 07:11:35,557] {scheduler_job.py:629} INFO - Processing file /Users/harshittyagi/lil/de_env/lib/python3.8/site-packages/airflow/example_dags/example_latest_only.py for tasks to queue
[2020-12-23 07:11:35,557] {logging_mixin.py:103} INFO - [2020-12-23 07:11:35,557] {dagbag.py:440} INFO - Filling up the DagBag from /Users/harshittyagi/lil/de_env/lib/python3.8/site-packages/airflow/example_dags/example_latest_only.py
[2020-12-23 07:11:35,562] {scheduler_job.py:639} INFO - DAG(s) dict_keys(['latest_only']) retrieved from /Users/harshittyagi/lil/de_env/lib/python3.8/site-packages/airflow/example_dags/example_latest_only.py
[2020-12-23 07:11:35,563] {logging_mixin.py:103} INFO - [2020-12-23 07:11:35,563] {dag.py:1813} INFO - Sync 1 DAGs
[2020-12-23 07:11:35,598] {logging_mixin.py:103} INFO - [2020-12-23 07:11:35,598] {dag.py:2266} INFO - Setting next_dagrun for latest_only to 2020-12-21 00:00:00+00:00
[2020-12-23 07:11:35,607] {scheduler_job.py:189} INFO - Processing /Users/harshittyagi/lil/de_env/lib/python3.8/site-packages/airflow/example_dags/example_latest_only.py took 0.051 seconds
[2020-12-23 07:12:41,556] {scheduler_job.py:181} INFO - Started process (PID=59377) to work on /Users/harshittyagi/lil/de_env/lib/python3.8/site-packages/airflow/example_dags/example_latest_only.py
[2020-12-23 07:12:41,556] {scheduler_job.py:629} INFO - Processing file /Users/harshittyagi/lil/de_env/lib/python3.8/site-packages/airflow/example_dags/example_latest_only.py for tasks to queue
[2020-12-23 07:12:41,556] {logging_mixin.py:103} INFO - [2020-12-23 07:12:41,556] {dagbag.py:440} INFO - Filling up the DagBag from /Users/harshittyagi/lil/de_env/lib/python3.8/site-packages/airflow/example_dags/example_latest_only.py
[2020-12-23 07:12:41,561] {scheduler_job.py:639} INFO - DAG(s) dict_keys(['latest_only']) retrieved from /Users/harshittyagi/lil/de_env/lib/python3.8/site-packages/airflow/example_dags/example_latest_only.py
[2020-12-23 07:12:41,561] {logging_mixin.py:103} INFO - [2020-12-23 07:12:41,561] {dag.py:1813} INFO - Sync 1 DAGs
[2020-12-23 07:12:41,590] {logging_mixin.py:103} INFO - [2020-12-23 07:12:41,590] {dag.py:2266} INFO - Setting next_dagrun for latest_only to 2020-12-21 00:00:00+00:00
[2020-12-23 07:12:41,598] {scheduler_job.py:189} INFO - Processing /Users/harshittyagi/lil/de_env/lib/python3.8/site-packages/airflow/example_dags/example_latest_only.py took 0.043 seconds
[2020-12-23 07:13:35,084] {scheduler_job.py:181} INFO - Started process (PID=59662) to work on /Users/harshittyagi/lil/de_env/lib/python3.8/site-packages/airflow/example_dags/example_latest_only.py
[2020-12-23 07:13:35,085] {scheduler_job.py:629} INFO - Processing file /Users/harshittyagi/lil/de_env/lib/python3.8/site-packages/airflow/example_dags/example_latest_only.py for tasks to queue
[2020-12-23 07:13:35,085] {logging_mixin.py:103} INFO - [2020-12-23 07:13:35,085] {dagbag.py:440} INFO - Filling up the DagBag from /Users/harshittyagi/lil/de_env/lib/python3.8/site-packages/airflow/example_dags/example_latest_only.py
[2020-12-23 07:13:35,089] {scheduler_job.py:639} INFO - DAG(s) dict_keys(['latest_only']) retrieved from /Users/harshittyagi/lil/de_env/lib/python3.8/site-packages/airflow/example_dags/example_latest_only.py
[2020-12-23 07:13:35,089] {logging_mixin.py:103} INFO - [2020-12-23 07:13:35,089] {dag.py:1813} INFO - Sync 1 DAGs
[2020-12-23 07:13:35,111] {logging_mixin.py:103} INFO - [2020-12-23 07:13:35,111] {dag.py:2266} INFO - Setting next_dagrun for latest_only to 2020-12-21 00:00:00+00:00
[2020-12-23 07:13:35,118] {scheduler_job.py:189} INFO - Processing /Users/harshittyagi/lil/de_env/lib/python3.8/site-packages/airflow/example_dags/example_latest_only.py took 0.034 seconds
