[2020-12-23 07:11:37,310] {scheduler_job.py:181} INFO - Started process (PID=59029) to work on /Users/harshittyagi/lil/de_env/lib/python3.8/site-packages/airflow/example_dags/example_xcom.py
[2020-12-23 07:11:37,310] {scheduler_job.py:629} INFO - Processing file /Users/harshittyagi/lil/de_env/lib/python3.8/site-packages/airflow/example_dags/example_xcom.py for tasks to queue
[2020-12-23 07:11:37,310] {logging_mixin.py:103} INFO - [2020-12-23 07:11:37,310] {dagbag.py:440} INFO - Filling up the DagBag from /Users/harshittyagi/lil/de_env/lib/python3.8/site-packages/airflow/example_dags/example_xcom.py
[2020-12-23 07:11:37,315] {scheduler_job.py:639} INFO - DAG(s) dict_keys(['example_xcom']) retrieved from /Users/harshittyagi/lil/de_env/lib/python3.8/site-packages/airflow/example_dags/example_xcom.py
[2020-12-23 07:11:37,316] {logging_mixin.py:103} INFO - [2020-12-23 07:11:37,315] {dag.py:1813} INFO - Sync 1 DAGs
[2020-12-23 07:11:37,340] {logging_mixin.py:103} INFO - [2020-12-23 07:11:37,340] {dag.py:2266} INFO - Setting next_dagrun for example_xcom to 2020-12-21 00:00:00+00:00
[2020-12-23 07:11:37,349] {scheduler_job.py:189} INFO - Processing /Users/harshittyagi/lil/de_env/lib/python3.8/site-packages/airflow/example_dags/example_xcom.py took 0.040 seconds
[2020-12-23 07:12:50,346] {scheduler_job.py:181} INFO - Started process (PID=59388) to work on /Users/harshittyagi/lil/de_env/lib/python3.8/site-packages/airflow/example_dags/example_xcom.py
[2020-12-23 07:12:50,347] {scheduler_job.py:629} INFO - Processing file /Users/harshittyagi/lil/de_env/lib/python3.8/site-packages/airflow/example_dags/example_xcom.py for tasks to queue
[2020-12-23 07:12:50,347] {logging_mixin.py:103} INFO - [2020-12-23 07:12:50,347] {dagbag.py:440} INFO - Filling up the DagBag from /Users/harshittyagi/lil/de_env/lib/python3.8/site-packages/airflow/example_dags/example_xcom.py
[2020-12-23 07:12:50,353] {scheduler_job.py:639} INFO - DAG(s) dict_keys(['example_xcom']) retrieved from /Users/harshittyagi/lil/de_env/lib/python3.8/site-packages/airflow/example_dags/example_xcom.py
[2020-12-23 07:12:50,354] {logging_mixin.py:103} INFO - [2020-12-23 07:12:50,354] {dag.py:1813} INFO - Sync 1 DAGs
[2020-12-23 07:12:50,384] {logging_mixin.py:103} INFO - [2020-12-23 07:12:50,384] {dag.py:2266} INFO - Setting next_dagrun for example_xcom to 2020-12-21 00:00:00+00:00
[2020-12-23 07:12:50,393] {scheduler_job.py:189} INFO - Processing /Users/harshittyagi/lil/de_env/lib/python3.8/site-packages/airflow/example_dags/example_xcom.py took 0.048 seconds
[2020-12-23 07:13:43,502] {scheduler_job.py:181} INFO - Started process (PID=59678) to work on /Users/harshittyagi/lil/de_env/lib/python3.8/site-packages/airflow/example_dags/example_xcom.py
[2020-12-23 07:13:43,503] {scheduler_job.py:629} INFO - Processing file /Users/harshittyagi/lil/de_env/lib/python3.8/site-packages/airflow/example_dags/example_xcom.py for tasks to queue
[2020-12-23 07:13:43,503] {logging_mixin.py:103} INFO - [2020-12-23 07:13:43,503] {dagbag.py:440} INFO - Filling up the DagBag from /Users/harshittyagi/lil/de_env/lib/python3.8/site-packages/airflow/example_dags/example_xcom.py
[2020-12-23 07:13:43,507] {scheduler_job.py:639} INFO - DAG(s) dict_keys(['example_xcom']) retrieved from /Users/harshittyagi/lil/de_env/lib/python3.8/site-packages/airflow/example_dags/example_xcom.py
[2020-12-23 07:13:43,507] {logging_mixin.py:103} INFO - [2020-12-23 07:13:43,507] {dag.py:1813} INFO - Sync 1 DAGs
[2020-12-23 07:13:43,530] {logging_mixin.py:103} INFO - [2020-12-23 07:13:43,529] {dag.py:2266} INFO - Setting next_dagrun for example_xcom to 2020-12-21 00:00:00+00:00
[2020-12-23 07:13:43,536] {scheduler_job.py:189} INFO - Processing /Users/harshittyagi/lil/de_env/lib/python3.8/site-packages/airflow/example_dags/example_xcom.py took 0.034 seconds
