[2020-12-23 07:10:49,918] {scheduler_job.py:181} INFO - Started process (PID=58753) to work on /Users/harshittyagi/lil/de_env/lib/python3.8/site-packages/airflow/example_dags/example_xcomargs.py
[2020-12-23 07:10:49,918] {scheduler_job.py:629} INFO - Processing file /Users/harshittyagi/lil/de_env/lib/python3.8/site-packages/airflow/example_dags/example_xcomargs.py for tasks to queue
[2020-12-23 07:10:49,919] {logging_mixin.py:103} INFO - [2020-12-23 07:10:49,918] {dagbag.py:440} INFO - Filling up the DagBag from /Users/harshittyagi/lil/de_env/lib/python3.8/site-packages/airflow/example_dags/example_xcomargs.py
[2020-12-23 07:10:49,925] {scheduler_job.py:639} INFO - DAG(s) dict_keys(['example_xcom_args', 'example_xcom_args_with_operators']) retrieved from /Users/harshittyagi/lil/de_env/lib/python3.8/site-packages/airflow/example_dags/example_xcomargs.py
[2020-12-23 07:10:49,925] {logging_mixin.py:103} INFO - [2020-12-23 07:10:49,925] {dag.py:1813} INFO - Sync 2 DAGs
[2020-12-23 07:10:49,955] {logging_mixin.py:103} INFO - [2020-12-23 07:10:49,955] {dag.py:2266} INFO - Setting next_dagrun for example_xcom_args to None
[2020-12-23 07:10:49,955] {logging_mixin.py:103} INFO - [2020-12-23 07:10:49,955] {dag.py:2266} INFO - Setting next_dagrun for example_xcom_args_with_operators to None
[2020-12-23 07:10:49,969] {scheduler_job.py:189} INFO - Processing /Users/harshittyagi/lil/de_env/lib/python3.8/site-packages/airflow/example_dags/example_xcomargs.py took 0.052 seconds
[2020-12-23 07:12:18,202] {scheduler_job.py:181} INFO - Started process (PID=59133) to work on /Users/harshittyagi/lil/de_env/lib/python3.8/site-packages/airflow/example_dags/example_xcomargs.py
[2020-12-23 07:12:18,202] {scheduler_job.py:629} INFO - Processing file /Users/harshittyagi/lil/de_env/lib/python3.8/site-packages/airflow/example_dags/example_xcomargs.py for tasks to queue
[2020-12-23 07:12:18,202] {logging_mixin.py:103} INFO - [2020-12-23 07:12:18,202] {dagbag.py:440} INFO - Filling up the DagBag from /Users/harshittyagi/lil/de_env/lib/python3.8/site-packages/airflow/example_dags/example_xcomargs.py
[2020-12-23 07:12:18,209] {scheduler_job.py:639} INFO - DAG(s) dict_keys(['example_xcom_args', 'example_xcom_args_with_operators']) retrieved from /Users/harshittyagi/lil/de_env/lib/python3.8/site-packages/airflow/example_dags/example_xcomargs.py
[2020-12-23 07:12:18,210] {logging_mixin.py:103} INFO - [2020-12-23 07:12:18,210] {dag.py:1813} INFO - Sync 2 DAGs
[2020-12-23 07:12:18,239] {logging_mixin.py:103} INFO - [2020-12-23 07:12:18,239] {dag.py:2266} INFO - Setting next_dagrun for example_xcom_args to None
[2020-12-23 07:12:18,240] {logging_mixin.py:103} INFO - [2020-12-23 07:12:18,240] {dag.py:2266} INFO - Setting next_dagrun for example_xcom_args_with_operators to None
[2020-12-23 07:12:18,254] {scheduler_job.py:189} INFO - Processing /Users/harshittyagi/lil/de_env/lib/python3.8/site-packages/airflow/example_dags/example_xcomargs.py took 0.052 seconds
[2020-12-23 07:13:12,919] {scheduler_job.py:181} INFO - Started process (PID=59417) to work on /Users/harshittyagi/lil/de_env/lib/python3.8/site-packages/airflow/example_dags/example_xcomargs.py
[2020-12-23 07:13:12,920] {scheduler_job.py:629} INFO - Processing file /Users/harshittyagi/lil/de_env/lib/python3.8/site-packages/airflow/example_dags/example_xcomargs.py for tasks to queue
[2020-12-23 07:13:12,920] {logging_mixin.py:103} INFO - [2020-12-23 07:13:12,920] {dagbag.py:440} INFO - Filling up the DagBag from /Users/harshittyagi/lil/de_env/lib/python3.8/site-packages/airflow/example_dags/example_xcomargs.py
[2020-12-23 07:13:12,926] {scheduler_job.py:639} INFO - DAG(s) dict_keys(['example_xcom_args', 'example_xcom_args_with_operators']) retrieved from /Users/harshittyagi/lil/de_env/lib/python3.8/site-packages/airflow/example_dags/example_xcomargs.py
[2020-12-23 07:13:12,926] {logging_mixin.py:103} INFO - [2020-12-23 07:13:12,926] {dag.py:1813} INFO - Sync 2 DAGs
[2020-12-23 07:13:12,954] {logging_mixin.py:103} INFO - [2020-12-23 07:13:12,953] {dag.py:2266} INFO - Setting next_dagrun for example_xcom_args to None
[2020-12-23 07:13:12,954] {logging_mixin.py:103} INFO - [2020-12-23 07:13:12,954] {dag.py:2266} INFO - Setting next_dagrun for example_xcom_args_with_operators to None
[2020-12-23 07:13:12,967] {scheduler_job.py:189} INFO - Processing /Users/harshittyagi/lil/de_env/lib/python3.8/site-packages/airflow/example_dags/example_xcomargs.py took 0.048 seconds
[2020-12-23 07:14:09,128] {scheduler_job.py:181} INFO - Started process (PID=59713) to work on /Users/harshittyagi/lil/de_env/lib/python3.8/site-packages/airflow/example_dags/example_xcomargs.py
[2020-12-23 07:14:09,129] {scheduler_job.py:629} INFO - Processing file /Users/harshittyagi/lil/de_env/lib/python3.8/site-packages/airflow/example_dags/example_xcomargs.py for tasks to queue
[2020-12-23 07:14:09,129] {logging_mixin.py:103} INFO - [2020-12-23 07:14:09,129] {dagbag.py:440} INFO - Filling up the DagBag from /Users/harshittyagi/lil/de_env/lib/python3.8/site-packages/airflow/example_dags/example_xcomargs.py
[2020-12-23 07:14:09,139] {scheduler_job.py:639} INFO - DAG(s) dict_keys(['example_xcom_args', 'example_xcom_args_with_operators']) retrieved from /Users/harshittyagi/lil/de_env/lib/python3.8/site-packages/airflow/example_dags/example_xcomargs.py
[2020-12-23 07:14:09,140] {logging_mixin.py:103} INFO - [2020-12-23 07:14:09,140] {dag.py:1813} INFO - Sync 2 DAGs
[2020-12-23 07:14:09,182] {logging_mixin.py:103} INFO - [2020-12-23 07:14:09,182] {dag.py:2266} INFO - Setting next_dagrun for example_xcom_args to None
[2020-12-23 07:14:09,183] {logging_mixin.py:103} INFO - [2020-12-23 07:14:09,183] {dag.py:2266} INFO - Setting next_dagrun for example_xcom_args_with_operators to None
[2020-12-23 07:14:09,207] {scheduler_job.py:189} INFO - Processing /Users/harshittyagi/lil/de_env/lib/python3.8/site-packages/airflow/example_dags/example_xcomargs.py took 0.079 seconds
