[2020-12-23 07:11:08,110] {scheduler_job.py:181} INFO - Started process (PID=58779) to work on /Users/harshittyagi/lil/de_env/lib/python3.8/site-packages/airflow/example_dags/example_kubernetes_executor.py
[2020-12-23 07:11:08,110] {scheduler_job.py:629} INFO - Processing file /Users/harshittyagi/lil/de_env/lib/python3.8/site-packages/airflow/example_dags/example_kubernetes_executor.py for tasks to queue
[2020-12-23 07:11:08,110] {logging_mixin.py:103} INFO - [2020-12-23 07:11:08,110] {dagbag.py:440} INFO - Filling up the DagBag from /Users/harshittyagi/lil/de_env/lib/python3.8/site-packages/airflow/example_dags/example_kubernetes_executor.py
[2020-12-23 07:11:08,116] {scheduler_job.py:639} INFO - DAG(s) dict_keys(['example_kubernetes_executor']) retrieved from /Users/harshittyagi/lil/de_env/lib/python3.8/site-packages/airflow/example_dags/example_kubernetes_executor.py
[2020-12-23 07:11:08,116] {logging_mixin.py:103} INFO - [2020-12-23 07:11:08,116] {dag.py:1813} INFO - Sync 1 DAGs
[2020-12-23 07:11:08,143] {logging_mixin.py:103} INFO - [2020-12-23 07:11:08,143] {dag.py:2266} INFO - Setting next_dagrun for example_kubernetes_executor to None
[2020-12-23 07:11:08,155] {scheduler_job.py:189} INFO - Processing /Users/harshittyagi/lil/de_env/lib/python3.8/site-packages/airflow/example_dags/example_kubernetes_executor.py took 0.046 seconds
[2020-12-23 07:12:39,753] {scheduler_job.py:181} INFO - Started process (PID=59375) to work on /Users/harshittyagi/lil/de_env/lib/python3.8/site-packages/airflow/example_dags/example_kubernetes_executor.py
[2020-12-23 07:12:39,753] {scheduler_job.py:629} INFO - Processing file /Users/harshittyagi/lil/de_env/lib/python3.8/site-packages/airflow/example_dags/example_kubernetes_executor.py for tasks to queue
[2020-12-23 07:12:39,753] {logging_mixin.py:103} INFO - [2020-12-23 07:12:39,753] {dagbag.py:440} INFO - Filling up the DagBag from /Users/harshittyagi/lil/de_env/lib/python3.8/site-packages/airflow/example_dags/example_kubernetes_executor.py
[2020-12-23 07:12:39,760] {scheduler_job.py:639} INFO - DAG(s) dict_keys(['example_kubernetes_executor']) retrieved from /Users/harshittyagi/lil/de_env/lib/python3.8/site-packages/airflow/example_dags/example_kubernetes_executor.py
[2020-12-23 07:12:39,760] {logging_mixin.py:103} INFO - [2020-12-23 07:12:39,760] {dag.py:1813} INFO - Sync 1 DAGs
[2020-12-23 07:12:39,789] {logging_mixin.py:103} INFO - [2020-12-23 07:12:39,789] {dag.py:2266} INFO - Setting next_dagrun for example_kubernetes_executor to None
[2020-12-23 07:12:39,802] {scheduler_job.py:189} INFO - Processing /Users/harshittyagi/lil/de_env/lib/python3.8/site-packages/airflow/example_dags/example_kubernetes_executor.py took 0.050 seconds
[2020-12-23 07:13:34,423] {scheduler_job.py:181} INFO - Started process (PID=59660) to work on /Users/harshittyagi/lil/de_env/lib/python3.8/site-packages/airflow/example_dags/example_kubernetes_executor.py
[2020-12-23 07:13:34,423] {scheduler_job.py:629} INFO - Processing file /Users/harshittyagi/lil/de_env/lib/python3.8/site-packages/airflow/example_dags/example_kubernetes_executor.py for tasks to queue
[2020-12-23 07:13:34,423] {logging_mixin.py:103} INFO - [2020-12-23 07:13:34,423] {dagbag.py:440} INFO - Filling up the DagBag from /Users/harshittyagi/lil/de_env/lib/python3.8/site-packages/airflow/example_dags/example_kubernetes_executor.py
[2020-12-23 07:13:34,428] {scheduler_job.py:639} INFO - DAG(s) dict_keys(['example_kubernetes_executor']) retrieved from /Users/harshittyagi/lil/de_env/lib/python3.8/site-packages/airflow/example_dags/example_kubernetes_executor.py
[2020-12-23 07:13:34,429] {logging_mixin.py:103} INFO - [2020-12-23 07:13:34,428] {dag.py:1813} INFO - Sync 1 DAGs
[2020-12-23 07:13:34,451] {logging_mixin.py:103} INFO - [2020-12-23 07:13:34,451] {dag.py:2266} INFO - Setting next_dagrun for example_kubernetes_executor to None
[2020-12-23 07:13:34,462] {scheduler_job.py:189} INFO - Processing /Users/harshittyagi/lil/de_env/lib/python3.8/site-packages/airflow/example_dags/example_kubernetes_executor.py took 0.040 seconds
