[2020-12-23 07:11:01,090] {scheduler_job.py:181} INFO - Started process (PID=58768) to work on /Users/harshittyagi/lil/de_env/lib/python3.8/site-packages/airflow/example_dags/example_complex.py
[2020-12-23 07:11:01,091] {scheduler_job.py:629} INFO - Processing file /Users/harshittyagi/lil/de_env/lib/python3.8/site-packages/airflow/example_dags/example_complex.py for tasks to queue
[2020-12-23 07:11:01,091] {logging_mixin.py:103} INFO - [2020-12-23 07:11:01,091] {dagbag.py:440} INFO - Filling up the DagBag from /Users/harshittyagi/lil/de_env/lib/python3.8/site-packages/airflow/example_dags/example_complex.py
[2020-12-23 07:11:01,100] {scheduler_job.py:639} INFO - DAG(s) dict_keys(['example_complex']) retrieved from /Users/harshittyagi/lil/de_env/lib/python3.8/site-packages/airflow/example_dags/example_complex.py
[2020-12-23 07:11:01,101] {logging_mixin.py:103} INFO - [2020-12-23 07:11:01,101] {dag.py:1813} INFO - Sync 1 DAGs
[2020-12-23 07:11:01,130] {logging_mixin.py:103} INFO - [2020-12-23 07:11:01,130] {dag.py:2266} INFO - Setting next_dagrun for example_complex to None
[2020-12-23 07:11:01,147] {scheduler_job.py:189} INFO - Processing /Users/harshittyagi/lil/de_env/lib/python3.8/site-packages/airflow/example_dags/example_complex.py took 0.057 seconds
[2020-12-23 07:12:57,266] {scheduler_job.py:181} INFO - Started process (PID=59396) to work on /Users/harshittyagi/lil/de_env/lib/python3.8/site-packages/airflow/example_dags/example_complex.py
[2020-12-23 07:12:57,266] {scheduler_job.py:629} INFO - Processing file /Users/harshittyagi/lil/de_env/lib/python3.8/site-packages/airflow/example_dags/example_complex.py for tasks to queue
[2020-12-23 07:12:57,267] {logging_mixin.py:103} INFO - [2020-12-23 07:12:57,267] {dagbag.py:440} INFO - Filling up the DagBag from /Users/harshittyagi/lil/de_env/lib/python3.8/site-packages/airflow/example_dags/example_complex.py
[2020-12-23 07:12:57,276] {scheduler_job.py:639} INFO - DAG(s) dict_keys(['example_complex']) retrieved from /Users/harshittyagi/lil/de_env/lib/python3.8/site-packages/airflow/example_dags/example_complex.py
[2020-12-23 07:12:57,277] {logging_mixin.py:103} INFO - [2020-12-23 07:12:57,277] {dag.py:1813} INFO - Sync 1 DAGs
[2020-12-23 07:12:57,304] {logging_mixin.py:103} INFO - [2020-12-23 07:12:57,304] {dag.py:2266} INFO - Setting next_dagrun for example_complex to None
[2020-12-23 07:12:57,322] {scheduler_job.py:189} INFO - Processing /Users/harshittyagi/lil/de_env/lib/python3.8/site-packages/airflow/example_dags/example_complex.py took 0.056 seconds
[2020-12-23 07:13:49,635] {scheduler_job.py:181} INFO - Started process (PID=59689) to work on /Users/harshittyagi/lil/de_env/lib/python3.8/site-packages/airflow/example_dags/example_complex.py
[2020-12-23 07:13:49,635] {scheduler_job.py:629} INFO - Processing file /Users/harshittyagi/lil/de_env/lib/python3.8/site-packages/airflow/example_dags/example_complex.py for tasks to queue
[2020-12-23 07:13:49,636] {logging_mixin.py:103} INFO - [2020-12-23 07:13:49,636] {dagbag.py:440} INFO - Filling up the DagBag from /Users/harshittyagi/lil/de_env/lib/python3.8/site-packages/airflow/example_dags/example_complex.py
[2020-12-23 07:13:49,649] {scheduler_job.py:639} INFO - DAG(s) dict_keys(['example_complex']) retrieved from /Users/harshittyagi/lil/de_env/lib/python3.8/site-packages/airflow/example_dags/example_complex.py
[2020-12-23 07:13:49,653] {logging_mixin.py:103} INFO - [2020-12-23 07:13:49,652] {dag.py:1813} INFO - Sync 1 DAGs
[2020-12-23 07:13:49,698] {logging_mixin.py:103} INFO - [2020-12-23 07:13:49,698] {dag.py:2266} INFO - Setting next_dagrun for example_complex to None
[2020-12-23 07:13:49,726] {scheduler_job.py:189} INFO - Processing /Users/harshittyagi/lil/de_env/lib/python3.8/site-packages/airflow/example_dags/example_complex.py took 0.092 seconds
