[2020-12-23 07:10:45,470] {scheduler_job.py:181} INFO - Started process (PID=58743) to work on /Users/harshittyagi/lil/de_env/lib/python3.8/site-packages/airflow/example_dags/example_dag_decorator.py
[2020-12-23 07:10:45,471] {scheduler_job.py:629} INFO - Processing file /Users/harshittyagi/lil/de_env/lib/python3.8/site-packages/airflow/example_dags/example_dag_decorator.py for tasks to queue
[2020-12-23 07:10:45,471] {logging_mixin.py:103} INFO - [2020-12-23 07:10:45,471] {dagbag.py:440} INFO - Filling up the DagBag from /Users/harshittyagi/lil/de_env/lib/python3.8/site-packages/airflow/example_dags/example_dag_decorator.py
[2020-12-23 07:10:45,479] {scheduler_job.py:639} INFO - DAG(s) dict_keys(['example_dag_decorator']) retrieved from /Users/harshittyagi/lil/de_env/lib/python3.8/site-packages/airflow/example_dags/example_dag_decorator.py
[2020-12-23 07:10:45,479] {logging_mixin.py:103} INFO - [2020-12-23 07:10:45,479] {dag.py:1813} INFO - Sync 1 DAGs
[2020-12-23 07:10:45,509] {logging_mixin.py:103} INFO - [2020-12-23 07:10:45,509] {dag.py:2266} INFO - Setting next_dagrun for example_dag_decorator to None
[2020-12-23 07:10:45,521] {scheduler_job.py:189} INFO - Processing /Users/harshittyagi/lil/de_env/lib/python3.8/site-packages/airflow/example_dags/example_dag_decorator.py took 0.051 seconds
[2020-12-23 07:12:36,189] {scheduler_job.py:181} INFO - Started process (PID=59369) to work on /Users/harshittyagi/lil/de_env/lib/python3.8/site-packages/airflow/example_dags/example_dag_decorator.py
[2020-12-23 07:12:36,189] {scheduler_job.py:629} INFO - Processing file /Users/harshittyagi/lil/de_env/lib/python3.8/site-packages/airflow/example_dags/example_dag_decorator.py for tasks to queue
[2020-12-23 07:12:36,190] {logging_mixin.py:103} INFO - [2020-12-23 07:12:36,189] {dagbag.py:440} INFO - Filling up the DagBag from /Users/harshittyagi/lil/de_env/lib/python3.8/site-packages/airflow/example_dags/example_dag_decorator.py
[2020-12-23 07:12:36,197] {scheduler_job.py:639} INFO - DAG(s) dict_keys(['example_dag_decorator']) retrieved from /Users/harshittyagi/lil/de_env/lib/python3.8/site-packages/airflow/example_dags/example_dag_decorator.py
[2020-12-23 07:12:36,197] {logging_mixin.py:103} INFO - [2020-12-23 07:12:36,197] {dag.py:1813} INFO - Sync 1 DAGs
[2020-12-23 07:12:36,226] {logging_mixin.py:103} INFO - [2020-12-23 07:12:36,226] {dag.py:2266} INFO - Setting next_dagrun for example_dag_decorator to None
[2020-12-23 07:12:36,237] {scheduler_job.py:189} INFO - Processing /Users/harshittyagi/lil/de_env/lib/python3.8/site-packages/airflow/example_dags/example_dag_decorator.py took 0.049 seconds
[2020-12-23 07:13:31,112] {scheduler_job.py:181} INFO - Started process (PID=59656) to work on /Users/harshittyagi/lil/de_env/lib/python3.8/site-packages/airflow/example_dags/example_dag_decorator.py
[2020-12-23 07:13:31,113] {scheduler_job.py:629} INFO - Processing file /Users/harshittyagi/lil/de_env/lib/python3.8/site-packages/airflow/example_dags/example_dag_decorator.py for tasks to queue
[2020-12-23 07:13:31,113] {logging_mixin.py:103} INFO - [2020-12-23 07:13:31,113] {dagbag.py:440} INFO - Filling up the DagBag from /Users/harshittyagi/lil/de_env/lib/python3.8/site-packages/airflow/example_dags/example_dag_decorator.py
[2020-12-23 07:13:31,119] {scheduler_job.py:639} INFO - DAG(s) dict_keys(['example_dag_decorator']) retrieved from /Users/harshittyagi/lil/de_env/lib/python3.8/site-packages/airflow/example_dags/example_dag_decorator.py
[2020-12-23 07:13:31,119] {logging_mixin.py:103} INFO - [2020-12-23 07:13:31,119] {dag.py:1813} INFO - Sync 1 DAGs
[2020-12-23 07:13:31,145] {logging_mixin.py:103} INFO - [2020-12-23 07:13:31,145] {dag.py:2266} INFO - Setting next_dagrun for example_dag_decorator to None
[2020-12-23 07:13:31,155] {scheduler_job.py:189} INFO - Processing /Users/harshittyagi/lil/de_env/lib/python3.8/site-packages/airflow/example_dags/example_dag_decorator.py took 0.043 seconds
