[2020-12-23 07:10:59,936] {scheduler_job.py:181} INFO - Started process (PID=58766) to work on /Users/harshittyagi/lil/de_env/lib/python3.8/site-packages/airflow/example_dags/example_nested_branch_dag.py
[2020-12-23 07:10:59,936] {scheduler_job.py:629} INFO - Processing file /Users/harshittyagi/lil/de_env/lib/python3.8/site-packages/airflow/example_dags/example_nested_branch_dag.py for tasks to queue
[2020-12-23 07:10:59,937] {logging_mixin.py:103} INFO - [2020-12-23 07:10:59,937] {dagbag.py:440} INFO - Filling up the DagBag from /Users/harshittyagi/lil/de_env/lib/python3.8/site-packages/airflow/example_dags/example_nested_branch_dag.py
[2020-12-23 07:10:59,944] {scheduler_job.py:639} INFO - DAG(s) dict_keys(['example_nested_branch_dag']) retrieved from /Users/harshittyagi/lil/de_env/lib/python3.8/site-packages/airflow/example_dags/example_nested_branch_dag.py
[2020-12-23 07:10:59,944] {logging_mixin.py:103} INFO - [2020-12-23 07:10:59,944] {dag.py:1813} INFO - Sync 1 DAGs
[2020-12-23 07:10:59,975] {logging_mixin.py:103} INFO - [2020-12-23 07:10:59,975] {dag.py:2266} INFO - Setting next_dagrun for example_nested_branch_dag to 2020-12-21 00:00:00+00:00
[2020-12-23 07:10:59,986] {scheduler_job.py:189} INFO - Processing /Users/harshittyagi/lil/de_env/lib/python3.8/site-packages/airflow/example_dags/example_nested_branch_dag.py took 0.051 seconds
[2020-12-23 07:13:02,422] {scheduler_job.py:181} INFO - Started process (PID=59402) to work on /Users/harshittyagi/lil/de_env/lib/python3.8/site-packages/airflow/example_dags/example_nested_branch_dag.py
[2020-12-23 07:13:02,423] {scheduler_job.py:629} INFO - Processing file /Users/harshittyagi/lil/de_env/lib/python3.8/site-packages/airflow/example_dags/example_nested_branch_dag.py for tasks to queue
[2020-12-23 07:13:02,423] {logging_mixin.py:103} INFO - [2020-12-23 07:13:02,423] {dagbag.py:440} INFO - Filling up the DagBag from /Users/harshittyagi/lil/de_env/lib/python3.8/site-packages/airflow/example_dags/example_nested_branch_dag.py
[2020-12-23 07:13:02,429] {scheduler_job.py:639} INFO - DAG(s) dict_keys(['example_nested_branch_dag']) retrieved from /Users/harshittyagi/lil/de_env/lib/python3.8/site-packages/airflow/example_dags/example_nested_branch_dag.py
[2020-12-23 07:13:02,430] {logging_mixin.py:103} INFO - [2020-12-23 07:13:02,430] {dag.py:1813} INFO - Sync 1 DAGs
[2020-12-23 07:13:02,462] {logging_mixin.py:103} INFO - [2020-12-23 07:13:02,462] {dag.py:2266} INFO - Setting next_dagrun for example_nested_branch_dag to 2020-12-21 00:00:00+00:00
[2020-12-23 07:13:02,475] {scheduler_job.py:189} INFO - Processing /Users/harshittyagi/lil/de_env/lib/python3.8/site-packages/airflow/example_dags/example_nested_branch_dag.py took 0.053 seconds
[2020-12-23 07:13:56,361] {scheduler_job.py:181} INFO - Started process (PID=59699) to work on /Users/harshittyagi/lil/de_env/lib/python3.8/site-packages/airflow/example_dags/example_nested_branch_dag.py
[2020-12-23 07:13:56,362] {scheduler_job.py:629} INFO - Processing file /Users/harshittyagi/lil/de_env/lib/python3.8/site-packages/airflow/example_dags/example_nested_branch_dag.py for tasks to queue
[2020-12-23 07:13:56,363] {logging_mixin.py:103} INFO - [2020-12-23 07:13:56,362] {dagbag.py:440} INFO - Filling up the DagBag from /Users/harshittyagi/lil/de_env/lib/python3.8/site-packages/airflow/example_dags/example_nested_branch_dag.py
[2020-12-23 07:13:56,377] {scheduler_job.py:639} INFO - DAG(s) dict_keys(['example_nested_branch_dag']) retrieved from /Users/harshittyagi/lil/de_env/lib/python3.8/site-packages/airflow/example_dags/example_nested_branch_dag.py
[2020-12-23 07:13:56,378] {logging_mixin.py:103} INFO - [2020-12-23 07:13:56,378] {dag.py:1813} INFO - Sync 1 DAGs
[2020-12-23 07:13:56,440] {logging_mixin.py:103} INFO - [2020-12-23 07:13:56,440] {dag.py:2266} INFO - Setting next_dagrun for example_nested_branch_dag to 2020-12-21 00:00:00+00:00
[2020-12-23 07:13:56,464] {scheduler_job.py:189} INFO - Processing /Users/harshittyagi/lil/de_env/lib/python3.8/site-packages/airflow/example_dags/example_nested_branch_dag.py took 0.104 seconds
