[2020-12-23 07:10:47,368] {scheduler_job.py:181} INFO - Started process (PID=58745) to work on /Users/harshittyagi/lil/de_env/lib/python3.8/site-packages/airflow/example_dags/tutorial.py
[2020-12-23 07:10:47,368] {scheduler_job.py:629} INFO - Processing file /Users/harshittyagi/lil/de_env/lib/python3.8/site-packages/airflow/example_dags/tutorial.py for tasks to queue
[2020-12-23 07:10:47,369] {logging_mixin.py:103} INFO - [2020-12-23 07:10:47,369] {dagbag.py:440} INFO - Filling up the DagBag from /Users/harshittyagi/lil/de_env/lib/python3.8/site-packages/airflow/example_dags/tutorial.py
[2020-12-23 07:10:47,375] {scheduler_job.py:639} INFO - DAG(s) dict_keys(['tutorial']) retrieved from /Users/harshittyagi/lil/de_env/lib/python3.8/site-packages/airflow/example_dags/tutorial.py
[2020-12-23 07:10:47,375] {logging_mixin.py:103} INFO - [2020-12-23 07:10:47,375] {dag.py:1813} INFO - Sync 1 DAGs
[2020-12-23 07:10:47,409] {logging_mixin.py:103} INFO - [2020-12-23 07:10:47,409] {dag.py:2266} INFO - Setting next_dagrun for tutorial to 2020-12-21 00:00:00+00:00
[2020-12-23 07:10:47,423] {scheduler_job.py:189} INFO - Processing /Users/harshittyagi/lil/de_env/lib/python3.8/site-packages/airflow/example_dags/tutorial.py took 0.056 seconds
[2020-12-23 07:12:37,983] {scheduler_job.py:181} INFO - Started process (PID=59372) to work on /Users/harshittyagi/lil/de_env/lib/python3.8/site-packages/airflow/example_dags/tutorial.py
[2020-12-23 07:12:37,984] {scheduler_job.py:629} INFO - Processing file /Users/harshittyagi/lil/de_env/lib/python3.8/site-packages/airflow/example_dags/tutorial.py for tasks to queue
[2020-12-23 07:12:37,984] {logging_mixin.py:103} INFO - [2020-12-23 07:12:37,984] {dagbag.py:440} INFO - Filling up the DagBag from /Users/harshittyagi/lil/de_env/lib/python3.8/site-packages/airflow/example_dags/tutorial.py
[2020-12-23 07:12:37,989] {scheduler_job.py:639} INFO - DAG(s) dict_keys(['tutorial']) retrieved from /Users/harshittyagi/lil/de_env/lib/python3.8/site-packages/airflow/example_dags/tutorial.py
[2020-12-23 07:12:37,990] {logging_mixin.py:103} INFO - [2020-12-23 07:12:37,990] {dag.py:1813} INFO - Sync 1 DAGs
[2020-12-23 07:12:38,022] {logging_mixin.py:103} INFO - [2020-12-23 07:12:38,022] {dag.py:2266} INFO - Setting next_dagrun for tutorial to 2020-12-21 00:00:00+00:00
[2020-12-23 07:12:38,031] {scheduler_job.py:189} INFO - Processing /Users/harshittyagi/lil/de_env/lib/python3.8/site-packages/airflow/example_dags/tutorial.py took 0.048 seconds
[2020-12-23 07:13:32,768] {scheduler_job.py:181} INFO - Started process (PID=59658) to work on /Users/harshittyagi/lil/de_env/lib/python3.8/site-packages/airflow/example_dags/tutorial.py
[2020-12-23 07:13:32,769] {scheduler_job.py:629} INFO - Processing file /Users/harshittyagi/lil/de_env/lib/python3.8/site-packages/airflow/example_dags/tutorial.py for tasks to queue
[2020-12-23 07:13:32,769] {logging_mixin.py:103} INFO - [2020-12-23 07:13:32,769] {dagbag.py:440} INFO - Filling up the DagBag from /Users/harshittyagi/lil/de_env/lib/python3.8/site-packages/airflow/example_dags/tutorial.py
[2020-12-23 07:13:32,773] {scheduler_job.py:639} INFO - DAG(s) dict_keys(['tutorial']) retrieved from /Users/harshittyagi/lil/de_env/lib/python3.8/site-packages/airflow/example_dags/tutorial.py
[2020-12-23 07:13:32,773] {logging_mixin.py:103} INFO - [2020-12-23 07:13:32,773] {dag.py:1813} INFO - Sync 1 DAGs
[2020-12-23 07:13:32,796] {logging_mixin.py:103} INFO - [2020-12-23 07:13:32,795] {dag.py:2266} INFO - Setting next_dagrun for tutorial to 2020-12-21 00:00:00+00:00
[2020-12-23 07:13:32,805] {scheduler_job.py:189} INFO - Processing /Users/harshittyagi/lil/de_env/lib/python3.8/site-packages/airflow/example_dags/tutorial.py took 0.037 seconds
