[2020-12-23 07:10:55,315] {scheduler_job.py:181} INFO - Started process (PID=58759) to work on /Users/harshittyagi/lil/de_env/lib/python3.8/site-packages/airflow/example_dags/tutorial_taskflow_api_etl.py
[2020-12-23 07:10:55,315] {scheduler_job.py:629} INFO - Processing file /Users/harshittyagi/lil/de_env/lib/python3.8/site-packages/airflow/example_dags/tutorial_taskflow_api_etl.py for tasks to queue
[2020-12-23 07:10:55,315] {logging_mixin.py:103} INFO - [2020-12-23 07:10:55,315] {dagbag.py:440} INFO - Filling up the DagBag from /Users/harshittyagi/lil/de_env/lib/python3.8/site-packages/airflow/example_dags/tutorial_taskflow_api_etl.py
[2020-12-23 07:10:55,322] {scheduler_job.py:639} INFO - DAG(s) dict_keys(['tutorial_taskflow_api_etl']) retrieved from /Users/harshittyagi/lil/de_env/lib/python3.8/site-packages/airflow/example_dags/tutorial_taskflow_api_etl.py
[2020-12-23 07:10:55,322] {logging_mixin.py:103} INFO - [2020-12-23 07:10:55,322] {dag.py:1813} INFO - Sync 1 DAGs
[2020-12-23 07:10:55,355] {logging_mixin.py:103} INFO - [2020-12-23 07:10:55,355] {dag.py:2266} INFO - Setting next_dagrun for tutorial_taskflow_api_etl to None
[2020-12-23 07:10:55,366] {scheduler_job.py:189} INFO - Processing /Users/harshittyagi/lil/de_env/lib/python3.8/site-packages/airflow/example_dags/tutorial_taskflow_api_etl.py took 0.052 seconds
[2020-12-23 07:13:00,689] {scheduler_job.py:181} INFO - Started process (PID=59400) to work on /Users/harshittyagi/lil/de_env/lib/python3.8/site-packages/airflow/example_dags/tutorial_taskflow_api_etl.py
[2020-12-23 07:13:00,689] {scheduler_job.py:629} INFO - Processing file /Users/harshittyagi/lil/de_env/lib/python3.8/site-packages/airflow/example_dags/tutorial_taskflow_api_etl.py for tasks to queue
[2020-12-23 07:13:00,689] {logging_mixin.py:103} INFO - [2020-12-23 07:13:00,689] {dagbag.py:440} INFO - Filling up the DagBag from /Users/harshittyagi/lil/de_env/lib/python3.8/site-packages/airflow/example_dags/tutorial_taskflow_api_etl.py
[2020-12-23 07:13:00,695] {scheduler_job.py:639} INFO - DAG(s) dict_keys(['tutorial_taskflow_api_etl']) retrieved from /Users/harshittyagi/lil/de_env/lib/python3.8/site-packages/airflow/example_dags/tutorial_taskflow_api_etl.py
[2020-12-23 07:13:00,696] {logging_mixin.py:103} INFO - [2020-12-23 07:13:00,696] {dag.py:1813} INFO - Sync 1 DAGs
[2020-12-23 07:13:00,724] {logging_mixin.py:103} INFO - [2020-12-23 07:13:00,724] {dag.py:2266} INFO - Setting next_dagrun for tutorial_taskflow_api_etl to None
[2020-12-23 07:13:00,736] {scheduler_job.py:189} INFO - Processing /Users/harshittyagi/lil/de_env/lib/python3.8/site-packages/airflow/example_dags/tutorial_taskflow_api_etl.py took 0.048 seconds
[2020-12-23 07:13:54,083] {scheduler_job.py:181} INFO - Started process (PID=59696) to work on /Users/harshittyagi/lil/de_env/lib/python3.8/site-packages/airflow/example_dags/tutorial_taskflow_api_etl.py
[2020-12-23 07:13:54,084] {scheduler_job.py:629} INFO - Processing file /Users/harshittyagi/lil/de_env/lib/python3.8/site-packages/airflow/example_dags/tutorial_taskflow_api_etl.py for tasks to queue
[2020-12-23 07:13:54,084] {logging_mixin.py:103} INFO - [2020-12-23 07:13:54,084] {dagbag.py:440} INFO - Filling up the DagBag from /Users/harshittyagi/lil/de_env/lib/python3.8/site-packages/airflow/example_dags/tutorial_taskflow_api_etl.py
[2020-12-23 07:13:54,092] {scheduler_job.py:639} INFO - DAG(s) dict_keys(['tutorial_taskflow_api_etl']) retrieved from /Users/harshittyagi/lil/de_env/lib/python3.8/site-packages/airflow/example_dags/tutorial_taskflow_api_etl.py
[2020-12-23 07:13:54,092] {logging_mixin.py:103} INFO - [2020-12-23 07:13:54,092] {dag.py:1813} INFO - Sync 1 DAGs
[2020-12-23 07:13:54,133] {logging_mixin.py:103} INFO - [2020-12-23 07:13:54,133] {dag.py:2266} INFO - Setting next_dagrun for tutorial_taskflow_api_etl to None
[2020-12-23 07:13:54,153] {scheduler_job.py:189} INFO - Processing /Users/harshittyagi/lil/de_env/lib/python3.8/site-packages/airflow/example_dags/tutorial_taskflow_api_etl.py took 0.070 seconds
