[2020-12-20 04:42:22,802] {scheduler_job.py:181} INFO - Started process (PID=54725) to work on /Users/harshittyagi/lil/de_env/lib/python3.8/site-packages/airflow/example_dags/example_kubernetes_executor_config.py
[2020-12-20 04:42:22,803] {scheduler_job.py:629} INFO - Processing file /Users/harshittyagi/lil/de_env/lib/python3.8/site-packages/airflow/example_dags/example_kubernetes_executor_config.py for tasks to queue
[2020-12-20 04:42:22,803] {logging_mixin.py:103} INFO - [2020-12-20 04:42:22,803] {dagbag.py:440} INFO - Filling up the DagBag from /Users/harshittyagi/lil/de_env/lib/python3.8/site-packages/airflow/example_dags/example_kubernetes_executor_config.py
[2020-12-20 04:42:22,807] {logging_mixin.py:103} INFO - [2020-12-20 04:42:22,807] {example_kubernetes_executor_config.py:174} WARNING - Could not import DAGs in example_kubernetes_executor_config.py: No module named 'kubernetes'
[2020-12-20 04:42:22,807] {logging_mixin.py:103} INFO - [2020-12-20 04:42:22,807] {example_kubernetes_executor_config.py:175} WARNING - Install kubernetes dependencies with: pip install apache-airflow['cncf.kubernetes']
[2020-12-20 04:42:22,807] {scheduler_job.py:641} WARNING - No viable dags retrieved from /Users/harshittyagi/lil/de_env/lib/python3.8/site-packages/airflow/example_dags/example_kubernetes_executor_config.py
[2020-12-20 04:42:22,834] {scheduler_job.py:189} INFO - Processing /Users/harshittyagi/lil/de_env/lib/python3.8/site-packages/airflow/example_dags/example_kubernetes_executor_config.py took 0.032 seconds
[2020-12-20 04:43:18,480] {scheduler_job.py:181} INFO - Started process (PID=55022) to work on /Users/harshittyagi/lil/de_env/lib/python3.8/site-packages/airflow/example_dags/example_kubernetes_executor_config.py
[2020-12-20 04:43:18,481] {scheduler_job.py:629} INFO - Processing file /Users/harshittyagi/lil/de_env/lib/python3.8/site-packages/airflow/example_dags/example_kubernetes_executor_config.py for tasks to queue
[2020-12-20 04:43:18,481] {logging_mixin.py:103} INFO - [2020-12-20 04:43:18,481] {dagbag.py:440} INFO - Filling up the DagBag from /Users/harshittyagi/lil/de_env/lib/python3.8/site-packages/airflow/example_dags/example_kubernetes_executor_config.py
[2020-12-20 04:43:18,484] {logging_mixin.py:103} INFO - [2020-12-20 04:43:18,484] {example_kubernetes_executor_config.py:174} WARNING - Could not import DAGs in example_kubernetes_executor_config.py: No module named 'kubernetes'
[2020-12-20 04:43:18,484] {logging_mixin.py:103} INFO - [2020-12-20 04:43:18,484] {example_kubernetes_executor_config.py:175} WARNING - Install kubernetes dependencies with: pip install apache-airflow['cncf.kubernetes']
[2020-12-20 04:43:18,485] {scheduler_job.py:641} WARNING - No viable dags retrieved from /Users/harshittyagi/lil/de_env/lib/python3.8/site-packages/airflow/example_dags/example_kubernetes_executor_config.py
[2020-12-20 04:43:18,505] {scheduler_job.py:189} INFO - Processing /Users/harshittyagi/lil/de_env/lib/python3.8/site-packages/airflow/example_dags/example_kubernetes_executor_config.py took 0.026 seconds
[2020-12-20 04:44:30,205] {scheduler_job.py:181} INFO - Started process (PID=55315) to work on /Users/harshittyagi/lil/de_env/lib/python3.8/site-packages/airflow/example_dags/example_kubernetes_executor_config.py
[2020-12-20 04:44:30,206] {scheduler_job.py:629} INFO - Processing file /Users/harshittyagi/lil/de_env/lib/python3.8/site-packages/airflow/example_dags/example_kubernetes_executor_config.py for tasks to queue
[2020-12-20 04:44:30,207] {logging_mixin.py:103} INFO - [2020-12-20 04:44:30,206] {dagbag.py:440} INFO - Filling up the DagBag from /Users/harshittyagi/lil/de_env/lib/python3.8/site-packages/airflow/example_dags/example_kubernetes_executor_config.py
[2020-12-20 04:44:30,213] {logging_mixin.py:103} INFO - [2020-12-20 04:44:30,213] {example_kubernetes_executor_config.py:174} WARNING - Could not import DAGs in example_kubernetes_executor_config.py: No module named 'kubernetes'
[2020-12-20 04:44:30,214] {logging_mixin.py:103} INFO - [2020-12-20 04:44:30,214] {example_kubernetes_executor_config.py:175} WARNING - Install kubernetes dependencies with: pip install apache-airflow['cncf.kubernetes']
[2020-12-20 04:44:30,214] {scheduler_job.py:641} WARNING - No viable dags retrieved from /Users/harshittyagi/lil/de_env/lib/python3.8/site-packages/airflow/example_dags/example_kubernetes_executor_config.py
[2020-12-20 04:44:30,257] {scheduler_job.py:189} INFO - Processing /Users/harshittyagi/lil/de_env/lib/python3.8/site-packages/airflow/example_dags/example_kubernetes_executor_config.py took 0.053 seconds
[2020-12-20 04:45:25,967] {scheduler_job.py:181} INFO - Started process (PID=55606) to work on /Users/harshittyagi/lil/de_env/lib/python3.8/site-packages/airflow/example_dags/example_kubernetes_executor_config.py
[2020-12-20 04:45:25,967] {scheduler_job.py:629} INFO - Processing file /Users/harshittyagi/lil/de_env/lib/python3.8/site-packages/airflow/example_dags/example_kubernetes_executor_config.py for tasks to queue
[2020-12-20 04:45:25,968] {logging_mixin.py:103} INFO - [2020-12-20 04:45:25,967] {dagbag.py:440} INFO - Filling up the DagBag from /Users/harshittyagi/lil/de_env/lib/python3.8/site-packages/airflow/example_dags/example_kubernetes_executor_config.py
[2020-12-20 04:45:25,971] {logging_mixin.py:103} INFO - [2020-12-20 04:45:25,971] {example_kubernetes_executor_config.py:174} WARNING - Could not import DAGs in example_kubernetes_executor_config.py: No module named 'kubernetes'
[2020-12-20 04:45:25,971] {logging_mixin.py:103} INFO - [2020-12-20 04:45:25,971] {example_kubernetes_executor_config.py:175} WARNING - Install kubernetes dependencies with: pip install apache-airflow['cncf.kubernetes']
[2020-12-20 04:45:25,971] {scheduler_job.py:641} WARNING - No viable dags retrieved from /Users/harshittyagi/lil/de_env/lib/python3.8/site-packages/airflow/example_dags/example_kubernetes_executor_config.py
[2020-12-20 04:45:25,994] {scheduler_job.py:189} INFO - Processing /Users/harshittyagi/lil/de_env/lib/python3.8/site-packages/airflow/example_dags/example_kubernetes_executor_config.py took 0.028 seconds
[2020-12-20 04:46:19,629] {scheduler_job.py:181} INFO - Started process (PID=55889) to work on /Users/harshittyagi/lil/de_env/lib/python3.8/site-packages/airflow/example_dags/example_kubernetes_executor_config.py
[2020-12-20 04:46:19,630] {scheduler_job.py:629} INFO - Processing file /Users/harshittyagi/lil/de_env/lib/python3.8/site-packages/airflow/example_dags/example_kubernetes_executor_config.py for tasks to queue
[2020-12-20 04:46:19,630] {logging_mixin.py:103} INFO - [2020-12-20 04:46:19,630] {dagbag.py:440} INFO - Filling up the DagBag from /Users/harshittyagi/lil/de_env/lib/python3.8/site-packages/airflow/example_dags/example_kubernetes_executor_config.py
[2020-12-20 04:46:19,633] {logging_mixin.py:103} INFO - [2020-12-20 04:46:19,633] {example_kubernetes_executor_config.py:174} WARNING - Could not import DAGs in example_kubernetes_executor_config.py: No module named 'kubernetes'
[2020-12-20 04:46:19,633] {logging_mixin.py:103} INFO - [2020-12-20 04:46:19,633] {example_kubernetes_executor_config.py:175} WARNING - Install kubernetes dependencies with: pip install apache-airflow['cncf.kubernetes']
[2020-12-20 04:46:19,633] {scheduler_job.py:641} WARNING - No viable dags retrieved from /Users/harshittyagi/lil/de_env/lib/python3.8/site-packages/airflow/example_dags/example_kubernetes_executor_config.py
[2020-12-20 04:46:19,653] {scheduler_job.py:189} INFO - Processing /Users/harshittyagi/lil/de_env/lib/python3.8/site-packages/airflow/example_dags/example_kubernetes_executor_config.py took 0.024 seconds
[2020-12-20 04:47:13,292] {scheduler_job.py:181} INFO - Started process (PID=56175) to work on /Users/harshittyagi/lil/de_env/lib/python3.8/site-packages/airflow/example_dags/example_kubernetes_executor_config.py
[2020-12-20 04:47:13,292] {scheduler_job.py:629} INFO - Processing file /Users/harshittyagi/lil/de_env/lib/python3.8/site-packages/airflow/example_dags/example_kubernetes_executor_config.py for tasks to queue
[2020-12-20 04:47:13,292] {logging_mixin.py:103} INFO - [2020-12-20 04:47:13,292] {dagbag.py:440} INFO - Filling up the DagBag from /Users/harshittyagi/lil/de_env/lib/python3.8/site-packages/airflow/example_dags/example_kubernetes_executor_config.py
[2020-12-20 04:47:13,295] {logging_mixin.py:103} INFO - [2020-12-20 04:47:13,295] {example_kubernetes_executor_config.py:174} WARNING - Could not import DAGs in example_kubernetes_executor_config.py: No module named 'kubernetes'
[2020-12-20 04:47:13,295] {logging_mixin.py:103} INFO - [2020-12-20 04:47:13,295] {example_kubernetes_executor_config.py:175} WARNING - Install kubernetes dependencies with: pip install apache-airflow['cncf.kubernetes']
[2020-12-20 04:47:13,295] {scheduler_job.py:641} WARNING - No viable dags retrieved from /Users/harshittyagi/lil/de_env/lib/python3.8/site-packages/airflow/example_dags/example_kubernetes_executor_config.py
[2020-12-20 04:47:13,315] {scheduler_job.py:189} INFO - Processing /Users/harshittyagi/lil/de_env/lib/python3.8/site-packages/airflow/example_dags/example_kubernetes_executor_config.py took 0.024 seconds
[2020-12-20 04:48:06,879] {scheduler_job.py:181} INFO - Started process (PID=56461) to work on /Users/harshittyagi/lil/de_env/lib/python3.8/site-packages/airflow/example_dags/example_kubernetes_executor_config.py
[2020-12-20 04:48:06,879] {scheduler_job.py:629} INFO - Processing file /Users/harshittyagi/lil/de_env/lib/python3.8/site-packages/airflow/example_dags/example_kubernetes_executor_config.py for tasks to queue
[2020-12-20 04:48:06,879] {logging_mixin.py:103} INFO - [2020-12-20 04:48:06,879] {dagbag.py:440} INFO - Filling up the DagBag from /Users/harshittyagi/lil/de_env/lib/python3.8/site-packages/airflow/example_dags/example_kubernetes_executor_config.py
[2020-12-20 04:48:06,882] {logging_mixin.py:103} INFO - [2020-12-20 04:48:06,882] {example_kubernetes_executor_config.py:174} WARNING - Could not import DAGs in example_kubernetes_executor_config.py: No module named 'kubernetes'
[2020-12-20 04:48:06,883] {logging_mixin.py:103} INFO - [2020-12-20 04:48:06,883] {example_kubernetes_executor_config.py:175} WARNING - Install kubernetes dependencies with: pip install apache-airflow['cncf.kubernetes']
[2020-12-20 04:48:06,883] {scheduler_job.py:641} WARNING - No viable dags retrieved from /Users/harshittyagi/lil/de_env/lib/python3.8/site-packages/airflow/example_dags/example_kubernetes_executor_config.py
[2020-12-20 04:48:06,904] {scheduler_job.py:189} INFO - Processing /Users/harshittyagi/lil/de_env/lib/python3.8/site-packages/airflow/example_dags/example_kubernetes_executor_config.py took 0.026 seconds
[2020-12-20 04:49:00,365] {scheduler_job.py:181} INFO - Started process (PID=56745) to work on /Users/harshittyagi/lil/de_env/lib/python3.8/site-packages/airflow/example_dags/example_kubernetes_executor_config.py
[2020-12-20 04:49:00,365] {scheduler_job.py:629} INFO - Processing file /Users/harshittyagi/lil/de_env/lib/python3.8/site-packages/airflow/example_dags/example_kubernetes_executor_config.py for tasks to queue
[2020-12-20 04:49:00,365] {logging_mixin.py:103} INFO - [2020-12-20 04:49:00,365] {dagbag.py:440} INFO - Filling up the DagBag from /Users/harshittyagi/lil/de_env/lib/python3.8/site-packages/airflow/example_dags/example_kubernetes_executor_config.py
[2020-12-20 04:49:00,368] {logging_mixin.py:103} INFO - [2020-12-20 04:49:00,368] {example_kubernetes_executor_config.py:174} WARNING - Could not import DAGs in example_kubernetes_executor_config.py: No module named 'kubernetes'
[2020-12-20 04:49:00,368] {logging_mixin.py:103} INFO - [2020-12-20 04:49:00,368] {example_kubernetes_executor_config.py:175} WARNING - Install kubernetes dependencies with: pip install apache-airflow['cncf.kubernetes']
[2020-12-20 04:49:00,369] {scheduler_job.py:641} WARNING - No viable dags retrieved from /Users/harshittyagi/lil/de_env/lib/python3.8/site-packages/airflow/example_dags/example_kubernetes_executor_config.py
[2020-12-20 04:49:00,389] {scheduler_job.py:189} INFO - Processing /Users/harshittyagi/lil/de_env/lib/python3.8/site-packages/airflow/example_dags/example_kubernetes_executor_config.py took 0.025 seconds
[2020-12-20 04:49:54,134] {scheduler_job.py:181} INFO - Started process (PID=57028) to work on /Users/harshittyagi/lil/de_env/lib/python3.8/site-packages/airflow/example_dags/example_kubernetes_executor_config.py
[2020-12-20 04:49:54,134] {scheduler_job.py:629} INFO - Processing file /Users/harshittyagi/lil/de_env/lib/python3.8/site-packages/airflow/example_dags/example_kubernetes_executor_config.py for tasks to queue
[2020-12-20 04:49:54,134] {logging_mixin.py:103} INFO - [2020-12-20 04:49:54,134] {dagbag.py:440} INFO - Filling up the DagBag from /Users/harshittyagi/lil/de_env/lib/python3.8/site-packages/airflow/example_dags/example_kubernetes_executor_config.py
[2020-12-20 04:49:54,137] {logging_mixin.py:103} INFO - [2020-12-20 04:49:54,137] {example_kubernetes_executor_config.py:174} WARNING - Could not import DAGs in example_kubernetes_executor_config.py: No module named 'kubernetes'
[2020-12-20 04:49:54,137] {logging_mixin.py:103} INFO - [2020-12-20 04:49:54,137] {example_kubernetes_executor_config.py:175} WARNING - Install kubernetes dependencies with: pip install apache-airflow['cncf.kubernetes']
[2020-12-20 04:49:54,137] {scheduler_job.py:641} WARNING - No viable dags retrieved from /Users/harshittyagi/lil/de_env/lib/python3.8/site-packages/airflow/example_dags/example_kubernetes_executor_config.py
[2020-12-20 04:49:54,158] {scheduler_job.py:189} INFO - Processing /Users/harshittyagi/lil/de_env/lib/python3.8/site-packages/airflow/example_dags/example_kubernetes_executor_config.py took 0.024 seconds
[2020-12-20 04:50:47,736] {scheduler_job.py:181} INFO - Started process (PID=57314) to work on /Users/harshittyagi/lil/de_env/lib/python3.8/site-packages/airflow/example_dags/example_kubernetes_executor_config.py
[2020-12-20 04:50:47,737] {scheduler_job.py:629} INFO - Processing file /Users/harshittyagi/lil/de_env/lib/python3.8/site-packages/airflow/example_dags/example_kubernetes_executor_config.py for tasks to queue
[2020-12-20 04:50:47,737] {logging_mixin.py:103} INFO - [2020-12-20 04:50:47,737] {dagbag.py:440} INFO - Filling up the DagBag from /Users/harshittyagi/lil/de_env/lib/python3.8/site-packages/airflow/example_dags/example_kubernetes_executor_config.py
[2020-12-20 04:50:47,740] {logging_mixin.py:103} INFO - [2020-12-20 04:50:47,740] {example_kubernetes_executor_config.py:174} WARNING - Could not import DAGs in example_kubernetes_executor_config.py: No module named 'kubernetes'
[2020-12-20 04:50:47,740] {logging_mixin.py:103} INFO - [2020-12-20 04:50:47,740] {example_kubernetes_executor_config.py:175} WARNING - Install kubernetes dependencies with: pip install apache-airflow['cncf.kubernetes']
[2020-12-20 04:50:47,740] {scheduler_job.py:641} WARNING - No viable dags retrieved from /Users/harshittyagi/lil/de_env/lib/python3.8/site-packages/airflow/example_dags/example_kubernetes_executor_config.py
[2020-12-20 04:50:47,760] {scheduler_job.py:189} INFO - Processing /Users/harshittyagi/lil/de_env/lib/python3.8/site-packages/airflow/example_dags/example_kubernetes_executor_config.py took 0.025 seconds
[2020-12-20 04:51:40,453] {scheduler_job.py:181} INFO - Started process (PID=57598) to work on /Users/harshittyagi/lil/de_env/lib/python3.8/site-packages/airflow/example_dags/example_kubernetes_executor_config.py
[2020-12-20 04:51:40,453] {scheduler_job.py:629} INFO - Processing file /Users/harshittyagi/lil/de_env/lib/python3.8/site-packages/airflow/example_dags/example_kubernetes_executor_config.py for tasks to queue
[2020-12-20 04:51:40,454] {logging_mixin.py:103} INFO - [2020-12-20 04:51:40,453] {dagbag.py:440} INFO - Filling up the DagBag from /Users/harshittyagi/lil/de_env/lib/python3.8/site-packages/airflow/example_dags/example_kubernetes_executor_config.py
[2020-12-20 04:51:40,456] {logging_mixin.py:103} INFO - [2020-12-20 04:51:40,456] {example_kubernetes_executor_config.py:174} WARNING - Could not import DAGs in example_kubernetes_executor_config.py: No module named 'kubernetes'
[2020-12-20 04:51:40,456] {logging_mixin.py:103} INFO - [2020-12-20 04:51:40,456] {example_kubernetes_executor_config.py:175} WARNING - Install kubernetes dependencies with: pip install apache-airflow['cncf.kubernetes']
[2020-12-20 04:51:40,457] {scheduler_job.py:641} WARNING - No viable dags retrieved from /Users/harshittyagi/lil/de_env/lib/python3.8/site-packages/airflow/example_dags/example_kubernetes_executor_config.py
[2020-12-20 04:51:40,476] {scheduler_job.py:189} INFO - Processing /Users/harshittyagi/lil/de_env/lib/python3.8/site-packages/airflow/example_dags/example_kubernetes_executor_config.py took 0.024 seconds
[2020-12-20 04:52:32,033] {scheduler_job.py:181} INFO - Started process (PID=57884) to work on /Users/harshittyagi/lil/de_env/lib/python3.8/site-packages/airflow/example_dags/example_kubernetes_executor_config.py
[2020-12-20 04:52:32,034] {scheduler_job.py:629} INFO - Processing file /Users/harshittyagi/lil/de_env/lib/python3.8/site-packages/airflow/example_dags/example_kubernetes_executor_config.py for tasks to queue
[2020-12-20 04:52:32,034] {logging_mixin.py:103} INFO - [2020-12-20 04:52:32,034] {dagbag.py:440} INFO - Filling up the DagBag from /Users/harshittyagi/lil/de_env/lib/python3.8/site-packages/airflow/example_dags/example_kubernetes_executor_config.py
[2020-12-20 04:52:32,037] {logging_mixin.py:103} INFO - [2020-12-20 04:52:32,037] {example_kubernetes_executor_config.py:174} WARNING - Could not import DAGs in example_kubernetes_executor_config.py: No module named 'kubernetes'
[2020-12-20 04:52:32,037] {logging_mixin.py:103} INFO - [2020-12-20 04:52:32,037] {example_kubernetes_executor_config.py:175} WARNING - Install kubernetes dependencies with: pip install apache-airflow['cncf.kubernetes']
[2020-12-20 04:52:32,038] {scheduler_job.py:641} WARNING - No viable dags retrieved from /Users/harshittyagi/lil/de_env/lib/python3.8/site-packages/airflow/example_dags/example_kubernetes_executor_config.py
[2020-12-20 04:52:32,062] {scheduler_job.py:189} INFO - Processing /Users/harshittyagi/lil/de_env/lib/python3.8/site-packages/airflow/example_dags/example_kubernetes_executor_config.py took 0.029 seconds
[2020-12-20 04:53:26,106] {scheduler_job.py:181} INFO - Started process (PID=58170) to work on /Users/harshittyagi/lil/de_env/lib/python3.8/site-packages/airflow/example_dags/example_kubernetes_executor_config.py
[2020-12-20 04:53:26,106] {scheduler_job.py:629} INFO - Processing file /Users/harshittyagi/lil/de_env/lib/python3.8/site-packages/airflow/example_dags/example_kubernetes_executor_config.py for tasks to queue
[2020-12-20 04:53:26,107] {logging_mixin.py:103} INFO - [2020-12-20 04:53:26,107] {dagbag.py:440} INFO - Filling up the DagBag from /Users/harshittyagi/lil/de_env/lib/python3.8/site-packages/airflow/example_dags/example_kubernetes_executor_config.py
[2020-12-20 04:53:26,110] {logging_mixin.py:103} INFO - [2020-12-20 04:53:26,110] {example_kubernetes_executor_config.py:174} WARNING - Could not import DAGs in example_kubernetes_executor_config.py: No module named 'kubernetes'
[2020-12-20 04:53:26,110] {logging_mixin.py:103} INFO - [2020-12-20 04:53:26,110] {example_kubernetes_executor_config.py:175} WARNING - Install kubernetes dependencies with: pip install apache-airflow['cncf.kubernetes']
[2020-12-20 04:53:26,110] {scheduler_job.py:641} WARNING - No viable dags retrieved from /Users/harshittyagi/lil/de_env/lib/python3.8/site-packages/airflow/example_dags/example_kubernetes_executor_config.py
[2020-12-20 04:53:26,131] {scheduler_job.py:189} INFO - Processing /Users/harshittyagi/lil/de_env/lib/python3.8/site-packages/airflow/example_dags/example_kubernetes_executor_config.py took 0.025 seconds
[2020-12-20 04:54:20,070] {scheduler_job.py:181} INFO - Started process (PID=58462) to work on /Users/harshittyagi/lil/de_env/lib/python3.8/site-packages/airflow/example_dags/example_kubernetes_executor_config.py
[2020-12-20 04:54:20,070] {scheduler_job.py:629} INFO - Processing file /Users/harshittyagi/lil/de_env/lib/python3.8/site-packages/airflow/example_dags/example_kubernetes_executor_config.py for tasks to queue
[2020-12-20 04:54:20,071] {logging_mixin.py:103} INFO - [2020-12-20 04:54:20,071] {dagbag.py:440} INFO - Filling up the DagBag from /Users/harshittyagi/lil/de_env/lib/python3.8/site-packages/airflow/example_dags/example_kubernetes_executor_config.py
[2020-12-20 04:54:20,073] {logging_mixin.py:103} INFO - [2020-12-20 04:54:20,073] {example_kubernetes_executor_config.py:174} WARNING - Could not import DAGs in example_kubernetes_executor_config.py: No module named 'kubernetes'
[2020-12-20 04:54:20,073] {logging_mixin.py:103} INFO - [2020-12-20 04:54:20,073] {example_kubernetes_executor_config.py:175} WARNING - Install kubernetes dependencies with: pip install apache-airflow['cncf.kubernetes']
[2020-12-20 04:54:20,073] {scheduler_job.py:641} WARNING - No viable dags retrieved from /Users/harshittyagi/lil/de_env/lib/python3.8/site-packages/airflow/example_dags/example_kubernetes_executor_config.py
[2020-12-20 04:54:20,094] {scheduler_job.py:189} INFO - Processing /Users/harshittyagi/lil/de_env/lib/python3.8/site-packages/airflow/example_dags/example_kubernetes_executor_config.py took 0.024 seconds
[2020-12-20 04:55:14,417] {scheduler_job.py:181} INFO - Started process (PID=58747) to work on /Users/harshittyagi/lil/de_env/lib/python3.8/site-packages/airflow/example_dags/example_kubernetes_executor_config.py
[2020-12-20 04:55:14,417] {scheduler_job.py:629} INFO - Processing file /Users/harshittyagi/lil/de_env/lib/python3.8/site-packages/airflow/example_dags/example_kubernetes_executor_config.py for tasks to queue
[2020-12-20 04:55:14,417] {logging_mixin.py:103} INFO - [2020-12-20 04:55:14,417] {dagbag.py:440} INFO - Filling up the DagBag from /Users/harshittyagi/lil/de_env/lib/python3.8/site-packages/airflow/example_dags/example_kubernetes_executor_config.py
[2020-12-20 04:55:14,420] {logging_mixin.py:103} INFO - [2020-12-20 04:55:14,420] {example_kubernetes_executor_config.py:174} WARNING - Could not import DAGs in example_kubernetes_executor_config.py: No module named 'kubernetes'
[2020-12-20 04:55:14,420] {logging_mixin.py:103} INFO - [2020-12-20 04:55:14,420] {example_kubernetes_executor_config.py:175} WARNING - Install kubernetes dependencies with: pip install apache-airflow['cncf.kubernetes']
[2020-12-20 04:55:14,420] {scheduler_job.py:641} WARNING - No viable dags retrieved from /Users/harshittyagi/lil/de_env/lib/python3.8/site-packages/airflow/example_dags/example_kubernetes_executor_config.py
[2020-12-20 04:55:14,440] {scheduler_job.py:189} INFO - Processing /Users/harshittyagi/lil/de_env/lib/python3.8/site-packages/airflow/example_dags/example_kubernetes_executor_config.py took 0.024 seconds
[2020-12-20 04:56:08,363] {scheduler_job.py:181} INFO - Started process (PID=59029) to work on /Users/harshittyagi/lil/de_env/lib/python3.8/site-packages/airflow/example_dags/example_kubernetes_executor_config.py
[2020-12-20 04:56:08,363] {scheduler_job.py:629} INFO - Processing file /Users/harshittyagi/lil/de_env/lib/python3.8/site-packages/airflow/example_dags/example_kubernetes_executor_config.py for tasks to queue
[2020-12-20 04:56:08,364] {logging_mixin.py:103} INFO - [2020-12-20 04:56:08,363] {dagbag.py:440} INFO - Filling up the DagBag from /Users/harshittyagi/lil/de_env/lib/python3.8/site-packages/airflow/example_dags/example_kubernetes_executor_config.py
[2020-12-20 04:56:08,366] {logging_mixin.py:103} INFO - [2020-12-20 04:56:08,366] {example_kubernetes_executor_config.py:174} WARNING - Could not import DAGs in example_kubernetes_executor_config.py: No module named 'kubernetes'
[2020-12-20 04:56:08,366] {logging_mixin.py:103} INFO - [2020-12-20 04:56:08,366] {example_kubernetes_executor_config.py:175} WARNING - Install kubernetes dependencies with: pip install apache-airflow['cncf.kubernetes']
[2020-12-20 04:56:08,366] {scheduler_job.py:641} WARNING - No viable dags retrieved from /Users/harshittyagi/lil/de_env/lib/python3.8/site-packages/airflow/example_dags/example_kubernetes_executor_config.py
[2020-12-20 04:56:08,386] {scheduler_job.py:189} INFO - Processing /Users/harshittyagi/lil/de_env/lib/python3.8/site-packages/airflow/example_dags/example_kubernetes_executor_config.py took 0.024 seconds
[2020-12-20 04:57:02,337] {scheduler_job.py:181} INFO - Started process (PID=59310) to work on /Users/harshittyagi/lil/de_env/lib/python3.8/site-packages/airflow/example_dags/example_kubernetes_executor_config.py
[2020-12-20 04:57:02,337] {scheduler_job.py:629} INFO - Processing file /Users/harshittyagi/lil/de_env/lib/python3.8/site-packages/airflow/example_dags/example_kubernetes_executor_config.py for tasks to queue
[2020-12-20 04:57:02,337] {logging_mixin.py:103} INFO - [2020-12-20 04:57:02,337] {dagbag.py:440} INFO - Filling up the DagBag from /Users/harshittyagi/lil/de_env/lib/python3.8/site-packages/airflow/example_dags/example_kubernetes_executor_config.py
[2020-12-20 04:57:02,340] {logging_mixin.py:103} INFO - [2020-12-20 04:57:02,340] {example_kubernetes_executor_config.py:174} WARNING - Could not import DAGs in example_kubernetes_executor_config.py: No module named 'kubernetes'
[2020-12-20 04:57:02,340] {logging_mixin.py:103} INFO - [2020-12-20 04:57:02,340] {example_kubernetes_executor_config.py:175} WARNING - Install kubernetes dependencies with: pip install apache-airflow['cncf.kubernetes']
[2020-12-20 04:57:02,340] {scheduler_job.py:641} WARNING - No viable dags retrieved from /Users/harshittyagi/lil/de_env/lib/python3.8/site-packages/airflow/example_dags/example_kubernetes_executor_config.py
[2020-12-20 04:57:02,359] {scheduler_job.py:189} INFO - Processing /Users/harshittyagi/lil/de_env/lib/python3.8/site-packages/airflow/example_dags/example_kubernetes_executor_config.py took 0.023 seconds
[2020-12-20 04:57:56,143] {scheduler_job.py:181} INFO - Started process (PID=59593) to work on /Users/harshittyagi/lil/de_env/lib/python3.8/site-packages/airflow/example_dags/example_kubernetes_executor_config.py
[2020-12-20 04:57:56,143] {scheduler_job.py:629} INFO - Processing file /Users/harshittyagi/lil/de_env/lib/python3.8/site-packages/airflow/example_dags/example_kubernetes_executor_config.py for tasks to queue
[2020-12-20 04:57:56,143] {logging_mixin.py:103} INFO - [2020-12-20 04:57:56,143] {dagbag.py:440} INFO - Filling up the DagBag from /Users/harshittyagi/lil/de_env/lib/python3.8/site-packages/airflow/example_dags/example_kubernetes_executor_config.py
[2020-12-20 04:57:56,146] {logging_mixin.py:103} INFO - [2020-12-20 04:57:56,146] {example_kubernetes_executor_config.py:174} WARNING - Could not import DAGs in example_kubernetes_executor_config.py: No module named 'kubernetes'
[2020-12-20 04:57:56,146] {logging_mixin.py:103} INFO - [2020-12-20 04:57:56,146] {example_kubernetes_executor_config.py:175} WARNING - Install kubernetes dependencies with: pip install apache-airflow['cncf.kubernetes']
[2020-12-20 04:57:56,147] {scheduler_job.py:641} WARNING - No viable dags retrieved from /Users/harshittyagi/lil/de_env/lib/python3.8/site-packages/airflow/example_dags/example_kubernetes_executor_config.py
[2020-12-20 04:57:56,167] {scheduler_job.py:189} INFO - Processing /Users/harshittyagi/lil/de_env/lib/python3.8/site-packages/airflow/example_dags/example_kubernetes_executor_config.py took 0.025 seconds
[2020-12-20 04:58:50,028] {scheduler_job.py:181} INFO - Started process (PID=59875) to work on /Users/harshittyagi/lil/de_env/lib/python3.8/site-packages/airflow/example_dags/example_kubernetes_executor_config.py
[2020-12-20 04:58:50,028] {scheduler_job.py:629} INFO - Processing file /Users/harshittyagi/lil/de_env/lib/python3.8/site-packages/airflow/example_dags/example_kubernetes_executor_config.py for tasks to queue
[2020-12-20 04:58:50,028] {logging_mixin.py:103} INFO - [2020-12-20 04:58:50,028] {dagbag.py:440} INFO - Filling up the DagBag from /Users/harshittyagi/lil/de_env/lib/python3.8/site-packages/airflow/example_dags/example_kubernetes_executor_config.py
[2020-12-20 04:58:50,031] {logging_mixin.py:103} INFO - [2020-12-20 04:58:50,031] {example_kubernetes_executor_config.py:174} WARNING - Could not import DAGs in example_kubernetes_executor_config.py: No module named 'kubernetes'
[2020-12-20 04:58:50,031] {logging_mixin.py:103} INFO - [2020-12-20 04:58:50,031] {example_kubernetes_executor_config.py:175} WARNING - Install kubernetes dependencies with: pip install apache-airflow['cncf.kubernetes']
[2020-12-20 04:58:50,031] {scheduler_job.py:641} WARNING - No viable dags retrieved from /Users/harshittyagi/lil/de_env/lib/python3.8/site-packages/airflow/example_dags/example_kubernetes_executor_config.py
[2020-12-20 04:58:50,051] {scheduler_job.py:189} INFO - Processing /Users/harshittyagi/lil/de_env/lib/python3.8/site-packages/airflow/example_dags/example_kubernetes_executor_config.py took 0.024 seconds
[2020-12-20 04:59:44,072] {scheduler_job.py:181} INFO - Started process (PID=60158) to work on /Users/harshittyagi/lil/de_env/lib/python3.8/site-packages/airflow/example_dags/example_kubernetes_executor_config.py
[2020-12-20 04:59:44,073] {scheduler_job.py:629} INFO - Processing file /Users/harshittyagi/lil/de_env/lib/python3.8/site-packages/airflow/example_dags/example_kubernetes_executor_config.py for tasks to queue
[2020-12-20 04:59:44,073] {logging_mixin.py:103} INFO - [2020-12-20 04:59:44,073] {dagbag.py:440} INFO - Filling up the DagBag from /Users/harshittyagi/lil/de_env/lib/python3.8/site-packages/airflow/example_dags/example_kubernetes_executor_config.py
[2020-12-20 04:59:44,075] {logging_mixin.py:103} INFO - [2020-12-20 04:59:44,075] {example_kubernetes_executor_config.py:174} WARNING - Could not import DAGs in example_kubernetes_executor_config.py: No module named 'kubernetes'
[2020-12-20 04:59:44,076] {logging_mixin.py:103} INFO - [2020-12-20 04:59:44,076] {example_kubernetes_executor_config.py:175} WARNING - Install kubernetes dependencies with: pip install apache-airflow['cncf.kubernetes']
[2020-12-20 04:59:44,076] {scheduler_job.py:641} WARNING - No viable dags retrieved from /Users/harshittyagi/lil/de_env/lib/python3.8/site-packages/airflow/example_dags/example_kubernetes_executor_config.py
[2020-12-20 04:59:44,095] {scheduler_job.py:189} INFO - Processing /Users/harshittyagi/lil/de_env/lib/python3.8/site-packages/airflow/example_dags/example_kubernetes_executor_config.py took 0.023 seconds
[2020-12-20 05:00:37,930] {scheduler_job.py:181} INFO - Started process (PID=60445) to work on /Users/harshittyagi/lil/de_env/lib/python3.8/site-packages/airflow/example_dags/example_kubernetes_executor_config.py
[2020-12-20 05:00:37,930] {scheduler_job.py:629} INFO - Processing file /Users/harshittyagi/lil/de_env/lib/python3.8/site-packages/airflow/example_dags/example_kubernetes_executor_config.py for tasks to queue
[2020-12-20 05:00:37,930] {logging_mixin.py:103} INFO - [2020-12-20 05:00:37,930] {dagbag.py:440} INFO - Filling up the DagBag from /Users/harshittyagi/lil/de_env/lib/python3.8/site-packages/airflow/example_dags/example_kubernetes_executor_config.py
[2020-12-20 05:00:37,934] {logging_mixin.py:103} INFO - [2020-12-20 05:00:37,933] {example_kubernetes_executor_config.py:174} WARNING - Could not import DAGs in example_kubernetes_executor_config.py: No module named 'kubernetes'
[2020-12-20 05:00:37,934] {logging_mixin.py:103} INFO - [2020-12-20 05:00:37,934] {example_kubernetes_executor_config.py:175} WARNING - Install kubernetes dependencies with: pip install apache-airflow['cncf.kubernetes']
[2020-12-20 05:00:37,934] {scheduler_job.py:641} WARNING - No viable dags retrieved from /Users/harshittyagi/lil/de_env/lib/python3.8/site-packages/airflow/example_dags/example_kubernetes_executor_config.py
[2020-12-20 05:00:37,954] {scheduler_job.py:189} INFO - Processing /Users/harshittyagi/lil/de_env/lib/python3.8/site-packages/airflow/example_dags/example_kubernetes_executor_config.py took 0.025 seconds
[2020-12-20 05:01:31,786] {scheduler_job.py:181} INFO - Started process (PID=60727) to work on /Users/harshittyagi/lil/de_env/lib/python3.8/site-packages/airflow/example_dags/example_kubernetes_executor_config.py
[2020-12-20 05:01:31,786] {scheduler_job.py:629} INFO - Processing file /Users/harshittyagi/lil/de_env/lib/python3.8/site-packages/airflow/example_dags/example_kubernetes_executor_config.py for tasks to queue
[2020-12-20 05:01:31,787] {logging_mixin.py:103} INFO - [2020-12-20 05:01:31,786] {dagbag.py:440} INFO - Filling up the DagBag from /Users/harshittyagi/lil/de_env/lib/python3.8/site-packages/airflow/example_dags/example_kubernetes_executor_config.py
[2020-12-20 05:01:31,789] {logging_mixin.py:103} INFO - [2020-12-20 05:01:31,789] {example_kubernetes_executor_config.py:174} WARNING - Could not import DAGs in example_kubernetes_executor_config.py: No module named 'kubernetes'
[2020-12-20 05:01:31,789] {logging_mixin.py:103} INFO - [2020-12-20 05:01:31,789] {example_kubernetes_executor_config.py:175} WARNING - Install kubernetes dependencies with: pip install apache-airflow['cncf.kubernetes']
[2020-12-20 05:01:31,789] {scheduler_job.py:641} WARNING - No viable dags retrieved from /Users/harshittyagi/lil/de_env/lib/python3.8/site-packages/airflow/example_dags/example_kubernetes_executor_config.py
[2020-12-20 05:01:31,812] {scheduler_job.py:189} INFO - Processing /Users/harshittyagi/lil/de_env/lib/python3.8/site-packages/airflow/example_dags/example_kubernetes_executor_config.py took 0.027 seconds
[2020-12-20 05:02:23,783] {scheduler_job.py:181} INFO - Started process (PID=61020) to work on /Users/harshittyagi/lil/de_env/lib/python3.8/site-packages/airflow/example_dags/example_kubernetes_executor_config.py
[2020-12-20 05:02:23,784] {scheduler_job.py:629} INFO - Processing file /Users/harshittyagi/lil/de_env/lib/python3.8/site-packages/airflow/example_dags/example_kubernetes_executor_config.py for tasks to queue
[2020-12-20 05:02:23,784] {logging_mixin.py:103} INFO - [2020-12-20 05:02:23,784] {dagbag.py:440} INFO - Filling up the DagBag from /Users/harshittyagi/lil/de_env/lib/python3.8/site-packages/airflow/example_dags/example_kubernetes_executor_config.py
[2020-12-20 05:02:23,787] {logging_mixin.py:103} INFO - [2020-12-20 05:02:23,787] {example_kubernetes_executor_config.py:174} WARNING - Could not import DAGs in example_kubernetes_executor_config.py: No module named 'kubernetes'
[2020-12-20 05:02:23,787] {logging_mixin.py:103} INFO - [2020-12-20 05:02:23,787] {example_kubernetes_executor_config.py:175} WARNING - Install kubernetes dependencies with: pip install apache-airflow['cncf.kubernetes']
[2020-12-20 05:02:23,787] {scheduler_job.py:641} WARNING - No viable dags retrieved from /Users/harshittyagi/lil/de_env/lib/python3.8/site-packages/airflow/example_dags/example_kubernetes_executor_config.py
[2020-12-20 05:02:23,810] {scheduler_job.py:189} INFO - Processing /Users/harshittyagi/lil/de_env/lib/python3.8/site-packages/airflow/example_dags/example_kubernetes_executor_config.py took 0.027 seconds
[2020-12-20 05:03:17,812] {scheduler_job.py:181} INFO - Started process (PID=61303) to work on /Users/harshittyagi/lil/de_env/lib/python3.8/site-packages/airflow/example_dags/example_kubernetes_executor_config.py
[2020-12-20 05:03:17,812] {scheduler_job.py:629} INFO - Processing file /Users/harshittyagi/lil/de_env/lib/python3.8/site-packages/airflow/example_dags/example_kubernetes_executor_config.py for tasks to queue
[2020-12-20 05:03:17,813] {logging_mixin.py:103} INFO - [2020-12-20 05:03:17,812] {dagbag.py:440} INFO - Filling up the DagBag from /Users/harshittyagi/lil/de_env/lib/python3.8/site-packages/airflow/example_dags/example_kubernetes_executor_config.py
[2020-12-20 05:03:17,816] {logging_mixin.py:103} INFO - [2020-12-20 05:03:17,816] {example_kubernetes_executor_config.py:174} WARNING - Could not import DAGs in example_kubernetes_executor_config.py: No module named 'kubernetes'
[2020-12-20 05:03:17,816] {logging_mixin.py:103} INFO - [2020-12-20 05:03:17,816] {example_kubernetes_executor_config.py:175} WARNING - Install kubernetes dependencies with: pip install apache-airflow['cncf.kubernetes']
[2020-12-20 05:03:17,816] {scheduler_job.py:641} WARNING - No viable dags retrieved from /Users/harshittyagi/lil/de_env/lib/python3.8/site-packages/airflow/example_dags/example_kubernetes_executor_config.py
[2020-12-20 05:03:17,842] {scheduler_job.py:189} INFO - Processing /Users/harshittyagi/lil/de_env/lib/python3.8/site-packages/airflow/example_dags/example_kubernetes_executor_config.py took 0.030 seconds
[2020-12-20 05:04:12,049] {scheduler_job.py:181} INFO - Started process (PID=61589) to work on /Users/harshittyagi/lil/de_env/lib/python3.8/site-packages/airflow/example_dags/example_kubernetes_executor_config.py
[2020-12-20 05:04:12,049] {scheduler_job.py:629} INFO - Processing file /Users/harshittyagi/lil/de_env/lib/python3.8/site-packages/airflow/example_dags/example_kubernetes_executor_config.py for tasks to queue
[2020-12-20 05:04:12,049] {logging_mixin.py:103} INFO - [2020-12-20 05:04:12,049] {dagbag.py:440} INFO - Filling up the DagBag from /Users/harshittyagi/lil/de_env/lib/python3.8/site-packages/airflow/example_dags/example_kubernetes_executor_config.py
[2020-12-20 05:04:12,052] {logging_mixin.py:103} INFO - [2020-12-20 05:04:12,052] {example_kubernetes_executor_config.py:174} WARNING - Could not import DAGs in example_kubernetes_executor_config.py: No module named 'kubernetes'
[2020-12-20 05:04:12,052] {logging_mixin.py:103} INFO - [2020-12-20 05:04:12,052] {example_kubernetes_executor_config.py:175} WARNING - Install kubernetes dependencies with: pip install apache-airflow['cncf.kubernetes']
[2020-12-20 05:04:12,052] {scheduler_job.py:641} WARNING - No viable dags retrieved from /Users/harshittyagi/lil/de_env/lib/python3.8/site-packages/airflow/example_dags/example_kubernetes_executor_config.py
[2020-12-20 05:04:12,075] {scheduler_job.py:189} INFO - Processing /Users/harshittyagi/lil/de_env/lib/python3.8/site-packages/airflow/example_dags/example_kubernetes_executor_config.py took 0.027 seconds
[2020-12-20 05:05:05,717] {scheduler_job.py:181} INFO - Started process (PID=61870) to work on /Users/harshittyagi/lil/de_env/lib/python3.8/site-packages/airflow/example_dags/example_kubernetes_executor_config.py
[2020-12-20 05:05:05,718] {scheduler_job.py:629} INFO - Processing file /Users/harshittyagi/lil/de_env/lib/python3.8/site-packages/airflow/example_dags/example_kubernetes_executor_config.py for tasks to queue
[2020-12-20 05:05:05,718] {logging_mixin.py:103} INFO - [2020-12-20 05:05:05,718] {dagbag.py:440} INFO - Filling up the DagBag from /Users/harshittyagi/lil/de_env/lib/python3.8/site-packages/airflow/example_dags/example_kubernetes_executor_config.py
[2020-12-20 05:05:05,721] {logging_mixin.py:103} INFO - [2020-12-20 05:05:05,721] {example_kubernetes_executor_config.py:174} WARNING - Could not import DAGs in example_kubernetes_executor_config.py: No module named 'kubernetes'
[2020-12-20 05:05:05,721] {logging_mixin.py:103} INFO - [2020-12-20 05:05:05,721] {example_kubernetes_executor_config.py:175} WARNING - Install kubernetes dependencies with: pip install apache-airflow['cncf.kubernetes']
[2020-12-20 05:05:05,721] {scheduler_job.py:641} WARNING - No viable dags retrieved from /Users/harshittyagi/lil/de_env/lib/python3.8/site-packages/airflow/example_dags/example_kubernetes_executor_config.py
[2020-12-20 05:05:05,744] {scheduler_job.py:189} INFO - Processing /Users/harshittyagi/lil/de_env/lib/python3.8/site-packages/airflow/example_dags/example_kubernetes_executor_config.py took 0.028 seconds
[2020-12-20 05:05:59,856] {scheduler_job.py:181} INFO - Started process (PID=62158) to work on /Users/harshittyagi/lil/de_env/lib/python3.8/site-packages/airflow/example_dags/example_kubernetes_executor_config.py
[2020-12-20 05:05:59,857] {scheduler_job.py:629} INFO - Processing file /Users/harshittyagi/lil/de_env/lib/python3.8/site-packages/airflow/example_dags/example_kubernetes_executor_config.py for tasks to queue
[2020-12-20 05:05:59,857] {logging_mixin.py:103} INFO - [2020-12-20 05:05:59,857] {dagbag.py:440} INFO - Filling up the DagBag from /Users/harshittyagi/lil/de_env/lib/python3.8/site-packages/airflow/example_dags/example_kubernetes_executor_config.py
[2020-12-20 05:05:59,860] {logging_mixin.py:103} INFO - [2020-12-20 05:05:59,860] {example_kubernetes_executor_config.py:174} WARNING - Could not import DAGs in example_kubernetes_executor_config.py: No module named 'kubernetes'
[2020-12-20 05:05:59,860] {logging_mixin.py:103} INFO - [2020-12-20 05:05:59,860] {example_kubernetes_executor_config.py:175} WARNING - Install kubernetes dependencies with: pip install apache-airflow['cncf.kubernetes']
[2020-12-20 05:05:59,861] {scheduler_job.py:641} WARNING - No viable dags retrieved from /Users/harshittyagi/lil/de_env/lib/python3.8/site-packages/airflow/example_dags/example_kubernetes_executor_config.py
[2020-12-20 05:05:59,884] {scheduler_job.py:189} INFO - Processing /Users/harshittyagi/lil/de_env/lib/python3.8/site-packages/airflow/example_dags/example_kubernetes_executor_config.py took 0.028 seconds
[2020-12-20 05:06:53,499] {scheduler_job.py:181} INFO - Started process (PID=62441) to work on /Users/harshittyagi/lil/de_env/lib/python3.8/site-packages/airflow/example_dags/example_kubernetes_executor_config.py
[2020-12-20 05:06:53,499] {scheduler_job.py:629} INFO - Processing file /Users/harshittyagi/lil/de_env/lib/python3.8/site-packages/airflow/example_dags/example_kubernetes_executor_config.py for tasks to queue
[2020-12-20 05:06:53,499] {logging_mixin.py:103} INFO - [2020-12-20 05:06:53,499] {dagbag.py:440} INFO - Filling up the DagBag from /Users/harshittyagi/lil/de_env/lib/python3.8/site-packages/airflow/example_dags/example_kubernetes_executor_config.py
[2020-12-20 05:06:53,502] {logging_mixin.py:103} INFO - [2020-12-20 05:06:53,502] {example_kubernetes_executor_config.py:174} WARNING - Could not import DAGs in example_kubernetes_executor_config.py: No module named 'kubernetes'
[2020-12-20 05:06:53,502] {logging_mixin.py:103} INFO - [2020-12-20 05:06:53,502] {example_kubernetes_executor_config.py:175} WARNING - Install kubernetes dependencies with: pip install apache-airflow['cncf.kubernetes']
[2020-12-20 05:06:53,502] {scheduler_job.py:641} WARNING - No viable dags retrieved from /Users/harshittyagi/lil/de_env/lib/python3.8/site-packages/airflow/example_dags/example_kubernetes_executor_config.py
[2020-12-20 05:06:53,523] {scheduler_job.py:189} INFO - Processing /Users/harshittyagi/lil/de_env/lib/python3.8/site-packages/airflow/example_dags/example_kubernetes_executor_config.py took 0.024 seconds
[2020-12-20 05:07:47,669] {scheduler_job.py:181} INFO - Started process (PID=62729) to work on /Users/harshittyagi/lil/de_env/lib/python3.8/site-packages/airflow/example_dags/example_kubernetes_executor_config.py
[2020-12-20 05:07:47,669] {scheduler_job.py:629} INFO - Processing file /Users/harshittyagi/lil/de_env/lib/python3.8/site-packages/airflow/example_dags/example_kubernetes_executor_config.py for tasks to queue
[2020-12-20 05:07:47,670] {logging_mixin.py:103} INFO - [2020-12-20 05:07:47,670] {dagbag.py:440} INFO - Filling up the DagBag from /Users/harshittyagi/lil/de_env/lib/python3.8/site-packages/airflow/example_dags/example_kubernetes_executor_config.py
[2020-12-20 05:07:47,673] {logging_mixin.py:103} INFO - [2020-12-20 05:07:47,673] {example_kubernetes_executor_config.py:174} WARNING - Could not import DAGs in example_kubernetes_executor_config.py: No module named 'kubernetes'
[2020-12-20 05:07:47,673] {logging_mixin.py:103} INFO - [2020-12-20 05:07:47,673] {example_kubernetes_executor_config.py:175} WARNING - Install kubernetes dependencies with: pip install apache-airflow['cncf.kubernetes']
[2020-12-20 05:07:47,673] {scheduler_job.py:641} WARNING - No viable dags retrieved from /Users/harshittyagi/lil/de_env/lib/python3.8/site-packages/airflow/example_dags/example_kubernetes_executor_config.py
[2020-12-20 05:07:47,694] {scheduler_job.py:189} INFO - Processing /Users/harshittyagi/lil/de_env/lib/python3.8/site-packages/airflow/example_dags/example_kubernetes_executor_config.py took 0.025 seconds
[2020-12-20 05:08:42,384] {scheduler_job.py:181} INFO - Started process (PID=63013) to work on /Users/harshittyagi/lil/de_env/lib/python3.8/site-packages/airflow/example_dags/example_kubernetes_executor_config.py
[2020-12-20 05:08:42,384] {scheduler_job.py:629} INFO - Processing file /Users/harshittyagi/lil/de_env/lib/python3.8/site-packages/airflow/example_dags/example_kubernetes_executor_config.py for tasks to queue
[2020-12-20 05:08:42,385] {logging_mixin.py:103} INFO - [2020-12-20 05:08:42,384] {dagbag.py:440} INFO - Filling up the DagBag from /Users/harshittyagi/lil/de_env/lib/python3.8/site-packages/airflow/example_dags/example_kubernetes_executor_config.py
[2020-12-20 05:08:42,387] {logging_mixin.py:103} INFO - [2020-12-20 05:08:42,387] {example_kubernetes_executor_config.py:174} WARNING - Could not import DAGs in example_kubernetes_executor_config.py: No module named 'kubernetes'
[2020-12-20 05:08:42,387] {logging_mixin.py:103} INFO - [2020-12-20 05:08:42,387] {example_kubernetes_executor_config.py:175} WARNING - Install kubernetes dependencies with: pip install apache-airflow['cncf.kubernetes']
[2020-12-20 05:08:42,387] {scheduler_job.py:641} WARNING - No viable dags retrieved from /Users/harshittyagi/lil/de_env/lib/python3.8/site-packages/airflow/example_dags/example_kubernetes_executor_config.py
[2020-12-20 05:08:42,408] {scheduler_job.py:189} INFO - Processing /Users/harshittyagi/lil/de_env/lib/python3.8/site-packages/airflow/example_dags/example_kubernetes_executor_config.py took 0.024 seconds
[2020-12-20 05:09:36,714] {scheduler_job.py:181} INFO - Started process (PID=63301) to work on /Users/harshittyagi/lil/de_env/lib/python3.8/site-packages/airflow/example_dags/example_kubernetes_executor_config.py
[2020-12-20 05:09:36,714] {scheduler_job.py:629} INFO - Processing file /Users/harshittyagi/lil/de_env/lib/python3.8/site-packages/airflow/example_dags/example_kubernetes_executor_config.py for tasks to queue
[2020-12-20 05:09:36,715] {logging_mixin.py:103} INFO - [2020-12-20 05:09:36,715] {dagbag.py:440} INFO - Filling up the DagBag from /Users/harshittyagi/lil/de_env/lib/python3.8/site-packages/airflow/example_dags/example_kubernetes_executor_config.py
[2020-12-20 05:09:36,718] {logging_mixin.py:103} INFO - [2020-12-20 05:09:36,718] {example_kubernetes_executor_config.py:174} WARNING - Could not import DAGs in example_kubernetes_executor_config.py: No module named 'kubernetes'
[2020-12-20 05:09:36,718] {logging_mixin.py:103} INFO - [2020-12-20 05:09:36,718] {example_kubernetes_executor_config.py:175} WARNING - Install kubernetes dependencies with: pip install apache-airflow['cncf.kubernetes']
[2020-12-20 05:09:36,718] {scheduler_job.py:641} WARNING - No viable dags retrieved from /Users/harshittyagi/lil/de_env/lib/python3.8/site-packages/airflow/example_dags/example_kubernetes_executor_config.py
[2020-12-20 05:09:36,741] {scheduler_job.py:189} INFO - Processing /Users/harshittyagi/lil/de_env/lib/python3.8/site-packages/airflow/example_dags/example_kubernetes_executor_config.py took 0.027 seconds
[2020-12-20 05:10:30,876] {scheduler_job.py:181} INFO - Started process (PID=63587) to work on /Users/harshittyagi/lil/de_env/lib/python3.8/site-packages/airflow/example_dags/example_kubernetes_executor_config.py
[2020-12-20 05:10:30,877] {scheduler_job.py:629} INFO - Processing file /Users/harshittyagi/lil/de_env/lib/python3.8/site-packages/airflow/example_dags/example_kubernetes_executor_config.py for tasks to queue
[2020-12-20 05:10:30,877] {logging_mixin.py:103} INFO - [2020-12-20 05:10:30,877] {dagbag.py:440} INFO - Filling up the DagBag from /Users/harshittyagi/lil/de_env/lib/python3.8/site-packages/airflow/example_dags/example_kubernetes_executor_config.py
[2020-12-20 05:10:30,880] {logging_mixin.py:103} INFO - [2020-12-20 05:10:30,880] {example_kubernetes_executor_config.py:174} WARNING - Could not import DAGs in example_kubernetes_executor_config.py: No module named 'kubernetes'
[2020-12-20 05:10:30,880] {logging_mixin.py:103} INFO - [2020-12-20 05:10:30,880] {example_kubernetes_executor_config.py:175} WARNING - Install kubernetes dependencies with: pip install apache-airflow['cncf.kubernetes']
[2020-12-20 05:10:30,881] {scheduler_job.py:641} WARNING - No viable dags retrieved from /Users/harshittyagi/lil/de_env/lib/python3.8/site-packages/airflow/example_dags/example_kubernetes_executor_config.py
[2020-12-20 05:10:30,904] {scheduler_job.py:189} INFO - Processing /Users/harshittyagi/lil/de_env/lib/python3.8/site-packages/airflow/example_dags/example_kubernetes_executor_config.py took 0.028 seconds
[2020-12-20 05:11:24,984] {scheduler_job.py:181} INFO - Started process (PID=63869) to work on /Users/harshittyagi/lil/de_env/lib/python3.8/site-packages/airflow/example_dags/example_kubernetes_executor_config.py
[2020-12-20 05:11:24,985] {scheduler_job.py:629} INFO - Processing file /Users/harshittyagi/lil/de_env/lib/python3.8/site-packages/airflow/example_dags/example_kubernetes_executor_config.py for tasks to queue
[2020-12-20 05:11:24,985] {logging_mixin.py:103} INFO - [2020-12-20 05:11:24,985] {dagbag.py:440} INFO - Filling up the DagBag from /Users/harshittyagi/lil/de_env/lib/python3.8/site-packages/airflow/example_dags/example_kubernetes_executor_config.py
[2020-12-20 05:11:24,988] {logging_mixin.py:103} INFO - [2020-12-20 05:11:24,988] {example_kubernetes_executor_config.py:174} WARNING - Could not import DAGs in example_kubernetes_executor_config.py: No module named 'kubernetes'
[2020-12-20 05:11:24,988] {logging_mixin.py:103} INFO - [2020-12-20 05:11:24,988] {example_kubernetes_executor_config.py:175} WARNING - Install kubernetes dependencies with: pip install apache-airflow['cncf.kubernetes']
[2020-12-20 05:11:24,988] {scheduler_job.py:641} WARNING - No viable dags retrieved from /Users/harshittyagi/lil/de_env/lib/python3.8/site-packages/airflow/example_dags/example_kubernetes_executor_config.py
[2020-12-20 05:11:25,008] {scheduler_job.py:189} INFO - Processing /Users/harshittyagi/lil/de_env/lib/python3.8/site-packages/airflow/example_dags/example_kubernetes_executor_config.py took 0.024 seconds
[2020-12-20 05:12:16,379] {scheduler_job.py:181} INFO - Started process (PID=64153) to work on /Users/harshittyagi/lil/de_env/lib/python3.8/site-packages/airflow/example_dags/example_kubernetes_executor_config.py
[2020-12-20 05:12:16,380] {scheduler_job.py:629} INFO - Processing file /Users/harshittyagi/lil/de_env/lib/python3.8/site-packages/airflow/example_dags/example_kubernetes_executor_config.py for tasks to queue
[2020-12-20 05:12:16,380] {logging_mixin.py:103} INFO - [2020-12-20 05:12:16,380] {dagbag.py:440} INFO - Filling up the DagBag from /Users/harshittyagi/lil/de_env/lib/python3.8/site-packages/airflow/example_dags/example_kubernetes_executor_config.py
[2020-12-20 05:12:16,383] {logging_mixin.py:103} INFO - [2020-12-20 05:12:16,383] {example_kubernetes_executor_config.py:174} WARNING - Could not import DAGs in example_kubernetes_executor_config.py: No module named 'kubernetes'
[2020-12-20 05:12:16,383] {logging_mixin.py:103} INFO - [2020-12-20 05:12:16,383] {example_kubernetes_executor_config.py:175} WARNING - Install kubernetes dependencies with: pip install apache-airflow['cncf.kubernetes']
[2020-12-20 05:12:16,383] {scheduler_job.py:641} WARNING - No viable dags retrieved from /Users/harshittyagi/lil/de_env/lib/python3.8/site-packages/airflow/example_dags/example_kubernetes_executor_config.py
[2020-12-20 05:12:16,403] {scheduler_job.py:189} INFO - Processing /Users/harshittyagi/lil/de_env/lib/python3.8/site-packages/airflow/example_dags/example_kubernetes_executor_config.py took 0.025 seconds
[2020-12-20 05:13:10,240] {scheduler_job.py:181} INFO - Started process (PID=64437) to work on /Users/harshittyagi/lil/de_env/lib/python3.8/site-packages/airflow/example_dags/example_kubernetes_executor_config.py
[2020-12-20 05:13:10,240] {scheduler_job.py:629} INFO - Processing file /Users/harshittyagi/lil/de_env/lib/python3.8/site-packages/airflow/example_dags/example_kubernetes_executor_config.py for tasks to queue
[2020-12-20 05:13:10,241] {logging_mixin.py:103} INFO - [2020-12-20 05:13:10,241] {dagbag.py:440} INFO - Filling up the DagBag from /Users/harshittyagi/lil/de_env/lib/python3.8/site-packages/airflow/example_dags/example_kubernetes_executor_config.py
[2020-12-20 05:13:10,244] {logging_mixin.py:103} INFO - [2020-12-20 05:13:10,244] {example_kubernetes_executor_config.py:174} WARNING - Could not import DAGs in example_kubernetes_executor_config.py: No module named 'kubernetes'
[2020-12-20 05:13:10,244] {logging_mixin.py:103} INFO - [2020-12-20 05:13:10,244] {example_kubernetes_executor_config.py:175} WARNING - Install kubernetes dependencies with: pip install apache-airflow['cncf.kubernetes']
[2020-12-20 05:13:10,245] {scheduler_job.py:641} WARNING - No viable dags retrieved from /Users/harshittyagi/lil/de_env/lib/python3.8/site-packages/airflow/example_dags/example_kubernetes_executor_config.py
[2020-12-20 05:13:10,267] {scheduler_job.py:189} INFO - Processing /Users/harshittyagi/lil/de_env/lib/python3.8/site-packages/airflow/example_dags/example_kubernetes_executor_config.py took 0.027 seconds
[2020-12-20 05:14:04,044] {scheduler_job.py:181} INFO - Started process (PID=64720) to work on /Users/harshittyagi/lil/de_env/lib/python3.8/site-packages/airflow/example_dags/example_kubernetes_executor_config.py
[2020-12-20 05:14:04,044] {scheduler_job.py:629} INFO - Processing file /Users/harshittyagi/lil/de_env/lib/python3.8/site-packages/airflow/example_dags/example_kubernetes_executor_config.py for tasks to queue
[2020-12-20 05:14:04,045] {logging_mixin.py:103} INFO - [2020-12-20 05:14:04,044] {dagbag.py:440} INFO - Filling up the DagBag from /Users/harshittyagi/lil/de_env/lib/python3.8/site-packages/airflow/example_dags/example_kubernetes_executor_config.py
[2020-12-20 05:14:04,048] {logging_mixin.py:103} INFO - [2020-12-20 05:14:04,048] {example_kubernetes_executor_config.py:174} WARNING - Could not import DAGs in example_kubernetes_executor_config.py: No module named 'kubernetes'
[2020-12-20 05:14:04,048] {logging_mixin.py:103} INFO - [2020-12-20 05:14:04,048] {example_kubernetes_executor_config.py:175} WARNING - Install kubernetes dependencies with: pip install apache-airflow['cncf.kubernetes']
[2020-12-20 05:14:04,048] {scheduler_job.py:641} WARNING - No viable dags retrieved from /Users/harshittyagi/lil/de_env/lib/python3.8/site-packages/airflow/example_dags/example_kubernetes_executor_config.py
[2020-12-20 05:14:04,068] {scheduler_job.py:189} INFO - Processing /Users/harshittyagi/lil/de_env/lib/python3.8/site-packages/airflow/example_dags/example_kubernetes_executor_config.py took 0.025 seconds
[2020-12-20 05:14:58,282] {scheduler_job.py:181} INFO - Started process (PID=65005) to work on /Users/harshittyagi/lil/de_env/lib/python3.8/site-packages/airflow/example_dags/example_kubernetes_executor_config.py
[2020-12-20 05:14:58,282] {scheduler_job.py:629} INFO - Processing file /Users/harshittyagi/lil/de_env/lib/python3.8/site-packages/airflow/example_dags/example_kubernetes_executor_config.py for tasks to queue
[2020-12-20 05:14:58,283] {logging_mixin.py:103} INFO - [2020-12-20 05:14:58,282] {dagbag.py:440} INFO - Filling up the DagBag from /Users/harshittyagi/lil/de_env/lib/python3.8/site-packages/airflow/example_dags/example_kubernetes_executor_config.py
[2020-12-20 05:14:58,285] {logging_mixin.py:103} INFO - [2020-12-20 05:14:58,285] {example_kubernetes_executor_config.py:174} WARNING - Could not import DAGs in example_kubernetes_executor_config.py: No module named 'kubernetes'
[2020-12-20 05:14:58,285] {logging_mixin.py:103} INFO - [2020-12-20 05:14:58,285] {example_kubernetes_executor_config.py:175} WARNING - Install kubernetes dependencies with: pip install apache-airflow['cncf.kubernetes']
[2020-12-20 05:14:58,285] {scheduler_job.py:641} WARNING - No viable dags retrieved from /Users/harshittyagi/lil/de_env/lib/python3.8/site-packages/airflow/example_dags/example_kubernetes_executor_config.py
[2020-12-20 05:14:58,305] {scheduler_job.py:189} INFO - Processing /Users/harshittyagi/lil/de_env/lib/python3.8/site-packages/airflow/example_dags/example_kubernetes_executor_config.py took 0.024 seconds
[2020-12-20 05:15:48,755] {scheduler_job.py:181} INFO - Started process (PID=65290) to work on /Users/harshittyagi/lil/de_env/lib/python3.8/site-packages/airflow/example_dags/example_kubernetes_executor_config.py
[2020-12-20 05:15:48,755] {scheduler_job.py:629} INFO - Processing file /Users/harshittyagi/lil/de_env/lib/python3.8/site-packages/airflow/example_dags/example_kubernetes_executor_config.py for tasks to queue
[2020-12-20 05:15:48,756] {logging_mixin.py:103} INFO - [2020-12-20 05:15:48,755] {dagbag.py:440} INFO - Filling up the DagBag from /Users/harshittyagi/lil/de_env/lib/python3.8/site-packages/airflow/example_dags/example_kubernetes_executor_config.py
[2020-12-20 05:15:48,759] {logging_mixin.py:103} INFO - [2020-12-20 05:15:48,759] {example_kubernetes_executor_config.py:174} WARNING - Could not import DAGs in example_kubernetes_executor_config.py: No module named 'kubernetes'
[2020-12-20 05:15:48,759] {logging_mixin.py:103} INFO - [2020-12-20 05:15:48,759] {example_kubernetes_executor_config.py:175} WARNING - Install kubernetes dependencies with: pip install apache-airflow['cncf.kubernetes']
[2020-12-20 05:15:48,759] {scheduler_job.py:641} WARNING - No viable dags retrieved from /Users/harshittyagi/lil/de_env/lib/python3.8/site-packages/airflow/example_dags/example_kubernetes_executor_config.py
[2020-12-20 05:15:48,782] {scheduler_job.py:189} INFO - Processing /Users/harshittyagi/lil/de_env/lib/python3.8/site-packages/airflow/example_dags/example_kubernetes_executor_config.py took 0.028 seconds
[2020-12-20 05:16:42,989] {scheduler_job.py:181} INFO - Started process (PID=65572) to work on /Users/harshittyagi/lil/de_env/lib/python3.8/site-packages/airflow/example_dags/example_kubernetes_executor_config.py
[2020-12-20 05:16:42,989] {scheduler_job.py:629} INFO - Processing file /Users/harshittyagi/lil/de_env/lib/python3.8/site-packages/airflow/example_dags/example_kubernetes_executor_config.py for tasks to queue
[2020-12-20 05:16:42,990] {logging_mixin.py:103} INFO - [2020-12-20 05:16:42,989] {dagbag.py:440} INFO - Filling up the DagBag from /Users/harshittyagi/lil/de_env/lib/python3.8/site-packages/airflow/example_dags/example_kubernetes_executor_config.py
[2020-12-20 05:16:42,993] {logging_mixin.py:103} INFO - [2020-12-20 05:16:42,993] {example_kubernetes_executor_config.py:174} WARNING - Could not import DAGs in example_kubernetes_executor_config.py: No module named 'kubernetes'
[2020-12-20 05:16:42,993] {logging_mixin.py:103} INFO - [2020-12-20 05:16:42,993] {example_kubernetes_executor_config.py:175} WARNING - Install kubernetes dependencies with: pip install apache-airflow['cncf.kubernetes']
[2020-12-20 05:16:42,993] {scheduler_job.py:641} WARNING - No viable dags retrieved from /Users/harshittyagi/lil/de_env/lib/python3.8/site-packages/airflow/example_dags/example_kubernetes_executor_config.py
[2020-12-20 05:16:43,015] {scheduler_job.py:189} INFO - Processing /Users/harshittyagi/lil/de_env/lib/python3.8/site-packages/airflow/example_dags/example_kubernetes_executor_config.py took 0.026 seconds
[2020-12-20 05:17:36,746] {scheduler_job.py:181} INFO - Started process (PID=65859) to work on /Users/harshittyagi/lil/de_env/lib/python3.8/site-packages/airflow/example_dags/example_kubernetes_executor_config.py
[2020-12-20 05:17:36,746] {scheduler_job.py:629} INFO - Processing file /Users/harshittyagi/lil/de_env/lib/python3.8/site-packages/airflow/example_dags/example_kubernetes_executor_config.py for tasks to queue
[2020-12-20 05:17:36,747] {logging_mixin.py:103} INFO - [2020-12-20 05:17:36,746] {dagbag.py:440} INFO - Filling up the DagBag from /Users/harshittyagi/lil/de_env/lib/python3.8/site-packages/airflow/example_dags/example_kubernetes_executor_config.py
[2020-12-20 05:17:36,749] {logging_mixin.py:103} INFO - [2020-12-20 05:17:36,749] {example_kubernetes_executor_config.py:174} WARNING - Could not import DAGs in example_kubernetes_executor_config.py: No module named 'kubernetes'
[2020-12-20 05:17:36,749] {logging_mixin.py:103} INFO - [2020-12-20 05:17:36,749] {example_kubernetes_executor_config.py:175} WARNING - Install kubernetes dependencies with: pip install apache-airflow['cncf.kubernetes']
[2020-12-20 05:17:36,749] {scheduler_job.py:641} WARNING - No viable dags retrieved from /Users/harshittyagi/lil/de_env/lib/python3.8/site-packages/airflow/example_dags/example_kubernetes_executor_config.py
[2020-12-20 05:17:36,771] {scheduler_job.py:189} INFO - Processing /Users/harshittyagi/lil/de_env/lib/python3.8/site-packages/airflow/example_dags/example_kubernetes_executor_config.py took 0.025 seconds
[2020-12-20 05:18:32,528] {scheduler_job.py:181} INFO - Started process (PID=66144) to work on /Users/harshittyagi/lil/de_env/lib/python3.8/site-packages/airflow/example_dags/example_kubernetes_executor_config.py
[2020-12-20 05:18:32,529] {scheduler_job.py:629} INFO - Processing file /Users/harshittyagi/lil/de_env/lib/python3.8/site-packages/airflow/example_dags/example_kubernetes_executor_config.py for tasks to queue
[2020-12-20 05:18:32,529] {logging_mixin.py:103} INFO - [2020-12-20 05:18:32,529] {dagbag.py:440} INFO - Filling up the DagBag from /Users/harshittyagi/lil/de_env/lib/python3.8/site-packages/airflow/example_dags/example_kubernetes_executor_config.py
[2020-12-20 05:18:32,532] {logging_mixin.py:103} INFO - [2020-12-20 05:18:32,532] {example_kubernetes_executor_config.py:174} WARNING - Could not import DAGs in example_kubernetes_executor_config.py: No module named 'kubernetes'
[2020-12-20 05:18:32,532] {logging_mixin.py:103} INFO - [2020-12-20 05:18:32,532] {example_kubernetes_executor_config.py:175} WARNING - Install kubernetes dependencies with: pip install apache-airflow['cncf.kubernetes']
[2020-12-20 05:18:32,532] {scheduler_job.py:641} WARNING - No viable dags retrieved from /Users/harshittyagi/lil/de_env/lib/python3.8/site-packages/airflow/example_dags/example_kubernetes_executor_config.py
[2020-12-20 05:18:32,557] {scheduler_job.py:189} INFO - Processing /Users/harshittyagi/lil/de_env/lib/python3.8/site-packages/airflow/example_dags/example_kubernetes_executor_config.py took 0.029 seconds
[2020-12-20 05:19:26,588] {scheduler_job.py:181} INFO - Started process (PID=66426) to work on /Users/harshittyagi/lil/de_env/lib/python3.8/site-packages/airflow/example_dags/example_kubernetes_executor_config.py
[2020-12-20 05:19:26,588] {scheduler_job.py:629} INFO - Processing file /Users/harshittyagi/lil/de_env/lib/python3.8/site-packages/airflow/example_dags/example_kubernetes_executor_config.py for tasks to queue
[2020-12-20 05:19:26,589] {logging_mixin.py:103} INFO - [2020-12-20 05:19:26,588] {dagbag.py:440} INFO - Filling up the DagBag from /Users/harshittyagi/lil/de_env/lib/python3.8/site-packages/airflow/example_dags/example_kubernetes_executor_config.py
[2020-12-20 05:19:26,591] {logging_mixin.py:103} INFO - [2020-12-20 05:19:26,591] {example_kubernetes_executor_config.py:174} WARNING - Could not import DAGs in example_kubernetes_executor_config.py: No module named 'kubernetes'
[2020-12-20 05:19:26,591] {logging_mixin.py:103} INFO - [2020-12-20 05:19:26,591] {example_kubernetes_executor_config.py:175} WARNING - Install kubernetes dependencies with: pip install apache-airflow['cncf.kubernetes']
[2020-12-20 05:19:26,591] {scheduler_job.py:641} WARNING - No viable dags retrieved from /Users/harshittyagi/lil/de_env/lib/python3.8/site-packages/airflow/example_dags/example_kubernetes_executor_config.py
[2020-12-20 05:19:26,612] {scheduler_job.py:189} INFO - Processing /Users/harshittyagi/lil/de_env/lib/python3.8/site-packages/airflow/example_dags/example_kubernetes_executor_config.py took 0.024 seconds
[2020-12-20 05:20:23,795] {scheduler_job.py:181} INFO - Started process (PID=66728) to work on /Users/harshittyagi/lil/de_env/lib/python3.8/site-packages/airflow/example_dags/example_kubernetes_executor_config.py
[2020-12-20 05:20:23,796] {scheduler_job.py:629} INFO - Processing file /Users/harshittyagi/lil/de_env/lib/python3.8/site-packages/airflow/example_dags/example_kubernetes_executor_config.py for tasks to queue
[2020-12-20 05:20:23,797] {logging_mixin.py:103} INFO - [2020-12-20 05:20:23,796] {dagbag.py:440} INFO - Filling up the DagBag from /Users/harshittyagi/lil/de_env/lib/python3.8/site-packages/airflow/example_dags/example_kubernetes_executor_config.py
[2020-12-20 05:20:23,800] {logging_mixin.py:103} INFO - [2020-12-20 05:20:23,800] {example_kubernetes_executor_config.py:174} WARNING - Could not import DAGs in example_kubernetes_executor_config.py: No module named 'kubernetes'
[2020-12-20 05:20:23,800] {logging_mixin.py:103} INFO - [2020-12-20 05:20:23,800] {example_kubernetes_executor_config.py:175} WARNING - Install kubernetes dependencies with: pip install apache-airflow['cncf.kubernetes']
[2020-12-20 05:20:23,800] {scheduler_job.py:641} WARNING - No viable dags retrieved from /Users/harshittyagi/lil/de_env/lib/python3.8/site-packages/airflow/example_dags/example_kubernetes_executor_config.py
[2020-12-20 05:20:23,820] {scheduler_job.py:189} INFO - Processing /Users/harshittyagi/lil/de_env/lib/python3.8/site-packages/airflow/example_dags/example_kubernetes_executor_config.py took 0.025 seconds
[2020-12-20 05:21:19,190] {scheduler_job.py:181} INFO - Started process (PID=67013) to work on /Users/harshittyagi/lil/de_env/lib/python3.8/site-packages/airflow/example_dags/example_kubernetes_executor_config.py
[2020-12-20 05:21:19,190] {scheduler_job.py:629} INFO - Processing file /Users/harshittyagi/lil/de_env/lib/python3.8/site-packages/airflow/example_dags/example_kubernetes_executor_config.py for tasks to queue
[2020-12-20 05:21:19,190] {logging_mixin.py:103} INFO - [2020-12-20 05:21:19,190] {dagbag.py:440} INFO - Filling up the DagBag from /Users/harshittyagi/lil/de_env/lib/python3.8/site-packages/airflow/example_dags/example_kubernetes_executor_config.py
[2020-12-20 05:21:19,194] {logging_mixin.py:103} INFO - [2020-12-20 05:21:19,194] {example_kubernetes_executor_config.py:174} WARNING - Could not import DAGs in example_kubernetes_executor_config.py: No module named 'kubernetes'
[2020-12-20 05:21:19,194] {logging_mixin.py:103} INFO - [2020-12-20 05:21:19,194] {example_kubernetes_executor_config.py:175} WARNING - Install kubernetes dependencies with: pip install apache-airflow['cncf.kubernetes']
[2020-12-20 05:21:19,194] {scheduler_job.py:641} WARNING - No viable dags retrieved from /Users/harshittyagi/lil/de_env/lib/python3.8/site-packages/airflow/example_dags/example_kubernetes_executor_config.py
[2020-12-20 05:21:19,218] {scheduler_job.py:189} INFO - Processing /Users/harshittyagi/lil/de_env/lib/python3.8/site-packages/airflow/example_dags/example_kubernetes_executor_config.py took 0.028 seconds
[2020-12-20 05:22:14,412] {scheduler_job.py:181} INFO - Started process (PID=67298) to work on /Users/harshittyagi/lil/de_env/lib/python3.8/site-packages/airflow/example_dags/example_kubernetes_executor_config.py
[2020-12-20 05:22:14,412] {scheduler_job.py:629} INFO - Processing file /Users/harshittyagi/lil/de_env/lib/python3.8/site-packages/airflow/example_dags/example_kubernetes_executor_config.py for tasks to queue
[2020-12-20 05:22:14,412] {logging_mixin.py:103} INFO - [2020-12-20 05:22:14,412] {dagbag.py:440} INFO - Filling up the DagBag from /Users/harshittyagi/lil/de_env/lib/python3.8/site-packages/airflow/example_dags/example_kubernetes_executor_config.py
[2020-12-20 05:22:14,415] {logging_mixin.py:103} INFO - [2020-12-20 05:22:14,415] {example_kubernetes_executor_config.py:174} WARNING - Could not import DAGs in example_kubernetes_executor_config.py: No module named 'kubernetes'
[2020-12-20 05:22:14,415] {logging_mixin.py:103} INFO - [2020-12-20 05:22:14,415] {example_kubernetes_executor_config.py:175} WARNING - Install kubernetes dependencies with: pip install apache-airflow['cncf.kubernetes']
[2020-12-20 05:22:14,415] {scheduler_job.py:641} WARNING - No viable dags retrieved from /Users/harshittyagi/lil/de_env/lib/python3.8/site-packages/airflow/example_dags/example_kubernetes_executor_config.py
[2020-12-20 05:22:14,435] {scheduler_job.py:189} INFO - Processing /Users/harshittyagi/lil/de_env/lib/python3.8/site-packages/airflow/example_dags/example_kubernetes_executor_config.py took 0.024 seconds
[2020-12-20 05:23:09,479] {scheduler_job.py:181} INFO - Started process (PID=67584) to work on /Users/harshittyagi/lil/de_env/lib/python3.8/site-packages/airflow/example_dags/example_kubernetes_executor_config.py
[2020-12-20 05:23:09,480] {scheduler_job.py:629} INFO - Processing file /Users/harshittyagi/lil/de_env/lib/python3.8/site-packages/airflow/example_dags/example_kubernetes_executor_config.py for tasks to queue
[2020-12-20 05:23:09,480] {logging_mixin.py:103} INFO - [2020-12-20 05:23:09,480] {dagbag.py:440} INFO - Filling up the DagBag from /Users/harshittyagi/lil/de_env/lib/python3.8/site-packages/airflow/example_dags/example_kubernetes_executor_config.py
[2020-12-20 05:23:09,483] {logging_mixin.py:103} INFO - [2020-12-20 05:23:09,483] {example_kubernetes_executor_config.py:174} WARNING - Could not import DAGs in example_kubernetes_executor_config.py: No module named 'kubernetes'
[2020-12-20 05:23:09,483] {logging_mixin.py:103} INFO - [2020-12-20 05:23:09,483] {example_kubernetes_executor_config.py:175} WARNING - Install kubernetes dependencies with: pip install apache-airflow['cncf.kubernetes']
[2020-12-20 05:23:09,484] {scheduler_job.py:641} WARNING - No viable dags retrieved from /Users/harshittyagi/lil/de_env/lib/python3.8/site-packages/airflow/example_dags/example_kubernetes_executor_config.py
[2020-12-20 05:23:09,506] {scheduler_job.py:189} INFO - Processing /Users/harshittyagi/lil/de_env/lib/python3.8/site-packages/airflow/example_dags/example_kubernetes_executor_config.py took 0.028 seconds
[2020-12-20 05:24:04,544] {scheduler_job.py:181} INFO - Started process (PID=67874) to work on /Users/harshittyagi/lil/de_env/lib/python3.8/site-packages/airflow/example_dags/example_kubernetes_executor_config.py
[2020-12-20 05:24:04,544] {scheduler_job.py:629} INFO - Processing file /Users/harshittyagi/lil/de_env/lib/python3.8/site-packages/airflow/example_dags/example_kubernetes_executor_config.py for tasks to queue
[2020-12-20 05:24:04,545] {logging_mixin.py:103} INFO - [2020-12-20 05:24:04,544] {dagbag.py:440} INFO - Filling up the DagBag from /Users/harshittyagi/lil/de_env/lib/python3.8/site-packages/airflow/example_dags/example_kubernetes_executor_config.py
[2020-12-20 05:24:04,547] {logging_mixin.py:103} INFO - [2020-12-20 05:24:04,547] {example_kubernetes_executor_config.py:174} WARNING - Could not import DAGs in example_kubernetes_executor_config.py: No module named 'kubernetes'
[2020-12-20 05:24:04,547] {logging_mixin.py:103} INFO - [2020-12-20 05:24:04,547] {example_kubernetes_executor_config.py:175} WARNING - Install kubernetes dependencies with: pip install apache-airflow['cncf.kubernetes']
[2020-12-20 05:24:04,547] {scheduler_job.py:641} WARNING - No viable dags retrieved from /Users/harshittyagi/lil/de_env/lib/python3.8/site-packages/airflow/example_dags/example_kubernetes_executor_config.py
[2020-12-20 05:24:04,571] {scheduler_job.py:189} INFO - Processing /Users/harshittyagi/lil/de_env/lib/python3.8/site-packages/airflow/example_dags/example_kubernetes_executor_config.py took 0.027 seconds
[2020-12-20 05:24:59,690] {scheduler_job.py:181} INFO - Started process (PID=68160) to work on /Users/harshittyagi/lil/de_env/lib/python3.8/site-packages/airflow/example_dags/example_kubernetes_executor_config.py
[2020-12-20 05:24:59,691] {scheduler_job.py:629} INFO - Processing file /Users/harshittyagi/lil/de_env/lib/python3.8/site-packages/airflow/example_dags/example_kubernetes_executor_config.py for tasks to queue
[2020-12-20 05:24:59,691] {logging_mixin.py:103} INFO - [2020-12-20 05:24:59,691] {dagbag.py:440} INFO - Filling up the DagBag from /Users/harshittyagi/lil/de_env/lib/python3.8/site-packages/airflow/example_dags/example_kubernetes_executor_config.py
[2020-12-20 05:24:59,694] {logging_mixin.py:103} INFO - [2020-12-20 05:24:59,694] {example_kubernetes_executor_config.py:174} WARNING - Could not import DAGs in example_kubernetes_executor_config.py: No module named 'kubernetes'
[2020-12-20 05:24:59,694] {logging_mixin.py:103} INFO - [2020-12-20 05:24:59,694] {example_kubernetes_executor_config.py:175} WARNING - Install kubernetes dependencies with: pip install apache-airflow['cncf.kubernetes']
[2020-12-20 05:24:59,694] {scheduler_job.py:641} WARNING - No viable dags retrieved from /Users/harshittyagi/lil/de_env/lib/python3.8/site-packages/airflow/example_dags/example_kubernetes_executor_config.py
[2020-12-20 05:24:59,716] {scheduler_job.py:189} INFO - Processing /Users/harshittyagi/lil/de_env/lib/python3.8/site-packages/airflow/example_dags/example_kubernetes_executor_config.py took 0.027 seconds
[2020-12-20 05:25:55,109] {scheduler_job.py:181} INFO - Started process (PID=68446) to work on /Users/harshittyagi/lil/de_env/lib/python3.8/site-packages/airflow/example_dags/example_kubernetes_executor_config.py
[2020-12-20 05:25:55,109] {scheduler_job.py:629} INFO - Processing file /Users/harshittyagi/lil/de_env/lib/python3.8/site-packages/airflow/example_dags/example_kubernetes_executor_config.py for tasks to queue
[2020-12-20 05:25:55,110] {logging_mixin.py:103} INFO - [2020-12-20 05:25:55,109] {dagbag.py:440} INFO - Filling up the DagBag from /Users/harshittyagi/lil/de_env/lib/python3.8/site-packages/airflow/example_dags/example_kubernetes_executor_config.py
[2020-12-20 05:25:55,112] {logging_mixin.py:103} INFO - [2020-12-20 05:25:55,112] {example_kubernetes_executor_config.py:174} WARNING - Could not import DAGs in example_kubernetes_executor_config.py: No module named 'kubernetes'
[2020-12-20 05:25:55,112] {logging_mixin.py:103} INFO - [2020-12-20 05:25:55,112] {example_kubernetes_executor_config.py:175} WARNING - Install kubernetes dependencies with: pip install apache-airflow['cncf.kubernetes']
[2020-12-20 05:25:55,112] {scheduler_job.py:641} WARNING - No viable dags retrieved from /Users/harshittyagi/lil/de_env/lib/python3.8/site-packages/airflow/example_dags/example_kubernetes_executor_config.py
[2020-12-20 05:25:55,134] {scheduler_job.py:189} INFO - Processing /Users/harshittyagi/lil/de_env/lib/python3.8/site-packages/airflow/example_dags/example_kubernetes_executor_config.py took 0.025 seconds
[2020-12-20 05:26:50,027] {scheduler_job.py:181} INFO - Started process (PID=68728) to work on /Users/harshittyagi/lil/de_env/lib/python3.8/site-packages/airflow/example_dags/example_kubernetes_executor_config.py
[2020-12-20 05:26:50,028] {scheduler_job.py:629} INFO - Processing file /Users/harshittyagi/lil/de_env/lib/python3.8/site-packages/airflow/example_dags/example_kubernetes_executor_config.py for tasks to queue
[2020-12-20 05:26:50,028] {logging_mixin.py:103} INFO - [2020-12-20 05:26:50,028] {dagbag.py:440} INFO - Filling up the DagBag from /Users/harshittyagi/lil/de_env/lib/python3.8/site-packages/airflow/example_dags/example_kubernetes_executor_config.py
[2020-12-20 05:26:50,031] {logging_mixin.py:103} INFO - [2020-12-20 05:26:50,031] {example_kubernetes_executor_config.py:174} WARNING - Could not import DAGs in example_kubernetes_executor_config.py: No module named 'kubernetes'
[2020-12-20 05:26:50,031] {logging_mixin.py:103} INFO - [2020-12-20 05:26:50,031] {example_kubernetes_executor_config.py:175} WARNING - Install kubernetes dependencies with: pip install apache-airflow['cncf.kubernetes']
[2020-12-20 05:26:50,031] {scheduler_job.py:641} WARNING - No viable dags retrieved from /Users/harshittyagi/lil/de_env/lib/python3.8/site-packages/airflow/example_dags/example_kubernetes_executor_config.py
[2020-12-20 05:26:50,055] {scheduler_job.py:189} INFO - Processing /Users/harshittyagi/lil/de_env/lib/python3.8/site-packages/airflow/example_dags/example_kubernetes_executor_config.py took 0.028 seconds
[2020-12-20 05:27:47,725] {scheduler_job.py:181} INFO - Started process (PID=69018) to work on /Users/harshittyagi/lil/de_env/lib/python3.8/site-packages/airflow/example_dags/example_kubernetes_executor_config.py
[2020-12-20 05:27:47,726] {scheduler_job.py:629} INFO - Processing file /Users/harshittyagi/lil/de_env/lib/python3.8/site-packages/airflow/example_dags/example_kubernetes_executor_config.py for tasks to queue
[2020-12-20 05:27:47,727] {logging_mixin.py:103} INFO - [2020-12-20 05:27:47,726] {dagbag.py:440} INFO - Filling up the DagBag from /Users/harshittyagi/lil/de_env/lib/python3.8/site-packages/airflow/example_dags/example_kubernetes_executor_config.py
[2020-12-20 05:27:47,731] {logging_mixin.py:103} INFO - [2020-12-20 05:27:47,731] {example_kubernetes_executor_config.py:174} WARNING - Could not import DAGs in example_kubernetes_executor_config.py: No module named 'kubernetes'
[2020-12-20 05:27:47,731] {logging_mixin.py:103} INFO - [2020-12-20 05:27:47,731] {example_kubernetes_executor_config.py:175} WARNING - Install kubernetes dependencies with: pip install apache-airflow['cncf.kubernetes']
[2020-12-20 05:27:47,731] {scheduler_job.py:641} WARNING - No viable dags retrieved from /Users/harshittyagi/lil/de_env/lib/python3.8/site-packages/airflow/example_dags/example_kubernetes_executor_config.py
[2020-12-20 05:27:47,755] {scheduler_job.py:189} INFO - Processing /Users/harshittyagi/lil/de_env/lib/python3.8/site-packages/airflow/example_dags/example_kubernetes_executor_config.py took 0.030 seconds
[2020-12-20 05:28:41,906] {scheduler_job.py:181} INFO - Started process (PID=69301) to work on /Users/harshittyagi/lil/de_env/lib/python3.8/site-packages/airflow/example_dags/example_kubernetes_executor_config.py
[2020-12-20 05:28:41,907] {scheduler_job.py:629} INFO - Processing file /Users/harshittyagi/lil/de_env/lib/python3.8/site-packages/airflow/example_dags/example_kubernetes_executor_config.py for tasks to queue
[2020-12-20 05:28:41,907] {logging_mixin.py:103} INFO - [2020-12-20 05:28:41,907] {dagbag.py:440} INFO - Filling up the DagBag from /Users/harshittyagi/lil/de_env/lib/python3.8/site-packages/airflow/example_dags/example_kubernetes_executor_config.py
[2020-12-20 05:28:41,910] {logging_mixin.py:103} INFO - [2020-12-20 05:28:41,910] {example_kubernetes_executor_config.py:174} WARNING - Could not import DAGs in example_kubernetes_executor_config.py: No module named 'kubernetes'
[2020-12-20 05:28:41,910] {logging_mixin.py:103} INFO - [2020-12-20 05:28:41,910] {example_kubernetes_executor_config.py:175} WARNING - Install kubernetes dependencies with: pip install apache-airflow['cncf.kubernetes']
[2020-12-20 05:28:41,910] {scheduler_job.py:641} WARNING - No viable dags retrieved from /Users/harshittyagi/lil/de_env/lib/python3.8/site-packages/airflow/example_dags/example_kubernetes_executor_config.py
[2020-12-20 05:28:41,929] {scheduler_job.py:189} INFO - Processing /Users/harshittyagi/lil/de_env/lib/python3.8/site-packages/airflow/example_dags/example_kubernetes_executor_config.py took 0.024 seconds
[2020-12-20 05:29:36,124] {scheduler_job.py:181} INFO - Started process (PID=69588) to work on /Users/harshittyagi/lil/de_env/lib/python3.8/site-packages/airflow/example_dags/example_kubernetes_executor_config.py
[2020-12-20 05:29:36,124] {scheduler_job.py:629} INFO - Processing file /Users/harshittyagi/lil/de_env/lib/python3.8/site-packages/airflow/example_dags/example_kubernetes_executor_config.py for tasks to queue
[2020-12-20 05:29:36,125] {logging_mixin.py:103} INFO - [2020-12-20 05:29:36,125] {dagbag.py:440} INFO - Filling up the DagBag from /Users/harshittyagi/lil/de_env/lib/python3.8/site-packages/airflow/example_dags/example_kubernetes_executor_config.py
[2020-12-20 05:29:36,127] {logging_mixin.py:103} INFO - [2020-12-20 05:29:36,127] {example_kubernetes_executor_config.py:174} WARNING - Could not import DAGs in example_kubernetes_executor_config.py: No module named 'kubernetes'
[2020-12-20 05:29:36,127] {logging_mixin.py:103} INFO - [2020-12-20 05:29:36,127] {example_kubernetes_executor_config.py:175} WARNING - Install kubernetes dependencies with: pip install apache-airflow['cncf.kubernetes']
[2020-12-20 05:29:36,128] {scheduler_job.py:641} WARNING - No viable dags retrieved from /Users/harshittyagi/lil/de_env/lib/python3.8/site-packages/airflow/example_dags/example_kubernetes_executor_config.py
[2020-12-20 05:29:36,147] {scheduler_job.py:189} INFO - Processing /Users/harshittyagi/lil/de_env/lib/python3.8/site-packages/airflow/example_dags/example_kubernetes_executor_config.py took 0.024 seconds
