[2020-12-20 04:41:53,209] {scheduler_job.py:181} INFO - Started process (PID=54462) to work on /Users/harshittyagi/lil/de_env/lib/python3.8/site-packages/airflow/example_dags/example_latest_only.py
[2020-12-20 04:41:53,210] {scheduler_job.py:629} INFO - Processing file /Users/harshittyagi/lil/de_env/lib/python3.8/site-packages/airflow/example_dags/example_latest_only.py for tasks to queue
[2020-12-20 04:41:53,210] {logging_mixin.py:103} INFO - [2020-12-20 04:41:53,210] {dagbag.py:440} INFO - Filling up the DagBag from /Users/harshittyagi/lil/de_env/lib/python3.8/site-packages/airflow/example_dags/example_latest_only.py
[2020-12-20 04:41:53,216] {scheduler_job.py:639} INFO - DAG(s) dict_keys(['latest_only']) retrieved from /Users/harshittyagi/lil/de_env/lib/python3.8/site-packages/airflow/example_dags/example_latest_only.py
[2020-12-20 04:41:53,216] {logging_mixin.py:103} INFO - [2020-12-20 04:41:53,216] {dag.py:1813} INFO - Sync 1 DAGs
[2020-12-20 04:41:53,250] {logging_mixin.py:103} INFO - [2020-12-20 04:41:53,250] {dag.py:2266} INFO - Setting next_dagrun for latest_only to 2020-12-17 00:00:00+00:00
[2020-12-20 04:41:53,259] {scheduler_job.py:189} INFO - Processing /Users/harshittyagi/lil/de_env/lib/python3.8/site-packages/airflow/example_dags/example_latest_only.py took 0.050 seconds
[2020-12-20 04:42:49,491] {scheduler_job.py:181} INFO - Started process (PID=54764) to work on /Users/harshittyagi/lil/de_env/lib/python3.8/site-packages/airflow/example_dags/example_latest_only.py
[2020-12-20 04:42:49,492] {scheduler_job.py:629} INFO - Processing file /Users/harshittyagi/lil/de_env/lib/python3.8/site-packages/airflow/example_dags/example_latest_only.py for tasks to queue
[2020-12-20 04:42:49,492] {logging_mixin.py:103} INFO - [2020-12-20 04:42:49,492] {dagbag.py:440} INFO - Filling up the DagBag from /Users/harshittyagi/lil/de_env/lib/python3.8/site-packages/airflow/example_dags/example_latest_only.py
[2020-12-20 04:42:49,497] {scheduler_job.py:639} INFO - DAG(s) dict_keys(['latest_only']) retrieved from /Users/harshittyagi/lil/de_env/lib/python3.8/site-packages/airflow/example_dags/example_latest_only.py
[2020-12-20 04:42:49,497] {logging_mixin.py:103} INFO - [2020-12-20 04:42:49,497] {dag.py:1813} INFO - Sync 1 DAGs
[2020-12-20 04:42:49,526] {logging_mixin.py:103} INFO - [2020-12-20 04:42:49,526] {dag.py:2266} INFO - Setting next_dagrun for latest_only to 2020-12-17 00:00:00+00:00
[2020-12-20 04:42:49,535] {scheduler_job.py:189} INFO - Processing /Users/harshittyagi/lil/de_env/lib/python3.8/site-packages/airflow/example_dags/example_latest_only.py took 0.045 seconds
[2020-12-20 04:43:46,874] {scheduler_job.py:181} INFO - Started process (PID=55061) to work on /Users/harshittyagi/lil/de_env/lib/python3.8/site-packages/airflow/example_dags/example_latest_only.py
[2020-12-20 04:43:46,875] {scheduler_job.py:629} INFO - Processing file /Users/harshittyagi/lil/de_env/lib/python3.8/site-packages/airflow/example_dags/example_latest_only.py for tasks to queue
[2020-12-20 04:43:46,876] {logging_mixin.py:103} INFO - [2020-12-20 04:43:46,876] {dagbag.py:440} INFO - Filling up the DagBag from /Users/harshittyagi/lil/de_env/lib/python3.8/site-packages/airflow/example_dags/example_latest_only.py
[2020-12-20 04:43:46,887] {scheduler_job.py:639} INFO - DAG(s) dict_keys(['latest_only']) retrieved from /Users/harshittyagi/lil/de_env/lib/python3.8/site-packages/airflow/example_dags/example_latest_only.py
[2020-12-20 04:43:46,888] {logging_mixin.py:103} INFO - [2020-12-20 04:43:46,888] {dag.py:1813} INFO - Sync 1 DAGs
[2020-12-20 04:43:46,932] {logging_mixin.py:103} INFO - [2020-12-20 04:43:46,932] {dag.py:2266} INFO - Setting next_dagrun for latest_only to 2020-12-17 00:00:00+00:00
[2020-12-20 04:43:46,942] {scheduler_job.py:189} INFO - Processing /Users/harshittyagi/lil/de_env/lib/python3.8/site-packages/airflow/example_dags/example_latest_only.py took 0.070 seconds
[2020-12-20 04:44:58,329] {scheduler_job.py:181} INFO - Started process (PID=55349) to work on /Users/harshittyagi/lil/de_env/lib/python3.8/site-packages/airflow/example_dags/example_latest_only.py
[2020-12-20 04:44:58,330] {scheduler_job.py:629} INFO - Processing file /Users/harshittyagi/lil/de_env/lib/python3.8/site-packages/airflow/example_dags/example_latest_only.py for tasks to queue
[2020-12-20 04:44:58,330] {logging_mixin.py:103} INFO - [2020-12-20 04:44:58,330] {dagbag.py:440} INFO - Filling up the DagBag from /Users/harshittyagi/lil/de_env/lib/python3.8/site-packages/airflow/example_dags/example_latest_only.py
[2020-12-20 04:44:58,334] {scheduler_job.py:639} INFO - DAG(s) dict_keys(['latest_only']) retrieved from /Users/harshittyagi/lil/de_env/lib/python3.8/site-packages/airflow/example_dags/example_latest_only.py
[2020-12-20 04:44:58,334] {logging_mixin.py:103} INFO - [2020-12-20 04:44:58,334] {dag.py:1813} INFO - Sync 1 DAGs
[2020-12-20 04:44:58,359] {logging_mixin.py:103} INFO - [2020-12-20 04:44:58,359] {dag.py:2266} INFO - Setting next_dagrun for latest_only to 2020-12-17 00:00:00+00:00
[2020-12-20 04:44:58,366] {scheduler_job.py:189} INFO - Processing /Users/harshittyagi/lil/de_env/lib/python3.8/site-packages/airflow/example_dags/example_latest_only.py took 0.037 seconds
[2020-12-20 04:45:51,061] {scheduler_job.py:181} INFO - Started process (PID=55640) to work on /Users/harshittyagi/lil/de_env/lib/python3.8/site-packages/airflow/example_dags/example_latest_only.py
[2020-12-20 04:45:51,062] {scheduler_job.py:629} INFO - Processing file /Users/harshittyagi/lil/de_env/lib/python3.8/site-packages/airflow/example_dags/example_latest_only.py for tasks to queue
[2020-12-20 04:45:51,062] {logging_mixin.py:103} INFO - [2020-12-20 04:45:51,062] {dagbag.py:440} INFO - Filling up the DagBag from /Users/harshittyagi/lil/de_env/lib/python3.8/site-packages/airflow/example_dags/example_latest_only.py
[2020-12-20 04:45:51,067] {scheduler_job.py:639} INFO - DAG(s) dict_keys(['latest_only']) retrieved from /Users/harshittyagi/lil/de_env/lib/python3.8/site-packages/airflow/example_dags/example_latest_only.py
[2020-12-20 04:45:51,067] {logging_mixin.py:103} INFO - [2020-12-20 04:45:51,067] {dag.py:1813} INFO - Sync 1 DAGs
[2020-12-20 04:45:51,094] {logging_mixin.py:103} INFO - [2020-12-20 04:45:51,094] {dag.py:2266} INFO - Setting next_dagrun for latest_only to 2020-12-17 00:00:00+00:00
[2020-12-20 04:45:51,102] {scheduler_job.py:189} INFO - Processing /Users/harshittyagi/lil/de_env/lib/python3.8/site-packages/airflow/example_dags/example_latest_only.py took 0.041 seconds
[2020-12-20 04:46:45,239] {scheduler_job.py:181} INFO - Started process (PID=55922) to work on /Users/harshittyagi/lil/de_env/lib/python3.8/site-packages/airflow/example_dags/example_latest_only.py
[2020-12-20 04:46:45,239] {scheduler_job.py:629} INFO - Processing file /Users/harshittyagi/lil/de_env/lib/python3.8/site-packages/airflow/example_dags/example_latest_only.py for tasks to queue
[2020-12-20 04:46:45,240] {logging_mixin.py:103} INFO - [2020-12-20 04:46:45,240] {dagbag.py:440} INFO - Filling up the DagBag from /Users/harshittyagi/lil/de_env/lib/python3.8/site-packages/airflow/example_dags/example_latest_only.py
[2020-12-20 04:46:45,243] {scheduler_job.py:639} INFO - DAG(s) dict_keys(['latest_only']) retrieved from /Users/harshittyagi/lil/de_env/lib/python3.8/site-packages/airflow/example_dags/example_latest_only.py
[2020-12-20 04:46:45,244] {logging_mixin.py:103} INFO - [2020-12-20 04:46:45,244] {dag.py:1813} INFO - Sync 1 DAGs
[2020-12-20 04:46:45,268] {logging_mixin.py:103} INFO - [2020-12-20 04:46:45,268] {dag.py:2266} INFO - Setting next_dagrun for latest_only to 2020-12-17 00:00:00+00:00
[2020-12-20 04:46:45,276] {scheduler_job.py:189} INFO - Processing /Users/harshittyagi/lil/de_env/lib/python3.8/site-packages/airflow/example_dags/example_latest_only.py took 0.037 seconds
[2020-12-20 04:47:38,719] {scheduler_job.py:181} INFO - Started process (PID=56206) to work on /Users/harshittyagi/lil/de_env/lib/python3.8/site-packages/airflow/example_dags/example_latest_only.py
[2020-12-20 04:47:38,720] {scheduler_job.py:629} INFO - Processing file /Users/harshittyagi/lil/de_env/lib/python3.8/site-packages/airflow/example_dags/example_latest_only.py for tasks to queue
[2020-12-20 04:47:38,720] {logging_mixin.py:103} INFO - [2020-12-20 04:47:38,720] {dagbag.py:440} INFO - Filling up the DagBag from /Users/harshittyagi/lil/de_env/lib/python3.8/site-packages/airflow/example_dags/example_latest_only.py
[2020-12-20 04:47:38,724] {scheduler_job.py:639} INFO - DAG(s) dict_keys(['latest_only']) retrieved from /Users/harshittyagi/lil/de_env/lib/python3.8/site-packages/airflow/example_dags/example_latest_only.py
[2020-12-20 04:47:38,725] {logging_mixin.py:103} INFO - [2020-12-20 04:47:38,725] {dag.py:1813} INFO - Sync 1 DAGs
[2020-12-20 04:47:38,750] {logging_mixin.py:103} INFO - [2020-12-20 04:47:38,750] {dag.py:2266} INFO - Setting next_dagrun for latest_only to 2020-12-17 00:00:00+00:00
[2020-12-20 04:47:38,757] {scheduler_job.py:189} INFO - Processing /Users/harshittyagi/lil/de_env/lib/python3.8/site-packages/airflow/example_dags/example_latest_only.py took 0.038 seconds
[2020-12-20 04:48:32,379] {scheduler_job.py:181} INFO - Started process (PID=56494) to work on /Users/harshittyagi/lil/de_env/lib/python3.8/site-packages/airflow/example_dags/example_latest_only.py
[2020-12-20 04:48:32,379] {scheduler_job.py:629} INFO - Processing file /Users/harshittyagi/lil/de_env/lib/python3.8/site-packages/airflow/example_dags/example_latest_only.py for tasks to queue
[2020-12-20 04:48:32,379] {logging_mixin.py:103} INFO - [2020-12-20 04:48:32,379] {dagbag.py:440} INFO - Filling up the DagBag from /Users/harshittyagi/lil/de_env/lib/python3.8/site-packages/airflow/example_dags/example_latest_only.py
[2020-12-20 04:48:32,383] {scheduler_job.py:639} INFO - DAG(s) dict_keys(['latest_only']) retrieved from /Users/harshittyagi/lil/de_env/lib/python3.8/site-packages/airflow/example_dags/example_latest_only.py
[2020-12-20 04:48:32,384] {logging_mixin.py:103} INFO - [2020-12-20 04:48:32,384] {dag.py:1813} INFO - Sync 1 DAGs
[2020-12-20 04:48:32,408] {logging_mixin.py:103} INFO - [2020-12-20 04:48:32,408] {dag.py:2266} INFO - Setting next_dagrun for latest_only to 2020-12-17 00:00:00+00:00
[2020-12-20 04:48:32,414] {scheduler_job.py:189} INFO - Processing /Users/harshittyagi/lil/de_env/lib/python3.8/site-packages/airflow/example_dags/example_latest_only.py took 0.036 seconds
[2020-12-20 04:49:25,842] {scheduler_job.py:181} INFO - Started process (PID=56778) to work on /Users/harshittyagi/lil/de_env/lib/python3.8/site-packages/airflow/example_dags/example_latest_only.py
[2020-12-20 04:49:25,842] {scheduler_job.py:629} INFO - Processing file /Users/harshittyagi/lil/de_env/lib/python3.8/site-packages/airflow/example_dags/example_latest_only.py for tasks to queue
[2020-12-20 04:49:25,842] {logging_mixin.py:103} INFO - [2020-12-20 04:49:25,842] {dagbag.py:440} INFO - Filling up the DagBag from /Users/harshittyagi/lil/de_env/lib/python3.8/site-packages/airflow/example_dags/example_latest_only.py
[2020-12-20 04:49:25,847] {scheduler_job.py:639} INFO - DAG(s) dict_keys(['latest_only']) retrieved from /Users/harshittyagi/lil/de_env/lib/python3.8/site-packages/airflow/example_dags/example_latest_only.py
[2020-12-20 04:49:25,847] {logging_mixin.py:103} INFO - [2020-12-20 04:49:25,847] {dag.py:1813} INFO - Sync 1 DAGs
[2020-12-20 04:49:25,874] {logging_mixin.py:103} INFO - [2020-12-20 04:49:25,874] {dag.py:2266} INFO - Setting next_dagrun for latest_only to 2020-12-17 00:00:00+00:00
[2020-12-20 04:49:25,881] {scheduler_job.py:189} INFO - Processing /Users/harshittyagi/lil/de_env/lib/python3.8/site-packages/airflow/example_dags/example_latest_only.py took 0.040 seconds
[2020-12-20 04:50:19,629] {scheduler_job.py:181} INFO - Started process (PID=57064) to work on /Users/harshittyagi/lil/de_env/lib/python3.8/site-packages/airflow/example_dags/example_latest_only.py
[2020-12-20 04:50:19,630] {scheduler_job.py:629} INFO - Processing file /Users/harshittyagi/lil/de_env/lib/python3.8/site-packages/airflow/example_dags/example_latest_only.py for tasks to queue
[2020-12-20 04:50:19,630] {logging_mixin.py:103} INFO - [2020-12-20 04:50:19,630] {dagbag.py:440} INFO - Filling up the DagBag from /Users/harshittyagi/lil/de_env/lib/python3.8/site-packages/airflow/example_dags/example_latest_only.py
[2020-12-20 04:50:19,635] {scheduler_job.py:639} INFO - DAG(s) dict_keys(['latest_only']) retrieved from /Users/harshittyagi/lil/de_env/lib/python3.8/site-packages/airflow/example_dags/example_latest_only.py
[2020-12-20 04:50:19,635] {logging_mixin.py:103} INFO - [2020-12-20 04:50:19,635] {dag.py:1813} INFO - Sync 1 DAGs
[2020-12-20 04:50:19,660] {logging_mixin.py:103} INFO - [2020-12-20 04:50:19,660] {dag.py:2266} INFO - Setting next_dagrun for latest_only to 2020-12-17 00:00:00+00:00
[2020-12-20 04:50:19,669] {scheduler_job.py:189} INFO - Processing /Users/harshittyagi/lil/de_env/lib/python3.8/site-packages/airflow/example_dags/example_latest_only.py took 0.040 seconds
[2020-12-20 04:51:13,368] {scheduler_job.py:181} INFO - Started process (PID=57346) to work on /Users/harshittyagi/lil/de_env/lib/python3.8/site-packages/airflow/example_dags/example_latest_only.py
[2020-12-20 04:51:13,368] {scheduler_job.py:629} INFO - Processing file /Users/harshittyagi/lil/de_env/lib/python3.8/site-packages/airflow/example_dags/example_latest_only.py for tasks to queue
[2020-12-20 04:51:13,369] {logging_mixin.py:103} INFO - [2020-12-20 04:51:13,369] {dagbag.py:440} INFO - Filling up the DagBag from /Users/harshittyagi/lil/de_env/lib/python3.8/site-packages/airflow/example_dags/example_latest_only.py
[2020-12-20 04:51:13,373] {scheduler_job.py:639} INFO - DAG(s) dict_keys(['latest_only']) retrieved from /Users/harshittyagi/lil/de_env/lib/python3.8/site-packages/airflow/example_dags/example_latest_only.py
[2020-12-20 04:51:13,373] {logging_mixin.py:103} INFO - [2020-12-20 04:51:13,373] {dag.py:1813} INFO - Sync 1 DAGs
[2020-12-20 04:51:13,398] {logging_mixin.py:103} INFO - [2020-12-20 04:51:13,397] {dag.py:2266} INFO - Setting next_dagrun for latest_only to 2020-12-17 00:00:00+00:00
[2020-12-20 04:51:13,405] {scheduler_job.py:189} INFO - Processing /Users/harshittyagi/lil/de_env/lib/python3.8/site-packages/airflow/example_dags/example_latest_only.py took 0.037 seconds
[2020-12-20 04:52:04,817] {scheduler_job.py:181} INFO - Started process (PID=57631) to work on /Users/harshittyagi/lil/de_env/lib/python3.8/site-packages/airflow/example_dags/example_latest_only.py
[2020-12-20 04:52:04,817] {scheduler_job.py:629} INFO - Processing file /Users/harshittyagi/lil/de_env/lib/python3.8/site-packages/airflow/example_dags/example_latest_only.py for tasks to queue
[2020-12-20 04:52:04,818] {logging_mixin.py:103} INFO - [2020-12-20 04:52:04,818] {dagbag.py:440} INFO - Filling up the DagBag from /Users/harshittyagi/lil/de_env/lib/python3.8/site-packages/airflow/example_dags/example_latest_only.py
[2020-12-20 04:52:04,824] {scheduler_job.py:639} INFO - DAG(s) dict_keys(['latest_only']) retrieved from /Users/harshittyagi/lil/de_env/lib/python3.8/site-packages/airflow/example_dags/example_latest_only.py
[2020-12-20 04:52:04,824] {logging_mixin.py:103} INFO - [2020-12-20 04:52:04,824] {dag.py:1813} INFO - Sync 1 DAGs
[2020-12-20 04:52:04,852] {logging_mixin.py:103} INFO - [2020-12-20 04:52:04,852] {dag.py:2266} INFO - Setting next_dagrun for latest_only to 2020-12-17 00:00:00+00:00
[2020-12-20 04:52:04,861] {scheduler_job.py:189} INFO - Processing /Users/harshittyagi/lil/de_env/lib/python3.8/site-packages/airflow/example_dags/example_latest_only.py took 0.045 seconds
[2020-12-20 04:52:57,586] {scheduler_job.py:181} INFO - Started process (PID=57920) to work on /Users/harshittyagi/lil/de_env/lib/python3.8/site-packages/airflow/example_dags/example_latest_only.py
[2020-12-20 04:52:57,586] {scheduler_job.py:629} INFO - Processing file /Users/harshittyagi/lil/de_env/lib/python3.8/site-packages/airflow/example_dags/example_latest_only.py for tasks to queue
[2020-12-20 04:52:57,587] {logging_mixin.py:103} INFO - [2020-12-20 04:52:57,586] {dagbag.py:440} INFO - Filling up the DagBag from /Users/harshittyagi/lil/de_env/lib/python3.8/site-packages/airflow/example_dags/example_latest_only.py
[2020-12-20 04:52:57,591] {scheduler_job.py:639} INFO - DAG(s) dict_keys(['latest_only']) retrieved from /Users/harshittyagi/lil/de_env/lib/python3.8/site-packages/airflow/example_dags/example_latest_only.py
[2020-12-20 04:52:57,592] {logging_mixin.py:103} INFO - [2020-12-20 04:52:57,592] {dag.py:1813} INFO - Sync 1 DAGs
[2020-12-20 04:52:57,617] {logging_mixin.py:103} INFO - [2020-12-20 04:52:57,617] {dag.py:2266} INFO - Setting next_dagrun for latest_only to 2020-12-17 00:00:00+00:00
[2020-12-20 04:52:57,626] {scheduler_job.py:189} INFO - Processing /Users/harshittyagi/lil/de_env/lib/python3.8/site-packages/airflow/example_dags/example_latest_only.py took 0.040 seconds
[2020-12-20 04:53:51,770] {scheduler_job.py:181} INFO - Started process (PID=58205) to work on /Users/harshittyagi/lil/de_env/lib/python3.8/site-packages/airflow/example_dags/example_latest_only.py
[2020-12-20 04:53:51,770] {scheduler_job.py:629} INFO - Processing file /Users/harshittyagi/lil/de_env/lib/python3.8/site-packages/airflow/example_dags/example_latest_only.py for tasks to queue
[2020-12-20 04:53:51,771] {logging_mixin.py:103} INFO - [2020-12-20 04:53:51,770] {dagbag.py:440} INFO - Filling up the DagBag from /Users/harshittyagi/lil/de_env/lib/python3.8/site-packages/airflow/example_dags/example_latest_only.py
[2020-12-20 04:53:51,775] {scheduler_job.py:639} INFO - DAG(s) dict_keys(['latest_only']) retrieved from /Users/harshittyagi/lil/de_env/lib/python3.8/site-packages/airflow/example_dags/example_latest_only.py
[2020-12-20 04:53:51,775] {logging_mixin.py:103} INFO - [2020-12-20 04:53:51,775] {dag.py:1813} INFO - Sync 1 DAGs
[2020-12-20 04:53:51,799] {logging_mixin.py:103} INFO - [2020-12-20 04:53:51,799] {dag.py:2266} INFO - Setting next_dagrun for latest_only to 2020-12-17 00:00:00+00:00
[2020-12-20 04:53:51,807] {scheduler_job.py:189} INFO - Processing /Users/harshittyagi/lil/de_env/lib/python3.8/site-packages/airflow/example_dags/example_latest_only.py took 0.037 seconds
[2020-12-20 04:54:45,764] {scheduler_job.py:181} INFO - Started process (PID=58495) to work on /Users/harshittyagi/lil/de_env/lib/python3.8/site-packages/airflow/example_dags/example_latest_only.py
[2020-12-20 04:54:45,764] {scheduler_job.py:629} INFO - Processing file /Users/harshittyagi/lil/de_env/lib/python3.8/site-packages/airflow/example_dags/example_latest_only.py for tasks to queue
[2020-12-20 04:54:45,765] {logging_mixin.py:103} INFO - [2020-12-20 04:54:45,765] {dagbag.py:440} INFO - Filling up the DagBag from /Users/harshittyagi/lil/de_env/lib/python3.8/site-packages/airflow/example_dags/example_latest_only.py
[2020-12-20 04:54:45,769] {scheduler_job.py:639} INFO - DAG(s) dict_keys(['latest_only']) retrieved from /Users/harshittyagi/lil/de_env/lib/python3.8/site-packages/airflow/example_dags/example_latest_only.py
[2020-12-20 04:54:45,769] {logging_mixin.py:103} INFO - [2020-12-20 04:54:45,769] {dag.py:1813} INFO - Sync 1 DAGs
[2020-12-20 04:54:45,797] {logging_mixin.py:103} INFO - [2020-12-20 04:54:45,797] {dag.py:2266} INFO - Setting next_dagrun for latest_only to 2020-12-17 00:00:00+00:00
[2020-12-20 04:54:45,805] {scheduler_job.py:189} INFO - Processing /Users/harshittyagi/lil/de_env/lib/python3.8/site-packages/airflow/example_dags/example_latest_only.py took 0.042 seconds
[2020-12-20 04:55:40,112] {scheduler_job.py:181} INFO - Started process (PID=58779) to work on /Users/harshittyagi/lil/de_env/lib/python3.8/site-packages/airflow/example_dags/example_latest_only.py
[2020-12-20 04:55:40,112] {scheduler_job.py:629} INFO - Processing file /Users/harshittyagi/lil/de_env/lib/python3.8/site-packages/airflow/example_dags/example_latest_only.py for tasks to queue
[2020-12-20 04:55:40,113] {logging_mixin.py:103} INFO - [2020-12-20 04:55:40,113] {dagbag.py:440} INFO - Filling up the DagBag from /Users/harshittyagi/lil/de_env/lib/python3.8/site-packages/airflow/example_dags/example_latest_only.py
[2020-12-20 04:55:40,117] {scheduler_job.py:639} INFO - DAG(s) dict_keys(['latest_only']) retrieved from /Users/harshittyagi/lil/de_env/lib/python3.8/site-packages/airflow/example_dags/example_latest_only.py
[2020-12-20 04:55:40,117] {logging_mixin.py:103} INFO - [2020-12-20 04:55:40,117] {dag.py:1813} INFO - Sync 1 DAGs
[2020-12-20 04:55:40,141] {logging_mixin.py:103} INFO - [2020-12-20 04:55:40,141] {dag.py:2266} INFO - Setting next_dagrun for latest_only to 2020-12-17 00:00:00+00:00
[2020-12-20 04:55:40,149] {scheduler_job.py:189} INFO - Processing /Users/harshittyagi/lil/de_env/lib/python3.8/site-packages/airflow/example_dags/example_latest_only.py took 0.038 seconds
[2020-12-20 04:56:34,029] {scheduler_job.py:181} INFO - Started process (PID=59061) to work on /Users/harshittyagi/lil/de_env/lib/python3.8/site-packages/airflow/example_dags/example_latest_only.py
[2020-12-20 04:56:34,030] {scheduler_job.py:629} INFO - Processing file /Users/harshittyagi/lil/de_env/lib/python3.8/site-packages/airflow/example_dags/example_latest_only.py for tasks to queue
[2020-12-20 04:56:34,030] {logging_mixin.py:103} INFO - [2020-12-20 04:56:34,030] {dagbag.py:440} INFO - Filling up the DagBag from /Users/harshittyagi/lil/de_env/lib/python3.8/site-packages/airflow/example_dags/example_latest_only.py
[2020-12-20 04:56:34,034] {scheduler_job.py:639} INFO - DAG(s) dict_keys(['latest_only']) retrieved from /Users/harshittyagi/lil/de_env/lib/python3.8/site-packages/airflow/example_dags/example_latest_only.py
[2020-12-20 04:56:34,034] {logging_mixin.py:103} INFO - [2020-12-20 04:56:34,034] {dag.py:1813} INFO - Sync 1 DAGs
[2020-12-20 04:56:34,058] {logging_mixin.py:103} INFO - [2020-12-20 04:56:34,058] {dag.py:2266} INFO - Setting next_dagrun for latest_only to 2020-12-17 00:00:00+00:00
[2020-12-20 04:56:34,065] {scheduler_job.py:189} INFO - Processing /Users/harshittyagi/lil/de_env/lib/python3.8/site-packages/airflow/example_dags/example_latest_only.py took 0.036 seconds
[2020-12-20 04:57:27,911] {scheduler_job.py:181} INFO - Started process (PID=59344) to work on /Users/harshittyagi/lil/de_env/lib/python3.8/site-packages/airflow/example_dags/example_latest_only.py
[2020-12-20 04:57:27,912] {scheduler_job.py:629} INFO - Processing file /Users/harshittyagi/lil/de_env/lib/python3.8/site-packages/airflow/example_dags/example_latest_only.py for tasks to queue
[2020-12-20 04:57:27,912] {logging_mixin.py:103} INFO - [2020-12-20 04:57:27,912] {dagbag.py:440} INFO - Filling up the DagBag from /Users/harshittyagi/lil/de_env/lib/python3.8/site-packages/airflow/example_dags/example_latest_only.py
[2020-12-20 04:57:27,916] {scheduler_job.py:639} INFO - DAG(s) dict_keys(['latest_only']) retrieved from /Users/harshittyagi/lil/de_env/lib/python3.8/site-packages/airflow/example_dags/example_latest_only.py
[2020-12-20 04:57:27,917] {logging_mixin.py:103} INFO - [2020-12-20 04:57:27,917] {dag.py:1813} INFO - Sync 1 DAGs
[2020-12-20 04:57:27,941] {logging_mixin.py:103} INFO - [2020-12-20 04:57:27,941] {dag.py:2266} INFO - Setting next_dagrun for latest_only to 2020-12-17 00:00:00+00:00
[2020-12-20 04:57:27,949] {scheduler_job.py:189} INFO - Processing /Users/harshittyagi/lil/de_env/lib/python3.8/site-packages/airflow/example_dags/example_latest_only.py took 0.038 seconds
[2020-12-20 04:58:21,610] {scheduler_job.py:181} INFO - Started process (PID=59625) to work on /Users/harshittyagi/lil/de_env/lib/python3.8/site-packages/airflow/example_dags/example_latest_only.py
[2020-12-20 04:58:21,610] {scheduler_job.py:629} INFO - Processing file /Users/harshittyagi/lil/de_env/lib/python3.8/site-packages/airflow/example_dags/example_latest_only.py for tasks to queue
[2020-12-20 04:58:21,610] {logging_mixin.py:103} INFO - [2020-12-20 04:58:21,610] {dagbag.py:440} INFO - Filling up the DagBag from /Users/harshittyagi/lil/de_env/lib/python3.8/site-packages/airflow/example_dags/example_latest_only.py
[2020-12-20 04:58:21,615] {scheduler_job.py:639} INFO - DAG(s) dict_keys(['latest_only']) retrieved from /Users/harshittyagi/lil/de_env/lib/python3.8/site-packages/airflow/example_dags/example_latest_only.py
[2020-12-20 04:58:21,615] {logging_mixin.py:103} INFO - [2020-12-20 04:58:21,615] {dag.py:1813} INFO - Sync 1 DAGs
[2020-12-20 04:58:21,640] {logging_mixin.py:103} INFO - [2020-12-20 04:58:21,640] {dag.py:2266} INFO - Setting next_dagrun for latest_only to 2020-12-17 00:00:00+00:00
[2020-12-20 04:58:21,648] {scheduler_job.py:189} INFO - Processing /Users/harshittyagi/lil/de_env/lib/python3.8/site-packages/airflow/example_dags/example_latest_only.py took 0.039 seconds
[2020-12-20 04:59:15,565] {scheduler_job.py:181} INFO - Started process (PID=59908) to work on /Users/harshittyagi/lil/de_env/lib/python3.8/site-packages/airflow/example_dags/example_latest_only.py
[2020-12-20 04:59:15,565] {scheduler_job.py:629} INFO - Processing file /Users/harshittyagi/lil/de_env/lib/python3.8/site-packages/airflow/example_dags/example_latest_only.py for tasks to queue
[2020-12-20 04:59:15,566] {logging_mixin.py:103} INFO - [2020-12-20 04:59:15,565] {dagbag.py:440} INFO - Filling up the DagBag from /Users/harshittyagi/lil/de_env/lib/python3.8/site-packages/airflow/example_dags/example_latest_only.py
[2020-12-20 04:59:15,570] {scheduler_job.py:639} INFO - DAG(s) dict_keys(['latest_only']) retrieved from /Users/harshittyagi/lil/de_env/lib/python3.8/site-packages/airflow/example_dags/example_latest_only.py
[2020-12-20 04:59:15,570] {logging_mixin.py:103} INFO - [2020-12-20 04:59:15,570] {dag.py:1813} INFO - Sync 1 DAGs
[2020-12-20 04:59:15,594] {logging_mixin.py:103} INFO - [2020-12-20 04:59:15,594] {dag.py:2266} INFO - Setting next_dagrun for latest_only to 2020-12-17 00:00:00+00:00
[2020-12-20 04:59:15,601] {scheduler_job.py:189} INFO - Processing /Users/harshittyagi/lil/de_env/lib/python3.8/site-packages/airflow/example_dags/example_latest_only.py took 0.037 seconds
[2020-12-20 05:00:09,634] {scheduler_job.py:181} INFO - Started process (PID=60190) to work on /Users/harshittyagi/lil/de_env/lib/python3.8/site-packages/airflow/example_dags/example_latest_only.py
[2020-12-20 05:00:09,634] {scheduler_job.py:629} INFO - Processing file /Users/harshittyagi/lil/de_env/lib/python3.8/site-packages/airflow/example_dags/example_latest_only.py for tasks to queue
[2020-12-20 05:00:09,635] {logging_mixin.py:103} INFO - [2020-12-20 05:00:09,634] {dagbag.py:440} INFO - Filling up the DagBag from /Users/harshittyagi/lil/de_env/lib/python3.8/site-packages/airflow/example_dags/example_latest_only.py
[2020-12-20 05:00:09,640] {scheduler_job.py:639} INFO - DAG(s) dict_keys(['latest_only']) retrieved from /Users/harshittyagi/lil/de_env/lib/python3.8/site-packages/airflow/example_dags/example_latest_only.py
[2020-12-20 05:00:09,641] {logging_mixin.py:103} INFO - [2020-12-20 05:00:09,640] {dag.py:1813} INFO - Sync 1 DAGs
[2020-12-20 05:00:09,670] {logging_mixin.py:103} INFO - [2020-12-20 05:00:09,670] {dag.py:2266} INFO - Setting next_dagrun for latest_only to 2020-12-17 00:00:00+00:00
[2020-12-20 05:00:09,678] {scheduler_job.py:189} INFO - Processing /Users/harshittyagi/lil/de_env/lib/python3.8/site-packages/airflow/example_dags/example_latest_only.py took 0.045 seconds
[2020-12-20 05:01:03,672] {scheduler_job.py:181} INFO - Started process (PID=60477) to work on /Users/harshittyagi/lil/de_env/lib/python3.8/site-packages/airflow/example_dags/example_latest_only.py
[2020-12-20 05:01:03,672] {scheduler_job.py:629} INFO - Processing file /Users/harshittyagi/lil/de_env/lib/python3.8/site-packages/airflow/example_dags/example_latest_only.py for tasks to queue
[2020-12-20 05:01:03,673] {logging_mixin.py:103} INFO - [2020-12-20 05:01:03,673] {dagbag.py:440} INFO - Filling up the DagBag from /Users/harshittyagi/lil/de_env/lib/python3.8/site-packages/airflow/example_dags/example_latest_only.py
[2020-12-20 05:01:03,677] {scheduler_job.py:639} INFO - DAG(s) dict_keys(['latest_only']) retrieved from /Users/harshittyagi/lil/de_env/lib/python3.8/site-packages/airflow/example_dags/example_latest_only.py
[2020-12-20 05:01:03,678] {logging_mixin.py:103} INFO - [2020-12-20 05:01:03,678] {dag.py:1813} INFO - Sync 1 DAGs
[2020-12-20 05:01:03,705] {logging_mixin.py:103} INFO - [2020-12-20 05:01:03,705] {dag.py:2266} INFO - Setting next_dagrun for latest_only to 2020-12-17 00:00:00+00:00
[2020-12-20 05:01:03,715] {scheduler_job.py:189} INFO - Processing /Users/harshittyagi/lil/de_env/lib/python3.8/site-packages/airflow/example_dags/example_latest_only.py took 0.043 seconds
[2020-12-20 05:01:55,724] {scheduler_job.py:181} INFO - Started process (PID=60760) to work on /Users/harshittyagi/lil/de_env/lib/python3.8/site-packages/airflow/example_dags/example_latest_only.py
[2020-12-20 05:01:55,724] {scheduler_job.py:629} INFO - Processing file /Users/harshittyagi/lil/de_env/lib/python3.8/site-packages/airflow/example_dags/example_latest_only.py for tasks to queue
[2020-12-20 05:01:55,725] {logging_mixin.py:103} INFO - [2020-12-20 05:01:55,725] {dagbag.py:440} INFO - Filling up the DagBag from /Users/harshittyagi/lil/de_env/lib/python3.8/site-packages/airflow/example_dags/example_latest_only.py
[2020-12-20 05:01:55,729] {scheduler_job.py:639} INFO - DAG(s) dict_keys(['latest_only']) retrieved from /Users/harshittyagi/lil/de_env/lib/python3.8/site-packages/airflow/example_dags/example_latest_only.py
[2020-12-20 05:01:55,730] {logging_mixin.py:103} INFO - [2020-12-20 05:01:55,730] {dag.py:1813} INFO - Sync 1 DAGs
[2020-12-20 05:01:55,756] {logging_mixin.py:103} INFO - [2020-12-20 05:01:55,756] {dag.py:2266} INFO - Setting next_dagrun for latest_only to 2020-12-17 00:00:00+00:00
[2020-12-20 05:01:55,763] {scheduler_job.py:189} INFO - Processing /Users/harshittyagi/lil/de_env/lib/python3.8/site-packages/airflow/example_dags/example_latest_only.py took 0.040 seconds
[2020-12-20 05:02:49,348] {scheduler_job.py:181} INFO - Started process (PID=61052) to work on /Users/harshittyagi/lil/de_env/lib/python3.8/site-packages/airflow/example_dags/example_latest_only.py
[2020-12-20 05:02:49,349] {scheduler_job.py:629} INFO - Processing file /Users/harshittyagi/lil/de_env/lib/python3.8/site-packages/airflow/example_dags/example_latest_only.py for tasks to queue
[2020-12-20 05:02:49,349] {logging_mixin.py:103} INFO - [2020-12-20 05:02:49,349] {dagbag.py:440} INFO - Filling up the DagBag from /Users/harshittyagi/lil/de_env/lib/python3.8/site-packages/airflow/example_dags/example_latest_only.py
[2020-12-20 05:02:49,353] {scheduler_job.py:639} INFO - DAG(s) dict_keys(['latest_only']) retrieved from /Users/harshittyagi/lil/de_env/lib/python3.8/site-packages/airflow/example_dags/example_latest_only.py
[2020-12-20 05:02:49,353] {logging_mixin.py:103} INFO - [2020-12-20 05:02:49,353] {dag.py:1813} INFO - Sync 1 DAGs
[2020-12-20 05:02:49,380] {logging_mixin.py:103} INFO - [2020-12-20 05:02:49,380] {dag.py:2266} INFO - Setting next_dagrun for latest_only to 2020-12-17 00:00:00+00:00
[2020-12-20 05:02:49,387] {scheduler_job.py:189} INFO - Processing /Users/harshittyagi/lil/de_env/lib/python3.8/site-packages/airflow/example_dags/example_latest_only.py took 0.039 seconds
[2020-12-20 05:03:43,548] {scheduler_job.py:181} INFO - Started process (PID=61335) to work on /Users/harshittyagi/lil/de_env/lib/python3.8/site-packages/airflow/example_dags/example_latest_only.py
[2020-12-20 05:03:43,549] {scheduler_job.py:629} INFO - Processing file /Users/harshittyagi/lil/de_env/lib/python3.8/site-packages/airflow/example_dags/example_latest_only.py for tasks to queue
[2020-12-20 05:03:43,549] {logging_mixin.py:103} INFO - [2020-12-20 05:03:43,549] {dagbag.py:440} INFO - Filling up the DagBag from /Users/harshittyagi/lil/de_env/lib/python3.8/site-packages/airflow/example_dags/example_latest_only.py
[2020-12-20 05:03:43,553] {scheduler_job.py:639} INFO - DAG(s) dict_keys(['latest_only']) retrieved from /Users/harshittyagi/lil/de_env/lib/python3.8/site-packages/airflow/example_dags/example_latest_only.py
[2020-12-20 05:03:43,554] {logging_mixin.py:103} INFO - [2020-12-20 05:03:43,554] {dag.py:1813} INFO - Sync 1 DAGs
[2020-12-20 05:03:43,578] {logging_mixin.py:103} INFO - [2020-12-20 05:03:43,578] {dag.py:2266} INFO - Setting next_dagrun for latest_only to 2020-12-17 00:00:00+00:00
[2020-12-20 05:03:43,585] {scheduler_job.py:189} INFO - Processing /Users/harshittyagi/lil/de_env/lib/python3.8/site-packages/airflow/example_dags/example_latest_only.py took 0.037 seconds
[2020-12-20 05:04:37,577] {scheduler_job.py:181} INFO - Started process (PID=61620) to work on /Users/harshittyagi/lil/de_env/lib/python3.8/site-packages/airflow/example_dags/example_latest_only.py
[2020-12-20 05:04:37,578] {scheduler_job.py:629} INFO - Processing file /Users/harshittyagi/lil/de_env/lib/python3.8/site-packages/airflow/example_dags/example_latest_only.py for tasks to queue
[2020-12-20 05:04:37,578] {logging_mixin.py:103} INFO - [2020-12-20 05:04:37,578] {dagbag.py:440} INFO - Filling up the DagBag from /Users/harshittyagi/lil/de_env/lib/python3.8/site-packages/airflow/example_dags/example_latest_only.py
[2020-12-20 05:04:37,582] {scheduler_job.py:639} INFO - DAG(s) dict_keys(['latest_only']) retrieved from /Users/harshittyagi/lil/de_env/lib/python3.8/site-packages/airflow/example_dags/example_latest_only.py
[2020-12-20 05:04:37,582] {logging_mixin.py:103} INFO - [2020-12-20 05:04:37,582] {dag.py:1813} INFO - Sync 1 DAGs
[2020-12-20 05:04:37,607] {logging_mixin.py:103} INFO - [2020-12-20 05:04:37,607] {dag.py:2266} INFO - Setting next_dagrun for latest_only to 2020-12-17 00:00:00+00:00
[2020-12-20 05:04:37,614] {scheduler_job.py:189} INFO - Processing /Users/harshittyagi/lil/de_env/lib/python3.8/site-packages/airflow/example_dags/example_latest_only.py took 0.037 seconds
[2020-12-20 05:05:31,281] {scheduler_job.py:181} INFO - Started process (PID=61906) to work on /Users/harshittyagi/lil/de_env/lib/python3.8/site-packages/airflow/example_dags/example_latest_only.py
[2020-12-20 05:05:31,282] {scheduler_job.py:629} INFO - Processing file /Users/harshittyagi/lil/de_env/lib/python3.8/site-packages/airflow/example_dags/example_latest_only.py for tasks to queue
[2020-12-20 05:05:31,282] {logging_mixin.py:103} INFO - [2020-12-20 05:05:31,282] {dagbag.py:440} INFO - Filling up the DagBag from /Users/harshittyagi/lil/de_env/lib/python3.8/site-packages/airflow/example_dags/example_latest_only.py
[2020-12-20 05:05:31,286] {scheduler_job.py:639} INFO - DAG(s) dict_keys(['latest_only']) retrieved from /Users/harshittyagi/lil/de_env/lib/python3.8/site-packages/airflow/example_dags/example_latest_only.py
[2020-12-20 05:05:31,286] {logging_mixin.py:103} INFO - [2020-12-20 05:05:31,286] {dag.py:1813} INFO - Sync 1 DAGs
[2020-12-20 05:05:31,310] {logging_mixin.py:103} INFO - [2020-12-20 05:05:31,310] {dag.py:2266} INFO - Setting next_dagrun for latest_only to 2020-12-17 00:00:00+00:00
[2020-12-20 05:05:31,317] {scheduler_job.py:189} INFO - Processing /Users/harshittyagi/lil/de_env/lib/python3.8/site-packages/airflow/example_dags/example_latest_only.py took 0.036 seconds
[2020-12-20 05:06:25,750] {scheduler_job.py:181} INFO - Started process (PID=62192) to work on /Users/harshittyagi/lil/de_env/lib/python3.8/site-packages/airflow/example_dags/example_latest_only.py
[2020-12-20 05:06:25,751] {scheduler_job.py:629} INFO - Processing file /Users/harshittyagi/lil/de_env/lib/python3.8/site-packages/airflow/example_dags/example_latest_only.py for tasks to queue
[2020-12-20 05:06:25,751] {logging_mixin.py:103} INFO - [2020-12-20 05:06:25,751] {dagbag.py:440} INFO - Filling up the DagBag from /Users/harshittyagi/lil/de_env/lib/python3.8/site-packages/airflow/example_dags/example_latest_only.py
[2020-12-20 05:06:25,755] {scheduler_job.py:639} INFO - DAG(s) dict_keys(['latest_only']) retrieved from /Users/harshittyagi/lil/de_env/lib/python3.8/site-packages/airflow/example_dags/example_latest_only.py
[2020-12-20 05:06:25,755] {logging_mixin.py:103} INFO - [2020-12-20 05:06:25,755] {dag.py:1813} INFO - Sync 1 DAGs
[2020-12-20 05:06:25,781] {logging_mixin.py:103} INFO - [2020-12-20 05:06:25,780] {dag.py:2266} INFO - Setting next_dagrun for latest_only to 2020-12-17 00:00:00+00:00
[2020-12-20 05:06:25,788] {scheduler_job.py:189} INFO - Processing /Users/harshittyagi/lil/de_env/lib/python3.8/site-packages/airflow/example_dags/example_latest_only.py took 0.038 seconds
[2020-12-20 05:07:19,000] {scheduler_job.py:181} INFO - Started process (PID=62473) to work on /Users/harshittyagi/lil/de_env/lib/python3.8/site-packages/airflow/example_dags/example_latest_only.py
[2020-12-20 05:07:19,000] {scheduler_job.py:629} INFO - Processing file /Users/harshittyagi/lil/de_env/lib/python3.8/site-packages/airflow/example_dags/example_latest_only.py for tasks to queue
[2020-12-20 05:07:19,000] {logging_mixin.py:103} INFO - [2020-12-20 05:07:19,000] {dagbag.py:440} INFO - Filling up the DagBag from /Users/harshittyagi/lil/de_env/lib/python3.8/site-packages/airflow/example_dags/example_latest_only.py
[2020-12-20 05:07:19,005] {scheduler_job.py:639} INFO - DAG(s) dict_keys(['latest_only']) retrieved from /Users/harshittyagi/lil/de_env/lib/python3.8/site-packages/airflow/example_dags/example_latest_only.py
[2020-12-20 05:07:19,005] {logging_mixin.py:103} INFO - [2020-12-20 05:07:19,005] {dag.py:1813} INFO - Sync 1 DAGs
[2020-12-20 05:07:19,029] {logging_mixin.py:103} INFO - [2020-12-20 05:07:19,029] {dag.py:2266} INFO - Setting next_dagrun for latest_only to 2020-12-17 00:00:00+00:00
[2020-12-20 05:07:19,036] {scheduler_job.py:189} INFO - Processing /Users/harshittyagi/lil/de_env/lib/python3.8/site-packages/airflow/example_dags/example_latest_only.py took 0.037 seconds
[2020-12-20 05:08:13,809] {scheduler_job.py:181} INFO - Started process (PID=62760) to work on /Users/harshittyagi/lil/de_env/lib/python3.8/site-packages/airflow/example_dags/example_latest_only.py
[2020-12-20 05:08:13,809] {scheduler_job.py:629} INFO - Processing file /Users/harshittyagi/lil/de_env/lib/python3.8/site-packages/airflow/example_dags/example_latest_only.py for tasks to queue
[2020-12-20 05:08:13,810] {logging_mixin.py:103} INFO - [2020-12-20 05:08:13,809] {dagbag.py:440} INFO - Filling up the DagBag from /Users/harshittyagi/lil/de_env/lib/python3.8/site-packages/airflow/example_dags/example_latest_only.py
[2020-12-20 05:08:13,814] {scheduler_job.py:639} INFO - DAG(s) dict_keys(['latest_only']) retrieved from /Users/harshittyagi/lil/de_env/lib/python3.8/site-packages/airflow/example_dags/example_latest_only.py
[2020-12-20 05:08:13,815] {logging_mixin.py:103} INFO - [2020-12-20 05:08:13,814] {dag.py:1813} INFO - Sync 1 DAGs
[2020-12-20 05:08:13,842] {logging_mixin.py:103} INFO - [2020-12-20 05:08:13,842] {dag.py:2266} INFO - Setting next_dagrun for latest_only to 2020-12-17 00:00:00+00:00
[2020-12-20 05:08:13,850] {scheduler_job.py:189} INFO - Processing /Users/harshittyagi/lil/de_env/lib/python3.8/site-packages/airflow/example_dags/example_latest_only.py took 0.042 seconds
[2020-12-20 05:09:08,156] {scheduler_job.py:181} INFO - Started process (PID=63050) to work on /Users/harshittyagi/lil/de_env/lib/python3.8/site-packages/airflow/example_dags/example_latest_only.py
[2020-12-20 05:09:08,157] {scheduler_job.py:629} INFO - Processing file /Users/harshittyagi/lil/de_env/lib/python3.8/site-packages/airflow/example_dags/example_latest_only.py for tasks to queue
[2020-12-20 05:09:08,157] {logging_mixin.py:103} INFO - [2020-12-20 05:09:08,157] {dagbag.py:440} INFO - Filling up the DagBag from /Users/harshittyagi/lil/de_env/lib/python3.8/site-packages/airflow/example_dags/example_latest_only.py
[2020-12-20 05:09:08,161] {scheduler_job.py:639} INFO - DAG(s) dict_keys(['latest_only']) retrieved from /Users/harshittyagi/lil/de_env/lib/python3.8/site-packages/airflow/example_dags/example_latest_only.py
[2020-12-20 05:09:08,162] {logging_mixin.py:103} INFO - [2020-12-20 05:09:08,161] {dag.py:1813} INFO - Sync 1 DAGs
[2020-12-20 05:09:08,188] {logging_mixin.py:103} INFO - [2020-12-20 05:09:08,188] {dag.py:2266} INFO - Setting next_dagrun for latest_only to 2020-12-17 00:00:00+00:00
[2020-12-20 05:09:08,195] {scheduler_job.py:189} INFO - Processing /Users/harshittyagi/lil/de_env/lib/python3.8/site-packages/airflow/example_dags/example_latest_only.py took 0.040 seconds
[2020-12-20 05:10:02,504] {scheduler_job.py:181} INFO - Started process (PID=63333) to work on /Users/harshittyagi/lil/de_env/lib/python3.8/site-packages/airflow/example_dags/example_latest_only.py
[2020-12-20 05:10:02,504] {scheduler_job.py:629} INFO - Processing file /Users/harshittyagi/lil/de_env/lib/python3.8/site-packages/airflow/example_dags/example_latest_only.py for tasks to queue
[2020-12-20 05:10:02,504] {logging_mixin.py:103} INFO - [2020-12-20 05:10:02,504] {dagbag.py:440} INFO - Filling up the DagBag from /Users/harshittyagi/lil/de_env/lib/python3.8/site-packages/airflow/example_dags/example_latest_only.py
[2020-12-20 05:10:02,509] {scheduler_job.py:639} INFO - DAG(s) dict_keys(['latest_only']) retrieved from /Users/harshittyagi/lil/de_env/lib/python3.8/site-packages/airflow/example_dags/example_latest_only.py
[2020-12-20 05:10:02,509] {logging_mixin.py:103} INFO - [2020-12-20 05:10:02,509] {dag.py:1813} INFO - Sync 1 DAGs
[2020-12-20 05:10:02,533] {logging_mixin.py:103} INFO - [2020-12-20 05:10:02,533] {dag.py:2266} INFO - Setting next_dagrun for latest_only to 2020-12-17 00:00:00+00:00
[2020-12-20 05:10:02,540] {scheduler_job.py:189} INFO - Processing /Users/harshittyagi/lil/de_env/lib/python3.8/site-packages/airflow/example_dags/example_latest_only.py took 0.037 seconds
[2020-12-20 05:10:56,767] {scheduler_job.py:181} INFO - Started process (PID=63619) to work on /Users/harshittyagi/lil/de_env/lib/python3.8/site-packages/airflow/example_dags/example_latest_only.py
[2020-12-20 05:10:56,767] {scheduler_job.py:629} INFO - Processing file /Users/harshittyagi/lil/de_env/lib/python3.8/site-packages/airflow/example_dags/example_latest_only.py for tasks to queue
[2020-12-20 05:10:56,768] {logging_mixin.py:103} INFO - [2020-12-20 05:10:56,768] {dagbag.py:440} INFO - Filling up the DagBag from /Users/harshittyagi/lil/de_env/lib/python3.8/site-packages/airflow/example_dags/example_latest_only.py
[2020-12-20 05:10:56,772] {scheduler_job.py:639} INFO - DAG(s) dict_keys(['latest_only']) retrieved from /Users/harshittyagi/lil/de_env/lib/python3.8/site-packages/airflow/example_dags/example_latest_only.py
[2020-12-20 05:10:56,773] {logging_mixin.py:103} INFO - [2020-12-20 05:10:56,773] {dag.py:1813} INFO - Sync 1 DAGs
[2020-12-20 05:10:56,800] {logging_mixin.py:103} INFO - [2020-12-20 05:10:56,800] {dag.py:2266} INFO - Setting next_dagrun for latest_only to 2020-12-17 00:00:00+00:00
[2020-12-20 05:10:56,807] {scheduler_job.py:189} INFO - Processing /Users/harshittyagi/lil/de_env/lib/python3.8/site-packages/airflow/example_dags/example_latest_only.py took 0.040 seconds
[2020-12-20 05:11:49,117] {scheduler_job.py:181} INFO - Started process (PID=63904) to work on /Users/harshittyagi/lil/de_env/lib/python3.8/site-packages/airflow/example_dags/example_latest_only.py
[2020-12-20 05:11:49,117] {scheduler_job.py:629} INFO - Processing file /Users/harshittyagi/lil/de_env/lib/python3.8/site-packages/airflow/example_dags/example_latest_only.py for tasks to queue
[2020-12-20 05:11:49,118] {logging_mixin.py:103} INFO - [2020-12-20 05:11:49,118] {dagbag.py:440} INFO - Filling up the DagBag from /Users/harshittyagi/lil/de_env/lib/python3.8/site-packages/airflow/example_dags/example_latest_only.py
[2020-12-20 05:11:49,122] {scheduler_job.py:639} INFO - DAG(s) dict_keys(['latest_only']) retrieved from /Users/harshittyagi/lil/de_env/lib/python3.8/site-packages/airflow/example_dags/example_latest_only.py
[2020-12-20 05:11:49,122] {logging_mixin.py:103} INFO - [2020-12-20 05:11:49,122] {dag.py:1813} INFO - Sync 1 DAGs
[2020-12-20 05:11:49,147] {logging_mixin.py:103} INFO - [2020-12-20 05:11:49,147] {dag.py:2266} INFO - Setting next_dagrun for latest_only to 2020-12-17 00:00:00+00:00
[2020-12-20 05:11:49,155] {scheduler_job.py:189} INFO - Processing /Users/harshittyagi/lil/de_env/lib/python3.8/site-packages/airflow/example_dags/example_latest_only.py took 0.038 seconds
[2020-12-20 05:12:41,951] {scheduler_job.py:181} INFO - Started process (PID=64186) to work on /Users/harshittyagi/lil/de_env/lib/python3.8/site-packages/airflow/example_dags/example_latest_only.py
[2020-12-20 05:12:41,951] {scheduler_job.py:629} INFO - Processing file /Users/harshittyagi/lil/de_env/lib/python3.8/site-packages/airflow/example_dags/example_latest_only.py for tasks to queue
[2020-12-20 05:12:41,951] {logging_mixin.py:103} INFO - [2020-12-20 05:12:41,951] {dagbag.py:440} INFO - Filling up the DagBag from /Users/harshittyagi/lil/de_env/lib/python3.8/site-packages/airflow/example_dags/example_latest_only.py
[2020-12-20 05:12:41,955] {scheduler_job.py:639} INFO - DAG(s) dict_keys(['latest_only']) retrieved from /Users/harshittyagi/lil/de_env/lib/python3.8/site-packages/airflow/example_dags/example_latest_only.py
[2020-12-20 05:12:41,955] {logging_mixin.py:103} INFO - [2020-12-20 05:12:41,955] {dag.py:1813} INFO - Sync 1 DAGs
[2020-12-20 05:12:41,980] {logging_mixin.py:103} INFO - [2020-12-20 05:12:41,980] {dag.py:2266} INFO - Setting next_dagrun for latest_only to 2020-12-17 00:00:00+00:00
[2020-12-20 05:12:41,987] {scheduler_job.py:189} INFO - Processing /Users/harshittyagi/lil/de_env/lib/python3.8/site-packages/airflow/example_dags/example_latest_only.py took 0.037 seconds
[2020-12-20 05:13:35,691] {scheduler_job.py:181} INFO - Started process (PID=64469) to work on /Users/harshittyagi/lil/de_env/lib/python3.8/site-packages/airflow/example_dags/example_latest_only.py
[2020-12-20 05:13:35,692] {scheduler_job.py:629} INFO - Processing file /Users/harshittyagi/lil/de_env/lib/python3.8/site-packages/airflow/example_dags/example_latest_only.py for tasks to queue
[2020-12-20 05:13:35,692] {logging_mixin.py:103} INFO - [2020-12-20 05:13:35,692] {dagbag.py:440} INFO - Filling up the DagBag from /Users/harshittyagi/lil/de_env/lib/python3.8/site-packages/airflow/example_dags/example_latest_only.py
[2020-12-20 05:13:35,696] {scheduler_job.py:639} INFO - DAG(s) dict_keys(['latest_only']) retrieved from /Users/harshittyagi/lil/de_env/lib/python3.8/site-packages/airflow/example_dags/example_latest_only.py
[2020-12-20 05:13:35,697] {logging_mixin.py:103} INFO - [2020-12-20 05:13:35,697] {dag.py:1813} INFO - Sync 1 DAGs
[2020-12-20 05:13:35,726] {logging_mixin.py:103} INFO - [2020-12-20 05:13:35,726] {dag.py:2266} INFO - Setting next_dagrun for latest_only to 2020-12-17 00:00:00+00:00
[2020-12-20 05:13:35,735] {scheduler_job.py:189} INFO - Processing /Users/harshittyagi/lil/de_env/lib/python3.8/site-packages/airflow/example_dags/example_latest_only.py took 0.044 seconds
[2020-12-20 05:14:29,585] {scheduler_job.py:181} INFO - Started process (PID=64753) to work on /Users/harshittyagi/lil/de_env/lib/python3.8/site-packages/airflow/example_dags/example_latest_only.py
[2020-12-20 05:14:29,585] {scheduler_job.py:629} INFO - Processing file /Users/harshittyagi/lil/de_env/lib/python3.8/site-packages/airflow/example_dags/example_latest_only.py for tasks to queue
[2020-12-20 05:14:29,586] {logging_mixin.py:103} INFO - [2020-12-20 05:14:29,585] {dagbag.py:440} INFO - Filling up the DagBag from /Users/harshittyagi/lil/de_env/lib/python3.8/site-packages/airflow/example_dags/example_latest_only.py
[2020-12-20 05:14:29,590] {scheduler_job.py:639} INFO - DAG(s) dict_keys(['latest_only']) retrieved from /Users/harshittyagi/lil/de_env/lib/python3.8/site-packages/airflow/example_dags/example_latest_only.py
[2020-12-20 05:14:29,590] {logging_mixin.py:103} INFO - [2020-12-20 05:14:29,590] {dag.py:1813} INFO - Sync 1 DAGs
[2020-12-20 05:14:29,616] {logging_mixin.py:103} INFO - [2020-12-20 05:14:29,616] {dag.py:2266} INFO - Setting next_dagrun for latest_only to 2020-12-17 00:00:00+00:00
[2020-12-20 05:14:29,623] {scheduler_job.py:189} INFO - Processing /Users/harshittyagi/lil/de_env/lib/python3.8/site-packages/airflow/example_dags/example_latest_only.py took 0.039 seconds
[2020-12-20 05:15:21,791] {scheduler_job.py:181} INFO - Started process (PID=65040) to work on /Users/harshittyagi/lil/de_env/lib/python3.8/site-packages/airflow/example_dags/example_latest_only.py
[2020-12-20 05:15:21,791] {scheduler_job.py:629} INFO - Processing file /Users/harshittyagi/lil/de_env/lib/python3.8/site-packages/airflow/example_dags/example_latest_only.py for tasks to queue
[2020-12-20 05:15:21,792] {logging_mixin.py:103} INFO - [2020-12-20 05:15:21,791] {dagbag.py:440} INFO - Filling up the DagBag from /Users/harshittyagi/lil/de_env/lib/python3.8/site-packages/airflow/example_dags/example_latest_only.py
[2020-12-20 05:15:21,796] {scheduler_job.py:639} INFO - DAG(s) dict_keys(['latest_only']) retrieved from /Users/harshittyagi/lil/de_env/lib/python3.8/site-packages/airflow/example_dags/example_latest_only.py
[2020-12-20 05:15:21,796] {logging_mixin.py:103} INFO - [2020-12-20 05:15:21,796] {dag.py:1813} INFO - Sync 1 DAGs
[2020-12-20 05:15:21,823] {logging_mixin.py:103} INFO - [2020-12-20 05:15:21,823] {dag.py:2266} INFO - Setting next_dagrun for latest_only to 2020-12-17 00:00:00+00:00
[2020-12-20 05:15:21,830] {scheduler_job.py:189} INFO - Processing /Users/harshittyagi/lil/de_env/lib/python3.8/site-packages/airflow/example_dags/example_latest_only.py took 0.039 seconds
[2020-12-20 05:16:14,386] {scheduler_job.py:181} INFO - Started process (PID=65322) to work on /Users/harshittyagi/lil/de_env/lib/python3.8/site-packages/airflow/example_dags/example_latest_only.py
[2020-12-20 05:16:14,386] {scheduler_job.py:629} INFO - Processing file /Users/harshittyagi/lil/de_env/lib/python3.8/site-packages/airflow/example_dags/example_latest_only.py for tasks to queue
[2020-12-20 05:16:14,387] {logging_mixin.py:103} INFO - [2020-12-20 05:16:14,386] {dagbag.py:440} INFO - Filling up the DagBag from /Users/harshittyagi/lil/de_env/lib/python3.8/site-packages/airflow/example_dags/example_latest_only.py
[2020-12-20 05:16:14,390] {scheduler_job.py:639} INFO - DAG(s) dict_keys(['latest_only']) retrieved from /Users/harshittyagi/lil/de_env/lib/python3.8/site-packages/airflow/example_dags/example_latest_only.py
[2020-12-20 05:16:14,391] {logging_mixin.py:103} INFO - [2020-12-20 05:16:14,391] {dag.py:1813} INFO - Sync 1 DAGs
[2020-12-20 05:16:14,414] {logging_mixin.py:103} INFO - [2020-12-20 05:16:14,414] {dag.py:2266} INFO - Setting next_dagrun for latest_only to 2020-12-17 00:00:00+00:00
[2020-12-20 05:16:14,422] {scheduler_job.py:189} INFO - Processing /Users/harshittyagi/lil/de_env/lib/python3.8/site-packages/airflow/example_dags/example_latest_only.py took 0.037 seconds
[2020-12-20 05:17:08,535] {scheduler_job.py:181} INFO - Started process (PID=65606) to work on /Users/harshittyagi/lil/de_env/lib/python3.8/site-packages/airflow/example_dags/example_latest_only.py
[2020-12-20 05:17:08,535] {scheduler_job.py:629} INFO - Processing file /Users/harshittyagi/lil/de_env/lib/python3.8/site-packages/airflow/example_dags/example_latest_only.py for tasks to queue
[2020-12-20 05:17:08,535] {logging_mixin.py:103} INFO - [2020-12-20 05:17:08,535] {dagbag.py:440} INFO - Filling up the DagBag from /Users/harshittyagi/lil/de_env/lib/python3.8/site-packages/airflow/example_dags/example_latest_only.py
[2020-12-20 05:17:08,539] {scheduler_job.py:639} INFO - DAG(s) dict_keys(['latest_only']) retrieved from /Users/harshittyagi/lil/de_env/lib/python3.8/site-packages/airflow/example_dags/example_latest_only.py
[2020-12-20 05:17:08,540] {logging_mixin.py:103} INFO - [2020-12-20 05:17:08,540] {dag.py:1813} INFO - Sync 1 DAGs
[2020-12-20 05:17:08,564] {logging_mixin.py:103} INFO - [2020-12-20 05:17:08,564] {dag.py:2266} INFO - Setting next_dagrun for latest_only to 2020-12-17 00:00:00+00:00
[2020-12-20 05:17:08,572] {scheduler_job.py:189} INFO - Processing /Users/harshittyagi/lil/de_env/lib/python3.8/site-packages/airflow/example_dags/example_latest_only.py took 0.037 seconds
[2020-12-20 05:18:02,392] {scheduler_job.py:181} INFO - Started process (PID=65890) to work on /Users/harshittyagi/lil/de_env/lib/python3.8/site-packages/airflow/example_dags/example_latest_only.py
[2020-12-20 05:18:02,392] {scheduler_job.py:629} INFO - Processing file /Users/harshittyagi/lil/de_env/lib/python3.8/site-packages/airflow/example_dags/example_latest_only.py for tasks to queue
[2020-12-20 05:18:02,392] {logging_mixin.py:103} INFO - [2020-12-20 05:18:02,392] {dagbag.py:440} INFO - Filling up the DagBag from /Users/harshittyagi/lil/de_env/lib/python3.8/site-packages/airflow/example_dags/example_latest_only.py
[2020-12-20 05:18:02,396] {scheduler_job.py:639} INFO - DAG(s) dict_keys(['latest_only']) retrieved from /Users/harshittyagi/lil/de_env/lib/python3.8/site-packages/airflow/example_dags/example_latest_only.py
[2020-12-20 05:18:02,397] {logging_mixin.py:103} INFO - [2020-12-20 05:18:02,396] {dag.py:1813} INFO - Sync 1 DAGs
[2020-12-20 05:18:02,422] {logging_mixin.py:103} INFO - [2020-12-20 05:18:02,422] {dag.py:2266} INFO - Setting next_dagrun for latest_only to 2020-12-17 00:00:00+00:00
[2020-12-20 05:18:02,429] {scheduler_job.py:189} INFO - Processing /Users/harshittyagi/lil/de_env/lib/python3.8/site-packages/airflow/example_dags/example_latest_only.py took 0.038 seconds
[2020-12-20 05:18:58,447] {scheduler_job.py:181} INFO - Started process (PID=66176) to work on /Users/harshittyagi/lil/de_env/lib/python3.8/site-packages/airflow/example_dags/example_latest_only.py
[2020-12-20 05:18:58,448] {scheduler_job.py:629} INFO - Processing file /Users/harshittyagi/lil/de_env/lib/python3.8/site-packages/airflow/example_dags/example_latest_only.py for tasks to queue
[2020-12-20 05:18:58,448] {logging_mixin.py:103} INFO - [2020-12-20 05:18:58,448] {dagbag.py:440} INFO - Filling up the DagBag from /Users/harshittyagi/lil/de_env/lib/python3.8/site-packages/airflow/example_dags/example_latest_only.py
[2020-12-20 05:18:58,453] {scheduler_job.py:639} INFO - DAG(s) dict_keys(['latest_only']) retrieved from /Users/harshittyagi/lil/de_env/lib/python3.8/site-packages/airflow/example_dags/example_latest_only.py
[2020-12-20 05:18:58,453] {logging_mixin.py:103} INFO - [2020-12-20 05:18:58,453] {dag.py:1813} INFO - Sync 1 DAGs
[2020-12-20 05:18:58,478] {logging_mixin.py:103} INFO - [2020-12-20 05:18:58,478] {dag.py:2266} INFO - Setting next_dagrun for latest_only to 2020-12-17 00:00:00+00:00
[2020-12-20 05:18:58,485] {scheduler_job.py:189} INFO - Processing /Users/harshittyagi/lil/de_env/lib/python3.8/site-packages/airflow/example_dags/example_latest_only.py took 0.038 seconds
[2020-12-20 05:19:52,564] {scheduler_job.py:181} INFO - Started process (PID=66464) to work on /Users/harshittyagi/lil/de_env/lib/python3.8/site-packages/airflow/example_dags/example_latest_only.py
[2020-12-20 05:19:52,564] {scheduler_job.py:629} INFO - Processing file /Users/harshittyagi/lil/de_env/lib/python3.8/site-packages/airflow/example_dags/example_latest_only.py for tasks to queue
[2020-12-20 05:19:52,564] {logging_mixin.py:103} INFO - [2020-12-20 05:19:52,564] {dagbag.py:440} INFO - Filling up the DagBag from /Users/harshittyagi/lil/de_env/lib/python3.8/site-packages/airflow/example_dags/example_latest_only.py
[2020-12-20 05:19:52,569] {scheduler_job.py:639} INFO - DAG(s) dict_keys(['latest_only']) retrieved from /Users/harshittyagi/lil/de_env/lib/python3.8/site-packages/airflow/example_dags/example_latest_only.py
[2020-12-20 05:19:52,569] {logging_mixin.py:103} INFO - [2020-12-20 05:19:52,569] {dag.py:1813} INFO - Sync 1 DAGs
[2020-12-20 05:19:52,593] {logging_mixin.py:103} INFO - [2020-12-20 05:19:52,593] {dag.py:2266} INFO - Setting next_dagrun for latest_only to 2020-12-17 00:00:00+00:00
[2020-12-20 05:19:52,600] {scheduler_job.py:189} INFO - Processing /Users/harshittyagi/lil/de_env/lib/python3.8/site-packages/airflow/example_dags/example_latest_only.py took 0.037 seconds
[2020-12-20 05:20:49,929] {scheduler_job.py:181} INFO - Started process (PID=66761) to work on /Users/harshittyagi/lil/de_env/lib/python3.8/site-packages/airflow/example_dags/example_latest_only.py
[2020-12-20 05:20:49,930] {scheduler_job.py:629} INFO - Processing file /Users/harshittyagi/lil/de_env/lib/python3.8/site-packages/airflow/example_dags/example_latest_only.py for tasks to queue
[2020-12-20 05:20:49,930] {logging_mixin.py:103} INFO - [2020-12-20 05:20:49,930] {dagbag.py:440} INFO - Filling up the DagBag from /Users/harshittyagi/lil/de_env/lib/python3.8/site-packages/airflow/example_dags/example_latest_only.py
[2020-12-20 05:20:49,938] {scheduler_job.py:639} INFO - DAG(s) dict_keys(['latest_only']) retrieved from /Users/harshittyagi/lil/de_env/lib/python3.8/site-packages/airflow/example_dags/example_latest_only.py
[2020-12-20 05:20:49,938] {logging_mixin.py:103} INFO - [2020-12-20 05:20:49,938] {dag.py:1813} INFO - Sync 1 DAGs
[2020-12-20 05:20:49,969] {logging_mixin.py:103} INFO - [2020-12-20 05:20:49,969] {dag.py:2266} INFO - Setting next_dagrun for latest_only to 2020-12-17 00:00:00+00:00
[2020-12-20 05:20:49,978] {scheduler_job.py:189} INFO - Processing /Users/harshittyagi/lil/de_env/lib/python3.8/site-packages/airflow/example_dags/example_latest_only.py took 0.049 seconds
[2020-12-20 05:21:45,440] {scheduler_job.py:181} INFO - Started process (PID=67046) to work on /Users/harshittyagi/lil/de_env/lib/python3.8/site-packages/airflow/example_dags/example_latest_only.py
[2020-12-20 05:21:45,440] {scheduler_job.py:629} INFO - Processing file /Users/harshittyagi/lil/de_env/lib/python3.8/site-packages/airflow/example_dags/example_latest_only.py for tasks to queue
[2020-12-20 05:21:45,440] {logging_mixin.py:103} INFO - [2020-12-20 05:21:45,440] {dagbag.py:440} INFO - Filling up the DagBag from /Users/harshittyagi/lil/de_env/lib/python3.8/site-packages/airflow/example_dags/example_latest_only.py
[2020-12-20 05:21:45,445] {scheduler_job.py:639} INFO - DAG(s) dict_keys(['latest_only']) retrieved from /Users/harshittyagi/lil/de_env/lib/python3.8/site-packages/airflow/example_dags/example_latest_only.py
[2020-12-20 05:21:45,445] {logging_mixin.py:103} INFO - [2020-12-20 05:21:45,445] {dag.py:1813} INFO - Sync 1 DAGs
[2020-12-20 05:21:45,474] {logging_mixin.py:103} INFO - [2020-12-20 05:21:45,474] {dag.py:2266} INFO - Setting next_dagrun for latest_only to 2020-12-17 00:00:00+00:00
[2020-12-20 05:21:45,483] {scheduler_job.py:189} INFO - Processing /Users/harshittyagi/lil/de_env/lib/python3.8/site-packages/airflow/example_dags/example_latest_only.py took 0.044 seconds
[2020-12-20 05:22:40,581] {scheduler_job.py:181} INFO - Started process (PID=67329) to work on /Users/harshittyagi/lil/de_env/lib/python3.8/site-packages/airflow/example_dags/example_latest_only.py
[2020-12-20 05:22:40,582] {scheduler_job.py:629} INFO - Processing file /Users/harshittyagi/lil/de_env/lib/python3.8/site-packages/airflow/example_dags/example_latest_only.py for tasks to queue
[2020-12-20 05:22:40,582] {logging_mixin.py:103} INFO - [2020-12-20 05:22:40,582] {dagbag.py:440} INFO - Filling up the DagBag from /Users/harshittyagi/lil/de_env/lib/python3.8/site-packages/airflow/example_dags/example_latest_only.py
[2020-12-20 05:22:40,586] {scheduler_job.py:639} INFO - DAG(s) dict_keys(['latest_only']) retrieved from /Users/harshittyagi/lil/de_env/lib/python3.8/site-packages/airflow/example_dags/example_latest_only.py
[2020-12-20 05:22:40,586] {logging_mixin.py:103} INFO - [2020-12-20 05:22:40,586] {dag.py:1813} INFO - Sync 1 DAGs
[2020-12-20 05:22:40,614] {logging_mixin.py:103} INFO - [2020-12-20 05:22:40,613] {dag.py:2266} INFO - Setting next_dagrun for latest_only to 2020-12-17 00:00:00+00:00
[2020-12-20 05:22:40,622] {scheduler_job.py:189} INFO - Processing /Users/harshittyagi/lil/de_env/lib/python3.8/site-packages/airflow/example_dags/example_latest_only.py took 0.041 seconds
[2020-12-20 05:23:35,718] {scheduler_job.py:181} INFO - Started process (PID=67620) to work on /Users/harshittyagi/lil/de_env/lib/python3.8/site-packages/airflow/example_dags/example_latest_only.py
[2020-12-20 05:23:35,718] {scheduler_job.py:629} INFO - Processing file /Users/harshittyagi/lil/de_env/lib/python3.8/site-packages/airflow/example_dags/example_latest_only.py for tasks to queue
[2020-12-20 05:23:35,718] {logging_mixin.py:103} INFO - [2020-12-20 05:23:35,718] {dagbag.py:440} INFO - Filling up the DagBag from /Users/harshittyagi/lil/de_env/lib/python3.8/site-packages/airflow/example_dags/example_latest_only.py
[2020-12-20 05:23:35,723] {scheduler_job.py:639} INFO - DAG(s) dict_keys(['latest_only']) retrieved from /Users/harshittyagi/lil/de_env/lib/python3.8/site-packages/airflow/example_dags/example_latest_only.py
[2020-12-20 05:23:35,724] {logging_mixin.py:103} INFO - [2020-12-20 05:23:35,723] {dag.py:1813} INFO - Sync 1 DAGs
[2020-12-20 05:23:35,753] {logging_mixin.py:103} INFO - [2020-12-20 05:23:35,753] {dag.py:2266} INFO - Setting next_dagrun for latest_only to 2020-12-17 00:00:00+00:00
[2020-12-20 05:23:35,761] {scheduler_job.py:189} INFO - Processing /Users/harshittyagi/lil/de_env/lib/python3.8/site-packages/airflow/example_dags/example_latest_only.py took 0.044 seconds
[2020-12-20 05:24:30,749] {scheduler_job.py:181} INFO - Started process (PID=67910) to work on /Users/harshittyagi/lil/de_env/lib/python3.8/site-packages/airflow/example_dags/example_latest_only.py
[2020-12-20 05:24:30,750] {scheduler_job.py:629} INFO - Processing file /Users/harshittyagi/lil/de_env/lib/python3.8/site-packages/airflow/example_dags/example_latest_only.py for tasks to queue
[2020-12-20 05:24:30,750] {logging_mixin.py:103} INFO - [2020-12-20 05:24:30,750] {dagbag.py:440} INFO - Filling up the DagBag from /Users/harshittyagi/lil/de_env/lib/python3.8/site-packages/airflow/example_dags/example_latest_only.py
[2020-12-20 05:24:30,755] {scheduler_job.py:639} INFO - DAG(s) dict_keys(['latest_only']) retrieved from /Users/harshittyagi/lil/de_env/lib/python3.8/site-packages/airflow/example_dags/example_latest_only.py
[2020-12-20 05:24:30,755] {logging_mixin.py:103} INFO - [2020-12-20 05:24:30,755] {dag.py:1813} INFO - Sync 1 DAGs
[2020-12-20 05:24:30,783] {logging_mixin.py:103} INFO - [2020-12-20 05:24:30,783] {dag.py:2266} INFO - Setting next_dagrun for latest_only to 2020-12-17 00:00:00+00:00
[2020-12-20 05:24:30,792] {scheduler_job.py:189} INFO - Processing /Users/harshittyagi/lil/de_env/lib/python3.8/site-packages/airflow/example_dags/example_latest_only.py took 0.043 seconds
[2020-12-20 05:25:25,878] {scheduler_job.py:181} INFO - Started process (PID=68197) to work on /Users/harshittyagi/lil/de_env/lib/python3.8/site-packages/airflow/example_dags/example_latest_only.py
[2020-12-20 05:25:25,879] {scheduler_job.py:629} INFO - Processing file /Users/harshittyagi/lil/de_env/lib/python3.8/site-packages/airflow/example_dags/example_latest_only.py for tasks to queue
[2020-12-20 05:25:25,879] {logging_mixin.py:103} INFO - [2020-12-20 05:25:25,879] {dagbag.py:440} INFO - Filling up the DagBag from /Users/harshittyagi/lil/de_env/lib/python3.8/site-packages/airflow/example_dags/example_latest_only.py
[2020-12-20 05:25:25,884] {scheduler_job.py:639} INFO - DAG(s) dict_keys(['latest_only']) retrieved from /Users/harshittyagi/lil/de_env/lib/python3.8/site-packages/airflow/example_dags/example_latest_only.py
[2020-12-20 05:25:25,884] {logging_mixin.py:103} INFO - [2020-12-20 05:25:25,884] {dag.py:1813} INFO - Sync 1 DAGs
[2020-12-20 05:25:25,912] {logging_mixin.py:103} INFO - [2020-12-20 05:25:25,912] {dag.py:2266} INFO - Setting next_dagrun for latest_only to 2020-12-17 00:00:00+00:00
[2020-12-20 05:25:25,921] {scheduler_job.py:189} INFO - Processing /Users/harshittyagi/lil/de_env/lib/python3.8/site-packages/airflow/example_dags/example_latest_only.py took 0.043 seconds
[2020-12-20 05:26:21,257] {scheduler_job.py:181} INFO - Started process (PID=68478) to work on /Users/harshittyagi/lil/de_env/lib/python3.8/site-packages/airflow/example_dags/example_latest_only.py
[2020-12-20 05:26:21,258] {scheduler_job.py:629} INFO - Processing file /Users/harshittyagi/lil/de_env/lib/python3.8/site-packages/airflow/example_dags/example_latest_only.py for tasks to queue
[2020-12-20 05:26:21,258] {logging_mixin.py:103} INFO - [2020-12-20 05:26:21,258] {dagbag.py:440} INFO - Filling up the DagBag from /Users/harshittyagi/lil/de_env/lib/python3.8/site-packages/airflow/example_dags/example_latest_only.py
[2020-12-20 05:26:21,262] {scheduler_job.py:639} INFO - DAG(s) dict_keys(['latest_only']) retrieved from /Users/harshittyagi/lil/de_env/lib/python3.8/site-packages/airflow/example_dags/example_latest_only.py
[2020-12-20 05:26:21,262] {logging_mixin.py:103} INFO - [2020-12-20 05:26:21,262] {dag.py:1813} INFO - Sync 1 DAGs
[2020-12-20 05:26:21,286] {logging_mixin.py:103} INFO - [2020-12-20 05:26:21,286] {dag.py:2266} INFO - Setting next_dagrun for latest_only to 2020-12-17 00:00:00+00:00
[2020-12-20 05:26:21,294] {scheduler_job.py:189} INFO - Processing /Users/harshittyagi/lil/de_env/lib/python3.8/site-packages/airflow/example_dags/example_latest_only.py took 0.037 seconds
[2020-12-20 05:27:16,181] {scheduler_job.py:181} INFO - Started process (PID=68766) to work on /Users/harshittyagi/lil/de_env/lib/python3.8/site-packages/airflow/example_dags/example_latest_only.py
[2020-12-20 05:27:16,181] {scheduler_job.py:629} INFO - Processing file /Users/harshittyagi/lil/de_env/lib/python3.8/site-packages/airflow/example_dags/example_latest_only.py for tasks to queue
[2020-12-20 05:27:16,182] {logging_mixin.py:103} INFO - [2020-12-20 05:27:16,182] {dagbag.py:440} INFO - Filling up the DagBag from /Users/harshittyagi/lil/de_env/lib/python3.8/site-packages/airflow/example_dags/example_latest_only.py
[2020-12-20 05:27:16,186] {scheduler_job.py:639} INFO - DAG(s) dict_keys(['latest_only']) retrieved from /Users/harshittyagi/lil/de_env/lib/python3.8/site-packages/airflow/example_dags/example_latest_only.py
[2020-12-20 05:27:16,186] {logging_mixin.py:103} INFO - [2020-12-20 05:27:16,186] {dag.py:1813} INFO - Sync 1 DAGs
[2020-12-20 05:27:16,210] {logging_mixin.py:103} INFO - [2020-12-20 05:27:16,210] {dag.py:2266} INFO - Setting next_dagrun for latest_only to 2020-12-17 00:00:00+00:00
[2020-12-20 05:27:16,218] {scheduler_job.py:189} INFO - Processing /Users/harshittyagi/lil/de_env/lib/python3.8/site-packages/airflow/example_dags/example_latest_only.py took 0.038 seconds
[2020-12-20 05:28:13,737] {scheduler_job.py:181} INFO - Started process (PID=69050) to work on /Users/harshittyagi/lil/de_env/lib/python3.8/site-packages/airflow/example_dags/example_latest_only.py
[2020-12-20 05:28:13,738] {scheduler_job.py:629} INFO - Processing file /Users/harshittyagi/lil/de_env/lib/python3.8/site-packages/airflow/example_dags/example_latest_only.py for tasks to queue
[2020-12-20 05:28:13,738] {logging_mixin.py:103} INFO - [2020-12-20 05:28:13,738] {dagbag.py:440} INFO - Filling up the DagBag from /Users/harshittyagi/lil/de_env/lib/python3.8/site-packages/airflow/example_dags/example_latest_only.py
[2020-12-20 05:28:13,743] {scheduler_job.py:639} INFO - DAG(s) dict_keys(['latest_only']) retrieved from /Users/harshittyagi/lil/de_env/lib/python3.8/site-packages/airflow/example_dags/example_latest_only.py
[2020-12-20 05:28:13,743] {logging_mixin.py:103} INFO - [2020-12-20 05:28:13,743] {dag.py:1813} INFO - Sync 1 DAGs
[2020-12-20 05:28:13,772] {logging_mixin.py:103} INFO - [2020-12-20 05:28:13,772] {dag.py:2266} INFO - Setting next_dagrun for latest_only to 2020-12-17 00:00:00+00:00
[2020-12-20 05:28:13,780] {scheduler_job.py:189} INFO - Processing /Users/harshittyagi/lil/de_env/lib/python3.8/site-packages/airflow/example_dags/example_latest_only.py took 0.044 seconds
[2020-12-20 05:29:07,625] {scheduler_job.py:181} INFO - Started process (PID=69338) to work on /Users/harshittyagi/lil/de_env/lib/python3.8/site-packages/airflow/example_dags/example_latest_only.py
[2020-12-20 05:29:07,625] {scheduler_job.py:629} INFO - Processing file /Users/harshittyagi/lil/de_env/lib/python3.8/site-packages/airflow/example_dags/example_latest_only.py for tasks to queue
[2020-12-20 05:29:07,625] {logging_mixin.py:103} INFO - [2020-12-20 05:29:07,625] {dagbag.py:440} INFO - Filling up the DagBag from /Users/harshittyagi/lil/de_env/lib/python3.8/site-packages/airflow/example_dags/example_latest_only.py
[2020-12-20 05:29:07,630] {scheduler_job.py:639} INFO - DAG(s) dict_keys(['latest_only']) retrieved from /Users/harshittyagi/lil/de_env/lib/python3.8/site-packages/airflow/example_dags/example_latest_only.py
[2020-12-20 05:29:07,630] {logging_mixin.py:103} INFO - [2020-12-20 05:29:07,630] {dag.py:1813} INFO - Sync 1 DAGs
[2020-12-20 05:29:07,658] {logging_mixin.py:103} INFO - [2020-12-20 05:29:07,658] {dag.py:2266} INFO - Setting next_dagrun for latest_only to 2020-12-17 00:00:00+00:00
[2020-12-20 05:29:07,666] {scheduler_job.py:189} INFO - Processing /Users/harshittyagi/lil/de_env/lib/python3.8/site-packages/airflow/example_dags/example_latest_only.py took 0.042 seconds
