[2020-12-20 04:42:26,323] {scheduler_job.py:181} INFO - Started process (PID=54733) to work on /Users/harshittyagi/lil/de_env/lib/python3.8/site-packages/airflow/example_dags/example_trigger_controller_dag.py
[2020-12-20 04:42:26,324] {scheduler_job.py:629} INFO - Processing file /Users/harshittyagi/lil/de_env/lib/python3.8/site-packages/airflow/example_dags/example_trigger_controller_dag.py for tasks to queue
[2020-12-20 04:42:26,324] {logging_mixin.py:103} INFO - [2020-12-20 04:42:26,324] {dagbag.py:440} INFO - Filling up the DagBag from /Users/harshittyagi/lil/de_env/lib/python3.8/site-packages/airflow/example_dags/example_trigger_controller_dag.py
[2020-12-20 04:42:26,331] {scheduler_job.py:639} INFO - DAG(s) dict_keys(['example_trigger_controller_dag']) retrieved from /Users/harshittyagi/lil/de_env/lib/python3.8/site-packages/airflow/example_dags/example_trigger_controller_dag.py
[2020-12-20 04:42:26,331] {logging_mixin.py:103} INFO - [2020-12-20 04:42:26,331] {dag.py:1813} INFO - Sync 1 DAGs
[2020-12-20 04:42:26,364] {logging_mixin.py:103} INFO - [2020-12-20 04:42:26,364] {dag.py:2266} INFO - Setting next_dagrun for example_trigger_controller_dag to 2020-12-17 00:00:00+00:00
[2020-12-20 04:42:26,373] {scheduler_job.py:189} INFO - Processing /Users/harshittyagi/lil/de_env/lib/python3.8/site-packages/airflow/example_dags/example_trigger_controller_dag.py took 0.051 seconds
[2020-12-20 04:43:21,781] {scheduler_job.py:181} INFO - Started process (PID=55027) to work on /Users/harshittyagi/lil/de_env/lib/python3.8/site-packages/airflow/example_dags/example_trigger_controller_dag.py
[2020-12-20 04:43:21,782] {scheduler_job.py:629} INFO - Processing file /Users/harshittyagi/lil/de_env/lib/python3.8/site-packages/airflow/example_dags/example_trigger_controller_dag.py for tasks to queue
[2020-12-20 04:43:21,783] {logging_mixin.py:103} INFO - [2020-12-20 04:43:21,783] {dagbag.py:440} INFO - Filling up the DagBag from /Users/harshittyagi/lil/de_env/lib/python3.8/site-packages/airflow/example_dags/example_trigger_controller_dag.py
[2020-12-20 04:43:21,788] {scheduler_job.py:639} INFO - DAG(s) dict_keys(['example_trigger_controller_dag']) retrieved from /Users/harshittyagi/lil/de_env/lib/python3.8/site-packages/airflow/example_dags/example_trigger_controller_dag.py
[2020-12-20 04:43:21,789] {logging_mixin.py:103} INFO - [2020-12-20 04:43:21,789] {dag.py:1813} INFO - Sync 1 DAGs
[2020-12-20 04:43:21,817] {logging_mixin.py:103} INFO - [2020-12-20 04:43:21,817] {dag.py:2266} INFO - Setting next_dagrun for example_trigger_controller_dag to 2020-12-17 00:00:00+00:00
[2020-12-20 04:43:21,823] {scheduler_job.py:189} INFO - Processing /Users/harshittyagi/lil/de_env/lib/python3.8/site-packages/airflow/example_dags/example_trigger_controller_dag.py took 0.043 seconds
[2020-12-20 04:44:34,224] {scheduler_job.py:181} INFO - Started process (PID=55319) to work on /Users/harshittyagi/lil/de_env/lib/python3.8/site-packages/airflow/example_dags/example_trigger_controller_dag.py
[2020-12-20 04:44:34,225] {scheduler_job.py:629} INFO - Processing file /Users/harshittyagi/lil/de_env/lib/python3.8/site-packages/airflow/example_dags/example_trigger_controller_dag.py for tasks to queue
[2020-12-20 04:44:34,225] {logging_mixin.py:103} INFO - [2020-12-20 04:44:34,225] {dagbag.py:440} INFO - Filling up the DagBag from /Users/harshittyagi/lil/de_env/lib/python3.8/site-packages/airflow/example_dags/example_trigger_controller_dag.py
[2020-12-20 04:44:34,232] {scheduler_job.py:639} INFO - DAG(s) dict_keys(['example_trigger_controller_dag']) retrieved from /Users/harshittyagi/lil/de_env/lib/python3.8/site-packages/airflow/example_dags/example_trigger_controller_dag.py
[2020-12-20 04:44:34,233] {logging_mixin.py:103} INFO - [2020-12-20 04:44:34,233] {dag.py:1813} INFO - Sync 1 DAGs
[2020-12-20 04:44:34,284] {logging_mixin.py:103} INFO - [2020-12-20 04:44:34,284] {dag.py:2266} INFO - Setting next_dagrun for example_trigger_controller_dag to 2020-12-17 00:00:00+00:00
[2020-12-20 04:44:34,300] {scheduler_job.py:189} INFO - Processing /Users/harshittyagi/lil/de_env/lib/python3.8/site-packages/airflow/example_dags/example_trigger_controller_dag.py took 0.076 seconds
[2020-12-20 04:45:29,299] {scheduler_job.py:181} INFO - Started process (PID=55610) to work on /Users/harshittyagi/lil/de_env/lib/python3.8/site-packages/airflow/example_dags/example_trigger_controller_dag.py
[2020-12-20 04:45:29,300] {scheduler_job.py:629} INFO - Processing file /Users/harshittyagi/lil/de_env/lib/python3.8/site-packages/airflow/example_dags/example_trigger_controller_dag.py for tasks to queue
[2020-12-20 04:45:29,300] {logging_mixin.py:103} INFO - [2020-12-20 04:45:29,300] {dagbag.py:440} INFO - Filling up the DagBag from /Users/harshittyagi/lil/de_env/lib/python3.8/site-packages/airflow/example_dags/example_trigger_controller_dag.py
[2020-12-20 04:45:29,304] {scheduler_job.py:639} INFO - DAG(s) dict_keys(['example_trigger_controller_dag']) retrieved from /Users/harshittyagi/lil/de_env/lib/python3.8/site-packages/airflow/example_dags/example_trigger_controller_dag.py
[2020-12-20 04:45:29,304] {logging_mixin.py:103} INFO - [2020-12-20 04:45:29,304] {dag.py:1813} INFO - Sync 1 DAGs
[2020-12-20 04:45:29,328] {logging_mixin.py:103} INFO - [2020-12-20 04:45:29,328] {dag.py:2266} INFO - Setting next_dagrun for example_trigger_controller_dag to 2020-12-17 00:00:00+00:00
[2020-12-20 04:45:29,335] {scheduler_job.py:189} INFO - Processing /Users/harshittyagi/lil/de_env/lib/python3.8/site-packages/airflow/example_dags/example_trigger_controller_dag.py took 0.036 seconds
[2020-12-20 04:46:23,051] {scheduler_job.py:181} INFO - Started process (PID=55893) to work on /Users/harshittyagi/lil/de_env/lib/python3.8/site-packages/airflow/example_dags/example_trigger_controller_dag.py
[2020-12-20 04:46:23,052] {scheduler_job.py:629} INFO - Processing file /Users/harshittyagi/lil/de_env/lib/python3.8/site-packages/airflow/example_dags/example_trigger_controller_dag.py for tasks to queue
[2020-12-20 04:46:23,052] {logging_mixin.py:103} INFO - [2020-12-20 04:46:23,052] {dagbag.py:440} INFO - Filling up the DagBag from /Users/harshittyagi/lil/de_env/lib/python3.8/site-packages/airflow/example_dags/example_trigger_controller_dag.py
[2020-12-20 04:46:23,057] {scheduler_job.py:639} INFO - DAG(s) dict_keys(['example_trigger_controller_dag']) retrieved from /Users/harshittyagi/lil/de_env/lib/python3.8/site-packages/airflow/example_dags/example_trigger_controller_dag.py
[2020-12-20 04:46:23,058] {logging_mixin.py:103} INFO - [2020-12-20 04:46:23,058] {dag.py:1813} INFO - Sync 1 DAGs
[2020-12-20 04:46:23,092] {logging_mixin.py:103} INFO - [2020-12-20 04:46:23,092] {dag.py:2266} INFO - Setting next_dagrun for example_trigger_controller_dag to 2020-12-17 00:00:00+00:00
[2020-12-20 04:46:23,101] {scheduler_job.py:189} INFO - Processing /Users/harshittyagi/lil/de_env/lib/python3.8/site-packages/airflow/example_dags/example_trigger_controller_dag.py took 0.051 seconds
[2020-12-20 04:47:16,656] {scheduler_job.py:181} INFO - Started process (PID=56179) to work on /Users/harshittyagi/lil/de_env/lib/python3.8/site-packages/airflow/example_dags/example_trigger_controller_dag.py
[2020-12-20 04:47:16,656] {scheduler_job.py:629} INFO - Processing file /Users/harshittyagi/lil/de_env/lib/python3.8/site-packages/airflow/example_dags/example_trigger_controller_dag.py for tasks to queue
[2020-12-20 04:47:16,657] {logging_mixin.py:103} INFO - [2020-12-20 04:47:16,656] {dagbag.py:440} INFO - Filling up the DagBag from /Users/harshittyagi/lil/de_env/lib/python3.8/site-packages/airflow/example_dags/example_trigger_controller_dag.py
[2020-12-20 04:47:16,661] {scheduler_job.py:639} INFO - DAG(s) dict_keys(['example_trigger_controller_dag']) retrieved from /Users/harshittyagi/lil/de_env/lib/python3.8/site-packages/airflow/example_dags/example_trigger_controller_dag.py
[2020-12-20 04:47:16,661] {logging_mixin.py:103} INFO - [2020-12-20 04:47:16,661] {dag.py:1813} INFO - Sync 1 DAGs
[2020-12-20 04:47:16,689] {logging_mixin.py:103} INFO - [2020-12-20 04:47:16,689] {dag.py:2266} INFO - Setting next_dagrun for example_trigger_controller_dag to 2020-12-17 00:00:00+00:00
[2020-12-20 04:47:16,697] {scheduler_job.py:189} INFO - Processing /Users/harshittyagi/lil/de_env/lib/python3.8/site-packages/airflow/example_dags/example_trigger_controller_dag.py took 0.041 seconds
[2020-12-20 04:48:10,216] {scheduler_job.py:181} INFO - Started process (PID=56465) to work on /Users/harshittyagi/lil/de_env/lib/python3.8/site-packages/airflow/example_dags/example_trigger_controller_dag.py
[2020-12-20 04:48:10,216] {scheduler_job.py:629} INFO - Processing file /Users/harshittyagi/lil/de_env/lib/python3.8/site-packages/airflow/example_dags/example_trigger_controller_dag.py for tasks to queue
[2020-12-20 04:48:10,217] {logging_mixin.py:103} INFO - [2020-12-20 04:48:10,216] {dagbag.py:440} INFO - Filling up the DagBag from /Users/harshittyagi/lil/de_env/lib/python3.8/site-packages/airflow/example_dags/example_trigger_controller_dag.py
[2020-12-20 04:48:10,221] {scheduler_job.py:639} INFO - DAG(s) dict_keys(['example_trigger_controller_dag']) retrieved from /Users/harshittyagi/lil/de_env/lib/python3.8/site-packages/airflow/example_dags/example_trigger_controller_dag.py
[2020-12-20 04:48:10,221] {logging_mixin.py:103} INFO - [2020-12-20 04:48:10,221] {dag.py:1813} INFO - Sync 1 DAGs
[2020-12-20 04:48:10,245] {logging_mixin.py:103} INFO - [2020-12-20 04:48:10,245] {dag.py:2266} INFO - Setting next_dagrun for example_trigger_controller_dag to 2020-12-17 00:00:00+00:00
[2020-12-20 04:48:10,252] {scheduler_job.py:189} INFO - Processing /Users/harshittyagi/lil/de_env/lib/python3.8/site-packages/airflow/example_dags/example_trigger_controller_dag.py took 0.037 seconds
[2020-12-20 04:49:03,719] {scheduler_job.py:181} INFO - Started process (PID=56749) to work on /Users/harshittyagi/lil/de_env/lib/python3.8/site-packages/airflow/example_dags/example_trigger_controller_dag.py
[2020-12-20 04:49:03,720] {scheduler_job.py:629} INFO - Processing file /Users/harshittyagi/lil/de_env/lib/python3.8/site-packages/airflow/example_dags/example_trigger_controller_dag.py for tasks to queue
[2020-12-20 04:49:03,720] {logging_mixin.py:103} INFO - [2020-12-20 04:49:03,720] {dagbag.py:440} INFO - Filling up the DagBag from /Users/harshittyagi/lil/de_env/lib/python3.8/site-packages/airflow/example_dags/example_trigger_controller_dag.py
[2020-12-20 04:49:03,725] {scheduler_job.py:639} INFO - DAG(s) dict_keys(['example_trigger_controller_dag']) retrieved from /Users/harshittyagi/lil/de_env/lib/python3.8/site-packages/airflow/example_dags/example_trigger_controller_dag.py
[2020-12-20 04:49:03,725] {logging_mixin.py:103} INFO - [2020-12-20 04:49:03,725] {dag.py:1813} INFO - Sync 1 DAGs
[2020-12-20 04:49:03,752] {logging_mixin.py:103} INFO - [2020-12-20 04:49:03,752] {dag.py:2266} INFO - Setting next_dagrun for example_trigger_controller_dag to 2020-12-17 00:00:00+00:00
[2020-12-20 04:49:03,759] {scheduler_job.py:189} INFO - Processing /Users/harshittyagi/lil/de_env/lib/python3.8/site-packages/airflow/example_dags/example_trigger_controller_dag.py took 0.040 seconds
[2020-12-20 04:49:57,480] {scheduler_job.py:181} INFO - Started process (PID=57032) to work on /Users/harshittyagi/lil/de_env/lib/python3.8/site-packages/airflow/example_dags/example_trigger_controller_dag.py
[2020-12-20 04:49:57,480] {scheduler_job.py:629} INFO - Processing file /Users/harshittyagi/lil/de_env/lib/python3.8/site-packages/airflow/example_dags/example_trigger_controller_dag.py for tasks to queue
[2020-12-20 04:49:57,480] {logging_mixin.py:103} INFO - [2020-12-20 04:49:57,480] {dagbag.py:440} INFO - Filling up the DagBag from /Users/harshittyagi/lil/de_env/lib/python3.8/site-packages/airflow/example_dags/example_trigger_controller_dag.py
[2020-12-20 04:49:57,484] {scheduler_job.py:639} INFO - DAG(s) dict_keys(['example_trigger_controller_dag']) retrieved from /Users/harshittyagi/lil/de_env/lib/python3.8/site-packages/airflow/example_dags/example_trigger_controller_dag.py
[2020-12-20 04:49:57,484] {logging_mixin.py:103} INFO - [2020-12-20 04:49:57,484] {dag.py:1813} INFO - Sync 1 DAGs
[2020-12-20 04:49:57,508] {logging_mixin.py:103} INFO - [2020-12-20 04:49:57,508] {dag.py:2266} INFO - Setting next_dagrun for example_trigger_controller_dag to 2020-12-17 00:00:00+00:00
[2020-12-20 04:49:57,514] {scheduler_job.py:189} INFO - Processing /Users/harshittyagi/lil/de_env/lib/python3.8/site-packages/airflow/example_dags/example_trigger_controller_dag.py took 0.035 seconds
[2020-12-20 04:50:51,168] {scheduler_job.py:181} INFO - Started process (PID=57318) to work on /Users/harshittyagi/lil/de_env/lib/python3.8/site-packages/airflow/example_dags/example_trigger_controller_dag.py
[2020-12-20 04:50:51,168] {scheduler_job.py:629} INFO - Processing file /Users/harshittyagi/lil/de_env/lib/python3.8/site-packages/airflow/example_dags/example_trigger_controller_dag.py for tasks to queue
[2020-12-20 04:50:51,169] {logging_mixin.py:103} INFO - [2020-12-20 04:50:51,169] {dagbag.py:440} INFO - Filling up the DagBag from /Users/harshittyagi/lil/de_env/lib/python3.8/site-packages/airflow/example_dags/example_trigger_controller_dag.py
[2020-12-20 04:50:51,173] {scheduler_job.py:639} INFO - DAG(s) dict_keys(['example_trigger_controller_dag']) retrieved from /Users/harshittyagi/lil/de_env/lib/python3.8/site-packages/airflow/example_dags/example_trigger_controller_dag.py
[2020-12-20 04:50:51,173] {logging_mixin.py:103} INFO - [2020-12-20 04:50:51,173] {dag.py:1813} INFO - Sync 1 DAGs
[2020-12-20 04:50:51,198] {logging_mixin.py:103} INFO - [2020-12-20 04:50:51,198] {dag.py:2266} INFO - Setting next_dagrun for example_trigger_controller_dag to 2020-12-17 00:00:00+00:00
[2020-12-20 04:50:51,206] {scheduler_job.py:189} INFO - Processing /Users/harshittyagi/lil/de_env/lib/python3.8/site-packages/airflow/example_dags/example_trigger_controller_dag.py took 0.038 seconds
[2020-12-20 04:51:43,796] {scheduler_job.py:181} INFO - Started process (PID=57603) to work on /Users/harshittyagi/lil/de_env/lib/python3.8/site-packages/airflow/example_dags/example_trigger_controller_dag.py
[2020-12-20 04:51:43,796] {scheduler_job.py:629} INFO - Processing file /Users/harshittyagi/lil/de_env/lib/python3.8/site-packages/airflow/example_dags/example_trigger_controller_dag.py for tasks to queue
[2020-12-20 04:51:43,797] {logging_mixin.py:103} INFO - [2020-12-20 04:51:43,797] {dagbag.py:440} INFO - Filling up the DagBag from /Users/harshittyagi/lil/de_env/lib/python3.8/site-packages/airflow/example_dags/example_trigger_controller_dag.py
[2020-12-20 04:51:43,801] {scheduler_job.py:639} INFO - DAG(s) dict_keys(['example_trigger_controller_dag']) retrieved from /Users/harshittyagi/lil/de_env/lib/python3.8/site-packages/airflow/example_dags/example_trigger_controller_dag.py
[2020-12-20 04:51:43,801] {logging_mixin.py:103} INFO - [2020-12-20 04:51:43,801] {dag.py:1813} INFO - Sync 1 DAGs
[2020-12-20 04:51:43,827] {logging_mixin.py:103} INFO - [2020-12-20 04:51:43,827] {dag.py:2266} INFO - Setting next_dagrun for example_trigger_controller_dag to 2020-12-17 00:00:00+00:00
[2020-12-20 04:51:43,835] {scheduler_job.py:189} INFO - Processing /Users/harshittyagi/lil/de_env/lib/python3.8/site-packages/airflow/example_dags/example_trigger_controller_dag.py took 0.040 seconds
[2020-12-20 04:52:35,398] {scheduler_job.py:181} INFO - Started process (PID=57888) to work on /Users/harshittyagi/lil/de_env/lib/python3.8/site-packages/airflow/example_dags/example_trigger_controller_dag.py
[2020-12-20 04:52:35,398] {scheduler_job.py:629} INFO - Processing file /Users/harshittyagi/lil/de_env/lib/python3.8/site-packages/airflow/example_dags/example_trigger_controller_dag.py for tasks to queue
[2020-12-20 04:52:35,398] {logging_mixin.py:103} INFO - [2020-12-20 04:52:35,398] {dagbag.py:440} INFO - Filling up the DagBag from /Users/harshittyagi/lil/de_env/lib/python3.8/site-packages/airflow/example_dags/example_trigger_controller_dag.py
[2020-12-20 04:52:35,402] {scheduler_job.py:639} INFO - DAG(s) dict_keys(['example_trigger_controller_dag']) retrieved from /Users/harshittyagi/lil/de_env/lib/python3.8/site-packages/airflow/example_dags/example_trigger_controller_dag.py
[2020-12-20 04:52:35,403] {logging_mixin.py:103} INFO - [2020-12-20 04:52:35,402] {dag.py:1813} INFO - Sync 1 DAGs
[2020-12-20 04:52:35,427] {logging_mixin.py:103} INFO - [2020-12-20 04:52:35,427] {dag.py:2266} INFO - Setting next_dagrun for example_trigger_controller_dag to 2020-12-17 00:00:00+00:00
[2020-12-20 04:52:35,434] {scheduler_job.py:189} INFO - Processing /Users/harshittyagi/lil/de_env/lib/python3.8/site-packages/airflow/example_dags/example_trigger_controller_dag.py took 0.036 seconds
[2020-12-20 04:53:29,488] {scheduler_job.py:181} INFO - Started process (PID=58174) to work on /Users/harshittyagi/lil/de_env/lib/python3.8/site-packages/airflow/example_dags/example_trigger_controller_dag.py
[2020-12-20 04:53:29,488] {scheduler_job.py:629} INFO - Processing file /Users/harshittyagi/lil/de_env/lib/python3.8/site-packages/airflow/example_dags/example_trigger_controller_dag.py for tasks to queue
[2020-12-20 04:53:29,489] {logging_mixin.py:103} INFO - [2020-12-20 04:53:29,489] {dagbag.py:440} INFO - Filling up the DagBag from /Users/harshittyagi/lil/de_env/lib/python3.8/site-packages/airflow/example_dags/example_trigger_controller_dag.py
[2020-12-20 04:53:29,494] {scheduler_job.py:639} INFO - DAG(s) dict_keys(['example_trigger_controller_dag']) retrieved from /Users/harshittyagi/lil/de_env/lib/python3.8/site-packages/airflow/example_dags/example_trigger_controller_dag.py
[2020-12-20 04:53:29,494] {logging_mixin.py:103} INFO - [2020-12-20 04:53:29,494] {dag.py:1813} INFO - Sync 1 DAGs
[2020-12-20 04:53:29,520] {logging_mixin.py:103} INFO - [2020-12-20 04:53:29,520] {dag.py:2266} INFO - Setting next_dagrun for example_trigger_controller_dag to 2020-12-17 00:00:00+00:00
[2020-12-20 04:53:29,527] {scheduler_job.py:189} INFO - Processing /Users/harshittyagi/lil/de_env/lib/python3.8/site-packages/airflow/example_dags/example_trigger_controller_dag.py took 0.039 seconds
[2020-12-20 04:54:23,434] {scheduler_job.py:181} INFO - Started process (PID=58468) to work on /Users/harshittyagi/lil/de_env/lib/python3.8/site-packages/airflow/example_dags/example_trigger_controller_dag.py
[2020-12-20 04:54:23,435] {scheduler_job.py:629} INFO - Processing file /Users/harshittyagi/lil/de_env/lib/python3.8/site-packages/airflow/example_dags/example_trigger_controller_dag.py for tasks to queue
[2020-12-20 04:54:23,435] {logging_mixin.py:103} INFO - [2020-12-20 04:54:23,435] {dagbag.py:440} INFO - Filling up the DagBag from /Users/harshittyagi/lil/de_env/lib/python3.8/site-packages/airflow/example_dags/example_trigger_controller_dag.py
[2020-12-20 04:54:23,440] {scheduler_job.py:639} INFO - DAG(s) dict_keys(['example_trigger_controller_dag']) retrieved from /Users/harshittyagi/lil/de_env/lib/python3.8/site-packages/airflow/example_dags/example_trigger_controller_dag.py
[2020-12-20 04:54:23,441] {logging_mixin.py:103} INFO - [2020-12-20 04:54:23,440] {dag.py:1813} INFO - Sync 1 DAGs
[2020-12-20 04:54:23,470] {logging_mixin.py:103} INFO - [2020-12-20 04:54:23,470] {dag.py:2266} INFO - Setting next_dagrun for example_trigger_controller_dag to 2020-12-17 00:00:00+00:00
[2020-12-20 04:54:23,479] {scheduler_job.py:189} INFO - Processing /Users/harshittyagi/lil/de_env/lib/python3.8/site-packages/airflow/example_dags/example_trigger_controller_dag.py took 0.045 seconds
[2020-12-20 04:55:17,784] {scheduler_job.py:181} INFO - Started process (PID=58751) to work on /Users/harshittyagi/lil/de_env/lib/python3.8/site-packages/airflow/example_dags/example_trigger_controller_dag.py
[2020-12-20 04:55:17,784] {scheduler_job.py:629} INFO - Processing file /Users/harshittyagi/lil/de_env/lib/python3.8/site-packages/airflow/example_dags/example_trigger_controller_dag.py for tasks to queue
[2020-12-20 04:55:17,784] {logging_mixin.py:103} INFO - [2020-12-20 04:55:17,784] {dagbag.py:440} INFO - Filling up the DagBag from /Users/harshittyagi/lil/de_env/lib/python3.8/site-packages/airflow/example_dags/example_trigger_controller_dag.py
[2020-12-20 04:55:17,789] {scheduler_job.py:639} INFO - DAG(s) dict_keys(['example_trigger_controller_dag']) retrieved from /Users/harshittyagi/lil/de_env/lib/python3.8/site-packages/airflow/example_dags/example_trigger_controller_dag.py
[2020-12-20 04:55:17,789] {logging_mixin.py:103} INFO - [2020-12-20 04:55:17,789] {dag.py:1813} INFO - Sync 1 DAGs
[2020-12-20 04:55:17,814] {logging_mixin.py:103} INFO - [2020-12-20 04:55:17,814] {dag.py:2266} INFO - Setting next_dagrun for example_trigger_controller_dag to 2020-12-17 00:00:00+00:00
[2020-12-20 04:55:17,821] {scheduler_job.py:189} INFO - Processing /Users/harshittyagi/lil/de_env/lib/python3.8/site-packages/airflow/example_dags/example_trigger_controller_dag.py took 0.038 seconds
[2020-12-20 04:56:11,746] {scheduler_job.py:181} INFO - Started process (PID=59033) to work on /Users/harshittyagi/lil/de_env/lib/python3.8/site-packages/airflow/example_dags/example_trigger_controller_dag.py
[2020-12-20 04:56:11,746] {scheduler_job.py:629} INFO - Processing file /Users/harshittyagi/lil/de_env/lib/python3.8/site-packages/airflow/example_dags/example_trigger_controller_dag.py for tasks to queue
[2020-12-20 04:56:11,746] {logging_mixin.py:103} INFO - [2020-12-20 04:56:11,746] {dagbag.py:440} INFO - Filling up the DagBag from /Users/harshittyagi/lil/de_env/lib/python3.8/site-packages/airflow/example_dags/example_trigger_controller_dag.py
[2020-12-20 04:56:11,751] {scheduler_job.py:639} INFO - DAG(s) dict_keys(['example_trigger_controller_dag']) retrieved from /Users/harshittyagi/lil/de_env/lib/python3.8/site-packages/airflow/example_dags/example_trigger_controller_dag.py
[2020-12-20 04:56:11,751] {logging_mixin.py:103} INFO - [2020-12-20 04:56:11,751] {dag.py:1813} INFO - Sync 1 DAGs
[2020-12-20 04:56:11,779] {logging_mixin.py:103} INFO - [2020-12-20 04:56:11,779] {dag.py:2266} INFO - Setting next_dagrun for example_trigger_controller_dag to 2020-12-17 00:00:00+00:00
[2020-12-20 04:56:11,786] {scheduler_job.py:189} INFO - Processing /Users/harshittyagi/lil/de_env/lib/python3.8/site-packages/airflow/example_dags/example_trigger_controller_dag.py took 0.041 seconds
[2020-12-20 04:57:05,690] {scheduler_job.py:181} INFO - Started process (PID=59315) to work on /Users/harshittyagi/lil/de_env/lib/python3.8/site-packages/airflow/example_dags/example_trigger_controller_dag.py
[2020-12-20 04:57:05,690] {scheduler_job.py:629} INFO - Processing file /Users/harshittyagi/lil/de_env/lib/python3.8/site-packages/airflow/example_dags/example_trigger_controller_dag.py for tasks to queue
[2020-12-20 04:57:05,690] {logging_mixin.py:103} INFO - [2020-12-20 04:57:05,690] {dagbag.py:440} INFO - Filling up the DagBag from /Users/harshittyagi/lil/de_env/lib/python3.8/site-packages/airflow/example_dags/example_trigger_controller_dag.py
[2020-12-20 04:57:05,696] {scheduler_job.py:639} INFO - DAG(s) dict_keys(['example_trigger_controller_dag']) retrieved from /Users/harshittyagi/lil/de_env/lib/python3.8/site-packages/airflow/example_dags/example_trigger_controller_dag.py
[2020-12-20 04:57:05,696] {logging_mixin.py:103} INFO - [2020-12-20 04:57:05,696] {dag.py:1813} INFO - Sync 1 DAGs
[2020-12-20 04:57:05,725] {logging_mixin.py:103} INFO - [2020-12-20 04:57:05,725] {dag.py:2266} INFO - Setting next_dagrun for example_trigger_controller_dag to 2020-12-17 00:00:00+00:00
[2020-12-20 04:57:05,733] {scheduler_job.py:189} INFO - Processing /Users/harshittyagi/lil/de_env/lib/python3.8/site-packages/airflow/example_dags/example_trigger_controller_dag.py took 0.044 seconds
[2020-12-20 04:57:59,494] {scheduler_job.py:181} INFO - Started process (PID=59598) to work on /Users/harshittyagi/lil/de_env/lib/python3.8/site-packages/airflow/example_dags/example_trigger_controller_dag.py
[2020-12-20 04:57:59,494] {scheduler_job.py:629} INFO - Processing file /Users/harshittyagi/lil/de_env/lib/python3.8/site-packages/airflow/example_dags/example_trigger_controller_dag.py for tasks to queue
[2020-12-20 04:57:59,495] {logging_mixin.py:103} INFO - [2020-12-20 04:57:59,495] {dagbag.py:440} INFO - Filling up the DagBag from /Users/harshittyagi/lil/de_env/lib/python3.8/site-packages/airflow/example_dags/example_trigger_controller_dag.py
[2020-12-20 04:57:59,500] {scheduler_job.py:639} INFO - DAG(s) dict_keys(['example_trigger_controller_dag']) retrieved from /Users/harshittyagi/lil/de_env/lib/python3.8/site-packages/airflow/example_dags/example_trigger_controller_dag.py
[2020-12-20 04:57:59,501] {logging_mixin.py:103} INFO - [2020-12-20 04:57:59,500] {dag.py:1813} INFO - Sync 1 DAGs
[2020-12-20 04:57:59,528] {logging_mixin.py:103} INFO - [2020-12-20 04:57:59,528] {dag.py:2266} INFO - Setting next_dagrun for example_trigger_controller_dag to 2020-12-17 00:00:00+00:00
[2020-12-20 04:57:59,535] {scheduler_job.py:189} INFO - Processing /Users/harshittyagi/lil/de_env/lib/python3.8/site-packages/airflow/example_dags/example_trigger_controller_dag.py took 0.042 seconds
[2020-12-20 04:58:53,367] {scheduler_job.py:181} INFO - Started process (PID=59880) to work on /Users/harshittyagi/lil/de_env/lib/python3.8/site-packages/airflow/example_dags/example_trigger_controller_dag.py
[2020-12-20 04:58:53,368] {scheduler_job.py:629} INFO - Processing file /Users/harshittyagi/lil/de_env/lib/python3.8/site-packages/airflow/example_dags/example_trigger_controller_dag.py for tasks to queue
[2020-12-20 04:58:53,368] {logging_mixin.py:103} INFO - [2020-12-20 04:58:53,368] {dagbag.py:440} INFO - Filling up the DagBag from /Users/harshittyagi/lil/de_env/lib/python3.8/site-packages/airflow/example_dags/example_trigger_controller_dag.py
[2020-12-20 04:58:53,372] {scheduler_job.py:639} INFO - DAG(s) dict_keys(['example_trigger_controller_dag']) retrieved from /Users/harshittyagi/lil/de_env/lib/python3.8/site-packages/airflow/example_dags/example_trigger_controller_dag.py
[2020-12-20 04:58:53,373] {logging_mixin.py:103} INFO - [2020-12-20 04:58:53,373] {dag.py:1813} INFO - Sync 1 DAGs
[2020-12-20 04:58:53,398] {logging_mixin.py:103} INFO - [2020-12-20 04:58:53,398] {dag.py:2266} INFO - Setting next_dagrun for example_trigger_controller_dag to 2020-12-17 00:00:00+00:00
[2020-12-20 04:58:53,405] {scheduler_job.py:189} INFO - Processing /Users/harshittyagi/lil/de_env/lib/python3.8/site-packages/airflow/example_dags/example_trigger_controller_dag.py took 0.038 seconds
[2020-12-20 04:59:47,428] {scheduler_job.py:181} INFO - Started process (PID=60162) to work on /Users/harshittyagi/lil/de_env/lib/python3.8/site-packages/airflow/example_dags/example_trigger_controller_dag.py
[2020-12-20 04:59:47,429] {scheduler_job.py:629} INFO - Processing file /Users/harshittyagi/lil/de_env/lib/python3.8/site-packages/airflow/example_dags/example_trigger_controller_dag.py for tasks to queue
[2020-12-20 04:59:47,429] {logging_mixin.py:103} INFO - [2020-12-20 04:59:47,429] {dagbag.py:440} INFO - Filling up the DagBag from /Users/harshittyagi/lil/de_env/lib/python3.8/site-packages/airflow/example_dags/example_trigger_controller_dag.py
[2020-12-20 04:59:47,434] {scheduler_job.py:639} INFO - DAG(s) dict_keys(['example_trigger_controller_dag']) retrieved from /Users/harshittyagi/lil/de_env/lib/python3.8/site-packages/airflow/example_dags/example_trigger_controller_dag.py
[2020-12-20 04:59:47,434] {logging_mixin.py:103} INFO - [2020-12-20 04:59:47,434] {dag.py:1813} INFO - Sync 1 DAGs
[2020-12-20 04:59:47,458] {logging_mixin.py:103} INFO - [2020-12-20 04:59:47,457] {dag.py:2266} INFO - Setting next_dagrun for example_trigger_controller_dag to 2020-12-17 00:00:00+00:00
[2020-12-20 04:59:47,465] {scheduler_job.py:189} INFO - Processing /Users/harshittyagi/lil/de_env/lib/python3.8/site-packages/airflow/example_dags/example_trigger_controller_dag.py took 0.037 seconds
[2020-12-20 05:00:41,335] {scheduler_job.py:181} INFO - Started process (PID=60449) to work on /Users/harshittyagi/lil/de_env/lib/python3.8/site-packages/airflow/example_dags/example_trigger_controller_dag.py
[2020-12-20 05:00:41,335] {scheduler_job.py:629} INFO - Processing file /Users/harshittyagi/lil/de_env/lib/python3.8/site-packages/airflow/example_dags/example_trigger_controller_dag.py for tasks to queue
[2020-12-20 05:00:41,336] {logging_mixin.py:103} INFO - [2020-12-20 05:00:41,336] {dagbag.py:440} INFO - Filling up the DagBag from /Users/harshittyagi/lil/de_env/lib/python3.8/site-packages/airflow/example_dags/example_trigger_controller_dag.py
[2020-12-20 05:00:41,340] {scheduler_job.py:639} INFO - DAG(s) dict_keys(['example_trigger_controller_dag']) retrieved from /Users/harshittyagi/lil/de_env/lib/python3.8/site-packages/airflow/example_dags/example_trigger_controller_dag.py
[2020-12-20 05:00:41,341] {logging_mixin.py:103} INFO - [2020-12-20 05:00:41,341] {dag.py:1813} INFO - Sync 1 DAGs
[2020-12-20 05:00:41,367] {logging_mixin.py:103} INFO - [2020-12-20 05:00:41,367] {dag.py:2266} INFO - Setting next_dagrun for example_trigger_controller_dag to 2020-12-17 00:00:00+00:00
[2020-12-20 05:00:41,374] {scheduler_job.py:189} INFO - Processing /Users/harshittyagi/lil/de_env/lib/python3.8/site-packages/airflow/example_dags/example_trigger_controller_dag.py took 0.040 seconds
[2020-12-20 05:01:35,121] {scheduler_job.py:181} INFO - Started process (PID=60732) to work on /Users/harshittyagi/lil/de_env/lib/python3.8/site-packages/airflow/example_dags/example_trigger_controller_dag.py
[2020-12-20 05:01:35,122] {scheduler_job.py:629} INFO - Processing file /Users/harshittyagi/lil/de_env/lib/python3.8/site-packages/airflow/example_dags/example_trigger_controller_dag.py for tasks to queue
[2020-12-20 05:01:35,122] {logging_mixin.py:103} INFO - [2020-12-20 05:01:35,122] {dagbag.py:440} INFO - Filling up the DagBag from /Users/harshittyagi/lil/de_env/lib/python3.8/site-packages/airflow/example_dags/example_trigger_controller_dag.py
[2020-12-20 05:01:35,126] {scheduler_job.py:639} INFO - DAG(s) dict_keys(['example_trigger_controller_dag']) retrieved from /Users/harshittyagi/lil/de_env/lib/python3.8/site-packages/airflow/example_dags/example_trigger_controller_dag.py
[2020-12-20 05:01:35,127] {logging_mixin.py:103} INFO - [2020-12-20 05:01:35,126] {dag.py:1813} INFO - Sync 1 DAGs
[2020-12-20 05:01:35,151] {logging_mixin.py:103} INFO - [2020-12-20 05:01:35,151] {dag.py:2266} INFO - Setting next_dagrun for example_trigger_controller_dag to 2020-12-17 00:00:00+00:00
[2020-12-20 05:01:35,158] {scheduler_job.py:189} INFO - Processing /Users/harshittyagi/lil/de_env/lib/python3.8/site-packages/airflow/example_dags/example_trigger_controller_dag.py took 0.037 seconds
[2020-12-20 05:02:27,158] {scheduler_job.py:181} INFO - Started process (PID=61024) to work on /Users/harshittyagi/lil/de_env/lib/python3.8/site-packages/airflow/example_dags/example_trigger_controller_dag.py
[2020-12-20 05:02:27,158] {scheduler_job.py:629} INFO - Processing file /Users/harshittyagi/lil/de_env/lib/python3.8/site-packages/airflow/example_dags/example_trigger_controller_dag.py for tasks to queue
[2020-12-20 05:02:27,159] {logging_mixin.py:103} INFO - [2020-12-20 05:02:27,159] {dagbag.py:440} INFO - Filling up the DagBag from /Users/harshittyagi/lil/de_env/lib/python3.8/site-packages/airflow/example_dags/example_trigger_controller_dag.py
[2020-12-20 05:02:27,163] {scheduler_job.py:639} INFO - DAG(s) dict_keys(['example_trigger_controller_dag']) retrieved from /Users/harshittyagi/lil/de_env/lib/python3.8/site-packages/airflow/example_dags/example_trigger_controller_dag.py
[2020-12-20 05:02:27,163] {logging_mixin.py:103} INFO - [2020-12-20 05:02:27,163] {dag.py:1813} INFO - Sync 1 DAGs
[2020-12-20 05:02:27,188] {logging_mixin.py:103} INFO - [2020-12-20 05:02:27,188] {dag.py:2266} INFO - Setting next_dagrun for example_trigger_controller_dag to 2020-12-17 00:00:00+00:00
[2020-12-20 05:02:27,195] {scheduler_job.py:189} INFO - Processing /Users/harshittyagi/lil/de_env/lib/python3.8/site-packages/airflow/example_dags/example_trigger_controller_dag.py took 0.037 seconds
[2020-12-20 05:03:21,211] {scheduler_job.py:181} INFO - Started process (PID=61307) to work on /Users/harshittyagi/lil/de_env/lib/python3.8/site-packages/airflow/example_dags/example_trigger_controller_dag.py
[2020-12-20 05:03:21,212] {scheduler_job.py:629} INFO - Processing file /Users/harshittyagi/lil/de_env/lib/python3.8/site-packages/airflow/example_dags/example_trigger_controller_dag.py for tasks to queue
[2020-12-20 05:03:21,212] {logging_mixin.py:103} INFO - [2020-12-20 05:03:21,212] {dagbag.py:440} INFO - Filling up the DagBag from /Users/harshittyagi/lil/de_env/lib/python3.8/site-packages/airflow/example_dags/example_trigger_controller_dag.py
[2020-12-20 05:03:21,216] {scheduler_job.py:639} INFO - DAG(s) dict_keys(['example_trigger_controller_dag']) retrieved from /Users/harshittyagi/lil/de_env/lib/python3.8/site-packages/airflow/example_dags/example_trigger_controller_dag.py
[2020-12-20 05:03:21,216] {logging_mixin.py:103} INFO - [2020-12-20 05:03:21,216] {dag.py:1813} INFO - Sync 1 DAGs
[2020-12-20 05:03:21,244] {logging_mixin.py:103} INFO - [2020-12-20 05:03:21,244] {dag.py:2266} INFO - Setting next_dagrun for example_trigger_controller_dag to 2020-12-17 00:00:00+00:00
[2020-12-20 05:03:21,251] {scheduler_job.py:189} INFO - Processing /Users/harshittyagi/lil/de_env/lib/python3.8/site-packages/airflow/example_dags/example_trigger_controller_dag.py took 0.041 seconds
[2020-12-20 05:04:15,417] {scheduler_job.py:181} INFO - Started process (PID=61593) to work on /Users/harshittyagi/lil/de_env/lib/python3.8/site-packages/airflow/example_dags/example_trigger_controller_dag.py
[2020-12-20 05:04:15,417] {scheduler_job.py:629} INFO - Processing file /Users/harshittyagi/lil/de_env/lib/python3.8/site-packages/airflow/example_dags/example_trigger_controller_dag.py for tasks to queue
[2020-12-20 05:04:15,417] {logging_mixin.py:103} INFO - [2020-12-20 05:04:15,417] {dagbag.py:440} INFO - Filling up the DagBag from /Users/harshittyagi/lil/de_env/lib/python3.8/site-packages/airflow/example_dags/example_trigger_controller_dag.py
[2020-12-20 05:04:15,421] {scheduler_job.py:639} INFO - DAG(s) dict_keys(['example_trigger_controller_dag']) retrieved from /Users/harshittyagi/lil/de_env/lib/python3.8/site-packages/airflow/example_dags/example_trigger_controller_dag.py
[2020-12-20 05:04:15,422] {logging_mixin.py:103} INFO - [2020-12-20 05:04:15,422] {dag.py:1813} INFO - Sync 1 DAGs
[2020-12-20 05:04:15,445] {logging_mixin.py:103} INFO - [2020-12-20 05:04:15,445] {dag.py:2266} INFO - Setting next_dagrun for example_trigger_controller_dag to 2020-12-17 00:00:00+00:00
[2020-12-20 05:04:15,452] {scheduler_job.py:189} INFO - Processing /Users/harshittyagi/lil/de_env/lib/python3.8/site-packages/airflow/example_dags/example_trigger_controller_dag.py took 0.036 seconds
[2020-12-20 05:05:09,079] {scheduler_job.py:181} INFO - Started process (PID=61878) to work on /Users/harshittyagi/lil/de_env/lib/python3.8/site-packages/airflow/example_dags/example_trigger_controller_dag.py
[2020-12-20 05:05:09,079] {scheduler_job.py:629} INFO - Processing file /Users/harshittyagi/lil/de_env/lib/python3.8/site-packages/airflow/example_dags/example_trigger_controller_dag.py for tasks to queue
[2020-12-20 05:05:09,080] {logging_mixin.py:103} INFO - [2020-12-20 05:05:09,079] {dagbag.py:440} INFO - Filling up the DagBag from /Users/harshittyagi/lil/de_env/lib/python3.8/site-packages/airflow/example_dags/example_trigger_controller_dag.py
[2020-12-20 05:05:09,084] {scheduler_job.py:639} INFO - DAG(s) dict_keys(['example_trigger_controller_dag']) retrieved from /Users/harshittyagi/lil/de_env/lib/python3.8/site-packages/airflow/example_dags/example_trigger_controller_dag.py
[2020-12-20 05:05:09,084] {logging_mixin.py:103} INFO - [2020-12-20 05:05:09,084] {dag.py:1813} INFO - Sync 1 DAGs
[2020-12-20 05:05:09,109] {logging_mixin.py:103} INFO - [2020-12-20 05:05:09,109] {dag.py:2266} INFO - Setting next_dagrun for example_trigger_controller_dag to 2020-12-17 00:00:00+00:00
[2020-12-20 05:05:09,116] {scheduler_job.py:189} INFO - Processing /Users/harshittyagi/lil/de_env/lib/python3.8/site-packages/airflow/example_dags/example_trigger_controller_dag.py took 0.037 seconds
[2020-12-20 05:06:03,209] {scheduler_job.py:181} INFO - Started process (PID=62162) to work on /Users/harshittyagi/lil/de_env/lib/python3.8/site-packages/airflow/example_dags/example_trigger_controller_dag.py
[2020-12-20 05:06:03,209] {scheduler_job.py:629} INFO - Processing file /Users/harshittyagi/lil/de_env/lib/python3.8/site-packages/airflow/example_dags/example_trigger_controller_dag.py for tasks to queue
[2020-12-20 05:06:03,210] {logging_mixin.py:103} INFO - [2020-12-20 05:06:03,210] {dagbag.py:440} INFO - Filling up the DagBag from /Users/harshittyagi/lil/de_env/lib/python3.8/site-packages/airflow/example_dags/example_trigger_controller_dag.py
[2020-12-20 05:06:03,213] {scheduler_job.py:639} INFO - DAG(s) dict_keys(['example_trigger_controller_dag']) retrieved from /Users/harshittyagi/lil/de_env/lib/python3.8/site-packages/airflow/example_dags/example_trigger_controller_dag.py
[2020-12-20 05:06:03,214] {logging_mixin.py:103} INFO - [2020-12-20 05:06:03,214] {dag.py:1813} INFO - Sync 1 DAGs
[2020-12-20 05:06:03,238] {logging_mixin.py:103} INFO - [2020-12-20 05:06:03,238] {dag.py:2266} INFO - Setting next_dagrun for example_trigger_controller_dag to 2020-12-17 00:00:00+00:00
[2020-12-20 05:06:03,245] {scheduler_job.py:189} INFO - Processing /Users/harshittyagi/lil/de_env/lib/python3.8/site-packages/airflow/example_dags/example_trigger_controller_dag.py took 0.036 seconds
[2020-12-20 05:06:56,868] {scheduler_job.py:181} INFO - Started process (PID=62445) to work on /Users/harshittyagi/lil/de_env/lib/python3.8/site-packages/airflow/example_dags/example_trigger_controller_dag.py
[2020-12-20 05:06:56,869] {scheduler_job.py:629} INFO - Processing file /Users/harshittyagi/lil/de_env/lib/python3.8/site-packages/airflow/example_dags/example_trigger_controller_dag.py for tasks to queue
[2020-12-20 05:06:56,869] {logging_mixin.py:103} INFO - [2020-12-20 05:06:56,869] {dagbag.py:440} INFO - Filling up the DagBag from /Users/harshittyagi/lil/de_env/lib/python3.8/site-packages/airflow/example_dags/example_trigger_controller_dag.py
[2020-12-20 05:06:56,874] {scheduler_job.py:639} INFO - DAG(s) dict_keys(['example_trigger_controller_dag']) retrieved from /Users/harshittyagi/lil/de_env/lib/python3.8/site-packages/airflow/example_dags/example_trigger_controller_dag.py
[2020-12-20 05:06:56,874] {logging_mixin.py:103} INFO - [2020-12-20 05:06:56,874] {dag.py:1813} INFO - Sync 1 DAGs
[2020-12-20 05:06:56,902] {logging_mixin.py:103} INFO - [2020-12-20 05:06:56,902] {dag.py:2266} INFO - Setting next_dagrun for example_trigger_controller_dag to 2020-12-17 00:00:00+00:00
[2020-12-20 05:06:56,910] {scheduler_job.py:189} INFO - Processing /Users/harshittyagi/lil/de_env/lib/python3.8/site-packages/airflow/example_dags/example_trigger_controller_dag.py took 0.042 seconds
[2020-12-20 05:07:51,121] {scheduler_job.py:181} INFO - Started process (PID=62733) to work on /Users/harshittyagi/lil/de_env/lib/python3.8/site-packages/airflow/example_dags/example_trigger_controller_dag.py
[2020-12-20 05:07:51,122] {scheduler_job.py:629} INFO - Processing file /Users/harshittyagi/lil/de_env/lib/python3.8/site-packages/airflow/example_dags/example_trigger_controller_dag.py for tasks to queue
[2020-12-20 05:07:51,122] {logging_mixin.py:103} INFO - [2020-12-20 05:07:51,122] {dagbag.py:440} INFO - Filling up the DagBag from /Users/harshittyagi/lil/de_env/lib/python3.8/site-packages/airflow/example_dags/example_trigger_controller_dag.py
[2020-12-20 05:07:51,127] {scheduler_job.py:639} INFO - DAG(s) dict_keys(['example_trigger_controller_dag']) retrieved from /Users/harshittyagi/lil/de_env/lib/python3.8/site-packages/airflow/example_dags/example_trigger_controller_dag.py
[2020-12-20 05:07:51,127] {logging_mixin.py:103} INFO - [2020-12-20 05:07:51,127] {dag.py:1813} INFO - Sync 1 DAGs
[2020-12-20 05:07:51,151] {logging_mixin.py:103} INFO - [2020-12-20 05:07:51,151] {dag.py:2266} INFO - Setting next_dagrun for example_trigger_controller_dag to 2020-12-17 00:00:00+00:00
[2020-12-20 05:07:51,158] {scheduler_job.py:189} INFO - Processing /Users/harshittyagi/lil/de_env/lib/python3.8/site-packages/airflow/example_dags/example_trigger_controller_dag.py took 0.037 seconds
[2020-12-20 05:08:45,733] {scheduler_job.py:181} INFO - Started process (PID=63018) to work on /Users/harshittyagi/lil/de_env/lib/python3.8/site-packages/airflow/example_dags/example_trigger_controller_dag.py
[2020-12-20 05:08:45,733] {scheduler_job.py:629} INFO - Processing file /Users/harshittyagi/lil/de_env/lib/python3.8/site-packages/airflow/example_dags/example_trigger_controller_dag.py for tasks to queue
[2020-12-20 05:08:45,734] {logging_mixin.py:103} INFO - [2020-12-20 05:08:45,734] {dagbag.py:440} INFO - Filling up the DagBag from /Users/harshittyagi/lil/de_env/lib/python3.8/site-packages/airflow/example_dags/example_trigger_controller_dag.py
[2020-12-20 05:08:45,738] {scheduler_job.py:639} INFO - DAG(s) dict_keys(['example_trigger_controller_dag']) retrieved from /Users/harshittyagi/lil/de_env/lib/python3.8/site-packages/airflow/example_dags/example_trigger_controller_dag.py
[2020-12-20 05:08:45,739] {logging_mixin.py:103} INFO - [2020-12-20 05:08:45,739] {dag.py:1813} INFO - Sync 1 DAGs
[2020-12-20 05:08:45,768] {logging_mixin.py:103} INFO - [2020-12-20 05:08:45,768] {dag.py:2266} INFO - Setting next_dagrun for example_trigger_controller_dag to 2020-12-17 00:00:00+00:00
[2020-12-20 05:08:45,776] {scheduler_job.py:189} INFO - Processing /Users/harshittyagi/lil/de_env/lib/python3.8/site-packages/airflow/example_dags/example_trigger_controller_dag.py took 0.043 seconds
[2020-12-20 05:09:40,221] {scheduler_job.py:181} INFO - Started process (PID=63305) to work on /Users/harshittyagi/lil/de_env/lib/python3.8/site-packages/airflow/example_dags/example_trigger_controller_dag.py
[2020-12-20 05:09:40,222] {scheduler_job.py:629} INFO - Processing file /Users/harshittyagi/lil/de_env/lib/python3.8/site-packages/airflow/example_dags/example_trigger_controller_dag.py for tasks to queue
[2020-12-20 05:09:40,222] {logging_mixin.py:103} INFO - [2020-12-20 05:09:40,222] {dagbag.py:440} INFO - Filling up the DagBag from /Users/harshittyagi/lil/de_env/lib/python3.8/site-packages/airflow/example_dags/example_trigger_controller_dag.py
[2020-12-20 05:09:40,228] {scheduler_job.py:639} INFO - DAG(s) dict_keys(['example_trigger_controller_dag']) retrieved from /Users/harshittyagi/lil/de_env/lib/python3.8/site-packages/airflow/example_dags/example_trigger_controller_dag.py
[2020-12-20 05:09:40,229] {logging_mixin.py:103} INFO - [2020-12-20 05:09:40,229] {dag.py:1813} INFO - Sync 1 DAGs
[2020-12-20 05:09:40,259] {logging_mixin.py:103} INFO - [2020-12-20 05:09:40,259] {dag.py:2266} INFO - Setting next_dagrun for example_trigger_controller_dag to 2020-12-17 00:00:00+00:00
[2020-12-20 05:09:40,267] {scheduler_job.py:189} INFO - Processing /Users/harshittyagi/lil/de_env/lib/python3.8/site-packages/airflow/example_dags/example_trigger_controller_dag.py took 0.046 seconds
[2020-12-20 05:10:34,271] {scheduler_job.py:181} INFO - Started process (PID=63591) to work on /Users/harshittyagi/lil/de_env/lib/python3.8/site-packages/airflow/example_dags/example_trigger_controller_dag.py
[2020-12-20 05:10:34,271] {scheduler_job.py:629} INFO - Processing file /Users/harshittyagi/lil/de_env/lib/python3.8/site-packages/airflow/example_dags/example_trigger_controller_dag.py for tasks to queue
[2020-12-20 05:10:34,272] {logging_mixin.py:103} INFO - [2020-12-20 05:10:34,272] {dagbag.py:440} INFO - Filling up the DagBag from /Users/harshittyagi/lil/de_env/lib/python3.8/site-packages/airflow/example_dags/example_trigger_controller_dag.py
[2020-12-20 05:10:34,276] {scheduler_job.py:639} INFO - DAG(s) dict_keys(['example_trigger_controller_dag']) retrieved from /Users/harshittyagi/lil/de_env/lib/python3.8/site-packages/airflow/example_dags/example_trigger_controller_dag.py
[2020-12-20 05:10:34,277] {logging_mixin.py:103} INFO - [2020-12-20 05:10:34,276] {dag.py:1813} INFO - Sync 1 DAGs
[2020-12-20 05:10:34,306] {logging_mixin.py:103} INFO - [2020-12-20 05:10:34,306] {dag.py:2266} INFO - Setting next_dagrun for example_trigger_controller_dag to 2020-12-17 00:00:00+00:00
[2020-12-20 05:10:34,314] {scheduler_job.py:189} INFO - Processing /Users/harshittyagi/lil/de_env/lib/python3.8/site-packages/airflow/example_dags/example_trigger_controller_dag.py took 0.043 seconds
[2020-12-20 05:11:28,322] {scheduler_job.py:181} INFO - Started process (PID=63876) to work on /Users/harshittyagi/lil/de_env/lib/python3.8/site-packages/airflow/example_dags/example_trigger_controller_dag.py
[2020-12-20 05:11:28,322] {scheduler_job.py:629} INFO - Processing file /Users/harshittyagi/lil/de_env/lib/python3.8/site-packages/airflow/example_dags/example_trigger_controller_dag.py for tasks to queue
[2020-12-20 05:11:28,323] {logging_mixin.py:103} INFO - [2020-12-20 05:11:28,323] {dagbag.py:440} INFO - Filling up the DagBag from /Users/harshittyagi/lil/de_env/lib/python3.8/site-packages/airflow/example_dags/example_trigger_controller_dag.py
[2020-12-20 05:11:28,326] {scheduler_job.py:639} INFO - DAG(s) dict_keys(['example_trigger_controller_dag']) retrieved from /Users/harshittyagi/lil/de_env/lib/python3.8/site-packages/airflow/example_dags/example_trigger_controller_dag.py
[2020-12-20 05:11:28,327] {logging_mixin.py:103} INFO - [2020-12-20 05:11:28,327] {dag.py:1813} INFO - Sync 1 DAGs
[2020-12-20 05:11:28,351] {logging_mixin.py:103} INFO - [2020-12-20 05:11:28,351] {dag.py:2266} INFO - Setting next_dagrun for example_trigger_controller_dag to 2020-12-17 00:00:00+00:00
[2020-12-20 05:11:28,358] {scheduler_job.py:189} INFO - Processing /Users/harshittyagi/lil/de_env/lib/python3.8/site-packages/airflow/example_dags/example_trigger_controller_dag.py took 0.037 seconds
[2020-12-20 05:12:19,748] {scheduler_job.py:181} INFO - Started process (PID=64158) to work on /Users/harshittyagi/lil/de_env/lib/python3.8/site-packages/airflow/example_dags/example_trigger_controller_dag.py
[2020-12-20 05:12:19,749] {scheduler_job.py:629} INFO - Processing file /Users/harshittyagi/lil/de_env/lib/python3.8/site-packages/airflow/example_dags/example_trigger_controller_dag.py for tasks to queue
[2020-12-20 05:12:19,749] {logging_mixin.py:103} INFO - [2020-12-20 05:12:19,749] {dagbag.py:440} INFO - Filling up the DagBag from /Users/harshittyagi/lil/de_env/lib/python3.8/site-packages/airflow/example_dags/example_trigger_controller_dag.py
[2020-12-20 05:12:19,753] {scheduler_job.py:639} INFO - DAG(s) dict_keys(['example_trigger_controller_dag']) retrieved from /Users/harshittyagi/lil/de_env/lib/python3.8/site-packages/airflow/example_dags/example_trigger_controller_dag.py
[2020-12-20 05:12:19,753] {logging_mixin.py:103} INFO - [2020-12-20 05:12:19,753] {dag.py:1813} INFO - Sync 1 DAGs
[2020-12-20 05:12:19,777] {logging_mixin.py:103} INFO - [2020-12-20 05:12:19,777] {dag.py:2266} INFO - Setting next_dagrun for example_trigger_controller_dag to 2020-12-17 00:00:00+00:00
[2020-12-20 05:12:19,784] {scheduler_job.py:189} INFO - Processing /Users/harshittyagi/lil/de_env/lib/python3.8/site-packages/airflow/example_dags/example_trigger_controller_dag.py took 0.036 seconds
[2020-12-20 05:13:13,579] {scheduler_job.py:181} INFO - Started process (PID=64441) to work on /Users/harshittyagi/lil/de_env/lib/python3.8/site-packages/airflow/example_dags/example_trigger_controller_dag.py
[2020-12-20 05:13:13,580] {scheduler_job.py:629} INFO - Processing file /Users/harshittyagi/lil/de_env/lib/python3.8/site-packages/airflow/example_dags/example_trigger_controller_dag.py for tasks to queue
[2020-12-20 05:13:13,580] {logging_mixin.py:103} INFO - [2020-12-20 05:13:13,580] {dagbag.py:440} INFO - Filling up the DagBag from /Users/harshittyagi/lil/de_env/lib/python3.8/site-packages/airflow/example_dags/example_trigger_controller_dag.py
[2020-12-20 05:13:13,584] {scheduler_job.py:639} INFO - DAG(s) dict_keys(['example_trigger_controller_dag']) retrieved from /Users/harshittyagi/lil/de_env/lib/python3.8/site-packages/airflow/example_dags/example_trigger_controller_dag.py
[2020-12-20 05:13:13,584] {logging_mixin.py:103} INFO - [2020-12-20 05:13:13,584] {dag.py:1813} INFO - Sync 1 DAGs
[2020-12-20 05:13:13,608] {logging_mixin.py:103} INFO - [2020-12-20 05:13:13,608] {dag.py:2266} INFO - Setting next_dagrun for example_trigger_controller_dag to 2020-12-17 00:00:00+00:00
[2020-12-20 05:13:13,616] {scheduler_job.py:189} INFO - Processing /Users/harshittyagi/lil/de_env/lib/python3.8/site-packages/airflow/example_dags/example_trigger_controller_dag.py took 0.037 seconds
[2020-12-20 05:14:07,430] {scheduler_job.py:181} INFO - Started process (PID=64725) to work on /Users/harshittyagi/lil/de_env/lib/python3.8/site-packages/airflow/example_dags/example_trigger_controller_dag.py
[2020-12-20 05:14:07,431] {scheduler_job.py:629} INFO - Processing file /Users/harshittyagi/lil/de_env/lib/python3.8/site-packages/airflow/example_dags/example_trigger_controller_dag.py for tasks to queue
[2020-12-20 05:14:07,431] {logging_mixin.py:103} INFO - [2020-12-20 05:14:07,431] {dagbag.py:440} INFO - Filling up the DagBag from /Users/harshittyagi/lil/de_env/lib/python3.8/site-packages/airflow/example_dags/example_trigger_controller_dag.py
[2020-12-20 05:14:07,435] {scheduler_job.py:639} INFO - DAG(s) dict_keys(['example_trigger_controller_dag']) retrieved from /Users/harshittyagi/lil/de_env/lib/python3.8/site-packages/airflow/example_dags/example_trigger_controller_dag.py
[2020-12-20 05:14:07,435] {logging_mixin.py:103} INFO - [2020-12-20 05:14:07,435] {dag.py:1813} INFO - Sync 1 DAGs
[2020-12-20 05:14:07,459] {logging_mixin.py:103} INFO - [2020-12-20 05:14:07,459] {dag.py:2266} INFO - Setting next_dagrun for example_trigger_controller_dag to 2020-12-17 00:00:00+00:00
[2020-12-20 05:14:07,466] {scheduler_job.py:189} INFO - Processing /Users/harshittyagi/lil/de_env/lib/python3.8/site-packages/airflow/example_dags/example_trigger_controller_dag.py took 0.036 seconds
[2020-12-20 05:15:01,598] {scheduler_job.py:181} INFO - Started process (PID=65010) to work on /Users/harshittyagi/lil/de_env/lib/python3.8/site-packages/airflow/example_dags/example_trigger_controller_dag.py
[2020-12-20 05:15:01,598] {scheduler_job.py:629} INFO - Processing file /Users/harshittyagi/lil/de_env/lib/python3.8/site-packages/airflow/example_dags/example_trigger_controller_dag.py for tasks to queue
[2020-12-20 05:15:01,599] {logging_mixin.py:103} INFO - [2020-12-20 05:15:01,599] {dagbag.py:440} INFO - Filling up the DagBag from /Users/harshittyagi/lil/de_env/lib/python3.8/site-packages/airflow/example_dags/example_trigger_controller_dag.py
[2020-12-20 05:15:01,603] {scheduler_job.py:639} INFO - DAG(s) dict_keys(['example_trigger_controller_dag']) retrieved from /Users/harshittyagi/lil/de_env/lib/python3.8/site-packages/airflow/example_dags/example_trigger_controller_dag.py
[2020-12-20 05:15:01,604] {logging_mixin.py:103} INFO - [2020-12-20 05:15:01,604] {dag.py:1813} INFO - Sync 1 DAGs
[2020-12-20 05:15:01,629] {logging_mixin.py:103} INFO - [2020-12-20 05:15:01,629] {dag.py:2266} INFO - Setting next_dagrun for example_trigger_controller_dag to 2020-12-17 00:00:00+00:00
[2020-12-20 05:15:01,636] {scheduler_job.py:189} INFO - Processing /Users/harshittyagi/lil/de_env/lib/python3.8/site-packages/airflow/example_dags/example_trigger_controller_dag.py took 0.039 seconds
[2020-12-20 05:15:52,107] {scheduler_job.py:181} INFO - Started process (PID=65294) to work on /Users/harshittyagi/lil/de_env/lib/python3.8/site-packages/airflow/example_dags/example_trigger_controller_dag.py
[2020-12-20 05:15:52,107] {scheduler_job.py:629} INFO - Processing file /Users/harshittyagi/lil/de_env/lib/python3.8/site-packages/airflow/example_dags/example_trigger_controller_dag.py for tasks to queue
[2020-12-20 05:15:52,108] {logging_mixin.py:103} INFO - [2020-12-20 05:15:52,108] {dagbag.py:440} INFO - Filling up the DagBag from /Users/harshittyagi/lil/de_env/lib/python3.8/site-packages/airflow/example_dags/example_trigger_controller_dag.py
[2020-12-20 05:15:52,112] {scheduler_job.py:639} INFO - DAG(s) dict_keys(['example_trigger_controller_dag']) retrieved from /Users/harshittyagi/lil/de_env/lib/python3.8/site-packages/airflow/example_dags/example_trigger_controller_dag.py
[2020-12-20 05:15:52,112] {logging_mixin.py:103} INFO - [2020-12-20 05:15:52,112] {dag.py:1813} INFO - Sync 1 DAGs
[2020-12-20 05:15:52,136] {logging_mixin.py:103} INFO - [2020-12-20 05:15:52,136] {dag.py:2266} INFO - Setting next_dagrun for example_trigger_controller_dag to 2020-12-17 00:00:00+00:00
[2020-12-20 05:15:52,142] {scheduler_job.py:189} INFO - Processing /Users/harshittyagi/lil/de_env/lib/python3.8/site-packages/airflow/example_dags/example_trigger_controller_dag.py took 0.035 seconds
[2020-12-20 05:16:46,340] {scheduler_job.py:181} INFO - Started process (PID=65577) to work on /Users/harshittyagi/lil/de_env/lib/python3.8/site-packages/airflow/example_dags/example_trigger_controller_dag.py
[2020-12-20 05:16:46,341] {scheduler_job.py:629} INFO - Processing file /Users/harshittyagi/lil/de_env/lib/python3.8/site-packages/airflow/example_dags/example_trigger_controller_dag.py for tasks to queue
[2020-12-20 05:16:46,341] {logging_mixin.py:103} INFO - [2020-12-20 05:16:46,341] {dagbag.py:440} INFO - Filling up the DagBag from /Users/harshittyagi/lil/de_env/lib/python3.8/site-packages/airflow/example_dags/example_trigger_controller_dag.py
[2020-12-20 05:16:46,345] {scheduler_job.py:639} INFO - DAG(s) dict_keys(['example_trigger_controller_dag']) retrieved from /Users/harshittyagi/lil/de_env/lib/python3.8/site-packages/airflow/example_dags/example_trigger_controller_dag.py
[2020-12-20 05:16:46,345] {logging_mixin.py:103} INFO - [2020-12-20 05:16:46,345] {dag.py:1813} INFO - Sync 1 DAGs
[2020-12-20 05:16:46,371] {logging_mixin.py:103} INFO - [2020-12-20 05:16:46,370] {dag.py:2266} INFO - Setting next_dagrun for example_trigger_controller_dag to 2020-12-17 00:00:00+00:00
[2020-12-20 05:16:46,377] {scheduler_job.py:189} INFO - Processing /Users/harshittyagi/lil/de_env/lib/python3.8/site-packages/airflow/example_dags/example_trigger_controller_dag.py took 0.037 seconds
[2020-12-20 05:17:40,136] {scheduler_job.py:181} INFO - Started process (PID=65863) to work on /Users/harshittyagi/lil/de_env/lib/python3.8/site-packages/airflow/example_dags/example_trigger_controller_dag.py
[2020-12-20 05:17:40,137] {scheduler_job.py:629} INFO - Processing file /Users/harshittyagi/lil/de_env/lib/python3.8/site-packages/airflow/example_dags/example_trigger_controller_dag.py for tasks to queue
[2020-12-20 05:17:40,137] {logging_mixin.py:103} INFO - [2020-12-20 05:17:40,137] {dagbag.py:440} INFO - Filling up the DagBag from /Users/harshittyagi/lil/de_env/lib/python3.8/site-packages/airflow/example_dags/example_trigger_controller_dag.py
[2020-12-20 05:17:40,142] {scheduler_job.py:639} INFO - DAG(s) dict_keys(['example_trigger_controller_dag']) retrieved from /Users/harshittyagi/lil/de_env/lib/python3.8/site-packages/airflow/example_dags/example_trigger_controller_dag.py
[2020-12-20 05:17:40,142] {logging_mixin.py:103} INFO - [2020-12-20 05:17:40,142] {dag.py:1813} INFO - Sync 1 DAGs
[2020-12-20 05:17:40,165] {logging_mixin.py:103} INFO - [2020-12-20 05:17:40,165] {dag.py:2266} INFO - Setting next_dagrun for example_trigger_controller_dag to 2020-12-17 00:00:00+00:00
[2020-12-20 05:17:40,172] {scheduler_job.py:189} INFO - Processing /Users/harshittyagi/lil/de_env/lib/python3.8/site-packages/airflow/example_dags/example_trigger_controller_dag.py took 0.036 seconds
[2020-12-20 05:18:36,241] {scheduler_job.py:181} INFO - Started process (PID=66148) to work on /Users/harshittyagi/lil/de_env/lib/python3.8/site-packages/airflow/example_dags/example_trigger_controller_dag.py
[2020-12-20 05:18:36,241] {scheduler_job.py:629} INFO - Processing file /Users/harshittyagi/lil/de_env/lib/python3.8/site-packages/airflow/example_dags/example_trigger_controller_dag.py for tasks to queue
[2020-12-20 05:18:36,242] {logging_mixin.py:103} INFO - [2020-12-20 05:18:36,241] {dagbag.py:440} INFO - Filling up the DagBag from /Users/harshittyagi/lil/de_env/lib/python3.8/site-packages/airflow/example_dags/example_trigger_controller_dag.py
[2020-12-20 05:18:36,249] {scheduler_job.py:639} INFO - DAG(s) dict_keys(['example_trigger_controller_dag']) retrieved from /Users/harshittyagi/lil/de_env/lib/python3.8/site-packages/airflow/example_dags/example_trigger_controller_dag.py
[2020-12-20 05:18:36,249] {logging_mixin.py:103} INFO - [2020-12-20 05:18:36,249] {dag.py:1813} INFO - Sync 1 DAGs
[2020-12-20 05:18:36,299] {logging_mixin.py:103} INFO - [2020-12-20 05:18:36,299] {dag.py:2266} INFO - Setting next_dagrun for example_trigger_controller_dag to 2020-12-17 00:00:00+00:00
[2020-12-20 05:18:36,310] {scheduler_job.py:189} INFO - Processing /Users/harshittyagi/lil/de_env/lib/python3.8/site-packages/airflow/example_dags/example_trigger_controller_dag.py took 0.070 seconds
[2020-12-20 05:19:29,921] {scheduler_job.py:181} INFO - Started process (PID=66430) to work on /Users/harshittyagi/lil/de_env/lib/python3.8/site-packages/airflow/example_dags/example_trigger_controller_dag.py
[2020-12-20 05:19:29,922] {scheduler_job.py:629} INFO - Processing file /Users/harshittyagi/lil/de_env/lib/python3.8/site-packages/airflow/example_dags/example_trigger_controller_dag.py for tasks to queue
[2020-12-20 05:19:29,922] {logging_mixin.py:103} INFO - [2020-12-20 05:19:29,922] {dagbag.py:440} INFO - Filling up the DagBag from /Users/harshittyagi/lil/de_env/lib/python3.8/site-packages/airflow/example_dags/example_trigger_controller_dag.py
[2020-12-20 05:19:29,926] {scheduler_job.py:639} INFO - DAG(s) dict_keys(['example_trigger_controller_dag']) retrieved from /Users/harshittyagi/lil/de_env/lib/python3.8/site-packages/airflow/example_dags/example_trigger_controller_dag.py
[2020-12-20 05:19:29,927] {logging_mixin.py:103} INFO - [2020-12-20 05:19:29,927] {dag.py:1813} INFO - Sync 1 DAGs
[2020-12-20 05:19:29,955] {logging_mixin.py:103} INFO - [2020-12-20 05:19:29,955] {dag.py:2266} INFO - Setting next_dagrun for example_trigger_controller_dag to 2020-12-17 00:00:00+00:00
[2020-12-20 05:19:29,963] {scheduler_job.py:189} INFO - Processing /Users/harshittyagi/lil/de_env/lib/python3.8/site-packages/airflow/example_dags/example_trigger_controller_dag.py took 0.042 seconds
[2020-12-20 05:20:27,193] {scheduler_job.py:181} INFO - Started process (PID=66732) to work on /Users/harshittyagi/lil/de_env/lib/python3.8/site-packages/airflow/example_dags/example_trigger_controller_dag.py
[2020-12-20 05:20:27,194] {scheduler_job.py:629} INFO - Processing file /Users/harshittyagi/lil/de_env/lib/python3.8/site-packages/airflow/example_dags/example_trigger_controller_dag.py for tasks to queue
[2020-12-20 05:20:27,194] {logging_mixin.py:103} INFO - [2020-12-20 05:20:27,194] {dagbag.py:440} INFO - Filling up the DagBag from /Users/harshittyagi/lil/de_env/lib/python3.8/site-packages/airflow/example_dags/example_trigger_controller_dag.py
[2020-12-20 05:20:27,202] {scheduler_job.py:639} INFO - DAG(s) dict_keys(['example_trigger_controller_dag']) retrieved from /Users/harshittyagi/lil/de_env/lib/python3.8/site-packages/airflow/example_dags/example_trigger_controller_dag.py
[2020-12-20 05:20:27,203] {logging_mixin.py:103} INFO - [2020-12-20 05:20:27,203] {dag.py:1813} INFO - Sync 1 DAGs
[2020-12-20 05:20:27,231] {logging_mixin.py:103} INFO - [2020-12-20 05:20:27,231] {dag.py:2266} INFO - Setting next_dagrun for example_trigger_controller_dag to 2020-12-17 00:00:00+00:00
[2020-12-20 05:20:27,240] {scheduler_job.py:189} INFO - Processing /Users/harshittyagi/lil/de_env/lib/python3.8/site-packages/airflow/example_dags/example_trigger_controller_dag.py took 0.047 seconds
[2020-12-20 05:21:22,629] {scheduler_job.py:181} INFO - Started process (PID=67017) to work on /Users/harshittyagi/lil/de_env/lib/python3.8/site-packages/airflow/example_dags/example_trigger_controller_dag.py
[2020-12-20 05:21:22,629] {scheduler_job.py:629} INFO - Processing file /Users/harshittyagi/lil/de_env/lib/python3.8/site-packages/airflow/example_dags/example_trigger_controller_dag.py for tasks to queue
[2020-12-20 05:21:22,630] {logging_mixin.py:103} INFO - [2020-12-20 05:21:22,630] {dagbag.py:440} INFO - Filling up the DagBag from /Users/harshittyagi/lil/de_env/lib/python3.8/site-packages/airflow/example_dags/example_trigger_controller_dag.py
[2020-12-20 05:21:22,634] {scheduler_job.py:639} INFO - DAG(s) dict_keys(['example_trigger_controller_dag']) retrieved from /Users/harshittyagi/lil/de_env/lib/python3.8/site-packages/airflow/example_dags/example_trigger_controller_dag.py
[2020-12-20 05:21:22,635] {logging_mixin.py:103} INFO - [2020-12-20 05:21:22,635] {dag.py:1813} INFO - Sync 1 DAGs
[2020-12-20 05:21:22,665] {logging_mixin.py:103} INFO - [2020-12-20 05:21:22,665] {dag.py:2266} INFO - Setting next_dagrun for example_trigger_controller_dag to 2020-12-17 00:00:00+00:00
[2020-12-20 05:21:22,673] {scheduler_job.py:189} INFO - Processing /Users/harshittyagi/lil/de_env/lib/python3.8/site-packages/airflow/example_dags/example_trigger_controller_dag.py took 0.045 seconds
[2020-12-20 05:22:17,816] {scheduler_job.py:181} INFO - Started process (PID=67302) to work on /Users/harshittyagi/lil/de_env/lib/python3.8/site-packages/airflow/example_dags/example_trigger_controller_dag.py
[2020-12-20 05:22:17,816] {scheduler_job.py:629} INFO - Processing file /Users/harshittyagi/lil/de_env/lib/python3.8/site-packages/airflow/example_dags/example_trigger_controller_dag.py for tasks to queue
[2020-12-20 05:22:17,816] {logging_mixin.py:103} INFO - [2020-12-20 05:22:17,816] {dagbag.py:440} INFO - Filling up the DagBag from /Users/harshittyagi/lil/de_env/lib/python3.8/site-packages/airflow/example_dags/example_trigger_controller_dag.py
[2020-12-20 05:22:17,821] {scheduler_job.py:639} INFO - DAG(s) dict_keys(['example_trigger_controller_dag']) retrieved from /Users/harshittyagi/lil/de_env/lib/python3.8/site-packages/airflow/example_dags/example_trigger_controller_dag.py
[2020-12-20 05:22:17,822] {logging_mixin.py:103} INFO - [2020-12-20 05:22:17,821] {dag.py:1813} INFO - Sync 1 DAGs
[2020-12-20 05:22:17,851] {logging_mixin.py:103} INFO - [2020-12-20 05:22:17,851] {dag.py:2266} INFO - Setting next_dagrun for example_trigger_controller_dag to 2020-12-17 00:00:00+00:00
[2020-12-20 05:22:17,860] {scheduler_job.py:189} INFO - Processing /Users/harshittyagi/lil/de_env/lib/python3.8/site-packages/airflow/example_dags/example_trigger_controller_dag.py took 0.044 seconds
[2020-12-20 05:23:12,899] {scheduler_job.py:181} INFO - Started process (PID=67588) to work on /Users/harshittyagi/lil/de_env/lib/python3.8/site-packages/airflow/example_dags/example_trigger_controller_dag.py
[2020-12-20 05:23:12,899] {scheduler_job.py:629} INFO - Processing file /Users/harshittyagi/lil/de_env/lib/python3.8/site-packages/airflow/example_dags/example_trigger_controller_dag.py for tasks to queue
[2020-12-20 05:23:12,899] {logging_mixin.py:103} INFO - [2020-12-20 05:23:12,899] {dagbag.py:440} INFO - Filling up the DagBag from /Users/harshittyagi/lil/de_env/lib/python3.8/site-packages/airflow/example_dags/example_trigger_controller_dag.py
[2020-12-20 05:23:12,904] {scheduler_job.py:639} INFO - DAG(s) dict_keys(['example_trigger_controller_dag']) retrieved from /Users/harshittyagi/lil/de_env/lib/python3.8/site-packages/airflow/example_dags/example_trigger_controller_dag.py
[2020-12-20 05:23:12,905] {logging_mixin.py:103} INFO - [2020-12-20 05:23:12,904] {dag.py:1813} INFO - Sync 1 DAGs
[2020-12-20 05:23:12,933] {logging_mixin.py:103} INFO - [2020-12-20 05:23:12,933] {dag.py:2266} INFO - Setting next_dagrun for example_trigger_controller_dag to 2020-12-17 00:00:00+00:00
[2020-12-20 05:23:12,942] {scheduler_job.py:189} INFO - Processing /Users/harshittyagi/lil/de_env/lib/python3.8/site-packages/airflow/example_dags/example_trigger_controller_dag.py took 0.043 seconds
[2020-12-20 05:24:08,017] {scheduler_job.py:181} INFO - Started process (PID=67879) to work on /Users/harshittyagi/lil/de_env/lib/python3.8/site-packages/airflow/example_dags/example_trigger_controller_dag.py
[2020-12-20 05:24:08,017] {scheduler_job.py:629} INFO - Processing file /Users/harshittyagi/lil/de_env/lib/python3.8/site-packages/airflow/example_dags/example_trigger_controller_dag.py for tasks to queue
[2020-12-20 05:24:08,017] {logging_mixin.py:103} INFO - [2020-12-20 05:24:08,017] {dagbag.py:440} INFO - Filling up the DagBag from /Users/harshittyagi/lil/de_env/lib/python3.8/site-packages/airflow/example_dags/example_trigger_controller_dag.py
[2020-12-20 05:24:08,022] {scheduler_job.py:639} INFO - DAG(s) dict_keys(['example_trigger_controller_dag']) retrieved from /Users/harshittyagi/lil/de_env/lib/python3.8/site-packages/airflow/example_dags/example_trigger_controller_dag.py
[2020-12-20 05:24:08,023] {logging_mixin.py:103} INFO - [2020-12-20 05:24:08,023] {dag.py:1813} INFO - Sync 1 DAGs
[2020-12-20 05:24:08,052] {logging_mixin.py:103} INFO - [2020-12-20 05:24:08,052] {dag.py:2266} INFO - Setting next_dagrun for example_trigger_controller_dag to 2020-12-17 00:00:00+00:00
[2020-12-20 05:24:08,061] {scheduler_job.py:189} INFO - Processing /Users/harshittyagi/lil/de_env/lib/python3.8/site-packages/airflow/example_dags/example_trigger_controller_dag.py took 0.045 seconds
[2020-12-20 05:25:03,120] {scheduler_job.py:181} INFO - Started process (PID=68164) to work on /Users/harshittyagi/lil/de_env/lib/python3.8/site-packages/airflow/example_dags/example_trigger_controller_dag.py
[2020-12-20 05:25:03,121] {scheduler_job.py:629} INFO - Processing file /Users/harshittyagi/lil/de_env/lib/python3.8/site-packages/airflow/example_dags/example_trigger_controller_dag.py for tasks to queue
[2020-12-20 05:25:03,121] {logging_mixin.py:103} INFO - [2020-12-20 05:25:03,121] {dagbag.py:440} INFO - Filling up the DagBag from /Users/harshittyagi/lil/de_env/lib/python3.8/site-packages/airflow/example_dags/example_trigger_controller_dag.py
[2020-12-20 05:25:03,125] {scheduler_job.py:639} INFO - DAG(s) dict_keys(['example_trigger_controller_dag']) retrieved from /Users/harshittyagi/lil/de_env/lib/python3.8/site-packages/airflow/example_dags/example_trigger_controller_dag.py
[2020-12-20 05:25:03,125] {logging_mixin.py:103} INFO - [2020-12-20 05:25:03,125] {dag.py:1813} INFO - Sync 1 DAGs
[2020-12-20 05:25:03,154] {logging_mixin.py:103} INFO - [2020-12-20 05:25:03,154] {dag.py:2266} INFO - Setting next_dagrun for example_trigger_controller_dag to 2020-12-17 00:00:00+00:00
[2020-12-20 05:25:03,162] {scheduler_job.py:189} INFO - Processing /Users/harshittyagi/lil/de_env/lib/python3.8/site-packages/airflow/example_dags/example_trigger_controller_dag.py took 0.042 seconds
[2020-12-20 05:25:58,529] {scheduler_job.py:181} INFO - Started process (PID=68450) to work on /Users/harshittyagi/lil/de_env/lib/python3.8/site-packages/airflow/example_dags/example_trigger_controller_dag.py
[2020-12-20 05:25:58,530] {scheduler_job.py:629} INFO - Processing file /Users/harshittyagi/lil/de_env/lib/python3.8/site-packages/airflow/example_dags/example_trigger_controller_dag.py for tasks to queue
[2020-12-20 05:25:58,530] {logging_mixin.py:103} INFO - [2020-12-20 05:25:58,530] {dagbag.py:440} INFO - Filling up the DagBag from /Users/harshittyagi/lil/de_env/lib/python3.8/site-packages/airflow/example_dags/example_trigger_controller_dag.py
[2020-12-20 05:25:58,534] {scheduler_job.py:639} INFO - DAG(s) dict_keys(['example_trigger_controller_dag']) retrieved from /Users/harshittyagi/lil/de_env/lib/python3.8/site-packages/airflow/example_dags/example_trigger_controller_dag.py
[2020-12-20 05:25:58,534] {logging_mixin.py:103} INFO - [2020-12-20 05:25:58,534] {dag.py:1813} INFO - Sync 1 DAGs
[2020-12-20 05:25:58,561] {logging_mixin.py:103} INFO - [2020-12-20 05:25:58,561] {dag.py:2266} INFO - Setting next_dagrun for example_trigger_controller_dag to 2020-12-17 00:00:00+00:00
[2020-12-20 05:25:58,569] {scheduler_job.py:189} INFO - Processing /Users/harshittyagi/lil/de_env/lib/python3.8/site-packages/airflow/example_dags/example_trigger_controller_dag.py took 0.040 seconds
[2020-12-20 05:26:53,431] {scheduler_job.py:181} INFO - Started process (PID=68733) to work on /Users/harshittyagi/lil/de_env/lib/python3.8/site-packages/airflow/example_dags/example_trigger_controller_dag.py
[2020-12-20 05:26:53,432] {scheduler_job.py:629} INFO - Processing file /Users/harshittyagi/lil/de_env/lib/python3.8/site-packages/airflow/example_dags/example_trigger_controller_dag.py for tasks to queue
[2020-12-20 05:26:53,432] {logging_mixin.py:103} INFO - [2020-12-20 05:26:53,432] {dagbag.py:440} INFO - Filling up the DagBag from /Users/harshittyagi/lil/de_env/lib/python3.8/site-packages/airflow/example_dags/example_trigger_controller_dag.py
[2020-12-20 05:26:53,436] {scheduler_job.py:639} INFO - DAG(s) dict_keys(['example_trigger_controller_dag']) retrieved from /Users/harshittyagi/lil/de_env/lib/python3.8/site-packages/airflow/example_dags/example_trigger_controller_dag.py
[2020-12-20 05:26:53,436] {logging_mixin.py:103} INFO - [2020-12-20 05:26:53,436] {dag.py:1813} INFO - Sync 1 DAGs
[2020-12-20 05:26:53,462] {logging_mixin.py:103} INFO - [2020-12-20 05:26:53,462] {dag.py:2266} INFO - Setting next_dagrun for example_trigger_controller_dag to 2020-12-17 00:00:00+00:00
[2020-12-20 05:26:53,468] {scheduler_job.py:189} INFO - Processing /Users/harshittyagi/lil/de_env/lib/python3.8/site-packages/airflow/example_dags/example_trigger_controller_dag.py took 0.037 seconds
[2020-12-20 05:27:51,110] {scheduler_job.py:181} INFO - Started process (PID=69022) to work on /Users/harshittyagi/lil/de_env/lib/python3.8/site-packages/airflow/example_dags/example_trigger_controller_dag.py
[2020-12-20 05:27:51,111] {scheduler_job.py:629} INFO - Processing file /Users/harshittyagi/lil/de_env/lib/python3.8/site-packages/airflow/example_dags/example_trigger_controller_dag.py for tasks to queue
[2020-12-20 05:27:51,112] {logging_mixin.py:103} INFO - [2020-12-20 05:27:51,111] {dagbag.py:440} INFO - Filling up the DagBag from /Users/harshittyagi/lil/de_env/lib/python3.8/site-packages/airflow/example_dags/example_trigger_controller_dag.py
[2020-12-20 05:27:51,117] {scheduler_job.py:639} INFO - DAG(s) dict_keys(['example_trigger_controller_dag']) retrieved from /Users/harshittyagi/lil/de_env/lib/python3.8/site-packages/airflow/example_dags/example_trigger_controller_dag.py
[2020-12-20 05:27:51,118] {logging_mixin.py:103} INFO - [2020-12-20 05:27:51,118] {dag.py:1813} INFO - Sync 1 DAGs
[2020-12-20 05:27:51,146] {logging_mixin.py:103} INFO - [2020-12-20 05:27:51,146] {dag.py:2266} INFO - Setting next_dagrun for example_trigger_controller_dag to 2020-12-17 00:00:00+00:00
[2020-12-20 05:27:51,154] {scheduler_job.py:189} INFO - Processing /Users/harshittyagi/lil/de_env/lib/python3.8/site-packages/airflow/example_dags/example_trigger_controller_dag.py took 0.045 seconds
[2020-12-20 05:28:45,271] {scheduler_job.py:181} INFO - Started process (PID=69306) to work on /Users/harshittyagi/lil/de_env/lib/python3.8/site-packages/airflow/example_dags/example_trigger_controller_dag.py
[2020-12-20 05:28:45,271] {scheduler_job.py:629} INFO - Processing file /Users/harshittyagi/lil/de_env/lib/python3.8/site-packages/airflow/example_dags/example_trigger_controller_dag.py for tasks to queue
[2020-12-20 05:28:45,272] {logging_mixin.py:103} INFO - [2020-12-20 05:28:45,272] {dagbag.py:440} INFO - Filling up the DagBag from /Users/harshittyagi/lil/de_env/lib/python3.8/site-packages/airflow/example_dags/example_trigger_controller_dag.py
[2020-12-20 05:28:45,276] {scheduler_job.py:639} INFO - DAG(s) dict_keys(['example_trigger_controller_dag']) retrieved from /Users/harshittyagi/lil/de_env/lib/python3.8/site-packages/airflow/example_dags/example_trigger_controller_dag.py
[2020-12-20 05:28:45,276] {logging_mixin.py:103} INFO - [2020-12-20 05:28:45,276] {dag.py:1813} INFO - Sync 1 DAGs
[2020-12-20 05:28:45,303] {logging_mixin.py:103} INFO - [2020-12-20 05:28:45,303] {dag.py:2266} INFO - Setting next_dagrun for example_trigger_controller_dag to 2020-12-17 00:00:00+00:00
[2020-12-20 05:28:45,310] {scheduler_job.py:189} INFO - Processing /Users/harshittyagi/lil/de_env/lib/python3.8/site-packages/airflow/example_dags/example_trigger_controller_dag.py took 0.039 seconds
[2020-12-20 05:29:39,498] {scheduler_job.py:181} INFO - Started process (PID=69592) to work on /Users/harshittyagi/lil/de_env/lib/python3.8/site-packages/airflow/example_dags/example_trigger_controller_dag.py
[2020-12-20 05:29:39,499] {scheduler_job.py:629} INFO - Processing file /Users/harshittyagi/lil/de_env/lib/python3.8/site-packages/airflow/example_dags/example_trigger_controller_dag.py for tasks to queue
[2020-12-20 05:29:39,499] {logging_mixin.py:103} INFO - [2020-12-20 05:29:39,499] {dagbag.py:440} INFO - Filling up the DagBag from /Users/harshittyagi/lil/de_env/lib/python3.8/site-packages/airflow/example_dags/example_trigger_controller_dag.py
[2020-12-20 05:29:39,503] {scheduler_job.py:639} INFO - DAG(s) dict_keys(['example_trigger_controller_dag']) retrieved from /Users/harshittyagi/lil/de_env/lib/python3.8/site-packages/airflow/example_dags/example_trigger_controller_dag.py
[2020-12-20 05:29:39,504] {logging_mixin.py:103} INFO - [2020-12-20 05:29:39,504] {dag.py:1813} INFO - Sync 1 DAGs
[2020-12-20 05:29:39,534] {logging_mixin.py:103} INFO - [2020-12-20 05:29:39,534] {dag.py:2266} INFO - Setting next_dagrun for example_trigger_controller_dag to 2020-12-17 00:00:00+00:00
[2020-12-20 05:29:39,544] {scheduler_job.py:189} INFO - Processing /Users/harshittyagi/lil/de_env/lib/python3.8/site-packages/airflow/example_dags/example_trigger_controller_dag.py took 0.046 seconds
