[2020-12-20 04:41:45,566] {scheduler_job.py:181} INFO - Started process (PID=54452) to work on /Users/harshittyagi/lil/de_env/lib/python3.8/site-packages/airflow/example_dags/example_short_circuit_operator.py
[2020-12-20 04:41:45,566] {scheduler_job.py:629} INFO - Processing file /Users/harshittyagi/lil/de_env/lib/python3.8/site-packages/airflow/example_dags/example_short_circuit_operator.py for tasks to queue
[2020-12-20 04:41:45,566] {logging_mixin.py:103} INFO - [2020-12-20 04:41:45,566] {dagbag.py:440} INFO - Filling up the DagBag from /Users/harshittyagi/lil/de_env/lib/python3.8/site-packages/airflow/example_dags/example_short_circuit_operator.py
[2020-12-20 04:41:45,573] {scheduler_job.py:639} INFO - DAG(s) dict_keys(['example_short_circuit_operator']) retrieved from /Users/harshittyagi/lil/de_env/lib/python3.8/site-packages/airflow/example_dags/example_short_circuit_operator.py
[2020-12-20 04:41:45,573] {logging_mixin.py:103} INFO - [2020-12-20 04:41:45,573] {dag.py:1813} INFO - Sync 1 DAGs
[2020-12-20 04:41:45,606] {logging_mixin.py:103} INFO - [2020-12-20 04:41:45,606] {dag.py:2266} INFO - Setting next_dagrun for example_short_circuit_operator to 2020-12-17 00:00:00+00:00
[2020-12-20 04:41:45,616] {scheduler_job.py:189} INFO - Processing /Users/harshittyagi/lil/de_env/lib/python3.8/site-packages/airflow/example_dags/example_short_circuit_operator.py took 0.051 seconds
[2020-12-20 04:42:40,729] {scheduler_job.py:181} INFO - Started process (PID=54753) to work on /Users/harshittyagi/lil/de_env/lib/python3.8/site-packages/airflow/example_dags/example_short_circuit_operator.py
[2020-12-20 04:42:40,731] {scheduler_job.py:629} INFO - Processing file /Users/harshittyagi/lil/de_env/lib/python3.8/site-packages/airflow/example_dags/example_short_circuit_operator.py for tasks to queue
[2020-12-20 04:42:40,731] {logging_mixin.py:103} INFO - [2020-12-20 04:42:40,731] {dagbag.py:440} INFO - Filling up the DagBag from /Users/harshittyagi/lil/de_env/lib/python3.8/site-packages/airflow/example_dags/example_short_circuit_operator.py
[2020-12-20 04:42:40,738] {scheduler_job.py:639} INFO - DAG(s) dict_keys(['example_short_circuit_operator']) retrieved from /Users/harshittyagi/lil/de_env/lib/python3.8/site-packages/airflow/example_dags/example_short_circuit_operator.py
[2020-12-20 04:42:40,738] {logging_mixin.py:103} INFO - [2020-12-20 04:42:40,738] {dag.py:1813} INFO - Sync 1 DAGs
[2020-12-20 04:42:40,769] {logging_mixin.py:103} INFO - [2020-12-20 04:42:40,769] {dag.py:2266} INFO - Setting next_dagrun for example_short_circuit_operator to 2020-12-17 00:00:00+00:00
[2020-12-20 04:42:40,778] {scheduler_job.py:189} INFO - Processing /Users/harshittyagi/lil/de_env/lib/python3.8/site-packages/airflow/example_dags/example_short_circuit_operator.py took 0.049 seconds
[2020-12-20 04:43:34,440] {scheduler_job.py:181} INFO - Started process (PID=55048) to work on /Users/harshittyagi/lil/de_env/lib/python3.8/site-packages/airflow/example_dags/example_short_circuit_operator.py
[2020-12-20 04:43:34,441] {scheduler_job.py:629} INFO - Processing file /Users/harshittyagi/lil/de_env/lib/python3.8/site-packages/airflow/example_dags/example_short_circuit_operator.py for tasks to queue
[2020-12-20 04:43:34,442] {logging_mixin.py:103} INFO - [2020-12-20 04:43:34,441] {dagbag.py:440} INFO - Filling up the DagBag from /Users/harshittyagi/lil/de_env/lib/python3.8/site-packages/airflow/example_dags/example_short_circuit_operator.py
[2020-12-20 04:43:34,451] {scheduler_job.py:639} INFO - DAG(s) dict_keys(['example_short_circuit_operator']) retrieved from /Users/harshittyagi/lil/de_env/lib/python3.8/site-packages/airflow/example_dags/example_short_circuit_operator.py
[2020-12-20 04:43:34,452] {logging_mixin.py:103} INFO - [2020-12-20 04:43:34,452] {dag.py:1813} INFO - Sync 1 DAGs
[2020-12-20 04:43:34,501] {logging_mixin.py:103} INFO - [2020-12-20 04:43:34,501] {dag.py:2266} INFO - Setting next_dagrun for example_short_circuit_operator to 2020-12-17 00:00:00+00:00
[2020-12-20 04:43:34,517] {scheduler_job.py:189} INFO - Processing /Users/harshittyagi/lil/de_env/lib/python3.8/site-packages/airflow/example_dags/example_short_circuit_operator.py took 0.078 seconds
[2020-12-20 04:44:51,069] {scheduler_job.py:181} INFO - Started process (PID=55337) to work on /Users/harshittyagi/lil/de_env/lib/python3.8/site-packages/airflow/example_dags/example_short_circuit_operator.py
[2020-12-20 04:44:51,069] {scheduler_job.py:629} INFO - Processing file /Users/harshittyagi/lil/de_env/lib/python3.8/site-packages/airflow/example_dags/example_short_circuit_operator.py for tasks to queue
[2020-12-20 04:44:51,070] {logging_mixin.py:103} INFO - [2020-12-20 04:44:51,069] {dagbag.py:440} INFO - Filling up the DagBag from /Users/harshittyagi/lil/de_env/lib/python3.8/site-packages/airflow/example_dags/example_short_circuit_operator.py
[2020-12-20 04:44:51,075] {scheduler_job.py:639} INFO - DAG(s) dict_keys(['example_short_circuit_operator']) retrieved from /Users/harshittyagi/lil/de_env/lib/python3.8/site-packages/airflow/example_dags/example_short_circuit_operator.py
[2020-12-20 04:44:51,075] {logging_mixin.py:103} INFO - [2020-12-20 04:44:51,075] {dag.py:1813} INFO - Sync 1 DAGs
[2020-12-20 04:44:51,104] {logging_mixin.py:103} INFO - [2020-12-20 04:44:51,104] {dag.py:2266} INFO - Setting next_dagrun for example_short_circuit_operator to 2020-12-17 00:00:00+00:00
[2020-12-20 04:44:51,113] {scheduler_job.py:189} INFO - Processing /Users/harshittyagi/lil/de_env/lib/python3.8/site-packages/airflow/example_dags/example_short_circuit_operator.py took 0.045 seconds
[2020-12-20 04:45:42,156] {scheduler_job.py:181} INFO - Started process (PID=55628) to work on /Users/harshittyagi/lil/de_env/lib/python3.8/site-packages/airflow/example_dags/example_short_circuit_operator.py
[2020-12-20 04:45:42,156] {scheduler_job.py:629} INFO - Processing file /Users/harshittyagi/lil/de_env/lib/python3.8/site-packages/airflow/example_dags/example_short_circuit_operator.py for tasks to queue
[2020-12-20 04:45:42,157] {logging_mixin.py:103} INFO - [2020-12-20 04:45:42,156] {dagbag.py:440} INFO - Filling up the DagBag from /Users/harshittyagi/lil/de_env/lib/python3.8/site-packages/airflow/example_dags/example_short_circuit_operator.py
[2020-12-20 04:45:42,163] {scheduler_job.py:639} INFO - DAG(s) dict_keys(['example_short_circuit_operator']) retrieved from /Users/harshittyagi/lil/de_env/lib/python3.8/site-packages/airflow/example_dags/example_short_circuit_operator.py
[2020-12-20 04:45:42,163] {logging_mixin.py:103} INFO - [2020-12-20 04:45:42,163] {dag.py:1813} INFO - Sync 1 DAGs
[2020-12-20 04:45:42,193] {logging_mixin.py:103} INFO - [2020-12-20 04:45:42,193] {dag.py:2266} INFO - Setting next_dagrun for example_short_circuit_operator to 2020-12-17 00:00:00+00:00
[2020-12-20 04:45:42,203] {scheduler_job.py:189} INFO - Processing /Users/harshittyagi/lil/de_env/lib/python3.8/site-packages/airflow/example_dags/example_short_circuit_operator.py took 0.047 seconds
[2020-12-20 04:46:36,662] {scheduler_job.py:181} INFO - Started process (PID=55910) to work on /Users/harshittyagi/lil/de_env/lib/python3.8/site-packages/airflow/example_dags/example_short_circuit_operator.py
[2020-12-20 04:46:36,662] {scheduler_job.py:629} INFO - Processing file /Users/harshittyagi/lil/de_env/lib/python3.8/site-packages/airflow/example_dags/example_short_circuit_operator.py for tasks to queue
[2020-12-20 04:46:36,663] {logging_mixin.py:103} INFO - [2020-12-20 04:46:36,663] {dagbag.py:440} INFO - Filling up the DagBag from /Users/harshittyagi/lil/de_env/lib/python3.8/site-packages/airflow/example_dags/example_short_circuit_operator.py
[2020-12-20 04:46:36,668] {scheduler_job.py:639} INFO - DAG(s) dict_keys(['example_short_circuit_operator']) retrieved from /Users/harshittyagi/lil/de_env/lib/python3.8/site-packages/airflow/example_dags/example_short_circuit_operator.py
[2020-12-20 04:46:36,669] {logging_mixin.py:103} INFO - [2020-12-20 04:46:36,669] {dag.py:1813} INFO - Sync 1 DAGs
[2020-12-20 04:46:36,698] {logging_mixin.py:103} INFO - [2020-12-20 04:46:36,698] {dag.py:2266} INFO - Setting next_dagrun for example_short_circuit_operator to 2020-12-17 00:00:00+00:00
[2020-12-20 04:46:36,706] {scheduler_job.py:189} INFO - Processing /Users/harshittyagi/lil/de_env/lib/python3.8/site-packages/airflow/example_dags/example_short_circuit_operator.py took 0.045 seconds
[2020-12-20 04:47:30,257] {scheduler_job.py:181} INFO - Started process (PID=56196) to work on /Users/harshittyagi/lil/de_env/lib/python3.8/site-packages/airflow/example_dags/example_short_circuit_operator.py
[2020-12-20 04:47:30,257] {scheduler_job.py:629} INFO - Processing file /Users/harshittyagi/lil/de_env/lib/python3.8/site-packages/airflow/example_dags/example_short_circuit_operator.py for tasks to queue
[2020-12-20 04:47:30,258] {logging_mixin.py:103} INFO - [2020-12-20 04:47:30,258] {dagbag.py:440} INFO - Filling up the DagBag from /Users/harshittyagi/lil/de_env/lib/python3.8/site-packages/airflow/example_dags/example_short_circuit_operator.py
[2020-12-20 04:47:30,263] {scheduler_job.py:639} INFO - DAG(s) dict_keys(['example_short_circuit_operator']) retrieved from /Users/harshittyagi/lil/de_env/lib/python3.8/site-packages/airflow/example_dags/example_short_circuit_operator.py
[2020-12-20 04:47:30,263] {logging_mixin.py:103} INFO - [2020-12-20 04:47:30,263] {dag.py:1813} INFO - Sync 1 DAGs
[2020-12-20 04:47:30,287] {logging_mixin.py:103} INFO - [2020-12-20 04:47:30,287] {dag.py:2266} INFO - Setting next_dagrun for example_short_circuit_operator to 2020-12-17 00:00:00+00:00
[2020-12-20 04:47:30,294] {scheduler_job.py:189} INFO - Processing /Users/harshittyagi/lil/de_env/lib/python3.8/site-packages/airflow/example_dags/example_short_circuit_operator.py took 0.038 seconds
[2020-12-20 04:48:23,862] {scheduler_job.py:181} INFO - Started process (PID=56484) to work on /Users/harshittyagi/lil/de_env/lib/python3.8/site-packages/airflow/example_dags/example_short_circuit_operator.py
[2020-12-20 04:48:23,862] {scheduler_job.py:629} INFO - Processing file /Users/harshittyagi/lil/de_env/lib/python3.8/site-packages/airflow/example_dags/example_short_circuit_operator.py for tasks to queue
[2020-12-20 04:48:23,863] {logging_mixin.py:103} INFO - [2020-12-20 04:48:23,863] {dagbag.py:440} INFO - Filling up the DagBag from /Users/harshittyagi/lil/de_env/lib/python3.8/site-packages/airflow/example_dags/example_short_circuit_operator.py
[2020-12-20 04:48:23,868] {scheduler_job.py:639} INFO - DAG(s) dict_keys(['example_short_circuit_operator']) retrieved from /Users/harshittyagi/lil/de_env/lib/python3.8/site-packages/airflow/example_dags/example_short_circuit_operator.py
[2020-12-20 04:48:23,868] {logging_mixin.py:103} INFO - [2020-12-20 04:48:23,868] {dag.py:1813} INFO - Sync 1 DAGs
[2020-12-20 04:48:23,893] {logging_mixin.py:103} INFO - [2020-12-20 04:48:23,893] {dag.py:2266} INFO - Setting next_dagrun for example_short_circuit_operator to 2020-12-17 00:00:00+00:00
[2020-12-20 04:48:23,901] {scheduler_job.py:189} INFO - Processing /Users/harshittyagi/lil/de_env/lib/python3.8/site-packages/airflow/example_dags/example_short_circuit_operator.py took 0.040 seconds
[2020-12-20 04:49:17,357] {scheduler_job.py:181} INFO - Started process (PID=56767) to work on /Users/harshittyagi/lil/de_env/lib/python3.8/site-packages/airflow/example_dags/example_short_circuit_operator.py
[2020-12-20 04:49:17,357] {scheduler_job.py:629} INFO - Processing file /Users/harshittyagi/lil/de_env/lib/python3.8/site-packages/airflow/example_dags/example_short_circuit_operator.py for tasks to queue
[2020-12-20 04:49:17,357] {logging_mixin.py:103} INFO - [2020-12-20 04:49:17,357] {dagbag.py:440} INFO - Filling up the DagBag from /Users/harshittyagi/lil/de_env/lib/python3.8/site-packages/airflow/example_dags/example_short_circuit_operator.py
[2020-12-20 04:49:17,362] {scheduler_job.py:639} INFO - DAG(s) dict_keys(['example_short_circuit_operator']) retrieved from /Users/harshittyagi/lil/de_env/lib/python3.8/site-packages/airflow/example_dags/example_short_circuit_operator.py
[2020-12-20 04:49:17,362] {logging_mixin.py:103} INFO - [2020-12-20 04:49:17,362] {dag.py:1813} INFO - Sync 1 DAGs
[2020-12-20 04:49:17,387] {logging_mixin.py:103} INFO - [2020-12-20 04:49:17,387] {dag.py:2266} INFO - Setting next_dagrun for example_short_circuit_operator to 2020-12-17 00:00:00+00:00
[2020-12-20 04:49:17,395] {scheduler_job.py:189} INFO - Processing /Users/harshittyagi/lil/de_env/lib/python3.8/site-packages/airflow/example_dags/example_short_circuit_operator.py took 0.039 seconds
[2020-12-20 04:50:11,171] {scheduler_job.py:181} INFO - Started process (PID=57052) to work on /Users/harshittyagi/lil/de_env/lib/python3.8/site-packages/airflow/example_dags/example_short_circuit_operator.py
[2020-12-20 04:50:11,172] {scheduler_job.py:629} INFO - Processing file /Users/harshittyagi/lil/de_env/lib/python3.8/site-packages/airflow/example_dags/example_short_circuit_operator.py for tasks to queue
[2020-12-20 04:50:11,172] {logging_mixin.py:103} INFO - [2020-12-20 04:50:11,172] {dagbag.py:440} INFO - Filling up the DagBag from /Users/harshittyagi/lil/de_env/lib/python3.8/site-packages/airflow/example_dags/example_short_circuit_operator.py
[2020-12-20 04:50:11,178] {scheduler_job.py:639} INFO - DAG(s) dict_keys(['example_short_circuit_operator']) retrieved from /Users/harshittyagi/lil/de_env/lib/python3.8/site-packages/airflow/example_dags/example_short_circuit_operator.py
[2020-12-20 04:50:11,178] {logging_mixin.py:103} INFO - [2020-12-20 04:50:11,178] {dag.py:1813} INFO - Sync 1 DAGs
[2020-12-20 04:50:11,203] {logging_mixin.py:103} INFO - [2020-12-20 04:50:11,203] {dag.py:2266} INFO - Setting next_dagrun for example_short_circuit_operator to 2020-12-17 00:00:00+00:00
[2020-12-20 04:50:11,211] {scheduler_job.py:189} INFO - Processing /Users/harshittyagi/lil/de_env/lib/python3.8/site-packages/airflow/example_dags/example_short_circuit_operator.py took 0.040 seconds
[2020-12-20 04:51:04,801] {scheduler_job.py:181} INFO - Started process (PID=57335) to work on /Users/harshittyagi/lil/de_env/lib/python3.8/site-packages/airflow/example_dags/example_short_circuit_operator.py
[2020-12-20 04:51:04,802] {scheduler_job.py:629} INFO - Processing file /Users/harshittyagi/lil/de_env/lib/python3.8/site-packages/airflow/example_dags/example_short_circuit_operator.py for tasks to queue
[2020-12-20 04:51:04,802] {logging_mixin.py:103} INFO - [2020-12-20 04:51:04,802] {dagbag.py:440} INFO - Filling up the DagBag from /Users/harshittyagi/lil/de_env/lib/python3.8/site-packages/airflow/example_dags/example_short_circuit_operator.py
[2020-12-20 04:51:04,808] {scheduler_job.py:639} INFO - DAG(s) dict_keys(['example_short_circuit_operator']) retrieved from /Users/harshittyagi/lil/de_env/lib/python3.8/site-packages/airflow/example_dags/example_short_circuit_operator.py
[2020-12-20 04:51:04,809] {logging_mixin.py:103} INFO - [2020-12-20 04:51:04,809] {dag.py:1813} INFO - Sync 1 DAGs
[2020-12-20 04:51:04,836] {logging_mixin.py:103} INFO - [2020-12-20 04:51:04,836] {dag.py:2266} INFO - Setting next_dagrun for example_short_circuit_operator to 2020-12-17 00:00:00+00:00
[2020-12-20 04:51:04,844] {scheduler_job.py:189} INFO - Processing /Users/harshittyagi/lil/de_env/lib/python3.8/site-packages/airflow/example_dags/example_short_circuit_operator.py took 0.044 seconds
[2020-12-20 04:51:56,255] {scheduler_job.py:181} INFO - Started process (PID=57620) to work on /Users/harshittyagi/lil/de_env/lib/python3.8/site-packages/airflow/example_dags/example_short_circuit_operator.py
[2020-12-20 04:51:56,255] {scheduler_job.py:629} INFO - Processing file /Users/harshittyagi/lil/de_env/lib/python3.8/site-packages/airflow/example_dags/example_short_circuit_operator.py for tasks to queue
[2020-12-20 04:51:56,256] {logging_mixin.py:103} INFO - [2020-12-20 04:51:56,256] {dagbag.py:440} INFO - Filling up the DagBag from /Users/harshittyagi/lil/de_env/lib/python3.8/site-packages/airflow/example_dags/example_short_circuit_operator.py
[2020-12-20 04:51:56,260] {scheduler_job.py:639} INFO - DAG(s) dict_keys(['example_short_circuit_operator']) retrieved from /Users/harshittyagi/lil/de_env/lib/python3.8/site-packages/airflow/example_dags/example_short_circuit_operator.py
[2020-12-20 04:51:56,261] {logging_mixin.py:103} INFO - [2020-12-20 04:51:56,261] {dag.py:1813} INFO - Sync 1 DAGs
[2020-12-20 04:51:56,286] {logging_mixin.py:103} INFO - [2020-12-20 04:51:56,286] {dag.py:2266} INFO - Setting next_dagrun for example_short_circuit_operator to 2020-12-17 00:00:00+00:00
[2020-12-20 04:51:56,293] {scheduler_job.py:189} INFO - Processing /Users/harshittyagi/lil/de_env/lib/python3.8/site-packages/airflow/example_dags/example_short_circuit_operator.py took 0.039 seconds
[2020-12-20 04:52:49,016] {scheduler_job.py:181} INFO - Started process (PID=57909) to work on /Users/harshittyagi/lil/de_env/lib/python3.8/site-packages/airflow/example_dags/example_short_circuit_operator.py
[2020-12-20 04:52:49,017] {scheduler_job.py:629} INFO - Processing file /Users/harshittyagi/lil/de_env/lib/python3.8/site-packages/airflow/example_dags/example_short_circuit_operator.py for tasks to queue
[2020-12-20 04:52:49,017] {logging_mixin.py:103} INFO - [2020-12-20 04:52:49,017] {dagbag.py:440} INFO - Filling up the DagBag from /Users/harshittyagi/lil/de_env/lib/python3.8/site-packages/airflow/example_dags/example_short_circuit_operator.py
[2020-12-20 04:52:49,022] {scheduler_job.py:639} INFO - DAG(s) dict_keys(['example_short_circuit_operator']) retrieved from /Users/harshittyagi/lil/de_env/lib/python3.8/site-packages/airflow/example_dags/example_short_circuit_operator.py
[2020-12-20 04:52:49,022] {logging_mixin.py:103} INFO - [2020-12-20 04:52:49,022] {dag.py:1813} INFO - Sync 1 DAGs
[2020-12-20 04:52:49,047] {logging_mixin.py:103} INFO - [2020-12-20 04:52:49,047] {dag.py:2266} INFO - Setting next_dagrun for example_short_circuit_operator to 2020-12-17 00:00:00+00:00
[2020-12-20 04:52:49,054] {scheduler_job.py:189} INFO - Processing /Users/harshittyagi/lil/de_env/lib/python3.8/site-packages/airflow/example_dags/example_short_circuit_operator.py took 0.038 seconds
[2020-12-20 04:53:43,207] {scheduler_job.py:181} INFO - Started process (PID=58194) to work on /Users/harshittyagi/lil/de_env/lib/python3.8/site-packages/airflow/example_dags/example_short_circuit_operator.py
[2020-12-20 04:53:43,208] {scheduler_job.py:629} INFO - Processing file /Users/harshittyagi/lil/de_env/lib/python3.8/site-packages/airflow/example_dags/example_short_circuit_operator.py for tasks to queue
[2020-12-20 04:53:43,208] {logging_mixin.py:103} INFO - [2020-12-20 04:53:43,208] {dagbag.py:440} INFO - Filling up the DagBag from /Users/harshittyagi/lil/de_env/lib/python3.8/site-packages/airflow/example_dags/example_short_circuit_operator.py
[2020-12-20 04:53:43,213] {scheduler_job.py:639} INFO - DAG(s) dict_keys(['example_short_circuit_operator']) retrieved from /Users/harshittyagi/lil/de_env/lib/python3.8/site-packages/airflow/example_dags/example_short_circuit_operator.py
[2020-12-20 04:53:43,213] {logging_mixin.py:103} INFO - [2020-12-20 04:53:43,213] {dag.py:1813} INFO - Sync 1 DAGs
[2020-12-20 04:53:43,238] {logging_mixin.py:103} INFO - [2020-12-20 04:53:43,238] {dag.py:2266} INFO - Setting next_dagrun for example_short_circuit_operator to 2020-12-17 00:00:00+00:00
[2020-12-20 04:53:43,245] {scheduler_job.py:189} INFO - Processing /Users/harshittyagi/lil/de_env/lib/python3.8/site-packages/airflow/example_dags/example_short_circuit_operator.py took 0.038 seconds
[2020-12-20 04:54:37,157] {scheduler_job.py:181} INFO - Started process (PID=58484) to work on /Users/harshittyagi/lil/de_env/lib/python3.8/site-packages/airflow/example_dags/example_short_circuit_operator.py
[2020-12-20 04:54:37,157] {scheduler_job.py:629} INFO - Processing file /Users/harshittyagi/lil/de_env/lib/python3.8/site-packages/airflow/example_dags/example_short_circuit_operator.py for tasks to queue
[2020-12-20 04:54:37,158] {logging_mixin.py:103} INFO - [2020-12-20 04:54:37,157] {dagbag.py:440} INFO - Filling up the DagBag from /Users/harshittyagi/lil/de_env/lib/python3.8/site-packages/airflow/example_dags/example_short_circuit_operator.py
[2020-12-20 04:54:37,164] {scheduler_job.py:639} INFO - DAG(s) dict_keys(['example_short_circuit_operator']) retrieved from /Users/harshittyagi/lil/de_env/lib/python3.8/site-packages/airflow/example_dags/example_short_circuit_operator.py
[2020-12-20 04:54:37,165] {logging_mixin.py:103} INFO - [2020-12-20 04:54:37,165] {dag.py:1813} INFO - Sync 1 DAGs
[2020-12-20 04:54:37,197] {logging_mixin.py:103} INFO - [2020-12-20 04:54:37,197] {dag.py:2266} INFO - Setting next_dagrun for example_short_circuit_operator to 2020-12-17 00:00:00+00:00
[2020-12-20 04:54:37,205] {scheduler_job.py:189} INFO - Processing /Users/harshittyagi/lil/de_env/lib/python3.8/site-packages/airflow/example_dags/example_short_circuit_operator.py took 0.049 seconds
[2020-12-20 04:55:31,584] {scheduler_job.py:181} INFO - Started process (PID=58769) to work on /Users/harshittyagi/lil/de_env/lib/python3.8/site-packages/airflow/example_dags/example_short_circuit_operator.py
[2020-12-20 04:55:31,584] {scheduler_job.py:629} INFO - Processing file /Users/harshittyagi/lil/de_env/lib/python3.8/site-packages/airflow/example_dags/example_short_circuit_operator.py for tasks to queue
[2020-12-20 04:55:31,584] {logging_mixin.py:103} INFO - [2020-12-20 04:55:31,584] {dagbag.py:440} INFO - Filling up the DagBag from /Users/harshittyagi/lil/de_env/lib/python3.8/site-packages/airflow/example_dags/example_short_circuit_operator.py
[2020-12-20 04:55:31,589] {scheduler_job.py:639} INFO - DAG(s) dict_keys(['example_short_circuit_operator']) retrieved from /Users/harshittyagi/lil/de_env/lib/python3.8/site-packages/airflow/example_dags/example_short_circuit_operator.py
[2020-12-20 04:55:31,589] {logging_mixin.py:103} INFO - [2020-12-20 04:55:31,589] {dag.py:1813} INFO - Sync 1 DAGs
[2020-12-20 04:55:31,614] {logging_mixin.py:103} INFO - [2020-12-20 04:55:31,614] {dag.py:2266} INFO - Setting next_dagrun for example_short_circuit_operator to 2020-12-17 00:00:00+00:00
[2020-12-20 04:55:31,621] {scheduler_job.py:189} INFO - Processing /Users/harshittyagi/lil/de_env/lib/python3.8/site-packages/airflow/example_dags/example_short_circuit_operator.py took 0.038 seconds
[2020-12-20 04:56:25,420] {scheduler_job.py:181} INFO - Started process (PID=59050) to work on /Users/harshittyagi/lil/de_env/lib/python3.8/site-packages/airflow/example_dags/example_short_circuit_operator.py
[2020-12-20 04:56:25,420] {scheduler_job.py:629} INFO - Processing file /Users/harshittyagi/lil/de_env/lib/python3.8/site-packages/airflow/example_dags/example_short_circuit_operator.py for tasks to queue
[2020-12-20 04:56:25,421] {logging_mixin.py:103} INFO - [2020-12-20 04:56:25,421] {dagbag.py:440} INFO - Filling up the DagBag from /Users/harshittyagi/lil/de_env/lib/python3.8/site-packages/airflow/example_dags/example_short_circuit_operator.py
[2020-12-20 04:56:25,426] {scheduler_job.py:639} INFO - DAG(s) dict_keys(['example_short_circuit_operator']) retrieved from /Users/harshittyagi/lil/de_env/lib/python3.8/site-packages/airflow/example_dags/example_short_circuit_operator.py
[2020-12-20 04:56:25,426] {logging_mixin.py:103} INFO - [2020-12-20 04:56:25,426] {dag.py:1813} INFO - Sync 1 DAGs
[2020-12-20 04:56:25,451] {logging_mixin.py:103} INFO - [2020-12-20 04:56:25,451] {dag.py:2266} INFO - Setting next_dagrun for example_short_circuit_operator to 2020-12-17 00:00:00+00:00
[2020-12-20 04:56:25,458] {scheduler_job.py:189} INFO - Processing /Users/harshittyagi/lil/de_env/lib/python3.8/site-packages/airflow/example_dags/example_short_circuit_operator.py took 0.038 seconds
[2020-12-20 04:57:19,308] {scheduler_job.py:181} INFO - Started process (PID=59332) to work on /Users/harshittyagi/lil/de_env/lib/python3.8/site-packages/airflow/example_dags/example_short_circuit_operator.py
[2020-12-20 04:57:19,308] {scheduler_job.py:629} INFO - Processing file /Users/harshittyagi/lil/de_env/lib/python3.8/site-packages/airflow/example_dags/example_short_circuit_operator.py for tasks to queue
[2020-12-20 04:57:19,308] {logging_mixin.py:103} INFO - [2020-12-20 04:57:19,308] {dagbag.py:440} INFO - Filling up the DagBag from /Users/harshittyagi/lil/de_env/lib/python3.8/site-packages/airflow/example_dags/example_short_circuit_operator.py
[2020-12-20 04:57:19,313] {scheduler_job.py:639} INFO - DAG(s) dict_keys(['example_short_circuit_operator']) retrieved from /Users/harshittyagi/lil/de_env/lib/python3.8/site-packages/airflow/example_dags/example_short_circuit_operator.py
[2020-12-20 04:57:19,314] {logging_mixin.py:103} INFO - [2020-12-20 04:57:19,314] {dag.py:1813} INFO - Sync 1 DAGs
[2020-12-20 04:57:19,338] {logging_mixin.py:103} INFO - [2020-12-20 04:57:19,338] {dag.py:2266} INFO - Setting next_dagrun for example_short_circuit_operator to 2020-12-17 00:00:00+00:00
[2020-12-20 04:57:19,345] {scheduler_job.py:189} INFO - Processing /Users/harshittyagi/lil/de_env/lib/python3.8/site-packages/airflow/example_dags/example_short_circuit_operator.py took 0.038 seconds
[2020-12-20 04:58:13,101] {scheduler_job.py:181} INFO - Started process (PID=59615) to work on /Users/harshittyagi/lil/de_env/lib/python3.8/site-packages/airflow/example_dags/example_short_circuit_operator.py
[2020-12-20 04:58:13,102] {scheduler_job.py:629} INFO - Processing file /Users/harshittyagi/lil/de_env/lib/python3.8/site-packages/airflow/example_dags/example_short_circuit_operator.py for tasks to queue
[2020-12-20 04:58:13,102] {logging_mixin.py:103} INFO - [2020-12-20 04:58:13,102] {dagbag.py:440} INFO - Filling up the DagBag from /Users/harshittyagi/lil/de_env/lib/python3.8/site-packages/airflow/example_dags/example_short_circuit_operator.py
[2020-12-20 04:58:13,107] {scheduler_job.py:639} INFO - DAG(s) dict_keys(['example_short_circuit_operator']) retrieved from /Users/harshittyagi/lil/de_env/lib/python3.8/site-packages/airflow/example_dags/example_short_circuit_operator.py
[2020-12-20 04:58:13,107] {logging_mixin.py:103} INFO - [2020-12-20 04:58:13,107] {dag.py:1813} INFO - Sync 1 DAGs
[2020-12-20 04:58:13,132] {logging_mixin.py:103} INFO - [2020-12-20 04:58:13,132] {dag.py:2266} INFO - Setting next_dagrun for example_short_circuit_operator to 2020-12-17 00:00:00+00:00
[2020-12-20 04:58:13,139] {scheduler_job.py:189} INFO - Processing /Users/harshittyagi/lil/de_env/lib/python3.8/site-packages/airflow/example_dags/example_short_circuit_operator.py took 0.038 seconds
[2020-12-20 04:59:07,017] {scheduler_job.py:181} INFO - Started process (PID=59898) to work on /Users/harshittyagi/lil/de_env/lib/python3.8/site-packages/airflow/example_dags/example_short_circuit_operator.py
[2020-12-20 04:59:07,017] {scheduler_job.py:629} INFO - Processing file /Users/harshittyagi/lil/de_env/lib/python3.8/site-packages/airflow/example_dags/example_short_circuit_operator.py for tasks to queue
[2020-12-20 04:59:07,018] {logging_mixin.py:103} INFO - [2020-12-20 04:59:07,018] {dagbag.py:440} INFO - Filling up the DagBag from /Users/harshittyagi/lil/de_env/lib/python3.8/site-packages/airflow/example_dags/example_short_circuit_operator.py
[2020-12-20 04:59:07,023] {scheduler_job.py:639} INFO - DAG(s) dict_keys(['example_short_circuit_operator']) retrieved from /Users/harshittyagi/lil/de_env/lib/python3.8/site-packages/airflow/example_dags/example_short_circuit_operator.py
[2020-12-20 04:59:07,023] {logging_mixin.py:103} INFO - [2020-12-20 04:59:07,023] {dag.py:1813} INFO - Sync 1 DAGs
[2020-12-20 04:59:07,047] {logging_mixin.py:103} INFO - [2020-12-20 04:59:07,047] {dag.py:2266} INFO - Setting next_dagrun for example_short_circuit_operator to 2020-12-17 00:00:00+00:00
[2020-12-20 04:59:07,053] {scheduler_job.py:189} INFO - Processing /Users/harshittyagi/lil/de_env/lib/python3.8/site-packages/airflow/example_dags/example_short_circuit_operator.py took 0.037 seconds
[2020-12-20 05:00:01,042] {scheduler_job.py:181} INFO - Started process (PID=60178) to work on /Users/harshittyagi/lil/de_env/lib/python3.8/site-packages/airflow/example_dags/example_short_circuit_operator.py
[2020-12-20 05:00:01,043] {scheduler_job.py:629} INFO - Processing file /Users/harshittyagi/lil/de_env/lib/python3.8/site-packages/airflow/example_dags/example_short_circuit_operator.py for tasks to queue
[2020-12-20 05:00:01,043] {logging_mixin.py:103} INFO - [2020-12-20 05:00:01,043] {dagbag.py:440} INFO - Filling up the DagBag from /Users/harshittyagi/lil/de_env/lib/python3.8/site-packages/airflow/example_dags/example_short_circuit_operator.py
[2020-12-20 05:00:01,050] {scheduler_job.py:639} INFO - DAG(s) dict_keys(['example_short_circuit_operator']) retrieved from /Users/harshittyagi/lil/de_env/lib/python3.8/site-packages/airflow/example_dags/example_short_circuit_operator.py
[2020-12-20 05:00:01,051] {logging_mixin.py:103} INFO - [2020-12-20 05:00:01,051] {dag.py:1813} INFO - Sync 1 DAGs
[2020-12-20 05:00:01,084] {logging_mixin.py:103} INFO - [2020-12-20 05:00:01,083] {dag.py:2266} INFO - Setting next_dagrun for example_short_circuit_operator to 2020-12-17 00:00:00+00:00
[2020-12-20 05:00:01,093] {scheduler_job.py:189} INFO - Processing /Users/harshittyagi/lil/de_env/lib/python3.8/site-packages/airflow/example_dags/example_short_circuit_operator.py took 0.051 seconds
[2020-12-20 05:00:55,074] {scheduler_job.py:181} INFO - Started process (PID=60466) to work on /Users/harshittyagi/lil/de_env/lib/python3.8/site-packages/airflow/example_dags/example_short_circuit_operator.py
[2020-12-20 05:00:55,075] {scheduler_job.py:629} INFO - Processing file /Users/harshittyagi/lil/de_env/lib/python3.8/site-packages/airflow/example_dags/example_short_circuit_operator.py for tasks to queue
[2020-12-20 05:00:55,075] {logging_mixin.py:103} INFO - [2020-12-20 05:00:55,075] {dagbag.py:440} INFO - Filling up the DagBag from /Users/harshittyagi/lil/de_env/lib/python3.8/site-packages/airflow/example_dags/example_short_circuit_operator.py
[2020-12-20 05:00:55,080] {scheduler_job.py:639} INFO - DAG(s) dict_keys(['example_short_circuit_operator']) retrieved from /Users/harshittyagi/lil/de_env/lib/python3.8/site-packages/airflow/example_dags/example_short_circuit_operator.py
[2020-12-20 05:00:55,080] {logging_mixin.py:103} INFO - [2020-12-20 05:00:55,080] {dag.py:1813} INFO - Sync 1 DAGs
[2020-12-20 05:00:55,105] {logging_mixin.py:103} INFO - [2020-12-20 05:00:55,105] {dag.py:2266} INFO - Setting next_dagrun for example_short_circuit_operator to 2020-12-17 00:00:00+00:00
[2020-12-20 05:00:55,112] {scheduler_job.py:189} INFO - Processing /Users/harshittyagi/lil/de_env/lib/python3.8/site-packages/airflow/example_dags/example_short_circuit_operator.py took 0.038 seconds
[2020-12-20 05:01:47,639] {scheduler_job.py:181} INFO - Started process (PID=60750) to work on /Users/harshittyagi/lil/de_env/lib/python3.8/site-packages/airflow/example_dags/example_short_circuit_operator.py
[2020-12-20 05:01:47,639] {scheduler_job.py:629} INFO - Processing file /Users/harshittyagi/lil/de_env/lib/python3.8/site-packages/airflow/example_dags/example_short_circuit_operator.py for tasks to queue
[2020-12-20 05:01:47,640] {logging_mixin.py:103} INFO - [2020-12-20 05:01:47,639] {dagbag.py:440} INFO - Filling up the DagBag from /Users/harshittyagi/lil/de_env/lib/python3.8/site-packages/airflow/example_dags/example_short_circuit_operator.py
[2020-12-20 05:01:47,644] {scheduler_job.py:639} INFO - DAG(s) dict_keys(['example_short_circuit_operator']) retrieved from /Users/harshittyagi/lil/de_env/lib/python3.8/site-packages/airflow/example_dags/example_short_circuit_operator.py
[2020-12-20 05:01:47,645] {logging_mixin.py:103} INFO - [2020-12-20 05:01:47,645] {dag.py:1813} INFO - Sync 1 DAGs
[2020-12-20 05:01:47,670] {logging_mixin.py:103} INFO - [2020-12-20 05:01:47,670] {dag.py:2266} INFO - Setting next_dagrun for example_short_circuit_operator to 2020-12-17 00:00:00+00:00
[2020-12-20 05:01:47,678] {scheduler_job.py:189} INFO - Processing /Users/harshittyagi/lil/de_env/lib/python3.8/site-packages/airflow/example_dags/example_short_circuit_operator.py took 0.039 seconds
[2020-12-20 05:02:40,788] {scheduler_job.py:181} INFO - Started process (PID=61041) to work on /Users/harshittyagi/lil/de_env/lib/python3.8/site-packages/airflow/example_dags/example_short_circuit_operator.py
[2020-12-20 05:02:40,788] {scheduler_job.py:629} INFO - Processing file /Users/harshittyagi/lil/de_env/lib/python3.8/site-packages/airflow/example_dags/example_short_circuit_operator.py for tasks to queue
[2020-12-20 05:02:40,789] {logging_mixin.py:103} INFO - [2020-12-20 05:02:40,789] {dagbag.py:440} INFO - Filling up the DagBag from /Users/harshittyagi/lil/de_env/lib/python3.8/site-packages/airflow/example_dags/example_short_circuit_operator.py
[2020-12-20 05:02:40,794] {scheduler_job.py:639} INFO - DAG(s) dict_keys(['example_short_circuit_operator']) retrieved from /Users/harshittyagi/lil/de_env/lib/python3.8/site-packages/airflow/example_dags/example_short_circuit_operator.py
[2020-12-20 05:02:40,794] {logging_mixin.py:103} INFO - [2020-12-20 05:02:40,794] {dag.py:1813} INFO - Sync 1 DAGs
[2020-12-20 05:02:40,821] {logging_mixin.py:103} INFO - [2020-12-20 05:02:40,821] {dag.py:2266} INFO - Setting next_dagrun for example_short_circuit_operator to 2020-12-17 00:00:00+00:00
[2020-12-20 05:02:40,829] {scheduler_job.py:189} INFO - Processing /Users/harshittyagi/lil/de_env/lib/python3.8/site-packages/airflow/example_dags/example_short_circuit_operator.py took 0.041 seconds
[2020-12-20 05:03:34,969] {scheduler_job.py:181} INFO - Started process (PID=61324) to work on /Users/harshittyagi/lil/de_env/lib/python3.8/site-packages/airflow/example_dags/example_short_circuit_operator.py
[2020-12-20 05:03:34,969] {scheduler_job.py:629} INFO - Processing file /Users/harshittyagi/lil/de_env/lib/python3.8/site-packages/airflow/example_dags/example_short_circuit_operator.py for tasks to queue
[2020-12-20 05:03:34,970] {logging_mixin.py:103} INFO - [2020-12-20 05:03:34,969] {dagbag.py:440} INFO - Filling up the DagBag from /Users/harshittyagi/lil/de_env/lib/python3.8/site-packages/airflow/example_dags/example_short_circuit_operator.py
[2020-12-20 05:03:34,974] {scheduler_job.py:639} INFO - DAG(s) dict_keys(['example_short_circuit_operator']) retrieved from /Users/harshittyagi/lil/de_env/lib/python3.8/site-packages/airflow/example_dags/example_short_circuit_operator.py
[2020-12-20 05:03:34,975] {logging_mixin.py:103} INFO - [2020-12-20 05:03:34,975] {dag.py:1813} INFO - Sync 1 DAGs
[2020-12-20 05:03:34,998] {logging_mixin.py:103} INFO - [2020-12-20 05:03:34,998] {dag.py:2266} INFO - Setting next_dagrun for example_short_circuit_operator to 2020-12-17 00:00:00+00:00
[2020-12-20 05:03:35,007] {scheduler_job.py:189} INFO - Processing /Users/harshittyagi/lil/de_env/lib/python3.8/site-packages/airflow/example_dags/example_short_circuit_operator.py took 0.038 seconds
[2020-12-20 05:04:29,032] {scheduler_job.py:181} INFO - Started process (PID=61610) to work on /Users/harshittyagi/lil/de_env/lib/python3.8/site-packages/airflow/example_dags/example_short_circuit_operator.py
[2020-12-20 05:04:29,032] {scheduler_job.py:629} INFO - Processing file /Users/harshittyagi/lil/de_env/lib/python3.8/site-packages/airflow/example_dags/example_short_circuit_operator.py for tasks to queue
[2020-12-20 05:04:29,032] {logging_mixin.py:103} INFO - [2020-12-20 05:04:29,032] {dagbag.py:440} INFO - Filling up the DagBag from /Users/harshittyagi/lil/de_env/lib/python3.8/site-packages/airflow/example_dags/example_short_circuit_operator.py
[2020-12-20 05:04:29,037] {scheduler_job.py:639} INFO - DAG(s) dict_keys(['example_short_circuit_operator']) retrieved from /Users/harshittyagi/lil/de_env/lib/python3.8/site-packages/airflow/example_dags/example_short_circuit_operator.py
[2020-12-20 05:04:29,038] {logging_mixin.py:103} INFO - [2020-12-20 05:04:29,038] {dag.py:1813} INFO - Sync 1 DAGs
[2020-12-20 05:04:29,063] {logging_mixin.py:103} INFO - [2020-12-20 05:04:29,063] {dag.py:2266} INFO - Setting next_dagrun for example_short_circuit_operator to 2020-12-17 00:00:00+00:00
[2020-12-20 05:04:29,070] {scheduler_job.py:189} INFO - Processing /Users/harshittyagi/lil/de_env/lib/python3.8/site-packages/airflow/example_dags/example_short_circuit_operator.py took 0.039 seconds
[2020-12-20 05:05:22,785] {scheduler_job.py:181} INFO - Started process (PID=61895) to work on /Users/harshittyagi/lil/de_env/lib/python3.8/site-packages/airflow/example_dags/example_short_circuit_operator.py
[2020-12-20 05:05:22,785] {scheduler_job.py:629} INFO - Processing file /Users/harshittyagi/lil/de_env/lib/python3.8/site-packages/airflow/example_dags/example_short_circuit_operator.py for tasks to queue
[2020-12-20 05:05:22,785] {logging_mixin.py:103} INFO - [2020-12-20 05:05:22,785] {dagbag.py:440} INFO - Filling up the DagBag from /Users/harshittyagi/lil/de_env/lib/python3.8/site-packages/airflow/example_dags/example_short_circuit_operator.py
[2020-12-20 05:05:22,791] {scheduler_job.py:639} INFO - DAG(s) dict_keys(['example_short_circuit_operator']) retrieved from /Users/harshittyagi/lil/de_env/lib/python3.8/site-packages/airflow/example_dags/example_short_circuit_operator.py
[2020-12-20 05:05:22,792] {logging_mixin.py:103} INFO - [2020-12-20 05:05:22,792] {dag.py:1813} INFO - Sync 1 DAGs
[2020-12-20 05:05:22,821] {logging_mixin.py:103} INFO - [2020-12-20 05:05:22,821] {dag.py:2266} INFO - Setting next_dagrun for example_short_circuit_operator to 2020-12-17 00:00:00+00:00
[2020-12-20 05:05:22,830] {scheduler_job.py:189} INFO - Processing /Users/harshittyagi/lil/de_env/lib/python3.8/site-packages/airflow/example_dags/example_short_circuit_operator.py took 0.046 seconds
[2020-12-20 05:06:17,124] {scheduler_job.py:181} INFO - Started process (PID=62181) to work on /Users/harshittyagi/lil/de_env/lib/python3.8/site-packages/airflow/example_dags/example_short_circuit_operator.py
[2020-12-20 05:06:17,125] {scheduler_job.py:629} INFO - Processing file /Users/harshittyagi/lil/de_env/lib/python3.8/site-packages/airflow/example_dags/example_short_circuit_operator.py for tasks to queue
[2020-12-20 05:06:17,125] {logging_mixin.py:103} INFO - [2020-12-20 05:06:17,125] {dagbag.py:440} INFO - Filling up the DagBag from /Users/harshittyagi/lil/de_env/lib/python3.8/site-packages/airflow/example_dags/example_short_circuit_operator.py
[2020-12-20 05:06:17,131] {scheduler_job.py:639} INFO - DAG(s) dict_keys(['example_short_circuit_operator']) retrieved from /Users/harshittyagi/lil/de_env/lib/python3.8/site-packages/airflow/example_dags/example_short_circuit_operator.py
[2020-12-20 05:06:17,131] {logging_mixin.py:103} INFO - [2020-12-20 05:06:17,131] {dag.py:1813} INFO - Sync 1 DAGs
[2020-12-20 05:06:17,157] {logging_mixin.py:103} INFO - [2020-12-20 05:06:17,157] {dag.py:2266} INFO - Setting next_dagrun for example_short_circuit_operator to 2020-12-17 00:00:00+00:00
[2020-12-20 05:06:17,165] {scheduler_job.py:189} INFO - Processing /Users/harshittyagi/lil/de_env/lib/python3.8/site-packages/airflow/example_dags/example_short_circuit_operator.py took 0.041 seconds
[2020-12-20 05:07:10,492] {scheduler_job.py:181} INFO - Started process (PID=62462) to work on /Users/harshittyagi/lil/de_env/lib/python3.8/site-packages/airflow/example_dags/example_short_circuit_operator.py
[2020-12-20 05:07:10,493] {scheduler_job.py:629} INFO - Processing file /Users/harshittyagi/lil/de_env/lib/python3.8/site-packages/airflow/example_dags/example_short_circuit_operator.py for tasks to queue
[2020-12-20 05:07:10,493] {logging_mixin.py:103} INFO - [2020-12-20 05:07:10,493] {dagbag.py:440} INFO - Filling up the DagBag from /Users/harshittyagi/lil/de_env/lib/python3.8/site-packages/airflow/example_dags/example_short_circuit_operator.py
[2020-12-20 05:07:10,498] {scheduler_job.py:639} INFO - DAG(s) dict_keys(['example_short_circuit_operator']) retrieved from /Users/harshittyagi/lil/de_env/lib/python3.8/site-packages/airflow/example_dags/example_short_circuit_operator.py
[2020-12-20 05:07:10,498] {logging_mixin.py:103} INFO - [2020-12-20 05:07:10,498] {dag.py:1813} INFO - Sync 1 DAGs
[2020-12-20 05:07:10,522] {logging_mixin.py:103} INFO - [2020-12-20 05:07:10,522] {dag.py:2266} INFO - Setting next_dagrun for example_short_circuit_operator to 2020-12-17 00:00:00+00:00
[2020-12-20 05:07:10,529] {scheduler_job.py:189} INFO - Processing /Users/harshittyagi/lil/de_env/lib/python3.8/site-packages/airflow/example_dags/example_short_circuit_operator.py took 0.037 seconds
[2020-12-20 05:08:05,013] {scheduler_job.py:181} INFO - Started process (PID=62750) to work on /Users/harshittyagi/lil/de_env/lib/python3.8/site-packages/airflow/example_dags/example_short_circuit_operator.py
[2020-12-20 05:08:05,014] {scheduler_job.py:629} INFO - Processing file /Users/harshittyagi/lil/de_env/lib/python3.8/site-packages/airflow/example_dags/example_short_circuit_operator.py for tasks to queue
[2020-12-20 05:08:05,014] {logging_mixin.py:103} INFO - [2020-12-20 05:08:05,014] {dagbag.py:440} INFO - Filling up the DagBag from /Users/harshittyagi/lil/de_env/lib/python3.8/site-packages/airflow/example_dags/example_short_circuit_operator.py
[2020-12-20 05:08:05,020] {scheduler_job.py:639} INFO - DAG(s) dict_keys(['example_short_circuit_operator']) retrieved from /Users/harshittyagi/lil/de_env/lib/python3.8/site-packages/airflow/example_dags/example_short_circuit_operator.py
[2020-12-20 05:08:05,021] {logging_mixin.py:103} INFO - [2020-12-20 05:08:05,021] {dag.py:1813} INFO - Sync 1 DAGs
[2020-12-20 05:08:05,055] {logging_mixin.py:103} INFO - [2020-12-20 05:08:05,055] {dag.py:2266} INFO - Setting next_dagrun for example_short_circuit_operator to 2020-12-17 00:00:00+00:00
[2020-12-20 05:08:05,066] {scheduler_job.py:189} INFO - Processing /Users/harshittyagi/lil/de_env/lib/python3.8/site-packages/airflow/example_dags/example_short_circuit_operator.py took 0.053 seconds
[2020-12-20 05:08:59,639] {scheduler_job.py:181} INFO - Started process (PID=63036) to work on /Users/harshittyagi/lil/de_env/lib/python3.8/site-packages/airflow/example_dags/example_short_circuit_operator.py
[2020-12-20 05:08:59,639] {scheduler_job.py:629} INFO - Processing file /Users/harshittyagi/lil/de_env/lib/python3.8/site-packages/airflow/example_dags/example_short_circuit_operator.py for tasks to queue
[2020-12-20 05:08:59,639] {logging_mixin.py:103} INFO - [2020-12-20 05:08:59,639] {dagbag.py:440} INFO - Filling up the DagBag from /Users/harshittyagi/lil/de_env/lib/python3.8/site-packages/airflow/example_dags/example_short_circuit_operator.py
[2020-12-20 05:08:59,645] {scheduler_job.py:639} INFO - DAG(s) dict_keys(['example_short_circuit_operator']) retrieved from /Users/harshittyagi/lil/de_env/lib/python3.8/site-packages/airflow/example_dags/example_short_circuit_operator.py
[2020-12-20 05:08:59,645] {logging_mixin.py:103} INFO - [2020-12-20 05:08:59,645] {dag.py:1813} INFO - Sync 1 DAGs
[2020-12-20 05:08:59,669] {logging_mixin.py:103} INFO - [2020-12-20 05:08:59,669] {dag.py:2266} INFO - Setting next_dagrun for example_short_circuit_operator to 2020-12-17 00:00:00+00:00
[2020-12-20 05:08:59,678] {scheduler_job.py:189} INFO - Processing /Users/harshittyagi/lil/de_env/lib/python3.8/site-packages/airflow/example_dags/example_short_circuit_operator.py took 0.039 seconds
[2020-12-20 05:09:54,014] {scheduler_job.py:181} INFO - Started process (PID=63323) to work on /Users/harshittyagi/lil/de_env/lib/python3.8/site-packages/airflow/example_dags/example_short_circuit_operator.py
[2020-12-20 05:09:54,015] {scheduler_job.py:629} INFO - Processing file /Users/harshittyagi/lil/de_env/lib/python3.8/site-packages/airflow/example_dags/example_short_circuit_operator.py for tasks to queue
[2020-12-20 05:09:54,015] {logging_mixin.py:103} INFO - [2020-12-20 05:09:54,015] {dagbag.py:440} INFO - Filling up the DagBag from /Users/harshittyagi/lil/de_env/lib/python3.8/site-packages/airflow/example_dags/example_short_circuit_operator.py
[2020-12-20 05:09:54,020] {scheduler_job.py:639} INFO - DAG(s) dict_keys(['example_short_circuit_operator']) retrieved from /Users/harshittyagi/lil/de_env/lib/python3.8/site-packages/airflow/example_dags/example_short_circuit_operator.py
[2020-12-20 05:09:54,020] {logging_mixin.py:103} INFO - [2020-12-20 05:09:54,020] {dag.py:1813} INFO - Sync 1 DAGs
[2020-12-20 05:09:54,044] {logging_mixin.py:103} INFO - [2020-12-20 05:09:54,044] {dag.py:2266} INFO - Setting next_dagrun for example_short_circuit_operator to 2020-12-17 00:00:00+00:00
[2020-12-20 05:09:54,051] {scheduler_job.py:189} INFO - Processing /Users/harshittyagi/lil/de_env/lib/python3.8/site-packages/airflow/example_dags/example_short_circuit_operator.py took 0.037 seconds
[2020-12-20 05:10:48,076] {scheduler_job.py:181} INFO - Started process (PID=63608) to work on /Users/harshittyagi/lil/de_env/lib/python3.8/site-packages/airflow/example_dags/example_short_circuit_operator.py
[2020-12-20 05:10:48,077] {scheduler_job.py:629} INFO - Processing file /Users/harshittyagi/lil/de_env/lib/python3.8/site-packages/airflow/example_dags/example_short_circuit_operator.py for tasks to queue
[2020-12-20 05:10:48,077] {logging_mixin.py:103} INFO - [2020-12-20 05:10:48,077] {dagbag.py:440} INFO - Filling up the DagBag from /Users/harshittyagi/lil/de_env/lib/python3.8/site-packages/airflow/example_dags/example_short_circuit_operator.py
[2020-12-20 05:10:48,083] {scheduler_job.py:639} INFO - DAG(s) dict_keys(['example_short_circuit_operator']) retrieved from /Users/harshittyagi/lil/de_env/lib/python3.8/site-packages/airflow/example_dags/example_short_circuit_operator.py
[2020-12-20 05:10:48,084] {logging_mixin.py:103} INFO - [2020-12-20 05:10:48,083] {dag.py:1813} INFO - Sync 1 DAGs
[2020-12-20 05:10:48,111] {logging_mixin.py:103} INFO - [2020-12-20 05:10:48,111] {dag.py:2266} INFO - Setting next_dagrun for example_short_circuit_operator to 2020-12-17 00:00:00+00:00
[2020-12-20 05:10:48,119] {scheduler_job.py:189} INFO - Processing /Users/harshittyagi/lil/de_env/lib/python3.8/site-packages/airflow/example_dags/example_short_circuit_operator.py took 0.044 seconds
[2020-12-20 05:11:40,847] {scheduler_job.py:181} INFO - Started process (PID=63893) to work on /Users/harshittyagi/lil/de_env/lib/python3.8/site-packages/airflow/example_dags/example_short_circuit_operator.py
[2020-12-20 05:11:40,847] {scheduler_job.py:629} INFO - Processing file /Users/harshittyagi/lil/de_env/lib/python3.8/site-packages/airflow/example_dags/example_short_circuit_operator.py for tasks to queue
[2020-12-20 05:11:40,847] {logging_mixin.py:103} INFO - [2020-12-20 05:11:40,847] {dagbag.py:440} INFO - Filling up the DagBag from /Users/harshittyagi/lil/de_env/lib/python3.8/site-packages/airflow/example_dags/example_short_circuit_operator.py
[2020-12-20 05:11:40,853] {scheduler_job.py:639} INFO - DAG(s) dict_keys(['example_short_circuit_operator']) retrieved from /Users/harshittyagi/lil/de_env/lib/python3.8/site-packages/airflow/example_dags/example_short_circuit_operator.py
[2020-12-20 05:11:40,853] {logging_mixin.py:103} INFO - [2020-12-20 05:11:40,853] {dag.py:1813} INFO - Sync 1 DAGs
[2020-12-20 05:11:40,881] {logging_mixin.py:103} INFO - [2020-12-20 05:11:40,881] {dag.py:2266} INFO - Setting next_dagrun for example_short_circuit_operator to 2020-12-17 00:00:00+00:00
[2020-12-20 05:11:40,889] {scheduler_job.py:189} INFO - Processing /Users/harshittyagi/lil/de_env/lib/python3.8/site-packages/airflow/example_dags/example_short_circuit_operator.py took 0.043 seconds
[2020-12-20 05:12:33,405] {scheduler_job.py:181} INFO - Started process (PID=64176) to work on /Users/harshittyagi/lil/de_env/lib/python3.8/site-packages/airflow/example_dags/example_short_circuit_operator.py
[2020-12-20 05:12:33,405] {scheduler_job.py:629} INFO - Processing file /Users/harshittyagi/lil/de_env/lib/python3.8/site-packages/airflow/example_dags/example_short_circuit_operator.py for tasks to queue
[2020-12-20 05:12:33,406] {logging_mixin.py:103} INFO - [2020-12-20 05:12:33,406] {dagbag.py:440} INFO - Filling up the DagBag from /Users/harshittyagi/lil/de_env/lib/python3.8/site-packages/airflow/example_dags/example_short_circuit_operator.py
[2020-12-20 05:12:33,411] {scheduler_job.py:639} INFO - DAG(s) dict_keys(['example_short_circuit_operator']) retrieved from /Users/harshittyagi/lil/de_env/lib/python3.8/site-packages/airflow/example_dags/example_short_circuit_operator.py
[2020-12-20 05:12:33,411] {logging_mixin.py:103} INFO - [2020-12-20 05:12:33,411] {dag.py:1813} INFO - Sync 1 DAGs
[2020-12-20 05:12:33,435] {logging_mixin.py:103} INFO - [2020-12-20 05:12:33,435] {dag.py:2266} INFO - Setting next_dagrun for example_short_circuit_operator to 2020-12-17 00:00:00+00:00
[2020-12-20 05:12:33,442] {scheduler_job.py:189} INFO - Processing /Users/harshittyagi/lil/de_env/lib/python3.8/site-packages/airflow/example_dags/example_short_circuit_operator.py took 0.037 seconds
[2020-12-20 05:13:27,212] {scheduler_job.py:181} INFO - Started process (PID=64459) to work on /Users/harshittyagi/lil/de_env/lib/python3.8/site-packages/airflow/example_dags/example_short_circuit_operator.py
[2020-12-20 05:13:27,212] {scheduler_job.py:629} INFO - Processing file /Users/harshittyagi/lil/de_env/lib/python3.8/site-packages/airflow/example_dags/example_short_circuit_operator.py for tasks to queue
[2020-12-20 05:13:27,213] {logging_mixin.py:103} INFO - [2020-12-20 05:13:27,213] {dagbag.py:440} INFO - Filling up the DagBag from /Users/harshittyagi/lil/de_env/lib/python3.8/site-packages/airflow/example_dags/example_short_circuit_operator.py
[2020-12-20 05:13:27,218] {scheduler_job.py:639} INFO - DAG(s) dict_keys(['example_short_circuit_operator']) retrieved from /Users/harshittyagi/lil/de_env/lib/python3.8/site-packages/airflow/example_dags/example_short_circuit_operator.py
[2020-12-20 05:13:27,219] {logging_mixin.py:103} INFO - [2020-12-20 05:13:27,218] {dag.py:1813} INFO - Sync 1 DAGs
[2020-12-20 05:13:27,244] {logging_mixin.py:103} INFO - [2020-12-20 05:13:27,244] {dag.py:2266} INFO - Setting next_dagrun for example_short_circuit_operator to 2020-12-17 00:00:00+00:00
[2020-12-20 05:13:27,253] {scheduler_job.py:189} INFO - Processing /Users/harshittyagi/lil/de_env/lib/python3.8/site-packages/airflow/example_dags/example_short_circuit_operator.py took 0.042 seconds
[2020-12-20 05:14:21,070] {scheduler_job.py:181} INFO - Started process (PID=64741) to work on /Users/harshittyagi/lil/de_env/lib/python3.8/site-packages/airflow/example_dags/example_short_circuit_operator.py
[2020-12-20 05:14:21,070] {scheduler_job.py:629} INFO - Processing file /Users/harshittyagi/lil/de_env/lib/python3.8/site-packages/airflow/example_dags/example_short_circuit_operator.py for tasks to queue
[2020-12-20 05:14:21,071] {logging_mixin.py:103} INFO - [2020-12-20 05:14:21,071] {dagbag.py:440} INFO - Filling up the DagBag from /Users/harshittyagi/lil/de_env/lib/python3.8/site-packages/airflow/example_dags/example_short_circuit_operator.py
[2020-12-20 05:14:21,075] {scheduler_job.py:639} INFO - DAG(s) dict_keys(['example_short_circuit_operator']) retrieved from /Users/harshittyagi/lil/de_env/lib/python3.8/site-packages/airflow/example_dags/example_short_circuit_operator.py
[2020-12-20 05:14:21,076] {logging_mixin.py:103} INFO - [2020-12-20 05:14:21,076] {dag.py:1813} INFO - Sync 1 DAGs
[2020-12-20 05:14:21,100] {logging_mixin.py:103} INFO - [2020-12-20 05:14:21,100] {dag.py:2266} INFO - Setting next_dagrun for example_short_circuit_operator to 2020-12-17 00:00:00+00:00
[2020-12-20 05:14:21,108] {scheduler_job.py:189} INFO - Processing /Users/harshittyagi/lil/de_env/lib/python3.8/site-packages/airflow/example_dags/example_short_circuit_operator.py took 0.038 seconds
[2020-12-20 05:15:13,245] {scheduler_job.py:181} INFO - Started process (PID=65029) to work on /Users/harshittyagi/lil/de_env/lib/python3.8/site-packages/airflow/example_dags/example_short_circuit_operator.py
[2020-12-20 05:15:13,245] {scheduler_job.py:629} INFO - Processing file /Users/harshittyagi/lil/de_env/lib/python3.8/site-packages/airflow/example_dags/example_short_circuit_operator.py for tasks to queue
[2020-12-20 05:15:13,245] {logging_mixin.py:103} INFO - [2020-12-20 05:15:13,245] {dagbag.py:440} INFO - Filling up the DagBag from /Users/harshittyagi/lil/de_env/lib/python3.8/site-packages/airflow/example_dags/example_short_circuit_operator.py
[2020-12-20 05:15:13,250] {scheduler_job.py:639} INFO - DAG(s) dict_keys(['example_short_circuit_operator']) retrieved from /Users/harshittyagi/lil/de_env/lib/python3.8/site-packages/airflow/example_dags/example_short_circuit_operator.py
[2020-12-20 05:15:13,251] {logging_mixin.py:103} INFO - [2020-12-20 05:15:13,251] {dag.py:1813} INFO - Sync 1 DAGs
[2020-12-20 05:15:13,274] {logging_mixin.py:103} INFO - [2020-12-20 05:15:13,274] {dag.py:2266} INFO - Setting next_dagrun for example_short_circuit_operator to 2020-12-17 00:00:00+00:00
[2020-12-20 05:15:13,282] {scheduler_job.py:189} INFO - Processing /Users/harshittyagi/lil/de_env/lib/python3.8/site-packages/airflow/example_dags/example_short_circuit_operator.py took 0.037 seconds
[2020-12-20 05:16:05,797] {scheduler_job.py:181} INFO - Started process (PID=65312) to work on /Users/harshittyagi/lil/de_env/lib/python3.8/site-packages/airflow/example_dags/example_short_circuit_operator.py
[2020-12-20 05:16:05,797] {scheduler_job.py:629} INFO - Processing file /Users/harshittyagi/lil/de_env/lib/python3.8/site-packages/airflow/example_dags/example_short_circuit_operator.py for tasks to queue
[2020-12-20 05:16:05,798] {logging_mixin.py:103} INFO - [2020-12-20 05:16:05,797] {dagbag.py:440} INFO - Filling up the DagBag from /Users/harshittyagi/lil/de_env/lib/python3.8/site-packages/airflow/example_dags/example_short_circuit_operator.py
[2020-12-20 05:16:05,803] {scheduler_job.py:639} INFO - DAG(s) dict_keys(['example_short_circuit_operator']) retrieved from /Users/harshittyagi/lil/de_env/lib/python3.8/site-packages/airflow/example_dags/example_short_circuit_operator.py
[2020-12-20 05:16:05,804] {logging_mixin.py:103} INFO - [2020-12-20 05:16:05,804] {dag.py:1813} INFO - Sync 1 DAGs
[2020-12-20 05:16:05,830] {logging_mixin.py:103} INFO - [2020-12-20 05:16:05,830] {dag.py:2266} INFO - Setting next_dagrun for example_short_circuit_operator to 2020-12-17 00:00:00+00:00
[2020-12-20 05:16:05,838] {scheduler_job.py:189} INFO - Processing /Users/harshittyagi/lil/de_env/lib/python3.8/site-packages/airflow/example_dags/example_short_circuit_operator.py took 0.041 seconds
[2020-12-20 05:16:59,937] {scheduler_job.py:181} INFO - Started process (PID=65594) to work on /Users/harshittyagi/lil/de_env/lib/python3.8/site-packages/airflow/example_dags/example_short_circuit_operator.py
[2020-12-20 05:16:59,937] {scheduler_job.py:629} INFO - Processing file /Users/harshittyagi/lil/de_env/lib/python3.8/site-packages/airflow/example_dags/example_short_circuit_operator.py for tasks to queue
[2020-12-20 05:16:59,937] {logging_mixin.py:103} INFO - [2020-12-20 05:16:59,937] {dagbag.py:440} INFO - Filling up the DagBag from /Users/harshittyagi/lil/de_env/lib/python3.8/site-packages/airflow/example_dags/example_short_circuit_operator.py
[2020-12-20 05:16:59,942] {scheduler_job.py:639} INFO - DAG(s) dict_keys(['example_short_circuit_operator']) retrieved from /Users/harshittyagi/lil/de_env/lib/python3.8/site-packages/airflow/example_dags/example_short_circuit_operator.py
[2020-12-20 05:16:59,942] {logging_mixin.py:103} INFO - [2020-12-20 05:16:59,942] {dag.py:1813} INFO - Sync 1 DAGs
[2020-12-20 05:16:59,967] {logging_mixin.py:103} INFO - [2020-12-20 05:16:59,967] {dag.py:2266} INFO - Setting next_dagrun for example_short_circuit_operator to 2020-12-17 00:00:00+00:00
[2020-12-20 05:16:59,975] {scheduler_job.py:189} INFO - Processing /Users/harshittyagi/lil/de_env/lib/python3.8/site-packages/airflow/example_dags/example_short_circuit_operator.py took 0.039 seconds
[2020-12-20 05:17:53,840] {scheduler_job.py:181} INFO - Started process (PID=65880) to work on /Users/harshittyagi/lil/de_env/lib/python3.8/site-packages/airflow/example_dags/example_short_circuit_operator.py
[2020-12-20 05:17:53,840] {scheduler_job.py:629} INFO - Processing file /Users/harshittyagi/lil/de_env/lib/python3.8/site-packages/airflow/example_dags/example_short_circuit_operator.py for tasks to queue
[2020-12-20 05:17:53,840] {logging_mixin.py:103} INFO - [2020-12-20 05:17:53,840] {dagbag.py:440} INFO - Filling up the DagBag from /Users/harshittyagi/lil/de_env/lib/python3.8/site-packages/airflow/example_dags/example_short_circuit_operator.py
[2020-12-20 05:17:53,846] {scheduler_job.py:639} INFO - DAG(s) dict_keys(['example_short_circuit_operator']) retrieved from /Users/harshittyagi/lil/de_env/lib/python3.8/site-packages/airflow/example_dags/example_short_circuit_operator.py
[2020-12-20 05:17:53,847] {logging_mixin.py:103} INFO - [2020-12-20 05:17:53,847] {dag.py:1813} INFO - Sync 1 DAGs
[2020-12-20 05:17:53,875] {logging_mixin.py:103} INFO - [2020-12-20 05:17:53,875] {dag.py:2266} INFO - Setting next_dagrun for example_short_circuit_operator to 2020-12-17 00:00:00+00:00
[2020-12-20 05:17:53,884] {scheduler_job.py:189} INFO - Processing /Users/harshittyagi/lil/de_env/lib/python3.8/site-packages/airflow/example_dags/example_short_circuit_operator.py took 0.045 seconds
[2020-12-20 05:18:49,646] {scheduler_job.py:181} INFO - Started process (PID=66166) to work on /Users/harshittyagi/lil/de_env/lib/python3.8/site-packages/airflow/example_dags/example_short_circuit_operator.py
[2020-12-20 05:18:49,646] {scheduler_job.py:629} INFO - Processing file /Users/harshittyagi/lil/de_env/lib/python3.8/site-packages/airflow/example_dags/example_short_circuit_operator.py for tasks to queue
[2020-12-20 05:18:49,647] {logging_mixin.py:103} INFO - [2020-12-20 05:18:49,647] {dagbag.py:440} INFO - Filling up the DagBag from /Users/harshittyagi/lil/de_env/lib/python3.8/site-packages/airflow/example_dags/example_short_circuit_operator.py
[2020-12-20 05:18:49,654] {scheduler_job.py:639} INFO - DAG(s) dict_keys(['example_short_circuit_operator']) retrieved from /Users/harshittyagi/lil/de_env/lib/python3.8/site-packages/airflow/example_dags/example_short_circuit_operator.py
[2020-12-20 05:18:49,654] {logging_mixin.py:103} INFO - [2020-12-20 05:18:49,654] {dag.py:1813} INFO - Sync 1 DAGs
[2020-12-20 05:18:49,688] {logging_mixin.py:103} INFO - [2020-12-20 05:18:49,688] {dag.py:2266} INFO - Setting next_dagrun for example_short_circuit_operator to 2020-12-17 00:00:00+00:00
[2020-12-20 05:18:49,699] {scheduler_job.py:189} INFO - Processing /Users/harshittyagi/lil/de_env/lib/python3.8/site-packages/airflow/example_dags/example_short_circuit_operator.py took 0.054 seconds
[2020-12-20 05:19:43,898] {scheduler_job.py:181} INFO - Started process (PID=66453) to work on /Users/harshittyagi/lil/de_env/lib/python3.8/site-packages/airflow/example_dags/example_short_circuit_operator.py
[2020-12-20 05:19:43,899] {scheduler_job.py:629} INFO - Processing file /Users/harshittyagi/lil/de_env/lib/python3.8/site-packages/airflow/example_dags/example_short_circuit_operator.py for tasks to queue
[2020-12-20 05:19:43,899] {logging_mixin.py:103} INFO - [2020-12-20 05:19:43,899] {dagbag.py:440} INFO - Filling up the DagBag from /Users/harshittyagi/lil/de_env/lib/python3.8/site-packages/airflow/example_dags/example_short_circuit_operator.py
[2020-12-20 05:19:43,905] {scheduler_job.py:639} INFO - DAG(s) dict_keys(['example_short_circuit_operator']) retrieved from /Users/harshittyagi/lil/de_env/lib/python3.8/site-packages/airflow/example_dags/example_short_circuit_operator.py
[2020-12-20 05:19:43,905] {logging_mixin.py:103} INFO - [2020-12-20 05:19:43,905] {dag.py:1813} INFO - Sync 1 DAGs
[2020-12-20 05:19:43,932] {logging_mixin.py:103} INFO - [2020-12-20 05:19:43,932] {dag.py:2266} INFO - Setting next_dagrun for example_short_circuit_operator to 2020-12-17 00:00:00+00:00
[2020-12-20 05:19:43,939] {scheduler_job.py:189} INFO - Processing /Users/harshittyagi/lil/de_env/lib/python3.8/site-packages/airflow/example_dags/example_short_circuit_operator.py took 0.041 seconds
[2020-12-20 05:20:41,135] {scheduler_job.py:181} INFO - Started process (PID=66750) to work on /Users/harshittyagi/lil/de_env/lib/python3.8/site-packages/airflow/example_dags/example_short_circuit_operator.py
[2020-12-20 05:20:41,136] {scheduler_job.py:629} INFO - Processing file /Users/harshittyagi/lil/de_env/lib/python3.8/site-packages/airflow/example_dags/example_short_circuit_operator.py for tasks to queue
[2020-12-20 05:20:41,136] {logging_mixin.py:103} INFO - [2020-12-20 05:20:41,136] {dagbag.py:440} INFO - Filling up the DagBag from /Users/harshittyagi/lil/de_env/lib/python3.8/site-packages/airflow/example_dags/example_short_circuit_operator.py
[2020-12-20 05:20:41,142] {scheduler_job.py:639} INFO - DAG(s) dict_keys(['example_short_circuit_operator']) retrieved from /Users/harshittyagi/lil/de_env/lib/python3.8/site-packages/airflow/example_dags/example_short_circuit_operator.py
[2020-12-20 05:20:41,142] {logging_mixin.py:103} INFO - [2020-12-20 05:20:41,142] {dag.py:1813} INFO - Sync 1 DAGs
[2020-12-20 05:20:41,167] {logging_mixin.py:103} INFO - [2020-12-20 05:20:41,167] {dag.py:2266} INFO - Setting next_dagrun for example_short_circuit_operator to 2020-12-17 00:00:00+00:00
[2020-12-20 05:20:41,174] {scheduler_job.py:189} INFO - Processing /Users/harshittyagi/lil/de_env/lib/python3.8/site-packages/airflow/example_dags/example_short_circuit_operator.py took 0.040 seconds
[2020-12-20 05:21:36,703] {scheduler_job.py:181} INFO - Started process (PID=67034) to work on /Users/harshittyagi/lil/de_env/lib/python3.8/site-packages/airflow/example_dags/example_short_circuit_operator.py
[2020-12-20 05:21:36,703] {scheduler_job.py:629} INFO - Processing file /Users/harshittyagi/lil/de_env/lib/python3.8/site-packages/airflow/example_dags/example_short_circuit_operator.py for tasks to queue
[2020-12-20 05:21:36,704] {logging_mixin.py:103} INFO - [2020-12-20 05:21:36,704] {dagbag.py:440} INFO - Filling up the DagBag from /Users/harshittyagi/lil/de_env/lib/python3.8/site-packages/airflow/example_dags/example_short_circuit_operator.py
[2020-12-20 05:21:36,710] {scheduler_job.py:639} INFO - DAG(s) dict_keys(['example_short_circuit_operator']) retrieved from /Users/harshittyagi/lil/de_env/lib/python3.8/site-packages/airflow/example_dags/example_short_circuit_operator.py
[2020-12-20 05:21:36,710] {logging_mixin.py:103} INFO - [2020-12-20 05:21:36,710] {dag.py:1813} INFO - Sync 1 DAGs
[2020-12-20 05:21:36,739] {logging_mixin.py:103} INFO - [2020-12-20 05:21:36,739] {dag.py:2266} INFO - Setting next_dagrun for example_short_circuit_operator to 2020-12-17 00:00:00+00:00
[2020-12-20 05:21:36,748] {scheduler_job.py:189} INFO - Processing /Users/harshittyagi/lil/de_env/lib/python3.8/site-packages/airflow/example_dags/example_short_circuit_operator.py took 0.046 seconds
[2020-12-20 05:22:31,796] {scheduler_job.py:181} INFO - Started process (PID=67319) to work on /Users/harshittyagi/lil/de_env/lib/python3.8/site-packages/airflow/example_dags/example_short_circuit_operator.py
[2020-12-20 05:22:31,797] {scheduler_job.py:629} INFO - Processing file /Users/harshittyagi/lil/de_env/lib/python3.8/site-packages/airflow/example_dags/example_short_circuit_operator.py for tasks to queue
[2020-12-20 05:22:31,797] {logging_mixin.py:103} INFO - [2020-12-20 05:22:31,797] {dagbag.py:440} INFO - Filling up the DagBag from /Users/harshittyagi/lil/de_env/lib/python3.8/site-packages/airflow/example_dags/example_short_circuit_operator.py
[2020-12-20 05:22:31,803] {scheduler_job.py:639} INFO - DAG(s) dict_keys(['example_short_circuit_operator']) retrieved from /Users/harshittyagi/lil/de_env/lib/python3.8/site-packages/airflow/example_dags/example_short_circuit_operator.py
[2020-12-20 05:22:31,803] {logging_mixin.py:103} INFO - [2020-12-20 05:22:31,803] {dag.py:1813} INFO - Sync 1 DAGs
[2020-12-20 05:22:31,832] {logging_mixin.py:103} INFO - [2020-12-20 05:22:31,832] {dag.py:2266} INFO - Setting next_dagrun for example_short_circuit_operator to 2020-12-17 00:00:00+00:00
[2020-12-20 05:22:31,841] {scheduler_job.py:189} INFO - Processing /Users/harshittyagi/lil/de_env/lib/python3.8/site-packages/airflow/example_dags/example_short_circuit_operator.py took 0.045 seconds
[2020-12-20 05:23:26,970] {scheduler_job.py:181} INFO - Started process (PID=67606) to work on /Users/harshittyagi/lil/de_env/lib/python3.8/site-packages/airflow/example_dags/example_short_circuit_operator.py
[2020-12-20 05:23:26,970] {scheduler_job.py:629} INFO - Processing file /Users/harshittyagi/lil/de_env/lib/python3.8/site-packages/airflow/example_dags/example_short_circuit_operator.py for tasks to queue
[2020-12-20 05:23:26,971] {logging_mixin.py:103} INFO - [2020-12-20 05:23:26,971] {dagbag.py:440} INFO - Filling up the DagBag from /Users/harshittyagi/lil/de_env/lib/python3.8/site-packages/airflow/example_dags/example_short_circuit_operator.py
[2020-12-20 05:23:26,977] {scheduler_job.py:639} INFO - DAG(s) dict_keys(['example_short_circuit_operator']) retrieved from /Users/harshittyagi/lil/de_env/lib/python3.8/site-packages/airflow/example_dags/example_short_circuit_operator.py
[2020-12-20 05:23:26,977] {logging_mixin.py:103} INFO - [2020-12-20 05:23:26,977] {dag.py:1813} INFO - Sync 1 DAGs
[2020-12-20 05:23:27,006] {logging_mixin.py:103} INFO - [2020-12-20 05:23:27,006] {dag.py:2266} INFO - Setting next_dagrun for example_short_circuit_operator to 2020-12-17 00:00:00+00:00
[2020-12-20 05:23:27,015] {scheduler_job.py:189} INFO - Processing /Users/harshittyagi/lil/de_env/lib/python3.8/site-packages/airflow/example_dags/example_short_circuit_operator.py took 0.045 seconds
[2020-12-20 05:24:21,956] {scheduler_job.py:181} INFO - Started process (PID=67897) to work on /Users/harshittyagi/lil/de_env/lib/python3.8/site-packages/airflow/example_dags/example_short_circuit_operator.py
[2020-12-20 05:24:21,957] {scheduler_job.py:629} INFO - Processing file /Users/harshittyagi/lil/de_env/lib/python3.8/site-packages/airflow/example_dags/example_short_circuit_operator.py for tasks to queue
[2020-12-20 05:24:21,957] {logging_mixin.py:103} INFO - [2020-12-20 05:24:21,957] {dagbag.py:440} INFO - Filling up the DagBag from /Users/harshittyagi/lil/de_env/lib/python3.8/site-packages/airflow/example_dags/example_short_circuit_operator.py
[2020-12-20 05:24:21,963] {scheduler_job.py:639} INFO - DAG(s) dict_keys(['example_short_circuit_operator']) retrieved from /Users/harshittyagi/lil/de_env/lib/python3.8/site-packages/airflow/example_dags/example_short_circuit_operator.py
[2020-12-20 05:24:21,963] {logging_mixin.py:103} INFO - [2020-12-20 05:24:21,963] {dag.py:1813} INFO - Sync 1 DAGs
[2020-12-20 05:24:21,991] {logging_mixin.py:103} INFO - [2020-12-20 05:24:21,991] {dag.py:2266} INFO - Setting next_dagrun for example_short_circuit_operator to 2020-12-17 00:00:00+00:00
[2020-12-20 05:24:22,000] {scheduler_job.py:189} INFO - Processing /Users/harshittyagi/lil/de_env/lib/python3.8/site-packages/airflow/example_dags/example_short_circuit_operator.py took 0.044 seconds
[2020-12-20 05:25:17,146] {scheduler_job.py:181} INFO - Started process (PID=68185) to work on /Users/harshittyagi/lil/de_env/lib/python3.8/site-packages/airflow/example_dags/example_short_circuit_operator.py
[2020-12-20 05:25:17,147] {scheduler_job.py:629} INFO - Processing file /Users/harshittyagi/lil/de_env/lib/python3.8/site-packages/airflow/example_dags/example_short_circuit_operator.py for tasks to queue
[2020-12-20 05:25:17,147] {logging_mixin.py:103} INFO - [2020-12-20 05:25:17,147] {dagbag.py:440} INFO - Filling up the DagBag from /Users/harshittyagi/lil/de_env/lib/python3.8/site-packages/airflow/example_dags/example_short_circuit_operator.py
[2020-12-20 05:25:17,153] {scheduler_job.py:639} INFO - DAG(s) dict_keys(['example_short_circuit_operator']) retrieved from /Users/harshittyagi/lil/de_env/lib/python3.8/site-packages/airflow/example_dags/example_short_circuit_operator.py
[2020-12-20 05:25:17,153] {logging_mixin.py:103} INFO - [2020-12-20 05:25:17,153] {dag.py:1813} INFO - Sync 1 DAGs
[2020-12-20 05:25:17,182] {logging_mixin.py:103} INFO - [2020-12-20 05:25:17,182] {dag.py:2266} INFO - Setting next_dagrun for example_short_circuit_operator to 2020-12-17 00:00:00+00:00
[2020-12-20 05:25:17,190] {scheduler_job.py:189} INFO - Processing /Users/harshittyagi/lil/de_env/lib/python3.8/site-packages/airflow/example_dags/example_short_circuit_operator.py took 0.044 seconds
[2020-12-20 05:26:12,532] {scheduler_job.py:181} INFO - Started process (PID=68467) to work on /Users/harshittyagi/lil/de_env/lib/python3.8/site-packages/airflow/example_dags/example_short_circuit_operator.py
[2020-12-20 05:26:12,532] {scheduler_job.py:629} INFO - Processing file /Users/harshittyagi/lil/de_env/lib/python3.8/site-packages/airflow/example_dags/example_short_circuit_operator.py for tasks to queue
[2020-12-20 05:26:12,533] {logging_mixin.py:103} INFO - [2020-12-20 05:26:12,532] {dagbag.py:440} INFO - Filling up the DagBag from /Users/harshittyagi/lil/de_env/lib/python3.8/site-packages/airflow/example_dags/example_short_circuit_operator.py
[2020-12-20 05:26:12,538] {scheduler_job.py:639} INFO - DAG(s) dict_keys(['example_short_circuit_operator']) retrieved from /Users/harshittyagi/lil/de_env/lib/python3.8/site-packages/airflow/example_dags/example_short_circuit_operator.py
[2020-12-20 05:26:12,538] {logging_mixin.py:103} INFO - [2020-12-20 05:26:12,538] {dag.py:1813} INFO - Sync 1 DAGs
[2020-12-20 05:26:12,566] {logging_mixin.py:103} INFO - [2020-12-20 05:26:12,566] {dag.py:2266} INFO - Setting next_dagrun for example_short_circuit_operator to 2020-12-17 00:00:00+00:00
[2020-12-20 05:26:12,574] {scheduler_job.py:189} INFO - Processing /Users/harshittyagi/lil/de_env/lib/python3.8/site-packages/airflow/example_dags/example_short_circuit_operator.py took 0.042 seconds
[2020-12-20 05:27:07,294] {scheduler_job.py:181} INFO - Started process (PID=68751) to work on /Users/harshittyagi/lil/de_env/lib/python3.8/site-packages/airflow/example_dags/example_short_circuit_operator.py
[2020-12-20 05:27:07,294] {scheduler_job.py:629} INFO - Processing file /Users/harshittyagi/lil/de_env/lib/python3.8/site-packages/airflow/example_dags/example_short_circuit_operator.py for tasks to queue
[2020-12-20 05:27:07,294] {logging_mixin.py:103} INFO - [2020-12-20 05:27:07,294] {dagbag.py:440} INFO - Filling up the DagBag from /Users/harshittyagi/lil/de_env/lib/python3.8/site-packages/airflow/example_dags/example_short_circuit_operator.py
[2020-12-20 05:27:07,300] {scheduler_job.py:639} INFO - DAG(s) dict_keys(['example_short_circuit_operator']) retrieved from /Users/harshittyagi/lil/de_env/lib/python3.8/site-packages/airflow/example_dags/example_short_circuit_operator.py
[2020-12-20 05:27:07,301] {logging_mixin.py:103} INFO - [2020-12-20 05:27:07,301] {dag.py:1813} INFO - Sync 1 DAGs
[2020-12-20 05:27:07,330] {logging_mixin.py:103} INFO - [2020-12-20 05:27:07,330] {dag.py:2266} INFO - Setting next_dagrun for example_short_circuit_operator to 2020-12-17 00:00:00+00:00
[2020-12-20 05:27:07,339] {scheduler_job.py:189} INFO - Processing /Users/harshittyagi/lil/de_env/lib/python3.8/site-packages/airflow/example_dags/example_short_circuit_operator.py took 0.046 seconds
[2020-12-20 05:28:04,786] {scheduler_job.py:181} INFO - Started process (PID=69040) to work on /Users/harshittyagi/lil/de_env/lib/python3.8/site-packages/airflow/example_dags/example_short_circuit_operator.py
[2020-12-20 05:28:04,787] {scheduler_job.py:629} INFO - Processing file /Users/harshittyagi/lil/de_env/lib/python3.8/site-packages/airflow/example_dags/example_short_circuit_operator.py for tasks to queue
[2020-12-20 05:28:04,787] {logging_mixin.py:103} INFO - [2020-12-20 05:28:04,787] {dagbag.py:440} INFO - Filling up the DagBag from /Users/harshittyagi/lil/de_env/lib/python3.8/site-packages/airflow/example_dags/example_short_circuit_operator.py
[2020-12-20 05:28:04,793] {scheduler_job.py:639} INFO - DAG(s) dict_keys(['example_short_circuit_operator']) retrieved from /Users/harshittyagi/lil/de_env/lib/python3.8/site-packages/airflow/example_dags/example_short_circuit_operator.py
[2020-12-20 05:28:04,793] {logging_mixin.py:103} INFO - [2020-12-20 05:28:04,793] {dag.py:1813} INFO - Sync 1 DAGs
[2020-12-20 05:28:04,820] {logging_mixin.py:103} INFO - [2020-12-20 05:28:04,820] {dag.py:2266} INFO - Setting next_dagrun for example_short_circuit_operator to 2020-12-17 00:00:00+00:00
[2020-12-20 05:28:04,827] {scheduler_job.py:189} INFO - Processing /Users/harshittyagi/lil/de_env/lib/python3.8/site-packages/airflow/example_dags/example_short_circuit_operator.py took 0.042 seconds
[2020-12-20 05:28:59,028] {scheduler_job.py:181} INFO - Started process (PID=69327) to work on /Users/harshittyagi/lil/de_env/lib/python3.8/site-packages/airflow/example_dags/example_short_circuit_operator.py
[2020-12-20 05:28:59,028] {scheduler_job.py:629} INFO - Processing file /Users/harshittyagi/lil/de_env/lib/python3.8/site-packages/airflow/example_dags/example_short_circuit_operator.py for tasks to queue
[2020-12-20 05:28:59,028] {logging_mixin.py:103} INFO - [2020-12-20 05:28:59,028] {dagbag.py:440} INFO - Filling up the DagBag from /Users/harshittyagi/lil/de_env/lib/python3.8/site-packages/airflow/example_dags/example_short_circuit_operator.py
[2020-12-20 05:28:59,033] {scheduler_job.py:639} INFO - DAG(s) dict_keys(['example_short_circuit_operator']) retrieved from /Users/harshittyagi/lil/de_env/lib/python3.8/site-packages/airflow/example_dags/example_short_circuit_operator.py
[2020-12-20 05:28:59,034] {logging_mixin.py:103} INFO - [2020-12-20 05:28:59,034] {dag.py:1813} INFO - Sync 1 DAGs
[2020-12-20 05:28:59,059] {logging_mixin.py:103} INFO - [2020-12-20 05:28:59,059] {dag.py:2266} INFO - Setting next_dagrun for example_short_circuit_operator to 2020-12-17 00:00:00+00:00
[2020-12-20 05:28:59,066] {scheduler_job.py:189} INFO - Processing /Users/harshittyagi/lil/de_env/lib/python3.8/site-packages/airflow/example_dags/example_short_circuit_operator.py took 0.039 seconds
[2020-12-20 05:29:53,175] {scheduler_job.py:181} INFO - Started process (PID=69609) to work on /Users/harshittyagi/lil/de_env/lib/python3.8/site-packages/airflow/example_dags/example_short_circuit_operator.py
[2020-12-20 05:29:53,175] {scheduler_job.py:629} INFO - Processing file /Users/harshittyagi/lil/de_env/lib/python3.8/site-packages/airflow/example_dags/example_short_circuit_operator.py for tasks to queue
[2020-12-20 05:29:53,176] {logging_mixin.py:103} INFO - [2020-12-20 05:29:53,175] {dagbag.py:440} INFO - Filling up the DagBag from /Users/harshittyagi/lil/de_env/lib/python3.8/site-packages/airflow/example_dags/example_short_circuit_operator.py
[2020-12-20 05:29:53,180] {scheduler_job.py:639} INFO - DAG(s) dict_keys(['example_short_circuit_operator']) retrieved from /Users/harshittyagi/lil/de_env/lib/python3.8/site-packages/airflow/example_dags/example_short_circuit_operator.py
[2020-12-20 05:29:53,181] {logging_mixin.py:103} INFO - [2020-12-20 05:29:53,181] {dag.py:1813} INFO - Sync 1 DAGs
[2020-12-20 05:29:53,208] {logging_mixin.py:103} INFO - [2020-12-20 05:29:53,208] {dag.py:2266} INFO - Setting next_dagrun for example_short_circuit_operator to 2020-12-17 00:00:00+00:00
[2020-12-20 05:29:53,216] {scheduler_job.py:189} INFO - Processing /Users/harshittyagi/lil/de_env/lib/python3.8/site-packages/airflow/example_dags/example_short_circuit_operator.py took 0.042 seconds
