[2020-12-20 04:41:51,362] {scheduler_job.py:181} INFO - Started process (PID=54460) to work on /Users/harshittyagi/lil/de_env/lib/python3.8/site-packages/airflow/example_dags/example_nested_branch_dag.py
[2020-12-20 04:41:51,362] {scheduler_job.py:629} INFO - Processing file /Users/harshittyagi/lil/de_env/lib/python3.8/site-packages/airflow/example_dags/example_nested_branch_dag.py for tasks to queue
[2020-12-20 04:41:51,362] {logging_mixin.py:103} INFO - [2020-12-20 04:41:51,362] {dagbag.py:440} INFO - Filling up the DagBag from /Users/harshittyagi/lil/de_env/lib/python3.8/site-packages/airflow/example_dags/example_nested_branch_dag.py
[2020-12-20 04:41:51,368] {scheduler_job.py:639} INFO - DAG(s) dict_keys(['example_nested_branch_dag']) retrieved from /Users/harshittyagi/lil/de_env/lib/python3.8/site-packages/airflow/example_dags/example_nested_branch_dag.py
[2020-12-20 04:41:51,369] {logging_mixin.py:103} INFO - [2020-12-20 04:41:51,369] {dag.py:1813} INFO - Sync 1 DAGs
[2020-12-20 04:41:51,403] {logging_mixin.py:103} INFO - [2020-12-20 04:41:51,403] {dag.py:2266} INFO - Setting next_dagrun for example_nested_branch_dag to 2020-12-17 00:00:00+00:00
[2020-12-20 04:41:51,416] {scheduler_job.py:189} INFO - Processing /Users/harshittyagi/lil/de_env/lib/python3.8/site-packages/airflow/example_dags/example_nested_branch_dag.py took 0.054 seconds
[2020-12-20 04:42:47,750] {scheduler_job.py:181} INFO - Started process (PID=54762) to work on /Users/harshittyagi/lil/de_env/lib/python3.8/site-packages/airflow/example_dags/example_nested_branch_dag.py
[2020-12-20 04:42:47,751] {scheduler_job.py:629} INFO - Processing file /Users/harshittyagi/lil/de_env/lib/python3.8/site-packages/airflow/example_dags/example_nested_branch_dag.py for tasks to queue
[2020-12-20 04:42:47,752] {logging_mixin.py:103} INFO - [2020-12-20 04:42:47,751] {dagbag.py:440} INFO - Filling up the DagBag from /Users/harshittyagi/lil/de_env/lib/python3.8/site-packages/airflow/example_dags/example_nested_branch_dag.py
[2020-12-20 04:42:47,759] {scheduler_job.py:639} INFO - DAG(s) dict_keys(['example_nested_branch_dag']) retrieved from /Users/harshittyagi/lil/de_env/lib/python3.8/site-packages/airflow/example_dags/example_nested_branch_dag.py
[2020-12-20 04:42:47,759] {logging_mixin.py:103} INFO - [2020-12-20 04:42:47,759] {dag.py:1813} INFO - Sync 1 DAGs
[2020-12-20 04:42:47,795] {logging_mixin.py:103} INFO - [2020-12-20 04:42:47,795] {dag.py:2266} INFO - Setting next_dagrun for example_nested_branch_dag to 2020-12-17 00:00:00+00:00
[2020-12-20 04:42:47,805] {scheduler_job.py:189} INFO - Processing /Users/harshittyagi/lil/de_env/lib/python3.8/site-packages/airflow/example_dags/example_nested_branch_dag.py took 0.056 seconds
[2020-12-20 04:43:45,300] {scheduler_job.py:181} INFO - Started process (PID=55058) to work on /Users/harshittyagi/lil/de_env/lib/python3.8/site-packages/airflow/example_dags/example_nested_branch_dag.py
[2020-12-20 04:43:45,301] {scheduler_job.py:629} INFO - Processing file /Users/harshittyagi/lil/de_env/lib/python3.8/site-packages/airflow/example_dags/example_nested_branch_dag.py for tasks to queue
[2020-12-20 04:43:45,302] {logging_mixin.py:103} INFO - [2020-12-20 04:43:45,301] {dagbag.py:440} INFO - Filling up the DagBag from /Users/harshittyagi/lil/de_env/lib/python3.8/site-packages/airflow/example_dags/example_nested_branch_dag.py
[2020-12-20 04:43:45,313] {scheduler_job.py:639} INFO - DAG(s) dict_keys(['example_nested_branch_dag']) retrieved from /Users/harshittyagi/lil/de_env/lib/python3.8/site-packages/airflow/example_dags/example_nested_branch_dag.py
[2020-12-20 04:43:45,313] {logging_mixin.py:103} INFO - [2020-12-20 04:43:45,313] {dag.py:1813} INFO - Sync 1 DAGs
[2020-12-20 04:43:45,380] {logging_mixin.py:103} INFO - [2020-12-20 04:43:45,380] {dag.py:2266} INFO - Setting next_dagrun for example_nested_branch_dag to 2020-12-17 00:00:00+00:00
[2020-12-20 04:43:45,410] {scheduler_job.py:189} INFO - Processing /Users/harshittyagi/lil/de_env/lib/python3.8/site-packages/airflow/example_dags/example_nested_branch_dag.py took 0.111 seconds
[2020-12-20 04:44:57,328] {scheduler_job.py:181} INFO - Started process (PID=55347) to work on /Users/harshittyagi/lil/de_env/lib/python3.8/site-packages/airflow/example_dags/example_nested_branch_dag.py
[2020-12-20 04:44:57,328] {scheduler_job.py:629} INFO - Processing file /Users/harshittyagi/lil/de_env/lib/python3.8/site-packages/airflow/example_dags/example_nested_branch_dag.py for tasks to queue
[2020-12-20 04:44:57,329] {logging_mixin.py:103} INFO - [2020-12-20 04:44:57,329] {dagbag.py:440} INFO - Filling up the DagBag from /Users/harshittyagi/lil/de_env/lib/python3.8/site-packages/airflow/example_dags/example_nested_branch_dag.py
[2020-12-20 04:44:57,336] {scheduler_job.py:639} INFO - DAG(s) dict_keys(['example_nested_branch_dag']) retrieved from /Users/harshittyagi/lil/de_env/lib/python3.8/site-packages/airflow/example_dags/example_nested_branch_dag.py
[2020-12-20 04:44:57,337] {logging_mixin.py:103} INFO - [2020-12-20 04:44:57,337] {dag.py:1813} INFO - Sync 1 DAGs
[2020-12-20 04:44:57,372] {logging_mixin.py:103} INFO - [2020-12-20 04:44:57,372] {dag.py:2266} INFO - Setting next_dagrun for example_nested_branch_dag to 2020-12-17 00:00:00+00:00
[2020-12-20 04:44:57,385] {scheduler_job.py:189} INFO - Processing /Users/harshittyagi/lil/de_env/lib/python3.8/site-packages/airflow/example_dags/example_nested_branch_dag.py took 0.057 seconds
[2020-12-20 04:45:49,268] {scheduler_job.py:181} INFO - Started process (PID=55638) to work on /Users/harshittyagi/lil/de_env/lib/python3.8/site-packages/airflow/example_dags/example_nested_branch_dag.py
[2020-12-20 04:45:49,268] {scheduler_job.py:629} INFO - Processing file /Users/harshittyagi/lil/de_env/lib/python3.8/site-packages/airflow/example_dags/example_nested_branch_dag.py for tasks to queue
[2020-12-20 04:45:49,268] {logging_mixin.py:103} INFO - [2020-12-20 04:45:49,268] {dagbag.py:440} INFO - Filling up the DagBag from /Users/harshittyagi/lil/de_env/lib/python3.8/site-packages/airflow/example_dags/example_nested_branch_dag.py
[2020-12-20 04:45:49,275] {scheduler_job.py:639} INFO - DAG(s) dict_keys(['example_nested_branch_dag']) retrieved from /Users/harshittyagi/lil/de_env/lib/python3.8/site-packages/airflow/example_dags/example_nested_branch_dag.py
[2020-12-20 04:45:49,276] {logging_mixin.py:103} INFO - [2020-12-20 04:45:49,276] {dag.py:1813} INFO - Sync 1 DAGs
[2020-12-20 04:45:49,310] {logging_mixin.py:103} INFO - [2020-12-20 04:45:49,309] {dag.py:2266} INFO - Setting next_dagrun for example_nested_branch_dag to 2020-12-17 00:00:00+00:00
[2020-12-20 04:45:49,322] {scheduler_job.py:189} INFO - Processing /Users/harshittyagi/lil/de_env/lib/python3.8/site-packages/airflow/example_dags/example_nested_branch_dag.py took 0.055 seconds
[2020-12-20 04:46:43,538] {scheduler_job.py:181} INFO - Started process (PID=55919) to work on /Users/harshittyagi/lil/de_env/lib/python3.8/site-packages/airflow/example_dags/example_nested_branch_dag.py
[2020-12-20 04:46:43,538] {scheduler_job.py:629} INFO - Processing file /Users/harshittyagi/lil/de_env/lib/python3.8/site-packages/airflow/example_dags/example_nested_branch_dag.py for tasks to queue
[2020-12-20 04:46:43,538] {logging_mixin.py:103} INFO - [2020-12-20 04:46:43,538] {dagbag.py:440} INFO - Filling up the DagBag from /Users/harshittyagi/lil/de_env/lib/python3.8/site-packages/airflow/example_dags/example_nested_branch_dag.py
[2020-12-20 04:46:43,544] {scheduler_job.py:639} INFO - DAG(s) dict_keys(['example_nested_branch_dag']) retrieved from /Users/harshittyagi/lil/de_env/lib/python3.8/site-packages/airflow/example_dags/example_nested_branch_dag.py
[2020-12-20 04:46:43,544] {logging_mixin.py:103} INFO - [2020-12-20 04:46:43,544] {dag.py:1813} INFO - Sync 1 DAGs
[2020-12-20 04:46:43,573] {logging_mixin.py:103} INFO - [2020-12-20 04:46:43,573] {dag.py:2266} INFO - Setting next_dagrun for example_nested_branch_dag to 2020-12-17 00:00:00+00:00
[2020-12-20 04:46:43,583] {scheduler_job.py:189} INFO - Processing /Users/harshittyagi/lil/de_env/lib/python3.8/site-packages/airflow/example_dags/example_nested_branch_dag.py took 0.046 seconds
[2020-12-20 04:47:37,015] {scheduler_job.py:181} INFO - Started process (PID=56204) to work on /Users/harshittyagi/lil/de_env/lib/python3.8/site-packages/airflow/example_dags/example_nested_branch_dag.py
[2020-12-20 04:47:37,015] {scheduler_job.py:629} INFO - Processing file /Users/harshittyagi/lil/de_env/lib/python3.8/site-packages/airflow/example_dags/example_nested_branch_dag.py for tasks to queue
[2020-12-20 04:47:37,016] {logging_mixin.py:103} INFO - [2020-12-20 04:47:37,016] {dagbag.py:440} INFO - Filling up the DagBag from /Users/harshittyagi/lil/de_env/lib/python3.8/site-packages/airflow/example_dags/example_nested_branch_dag.py
[2020-12-20 04:47:37,022] {scheduler_job.py:639} INFO - DAG(s) dict_keys(['example_nested_branch_dag']) retrieved from /Users/harshittyagi/lil/de_env/lib/python3.8/site-packages/airflow/example_dags/example_nested_branch_dag.py
[2020-12-20 04:47:37,022] {logging_mixin.py:103} INFO - [2020-12-20 04:47:37,022] {dag.py:1813} INFO - Sync 1 DAGs
[2020-12-20 04:47:37,051] {logging_mixin.py:103} INFO - [2020-12-20 04:47:37,051] {dag.py:2266} INFO - Setting next_dagrun for example_nested_branch_dag to 2020-12-17 00:00:00+00:00
[2020-12-20 04:47:37,062] {scheduler_job.py:189} INFO - Processing /Users/harshittyagi/lil/de_env/lib/python3.8/site-packages/airflow/example_dags/example_nested_branch_dag.py took 0.047 seconds
[2020-12-20 04:48:30,657] {scheduler_job.py:181} INFO - Started process (PID=56492) to work on /Users/harshittyagi/lil/de_env/lib/python3.8/site-packages/airflow/example_dags/example_nested_branch_dag.py
[2020-12-20 04:48:30,657] {scheduler_job.py:629} INFO - Processing file /Users/harshittyagi/lil/de_env/lib/python3.8/site-packages/airflow/example_dags/example_nested_branch_dag.py for tasks to queue
[2020-12-20 04:48:30,658] {logging_mixin.py:103} INFO - [2020-12-20 04:48:30,657] {dagbag.py:440} INFO - Filling up the DagBag from /Users/harshittyagi/lil/de_env/lib/python3.8/site-packages/airflow/example_dags/example_nested_branch_dag.py
[2020-12-20 04:48:30,664] {scheduler_job.py:639} INFO - DAG(s) dict_keys(['example_nested_branch_dag']) retrieved from /Users/harshittyagi/lil/de_env/lib/python3.8/site-packages/airflow/example_dags/example_nested_branch_dag.py
[2020-12-20 04:48:30,664] {logging_mixin.py:103} INFO - [2020-12-20 04:48:30,664] {dag.py:1813} INFO - Sync 1 DAGs
[2020-12-20 04:48:30,699] {logging_mixin.py:103} INFO - [2020-12-20 04:48:30,699] {dag.py:2266} INFO - Setting next_dagrun for example_nested_branch_dag to 2020-12-17 00:00:00+00:00
[2020-12-20 04:48:30,712] {scheduler_job.py:189} INFO - Processing /Users/harshittyagi/lil/de_env/lib/python3.8/site-packages/airflow/example_dags/example_nested_branch_dag.py took 0.056 seconds
[2020-12-20 04:49:24,126] {scheduler_job.py:181} INFO - Started process (PID=56776) to work on /Users/harshittyagi/lil/de_env/lib/python3.8/site-packages/airflow/example_dags/example_nested_branch_dag.py
[2020-12-20 04:49:24,126] {scheduler_job.py:629} INFO - Processing file /Users/harshittyagi/lil/de_env/lib/python3.8/site-packages/airflow/example_dags/example_nested_branch_dag.py for tasks to queue
[2020-12-20 04:49:24,127] {logging_mixin.py:103} INFO - [2020-12-20 04:49:24,127] {dagbag.py:440} INFO - Filling up the DagBag from /Users/harshittyagi/lil/de_env/lib/python3.8/site-packages/airflow/example_dags/example_nested_branch_dag.py
[2020-12-20 04:49:24,132] {scheduler_job.py:639} INFO - DAG(s) dict_keys(['example_nested_branch_dag']) retrieved from /Users/harshittyagi/lil/de_env/lib/python3.8/site-packages/airflow/example_dags/example_nested_branch_dag.py
[2020-12-20 04:49:24,133] {logging_mixin.py:103} INFO - [2020-12-20 04:49:24,133] {dag.py:1813} INFO - Sync 1 DAGs
[2020-12-20 04:49:24,162] {logging_mixin.py:103} INFO - [2020-12-20 04:49:24,161] {dag.py:2266} INFO - Setting next_dagrun for example_nested_branch_dag to 2020-12-17 00:00:00+00:00
[2020-12-20 04:49:24,172] {scheduler_job.py:189} INFO - Processing /Users/harshittyagi/lil/de_env/lib/python3.8/site-packages/airflow/example_dags/example_nested_branch_dag.py took 0.046 seconds
[2020-12-20 04:50:17,910] {scheduler_job.py:181} INFO - Started process (PID=57062) to work on /Users/harshittyagi/lil/de_env/lib/python3.8/site-packages/airflow/example_dags/example_nested_branch_dag.py
[2020-12-20 04:50:17,910] {scheduler_job.py:629} INFO - Processing file /Users/harshittyagi/lil/de_env/lib/python3.8/site-packages/airflow/example_dags/example_nested_branch_dag.py for tasks to queue
[2020-12-20 04:50:17,910] {logging_mixin.py:103} INFO - [2020-12-20 04:50:17,910] {dagbag.py:440} INFO - Filling up the DagBag from /Users/harshittyagi/lil/de_env/lib/python3.8/site-packages/airflow/example_dags/example_nested_branch_dag.py
[2020-12-20 04:50:17,916] {scheduler_job.py:639} INFO - DAG(s) dict_keys(['example_nested_branch_dag']) retrieved from /Users/harshittyagi/lil/de_env/lib/python3.8/site-packages/airflow/example_dags/example_nested_branch_dag.py
[2020-12-20 04:50:17,917] {logging_mixin.py:103} INFO - [2020-12-20 04:50:17,917] {dag.py:1813} INFO - Sync 1 DAGs
[2020-12-20 04:50:17,946] {logging_mixin.py:103} INFO - [2020-12-20 04:50:17,946] {dag.py:2266} INFO - Setting next_dagrun for example_nested_branch_dag to 2020-12-17 00:00:00+00:00
[2020-12-20 04:50:17,958] {scheduler_job.py:189} INFO - Processing /Users/harshittyagi/lil/de_env/lib/python3.8/site-packages/airflow/example_dags/example_nested_branch_dag.py took 0.049 seconds
[2020-12-20 04:51:11,641] {scheduler_job.py:181} INFO - Started process (PID=57344) to work on /Users/harshittyagi/lil/de_env/lib/python3.8/site-packages/airflow/example_dags/example_nested_branch_dag.py
[2020-12-20 04:51:11,641] {scheduler_job.py:629} INFO - Processing file /Users/harshittyagi/lil/de_env/lib/python3.8/site-packages/airflow/example_dags/example_nested_branch_dag.py for tasks to queue
[2020-12-20 04:51:11,642] {logging_mixin.py:103} INFO - [2020-12-20 04:51:11,641] {dagbag.py:440} INFO - Filling up the DagBag from /Users/harshittyagi/lil/de_env/lib/python3.8/site-packages/airflow/example_dags/example_nested_branch_dag.py
[2020-12-20 04:51:11,647] {scheduler_job.py:639} INFO - DAG(s) dict_keys(['example_nested_branch_dag']) retrieved from /Users/harshittyagi/lil/de_env/lib/python3.8/site-packages/airflow/example_dags/example_nested_branch_dag.py
[2020-12-20 04:51:11,648] {logging_mixin.py:103} INFO - [2020-12-20 04:51:11,647] {dag.py:1813} INFO - Sync 1 DAGs
[2020-12-20 04:51:11,678] {logging_mixin.py:103} INFO - [2020-12-20 04:51:11,678] {dag.py:2266} INFO - Setting next_dagrun for example_nested_branch_dag to 2020-12-17 00:00:00+00:00
[2020-12-20 04:51:11,691] {scheduler_job.py:189} INFO - Processing /Users/harshittyagi/lil/de_env/lib/python3.8/site-packages/airflow/example_dags/example_nested_branch_dag.py took 0.050 seconds
[2020-12-20 04:52:03,087] {scheduler_job.py:181} INFO - Started process (PID=57628) to work on /Users/harshittyagi/lil/de_env/lib/python3.8/site-packages/airflow/example_dags/example_nested_branch_dag.py
[2020-12-20 04:52:03,088] {scheduler_job.py:629} INFO - Processing file /Users/harshittyagi/lil/de_env/lib/python3.8/site-packages/airflow/example_dags/example_nested_branch_dag.py for tasks to queue
[2020-12-20 04:52:03,088] {logging_mixin.py:103} INFO - [2020-12-20 04:52:03,088] {dagbag.py:440} INFO - Filling up the DagBag from /Users/harshittyagi/lil/de_env/lib/python3.8/site-packages/airflow/example_dags/example_nested_branch_dag.py
[2020-12-20 04:52:03,094] {scheduler_job.py:639} INFO - DAG(s) dict_keys(['example_nested_branch_dag']) retrieved from /Users/harshittyagi/lil/de_env/lib/python3.8/site-packages/airflow/example_dags/example_nested_branch_dag.py
[2020-12-20 04:52:03,094] {logging_mixin.py:103} INFO - [2020-12-20 04:52:03,094] {dag.py:1813} INFO - Sync 1 DAGs
[2020-12-20 04:52:03,124] {logging_mixin.py:103} INFO - [2020-12-20 04:52:03,124] {dag.py:2266} INFO - Setting next_dagrun for example_nested_branch_dag to 2020-12-17 00:00:00+00:00
[2020-12-20 04:52:03,136] {scheduler_job.py:189} INFO - Processing /Users/harshittyagi/lil/de_env/lib/python3.8/site-packages/airflow/example_dags/example_nested_branch_dag.py took 0.049 seconds
[2020-12-20 04:52:55,857] {scheduler_job.py:181} INFO - Started process (PID=57918) to work on /Users/harshittyagi/lil/de_env/lib/python3.8/site-packages/airflow/example_dags/example_nested_branch_dag.py
[2020-12-20 04:52:55,858] {scheduler_job.py:629} INFO - Processing file /Users/harshittyagi/lil/de_env/lib/python3.8/site-packages/airflow/example_dags/example_nested_branch_dag.py for tasks to queue
[2020-12-20 04:52:55,858] {logging_mixin.py:103} INFO - [2020-12-20 04:52:55,858] {dagbag.py:440} INFO - Filling up the DagBag from /Users/harshittyagi/lil/de_env/lib/python3.8/site-packages/airflow/example_dags/example_nested_branch_dag.py
[2020-12-20 04:52:55,865] {scheduler_job.py:639} INFO - DAG(s) dict_keys(['example_nested_branch_dag']) retrieved from /Users/harshittyagi/lil/de_env/lib/python3.8/site-packages/airflow/example_dags/example_nested_branch_dag.py
[2020-12-20 04:52:55,865] {logging_mixin.py:103} INFO - [2020-12-20 04:52:55,865] {dag.py:1813} INFO - Sync 1 DAGs
[2020-12-20 04:52:55,897] {logging_mixin.py:103} INFO - [2020-12-20 04:52:55,897] {dag.py:2266} INFO - Setting next_dagrun for example_nested_branch_dag to 2020-12-17 00:00:00+00:00
[2020-12-20 04:52:55,908] {scheduler_job.py:189} INFO - Processing /Users/harshittyagi/lil/de_env/lib/python3.8/site-packages/airflow/example_dags/example_nested_branch_dag.py took 0.051 seconds
[2020-12-20 04:53:50,032] {scheduler_job.py:181} INFO - Started process (PID=58203) to work on /Users/harshittyagi/lil/de_env/lib/python3.8/site-packages/airflow/example_dags/example_nested_branch_dag.py
[2020-12-20 04:53:50,032] {scheduler_job.py:629} INFO - Processing file /Users/harshittyagi/lil/de_env/lib/python3.8/site-packages/airflow/example_dags/example_nested_branch_dag.py for tasks to queue
[2020-12-20 04:53:50,032] {logging_mixin.py:103} INFO - [2020-12-20 04:53:50,032] {dagbag.py:440} INFO - Filling up the DagBag from /Users/harshittyagi/lil/de_env/lib/python3.8/site-packages/airflow/example_dags/example_nested_branch_dag.py
[2020-12-20 04:53:50,038] {scheduler_job.py:639} INFO - DAG(s) dict_keys(['example_nested_branch_dag']) retrieved from /Users/harshittyagi/lil/de_env/lib/python3.8/site-packages/airflow/example_dags/example_nested_branch_dag.py
[2020-12-20 04:53:50,038] {logging_mixin.py:103} INFO - [2020-12-20 04:53:50,038] {dag.py:1813} INFO - Sync 1 DAGs
[2020-12-20 04:53:50,067] {logging_mixin.py:103} INFO - [2020-12-20 04:53:50,067] {dag.py:2266} INFO - Setting next_dagrun for example_nested_branch_dag to 2020-12-17 00:00:00+00:00
[2020-12-20 04:53:50,078] {scheduler_job.py:189} INFO - Processing /Users/harshittyagi/lil/de_env/lib/python3.8/site-packages/airflow/example_dags/example_nested_branch_dag.py took 0.046 seconds
[2020-12-20 04:54:44,023] {scheduler_job.py:181} INFO - Started process (PID=58493) to work on /Users/harshittyagi/lil/de_env/lib/python3.8/site-packages/airflow/example_dags/example_nested_branch_dag.py
[2020-12-20 04:54:44,024] {scheduler_job.py:629} INFO - Processing file /Users/harshittyagi/lil/de_env/lib/python3.8/site-packages/airflow/example_dags/example_nested_branch_dag.py for tasks to queue
[2020-12-20 04:54:44,024] {logging_mixin.py:103} INFO - [2020-12-20 04:54:44,024] {dagbag.py:440} INFO - Filling up the DagBag from /Users/harshittyagi/lil/de_env/lib/python3.8/site-packages/airflow/example_dags/example_nested_branch_dag.py
[2020-12-20 04:54:44,031] {scheduler_job.py:639} INFO - DAG(s) dict_keys(['example_nested_branch_dag']) retrieved from /Users/harshittyagi/lil/de_env/lib/python3.8/site-packages/airflow/example_dags/example_nested_branch_dag.py
[2020-12-20 04:54:44,031] {logging_mixin.py:103} INFO - [2020-12-20 04:54:44,031] {dag.py:1813} INFO - Sync 1 DAGs
[2020-12-20 04:54:44,061] {logging_mixin.py:103} INFO - [2020-12-20 04:54:44,061] {dag.py:2266} INFO - Setting next_dagrun for example_nested_branch_dag to 2020-12-17 00:00:00+00:00
[2020-12-20 04:54:44,072] {scheduler_job.py:189} INFO - Processing /Users/harshittyagi/lil/de_env/lib/python3.8/site-packages/airflow/example_dags/example_nested_branch_dag.py took 0.049 seconds
[2020-12-20 04:55:38,366] {scheduler_job.py:181} INFO - Started process (PID=58777) to work on /Users/harshittyagi/lil/de_env/lib/python3.8/site-packages/airflow/example_dags/example_nested_branch_dag.py
[2020-12-20 04:55:38,366] {scheduler_job.py:629} INFO - Processing file /Users/harshittyagi/lil/de_env/lib/python3.8/site-packages/airflow/example_dags/example_nested_branch_dag.py for tasks to queue
[2020-12-20 04:55:38,367] {logging_mixin.py:103} INFO - [2020-12-20 04:55:38,367] {dagbag.py:440} INFO - Filling up the DagBag from /Users/harshittyagi/lil/de_env/lib/python3.8/site-packages/airflow/example_dags/example_nested_branch_dag.py
[2020-12-20 04:55:38,373] {scheduler_job.py:639} INFO - DAG(s) dict_keys(['example_nested_branch_dag']) retrieved from /Users/harshittyagi/lil/de_env/lib/python3.8/site-packages/airflow/example_dags/example_nested_branch_dag.py
[2020-12-20 04:55:38,373] {logging_mixin.py:103} INFO - [2020-12-20 04:55:38,373] {dag.py:1813} INFO - Sync 1 DAGs
[2020-12-20 04:55:38,403] {logging_mixin.py:103} INFO - [2020-12-20 04:55:38,403] {dag.py:2266} INFO - Setting next_dagrun for example_nested_branch_dag to 2020-12-17 00:00:00+00:00
[2020-12-20 04:55:38,414] {scheduler_job.py:189} INFO - Processing /Users/harshittyagi/lil/de_env/lib/python3.8/site-packages/airflow/example_dags/example_nested_branch_dag.py took 0.049 seconds
[2020-12-20 04:56:32,274] {scheduler_job.py:181} INFO - Started process (PID=59059) to work on /Users/harshittyagi/lil/de_env/lib/python3.8/site-packages/airflow/example_dags/example_nested_branch_dag.py
[2020-12-20 04:56:32,274] {scheduler_job.py:629} INFO - Processing file /Users/harshittyagi/lil/de_env/lib/python3.8/site-packages/airflow/example_dags/example_nested_branch_dag.py for tasks to queue
[2020-12-20 04:56:32,275] {logging_mixin.py:103} INFO - [2020-12-20 04:56:32,274] {dagbag.py:440} INFO - Filling up the DagBag from /Users/harshittyagi/lil/de_env/lib/python3.8/site-packages/airflow/example_dags/example_nested_branch_dag.py
[2020-12-20 04:56:32,280] {scheduler_job.py:639} INFO - DAG(s) dict_keys(['example_nested_branch_dag']) retrieved from /Users/harshittyagi/lil/de_env/lib/python3.8/site-packages/airflow/example_dags/example_nested_branch_dag.py
[2020-12-20 04:56:32,281] {logging_mixin.py:103} INFO - [2020-12-20 04:56:32,281] {dag.py:1813} INFO - Sync 1 DAGs
[2020-12-20 04:56:32,310] {logging_mixin.py:103} INFO - [2020-12-20 04:56:32,310] {dag.py:2266} INFO - Setting next_dagrun for example_nested_branch_dag to 2020-12-17 00:00:00+00:00
[2020-12-20 04:56:32,321] {scheduler_job.py:189} INFO - Processing /Users/harshittyagi/lil/de_env/lib/python3.8/site-packages/airflow/example_dags/example_nested_branch_dag.py took 0.047 seconds
[2020-12-20 04:57:26,171] {scheduler_job.py:181} INFO - Started process (PID=59342) to work on /Users/harshittyagi/lil/de_env/lib/python3.8/site-packages/airflow/example_dags/example_nested_branch_dag.py
[2020-12-20 04:57:26,172] {scheduler_job.py:629} INFO - Processing file /Users/harshittyagi/lil/de_env/lib/python3.8/site-packages/airflow/example_dags/example_nested_branch_dag.py for tasks to queue
[2020-12-20 04:57:26,172] {logging_mixin.py:103} INFO - [2020-12-20 04:57:26,172] {dagbag.py:440} INFO - Filling up the DagBag from /Users/harshittyagi/lil/de_env/lib/python3.8/site-packages/airflow/example_dags/example_nested_branch_dag.py
[2020-12-20 04:57:26,178] {scheduler_job.py:639} INFO - DAG(s) dict_keys(['example_nested_branch_dag']) retrieved from /Users/harshittyagi/lil/de_env/lib/python3.8/site-packages/airflow/example_dags/example_nested_branch_dag.py
[2020-12-20 04:57:26,178] {logging_mixin.py:103} INFO - [2020-12-20 04:57:26,178] {dag.py:1813} INFO - Sync 1 DAGs
[2020-12-20 04:57:26,206] {logging_mixin.py:103} INFO - [2020-12-20 04:57:26,206] {dag.py:2266} INFO - Setting next_dagrun for example_nested_branch_dag to 2020-12-17 00:00:00+00:00
[2020-12-20 04:57:26,217] {scheduler_job.py:189} INFO - Processing /Users/harshittyagi/lil/de_env/lib/python3.8/site-packages/airflow/example_dags/example_nested_branch_dag.py took 0.046 seconds
[2020-12-20 04:58:19,899] {scheduler_job.py:181} INFO - Started process (PID=59623) to work on /Users/harshittyagi/lil/de_env/lib/python3.8/site-packages/airflow/example_dags/example_nested_branch_dag.py
[2020-12-20 04:58:19,900] {scheduler_job.py:629} INFO - Processing file /Users/harshittyagi/lil/de_env/lib/python3.8/site-packages/airflow/example_dags/example_nested_branch_dag.py for tasks to queue
[2020-12-20 04:58:19,900] {logging_mixin.py:103} INFO - [2020-12-20 04:58:19,900] {dagbag.py:440} INFO - Filling up the DagBag from /Users/harshittyagi/lil/de_env/lib/python3.8/site-packages/airflow/example_dags/example_nested_branch_dag.py
[2020-12-20 04:58:19,906] {scheduler_job.py:639} INFO - DAG(s) dict_keys(['example_nested_branch_dag']) retrieved from /Users/harshittyagi/lil/de_env/lib/python3.8/site-packages/airflow/example_dags/example_nested_branch_dag.py
[2020-12-20 04:58:19,906] {logging_mixin.py:103} INFO - [2020-12-20 04:58:19,906] {dag.py:1813} INFO - Sync 1 DAGs
[2020-12-20 04:58:19,938] {logging_mixin.py:103} INFO - [2020-12-20 04:58:19,937] {dag.py:2266} INFO - Setting next_dagrun for example_nested_branch_dag to 2020-12-17 00:00:00+00:00
[2020-12-20 04:58:19,948] {scheduler_job.py:189} INFO - Processing /Users/harshittyagi/lil/de_env/lib/python3.8/site-packages/airflow/example_dags/example_nested_branch_dag.py took 0.050 seconds
[2020-12-20 04:59:13,826] {scheduler_job.py:181} INFO - Started process (PID=59906) to work on /Users/harshittyagi/lil/de_env/lib/python3.8/site-packages/airflow/example_dags/example_nested_branch_dag.py
[2020-12-20 04:59:13,827] {scheduler_job.py:629} INFO - Processing file /Users/harshittyagi/lil/de_env/lib/python3.8/site-packages/airflow/example_dags/example_nested_branch_dag.py for tasks to queue
[2020-12-20 04:59:13,827] {logging_mixin.py:103} INFO - [2020-12-20 04:59:13,827] {dagbag.py:440} INFO - Filling up the DagBag from /Users/harshittyagi/lil/de_env/lib/python3.8/site-packages/airflow/example_dags/example_nested_branch_dag.py
[2020-12-20 04:59:13,834] {scheduler_job.py:639} INFO - DAG(s) dict_keys(['example_nested_branch_dag']) retrieved from /Users/harshittyagi/lil/de_env/lib/python3.8/site-packages/airflow/example_dags/example_nested_branch_dag.py
[2020-12-20 04:59:13,834] {logging_mixin.py:103} INFO - [2020-12-20 04:59:13,834] {dag.py:1813} INFO - Sync 1 DAGs
[2020-12-20 04:59:13,868] {logging_mixin.py:103} INFO - [2020-12-20 04:59:13,868] {dag.py:2266} INFO - Setting next_dagrun for example_nested_branch_dag to 2020-12-17 00:00:00+00:00
[2020-12-20 04:59:13,880] {scheduler_job.py:189} INFO - Processing /Users/harshittyagi/lil/de_env/lib/python3.8/site-packages/airflow/example_dags/example_nested_branch_dag.py took 0.054 seconds
[2020-12-20 05:00:07,897] {scheduler_job.py:181} INFO - Started process (PID=60188) to work on /Users/harshittyagi/lil/de_env/lib/python3.8/site-packages/airflow/example_dags/example_nested_branch_dag.py
[2020-12-20 05:00:07,897] {scheduler_job.py:629} INFO - Processing file /Users/harshittyagi/lil/de_env/lib/python3.8/site-packages/airflow/example_dags/example_nested_branch_dag.py for tasks to queue
[2020-12-20 05:00:07,898] {logging_mixin.py:103} INFO - [2020-12-20 05:00:07,897] {dagbag.py:440} INFO - Filling up the DagBag from /Users/harshittyagi/lil/de_env/lib/python3.8/site-packages/airflow/example_dags/example_nested_branch_dag.py
[2020-12-20 05:00:07,904] {scheduler_job.py:639} INFO - DAG(s) dict_keys(['example_nested_branch_dag']) retrieved from /Users/harshittyagi/lil/de_env/lib/python3.8/site-packages/airflow/example_dags/example_nested_branch_dag.py
[2020-12-20 05:00:07,904] {logging_mixin.py:103} INFO - [2020-12-20 05:00:07,904] {dag.py:1813} INFO - Sync 1 DAGs
[2020-12-20 05:00:07,933] {logging_mixin.py:103} INFO - [2020-12-20 05:00:07,933] {dag.py:2266} INFO - Setting next_dagrun for example_nested_branch_dag to 2020-12-17 00:00:00+00:00
[2020-12-20 05:00:07,941] {scheduler_job.py:189} INFO - Processing /Users/harshittyagi/lil/de_env/lib/python3.8/site-packages/airflow/example_dags/example_nested_branch_dag.py took 0.045 seconds
[2020-12-20 05:01:01,951] {scheduler_job.py:181} INFO - Started process (PID=60475) to work on /Users/harshittyagi/lil/de_env/lib/python3.8/site-packages/airflow/example_dags/example_nested_branch_dag.py
[2020-12-20 05:01:01,952] {scheduler_job.py:629} INFO - Processing file /Users/harshittyagi/lil/de_env/lib/python3.8/site-packages/airflow/example_dags/example_nested_branch_dag.py for tasks to queue
[2020-12-20 05:01:01,952] {logging_mixin.py:103} INFO - [2020-12-20 05:01:01,952] {dagbag.py:440} INFO - Filling up the DagBag from /Users/harshittyagi/lil/de_env/lib/python3.8/site-packages/airflow/example_dags/example_nested_branch_dag.py
[2020-12-20 05:01:01,959] {scheduler_job.py:639} INFO - DAG(s) dict_keys(['example_nested_branch_dag']) retrieved from /Users/harshittyagi/lil/de_env/lib/python3.8/site-packages/airflow/example_dags/example_nested_branch_dag.py
[2020-12-20 05:01:01,959] {logging_mixin.py:103} INFO - [2020-12-20 05:01:01,959] {dag.py:1813} INFO - Sync 1 DAGs
[2020-12-20 05:01:01,991] {logging_mixin.py:103} INFO - [2020-12-20 05:01:01,991] {dag.py:2266} INFO - Setting next_dagrun for example_nested_branch_dag to 2020-12-17 00:00:00+00:00
[2020-12-20 05:01:01,998] {scheduler_job.py:189} INFO - Processing /Users/harshittyagi/lil/de_env/lib/python3.8/site-packages/airflow/example_dags/example_nested_branch_dag.py took 0.048 seconds
[2020-12-20 05:01:54,491] {scheduler_job.py:181} INFO - Started process (PID=60758) to work on /Users/harshittyagi/lil/de_env/lib/python3.8/site-packages/airflow/example_dags/example_nested_branch_dag.py
[2020-12-20 05:01:54,491] {scheduler_job.py:629} INFO - Processing file /Users/harshittyagi/lil/de_env/lib/python3.8/site-packages/airflow/example_dags/example_nested_branch_dag.py for tasks to queue
[2020-12-20 05:01:54,492] {logging_mixin.py:103} INFO - [2020-12-20 05:01:54,491] {dagbag.py:440} INFO - Filling up the DagBag from /Users/harshittyagi/lil/de_env/lib/python3.8/site-packages/airflow/example_dags/example_nested_branch_dag.py
[2020-12-20 05:01:54,497] {scheduler_job.py:639} INFO - DAG(s) dict_keys(['example_nested_branch_dag']) retrieved from /Users/harshittyagi/lil/de_env/lib/python3.8/site-packages/airflow/example_dags/example_nested_branch_dag.py
[2020-12-20 05:01:54,498] {logging_mixin.py:103} INFO - [2020-12-20 05:01:54,498] {dag.py:1813} INFO - Sync 1 DAGs
[2020-12-20 05:01:54,526] {logging_mixin.py:103} INFO - [2020-12-20 05:01:54,526] {dag.py:2266} INFO - Setting next_dagrun for example_nested_branch_dag to 2020-12-17 00:00:00+00:00
[2020-12-20 05:01:54,537] {scheduler_job.py:189} INFO - Processing /Users/harshittyagi/lil/de_env/lib/python3.8/site-packages/airflow/example_dags/example_nested_branch_dag.py took 0.046 seconds
[2020-12-20 05:02:47,612] {scheduler_job.py:181} INFO - Started process (PID=61050) to work on /Users/harshittyagi/lil/de_env/lib/python3.8/site-packages/airflow/example_dags/example_nested_branch_dag.py
[2020-12-20 05:02:47,612] {scheduler_job.py:629} INFO - Processing file /Users/harshittyagi/lil/de_env/lib/python3.8/site-packages/airflow/example_dags/example_nested_branch_dag.py for tasks to queue
[2020-12-20 05:02:47,613] {logging_mixin.py:103} INFO - [2020-12-20 05:02:47,612] {dagbag.py:440} INFO - Filling up the DagBag from /Users/harshittyagi/lil/de_env/lib/python3.8/site-packages/airflow/example_dags/example_nested_branch_dag.py
[2020-12-20 05:02:47,619] {scheduler_job.py:639} INFO - DAG(s) dict_keys(['example_nested_branch_dag']) retrieved from /Users/harshittyagi/lil/de_env/lib/python3.8/site-packages/airflow/example_dags/example_nested_branch_dag.py
[2020-12-20 05:02:47,619] {logging_mixin.py:103} INFO - [2020-12-20 05:02:47,619] {dag.py:1813} INFO - Sync 1 DAGs
[2020-12-20 05:02:47,650] {logging_mixin.py:103} INFO - [2020-12-20 05:02:47,650] {dag.py:2266} INFO - Setting next_dagrun for example_nested_branch_dag to 2020-12-17 00:00:00+00:00
[2020-12-20 05:02:47,659] {scheduler_job.py:189} INFO - Processing /Users/harshittyagi/lil/de_env/lib/python3.8/site-packages/airflow/example_dags/example_nested_branch_dag.py took 0.047 seconds
[2020-12-20 05:03:41,839] {scheduler_job.py:181} INFO - Started process (PID=61333) to work on /Users/harshittyagi/lil/de_env/lib/python3.8/site-packages/airflow/example_dags/example_nested_branch_dag.py
[2020-12-20 05:03:41,839] {scheduler_job.py:629} INFO - Processing file /Users/harshittyagi/lil/de_env/lib/python3.8/site-packages/airflow/example_dags/example_nested_branch_dag.py for tasks to queue
[2020-12-20 05:03:41,839] {logging_mixin.py:103} INFO - [2020-12-20 05:03:41,839] {dagbag.py:440} INFO - Filling up the DagBag from /Users/harshittyagi/lil/de_env/lib/python3.8/site-packages/airflow/example_dags/example_nested_branch_dag.py
[2020-12-20 05:03:41,846] {scheduler_job.py:639} INFO - DAG(s) dict_keys(['example_nested_branch_dag']) retrieved from /Users/harshittyagi/lil/de_env/lib/python3.8/site-packages/airflow/example_dags/example_nested_branch_dag.py
[2020-12-20 05:03:41,846] {logging_mixin.py:103} INFO - [2020-12-20 05:03:41,846] {dag.py:1813} INFO - Sync 1 DAGs
[2020-12-20 05:03:41,879] {logging_mixin.py:103} INFO - [2020-12-20 05:03:41,878] {dag.py:2266} INFO - Setting next_dagrun for example_nested_branch_dag to 2020-12-17 00:00:00+00:00
[2020-12-20 05:03:41,891] {scheduler_job.py:189} INFO - Processing /Users/harshittyagi/lil/de_env/lib/python3.8/site-packages/airflow/example_dags/example_nested_branch_dag.py took 0.053 seconds
[2020-12-20 05:04:35,853] {scheduler_job.py:181} INFO - Started process (PID=61618) to work on /Users/harshittyagi/lil/de_env/lib/python3.8/site-packages/airflow/example_dags/example_nested_branch_dag.py
[2020-12-20 05:04:35,853] {scheduler_job.py:629} INFO - Processing file /Users/harshittyagi/lil/de_env/lib/python3.8/site-packages/airflow/example_dags/example_nested_branch_dag.py for tasks to queue
[2020-12-20 05:04:35,854] {logging_mixin.py:103} INFO - [2020-12-20 05:04:35,853] {dagbag.py:440} INFO - Filling up the DagBag from /Users/harshittyagi/lil/de_env/lib/python3.8/site-packages/airflow/example_dags/example_nested_branch_dag.py
[2020-12-20 05:04:35,860] {scheduler_job.py:639} INFO - DAG(s) dict_keys(['example_nested_branch_dag']) retrieved from /Users/harshittyagi/lil/de_env/lib/python3.8/site-packages/airflow/example_dags/example_nested_branch_dag.py
[2020-12-20 05:04:35,861] {logging_mixin.py:103} INFO - [2020-12-20 05:04:35,861] {dag.py:1813} INFO - Sync 1 DAGs
[2020-12-20 05:04:35,892] {logging_mixin.py:103} INFO - [2020-12-20 05:04:35,892] {dag.py:2266} INFO - Setting next_dagrun for example_nested_branch_dag to 2020-12-17 00:00:00+00:00
[2020-12-20 05:04:35,903] {scheduler_job.py:189} INFO - Processing /Users/harshittyagi/lil/de_env/lib/python3.8/site-packages/airflow/example_dags/example_nested_branch_dag.py took 0.051 seconds
[2020-12-20 05:05:29,577] {scheduler_job.py:181} INFO - Started process (PID=61904) to work on /Users/harshittyagi/lil/de_env/lib/python3.8/site-packages/airflow/example_dags/example_nested_branch_dag.py
[2020-12-20 05:05:29,578] {scheduler_job.py:629} INFO - Processing file /Users/harshittyagi/lil/de_env/lib/python3.8/site-packages/airflow/example_dags/example_nested_branch_dag.py for tasks to queue
[2020-12-20 05:05:29,578] {logging_mixin.py:103} INFO - [2020-12-20 05:05:29,578] {dagbag.py:440} INFO - Filling up the DagBag from /Users/harshittyagi/lil/de_env/lib/python3.8/site-packages/airflow/example_dags/example_nested_branch_dag.py
[2020-12-20 05:05:29,584] {scheduler_job.py:639} INFO - DAG(s) dict_keys(['example_nested_branch_dag']) retrieved from /Users/harshittyagi/lil/de_env/lib/python3.8/site-packages/airflow/example_dags/example_nested_branch_dag.py
[2020-12-20 05:05:29,584] {logging_mixin.py:103} INFO - [2020-12-20 05:05:29,584] {dag.py:1813} INFO - Sync 1 DAGs
[2020-12-20 05:05:29,612] {logging_mixin.py:103} INFO - [2020-12-20 05:05:29,612] {dag.py:2266} INFO - Setting next_dagrun for example_nested_branch_dag to 2020-12-17 00:00:00+00:00
[2020-12-20 05:05:29,622] {scheduler_job.py:189} INFO - Processing /Users/harshittyagi/lil/de_env/lib/python3.8/site-packages/airflow/example_dags/example_nested_branch_dag.py took 0.045 seconds
[2020-12-20 05:06:24,017] {scheduler_job.py:181} INFO - Started process (PID=62190) to work on /Users/harshittyagi/lil/de_env/lib/python3.8/site-packages/airflow/example_dags/example_nested_branch_dag.py
[2020-12-20 05:06:24,017] {scheduler_job.py:629} INFO - Processing file /Users/harshittyagi/lil/de_env/lib/python3.8/site-packages/airflow/example_dags/example_nested_branch_dag.py for tasks to queue
[2020-12-20 05:06:24,017] {logging_mixin.py:103} INFO - [2020-12-20 05:06:24,017] {dagbag.py:440} INFO - Filling up the DagBag from /Users/harshittyagi/lil/de_env/lib/python3.8/site-packages/airflow/example_dags/example_nested_branch_dag.py
[2020-12-20 05:06:24,025] {scheduler_job.py:639} INFO - DAG(s) dict_keys(['example_nested_branch_dag']) retrieved from /Users/harshittyagi/lil/de_env/lib/python3.8/site-packages/airflow/example_dags/example_nested_branch_dag.py
[2020-12-20 05:06:24,025] {logging_mixin.py:103} INFO - [2020-12-20 05:06:24,025] {dag.py:1813} INFO - Sync 1 DAGs
[2020-12-20 05:06:24,059] {logging_mixin.py:103} INFO - [2020-12-20 05:06:24,059] {dag.py:2266} INFO - Setting next_dagrun for example_nested_branch_dag to 2020-12-17 00:00:00+00:00
[2020-12-20 05:06:24,072] {scheduler_job.py:189} INFO - Processing /Users/harshittyagi/lil/de_env/lib/python3.8/site-packages/airflow/example_dags/example_nested_branch_dag.py took 0.056 seconds
[2020-12-20 05:07:17,274] {scheduler_job.py:181} INFO - Started process (PID=62471) to work on /Users/harshittyagi/lil/de_env/lib/python3.8/site-packages/airflow/example_dags/example_nested_branch_dag.py
[2020-12-20 05:07:17,275] {scheduler_job.py:629} INFO - Processing file /Users/harshittyagi/lil/de_env/lib/python3.8/site-packages/airflow/example_dags/example_nested_branch_dag.py for tasks to queue
[2020-12-20 05:07:17,275] {logging_mixin.py:103} INFO - [2020-12-20 05:07:17,275] {dagbag.py:440} INFO - Filling up the DagBag from /Users/harshittyagi/lil/de_env/lib/python3.8/site-packages/airflow/example_dags/example_nested_branch_dag.py
[2020-12-20 05:07:17,281] {scheduler_job.py:639} INFO - DAG(s) dict_keys(['example_nested_branch_dag']) retrieved from /Users/harshittyagi/lil/de_env/lib/python3.8/site-packages/airflow/example_dags/example_nested_branch_dag.py
[2020-12-20 05:07:17,281] {logging_mixin.py:103} INFO - [2020-12-20 05:07:17,281] {dag.py:1813} INFO - Sync 1 DAGs
[2020-12-20 05:07:17,311] {logging_mixin.py:103} INFO - [2020-12-20 05:07:17,311] {dag.py:2266} INFO - Setting next_dagrun for example_nested_branch_dag to 2020-12-17 00:00:00+00:00
[2020-12-20 05:07:17,319] {scheduler_job.py:189} INFO - Processing /Users/harshittyagi/lil/de_env/lib/python3.8/site-packages/airflow/example_dags/example_nested_branch_dag.py took 0.045 seconds
[2020-12-20 05:08:12,026] {scheduler_job.py:181} INFO - Started process (PID=62758) to work on /Users/harshittyagi/lil/de_env/lib/python3.8/site-packages/airflow/example_dags/example_nested_branch_dag.py
[2020-12-20 05:08:12,026] {scheduler_job.py:629} INFO - Processing file /Users/harshittyagi/lil/de_env/lib/python3.8/site-packages/airflow/example_dags/example_nested_branch_dag.py for tasks to queue
[2020-12-20 05:08:12,027] {logging_mixin.py:103} INFO - [2020-12-20 05:08:12,026] {dagbag.py:440} INFO - Filling up the DagBag from /Users/harshittyagi/lil/de_env/lib/python3.8/site-packages/airflow/example_dags/example_nested_branch_dag.py
[2020-12-20 05:08:12,034] {scheduler_job.py:639} INFO - DAG(s) dict_keys(['example_nested_branch_dag']) retrieved from /Users/harshittyagi/lil/de_env/lib/python3.8/site-packages/airflow/example_dags/example_nested_branch_dag.py
[2020-12-20 05:08:12,034] {logging_mixin.py:103} INFO - [2020-12-20 05:08:12,034] {dag.py:1813} INFO - Sync 1 DAGs
[2020-12-20 05:08:12,067] {logging_mixin.py:103} INFO - [2020-12-20 05:08:12,067] {dag.py:2266} INFO - Setting next_dagrun for example_nested_branch_dag to 2020-12-17 00:00:00+00:00
[2020-12-20 05:08:12,079] {scheduler_job.py:189} INFO - Processing /Users/harshittyagi/lil/de_env/lib/python3.8/site-packages/airflow/example_dags/example_nested_branch_dag.py took 0.054 seconds
[2020-12-20 05:09:06,438] {scheduler_job.py:181} INFO - Started process (PID=63048) to work on /Users/harshittyagi/lil/de_env/lib/python3.8/site-packages/airflow/example_dags/example_nested_branch_dag.py
[2020-12-20 05:09:06,438] {scheduler_job.py:629} INFO - Processing file /Users/harshittyagi/lil/de_env/lib/python3.8/site-packages/airflow/example_dags/example_nested_branch_dag.py for tasks to queue
[2020-12-20 05:09:06,438] {logging_mixin.py:103} INFO - [2020-12-20 05:09:06,438] {dagbag.py:440} INFO - Filling up the DagBag from /Users/harshittyagi/lil/de_env/lib/python3.8/site-packages/airflow/example_dags/example_nested_branch_dag.py
[2020-12-20 05:09:06,445] {scheduler_job.py:639} INFO - DAG(s) dict_keys(['example_nested_branch_dag']) retrieved from /Users/harshittyagi/lil/de_env/lib/python3.8/site-packages/airflow/example_dags/example_nested_branch_dag.py
[2020-12-20 05:09:06,445] {logging_mixin.py:103} INFO - [2020-12-20 05:09:06,445] {dag.py:1813} INFO - Sync 1 DAGs
[2020-12-20 05:09:06,473] {logging_mixin.py:103} INFO - [2020-12-20 05:09:06,473] {dag.py:2266} INFO - Setting next_dagrun for example_nested_branch_dag to 2020-12-17 00:00:00+00:00
[2020-12-20 05:09:06,482] {scheduler_job.py:189} INFO - Processing /Users/harshittyagi/lil/de_env/lib/python3.8/site-packages/airflow/example_dags/example_nested_branch_dag.py took 0.044 seconds
[2020-12-20 05:10:00,793] {scheduler_job.py:181} INFO - Started process (PID=63331) to work on /Users/harshittyagi/lil/de_env/lib/python3.8/site-packages/airflow/example_dags/example_nested_branch_dag.py
[2020-12-20 05:10:00,794] {scheduler_job.py:629} INFO - Processing file /Users/harshittyagi/lil/de_env/lib/python3.8/site-packages/airflow/example_dags/example_nested_branch_dag.py for tasks to queue
[2020-12-20 05:10:00,794] {logging_mixin.py:103} INFO - [2020-12-20 05:10:00,794] {dagbag.py:440} INFO - Filling up the DagBag from /Users/harshittyagi/lil/de_env/lib/python3.8/site-packages/airflow/example_dags/example_nested_branch_dag.py
[2020-12-20 05:10:00,800] {scheduler_job.py:639} INFO - DAG(s) dict_keys(['example_nested_branch_dag']) retrieved from /Users/harshittyagi/lil/de_env/lib/python3.8/site-packages/airflow/example_dags/example_nested_branch_dag.py
[2020-12-20 05:10:00,800] {logging_mixin.py:103} INFO - [2020-12-20 05:10:00,800] {dag.py:1813} INFO - Sync 1 DAGs
[2020-12-20 05:10:00,829] {logging_mixin.py:103} INFO - [2020-12-20 05:10:00,829] {dag.py:2266} INFO - Setting next_dagrun for example_nested_branch_dag to 2020-12-17 00:00:00+00:00
[2020-12-20 05:10:00,840] {scheduler_job.py:189} INFO - Processing /Users/harshittyagi/lil/de_env/lib/python3.8/site-packages/airflow/example_dags/example_nested_branch_dag.py took 0.047 seconds
[2020-12-20 05:10:55,036] {scheduler_job.py:181} INFO - Started process (PID=63617) to work on /Users/harshittyagi/lil/de_env/lib/python3.8/site-packages/airflow/example_dags/example_nested_branch_dag.py
[2020-12-20 05:10:55,037] {scheduler_job.py:629} INFO - Processing file /Users/harshittyagi/lil/de_env/lib/python3.8/site-packages/airflow/example_dags/example_nested_branch_dag.py for tasks to queue
[2020-12-20 05:10:55,037] {logging_mixin.py:103} INFO - [2020-12-20 05:10:55,037] {dagbag.py:440} INFO - Filling up the DagBag from /Users/harshittyagi/lil/de_env/lib/python3.8/site-packages/airflow/example_dags/example_nested_branch_dag.py
[2020-12-20 05:10:55,044] {scheduler_job.py:639} INFO - DAG(s) dict_keys(['example_nested_branch_dag']) retrieved from /Users/harshittyagi/lil/de_env/lib/python3.8/site-packages/airflow/example_dags/example_nested_branch_dag.py
[2020-12-20 05:10:55,044] {logging_mixin.py:103} INFO - [2020-12-20 05:10:55,044] {dag.py:1813} INFO - Sync 1 DAGs
[2020-12-20 05:10:55,075] {logging_mixin.py:103} INFO - [2020-12-20 05:10:55,075] {dag.py:2266} INFO - Setting next_dagrun for example_nested_branch_dag to 2020-12-17 00:00:00+00:00
[2020-12-20 05:10:55,087] {scheduler_job.py:189} INFO - Processing /Users/harshittyagi/lil/de_env/lib/python3.8/site-packages/airflow/example_dags/example_nested_branch_dag.py took 0.051 seconds
[2020-12-20 05:11:47,643] {scheduler_job.py:181} INFO - Started process (PID=63902) to work on /Users/harshittyagi/lil/de_env/lib/python3.8/site-packages/airflow/example_dags/example_nested_branch_dag.py
[2020-12-20 05:11:47,644] {scheduler_job.py:629} INFO - Processing file /Users/harshittyagi/lil/de_env/lib/python3.8/site-packages/airflow/example_dags/example_nested_branch_dag.py for tasks to queue
[2020-12-20 05:11:47,644] {logging_mixin.py:103} INFO - [2020-12-20 05:11:47,644] {dagbag.py:440} INFO - Filling up the DagBag from /Users/harshittyagi/lil/de_env/lib/python3.8/site-packages/airflow/example_dags/example_nested_branch_dag.py
[2020-12-20 05:11:47,650] {scheduler_job.py:639} INFO - DAG(s) dict_keys(['example_nested_branch_dag']) retrieved from /Users/harshittyagi/lil/de_env/lib/python3.8/site-packages/airflow/example_dags/example_nested_branch_dag.py
[2020-12-20 05:11:47,651] {logging_mixin.py:103} INFO - [2020-12-20 05:11:47,651] {dag.py:1813} INFO - Sync 1 DAGs
[2020-12-20 05:11:47,679] {logging_mixin.py:103} INFO - [2020-12-20 05:11:47,679] {dag.py:2266} INFO - Setting next_dagrun for example_nested_branch_dag to 2020-12-17 00:00:00+00:00
[2020-12-20 05:11:47,691] {scheduler_job.py:189} INFO - Processing /Users/harshittyagi/lil/de_env/lib/python3.8/site-packages/airflow/example_dags/example_nested_branch_dag.py took 0.048 seconds
[2020-12-20 05:12:40,214] {scheduler_job.py:181} INFO - Started process (PID=64184) to work on /Users/harshittyagi/lil/de_env/lib/python3.8/site-packages/airflow/example_dags/example_nested_branch_dag.py
[2020-12-20 05:12:40,214] {scheduler_job.py:629} INFO - Processing file /Users/harshittyagi/lil/de_env/lib/python3.8/site-packages/airflow/example_dags/example_nested_branch_dag.py for tasks to queue
[2020-12-20 05:12:40,215] {logging_mixin.py:103} INFO - [2020-12-20 05:12:40,215] {dagbag.py:440} INFO - Filling up the DagBag from /Users/harshittyagi/lil/de_env/lib/python3.8/site-packages/airflow/example_dags/example_nested_branch_dag.py
[2020-12-20 05:12:40,221] {scheduler_job.py:639} INFO - DAG(s) dict_keys(['example_nested_branch_dag']) retrieved from /Users/harshittyagi/lil/de_env/lib/python3.8/site-packages/airflow/example_dags/example_nested_branch_dag.py
[2020-12-20 05:12:40,221] {logging_mixin.py:103} INFO - [2020-12-20 05:12:40,221] {dag.py:1813} INFO - Sync 1 DAGs
[2020-12-20 05:12:40,251] {logging_mixin.py:103} INFO - [2020-12-20 05:12:40,251] {dag.py:2266} INFO - Setting next_dagrun for example_nested_branch_dag to 2020-12-17 00:00:00+00:00
[2020-12-20 05:12:40,261] {scheduler_job.py:189} INFO - Processing /Users/harshittyagi/lil/de_env/lib/python3.8/site-packages/airflow/example_dags/example_nested_branch_dag.py took 0.047 seconds
[2020-12-20 05:13:33,979] {scheduler_job.py:181} INFO - Started process (PID=64467) to work on /Users/harshittyagi/lil/de_env/lib/python3.8/site-packages/airflow/example_dags/example_nested_branch_dag.py
[2020-12-20 05:13:33,980] {scheduler_job.py:629} INFO - Processing file /Users/harshittyagi/lil/de_env/lib/python3.8/site-packages/airflow/example_dags/example_nested_branch_dag.py for tasks to queue
[2020-12-20 05:13:33,980] {logging_mixin.py:103} INFO - [2020-12-20 05:13:33,980] {dagbag.py:440} INFO - Filling up the DagBag from /Users/harshittyagi/lil/de_env/lib/python3.8/site-packages/airflow/example_dags/example_nested_branch_dag.py
[2020-12-20 05:13:33,986] {scheduler_job.py:639} INFO - DAG(s) dict_keys(['example_nested_branch_dag']) retrieved from /Users/harshittyagi/lil/de_env/lib/python3.8/site-packages/airflow/example_dags/example_nested_branch_dag.py
[2020-12-20 05:13:33,986] {logging_mixin.py:103} INFO - [2020-12-20 05:13:33,986] {dag.py:1813} INFO - Sync 1 DAGs
[2020-12-20 05:13:34,015] {logging_mixin.py:103} INFO - [2020-12-20 05:13:34,015] {dag.py:2266} INFO - Setting next_dagrun for example_nested_branch_dag to 2020-12-17 00:00:00+00:00
[2020-12-20 05:13:34,025] {scheduler_job.py:189} INFO - Processing /Users/harshittyagi/lil/de_env/lib/python3.8/site-packages/airflow/example_dags/example_nested_branch_dag.py took 0.046 seconds
[2020-12-20 05:14:27,865] {scheduler_job.py:181} INFO - Started process (PID=64750) to work on /Users/harshittyagi/lil/de_env/lib/python3.8/site-packages/airflow/example_dags/example_nested_branch_dag.py
[2020-12-20 05:14:27,865] {scheduler_job.py:629} INFO - Processing file /Users/harshittyagi/lil/de_env/lib/python3.8/site-packages/airflow/example_dags/example_nested_branch_dag.py for tasks to queue
[2020-12-20 05:14:27,866] {logging_mixin.py:103} INFO - [2020-12-20 05:14:27,865] {dagbag.py:440} INFO - Filling up the DagBag from /Users/harshittyagi/lil/de_env/lib/python3.8/site-packages/airflow/example_dags/example_nested_branch_dag.py
[2020-12-20 05:14:27,871] {scheduler_job.py:639} INFO - DAG(s) dict_keys(['example_nested_branch_dag']) retrieved from /Users/harshittyagi/lil/de_env/lib/python3.8/site-packages/airflow/example_dags/example_nested_branch_dag.py
[2020-12-20 05:14:27,872] {logging_mixin.py:103} INFO - [2020-12-20 05:14:27,872] {dag.py:1813} INFO - Sync 1 DAGs
[2020-12-20 05:14:27,901] {logging_mixin.py:103} INFO - [2020-12-20 05:14:27,901] {dag.py:2266} INFO - Setting next_dagrun for example_nested_branch_dag to 2020-12-17 00:00:00+00:00
[2020-12-20 05:14:27,912] {scheduler_job.py:189} INFO - Processing /Users/harshittyagi/lil/de_env/lib/python3.8/site-packages/airflow/example_dags/example_nested_branch_dag.py took 0.048 seconds
[2020-12-20 05:15:20,071] {scheduler_job.py:181} INFO - Started process (PID=65038) to work on /Users/harshittyagi/lil/de_env/lib/python3.8/site-packages/airflow/example_dags/example_nested_branch_dag.py
[2020-12-20 05:15:20,072] {scheduler_job.py:629} INFO - Processing file /Users/harshittyagi/lil/de_env/lib/python3.8/site-packages/airflow/example_dags/example_nested_branch_dag.py for tasks to queue
[2020-12-20 05:15:20,072] {logging_mixin.py:103} INFO - [2020-12-20 05:15:20,072] {dagbag.py:440} INFO - Filling up the DagBag from /Users/harshittyagi/lil/de_env/lib/python3.8/site-packages/airflow/example_dags/example_nested_branch_dag.py
[2020-12-20 05:15:20,078] {scheduler_job.py:639} INFO - DAG(s) dict_keys(['example_nested_branch_dag']) retrieved from /Users/harshittyagi/lil/de_env/lib/python3.8/site-packages/airflow/example_dags/example_nested_branch_dag.py
[2020-12-20 05:15:20,078] {logging_mixin.py:103} INFO - [2020-12-20 05:15:20,078] {dag.py:1813} INFO - Sync 1 DAGs
[2020-12-20 05:15:20,107] {logging_mixin.py:103} INFO - [2020-12-20 05:15:20,107] {dag.py:2266} INFO - Setting next_dagrun for example_nested_branch_dag to 2020-12-17 00:00:00+00:00
[2020-12-20 05:15:20,118] {scheduler_job.py:189} INFO - Processing /Users/harshittyagi/lil/de_env/lib/python3.8/site-packages/airflow/example_dags/example_nested_branch_dag.py took 0.047 seconds
[2020-12-20 05:16:12,664] {scheduler_job.py:181} INFO - Started process (PID=65320) to work on /Users/harshittyagi/lil/de_env/lib/python3.8/site-packages/airflow/example_dags/example_nested_branch_dag.py
[2020-12-20 05:16:12,665] {scheduler_job.py:629} INFO - Processing file /Users/harshittyagi/lil/de_env/lib/python3.8/site-packages/airflow/example_dags/example_nested_branch_dag.py for tasks to queue
[2020-12-20 05:16:12,665] {logging_mixin.py:103} INFO - [2020-12-20 05:16:12,665] {dagbag.py:440} INFO - Filling up the DagBag from /Users/harshittyagi/lil/de_env/lib/python3.8/site-packages/airflow/example_dags/example_nested_branch_dag.py
[2020-12-20 05:16:12,672] {scheduler_job.py:639} INFO - DAG(s) dict_keys(['example_nested_branch_dag']) retrieved from /Users/harshittyagi/lil/de_env/lib/python3.8/site-packages/airflow/example_dags/example_nested_branch_dag.py
[2020-12-20 05:16:12,672] {logging_mixin.py:103} INFO - [2020-12-20 05:16:12,672] {dag.py:1813} INFO - Sync 1 DAGs
[2020-12-20 05:16:12,703] {logging_mixin.py:103} INFO - [2020-12-20 05:16:12,703] {dag.py:2266} INFO - Setting next_dagrun for example_nested_branch_dag to 2020-12-17 00:00:00+00:00
[2020-12-20 05:16:12,712] {scheduler_job.py:189} INFO - Processing /Users/harshittyagi/lil/de_env/lib/python3.8/site-packages/airflow/example_dags/example_nested_branch_dag.py took 0.048 seconds
[2020-12-20 05:17:06,805] {scheduler_job.py:181} INFO - Started process (PID=65604) to work on /Users/harshittyagi/lil/de_env/lib/python3.8/site-packages/airflow/example_dags/example_nested_branch_dag.py
[2020-12-20 05:17:06,805] {scheduler_job.py:629} INFO - Processing file /Users/harshittyagi/lil/de_env/lib/python3.8/site-packages/airflow/example_dags/example_nested_branch_dag.py for tasks to queue
[2020-12-20 05:17:06,806] {logging_mixin.py:103} INFO - [2020-12-20 05:17:06,806] {dagbag.py:440} INFO - Filling up the DagBag from /Users/harshittyagi/lil/de_env/lib/python3.8/site-packages/airflow/example_dags/example_nested_branch_dag.py
[2020-12-20 05:17:06,812] {scheduler_job.py:639} INFO - DAG(s) dict_keys(['example_nested_branch_dag']) retrieved from /Users/harshittyagi/lil/de_env/lib/python3.8/site-packages/airflow/example_dags/example_nested_branch_dag.py
[2020-12-20 05:17:06,812] {logging_mixin.py:103} INFO - [2020-12-20 05:17:06,812] {dag.py:1813} INFO - Sync 1 DAGs
[2020-12-20 05:17:06,843] {logging_mixin.py:103} INFO - [2020-12-20 05:17:06,843] {dag.py:2266} INFO - Setting next_dagrun for example_nested_branch_dag to 2020-12-17 00:00:00+00:00
[2020-12-20 05:17:06,855] {scheduler_job.py:189} INFO - Processing /Users/harshittyagi/lil/de_env/lib/python3.8/site-packages/airflow/example_dags/example_nested_branch_dag.py took 0.050 seconds
[2020-12-20 05:18:00,664] {scheduler_job.py:181} INFO - Started process (PID=65888) to work on /Users/harshittyagi/lil/de_env/lib/python3.8/site-packages/airflow/example_dags/example_nested_branch_dag.py
[2020-12-20 05:18:00,664] {scheduler_job.py:629} INFO - Processing file /Users/harshittyagi/lil/de_env/lib/python3.8/site-packages/airflow/example_dags/example_nested_branch_dag.py for tasks to queue
[2020-12-20 05:18:00,665] {logging_mixin.py:103} INFO - [2020-12-20 05:18:00,664] {dagbag.py:440} INFO - Filling up the DagBag from /Users/harshittyagi/lil/de_env/lib/python3.8/site-packages/airflow/example_dags/example_nested_branch_dag.py
[2020-12-20 05:18:00,672] {scheduler_job.py:639} INFO - DAG(s) dict_keys(['example_nested_branch_dag']) retrieved from /Users/harshittyagi/lil/de_env/lib/python3.8/site-packages/airflow/example_dags/example_nested_branch_dag.py
[2020-12-20 05:18:00,672] {logging_mixin.py:103} INFO - [2020-12-20 05:18:00,672] {dag.py:1813} INFO - Sync 1 DAGs
[2020-12-20 05:18:00,703] {logging_mixin.py:103} INFO - [2020-12-20 05:18:00,703] {dag.py:2266} INFO - Setting next_dagrun for example_nested_branch_dag to 2020-12-17 00:00:00+00:00
[2020-12-20 05:18:00,712] {scheduler_job.py:189} INFO - Processing /Users/harshittyagi/lil/de_env/lib/python3.8/site-packages/airflow/example_dags/example_nested_branch_dag.py took 0.049 seconds
[2020-12-20 05:18:56,730] {scheduler_job.py:181} INFO - Started process (PID=66174) to work on /Users/harshittyagi/lil/de_env/lib/python3.8/site-packages/airflow/example_dags/example_nested_branch_dag.py
[2020-12-20 05:18:56,731] {scheduler_job.py:629} INFO - Processing file /Users/harshittyagi/lil/de_env/lib/python3.8/site-packages/airflow/example_dags/example_nested_branch_dag.py for tasks to queue
[2020-12-20 05:18:56,731] {logging_mixin.py:103} INFO - [2020-12-20 05:18:56,731] {dagbag.py:440} INFO - Filling up the DagBag from /Users/harshittyagi/lil/de_env/lib/python3.8/site-packages/airflow/example_dags/example_nested_branch_dag.py
[2020-12-20 05:18:56,739] {scheduler_job.py:639} INFO - DAG(s) dict_keys(['example_nested_branch_dag']) retrieved from /Users/harshittyagi/lil/de_env/lib/python3.8/site-packages/airflow/example_dags/example_nested_branch_dag.py
[2020-12-20 05:18:56,740] {logging_mixin.py:103} INFO - [2020-12-20 05:18:56,740] {dag.py:1813} INFO - Sync 1 DAGs
[2020-12-20 05:18:56,776] {logging_mixin.py:103} INFO - [2020-12-20 05:18:56,776] {dag.py:2266} INFO - Setting next_dagrun for example_nested_branch_dag to 2020-12-17 00:00:00+00:00
[2020-12-20 05:18:56,790] {scheduler_job.py:189} INFO - Processing /Users/harshittyagi/lil/de_env/lib/python3.8/site-packages/airflow/example_dags/example_nested_branch_dag.py took 0.061 seconds
[2020-12-20 05:19:50,850] {scheduler_job.py:181} INFO - Started process (PID=66462) to work on /Users/harshittyagi/lil/de_env/lib/python3.8/site-packages/airflow/example_dags/example_nested_branch_dag.py
[2020-12-20 05:19:50,850] {scheduler_job.py:629} INFO - Processing file /Users/harshittyagi/lil/de_env/lib/python3.8/site-packages/airflow/example_dags/example_nested_branch_dag.py for tasks to queue
[2020-12-20 05:19:50,850] {logging_mixin.py:103} INFO - [2020-12-20 05:19:50,850] {dagbag.py:440} INFO - Filling up the DagBag from /Users/harshittyagi/lil/de_env/lib/python3.8/site-packages/airflow/example_dags/example_nested_branch_dag.py
[2020-12-20 05:19:50,858] {scheduler_job.py:639} INFO - DAG(s) dict_keys(['example_nested_branch_dag']) retrieved from /Users/harshittyagi/lil/de_env/lib/python3.8/site-packages/airflow/example_dags/example_nested_branch_dag.py
[2020-12-20 05:19:50,859] {logging_mixin.py:103} INFO - [2020-12-20 05:19:50,859] {dag.py:1813} INFO - Sync 1 DAGs
[2020-12-20 05:19:50,895] {logging_mixin.py:103} INFO - [2020-12-20 05:19:50,895] {dag.py:2266} INFO - Setting next_dagrun for example_nested_branch_dag to 2020-12-17 00:00:00+00:00
[2020-12-20 05:19:50,909] {scheduler_job.py:189} INFO - Processing /Users/harshittyagi/lil/de_env/lib/python3.8/site-packages/airflow/example_dags/example_nested_branch_dag.py took 0.060 seconds
[2020-12-20 05:20:48,141] {scheduler_job.py:181} INFO - Started process (PID=66759) to work on /Users/harshittyagi/lil/de_env/lib/python3.8/site-packages/airflow/example_dags/example_nested_branch_dag.py
[2020-12-20 05:20:48,142] {scheduler_job.py:629} INFO - Processing file /Users/harshittyagi/lil/de_env/lib/python3.8/site-packages/airflow/example_dags/example_nested_branch_dag.py for tasks to queue
[2020-12-20 05:20:48,142] {logging_mixin.py:103} INFO - [2020-12-20 05:20:48,142] {dagbag.py:440} INFO - Filling up the DagBag from /Users/harshittyagi/lil/de_env/lib/python3.8/site-packages/airflow/example_dags/example_nested_branch_dag.py
[2020-12-20 05:20:48,150] {scheduler_job.py:639} INFO - DAG(s) dict_keys(['example_nested_branch_dag']) retrieved from /Users/harshittyagi/lil/de_env/lib/python3.8/site-packages/airflow/example_dags/example_nested_branch_dag.py
[2020-12-20 05:20:48,150] {logging_mixin.py:103} INFO - [2020-12-20 05:20:48,150] {dag.py:1813} INFO - Sync 1 DAGs
[2020-12-20 05:20:48,185] {logging_mixin.py:103} INFO - [2020-12-20 05:20:48,184] {dag.py:2266} INFO - Setting next_dagrun for example_nested_branch_dag to 2020-12-17 00:00:00+00:00
[2020-12-20 05:20:48,198] {scheduler_job.py:189} INFO - Processing /Users/harshittyagi/lil/de_env/lib/python3.8/site-packages/airflow/example_dags/example_nested_branch_dag.py took 0.058 seconds
[2020-12-20 05:21:43,668] {scheduler_job.py:181} INFO - Started process (PID=67043) to work on /Users/harshittyagi/lil/de_env/lib/python3.8/site-packages/airflow/example_dags/example_nested_branch_dag.py
[2020-12-20 05:21:43,668] {scheduler_job.py:629} INFO - Processing file /Users/harshittyagi/lil/de_env/lib/python3.8/site-packages/airflow/example_dags/example_nested_branch_dag.py for tasks to queue
[2020-12-20 05:21:43,668] {logging_mixin.py:103} INFO - [2020-12-20 05:21:43,668] {dagbag.py:440} INFO - Filling up the DagBag from /Users/harshittyagi/lil/de_env/lib/python3.8/site-packages/airflow/example_dags/example_nested_branch_dag.py
[2020-12-20 05:21:43,674] {scheduler_job.py:639} INFO - DAG(s) dict_keys(['example_nested_branch_dag']) retrieved from /Users/harshittyagi/lil/de_env/lib/python3.8/site-packages/airflow/example_dags/example_nested_branch_dag.py
[2020-12-20 05:21:43,675] {logging_mixin.py:103} INFO - [2020-12-20 05:21:43,675] {dag.py:1813} INFO - Sync 1 DAGs
[2020-12-20 05:21:43,706] {logging_mixin.py:103} INFO - [2020-12-20 05:21:43,706] {dag.py:2266} INFO - Setting next_dagrun for example_nested_branch_dag to 2020-12-17 00:00:00+00:00
[2020-12-20 05:21:43,714] {scheduler_job.py:189} INFO - Processing /Users/harshittyagi/lil/de_env/lib/python3.8/site-packages/airflow/example_dags/example_nested_branch_dag.py took 0.047 seconds
[2020-12-20 05:22:38,812] {scheduler_job.py:181} INFO - Started process (PID=67327) to work on /Users/harshittyagi/lil/de_env/lib/python3.8/site-packages/airflow/example_dags/example_nested_branch_dag.py
[2020-12-20 05:22:38,813] {scheduler_job.py:629} INFO - Processing file /Users/harshittyagi/lil/de_env/lib/python3.8/site-packages/airflow/example_dags/example_nested_branch_dag.py for tasks to queue
[2020-12-20 05:22:38,813] {logging_mixin.py:103} INFO - [2020-12-20 05:22:38,813] {dagbag.py:440} INFO - Filling up the DagBag from /Users/harshittyagi/lil/de_env/lib/python3.8/site-packages/airflow/example_dags/example_nested_branch_dag.py
[2020-12-20 05:22:38,820] {scheduler_job.py:639} INFO - DAG(s) dict_keys(['example_nested_branch_dag']) retrieved from /Users/harshittyagi/lil/de_env/lib/python3.8/site-packages/airflow/example_dags/example_nested_branch_dag.py
[2020-12-20 05:22:38,820] {logging_mixin.py:103} INFO - [2020-12-20 05:22:38,820] {dag.py:1813} INFO - Sync 1 DAGs
[2020-12-20 05:22:38,854] {logging_mixin.py:103} INFO - [2020-12-20 05:22:38,854] {dag.py:2266} INFO - Setting next_dagrun for example_nested_branch_dag to 2020-12-17 00:00:00+00:00
[2020-12-20 05:22:38,867] {scheduler_job.py:189} INFO - Processing /Users/harshittyagi/lil/de_env/lib/python3.8/site-packages/airflow/example_dags/example_nested_branch_dag.py took 0.055 seconds
[2020-12-20 05:23:33,931] {scheduler_job.py:181} INFO - Started process (PID=67618) to work on /Users/harshittyagi/lil/de_env/lib/python3.8/site-packages/airflow/example_dags/example_nested_branch_dag.py
[2020-12-20 05:23:33,931] {scheduler_job.py:629} INFO - Processing file /Users/harshittyagi/lil/de_env/lib/python3.8/site-packages/airflow/example_dags/example_nested_branch_dag.py for tasks to queue
[2020-12-20 05:23:33,932] {logging_mixin.py:103} INFO - [2020-12-20 05:23:33,932] {dagbag.py:440} INFO - Filling up the DagBag from /Users/harshittyagi/lil/de_env/lib/python3.8/site-packages/airflow/example_dags/example_nested_branch_dag.py
[2020-12-20 05:23:33,937] {scheduler_job.py:639} INFO - DAG(s) dict_keys(['example_nested_branch_dag']) retrieved from /Users/harshittyagi/lil/de_env/lib/python3.8/site-packages/airflow/example_dags/example_nested_branch_dag.py
[2020-12-20 05:23:33,938] {logging_mixin.py:103} INFO - [2020-12-20 05:23:33,938] {dag.py:1813} INFO - Sync 1 DAGs
[2020-12-20 05:23:33,971] {logging_mixin.py:103} INFO - [2020-12-20 05:23:33,971] {dag.py:2266} INFO - Setting next_dagrun for example_nested_branch_dag to 2020-12-17 00:00:00+00:00
[2020-12-20 05:23:33,983] {scheduler_job.py:189} INFO - Processing /Users/harshittyagi/lil/de_env/lib/python3.8/site-packages/airflow/example_dags/example_nested_branch_dag.py took 0.052 seconds
[2020-12-20 05:24:28,988] {scheduler_job.py:181} INFO - Started process (PID=67908) to work on /Users/harshittyagi/lil/de_env/lib/python3.8/site-packages/airflow/example_dags/example_nested_branch_dag.py
[2020-12-20 05:24:28,989] {scheduler_job.py:629} INFO - Processing file /Users/harshittyagi/lil/de_env/lib/python3.8/site-packages/airflow/example_dags/example_nested_branch_dag.py for tasks to queue
[2020-12-20 05:24:28,989] {logging_mixin.py:103} INFO - [2020-12-20 05:24:28,989] {dagbag.py:440} INFO - Filling up the DagBag from /Users/harshittyagi/lil/de_env/lib/python3.8/site-packages/airflow/example_dags/example_nested_branch_dag.py
[2020-12-20 05:24:28,996] {scheduler_job.py:639} INFO - DAG(s) dict_keys(['example_nested_branch_dag']) retrieved from /Users/harshittyagi/lil/de_env/lib/python3.8/site-packages/airflow/example_dags/example_nested_branch_dag.py
[2020-12-20 05:24:28,997] {logging_mixin.py:103} INFO - [2020-12-20 05:24:28,997] {dag.py:1813} INFO - Sync 1 DAGs
[2020-12-20 05:24:29,031] {logging_mixin.py:103} INFO - [2020-12-20 05:24:29,031] {dag.py:2266} INFO - Setting next_dagrun for example_nested_branch_dag to 2020-12-17 00:00:00+00:00
[2020-12-20 05:24:29,043] {scheduler_job.py:189} INFO - Processing /Users/harshittyagi/lil/de_env/lib/python3.8/site-packages/airflow/example_dags/example_nested_branch_dag.py took 0.055 seconds
[2020-12-20 05:25:24,103] {scheduler_job.py:181} INFO - Started process (PID=68195) to work on /Users/harshittyagi/lil/de_env/lib/python3.8/site-packages/airflow/example_dags/example_nested_branch_dag.py
[2020-12-20 05:25:24,103] {scheduler_job.py:629} INFO - Processing file /Users/harshittyagi/lil/de_env/lib/python3.8/site-packages/airflow/example_dags/example_nested_branch_dag.py for tasks to queue
[2020-12-20 05:25:24,103] {logging_mixin.py:103} INFO - [2020-12-20 05:25:24,103] {dagbag.py:440} INFO - Filling up the DagBag from /Users/harshittyagi/lil/de_env/lib/python3.8/site-packages/airflow/example_dags/example_nested_branch_dag.py
[2020-12-20 05:25:24,111] {scheduler_job.py:639} INFO - DAG(s) dict_keys(['example_nested_branch_dag']) retrieved from /Users/harshittyagi/lil/de_env/lib/python3.8/site-packages/airflow/example_dags/example_nested_branch_dag.py
[2020-12-20 05:25:24,111] {logging_mixin.py:103} INFO - [2020-12-20 05:25:24,111] {dag.py:1813} INFO - Sync 1 DAGs
[2020-12-20 05:25:24,145] {logging_mixin.py:103} INFO - [2020-12-20 05:25:24,145] {dag.py:2266} INFO - Setting next_dagrun for example_nested_branch_dag to 2020-12-17 00:00:00+00:00
[2020-12-20 05:25:24,158] {scheduler_job.py:189} INFO - Processing /Users/harshittyagi/lil/de_env/lib/python3.8/site-packages/airflow/example_dags/example_nested_branch_dag.py took 0.056 seconds
[2020-12-20 05:26:19,488] {scheduler_job.py:181} INFO - Started process (PID=68476) to work on /Users/harshittyagi/lil/de_env/lib/python3.8/site-packages/airflow/example_dags/example_nested_branch_dag.py
[2020-12-20 05:26:19,489] {scheduler_job.py:629} INFO - Processing file /Users/harshittyagi/lil/de_env/lib/python3.8/site-packages/airflow/example_dags/example_nested_branch_dag.py for tasks to queue
[2020-12-20 05:26:19,489] {logging_mixin.py:103} INFO - [2020-12-20 05:26:19,489] {dagbag.py:440} INFO - Filling up the DagBag from /Users/harshittyagi/lil/de_env/lib/python3.8/site-packages/airflow/example_dags/example_nested_branch_dag.py
[2020-12-20 05:26:19,496] {scheduler_job.py:639} INFO - DAG(s) dict_keys(['example_nested_branch_dag']) retrieved from /Users/harshittyagi/lil/de_env/lib/python3.8/site-packages/airflow/example_dags/example_nested_branch_dag.py
[2020-12-20 05:26:19,497] {logging_mixin.py:103} INFO - [2020-12-20 05:26:19,497] {dag.py:1813} INFO - Sync 1 DAGs
[2020-12-20 05:26:19,531] {logging_mixin.py:103} INFO - [2020-12-20 05:26:19,531] {dag.py:2266} INFO - Setting next_dagrun for example_nested_branch_dag to 2020-12-17 00:00:00+00:00
[2020-12-20 05:26:19,543] {scheduler_job.py:189} INFO - Processing /Users/harshittyagi/lil/de_env/lib/python3.8/site-packages/airflow/example_dags/example_nested_branch_dag.py took 0.056 seconds
[2020-12-20 05:27:14,446] {scheduler_job.py:181} INFO - Started process (PID=68763) to work on /Users/harshittyagi/lil/de_env/lib/python3.8/site-packages/airflow/example_dags/example_nested_branch_dag.py
[2020-12-20 05:27:14,446] {scheduler_job.py:629} INFO - Processing file /Users/harshittyagi/lil/de_env/lib/python3.8/site-packages/airflow/example_dags/example_nested_branch_dag.py for tasks to queue
[2020-12-20 05:27:14,447] {logging_mixin.py:103} INFO - [2020-12-20 05:27:14,447] {dagbag.py:440} INFO - Filling up the DagBag from /Users/harshittyagi/lil/de_env/lib/python3.8/site-packages/airflow/example_dags/example_nested_branch_dag.py
[2020-12-20 05:27:14,452] {scheduler_job.py:639} INFO - DAG(s) dict_keys(['example_nested_branch_dag']) retrieved from /Users/harshittyagi/lil/de_env/lib/python3.8/site-packages/airflow/example_dags/example_nested_branch_dag.py
[2020-12-20 05:27:14,453] {logging_mixin.py:103} INFO - [2020-12-20 05:27:14,453] {dag.py:1813} INFO - Sync 1 DAGs
[2020-12-20 05:27:14,481] {logging_mixin.py:103} INFO - [2020-12-20 05:27:14,481] {dag.py:2266} INFO - Setting next_dagrun for example_nested_branch_dag to 2020-12-17 00:00:00+00:00
[2020-12-20 05:27:14,493] {scheduler_job.py:189} INFO - Processing /Users/harshittyagi/lil/de_env/lib/python3.8/site-packages/airflow/example_dags/example_nested_branch_dag.py took 0.047 seconds
[2020-12-20 05:28:12,013] {scheduler_job.py:181} INFO - Started process (PID=69048) to work on /Users/harshittyagi/lil/de_env/lib/python3.8/site-packages/airflow/example_dags/example_nested_branch_dag.py
[2020-12-20 05:28:12,014] {scheduler_job.py:629} INFO - Processing file /Users/harshittyagi/lil/de_env/lib/python3.8/site-packages/airflow/example_dags/example_nested_branch_dag.py for tasks to queue
[2020-12-20 05:28:12,014] {logging_mixin.py:103} INFO - [2020-12-20 05:28:12,014] {dagbag.py:440} INFO - Filling up the DagBag from /Users/harshittyagi/lil/de_env/lib/python3.8/site-packages/airflow/example_dags/example_nested_branch_dag.py
[2020-12-20 05:28:12,021] {scheduler_job.py:639} INFO - DAG(s) dict_keys(['example_nested_branch_dag']) retrieved from /Users/harshittyagi/lil/de_env/lib/python3.8/site-packages/airflow/example_dags/example_nested_branch_dag.py
[2020-12-20 05:28:12,021] {logging_mixin.py:103} INFO - [2020-12-20 05:28:12,021] {dag.py:1813} INFO - Sync 1 DAGs
[2020-12-20 05:28:12,054] {logging_mixin.py:103} INFO - [2020-12-20 05:28:12,054] {dag.py:2266} INFO - Setting next_dagrun for example_nested_branch_dag to 2020-12-17 00:00:00+00:00
[2020-12-20 05:28:12,064] {scheduler_job.py:189} INFO - Processing /Users/harshittyagi/lil/de_env/lib/python3.8/site-packages/airflow/example_dags/example_nested_branch_dag.py took 0.052 seconds
[2020-12-20 05:29:05,907] {scheduler_job.py:181} INFO - Started process (PID=69336) to work on /Users/harshittyagi/lil/de_env/lib/python3.8/site-packages/airflow/example_dags/example_nested_branch_dag.py
[2020-12-20 05:29:05,908] {scheduler_job.py:629} INFO - Processing file /Users/harshittyagi/lil/de_env/lib/python3.8/site-packages/airflow/example_dags/example_nested_branch_dag.py for tasks to queue
[2020-12-20 05:29:05,908] {logging_mixin.py:103} INFO - [2020-12-20 05:29:05,908] {dagbag.py:440} INFO - Filling up the DagBag from /Users/harshittyagi/lil/de_env/lib/python3.8/site-packages/airflow/example_dags/example_nested_branch_dag.py
[2020-12-20 05:29:05,915] {scheduler_job.py:639} INFO - DAG(s) dict_keys(['example_nested_branch_dag']) retrieved from /Users/harshittyagi/lil/de_env/lib/python3.8/site-packages/airflow/example_dags/example_nested_branch_dag.py
[2020-12-20 05:29:05,915] {logging_mixin.py:103} INFO - [2020-12-20 05:29:05,915] {dag.py:1813} INFO - Sync 1 DAGs
[2020-12-20 05:29:05,947] {logging_mixin.py:103} INFO - [2020-12-20 05:29:05,947] {dag.py:2266} INFO - Setting next_dagrun for example_nested_branch_dag to 2020-12-17 00:00:00+00:00
[2020-12-20 05:29:05,957] {scheduler_job.py:189} INFO - Processing /Users/harshittyagi/lil/de_env/lib/python3.8/site-packages/airflow/example_dags/example_nested_branch_dag.py took 0.051 seconds
[2020-12-20 05:29:59,935] {scheduler_job.py:181} INFO - Started process (PID=69618) to work on /Users/harshittyagi/lil/de_env/lib/python3.8/site-packages/airflow/example_dags/example_nested_branch_dag.py
[2020-12-20 05:29:59,935] {scheduler_job.py:629} INFO - Processing file /Users/harshittyagi/lil/de_env/lib/python3.8/site-packages/airflow/example_dags/example_nested_branch_dag.py for tasks to queue
[2020-12-20 05:29:59,935] {logging_mixin.py:103} INFO - [2020-12-20 05:29:59,935] {dagbag.py:440} INFO - Filling up the DagBag from /Users/harshittyagi/lil/de_env/lib/python3.8/site-packages/airflow/example_dags/example_nested_branch_dag.py
[2020-12-20 05:29:59,942] {scheduler_job.py:639} INFO - DAG(s) dict_keys(['example_nested_branch_dag']) retrieved from /Users/harshittyagi/lil/de_env/lib/python3.8/site-packages/airflow/example_dags/example_nested_branch_dag.py
[2020-12-20 05:29:59,942] {logging_mixin.py:103} INFO - [2020-12-20 05:29:59,942] {dag.py:1813} INFO - Sync 1 DAGs
[2020-12-20 05:29:59,974] {logging_mixin.py:103} INFO - [2020-12-20 05:29:59,974] {dag.py:2266} INFO - Setting next_dagrun for example_nested_branch_dag to 2020-12-17 00:00:00+00:00
[2020-12-20 05:29:59,984] {scheduler_job.py:189} INFO - Processing /Users/harshittyagi/lil/de_env/lib/python3.8/site-packages/airflow/example_dags/example_nested_branch_dag.py took 0.050 seconds
