[2020-12-20 04:41:35,761] {scheduler_job.py:181} INFO - Started process (PID=54436) to work on /Users/harshittyagi/lil/de_env/lib/python3.8/site-packages/airflow/example_dags/example_branch_operator.py
[2020-12-20 04:41:35,761] {scheduler_job.py:629} INFO - Processing file /Users/harshittyagi/lil/de_env/lib/python3.8/site-packages/airflow/example_dags/example_branch_operator.py for tasks to queue
[2020-12-20 04:41:35,761] {logging_mixin.py:103} INFO - [2020-12-20 04:41:35,761] {dagbag.py:440} INFO - Filling up the DagBag from /Users/harshittyagi/lil/de_env/lib/python3.8/site-packages/airflow/example_dags/example_branch_operator.py
[2020-12-20 04:41:35,768] {scheduler_job.py:639} INFO - DAG(s) dict_keys(['example_branch_operator']) retrieved from /Users/harshittyagi/lil/de_env/lib/python3.8/site-packages/airflow/example_dags/example_branch_operator.py
[2020-12-20 04:41:35,768] {logging_mixin.py:103} INFO - [2020-12-20 04:41:35,768] {dag.py:1813} INFO - Sync 1 DAGs
[2020-12-20 04:41:35,800] {logging_mixin.py:103} INFO - [2020-12-20 04:41:35,800] {dag.py:2266} INFO - Setting next_dagrun for example_branch_operator to 2020-12-17 00:00:00+00:00
[2020-12-20 04:41:35,812] {scheduler_job.py:189} INFO - Processing /Users/harshittyagi/lil/de_env/lib/python3.8/site-packages/airflow/example_dags/example_branch_operator.py took 0.052 seconds
[2020-12-20 04:42:29,922] {scheduler_job.py:181} INFO - Started process (PID=54739) to work on /Users/harshittyagi/lil/de_env/lib/python3.8/site-packages/airflow/example_dags/example_branch_operator.py
[2020-12-20 04:42:29,923] {scheduler_job.py:629} INFO - Processing file /Users/harshittyagi/lil/de_env/lib/python3.8/site-packages/airflow/example_dags/example_branch_operator.py for tasks to queue
[2020-12-20 04:42:29,923] {logging_mixin.py:103} INFO - [2020-12-20 04:42:29,923] {dagbag.py:440} INFO - Filling up the DagBag from /Users/harshittyagi/lil/de_env/lib/python3.8/site-packages/airflow/example_dags/example_branch_operator.py
[2020-12-20 04:42:29,930] {scheduler_job.py:639} INFO - DAG(s) dict_keys(['example_branch_operator']) retrieved from /Users/harshittyagi/lil/de_env/lib/python3.8/site-packages/airflow/example_dags/example_branch_operator.py
[2020-12-20 04:42:29,930] {logging_mixin.py:103} INFO - [2020-12-20 04:42:29,930] {dag.py:1813} INFO - Sync 1 DAGs
[2020-12-20 04:42:29,962] {logging_mixin.py:103} INFO - [2020-12-20 04:42:29,962] {dag.py:2266} INFO - Setting next_dagrun for example_branch_operator to 2020-12-17 00:00:00+00:00
[2020-12-20 04:42:29,975] {scheduler_job.py:189} INFO - Processing /Users/harshittyagi/lil/de_env/lib/python3.8/site-packages/airflow/example_dags/example_branch_operator.py took 0.053 seconds
[2020-12-20 04:43:24,187] {scheduler_job.py:181} INFO - Started process (PID=55032) to work on /Users/harshittyagi/lil/de_env/lib/python3.8/site-packages/airflow/example_dags/example_branch_operator.py
[2020-12-20 04:43:24,189] {scheduler_job.py:629} INFO - Processing file /Users/harshittyagi/lil/de_env/lib/python3.8/site-packages/airflow/example_dags/example_branch_operator.py for tasks to queue
[2020-12-20 04:43:24,189] {logging_mixin.py:103} INFO - [2020-12-20 04:43:24,189] {dagbag.py:440} INFO - Filling up the DagBag from /Users/harshittyagi/lil/de_env/lib/python3.8/site-packages/airflow/example_dags/example_branch_operator.py
[2020-12-20 04:43:24,197] {scheduler_job.py:639} INFO - DAG(s) dict_keys(['example_branch_operator']) retrieved from /Users/harshittyagi/lil/de_env/lib/python3.8/site-packages/airflow/example_dags/example_branch_operator.py
[2020-12-20 04:43:24,198] {logging_mixin.py:103} INFO - [2020-12-20 04:43:24,198] {dag.py:1813} INFO - Sync 1 DAGs
[2020-12-20 04:43:24,232] {logging_mixin.py:103} INFO - [2020-12-20 04:43:24,232] {dag.py:2266} INFO - Setting next_dagrun for example_branch_operator to 2020-12-17 00:00:00+00:00
[2020-12-20 04:43:24,246] {scheduler_job.py:189} INFO - Processing /Users/harshittyagi/lil/de_env/lib/python3.8/site-packages/airflow/example_dags/example_branch_operator.py took 0.059 seconds
[2020-12-20 04:44:38,042] {scheduler_job.py:181} INFO - Started process (PID=55324) to work on /Users/harshittyagi/lil/de_env/lib/python3.8/site-packages/airflow/example_dags/example_branch_operator.py
[2020-12-20 04:44:38,043] {scheduler_job.py:629} INFO - Processing file /Users/harshittyagi/lil/de_env/lib/python3.8/site-packages/airflow/example_dags/example_branch_operator.py for tasks to queue
[2020-12-20 04:44:38,044] {logging_mixin.py:103} INFO - [2020-12-20 04:44:38,044] {dagbag.py:440} INFO - Filling up the DagBag from /Users/harshittyagi/lil/de_env/lib/python3.8/site-packages/airflow/example_dags/example_branch_operator.py
[2020-12-20 04:44:38,058] {scheduler_job.py:639} INFO - DAG(s) dict_keys(['example_branch_operator']) retrieved from /Users/harshittyagi/lil/de_env/lib/python3.8/site-packages/airflow/example_dags/example_branch_operator.py
[2020-12-20 04:44:38,059] {logging_mixin.py:103} INFO - [2020-12-20 04:44:38,059] {dag.py:1813} INFO - Sync 1 DAGs
[2020-12-20 04:44:38,105] {logging_mixin.py:103} INFO - [2020-12-20 04:44:38,105] {dag.py:2266} INFO - Setting next_dagrun for example_branch_operator to 2020-12-17 00:00:00+00:00
[2020-12-20 04:44:38,129] {scheduler_job.py:189} INFO - Processing /Users/harshittyagi/lil/de_env/lib/python3.8/site-packages/airflow/example_dags/example_branch_operator.py took 0.087 seconds
[2020-12-20 04:45:31,649] {scheduler_job.py:181} INFO - Started process (PID=55614) to work on /Users/harshittyagi/lil/de_env/lib/python3.8/site-packages/airflow/example_dags/example_branch_operator.py
[2020-12-20 04:45:31,649] {scheduler_job.py:629} INFO - Processing file /Users/harshittyagi/lil/de_env/lib/python3.8/site-packages/airflow/example_dags/example_branch_operator.py for tasks to queue
[2020-12-20 04:45:31,649] {logging_mixin.py:103} INFO - [2020-12-20 04:45:31,649] {dagbag.py:440} INFO - Filling up the DagBag from /Users/harshittyagi/lil/de_env/lib/python3.8/site-packages/airflow/example_dags/example_branch_operator.py
[2020-12-20 04:45:31,655] {scheduler_job.py:639} INFO - DAG(s) dict_keys(['example_branch_operator']) retrieved from /Users/harshittyagi/lil/de_env/lib/python3.8/site-packages/airflow/example_dags/example_branch_operator.py
[2020-12-20 04:45:31,656] {logging_mixin.py:103} INFO - [2020-12-20 04:45:31,656] {dag.py:1813} INFO - Sync 1 DAGs
[2020-12-20 04:45:31,685] {logging_mixin.py:103} INFO - [2020-12-20 04:45:31,685] {dag.py:2266} INFO - Setting next_dagrun for example_branch_operator to 2020-12-17 00:00:00+00:00
[2020-12-20 04:45:31,696] {scheduler_job.py:189} INFO - Processing /Users/harshittyagi/lil/de_env/lib/python3.8/site-packages/airflow/example_dags/example_branch_operator.py took 0.048 seconds
[2020-12-20 04:46:26,447] {scheduler_job.py:181} INFO - Started process (PID=55898) to work on /Users/harshittyagi/lil/de_env/lib/python3.8/site-packages/airflow/example_dags/example_branch_operator.py
[2020-12-20 04:46:26,447] {scheduler_job.py:629} INFO - Processing file /Users/harshittyagi/lil/de_env/lib/python3.8/site-packages/airflow/example_dags/example_branch_operator.py for tasks to queue
[2020-12-20 04:46:26,448] {logging_mixin.py:103} INFO - [2020-12-20 04:46:26,448] {dagbag.py:440} INFO - Filling up the DagBag from /Users/harshittyagi/lil/de_env/lib/python3.8/site-packages/airflow/example_dags/example_branch_operator.py
[2020-12-20 04:46:26,454] {scheduler_job.py:639} INFO - DAG(s) dict_keys(['example_branch_operator']) retrieved from /Users/harshittyagi/lil/de_env/lib/python3.8/site-packages/airflow/example_dags/example_branch_operator.py
[2020-12-20 04:46:26,454] {logging_mixin.py:103} INFO - [2020-12-20 04:46:26,454] {dag.py:1813} INFO - Sync 1 DAGs
[2020-12-20 04:46:26,484] {logging_mixin.py:103} INFO - [2020-12-20 04:46:26,483] {dag.py:2266} INFO - Setting next_dagrun for example_branch_operator to 2020-12-17 00:00:00+00:00
[2020-12-20 04:46:26,495] {scheduler_job.py:189} INFO - Processing /Users/harshittyagi/lil/de_env/lib/python3.8/site-packages/airflow/example_dags/example_branch_operator.py took 0.048 seconds
[2020-12-20 04:47:20,042] {scheduler_job.py:181} INFO - Started process (PID=56183) to work on /Users/harshittyagi/lil/de_env/lib/python3.8/site-packages/airflow/example_dags/example_branch_operator.py
[2020-12-20 04:47:20,042] {scheduler_job.py:629} INFO - Processing file /Users/harshittyagi/lil/de_env/lib/python3.8/site-packages/airflow/example_dags/example_branch_operator.py for tasks to queue
[2020-12-20 04:47:20,042] {logging_mixin.py:103} INFO - [2020-12-20 04:47:20,042] {dagbag.py:440} INFO - Filling up the DagBag from /Users/harshittyagi/lil/de_env/lib/python3.8/site-packages/airflow/example_dags/example_branch_operator.py
[2020-12-20 04:47:20,048] {scheduler_job.py:639} INFO - DAG(s) dict_keys(['example_branch_operator']) retrieved from /Users/harshittyagi/lil/de_env/lib/python3.8/site-packages/airflow/example_dags/example_branch_operator.py
[2020-12-20 04:47:20,049] {logging_mixin.py:103} INFO - [2020-12-20 04:47:20,049] {dag.py:1813} INFO - Sync 1 DAGs
[2020-12-20 04:47:20,077] {logging_mixin.py:103} INFO - [2020-12-20 04:47:20,077] {dag.py:2266} INFO - Setting next_dagrun for example_branch_operator to 2020-12-17 00:00:00+00:00
[2020-12-20 04:47:20,088] {scheduler_job.py:189} INFO - Processing /Users/harshittyagi/lil/de_env/lib/python3.8/site-packages/airflow/example_dags/example_branch_operator.py took 0.047 seconds
[2020-12-20 04:48:13,606] {scheduler_job.py:181} INFO - Started process (PID=56470) to work on /Users/harshittyagi/lil/de_env/lib/python3.8/site-packages/airflow/example_dags/example_branch_operator.py
[2020-12-20 04:48:13,606] {scheduler_job.py:629} INFO - Processing file /Users/harshittyagi/lil/de_env/lib/python3.8/site-packages/airflow/example_dags/example_branch_operator.py for tasks to queue
[2020-12-20 04:48:13,607] {logging_mixin.py:103} INFO - [2020-12-20 04:48:13,606] {dagbag.py:440} INFO - Filling up the DagBag from /Users/harshittyagi/lil/de_env/lib/python3.8/site-packages/airflow/example_dags/example_branch_operator.py
[2020-12-20 04:48:13,613] {scheduler_job.py:639} INFO - DAG(s) dict_keys(['example_branch_operator']) retrieved from /Users/harshittyagi/lil/de_env/lib/python3.8/site-packages/airflow/example_dags/example_branch_operator.py
[2020-12-20 04:48:13,613] {logging_mixin.py:103} INFO - [2020-12-20 04:48:13,613] {dag.py:1813} INFO - Sync 1 DAGs
[2020-12-20 04:48:13,643] {logging_mixin.py:103} INFO - [2020-12-20 04:48:13,643] {dag.py:2266} INFO - Setting next_dagrun for example_branch_operator to 2020-12-17 00:00:00+00:00
[2020-12-20 04:48:13,656] {scheduler_job.py:189} INFO - Processing /Users/harshittyagi/lil/de_env/lib/python3.8/site-packages/airflow/example_dags/example_branch_operator.py took 0.051 seconds
[2020-12-20 04:49:07,131] {scheduler_job.py:181} INFO - Started process (PID=56754) to work on /Users/harshittyagi/lil/de_env/lib/python3.8/site-packages/airflow/example_dags/example_branch_operator.py
[2020-12-20 04:49:07,131] {scheduler_job.py:629} INFO - Processing file /Users/harshittyagi/lil/de_env/lib/python3.8/site-packages/airflow/example_dags/example_branch_operator.py for tasks to queue
[2020-12-20 04:49:07,132] {logging_mixin.py:103} INFO - [2020-12-20 04:49:07,131] {dagbag.py:440} INFO - Filling up the DagBag from /Users/harshittyagi/lil/de_env/lib/python3.8/site-packages/airflow/example_dags/example_branch_operator.py
[2020-12-20 04:49:07,138] {scheduler_job.py:639} INFO - DAG(s) dict_keys(['example_branch_operator']) retrieved from /Users/harshittyagi/lil/de_env/lib/python3.8/site-packages/airflow/example_dags/example_branch_operator.py
[2020-12-20 04:49:07,139] {logging_mixin.py:103} INFO - [2020-12-20 04:49:07,139] {dag.py:1813} INFO - Sync 1 DAGs
[2020-12-20 04:49:07,168] {logging_mixin.py:103} INFO - [2020-12-20 04:49:07,168] {dag.py:2266} INFO - Setting next_dagrun for example_branch_operator to 2020-12-17 00:00:00+00:00
[2020-12-20 04:49:07,176] {scheduler_job.py:189} INFO - Processing /Users/harshittyagi/lil/de_env/lib/python3.8/site-packages/airflow/example_dags/example_branch_operator.py took 0.045 seconds
[2020-12-20 04:50:00,875] {scheduler_job.py:181} INFO - Started process (PID=57036) to work on /Users/harshittyagi/lil/de_env/lib/python3.8/site-packages/airflow/example_dags/example_branch_operator.py
[2020-12-20 04:50:00,875] {scheduler_job.py:629} INFO - Processing file /Users/harshittyagi/lil/de_env/lib/python3.8/site-packages/airflow/example_dags/example_branch_operator.py for tasks to queue
[2020-12-20 04:50:00,876] {logging_mixin.py:103} INFO - [2020-12-20 04:50:00,876] {dagbag.py:440} INFO - Filling up the DagBag from /Users/harshittyagi/lil/de_env/lib/python3.8/site-packages/airflow/example_dags/example_branch_operator.py
[2020-12-20 04:50:00,883] {scheduler_job.py:639} INFO - DAG(s) dict_keys(['example_branch_operator']) retrieved from /Users/harshittyagi/lil/de_env/lib/python3.8/site-packages/airflow/example_dags/example_branch_operator.py
[2020-12-20 04:50:00,883] {logging_mixin.py:103} INFO - [2020-12-20 04:50:00,883] {dag.py:1813} INFO - Sync 1 DAGs
[2020-12-20 04:50:00,916] {logging_mixin.py:103} INFO - [2020-12-20 04:50:00,916] {dag.py:2266} INFO - Setting next_dagrun for example_branch_operator to 2020-12-17 00:00:00+00:00
[2020-12-20 04:50:00,927] {scheduler_job.py:189} INFO - Processing /Users/harshittyagi/lil/de_env/lib/python3.8/site-packages/airflow/example_dags/example_branch_operator.py took 0.052 seconds
[2020-12-20 04:50:54,562] {scheduler_job.py:181} INFO - Started process (PID=57322) to work on /Users/harshittyagi/lil/de_env/lib/python3.8/site-packages/airflow/example_dags/example_branch_operator.py
[2020-12-20 04:50:54,563] {scheduler_job.py:629} INFO - Processing file /Users/harshittyagi/lil/de_env/lib/python3.8/site-packages/airflow/example_dags/example_branch_operator.py for tasks to queue
[2020-12-20 04:50:54,563] {logging_mixin.py:103} INFO - [2020-12-20 04:50:54,563] {dagbag.py:440} INFO - Filling up the DagBag from /Users/harshittyagi/lil/de_env/lib/python3.8/site-packages/airflow/example_dags/example_branch_operator.py
[2020-12-20 04:50:54,569] {scheduler_job.py:639} INFO - DAG(s) dict_keys(['example_branch_operator']) retrieved from /Users/harshittyagi/lil/de_env/lib/python3.8/site-packages/airflow/example_dags/example_branch_operator.py
[2020-12-20 04:50:54,569] {logging_mixin.py:103} INFO - [2020-12-20 04:50:54,569] {dag.py:1813} INFO - Sync 1 DAGs
[2020-12-20 04:50:54,598] {logging_mixin.py:103} INFO - [2020-12-20 04:50:54,598] {dag.py:2266} INFO - Setting next_dagrun for example_branch_operator to 2020-12-17 00:00:00+00:00
[2020-12-20 04:50:54,609] {scheduler_job.py:189} INFO - Processing /Users/harshittyagi/lil/de_env/lib/python3.8/site-packages/airflow/example_dags/example_branch_operator.py took 0.047 seconds
[2020-12-20 04:51:47,184] {scheduler_job.py:181} INFO - Started process (PID=57607) to work on /Users/harshittyagi/lil/de_env/lib/python3.8/site-packages/airflow/example_dags/example_branch_operator.py
[2020-12-20 04:51:47,184] {scheduler_job.py:629} INFO - Processing file /Users/harshittyagi/lil/de_env/lib/python3.8/site-packages/airflow/example_dags/example_branch_operator.py for tasks to queue
[2020-12-20 04:51:47,185] {logging_mixin.py:103} INFO - [2020-12-20 04:51:47,185] {dagbag.py:440} INFO - Filling up the DagBag from /Users/harshittyagi/lil/de_env/lib/python3.8/site-packages/airflow/example_dags/example_branch_operator.py
[2020-12-20 04:51:47,192] {scheduler_job.py:639} INFO - DAG(s) dict_keys(['example_branch_operator']) retrieved from /Users/harshittyagi/lil/de_env/lib/python3.8/site-packages/airflow/example_dags/example_branch_operator.py
[2020-12-20 04:51:47,192] {logging_mixin.py:103} INFO - [2020-12-20 04:51:47,192] {dag.py:1813} INFO - Sync 1 DAGs
[2020-12-20 04:51:47,222] {logging_mixin.py:103} INFO - [2020-12-20 04:51:47,222] {dag.py:2266} INFO - Setting next_dagrun for example_branch_operator to 2020-12-17 00:00:00+00:00
[2020-12-20 04:51:47,234] {scheduler_job.py:189} INFO - Processing /Users/harshittyagi/lil/de_env/lib/python3.8/site-packages/airflow/example_dags/example_branch_operator.py took 0.051 seconds
[2020-12-20 04:52:38,792] {scheduler_job.py:181} INFO - Started process (PID=57892) to work on /Users/harshittyagi/lil/de_env/lib/python3.8/site-packages/airflow/example_dags/example_branch_operator.py
[2020-12-20 04:52:38,792] {scheduler_job.py:629} INFO - Processing file /Users/harshittyagi/lil/de_env/lib/python3.8/site-packages/airflow/example_dags/example_branch_operator.py for tasks to queue
[2020-12-20 04:52:38,793] {logging_mixin.py:103} INFO - [2020-12-20 04:52:38,792] {dagbag.py:440} INFO - Filling up the DagBag from /Users/harshittyagi/lil/de_env/lib/python3.8/site-packages/airflow/example_dags/example_branch_operator.py
[2020-12-20 04:52:38,799] {scheduler_job.py:639} INFO - DAG(s) dict_keys(['example_branch_operator']) retrieved from /Users/harshittyagi/lil/de_env/lib/python3.8/site-packages/airflow/example_dags/example_branch_operator.py
[2020-12-20 04:52:38,799] {logging_mixin.py:103} INFO - [2020-12-20 04:52:38,799] {dag.py:1813} INFO - Sync 1 DAGs
[2020-12-20 04:52:38,833] {logging_mixin.py:103} INFO - [2020-12-20 04:52:38,833] {dag.py:2266} INFO - Setting next_dagrun for example_branch_operator to 2020-12-17 00:00:00+00:00
[2020-12-20 04:52:38,845] {scheduler_job.py:189} INFO - Processing /Users/harshittyagi/lil/de_env/lib/python3.8/site-packages/airflow/example_dags/example_branch_operator.py took 0.054 seconds
[2020-12-20 04:53:32,910] {scheduler_job.py:181} INFO - Started process (PID=58182) to work on /Users/harshittyagi/lil/de_env/lib/python3.8/site-packages/airflow/example_dags/example_branch_operator.py
[2020-12-20 04:53:32,910] {scheduler_job.py:629} INFO - Processing file /Users/harshittyagi/lil/de_env/lib/python3.8/site-packages/airflow/example_dags/example_branch_operator.py for tasks to queue
[2020-12-20 04:53:32,911] {logging_mixin.py:103} INFO - [2020-12-20 04:53:32,911] {dagbag.py:440} INFO - Filling up the DagBag from /Users/harshittyagi/lil/de_env/lib/python3.8/site-packages/airflow/example_dags/example_branch_operator.py
[2020-12-20 04:53:32,917] {scheduler_job.py:639} INFO - DAG(s) dict_keys(['example_branch_operator']) retrieved from /Users/harshittyagi/lil/de_env/lib/python3.8/site-packages/airflow/example_dags/example_branch_operator.py
[2020-12-20 04:53:32,918] {logging_mixin.py:103} INFO - [2020-12-20 04:53:32,918] {dag.py:1813} INFO - Sync 1 DAGs
[2020-12-20 04:53:32,948] {logging_mixin.py:103} INFO - [2020-12-20 04:53:32,948] {dag.py:2266} INFO - Setting next_dagrun for example_branch_operator to 2020-12-17 00:00:00+00:00
[2020-12-20 04:53:32,960] {scheduler_job.py:189} INFO - Processing /Users/harshittyagi/lil/de_env/lib/python3.8/site-packages/airflow/example_dags/example_branch_operator.py took 0.050 seconds
[2020-12-20 04:54:26,822] {scheduler_job.py:181} INFO - Started process (PID=58472) to work on /Users/harshittyagi/lil/de_env/lib/python3.8/site-packages/airflow/example_dags/example_branch_operator.py
[2020-12-20 04:54:26,822] {scheduler_job.py:629} INFO - Processing file /Users/harshittyagi/lil/de_env/lib/python3.8/site-packages/airflow/example_dags/example_branch_operator.py for tasks to queue
[2020-12-20 04:54:26,823] {logging_mixin.py:103} INFO - [2020-12-20 04:54:26,822] {dagbag.py:440} INFO - Filling up the DagBag from /Users/harshittyagi/lil/de_env/lib/python3.8/site-packages/airflow/example_dags/example_branch_operator.py
[2020-12-20 04:54:26,830] {scheduler_job.py:639} INFO - DAG(s) dict_keys(['example_branch_operator']) retrieved from /Users/harshittyagi/lil/de_env/lib/python3.8/site-packages/airflow/example_dags/example_branch_operator.py
[2020-12-20 04:54:26,830] {logging_mixin.py:103} INFO - [2020-12-20 04:54:26,830] {dag.py:1813} INFO - Sync 1 DAGs
[2020-12-20 04:54:26,864] {logging_mixin.py:103} INFO - [2020-12-20 04:54:26,864] {dag.py:2266} INFO - Setting next_dagrun for example_branch_operator to 2020-12-17 00:00:00+00:00
[2020-12-20 04:54:26,877] {scheduler_job.py:189} INFO - Processing /Users/harshittyagi/lil/de_env/lib/python3.8/site-packages/airflow/example_dags/example_branch_operator.py took 0.055 seconds
[2020-12-20 04:55:21,183] {scheduler_job.py:181} INFO - Started process (PID=58755) to work on /Users/harshittyagi/lil/de_env/lib/python3.8/site-packages/airflow/example_dags/example_branch_operator.py
[2020-12-20 04:55:21,183] {scheduler_job.py:629} INFO - Processing file /Users/harshittyagi/lil/de_env/lib/python3.8/site-packages/airflow/example_dags/example_branch_operator.py for tasks to queue
[2020-12-20 04:55:21,183] {logging_mixin.py:103} INFO - [2020-12-20 04:55:21,183] {dagbag.py:440} INFO - Filling up the DagBag from /Users/harshittyagi/lil/de_env/lib/python3.8/site-packages/airflow/example_dags/example_branch_operator.py
[2020-12-20 04:55:21,189] {scheduler_job.py:639} INFO - DAG(s) dict_keys(['example_branch_operator']) retrieved from /Users/harshittyagi/lil/de_env/lib/python3.8/site-packages/airflow/example_dags/example_branch_operator.py
[2020-12-20 04:55:21,189] {logging_mixin.py:103} INFO - [2020-12-20 04:55:21,189] {dag.py:1813} INFO - Sync 1 DAGs
[2020-12-20 04:55:21,218] {logging_mixin.py:103} INFO - [2020-12-20 04:55:21,218] {dag.py:2266} INFO - Setting next_dagrun for example_branch_operator to 2020-12-17 00:00:00+00:00
[2020-12-20 04:55:21,229] {scheduler_job.py:189} INFO - Processing /Users/harshittyagi/lil/de_env/lib/python3.8/site-packages/airflow/example_dags/example_branch_operator.py took 0.047 seconds
[2020-12-20 04:56:15,154] {scheduler_job.py:181} INFO - Started process (PID=59037) to work on /Users/harshittyagi/lil/de_env/lib/python3.8/site-packages/airflow/example_dags/example_branch_operator.py
[2020-12-20 04:56:15,154] {scheduler_job.py:629} INFO - Processing file /Users/harshittyagi/lil/de_env/lib/python3.8/site-packages/airflow/example_dags/example_branch_operator.py for tasks to queue
[2020-12-20 04:56:15,154] {logging_mixin.py:103} INFO - [2020-12-20 04:56:15,154] {dagbag.py:440} INFO - Filling up the DagBag from /Users/harshittyagi/lil/de_env/lib/python3.8/site-packages/airflow/example_dags/example_branch_operator.py
[2020-12-20 04:56:15,160] {scheduler_job.py:639} INFO - DAG(s) dict_keys(['example_branch_operator']) retrieved from /Users/harshittyagi/lil/de_env/lib/python3.8/site-packages/airflow/example_dags/example_branch_operator.py
[2020-12-20 04:56:15,161] {logging_mixin.py:103} INFO - [2020-12-20 04:56:15,160] {dag.py:1813} INFO - Sync 1 DAGs
[2020-12-20 04:56:15,190] {logging_mixin.py:103} INFO - [2020-12-20 04:56:15,190] {dag.py:2266} INFO - Setting next_dagrun for example_branch_operator to 2020-12-17 00:00:00+00:00
[2020-12-20 04:56:15,202] {scheduler_job.py:189} INFO - Processing /Users/harshittyagi/lil/de_env/lib/python3.8/site-packages/airflow/example_dags/example_branch_operator.py took 0.048 seconds
[2020-12-20 04:57:09,092] {scheduler_job.py:181} INFO - Started process (PID=59319) to work on /Users/harshittyagi/lil/de_env/lib/python3.8/site-packages/airflow/example_dags/example_branch_operator.py
[2020-12-20 04:57:09,093] {scheduler_job.py:629} INFO - Processing file /Users/harshittyagi/lil/de_env/lib/python3.8/site-packages/airflow/example_dags/example_branch_operator.py for tasks to queue
[2020-12-20 04:57:09,093] {logging_mixin.py:103} INFO - [2020-12-20 04:57:09,093] {dagbag.py:440} INFO - Filling up the DagBag from /Users/harshittyagi/lil/de_env/lib/python3.8/site-packages/airflow/example_dags/example_branch_operator.py
[2020-12-20 04:57:09,099] {scheduler_job.py:639} INFO - DAG(s) dict_keys(['example_branch_operator']) retrieved from /Users/harshittyagi/lil/de_env/lib/python3.8/site-packages/airflow/example_dags/example_branch_operator.py
[2020-12-20 04:57:09,099] {logging_mixin.py:103} INFO - [2020-12-20 04:57:09,099] {dag.py:1813} INFO - Sync 1 DAGs
[2020-12-20 04:57:09,129] {logging_mixin.py:103} INFO - [2020-12-20 04:57:09,129] {dag.py:2266} INFO - Setting next_dagrun for example_branch_operator to 2020-12-17 00:00:00+00:00
[2020-12-20 04:57:09,140] {scheduler_job.py:189} INFO - Processing /Users/harshittyagi/lil/de_env/lib/python3.8/site-packages/airflow/example_dags/example_branch_operator.py took 0.049 seconds
[2020-12-20 04:58:02,865] {scheduler_job.py:181} INFO - Started process (PID=59602) to work on /Users/harshittyagi/lil/de_env/lib/python3.8/site-packages/airflow/example_dags/example_branch_operator.py
[2020-12-20 04:58:02,865] {scheduler_job.py:629} INFO - Processing file /Users/harshittyagi/lil/de_env/lib/python3.8/site-packages/airflow/example_dags/example_branch_operator.py for tasks to queue
[2020-12-20 04:58:02,865] {logging_mixin.py:103} INFO - [2020-12-20 04:58:02,865] {dagbag.py:440} INFO - Filling up the DagBag from /Users/harshittyagi/lil/de_env/lib/python3.8/site-packages/airflow/example_dags/example_branch_operator.py
[2020-12-20 04:58:02,873] {scheduler_job.py:639} INFO - DAG(s) dict_keys(['example_branch_operator']) retrieved from /Users/harshittyagi/lil/de_env/lib/python3.8/site-packages/airflow/example_dags/example_branch_operator.py
[2020-12-20 04:58:02,873] {logging_mixin.py:103} INFO - [2020-12-20 04:58:02,873] {dag.py:1813} INFO - Sync 1 DAGs
[2020-12-20 04:58:02,907] {logging_mixin.py:103} INFO - [2020-12-20 04:58:02,907] {dag.py:2266} INFO - Setting next_dagrun for example_branch_operator to 2020-12-17 00:00:00+00:00
[2020-12-20 04:58:02,920] {scheduler_job.py:189} INFO - Processing /Users/harshittyagi/lil/de_env/lib/python3.8/site-packages/airflow/example_dags/example_branch_operator.py took 0.056 seconds
[2020-12-20 04:58:56,764] {scheduler_job.py:181} INFO - Started process (PID=59884) to work on /Users/harshittyagi/lil/de_env/lib/python3.8/site-packages/airflow/example_dags/example_branch_operator.py
[2020-12-20 04:58:56,764] {scheduler_job.py:629} INFO - Processing file /Users/harshittyagi/lil/de_env/lib/python3.8/site-packages/airflow/example_dags/example_branch_operator.py for tasks to queue
[2020-12-20 04:58:56,764] {logging_mixin.py:103} INFO - [2020-12-20 04:58:56,764] {dagbag.py:440} INFO - Filling up the DagBag from /Users/harshittyagi/lil/de_env/lib/python3.8/site-packages/airflow/example_dags/example_branch_operator.py
[2020-12-20 04:58:56,771] {scheduler_job.py:639} INFO - DAG(s) dict_keys(['example_branch_operator']) retrieved from /Users/harshittyagi/lil/de_env/lib/python3.8/site-packages/airflow/example_dags/example_branch_operator.py
[2020-12-20 04:58:56,771] {logging_mixin.py:103} INFO - [2020-12-20 04:58:56,771] {dag.py:1813} INFO - Sync 1 DAGs
[2020-12-20 04:58:56,805] {logging_mixin.py:103} INFO - [2020-12-20 04:58:56,805] {dag.py:2266} INFO - Setting next_dagrun for example_branch_operator to 2020-12-17 00:00:00+00:00
[2020-12-20 04:58:56,817] {scheduler_job.py:189} INFO - Processing /Users/harshittyagi/lil/de_env/lib/python3.8/site-packages/airflow/example_dags/example_branch_operator.py took 0.054 seconds
[2020-12-20 04:59:50,829] {scheduler_job.py:181} INFO - Started process (PID=60166) to work on /Users/harshittyagi/lil/de_env/lib/python3.8/site-packages/airflow/example_dags/example_branch_operator.py
[2020-12-20 04:59:50,829] {scheduler_job.py:629} INFO - Processing file /Users/harshittyagi/lil/de_env/lib/python3.8/site-packages/airflow/example_dags/example_branch_operator.py for tasks to queue
[2020-12-20 04:59:50,830] {logging_mixin.py:103} INFO - [2020-12-20 04:59:50,830] {dagbag.py:440} INFO - Filling up the DagBag from /Users/harshittyagi/lil/de_env/lib/python3.8/site-packages/airflow/example_dags/example_branch_operator.py
[2020-12-20 04:59:50,836] {scheduler_job.py:639} INFO - DAG(s) dict_keys(['example_branch_operator']) retrieved from /Users/harshittyagi/lil/de_env/lib/python3.8/site-packages/airflow/example_dags/example_branch_operator.py
[2020-12-20 04:59:50,837] {logging_mixin.py:103} INFO - [2020-12-20 04:59:50,837] {dag.py:1813} INFO - Sync 1 DAGs
[2020-12-20 04:59:50,871] {logging_mixin.py:103} INFO - [2020-12-20 04:59:50,870] {dag.py:2266} INFO - Setting next_dagrun for example_branch_operator to 2020-12-17 00:00:00+00:00
[2020-12-20 04:59:50,882] {scheduler_job.py:189} INFO - Processing /Users/harshittyagi/lil/de_env/lib/python3.8/site-packages/airflow/example_dags/example_branch_operator.py took 0.053 seconds
[2020-12-20 05:00:44,750] {scheduler_job.py:181} INFO - Started process (PID=60454) to work on /Users/harshittyagi/lil/de_env/lib/python3.8/site-packages/airflow/example_dags/example_branch_operator.py
[2020-12-20 05:00:44,751] {scheduler_job.py:629} INFO - Processing file /Users/harshittyagi/lil/de_env/lib/python3.8/site-packages/airflow/example_dags/example_branch_operator.py for tasks to queue
[2020-12-20 05:00:44,751] {logging_mixin.py:103} INFO - [2020-12-20 05:00:44,751] {dagbag.py:440} INFO - Filling up the DagBag from /Users/harshittyagi/lil/de_env/lib/python3.8/site-packages/airflow/example_dags/example_branch_operator.py
[2020-12-20 05:00:44,757] {scheduler_job.py:639} INFO - DAG(s) dict_keys(['example_branch_operator']) retrieved from /Users/harshittyagi/lil/de_env/lib/python3.8/site-packages/airflow/example_dags/example_branch_operator.py
[2020-12-20 05:00:44,757] {logging_mixin.py:103} INFO - [2020-12-20 05:00:44,757] {dag.py:1813} INFO - Sync 1 DAGs
[2020-12-20 05:00:44,786] {logging_mixin.py:103} INFO - [2020-12-20 05:00:44,786] {dag.py:2266} INFO - Setting next_dagrun for example_branch_operator to 2020-12-17 00:00:00+00:00
[2020-12-20 05:00:44,797] {scheduler_job.py:189} INFO - Processing /Users/harshittyagi/lil/de_env/lib/python3.8/site-packages/airflow/example_dags/example_branch_operator.py took 0.048 seconds
[2020-12-20 05:01:38,256] {scheduler_job.py:181} INFO - Started process (PID=60736) to work on /Users/harshittyagi/lil/de_env/lib/python3.8/site-packages/airflow/example_dags/example_branch_operator.py
[2020-12-20 05:01:38,256] {scheduler_job.py:629} INFO - Processing file /Users/harshittyagi/lil/de_env/lib/python3.8/site-packages/airflow/example_dags/example_branch_operator.py for tasks to queue
[2020-12-20 05:01:38,257] {logging_mixin.py:103} INFO - [2020-12-20 05:01:38,256] {dagbag.py:440} INFO - Filling up the DagBag from /Users/harshittyagi/lil/de_env/lib/python3.8/site-packages/airflow/example_dags/example_branch_operator.py
[2020-12-20 05:01:38,266] {scheduler_job.py:639} INFO - DAG(s) dict_keys(['example_branch_operator']) retrieved from /Users/harshittyagi/lil/de_env/lib/python3.8/site-packages/airflow/example_dags/example_branch_operator.py
[2020-12-20 05:01:38,266] {logging_mixin.py:103} INFO - [2020-12-20 05:01:38,266] {dag.py:1813} INFO - Sync 1 DAGs
[2020-12-20 05:01:38,304] {logging_mixin.py:103} INFO - [2020-12-20 05:01:38,304] {dag.py:2266} INFO - Setting next_dagrun for example_branch_operator to 2020-12-17 00:00:00+00:00
[2020-12-20 05:01:38,316] {scheduler_job.py:189} INFO - Processing /Users/harshittyagi/lil/de_env/lib/python3.8/site-packages/airflow/example_dags/example_branch_operator.py took 0.061 seconds
[2020-12-20 05:02:30,602] {scheduler_job.py:181} INFO - Started process (PID=61028) to work on /Users/harshittyagi/lil/de_env/lib/python3.8/site-packages/airflow/example_dags/example_branch_operator.py
[2020-12-20 05:02:30,602] {scheduler_job.py:629} INFO - Processing file /Users/harshittyagi/lil/de_env/lib/python3.8/site-packages/airflow/example_dags/example_branch_operator.py for tasks to queue
[2020-12-20 05:02:30,603] {logging_mixin.py:103} INFO - [2020-12-20 05:02:30,603] {dagbag.py:440} INFO - Filling up the DagBag from /Users/harshittyagi/lil/de_env/lib/python3.8/site-packages/airflow/example_dags/example_branch_operator.py
[2020-12-20 05:02:30,608] {scheduler_job.py:639} INFO - DAG(s) dict_keys(['example_branch_operator']) retrieved from /Users/harshittyagi/lil/de_env/lib/python3.8/site-packages/airflow/example_dags/example_branch_operator.py
[2020-12-20 05:02:30,609] {logging_mixin.py:103} INFO - [2020-12-20 05:02:30,609] {dag.py:1813} INFO - Sync 1 DAGs
[2020-12-20 05:02:30,638] {logging_mixin.py:103} INFO - [2020-12-20 05:02:30,637] {dag.py:2266} INFO - Setting next_dagrun for example_branch_operator to 2020-12-17 00:00:00+00:00
[2020-12-20 05:02:30,649] {scheduler_job.py:189} INFO - Processing /Users/harshittyagi/lil/de_env/lib/python3.8/site-packages/airflow/example_dags/example_branch_operator.py took 0.048 seconds
[2020-12-20 05:03:24,684] {scheduler_job.py:181} INFO - Started process (PID=61312) to work on /Users/harshittyagi/lil/de_env/lib/python3.8/site-packages/airflow/example_dags/example_branch_operator.py
[2020-12-20 05:03:24,684] {scheduler_job.py:629} INFO - Processing file /Users/harshittyagi/lil/de_env/lib/python3.8/site-packages/airflow/example_dags/example_branch_operator.py for tasks to queue
[2020-12-20 05:03:24,685] {logging_mixin.py:103} INFO - [2020-12-20 05:03:24,685] {dagbag.py:440} INFO - Filling up the DagBag from /Users/harshittyagi/lil/de_env/lib/python3.8/site-packages/airflow/example_dags/example_branch_operator.py
[2020-12-20 05:03:24,692] {scheduler_job.py:639} INFO - DAG(s) dict_keys(['example_branch_operator']) retrieved from /Users/harshittyagi/lil/de_env/lib/python3.8/site-packages/airflow/example_dags/example_branch_operator.py
[2020-12-20 05:03:24,692] {logging_mixin.py:103} INFO - [2020-12-20 05:03:24,692] {dag.py:1813} INFO - Sync 1 DAGs
[2020-12-20 05:03:24,728] {logging_mixin.py:103} INFO - [2020-12-20 05:03:24,728] {dag.py:2266} INFO - Setting next_dagrun for example_branch_operator to 2020-12-17 00:00:00+00:00
[2020-12-20 05:03:24,740] {scheduler_job.py:189} INFO - Processing /Users/harshittyagi/lil/de_env/lib/python3.8/site-packages/airflow/example_dags/example_branch_operator.py took 0.056 seconds
[2020-12-20 05:04:18,811] {scheduler_job.py:181} INFO - Started process (PID=61597) to work on /Users/harshittyagi/lil/de_env/lib/python3.8/site-packages/airflow/example_dags/example_branch_operator.py
[2020-12-20 05:04:18,811] {scheduler_job.py:629} INFO - Processing file /Users/harshittyagi/lil/de_env/lib/python3.8/site-packages/airflow/example_dags/example_branch_operator.py for tasks to queue
[2020-12-20 05:04:18,811] {logging_mixin.py:103} INFO - [2020-12-20 05:04:18,811] {dagbag.py:440} INFO - Filling up the DagBag from /Users/harshittyagi/lil/de_env/lib/python3.8/site-packages/airflow/example_dags/example_branch_operator.py
[2020-12-20 05:04:18,817] {scheduler_job.py:639} INFO - DAG(s) dict_keys(['example_branch_operator']) retrieved from /Users/harshittyagi/lil/de_env/lib/python3.8/site-packages/airflow/example_dags/example_branch_operator.py
[2020-12-20 05:04:18,817] {logging_mixin.py:103} INFO - [2020-12-20 05:04:18,817] {dag.py:1813} INFO - Sync 1 DAGs
[2020-12-20 05:04:18,850] {logging_mixin.py:103} INFO - [2020-12-20 05:04:18,850] {dag.py:2266} INFO - Setting next_dagrun for example_branch_operator to 2020-12-17 00:00:00+00:00
[2020-12-20 05:04:18,861] {scheduler_job.py:189} INFO - Processing /Users/harshittyagi/lil/de_env/lib/python3.8/site-packages/airflow/example_dags/example_branch_operator.py took 0.051 seconds
[2020-12-20 05:05:12,480] {scheduler_job.py:181} INFO - Started process (PID=61883) to work on /Users/harshittyagi/lil/de_env/lib/python3.8/site-packages/airflow/example_dags/example_branch_operator.py
[2020-12-20 05:05:12,480] {scheduler_job.py:629} INFO - Processing file /Users/harshittyagi/lil/de_env/lib/python3.8/site-packages/airflow/example_dags/example_branch_operator.py for tasks to queue
[2020-12-20 05:05:12,481] {logging_mixin.py:103} INFO - [2020-12-20 05:05:12,481] {dagbag.py:440} INFO - Filling up the DagBag from /Users/harshittyagi/lil/de_env/lib/python3.8/site-packages/airflow/example_dags/example_branch_operator.py
[2020-12-20 05:05:12,487] {scheduler_job.py:639} INFO - DAG(s) dict_keys(['example_branch_operator']) retrieved from /Users/harshittyagi/lil/de_env/lib/python3.8/site-packages/airflow/example_dags/example_branch_operator.py
[2020-12-20 05:05:12,487] {logging_mixin.py:103} INFO - [2020-12-20 05:05:12,487] {dag.py:1813} INFO - Sync 1 DAGs
[2020-12-20 05:05:12,516] {logging_mixin.py:103} INFO - [2020-12-20 05:05:12,516] {dag.py:2266} INFO - Setting next_dagrun for example_branch_operator to 2020-12-17 00:00:00+00:00
[2020-12-20 05:05:12,527] {scheduler_job.py:189} INFO - Processing /Users/harshittyagi/lil/de_env/lib/python3.8/site-packages/airflow/example_dags/example_branch_operator.py took 0.048 seconds
[2020-12-20 05:06:06,596] {scheduler_job.py:181} INFO - Started process (PID=62167) to work on /Users/harshittyagi/lil/de_env/lib/python3.8/site-packages/airflow/example_dags/example_branch_operator.py
[2020-12-20 05:06:06,596] {scheduler_job.py:629} INFO - Processing file /Users/harshittyagi/lil/de_env/lib/python3.8/site-packages/airflow/example_dags/example_branch_operator.py for tasks to queue
[2020-12-20 05:06:06,597] {logging_mixin.py:103} INFO - [2020-12-20 05:06:06,597] {dagbag.py:440} INFO - Filling up the DagBag from /Users/harshittyagi/lil/de_env/lib/python3.8/site-packages/airflow/example_dags/example_branch_operator.py
[2020-12-20 05:06:06,604] {scheduler_job.py:639} INFO - DAG(s) dict_keys(['example_branch_operator']) retrieved from /Users/harshittyagi/lil/de_env/lib/python3.8/site-packages/airflow/example_dags/example_branch_operator.py
[2020-12-20 05:06:06,604] {logging_mixin.py:103} INFO - [2020-12-20 05:06:06,604] {dag.py:1813} INFO - Sync 1 DAGs
[2020-12-20 05:06:06,637] {logging_mixin.py:103} INFO - [2020-12-20 05:06:06,637] {dag.py:2266} INFO - Setting next_dagrun for example_branch_operator to 2020-12-17 00:00:00+00:00
[2020-12-20 05:06:06,649] {scheduler_job.py:189} INFO - Processing /Users/harshittyagi/lil/de_env/lib/python3.8/site-packages/airflow/example_dags/example_branch_operator.py took 0.053 seconds
[2020-12-20 05:07:00,280] {scheduler_job.py:181} INFO - Started process (PID=62449) to work on /Users/harshittyagi/lil/de_env/lib/python3.8/site-packages/airflow/example_dags/example_branch_operator.py
[2020-12-20 05:07:00,280] {scheduler_job.py:629} INFO - Processing file /Users/harshittyagi/lil/de_env/lib/python3.8/site-packages/airflow/example_dags/example_branch_operator.py for tasks to queue
[2020-12-20 05:07:00,280] {logging_mixin.py:103} INFO - [2020-12-20 05:07:00,280] {dagbag.py:440} INFO - Filling up the DagBag from /Users/harshittyagi/lil/de_env/lib/python3.8/site-packages/airflow/example_dags/example_branch_operator.py
[2020-12-20 05:07:00,288] {scheduler_job.py:639} INFO - DAG(s) dict_keys(['example_branch_operator']) retrieved from /Users/harshittyagi/lil/de_env/lib/python3.8/site-packages/airflow/example_dags/example_branch_operator.py
[2020-12-20 05:07:00,289] {logging_mixin.py:103} INFO - [2020-12-20 05:07:00,288] {dag.py:1813} INFO - Sync 1 DAGs
[2020-12-20 05:07:00,324] {logging_mixin.py:103} INFO - [2020-12-20 05:07:00,324] {dag.py:2266} INFO - Setting next_dagrun for example_branch_operator to 2020-12-17 00:00:00+00:00
[2020-12-20 05:07:00,339] {scheduler_job.py:189} INFO - Processing /Users/harshittyagi/lil/de_env/lib/python3.8/site-packages/airflow/example_dags/example_branch_operator.py took 0.060 seconds
[2020-12-20 05:07:54,589] {scheduler_job.py:181} INFO - Started process (PID=62737) to work on /Users/harshittyagi/lil/de_env/lib/python3.8/site-packages/airflow/example_dags/example_branch_operator.py
[2020-12-20 05:07:54,589] {scheduler_job.py:629} INFO - Processing file /Users/harshittyagi/lil/de_env/lib/python3.8/site-packages/airflow/example_dags/example_branch_operator.py for tasks to queue
[2020-12-20 05:07:54,590] {logging_mixin.py:103} INFO - [2020-12-20 05:07:54,590] {dagbag.py:440} INFO - Filling up the DagBag from /Users/harshittyagi/lil/de_env/lib/python3.8/site-packages/airflow/example_dags/example_branch_operator.py
[2020-12-20 05:07:54,598] {scheduler_job.py:639} INFO - DAG(s) dict_keys(['example_branch_operator']) retrieved from /Users/harshittyagi/lil/de_env/lib/python3.8/site-packages/airflow/example_dags/example_branch_operator.py
[2020-12-20 05:07:54,598] {logging_mixin.py:103} INFO - [2020-12-20 05:07:54,598] {dag.py:1813} INFO - Sync 1 DAGs
[2020-12-20 05:07:54,634] {logging_mixin.py:103} INFO - [2020-12-20 05:07:54,634] {dag.py:2266} INFO - Setting next_dagrun for example_branch_operator to 2020-12-17 00:00:00+00:00
[2020-12-20 05:07:54,648] {scheduler_job.py:189} INFO - Processing /Users/harshittyagi/lil/de_env/lib/python3.8/site-packages/airflow/example_dags/example_branch_operator.py took 0.059 seconds
[2020-12-20 05:08:49,145] {scheduler_job.py:181} INFO - Started process (PID=63023) to work on /Users/harshittyagi/lil/de_env/lib/python3.8/site-packages/airflow/example_dags/example_branch_operator.py
[2020-12-20 05:08:49,145] {scheduler_job.py:629} INFO - Processing file /Users/harshittyagi/lil/de_env/lib/python3.8/site-packages/airflow/example_dags/example_branch_operator.py for tasks to queue
[2020-12-20 05:08:49,145] {logging_mixin.py:103} INFO - [2020-12-20 05:08:49,145] {dagbag.py:440} INFO - Filling up the DagBag from /Users/harshittyagi/lil/de_env/lib/python3.8/site-packages/airflow/example_dags/example_branch_operator.py
[2020-12-20 05:08:49,151] {scheduler_job.py:639} INFO - DAG(s) dict_keys(['example_branch_operator']) retrieved from /Users/harshittyagi/lil/de_env/lib/python3.8/site-packages/airflow/example_dags/example_branch_operator.py
[2020-12-20 05:08:49,152] {logging_mixin.py:103} INFO - [2020-12-20 05:08:49,151] {dag.py:1813} INFO - Sync 1 DAGs
[2020-12-20 05:08:49,181] {logging_mixin.py:103} INFO - [2020-12-20 05:08:49,181] {dag.py:2266} INFO - Setting next_dagrun for example_branch_operator to 2020-12-17 00:00:00+00:00
[2020-12-20 05:08:49,194] {scheduler_job.py:189} INFO - Processing /Users/harshittyagi/lil/de_env/lib/python3.8/site-packages/airflow/example_dags/example_branch_operator.py took 0.049 seconds
[2020-12-20 05:09:43,790] {scheduler_job.py:181} INFO - Started process (PID=63309) to work on /Users/harshittyagi/lil/de_env/lib/python3.8/site-packages/airflow/example_dags/example_branch_operator.py
[2020-12-20 05:09:43,791] {scheduler_job.py:629} INFO - Processing file /Users/harshittyagi/lil/de_env/lib/python3.8/site-packages/airflow/example_dags/example_branch_operator.py for tasks to queue
[2020-12-20 05:09:43,791] {logging_mixin.py:103} INFO - [2020-12-20 05:09:43,791] {dagbag.py:440} INFO - Filling up the DagBag from /Users/harshittyagi/lil/de_env/lib/python3.8/site-packages/airflow/example_dags/example_branch_operator.py
[2020-12-20 05:09:43,799] {scheduler_job.py:639} INFO - DAG(s) dict_keys(['example_branch_operator']) retrieved from /Users/harshittyagi/lil/de_env/lib/python3.8/site-packages/airflow/example_dags/example_branch_operator.py
[2020-12-20 05:09:43,799] {logging_mixin.py:103} INFO - [2020-12-20 05:09:43,799] {dag.py:1813} INFO - Sync 1 DAGs
[2020-12-20 05:09:43,834] {logging_mixin.py:103} INFO - [2020-12-20 05:09:43,834] {dag.py:2266} INFO - Setting next_dagrun for example_branch_operator to 2020-12-17 00:00:00+00:00
[2020-12-20 05:09:43,848] {scheduler_job.py:189} INFO - Processing /Users/harshittyagi/lil/de_env/lib/python3.8/site-packages/airflow/example_dags/example_branch_operator.py took 0.058 seconds
[2020-12-20 05:10:37,664] {scheduler_job.py:181} INFO - Started process (PID=63595) to work on /Users/harshittyagi/lil/de_env/lib/python3.8/site-packages/airflow/example_dags/example_branch_operator.py
[2020-12-20 05:10:37,665] {scheduler_job.py:629} INFO - Processing file /Users/harshittyagi/lil/de_env/lib/python3.8/site-packages/airflow/example_dags/example_branch_operator.py for tasks to queue
[2020-12-20 05:10:37,665] {logging_mixin.py:103} INFO - [2020-12-20 05:10:37,665] {dagbag.py:440} INFO - Filling up the DagBag from /Users/harshittyagi/lil/de_env/lib/python3.8/site-packages/airflow/example_dags/example_branch_operator.py
[2020-12-20 05:10:37,671] {scheduler_job.py:639} INFO - DAG(s) dict_keys(['example_branch_operator']) retrieved from /Users/harshittyagi/lil/de_env/lib/python3.8/site-packages/airflow/example_dags/example_branch_operator.py
[2020-12-20 05:10:37,672] {logging_mixin.py:103} INFO - [2020-12-20 05:10:37,671] {dag.py:1813} INFO - Sync 1 DAGs
[2020-12-20 05:10:37,702] {logging_mixin.py:103} INFO - [2020-12-20 05:10:37,702] {dag.py:2266} INFO - Setting next_dagrun for example_branch_operator to 2020-12-17 00:00:00+00:00
[2020-12-20 05:10:37,714] {scheduler_job.py:189} INFO - Processing /Users/harshittyagi/lil/de_env/lib/python3.8/site-packages/airflow/example_dags/example_branch_operator.py took 0.050 seconds
[2020-12-20 05:11:31,710] {scheduler_job.py:181} INFO - Started process (PID=63880) to work on /Users/harshittyagi/lil/de_env/lib/python3.8/site-packages/airflow/example_dags/example_branch_operator.py
[2020-12-20 05:11:31,711] {scheduler_job.py:629} INFO - Processing file /Users/harshittyagi/lil/de_env/lib/python3.8/site-packages/airflow/example_dags/example_branch_operator.py for tasks to queue
[2020-12-20 05:11:31,711] {logging_mixin.py:103} INFO - [2020-12-20 05:11:31,711] {dagbag.py:440} INFO - Filling up the DagBag from /Users/harshittyagi/lil/de_env/lib/python3.8/site-packages/airflow/example_dags/example_branch_operator.py
[2020-12-20 05:11:31,719] {scheduler_job.py:639} INFO - DAG(s) dict_keys(['example_branch_operator']) retrieved from /Users/harshittyagi/lil/de_env/lib/python3.8/site-packages/airflow/example_dags/example_branch_operator.py
[2020-12-20 05:11:31,719] {logging_mixin.py:103} INFO - [2020-12-20 05:11:31,719] {dag.py:1813} INFO - Sync 1 DAGs
[2020-12-20 05:11:31,753] {logging_mixin.py:103} INFO - [2020-12-20 05:11:31,753] {dag.py:2266} INFO - Setting next_dagrun for example_branch_operator to 2020-12-17 00:00:00+00:00
[2020-12-20 05:11:31,765] {scheduler_job.py:189} INFO - Processing /Users/harshittyagi/lil/de_env/lib/python3.8/site-packages/airflow/example_dags/example_branch_operator.py took 0.055 seconds
[2020-12-20 05:12:23,157] {scheduler_job.py:181} INFO - Started process (PID=64162) to work on /Users/harshittyagi/lil/de_env/lib/python3.8/site-packages/airflow/example_dags/example_branch_operator.py
[2020-12-20 05:12:23,157] {scheduler_job.py:629} INFO - Processing file /Users/harshittyagi/lil/de_env/lib/python3.8/site-packages/airflow/example_dags/example_branch_operator.py for tasks to queue
[2020-12-20 05:12:23,158] {logging_mixin.py:103} INFO - [2020-12-20 05:12:23,157] {dagbag.py:440} INFO - Filling up the DagBag from /Users/harshittyagi/lil/de_env/lib/python3.8/site-packages/airflow/example_dags/example_branch_operator.py
[2020-12-20 05:12:23,164] {scheduler_job.py:639} INFO - DAG(s) dict_keys(['example_branch_operator']) retrieved from /Users/harshittyagi/lil/de_env/lib/python3.8/site-packages/airflow/example_dags/example_branch_operator.py
[2020-12-20 05:12:23,164] {logging_mixin.py:103} INFO - [2020-12-20 05:12:23,164] {dag.py:1813} INFO - Sync 1 DAGs
[2020-12-20 05:12:23,193] {logging_mixin.py:103} INFO - [2020-12-20 05:12:23,193] {dag.py:2266} INFO - Setting next_dagrun for example_branch_operator to 2020-12-17 00:00:00+00:00
[2020-12-20 05:12:23,204] {scheduler_job.py:189} INFO - Processing /Users/harshittyagi/lil/de_env/lib/python3.8/site-packages/airflow/example_dags/example_branch_operator.py took 0.048 seconds
[2020-12-20 05:13:16,981] {scheduler_job.py:181} INFO - Started process (PID=64445) to work on /Users/harshittyagi/lil/de_env/lib/python3.8/site-packages/airflow/example_dags/example_branch_operator.py
[2020-12-20 05:13:16,981] {scheduler_job.py:629} INFO - Processing file /Users/harshittyagi/lil/de_env/lib/python3.8/site-packages/airflow/example_dags/example_branch_operator.py for tasks to queue
[2020-12-20 05:13:16,981] {logging_mixin.py:103} INFO - [2020-12-20 05:13:16,981] {dagbag.py:440} INFO - Filling up the DagBag from /Users/harshittyagi/lil/de_env/lib/python3.8/site-packages/airflow/example_dags/example_branch_operator.py
[2020-12-20 05:13:16,988] {scheduler_job.py:639} INFO - DAG(s) dict_keys(['example_branch_operator']) retrieved from /Users/harshittyagi/lil/de_env/lib/python3.8/site-packages/airflow/example_dags/example_branch_operator.py
[2020-12-20 05:13:16,988] {logging_mixin.py:103} INFO - [2020-12-20 05:13:16,988] {dag.py:1813} INFO - Sync 1 DAGs
[2020-12-20 05:13:17,019] {logging_mixin.py:103} INFO - [2020-12-20 05:13:17,019] {dag.py:2266} INFO - Setting next_dagrun for example_branch_operator to 2020-12-17 00:00:00+00:00
[2020-12-20 05:13:17,031] {scheduler_job.py:189} INFO - Processing /Users/harshittyagi/lil/de_env/lib/python3.8/site-packages/airflow/example_dags/example_branch_operator.py took 0.051 seconds
[2020-12-20 05:14:10,835] {scheduler_job.py:181} INFO - Started process (PID=64729) to work on /Users/harshittyagi/lil/de_env/lib/python3.8/site-packages/airflow/example_dags/example_branch_operator.py
[2020-12-20 05:14:10,835] {scheduler_job.py:629} INFO - Processing file /Users/harshittyagi/lil/de_env/lib/python3.8/site-packages/airflow/example_dags/example_branch_operator.py for tasks to queue
[2020-12-20 05:14:10,836] {logging_mixin.py:103} INFO - [2020-12-20 05:14:10,836] {dagbag.py:440} INFO - Filling up the DagBag from /Users/harshittyagi/lil/de_env/lib/python3.8/site-packages/airflow/example_dags/example_branch_operator.py
[2020-12-20 05:14:10,843] {scheduler_job.py:639} INFO - DAG(s) dict_keys(['example_branch_operator']) retrieved from /Users/harshittyagi/lil/de_env/lib/python3.8/site-packages/airflow/example_dags/example_branch_operator.py
[2020-12-20 05:14:10,844] {logging_mixin.py:103} INFO - [2020-12-20 05:14:10,844] {dag.py:1813} INFO - Sync 1 DAGs
[2020-12-20 05:14:10,879] {logging_mixin.py:103} INFO - [2020-12-20 05:14:10,879] {dag.py:2266} INFO - Setting next_dagrun for example_branch_operator to 2020-12-17 00:00:00+00:00
[2020-12-20 05:14:10,892] {scheduler_job.py:189} INFO - Processing /Users/harshittyagi/lil/de_env/lib/python3.8/site-packages/airflow/example_dags/example_branch_operator.py took 0.058 seconds
[2020-12-20 05:15:04,079] {scheduler_job.py:181} INFO - Started process (PID=65014) to work on /Users/harshittyagi/lil/de_env/lib/python3.8/site-packages/airflow/example_dags/example_branch_operator.py
[2020-12-20 05:15:04,080] {scheduler_job.py:629} INFO - Processing file /Users/harshittyagi/lil/de_env/lib/python3.8/site-packages/airflow/example_dags/example_branch_operator.py for tasks to queue
[2020-12-20 05:15:04,080] {logging_mixin.py:103} INFO - [2020-12-20 05:15:04,080] {dagbag.py:440} INFO - Filling up the DagBag from /Users/harshittyagi/lil/de_env/lib/python3.8/site-packages/airflow/example_dags/example_branch_operator.py
[2020-12-20 05:15:04,087] {scheduler_job.py:639} INFO - DAG(s) dict_keys(['example_branch_operator']) retrieved from /Users/harshittyagi/lil/de_env/lib/python3.8/site-packages/airflow/example_dags/example_branch_operator.py
[2020-12-20 05:15:04,087] {logging_mixin.py:103} INFO - [2020-12-20 05:15:04,087] {dag.py:1813} INFO - Sync 1 DAGs
[2020-12-20 05:15:04,122] {logging_mixin.py:103} INFO - [2020-12-20 05:15:04,122] {dag.py:2266} INFO - Setting next_dagrun for example_branch_operator to 2020-12-17 00:00:00+00:00
[2020-12-20 05:15:04,133] {scheduler_job.py:189} INFO - Processing /Users/harshittyagi/lil/de_env/lib/python3.8/site-packages/airflow/example_dags/example_branch_operator.py took 0.054 seconds
[2020-12-20 05:15:55,508] {scheduler_job.py:181} INFO - Started process (PID=65298) to work on /Users/harshittyagi/lil/de_env/lib/python3.8/site-packages/airflow/example_dags/example_branch_operator.py
[2020-12-20 05:15:55,509] {scheduler_job.py:629} INFO - Processing file /Users/harshittyagi/lil/de_env/lib/python3.8/site-packages/airflow/example_dags/example_branch_operator.py for tasks to queue
[2020-12-20 05:15:55,509] {logging_mixin.py:103} INFO - [2020-12-20 05:15:55,509] {dagbag.py:440} INFO - Filling up the DagBag from /Users/harshittyagi/lil/de_env/lib/python3.8/site-packages/airflow/example_dags/example_branch_operator.py
[2020-12-20 05:15:55,515] {scheduler_job.py:639} INFO - DAG(s) dict_keys(['example_branch_operator']) retrieved from /Users/harshittyagi/lil/de_env/lib/python3.8/site-packages/airflow/example_dags/example_branch_operator.py
[2020-12-20 05:15:55,515] {logging_mixin.py:103} INFO - [2020-12-20 05:15:55,515] {dag.py:1813} INFO - Sync 1 DAGs
[2020-12-20 05:15:55,545] {logging_mixin.py:103} INFO - [2020-12-20 05:15:55,544] {dag.py:2266} INFO - Setting next_dagrun for example_branch_operator to 2020-12-17 00:00:00+00:00
[2020-12-20 05:15:55,556] {scheduler_job.py:189} INFO - Processing /Users/harshittyagi/lil/de_env/lib/python3.8/site-packages/airflow/example_dags/example_branch_operator.py took 0.048 seconds
[2020-12-20 05:16:49,749] {scheduler_job.py:181} INFO - Started process (PID=65581) to work on /Users/harshittyagi/lil/de_env/lib/python3.8/site-packages/airflow/example_dags/example_branch_operator.py
[2020-12-20 05:16:49,749] {scheduler_job.py:629} INFO - Processing file /Users/harshittyagi/lil/de_env/lib/python3.8/site-packages/airflow/example_dags/example_branch_operator.py for tasks to queue
[2020-12-20 05:16:49,749] {logging_mixin.py:103} INFO - [2020-12-20 05:16:49,749] {dagbag.py:440} INFO - Filling up the DagBag from /Users/harshittyagi/lil/de_env/lib/python3.8/site-packages/airflow/example_dags/example_branch_operator.py
[2020-12-20 05:16:49,757] {scheduler_job.py:639} INFO - DAG(s) dict_keys(['example_branch_operator']) retrieved from /Users/harshittyagi/lil/de_env/lib/python3.8/site-packages/airflow/example_dags/example_branch_operator.py
[2020-12-20 05:16:49,758] {logging_mixin.py:103} INFO - [2020-12-20 05:16:49,758] {dag.py:1813} INFO - Sync 1 DAGs
[2020-12-20 05:16:49,790] {logging_mixin.py:103} INFO - [2020-12-20 05:16:49,790] {dag.py:2266} INFO - Setting next_dagrun for example_branch_operator to 2020-12-17 00:00:00+00:00
[2020-12-20 05:16:49,803] {scheduler_job.py:189} INFO - Processing /Users/harshittyagi/lil/de_env/lib/python3.8/site-packages/airflow/example_dags/example_branch_operator.py took 0.055 seconds
[2020-12-20 05:17:43,533] {scheduler_job.py:181} INFO - Started process (PID=65867) to work on /Users/harshittyagi/lil/de_env/lib/python3.8/site-packages/airflow/example_dags/example_branch_operator.py
[2020-12-20 05:17:43,533] {scheduler_job.py:629} INFO - Processing file /Users/harshittyagi/lil/de_env/lib/python3.8/site-packages/airflow/example_dags/example_branch_operator.py for tasks to queue
[2020-12-20 05:17:43,534] {logging_mixin.py:103} INFO - [2020-12-20 05:17:43,534] {dagbag.py:440} INFO - Filling up the DagBag from /Users/harshittyagi/lil/de_env/lib/python3.8/site-packages/airflow/example_dags/example_branch_operator.py
[2020-12-20 05:17:43,540] {scheduler_job.py:639} INFO - DAG(s) dict_keys(['example_branch_operator']) retrieved from /Users/harshittyagi/lil/de_env/lib/python3.8/site-packages/airflow/example_dags/example_branch_operator.py
[2020-12-20 05:17:43,540] {logging_mixin.py:103} INFO - [2020-12-20 05:17:43,540] {dag.py:1813} INFO - Sync 1 DAGs
[2020-12-20 05:17:43,569] {logging_mixin.py:103} INFO - [2020-12-20 05:17:43,569] {dag.py:2266} INFO - Setting next_dagrun for example_branch_operator to 2020-12-17 00:00:00+00:00
[2020-12-20 05:17:43,580] {scheduler_job.py:189} INFO - Processing /Users/harshittyagi/lil/de_env/lib/python3.8/site-packages/airflow/example_dags/example_branch_operator.py took 0.047 seconds
[2020-12-20 05:18:39,775] {scheduler_job.py:181} INFO - Started process (PID=66153) to work on /Users/harshittyagi/lil/de_env/lib/python3.8/site-packages/airflow/example_dags/example_branch_operator.py
[2020-12-20 05:18:39,776] {scheduler_job.py:629} INFO - Processing file /Users/harshittyagi/lil/de_env/lib/python3.8/site-packages/airflow/example_dags/example_branch_operator.py for tasks to queue
[2020-12-20 05:18:39,776] {logging_mixin.py:103} INFO - [2020-12-20 05:18:39,776] {dagbag.py:440} INFO - Filling up the DagBag from /Users/harshittyagi/lil/de_env/lib/python3.8/site-packages/airflow/example_dags/example_branch_operator.py
[2020-12-20 05:18:39,790] {scheduler_job.py:639} INFO - DAG(s) dict_keys(['example_branch_operator']) retrieved from /Users/harshittyagi/lil/de_env/lib/python3.8/site-packages/airflow/example_dags/example_branch_operator.py
[2020-12-20 05:18:39,790] {logging_mixin.py:103} INFO - [2020-12-20 05:18:39,790] {dag.py:1813} INFO - Sync 1 DAGs
[2020-12-20 05:18:39,839] {logging_mixin.py:103} INFO - [2020-12-20 05:18:39,839] {dag.py:2266} INFO - Setting next_dagrun for example_branch_operator to 2020-12-17 00:00:00+00:00
[2020-12-20 05:18:39,861] {scheduler_job.py:189} INFO - Processing /Users/harshittyagi/lil/de_env/lib/python3.8/site-packages/airflow/example_dags/example_branch_operator.py took 0.087 seconds
[2020-12-20 05:19:33,301] {scheduler_job.py:181} INFO - Started process (PID=66434) to work on /Users/harshittyagi/lil/de_env/lib/python3.8/site-packages/airflow/example_dags/example_branch_operator.py
[2020-12-20 05:19:33,301] {scheduler_job.py:629} INFO - Processing file /Users/harshittyagi/lil/de_env/lib/python3.8/site-packages/airflow/example_dags/example_branch_operator.py for tasks to queue
[2020-12-20 05:19:33,301] {logging_mixin.py:103} INFO - [2020-12-20 05:19:33,301] {dagbag.py:440} INFO - Filling up the DagBag from /Users/harshittyagi/lil/de_env/lib/python3.8/site-packages/airflow/example_dags/example_branch_operator.py
[2020-12-20 05:19:33,307] {scheduler_job.py:639} INFO - DAG(s) dict_keys(['example_branch_operator']) retrieved from /Users/harshittyagi/lil/de_env/lib/python3.8/site-packages/airflow/example_dags/example_branch_operator.py
[2020-12-20 05:19:33,308] {logging_mixin.py:103} INFO - [2020-12-20 05:19:33,308] {dag.py:1813} INFO - Sync 1 DAGs
[2020-12-20 05:19:33,336] {logging_mixin.py:103} INFO - [2020-12-20 05:19:33,336] {dag.py:2266} INFO - Setting next_dagrun for example_branch_operator to 2020-12-17 00:00:00+00:00
[2020-12-20 05:19:33,347] {scheduler_job.py:189} INFO - Processing /Users/harshittyagi/lil/de_env/lib/python3.8/site-packages/airflow/example_dags/example_branch_operator.py took 0.047 seconds
[2020-12-20 05:20:30,662] {scheduler_job.py:181} INFO - Started process (PID=66736) to work on /Users/harshittyagi/lil/de_env/lib/python3.8/site-packages/airflow/example_dags/example_branch_operator.py
[2020-12-20 05:20:30,663] {scheduler_job.py:629} INFO - Processing file /Users/harshittyagi/lil/de_env/lib/python3.8/site-packages/airflow/example_dags/example_branch_operator.py for tasks to queue
[2020-12-20 05:20:30,664] {logging_mixin.py:103} INFO - [2020-12-20 05:20:30,663] {dagbag.py:440} INFO - Filling up the DagBag from /Users/harshittyagi/lil/de_env/lib/python3.8/site-packages/airflow/example_dags/example_branch_operator.py
[2020-12-20 05:20:30,671] {scheduler_job.py:639} INFO - DAG(s) dict_keys(['example_branch_operator']) retrieved from /Users/harshittyagi/lil/de_env/lib/python3.8/site-packages/airflow/example_dags/example_branch_operator.py
[2020-12-20 05:20:30,671] {logging_mixin.py:103} INFO - [2020-12-20 05:20:30,671] {dag.py:1813} INFO - Sync 1 DAGs
[2020-12-20 05:20:30,705] {logging_mixin.py:103} INFO - [2020-12-20 05:20:30,704] {dag.py:2266} INFO - Setting next_dagrun for example_branch_operator to 2020-12-17 00:00:00+00:00
[2020-12-20 05:20:30,720] {scheduler_job.py:189} INFO - Processing /Users/harshittyagi/lil/de_env/lib/python3.8/site-packages/airflow/example_dags/example_branch_operator.py took 0.058 seconds
[2020-12-20 05:21:26,172] {scheduler_job.py:181} INFO - Started process (PID=67022) to work on /Users/harshittyagi/lil/de_env/lib/python3.8/site-packages/airflow/example_dags/example_branch_operator.py
[2020-12-20 05:21:26,172] {scheduler_job.py:629} INFO - Processing file /Users/harshittyagi/lil/de_env/lib/python3.8/site-packages/airflow/example_dags/example_branch_operator.py for tasks to queue
[2020-12-20 05:21:26,172] {logging_mixin.py:103} INFO - [2020-12-20 05:21:26,172] {dagbag.py:440} INFO - Filling up the DagBag from /Users/harshittyagi/lil/de_env/lib/python3.8/site-packages/airflow/example_dags/example_branch_operator.py
[2020-12-20 05:21:26,180] {scheduler_job.py:639} INFO - DAG(s) dict_keys(['example_branch_operator']) retrieved from /Users/harshittyagi/lil/de_env/lib/python3.8/site-packages/airflow/example_dags/example_branch_operator.py
[2020-12-20 05:21:26,180] {logging_mixin.py:103} INFO - [2020-12-20 05:21:26,180] {dag.py:1813} INFO - Sync 1 DAGs
[2020-12-20 05:21:26,214] {logging_mixin.py:103} INFO - [2020-12-20 05:21:26,214] {dag.py:2266} INFO - Setting next_dagrun for example_branch_operator to 2020-12-17 00:00:00+00:00
[2020-12-20 05:21:26,228] {scheduler_job.py:189} INFO - Processing /Users/harshittyagi/lil/de_env/lib/python3.8/site-packages/airflow/example_dags/example_branch_operator.py took 0.056 seconds
[2020-12-20 05:22:21,301] {scheduler_job.py:181} INFO - Started process (PID=67306) to work on /Users/harshittyagi/lil/de_env/lib/python3.8/site-packages/airflow/example_dags/example_branch_operator.py
[2020-12-20 05:22:21,301] {scheduler_job.py:629} INFO - Processing file /Users/harshittyagi/lil/de_env/lib/python3.8/site-packages/airflow/example_dags/example_branch_operator.py for tasks to queue
[2020-12-20 05:22:21,301] {logging_mixin.py:103} INFO - [2020-12-20 05:22:21,301] {dagbag.py:440} INFO - Filling up the DagBag from /Users/harshittyagi/lil/de_env/lib/python3.8/site-packages/airflow/example_dags/example_branch_operator.py
[2020-12-20 05:22:21,308] {scheduler_job.py:639} INFO - DAG(s) dict_keys(['example_branch_operator']) retrieved from /Users/harshittyagi/lil/de_env/lib/python3.8/site-packages/airflow/example_dags/example_branch_operator.py
[2020-12-20 05:22:21,308] {logging_mixin.py:103} INFO - [2020-12-20 05:22:21,308] {dag.py:1813} INFO - Sync 1 DAGs
[2020-12-20 05:22:21,341] {logging_mixin.py:103} INFO - [2020-12-20 05:22:21,341] {dag.py:2266} INFO - Setting next_dagrun for example_branch_operator to 2020-12-17 00:00:00+00:00
[2020-12-20 05:22:21,354] {scheduler_job.py:189} INFO - Processing /Users/harshittyagi/lil/de_env/lib/python3.8/site-packages/airflow/example_dags/example_branch_operator.py took 0.054 seconds
[2020-12-20 05:23:16,404] {scheduler_job.py:181} INFO - Started process (PID=67593) to work on /Users/harshittyagi/lil/de_env/lib/python3.8/site-packages/airflow/example_dags/example_branch_operator.py
[2020-12-20 05:23:16,405] {scheduler_job.py:629} INFO - Processing file /Users/harshittyagi/lil/de_env/lib/python3.8/site-packages/airflow/example_dags/example_branch_operator.py for tasks to queue
[2020-12-20 05:23:16,405] {logging_mixin.py:103} INFO - [2020-12-20 05:23:16,405] {dagbag.py:440} INFO - Filling up the DagBag from /Users/harshittyagi/lil/de_env/lib/python3.8/site-packages/airflow/example_dags/example_branch_operator.py
[2020-12-20 05:23:16,412] {scheduler_job.py:639} INFO - DAG(s) dict_keys(['example_branch_operator']) retrieved from /Users/harshittyagi/lil/de_env/lib/python3.8/site-packages/airflow/example_dags/example_branch_operator.py
[2020-12-20 05:23:16,412] {logging_mixin.py:103} INFO - [2020-12-20 05:23:16,412] {dag.py:1813} INFO - Sync 1 DAGs
[2020-12-20 05:23:16,441] {logging_mixin.py:103} INFO - [2020-12-20 05:23:16,441] {dag.py:2266} INFO - Setting next_dagrun for example_branch_operator to 2020-12-17 00:00:00+00:00
[2020-12-20 05:23:16,452] {scheduler_job.py:189} INFO - Processing /Users/harshittyagi/lil/de_env/lib/python3.8/site-packages/airflow/example_dags/example_branch_operator.py took 0.048 seconds
[2020-12-20 05:24:11,517] {scheduler_job.py:181} INFO - Started process (PID=67883) to work on /Users/harshittyagi/lil/de_env/lib/python3.8/site-packages/airflow/example_dags/example_branch_operator.py
[2020-12-20 05:24:11,517] {scheduler_job.py:629} INFO - Processing file /Users/harshittyagi/lil/de_env/lib/python3.8/site-packages/airflow/example_dags/example_branch_operator.py for tasks to queue
[2020-12-20 05:24:11,517] {logging_mixin.py:103} INFO - [2020-12-20 05:24:11,517] {dagbag.py:440} INFO - Filling up the DagBag from /Users/harshittyagi/lil/de_env/lib/python3.8/site-packages/airflow/example_dags/example_branch_operator.py
[2020-12-20 05:24:11,523] {scheduler_job.py:639} INFO - DAG(s) dict_keys(['example_branch_operator']) retrieved from /Users/harshittyagi/lil/de_env/lib/python3.8/site-packages/airflow/example_dags/example_branch_operator.py
[2020-12-20 05:24:11,524] {logging_mixin.py:103} INFO - [2020-12-20 05:24:11,524] {dag.py:1813} INFO - Sync 1 DAGs
[2020-12-20 05:24:11,553] {logging_mixin.py:103} INFO - [2020-12-20 05:24:11,553] {dag.py:2266} INFO - Setting next_dagrun for example_branch_operator to 2020-12-17 00:00:00+00:00
[2020-12-20 05:24:11,566] {scheduler_job.py:189} INFO - Processing /Users/harshittyagi/lil/de_env/lib/python3.8/site-packages/airflow/example_dags/example_branch_operator.py took 0.050 seconds
[2020-12-20 05:25:06,582] {scheduler_job.py:181} INFO - Started process (PID=68169) to work on /Users/harshittyagi/lil/de_env/lib/python3.8/site-packages/airflow/example_dags/example_branch_operator.py
[2020-12-20 05:25:06,582] {scheduler_job.py:629} INFO - Processing file /Users/harshittyagi/lil/de_env/lib/python3.8/site-packages/airflow/example_dags/example_branch_operator.py for tasks to queue
[2020-12-20 05:25:06,583] {logging_mixin.py:103} INFO - [2020-12-20 05:25:06,583] {dagbag.py:440} INFO - Filling up the DagBag from /Users/harshittyagi/lil/de_env/lib/python3.8/site-packages/airflow/example_dags/example_branch_operator.py
[2020-12-20 05:25:06,590] {scheduler_job.py:639} INFO - DAG(s) dict_keys(['example_branch_operator']) retrieved from /Users/harshittyagi/lil/de_env/lib/python3.8/site-packages/airflow/example_dags/example_branch_operator.py
[2020-12-20 05:25:06,590] {logging_mixin.py:103} INFO - [2020-12-20 05:25:06,590] {dag.py:1813} INFO - Sync 1 DAGs
[2020-12-20 05:25:06,624] {logging_mixin.py:103} INFO - [2020-12-20 05:25:06,624] {dag.py:2266} INFO - Setting next_dagrun for example_branch_operator to 2020-12-17 00:00:00+00:00
[2020-12-20 05:25:06,638] {scheduler_job.py:189} INFO - Processing /Users/harshittyagi/lil/de_env/lib/python3.8/site-packages/airflow/example_dags/example_branch_operator.py took 0.056 seconds
[2020-12-20 05:26:02,021] {scheduler_job.py:181} INFO - Started process (PID=68454) to work on /Users/harshittyagi/lil/de_env/lib/python3.8/site-packages/airflow/example_dags/example_branch_operator.py
[2020-12-20 05:26:02,021] {scheduler_job.py:629} INFO - Processing file /Users/harshittyagi/lil/de_env/lib/python3.8/site-packages/airflow/example_dags/example_branch_operator.py for tasks to queue
[2020-12-20 05:26:02,021] {logging_mixin.py:103} INFO - [2020-12-20 05:26:02,021] {dagbag.py:440} INFO - Filling up the DagBag from /Users/harshittyagi/lil/de_env/lib/python3.8/site-packages/airflow/example_dags/example_branch_operator.py
[2020-12-20 05:26:02,029] {scheduler_job.py:639} INFO - DAG(s) dict_keys(['example_branch_operator']) retrieved from /Users/harshittyagi/lil/de_env/lib/python3.8/site-packages/airflow/example_dags/example_branch_operator.py
[2020-12-20 05:26:02,029] {logging_mixin.py:103} INFO - [2020-12-20 05:26:02,029] {dag.py:1813} INFO - Sync 1 DAGs
[2020-12-20 05:26:02,064] {logging_mixin.py:103} INFO - [2020-12-20 05:26:02,064] {dag.py:2266} INFO - Setting next_dagrun for example_branch_operator to 2020-12-17 00:00:00+00:00
[2020-12-20 05:26:02,077] {scheduler_job.py:189} INFO - Processing /Users/harshittyagi/lil/de_env/lib/python3.8/site-packages/airflow/example_dags/example_branch_operator.py took 0.057 seconds
[2020-12-20 05:26:56,946] {scheduler_job.py:181} INFO - Started process (PID=68737) to work on /Users/harshittyagi/lil/de_env/lib/python3.8/site-packages/airflow/example_dags/example_branch_operator.py
[2020-12-20 05:26:56,947] {scheduler_job.py:629} INFO - Processing file /Users/harshittyagi/lil/de_env/lib/python3.8/site-packages/airflow/example_dags/example_branch_operator.py for tasks to queue
[2020-12-20 05:26:56,947] {logging_mixin.py:103} INFO - [2020-12-20 05:26:56,947] {dagbag.py:440} INFO - Filling up the DagBag from /Users/harshittyagi/lil/de_env/lib/python3.8/site-packages/airflow/example_dags/example_branch_operator.py
[2020-12-20 05:26:56,954] {scheduler_job.py:639} INFO - DAG(s) dict_keys(['example_branch_operator']) retrieved from /Users/harshittyagi/lil/de_env/lib/python3.8/site-packages/airflow/example_dags/example_branch_operator.py
[2020-12-20 05:26:56,954] {logging_mixin.py:103} INFO - [2020-12-20 05:26:56,954] {dag.py:1813} INFO - Sync 1 DAGs
[2020-12-20 05:26:56,989] {logging_mixin.py:103} INFO - [2020-12-20 05:26:56,989] {dag.py:2266} INFO - Setting next_dagrun for example_branch_operator to 2020-12-17 00:00:00+00:00
[2020-12-20 05:26:57,002] {scheduler_job.py:189} INFO - Processing /Users/harshittyagi/lil/de_env/lib/python3.8/site-packages/airflow/example_dags/example_branch_operator.py took 0.056 seconds
[2020-12-20 05:27:54,519] {scheduler_job.py:181} INFO - Started process (PID=69027) to work on /Users/harshittyagi/lil/de_env/lib/python3.8/site-packages/airflow/example_dags/example_branch_operator.py
[2020-12-20 05:27:54,520] {scheduler_job.py:629} INFO - Processing file /Users/harshittyagi/lil/de_env/lib/python3.8/site-packages/airflow/example_dags/example_branch_operator.py for tasks to queue
[2020-12-20 05:27:54,521] {logging_mixin.py:103} INFO - [2020-12-20 05:27:54,520] {dagbag.py:440} INFO - Filling up the DagBag from /Users/harshittyagi/lil/de_env/lib/python3.8/site-packages/airflow/example_dags/example_branch_operator.py
[2020-12-20 05:27:54,528] {scheduler_job.py:639} INFO - DAG(s) dict_keys(['example_branch_operator']) retrieved from /Users/harshittyagi/lil/de_env/lib/python3.8/site-packages/airflow/example_dags/example_branch_operator.py
[2020-12-20 05:27:54,529] {logging_mixin.py:103} INFO - [2020-12-20 05:27:54,529] {dag.py:1813} INFO - Sync 1 DAGs
[2020-12-20 05:27:54,557] {logging_mixin.py:103} INFO - [2020-12-20 05:27:54,557] {dag.py:2266} INFO - Setting next_dagrun for example_branch_operator to 2020-12-17 00:00:00+00:00
[2020-12-20 05:27:54,568] {scheduler_job.py:189} INFO - Processing /Users/harshittyagi/lil/de_env/lib/python3.8/site-packages/airflow/example_dags/example_branch_operator.py took 0.049 seconds
[2020-12-20 05:28:48,690] {scheduler_job.py:181} INFO - Started process (PID=69310) to work on /Users/harshittyagi/lil/de_env/lib/python3.8/site-packages/airflow/example_dags/example_branch_operator.py
[2020-12-20 05:28:48,690] {scheduler_job.py:629} INFO - Processing file /Users/harshittyagi/lil/de_env/lib/python3.8/site-packages/airflow/example_dags/example_branch_operator.py for tasks to queue
[2020-12-20 05:28:48,690] {logging_mixin.py:103} INFO - [2020-12-20 05:28:48,690] {dagbag.py:440} INFO - Filling up the DagBag from /Users/harshittyagi/lil/de_env/lib/python3.8/site-packages/airflow/example_dags/example_branch_operator.py
[2020-12-20 05:28:48,696] {scheduler_job.py:639} INFO - DAG(s) dict_keys(['example_branch_operator']) retrieved from /Users/harshittyagi/lil/de_env/lib/python3.8/site-packages/airflow/example_dags/example_branch_operator.py
[2020-12-20 05:28:48,697] {logging_mixin.py:103} INFO - [2020-12-20 05:28:48,697] {dag.py:1813} INFO - Sync 1 DAGs
[2020-12-20 05:28:48,726] {logging_mixin.py:103} INFO - [2020-12-20 05:28:48,726] {dag.py:2266} INFO - Setting next_dagrun for example_branch_operator to 2020-12-17 00:00:00+00:00
[2020-12-20 05:28:48,736] {scheduler_job.py:189} INFO - Processing /Users/harshittyagi/lil/de_env/lib/python3.8/site-packages/airflow/example_dags/example_branch_operator.py took 0.047 seconds
[2020-12-20 05:29:42,919] {scheduler_job.py:181} INFO - Started process (PID=69596) to work on /Users/harshittyagi/lil/de_env/lib/python3.8/site-packages/airflow/example_dags/example_branch_operator.py
[2020-12-20 05:29:42,920] {scheduler_job.py:629} INFO - Processing file /Users/harshittyagi/lil/de_env/lib/python3.8/site-packages/airflow/example_dags/example_branch_operator.py for tasks to queue
[2020-12-20 05:29:42,920] {logging_mixin.py:103} INFO - [2020-12-20 05:29:42,920] {dagbag.py:440} INFO - Filling up the DagBag from /Users/harshittyagi/lil/de_env/lib/python3.8/site-packages/airflow/example_dags/example_branch_operator.py
[2020-12-20 05:29:42,926] {scheduler_job.py:639} INFO - DAG(s) dict_keys(['example_branch_operator']) retrieved from /Users/harshittyagi/lil/de_env/lib/python3.8/site-packages/airflow/example_dags/example_branch_operator.py
[2020-12-20 05:29:42,927] {logging_mixin.py:103} INFO - [2020-12-20 05:29:42,926] {dag.py:1813} INFO - Sync 1 DAGs
[2020-12-20 05:29:42,955] {logging_mixin.py:103} INFO - [2020-12-20 05:29:42,955] {dag.py:2266} INFO - Setting next_dagrun for example_branch_operator to 2020-12-17 00:00:00+00:00
[2020-12-20 05:29:42,967] {scheduler_job.py:189} INFO - Processing /Users/harshittyagi/lil/de_env/lib/python3.8/site-packages/airflow/example_dags/example_branch_operator.py took 0.048 seconds
