[2020-12-20 04:41:43,735] {scheduler_job.py:181} INFO - Started process (PID=54450) to work on /Users/harshittyagi/lil/de_env/lib/python3.8/site-packages/airflow/example_dags/example_task_group.py
[2020-12-20 04:41:43,736] {scheduler_job.py:629} INFO - Processing file /Users/harshittyagi/lil/de_env/lib/python3.8/site-packages/airflow/example_dags/example_task_group.py for tasks to queue
[2020-12-20 04:41:43,736] {logging_mixin.py:103} INFO - [2020-12-20 04:41:43,736] {dagbag.py:440} INFO - Filling up the DagBag from /Users/harshittyagi/lil/de_env/lib/python3.8/site-packages/airflow/example_dags/example_task_group.py
[2020-12-20 04:41:43,742] {scheduler_job.py:639} INFO - DAG(s) dict_keys(['example_task_group']) retrieved from /Users/harshittyagi/lil/de_env/lib/python3.8/site-packages/airflow/example_dags/example_task_group.py
[2020-12-20 04:41:43,743] {logging_mixin.py:103} INFO - [2020-12-20 04:41:43,743] {dag.py:1813} INFO - Sync 1 DAGs
[2020-12-20 04:41:43,771] {logging_mixin.py:103} INFO - [2020-12-20 04:41:43,771] {dag.py:2266} INFO - Setting next_dagrun for example_task_group to 2020-12-17 00:00:00+00:00
[2020-12-20 04:41:43,780] {scheduler_job.py:189} INFO - Processing /Users/harshittyagi/lil/de_env/lib/python3.8/site-packages/airflow/example_dags/example_task_group.py took 0.045 seconds
[2020-12-20 04:42:38,920] {scheduler_job.py:181} INFO - Started process (PID=54751) to work on /Users/harshittyagi/lil/de_env/lib/python3.8/site-packages/airflow/example_dags/example_task_group.py
[2020-12-20 04:42:38,921] {scheduler_job.py:629} INFO - Processing file /Users/harshittyagi/lil/de_env/lib/python3.8/site-packages/airflow/example_dags/example_task_group.py for tasks to queue
[2020-12-20 04:42:38,921] {logging_mixin.py:103} INFO - [2020-12-20 04:42:38,921] {dagbag.py:440} INFO - Filling up the DagBag from /Users/harshittyagi/lil/de_env/lib/python3.8/site-packages/airflow/example_dags/example_task_group.py
[2020-12-20 04:42:38,927] {scheduler_job.py:639} INFO - DAG(s) dict_keys(['example_task_group']) retrieved from /Users/harshittyagi/lil/de_env/lib/python3.8/site-packages/airflow/example_dags/example_task_group.py
[2020-12-20 04:42:38,927] {logging_mixin.py:103} INFO - [2020-12-20 04:42:38,927] {dag.py:1813} INFO - Sync 1 DAGs
[2020-12-20 04:42:38,959] {logging_mixin.py:103} INFO - [2020-12-20 04:42:38,959] {dag.py:2266} INFO - Setting next_dagrun for example_task_group to 2020-12-17 00:00:00+00:00
[2020-12-20 04:42:38,972] {scheduler_job.py:189} INFO - Processing /Users/harshittyagi/lil/de_env/lib/python3.8/site-packages/airflow/example_dags/example_task_group.py took 0.053 seconds
[2020-12-20 04:43:32,593] {scheduler_job.py:181} INFO - Started process (PID=55046) to work on /Users/harshittyagi/lil/de_env/lib/python3.8/site-packages/airflow/example_dags/example_task_group.py
[2020-12-20 04:43:32,595] {scheduler_job.py:629} INFO - Processing file /Users/harshittyagi/lil/de_env/lib/python3.8/site-packages/airflow/example_dags/example_task_group.py for tasks to queue
[2020-12-20 04:43:32,596] {logging_mixin.py:103} INFO - [2020-12-20 04:43:32,595] {dagbag.py:440} INFO - Filling up the DagBag from /Users/harshittyagi/lil/de_env/lib/python3.8/site-packages/airflow/example_dags/example_task_group.py
[2020-12-20 04:43:32,603] {scheduler_job.py:639} INFO - DAG(s) dict_keys(['example_task_group']) retrieved from /Users/harshittyagi/lil/de_env/lib/python3.8/site-packages/airflow/example_dags/example_task_group.py
[2020-12-20 04:43:32,604] {logging_mixin.py:103} INFO - [2020-12-20 04:43:32,604] {dag.py:1813} INFO - Sync 1 DAGs
[2020-12-20 04:43:32,654] {logging_mixin.py:103} INFO - [2020-12-20 04:43:32,654] {dag.py:2266} INFO - Setting next_dagrun for example_task_group to 2020-12-17 00:00:00+00:00
[2020-12-20 04:43:32,691] {scheduler_job.py:189} INFO - Processing /Users/harshittyagi/lil/de_env/lib/python3.8/site-packages/airflow/example_dags/example_task_group.py took 0.098 seconds
[2020-12-20 04:44:48,859] {scheduler_job.py:181} INFO - Started process (PID=55335) to work on /Users/harshittyagi/lil/de_env/lib/python3.8/site-packages/airflow/example_dags/example_task_group.py
[2020-12-20 04:44:48,860] {scheduler_job.py:629} INFO - Processing file /Users/harshittyagi/lil/de_env/lib/python3.8/site-packages/airflow/example_dags/example_task_group.py for tasks to queue
[2020-12-20 04:44:48,861] {logging_mixin.py:103} INFO - [2020-12-20 04:44:48,861] {dagbag.py:440} INFO - Filling up the DagBag from /Users/harshittyagi/lil/de_env/lib/python3.8/site-packages/airflow/example_dags/example_task_group.py
[2020-12-20 04:44:48,871] {scheduler_job.py:639} INFO - DAG(s) dict_keys(['example_task_group']) retrieved from /Users/harshittyagi/lil/de_env/lib/python3.8/site-packages/airflow/example_dags/example_task_group.py
[2020-12-20 04:44:48,872] {logging_mixin.py:103} INFO - [2020-12-20 04:44:48,872] {dag.py:1813} INFO - Sync 1 DAGs
[2020-12-20 04:44:48,923] {logging_mixin.py:103} INFO - [2020-12-20 04:44:48,923] {dag.py:2266} INFO - Setting next_dagrun for example_task_group to 2020-12-17 00:00:00+00:00
[2020-12-20 04:44:48,946] {scheduler_job.py:189} INFO - Processing /Users/harshittyagi/lil/de_env/lib/python3.8/site-packages/airflow/example_dags/example_task_group.py took 0.087 seconds
[2020-12-20 04:45:40,394] {scheduler_job.py:181} INFO - Started process (PID=55626) to work on /Users/harshittyagi/lil/de_env/lib/python3.8/site-packages/airflow/example_dags/example_task_group.py
[2020-12-20 04:45:40,395] {scheduler_job.py:629} INFO - Processing file /Users/harshittyagi/lil/de_env/lib/python3.8/site-packages/airflow/example_dags/example_task_group.py for tasks to queue
[2020-12-20 04:45:40,395] {logging_mixin.py:103} INFO - [2020-12-20 04:45:40,395] {dagbag.py:440} INFO - Filling up the DagBag from /Users/harshittyagi/lil/de_env/lib/python3.8/site-packages/airflow/example_dags/example_task_group.py
[2020-12-20 04:45:40,400] {scheduler_job.py:639} INFO - DAG(s) dict_keys(['example_task_group']) retrieved from /Users/harshittyagi/lil/de_env/lib/python3.8/site-packages/airflow/example_dags/example_task_group.py
[2020-12-20 04:45:40,400] {logging_mixin.py:103} INFO - [2020-12-20 04:45:40,400] {dag.py:1813} INFO - Sync 1 DAGs
[2020-12-20 04:45:40,424] {logging_mixin.py:103} INFO - [2020-12-20 04:45:40,424] {dag.py:2266} INFO - Setting next_dagrun for example_task_group to 2020-12-17 00:00:00+00:00
[2020-12-20 04:45:40,435] {scheduler_job.py:189} INFO - Processing /Users/harshittyagi/lil/de_env/lib/python3.8/site-packages/airflow/example_dags/example_task_group.py took 0.041 seconds
[2020-12-20 04:46:34,943] {scheduler_job.py:181} INFO - Started process (PID=55908) to work on /Users/harshittyagi/lil/de_env/lib/python3.8/site-packages/airflow/example_dags/example_task_group.py
[2020-12-20 04:46:34,943] {scheduler_job.py:629} INFO - Processing file /Users/harshittyagi/lil/de_env/lib/python3.8/site-packages/airflow/example_dags/example_task_group.py for tasks to queue
[2020-12-20 04:46:34,944] {logging_mixin.py:103} INFO - [2020-12-20 04:46:34,944] {dagbag.py:440} INFO - Filling up the DagBag from /Users/harshittyagi/lil/de_env/lib/python3.8/site-packages/airflow/example_dags/example_task_group.py
[2020-12-20 04:46:34,949] {scheduler_job.py:639} INFO - DAG(s) dict_keys(['example_task_group']) retrieved from /Users/harshittyagi/lil/de_env/lib/python3.8/site-packages/airflow/example_dags/example_task_group.py
[2020-12-20 04:46:34,949] {logging_mixin.py:103} INFO - [2020-12-20 04:46:34,949] {dag.py:1813} INFO - Sync 1 DAGs
[2020-12-20 04:46:34,974] {logging_mixin.py:103} INFO - [2020-12-20 04:46:34,974] {dag.py:2266} INFO - Setting next_dagrun for example_task_group to 2020-12-17 00:00:00+00:00
[2020-12-20 04:46:34,985] {scheduler_job.py:189} INFO - Processing /Users/harshittyagi/lil/de_env/lib/python3.8/site-packages/airflow/example_dags/example_task_group.py took 0.042 seconds
[2020-12-20 04:47:28,540] {scheduler_job.py:181} INFO - Started process (PID=56194) to work on /Users/harshittyagi/lil/de_env/lib/python3.8/site-packages/airflow/example_dags/example_task_group.py
[2020-12-20 04:47:28,540] {scheduler_job.py:629} INFO - Processing file /Users/harshittyagi/lil/de_env/lib/python3.8/site-packages/airflow/example_dags/example_task_group.py for tasks to queue
[2020-12-20 04:47:28,540] {logging_mixin.py:103} INFO - [2020-12-20 04:47:28,540] {dagbag.py:440} INFO - Filling up the DagBag from /Users/harshittyagi/lil/de_env/lib/python3.8/site-packages/airflow/example_dags/example_task_group.py
[2020-12-20 04:47:28,546] {scheduler_job.py:639} INFO - DAG(s) dict_keys(['example_task_group']) retrieved from /Users/harshittyagi/lil/de_env/lib/python3.8/site-packages/airflow/example_dags/example_task_group.py
[2020-12-20 04:47:28,546] {logging_mixin.py:103} INFO - [2020-12-20 04:47:28,546] {dag.py:1813} INFO - Sync 1 DAGs
[2020-12-20 04:47:28,571] {logging_mixin.py:103} INFO - [2020-12-20 04:47:28,571] {dag.py:2266} INFO - Setting next_dagrun for example_task_group to 2020-12-17 00:00:00+00:00
[2020-12-20 04:47:28,583] {scheduler_job.py:189} INFO - Processing /Users/harshittyagi/lil/de_env/lib/python3.8/site-packages/airflow/example_dags/example_task_group.py took 0.043 seconds
[2020-12-20 04:48:22,173] {scheduler_job.py:181} INFO - Started process (PID=56481) to work on /Users/harshittyagi/lil/de_env/lib/python3.8/site-packages/airflow/example_dags/example_task_group.py
[2020-12-20 04:48:22,173] {scheduler_job.py:629} INFO - Processing file /Users/harshittyagi/lil/de_env/lib/python3.8/site-packages/airflow/example_dags/example_task_group.py for tasks to queue
[2020-12-20 04:48:22,173] {logging_mixin.py:103} INFO - [2020-12-20 04:48:22,173] {dagbag.py:440} INFO - Filling up the DagBag from /Users/harshittyagi/lil/de_env/lib/python3.8/site-packages/airflow/example_dags/example_task_group.py
[2020-12-20 04:48:22,178] {scheduler_job.py:639} INFO - DAG(s) dict_keys(['example_task_group']) retrieved from /Users/harshittyagi/lil/de_env/lib/python3.8/site-packages/airflow/example_dags/example_task_group.py
[2020-12-20 04:48:22,178] {logging_mixin.py:103} INFO - [2020-12-20 04:48:22,178] {dag.py:1813} INFO - Sync 1 DAGs
[2020-12-20 04:48:22,202] {logging_mixin.py:103} INFO - [2020-12-20 04:48:22,202] {dag.py:2266} INFO - Setting next_dagrun for example_task_group to 2020-12-17 00:00:00+00:00
[2020-12-20 04:48:22,213] {scheduler_job.py:189} INFO - Processing /Users/harshittyagi/lil/de_env/lib/python3.8/site-packages/airflow/example_dags/example_task_group.py took 0.041 seconds
[2020-12-20 04:49:15,680] {scheduler_job.py:181} INFO - Started process (PID=56765) to work on /Users/harshittyagi/lil/de_env/lib/python3.8/site-packages/airflow/example_dags/example_task_group.py
[2020-12-20 04:49:15,680] {scheduler_job.py:629} INFO - Processing file /Users/harshittyagi/lil/de_env/lib/python3.8/site-packages/airflow/example_dags/example_task_group.py for tasks to queue
[2020-12-20 04:49:15,680] {logging_mixin.py:103} INFO - [2020-12-20 04:49:15,680] {dagbag.py:440} INFO - Filling up the DagBag from /Users/harshittyagi/lil/de_env/lib/python3.8/site-packages/airflow/example_dags/example_task_group.py
[2020-12-20 04:49:15,686] {scheduler_job.py:639} INFO - DAG(s) dict_keys(['example_task_group']) retrieved from /Users/harshittyagi/lil/de_env/lib/python3.8/site-packages/airflow/example_dags/example_task_group.py
[2020-12-20 04:49:15,687] {logging_mixin.py:103} INFO - [2020-12-20 04:49:15,687] {dag.py:1813} INFO - Sync 1 DAGs
[2020-12-20 04:49:15,713] {logging_mixin.py:103} INFO - [2020-12-20 04:49:15,713] {dag.py:2266} INFO - Setting next_dagrun for example_task_group to 2020-12-17 00:00:00+00:00
[2020-12-20 04:49:15,722] {scheduler_job.py:189} INFO - Processing /Users/harshittyagi/lil/de_env/lib/python3.8/site-packages/airflow/example_dags/example_task_group.py took 0.043 seconds
[2020-12-20 04:50:09,449] {scheduler_job.py:181} INFO - Started process (PID=57047) to work on /Users/harshittyagi/lil/de_env/lib/python3.8/site-packages/airflow/example_dags/example_task_group.py
[2020-12-20 04:50:09,449] {scheduler_job.py:629} INFO - Processing file /Users/harshittyagi/lil/de_env/lib/python3.8/site-packages/airflow/example_dags/example_task_group.py for tasks to queue
[2020-12-20 04:50:09,449] {logging_mixin.py:103} INFO - [2020-12-20 04:50:09,449] {dagbag.py:440} INFO - Filling up the DagBag from /Users/harshittyagi/lil/de_env/lib/python3.8/site-packages/airflow/example_dags/example_task_group.py
[2020-12-20 04:50:09,455] {scheduler_job.py:639} INFO - DAG(s) dict_keys(['example_task_group']) retrieved from /Users/harshittyagi/lil/de_env/lib/python3.8/site-packages/airflow/example_dags/example_task_group.py
[2020-12-20 04:50:09,455] {logging_mixin.py:103} INFO - [2020-12-20 04:50:09,455] {dag.py:1813} INFO - Sync 1 DAGs
[2020-12-20 04:50:09,483] {logging_mixin.py:103} INFO - [2020-12-20 04:50:09,483] {dag.py:2266} INFO - Setting next_dagrun for example_task_group to 2020-12-17 00:00:00+00:00
[2020-12-20 04:50:09,496] {scheduler_job.py:189} INFO - Processing /Users/harshittyagi/lil/de_env/lib/python3.8/site-packages/airflow/example_dags/example_task_group.py took 0.048 seconds
[2020-12-20 04:51:03,114] {scheduler_job.py:181} INFO - Started process (PID=57332) to work on /Users/harshittyagi/lil/de_env/lib/python3.8/site-packages/airflow/example_dags/example_task_group.py
[2020-12-20 04:51:03,114] {scheduler_job.py:629} INFO - Processing file /Users/harshittyagi/lil/de_env/lib/python3.8/site-packages/airflow/example_dags/example_task_group.py for tasks to queue
[2020-12-20 04:51:03,115] {logging_mixin.py:103} INFO - [2020-12-20 04:51:03,115] {dagbag.py:440} INFO - Filling up the DagBag from /Users/harshittyagi/lil/de_env/lib/python3.8/site-packages/airflow/example_dags/example_task_group.py
[2020-12-20 04:51:03,119] {scheduler_job.py:639} INFO - DAG(s) dict_keys(['example_task_group']) retrieved from /Users/harshittyagi/lil/de_env/lib/python3.8/site-packages/airflow/example_dags/example_task_group.py
[2020-12-20 04:51:03,120] {logging_mixin.py:103} INFO - [2020-12-20 04:51:03,120] {dag.py:1813} INFO - Sync 1 DAGs
[2020-12-20 04:51:03,148] {logging_mixin.py:103} INFO - [2020-12-20 04:51:03,148] {dag.py:2266} INFO - Setting next_dagrun for example_task_group to 2020-12-17 00:00:00+00:00
[2020-12-20 04:51:03,157] {scheduler_job.py:189} INFO - Processing /Users/harshittyagi/lil/de_env/lib/python3.8/site-packages/airflow/example_dags/example_task_group.py took 0.043 seconds
[2020-12-20 04:51:54,567] {scheduler_job.py:181} INFO - Started process (PID=57618) to work on /Users/harshittyagi/lil/de_env/lib/python3.8/site-packages/airflow/example_dags/example_task_group.py
[2020-12-20 04:51:54,567] {scheduler_job.py:629} INFO - Processing file /Users/harshittyagi/lil/de_env/lib/python3.8/site-packages/airflow/example_dags/example_task_group.py for tasks to queue
[2020-12-20 04:51:54,568] {logging_mixin.py:103} INFO - [2020-12-20 04:51:54,568] {dagbag.py:440} INFO - Filling up the DagBag from /Users/harshittyagi/lil/de_env/lib/python3.8/site-packages/airflow/example_dags/example_task_group.py
[2020-12-20 04:51:54,573] {scheduler_job.py:639} INFO - DAG(s) dict_keys(['example_task_group']) retrieved from /Users/harshittyagi/lil/de_env/lib/python3.8/site-packages/airflow/example_dags/example_task_group.py
[2020-12-20 04:51:54,573] {logging_mixin.py:103} INFO - [2020-12-20 04:51:54,573] {dag.py:1813} INFO - Sync 1 DAGs
[2020-12-20 04:51:54,598] {logging_mixin.py:103} INFO - [2020-12-20 04:51:54,598] {dag.py:2266} INFO - Setting next_dagrun for example_task_group to 2020-12-17 00:00:00+00:00
[2020-12-20 04:51:54,610] {scheduler_job.py:189} INFO - Processing /Users/harshittyagi/lil/de_env/lib/python3.8/site-packages/airflow/example_dags/example_task_group.py took 0.043 seconds
[2020-12-20 04:52:47,310] {scheduler_job.py:181} INFO - Started process (PID=57907) to work on /Users/harshittyagi/lil/de_env/lib/python3.8/site-packages/airflow/example_dags/example_task_group.py
[2020-12-20 04:52:47,310] {scheduler_job.py:629} INFO - Processing file /Users/harshittyagi/lil/de_env/lib/python3.8/site-packages/airflow/example_dags/example_task_group.py for tasks to queue
[2020-12-20 04:52:47,310] {logging_mixin.py:103} INFO - [2020-12-20 04:52:47,310] {dagbag.py:440} INFO - Filling up the DagBag from /Users/harshittyagi/lil/de_env/lib/python3.8/site-packages/airflow/example_dags/example_task_group.py
[2020-12-20 04:52:47,315] {scheduler_job.py:639} INFO - DAG(s) dict_keys(['example_task_group']) retrieved from /Users/harshittyagi/lil/de_env/lib/python3.8/site-packages/airflow/example_dags/example_task_group.py
[2020-12-20 04:52:47,315] {logging_mixin.py:103} INFO - [2020-12-20 04:52:47,315] {dag.py:1813} INFO - Sync 1 DAGs
[2020-12-20 04:52:47,340] {logging_mixin.py:103} INFO - [2020-12-20 04:52:47,340] {dag.py:2266} INFO - Setting next_dagrun for example_task_group to 2020-12-17 00:00:00+00:00
[2020-12-20 04:52:47,351] {scheduler_job.py:189} INFO - Processing /Users/harshittyagi/lil/de_env/lib/python3.8/site-packages/airflow/example_dags/example_task_group.py took 0.042 seconds
[2020-12-20 04:53:41,493] {scheduler_job.py:181} INFO - Started process (PID=58192) to work on /Users/harshittyagi/lil/de_env/lib/python3.8/site-packages/airflow/example_dags/example_task_group.py
[2020-12-20 04:53:41,493] {scheduler_job.py:629} INFO - Processing file /Users/harshittyagi/lil/de_env/lib/python3.8/site-packages/airflow/example_dags/example_task_group.py for tasks to queue
[2020-12-20 04:53:41,493] {logging_mixin.py:103} INFO - [2020-12-20 04:53:41,493] {dagbag.py:440} INFO - Filling up the DagBag from /Users/harshittyagi/lil/de_env/lib/python3.8/site-packages/airflow/example_dags/example_task_group.py
[2020-12-20 04:53:41,498] {scheduler_job.py:639} INFO - DAG(s) dict_keys(['example_task_group']) retrieved from /Users/harshittyagi/lil/de_env/lib/python3.8/site-packages/airflow/example_dags/example_task_group.py
[2020-12-20 04:53:41,498] {logging_mixin.py:103} INFO - [2020-12-20 04:53:41,498] {dag.py:1813} INFO - Sync 1 DAGs
[2020-12-20 04:53:41,522] {logging_mixin.py:103} INFO - [2020-12-20 04:53:41,522] {dag.py:2266} INFO - Setting next_dagrun for example_task_group to 2020-12-17 00:00:00+00:00
[2020-12-20 04:53:41,533] {scheduler_job.py:189} INFO - Processing /Users/harshittyagi/lil/de_env/lib/python3.8/site-packages/airflow/example_dags/example_task_group.py took 0.041 seconds
[2020-12-20 04:54:35,374] {scheduler_job.py:181} INFO - Started process (PID=58482) to work on /Users/harshittyagi/lil/de_env/lib/python3.8/site-packages/airflow/example_dags/example_task_group.py
[2020-12-20 04:54:35,374] {scheduler_job.py:629} INFO - Processing file /Users/harshittyagi/lil/de_env/lib/python3.8/site-packages/airflow/example_dags/example_task_group.py for tasks to queue
[2020-12-20 04:54:35,375] {logging_mixin.py:103} INFO - [2020-12-20 04:54:35,374] {dagbag.py:440} INFO - Filling up the DagBag from /Users/harshittyagi/lil/de_env/lib/python3.8/site-packages/airflow/example_dags/example_task_group.py
[2020-12-20 04:54:35,379] {scheduler_job.py:639} INFO - DAG(s) dict_keys(['example_task_group']) retrieved from /Users/harshittyagi/lil/de_env/lib/python3.8/site-packages/airflow/example_dags/example_task_group.py
[2020-12-20 04:54:35,380] {logging_mixin.py:103} INFO - [2020-12-20 04:54:35,380] {dag.py:1813} INFO - Sync 1 DAGs
[2020-12-20 04:54:35,404] {logging_mixin.py:103} INFO - [2020-12-20 04:54:35,404] {dag.py:2266} INFO - Setting next_dagrun for example_task_group to 2020-12-17 00:00:00+00:00
[2020-12-20 04:54:35,415] {scheduler_job.py:189} INFO - Processing /Users/harshittyagi/lil/de_env/lib/python3.8/site-packages/airflow/example_dags/example_task_group.py took 0.042 seconds
[2020-12-20 04:55:29,857] {scheduler_job.py:181} INFO - Started process (PID=58767) to work on /Users/harshittyagi/lil/de_env/lib/python3.8/site-packages/airflow/example_dags/example_task_group.py
[2020-12-20 04:55:29,857] {scheduler_job.py:629} INFO - Processing file /Users/harshittyagi/lil/de_env/lib/python3.8/site-packages/airflow/example_dags/example_task_group.py for tasks to queue
[2020-12-20 04:55:29,857] {logging_mixin.py:103} INFO - [2020-12-20 04:55:29,857] {dagbag.py:440} INFO - Filling up the DagBag from /Users/harshittyagi/lil/de_env/lib/python3.8/site-packages/airflow/example_dags/example_task_group.py
[2020-12-20 04:55:29,863] {scheduler_job.py:639} INFO - DAG(s) dict_keys(['example_task_group']) retrieved from /Users/harshittyagi/lil/de_env/lib/python3.8/site-packages/airflow/example_dags/example_task_group.py
[2020-12-20 04:55:29,863] {logging_mixin.py:103} INFO - [2020-12-20 04:55:29,863] {dag.py:1813} INFO - Sync 1 DAGs
[2020-12-20 04:55:29,891] {logging_mixin.py:103} INFO - [2020-12-20 04:55:29,891] {dag.py:2266} INFO - Setting next_dagrun for example_task_group to 2020-12-17 00:00:00+00:00
[2020-12-20 04:55:29,903] {scheduler_job.py:189} INFO - Processing /Users/harshittyagi/lil/de_env/lib/python3.8/site-packages/airflow/example_dags/example_task_group.py took 0.046 seconds
[2020-12-20 04:56:23,710] {scheduler_job.py:181} INFO - Started process (PID=59048) to work on /Users/harshittyagi/lil/de_env/lib/python3.8/site-packages/airflow/example_dags/example_task_group.py
[2020-12-20 04:56:23,710] {scheduler_job.py:629} INFO - Processing file /Users/harshittyagi/lil/de_env/lib/python3.8/site-packages/airflow/example_dags/example_task_group.py for tasks to queue
[2020-12-20 04:56:23,711] {logging_mixin.py:103} INFO - [2020-12-20 04:56:23,710] {dagbag.py:440} INFO - Filling up the DagBag from /Users/harshittyagi/lil/de_env/lib/python3.8/site-packages/airflow/example_dags/example_task_group.py
[2020-12-20 04:56:23,717] {scheduler_job.py:639} INFO - DAG(s) dict_keys(['example_task_group']) retrieved from /Users/harshittyagi/lil/de_env/lib/python3.8/site-packages/airflow/example_dags/example_task_group.py
[2020-12-20 04:56:23,717] {logging_mixin.py:103} INFO - [2020-12-20 04:56:23,717] {dag.py:1813} INFO - Sync 1 DAGs
[2020-12-20 04:56:23,748] {logging_mixin.py:103} INFO - [2020-12-20 04:56:23,748] {dag.py:2266} INFO - Setting next_dagrun for example_task_group to 2020-12-17 00:00:00+00:00
[2020-12-20 04:56:23,761] {scheduler_job.py:189} INFO - Processing /Users/harshittyagi/lil/de_env/lib/python3.8/site-packages/airflow/example_dags/example_task_group.py took 0.052 seconds
[2020-12-20 04:57:17,616] {scheduler_job.py:181} INFO - Started process (PID=59330) to work on /Users/harshittyagi/lil/de_env/lib/python3.8/site-packages/airflow/example_dags/example_task_group.py
[2020-12-20 04:57:17,616] {scheduler_job.py:629} INFO - Processing file /Users/harshittyagi/lil/de_env/lib/python3.8/site-packages/airflow/example_dags/example_task_group.py for tasks to queue
[2020-12-20 04:57:17,616] {logging_mixin.py:103} INFO - [2020-12-20 04:57:17,616] {dagbag.py:440} INFO - Filling up the DagBag from /Users/harshittyagi/lil/de_env/lib/python3.8/site-packages/airflow/example_dags/example_task_group.py
[2020-12-20 04:57:17,621] {scheduler_job.py:639} INFO - DAG(s) dict_keys(['example_task_group']) retrieved from /Users/harshittyagi/lil/de_env/lib/python3.8/site-packages/airflow/example_dags/example_task_group.py
[2020-12-20 04:57:17,621] {logging_mixin.py:103} INFO - [2020-12-20 04:57:17,621] {dag.py:1813} INFO - Sync 1 DAGs
[2020-12-20 04:57:17,645] {logging_mixin.py:103} INFO - [2020-12-20 04:57:17,645] {dag.py:2266} INFO - Setting next_dagrun for example_task_group to 2020-12-17 00:00:00+00:00
[2020-12-20 04:57:17,656] {scheduler_job.py:189} INFO - Processing /Users/harshittyagi/lil/de_env/lib/python3.8/site-packages/airflow/example_dags/example_task_group.py took 0.040 seconds
[2020-12-20 04:58:11,406] {scheduler_job.py:181} INFO - Started process (PID=59613) to work on /Users/harshittyagi/lil/de_env/lib/python3.8/site-packages/airflow/example_dags/example_task_group.py
[2020-12-20 04:58:11,406] {scheduler_job.py:629} INFO - Processing file /Users/harshittyagi/lil/de_env/lib/python3.8/site-packages/airflow/example_dags/example_task_group.py for tasks to queue
[2020-12-20 04:58:11,406] {logging_mixin.py:103} INFO - [2020-12-20 04:58:11,406] {dagbag.py:440} INFO - Filling up the DagBag from /Users/harshittyagi/lil/de_env/lib/python3.8/site-packages/airflow/example_dags/example_task_group.py
[2020-12-20 04:58:11,411] {scheduler_job.py:639} INFO - DAG(s) dict_keys(['example_task_group']) retrieved from /Users/harshittyagi/lil/de_env/lib/python3.8/site-packages/airflow/example_dags/example_task_group.py
[2020-12-20 04:58:11,411] {logging_mixin.py:103} INFO - [2020-12-20 04:58:11,411] {dag.py:1813} INFO - Sync 1 DAGs
[2020-12-20 04:58:11,436] {logging_mixin.py:103} INFO - [2020-12-20 04:58:11,436] {dag.py:2266} INFO - Setting next_dagrun for example_task_group to 2020-12-17 00:00:00+00:00
[2020-12-20 04:58:11,446] {scheduler_job.py:189} INFO - Processing /Users/harshittyagi/lil/de_env/lib/python3.8/site-packages/airflow/example_dags/example_task_group.py took 0.041 seconds
[2020-12-20 04:59:05,325] {scheduler_job.py:181} INFO - Started process (PID=59896) to work on /Users/harshittyagi/lil/de_env/lib/python3.8/site-packages/airflow/example_dags/example_task_group.py
[2020-12-20 04:59:05,325] {scheduler_job.py:629} INFO - Processing file /Users/harshittyagi/lil/de_env/lib/python3.8/site-packages/airflow/example_dags/example_task_group.py for tasks to queue
[2020-12-20 04:59:05,326] {logging_mixin.py:103} INFO - [2020-12-20 04:59:05,326] {dagbag.py:440} INFO - Filling up the DagBag from /Users/harshittyagi/lil/de_env/lib/python3.8/site-packages/airflow/example_dags/example_task_group.py
[2020-12-20 04:59:05,330] {scheduler_job.py:639} INFO - DAG(s) dict_keys(['example_task_group']) retrieved from /Users/harshittyagi/lil/de_env/lib/python3.8/site-packages/airflow/example_dags/example_task_group.py
[2020-12-20 04:59:05,331] {logging_mixin.py:103} INFO - [2020-12-20 04:59:05,331] {dag.py:1813} INFO - Sync 1 DAGs
[2020-12-20 04:59:05,356] {logging_mixin.py:103} INFO - [2020-12-20 04:59:05,356] {dag.py:2266} INFO - Setting next_dagrun for example_task_group to 2020-12-17 00:00:00+00:00
[2020-12-20 04:59:05,366] {scheduler_job.py:189} INFO - Processing /Users/harshittyagi/lil/de_env/lib/python3.8/site-packages/airflow/example_dags/example_task_group.py took 0.042 seconds
[2020-12-20 04:59:59,333] {scheduler_job.py:181} INFO - Started process (PID=60176) to work on /Users/harshittyagi/lil/de_env/lib/python3.8/site-packages/airflow/example_dags/example_task_group.py
[2020-12-20 04:59:59,333] {scheduler_job.py:629} INFO - Processing file /Users/harshittyagi/lil/de_env/lib/python3.8/site-packages/airflow/example_dags/example_task_group.py for tasks to queue
[2020-12-20 04:59:59,334] {logging_mixin.py:103} INFO - [2020-12-20 04:59:59,334] {dagbag.py:440} INFO - Filling up the DagBag from /Users/harshittyagi/lil/de_env/lib/python3.8/site-packages/airflow/example_dags/example_task_group.py
[2020-12-20 04:59:59,338] {scheduler_job.py:639} INFO - DAG(s) dict_keys(['example_task_group']) retrieved from /Users/harshittyagi/lil/de_env/lib/python3.8/site-packages/airflow/example_dags/example_task_group.py
[2020-12-20 04:59:59,339] {logging_mixin.py:103} INFO - [2020-12-20 04:59:59,338] {dag.py:1813} INFO - Sync 1 DAGs
[2020-12-20 04:59:59,362] {logging_mixin.py:103} INFO - [2020-12-20 04:59:59,362] {dag.py:2266} INFO - Setting next_dagrun for example_task_group to 2020-12-17 00:00:00+00:00
[2020-12-20 04:59:59,373] {scheduler_job.py:189} INFO - Processing /Users/harshittyagi/lil/de_env/lib/python3.8/site-packages/airflow/example_dags/example_task_group.py took 0.041 seconds
[2020-12-20 05:00:53,372] {scheduler_job.py:181} INFO - Started process (PID=60464) to work on /Users/harshittyagi/lil/de_env/lib/python3.8/site-packages/airflow/example_dags/example_task_group.py
[2020-12-20 05:00:53,372] {scheduler_job.py:629} INFO - Processing file /Users/harshittyagi/lil/de_env/lib/python3.8/site-packages/airflow/example_dags/example_task_group.py for tasks to queue
[2020-12-20 05:00:53,373] {logging_mixin.py:103} INFO - [2020-12-20 05:00:53,373] {dagbag.py:440} INFO - Filling up the DagBag from /Users/harshittyagi/lil/de_env/lib/python3.8/site-packages/airflow/example_dags/example_task_group.py
[2020-12-20 05:00:53,378] {scheduler_job.py:639} INFO - DAG(s) dict_keys(['example_task_group']) retrieved from /Users/harshittyagi/lil/de_env/lib/python3.8/site-packages/airflow/example_dags/example_task_group.py
[2020-12-20 05:00:53,378] {logging_mixin.py:103} INFO - [2020-12-20 05:00:53,378] {dag.py:1813} INFO - Sync 1 DAGs
[2020-12-20 05:00:53,402] {logging_mixin.py:103} INFO - [2020-12-20 05:00:53,401] {dag.py:2266} INFO - Setting next_dagrun for example_task_group to 2020-12-17 00:00:00+00:00
[2020-12-20 05:00:53,413] {scheduler_job.py:189} INFO - Processing /Users/harshittyagi/lil/de_env/lib/python3.8/site-packages/airflow/example_dags/example_task_group.py took 0.041 seconds
[2020-12-20 05:01:45,943] {scheduler_job.py:181} INFO - Started process (PID=60748) to work on /Users/harshittyagi/lil/de_env/lib/python3.8/site-packages/airflow/example_dags/example_task_group.py
[2020-12-20 05:01:45,944] {scheduler_job.py:629} INFO - Processing file /Users/harshittyagi/lil/de_env/lib/python3.8/site-packages/airflow/example_dags/example_task_group.py for tasks to queue
[2020-12-20 05:01:45,944] {logging_mixin.py:103} INFO - [2020-12-20 05:01:45,944] {dagbag.py:440} INFO - Filling up the DagBag from /Users/harshittyagi/lil/de_env/lib/python3.8/site-packages/airflow/example_dags/example_task_group.py
[2020-12-20 05:01:45,949] {scheduler_job.py:639} INFO - DAG(s) dict_keys(['example_task_group']) retrieved from /Users/harshittyagi/lil/de_env/lib/python3.8/site-packages/airflow/example_dags/example_task_group.py
[2020-12-20 05:01:45,949] {logging_mixin.py:103} INFO - [2020-12-20 05:01:45,949] {dag.py:1813} INFO - Sync 1 DAGs
[2020-12-20 05:01:45,974] {logging_mixin.py:103} INFO - [2020-12-20 05:01:45,973] {dag.py:2266} INFO - Setting next_dagrun for example_task_group to 2020-12-17 00:00:00+00:00
[2020-12-20 05:01:45,984] {scheduler_job.py:189} INFO - Processing /Users/harshittyagi/lil/de_env/lib/python3.8/site-packages/airflow/example_dags/example_task_group.py took 0.041 seconds
[2020-12-20 05:02:39,101] {scheduler_job.py:181} INFO - Started process (PID=61039) to work on /Users/harshittyagi/lil/de_env/lib/python3.8/site-packages/airflow/example_dags/example_task_group.py
[2020-12-20 05:02:39,102] {scheduler_job.py:629} INFO - Processing file /Users/harshittyagi/lil/de_env/lib/python3.8/site-packages/airflow/example_dags/example_task_group.py for tasks to queue
[2020-12-20 05:02:39,102] {logging_mixin.py:103} INFO - [2020-12-20 05:02:39,102] {dagbag.py:440} INFO - Filling up the DagBag from /Users/harshittyagi/lil/de_env/lib/python3.8/site-packages/airflow/example_dags/example_task_group.py
[2020-12-20 05:02:39,107] {scheduler_job.py:639} INFO - DAG(s) dict_keys(['example_task_group']) retrieved from /Users/harshittyagi/lil/de_env/lib/python3.8/site-packages/airflow/example_dags/example_task_group.py
[2020-12-20 05:02:39,107] {logging_mixin.py:103} INFO - [2020-12-20 05:02:39,107] {dag.py:1813} INFO - Sync 1 DAGs
[2020-12-20 05:02:39,132] {logging_mixin.py:103} INFO - [2020-12-20 05:02:39,132] {dag.py:2266} INFO - Setting next_dagrun for example_task_group to 2020-12-17 00:00:00+00:00
[2020-12-20 05:02:39,144] {scheduler_job.py:189} INFO - Processing /Users/harshittyagi/lil/de_env/lib/python3.8/site-packages/airflow/example_dags/example_task_group.py took 0.043 seconds
[2020-12-20 05:03:33,261] {scheduler_job.py:181} INFO - Started process (PID=61322) to work on /Users/harshittyagi/lil/de_env/lib/python3.8/site-packages/airflow/example_dags/example_task_group.py
[2020-12-20 05:03:33,261] {scheduler_job.py:629} INFO - Processing file /Users/harshittyagi/lil/de_env/lib/python3.8/site-packages/airflow/example_dags/example_task_group.py for tasks to queue
[2020-12-20 05:03:33,261] {logging_mixin.py:103} INFO - [2020-12-20 05:03:33,261] {dagbag.py:440} INFO - Filling up the DagBag from /Users/harshittyagi/lil/de_env/lib/python3.8/site-packages/airflow/example_dags/example_task_group.py
[2020-12-20 05:03:33,266] {scheduler_job.py:639} INFO - DAG(s) dict_keys(['example_task_group']) retrieved from /Users/harshittyagi/lil/de_env/lib/python3.8/site-packages/airflow/example_dags/example_task_group.py
[2020-12-20 05:03:33,266] {logging_mixin.py:103} INFO - [2020-12-20 05:03:33,266] {dag.py:1813} INFO - Sync 1 DAGs
[2020-12-20 05:03:33,291] {logging_mixin.py:103} INFO - [2020-12-20 05:03:33,290] {dag.py:2266} INFO - Setting next_dagrun for example_task_group to 2020-12-17 00:00:00+00:00
[2020-12-20 05:03:33,301] {scheduler_job.py:189} INFO - Processing /Users/harshittyagi/lil/de_env/lib/python3.8/site-packages/airflow/example_dags/example_task_group.py took 0.041 seconds
[2020-12-20 05:04:27,328] {scheduler_job.py:181} INFO - Started process (PID=61608) to work on /Users/harshittyagi/lil/de_env/lib/python3.8/site-packages/airflow/example_dags/example_task_group.py
[2020-12-20 05:04:27,328] {scheduler_job.py:629} INFO - Processing file /Users/harshittyagi/lil/de_env/lib/python3.8/site-packages/airflow/example_dags/example_task_group.py for tasks to queue
[2020-12-20 05:04:27,328] {logging_mixin.py:103} INFO - [2020-12-20 05:04:27,328] {dagbag.py:440} INFO - Filling up the DagBag from /Users/harshittyagi/lil/de_env/lib/python3.8/site-packages/airflow/example_dags/example_task_group.py
[2020-12-20 05:04:27,333] {scheduler_job.py:639} INFO - DAG(s) dict_keys(['example_task_group']) retrieved from /Users/harshittyagi/lil/de_env/lib/python3.8/site-packages/airflow/example_dags/example_task_group.py
[2020-12-20 05:04:27,333] {logging_mixin.py:103} INFO - [2020-12-20 05:04:27,333] {dag.py:1813} INFO - Sync 1 DAGs
[2020-12-20 05:04:27,358] {logging_mixin.py:103} INFO - [2020-12-20 05:04:27,358] {dag.py:2266} INFO - Setting next_dagrun for example_task_group to 2020-12-17 00:00:00+00:00
[2020-12-20 05:04:27,369] {scheduler_job.py:189} INFO - Processing /Users/harshittyagi/lil/de_env/lib/python3.8/site-packages/airflow/example_dags/example_task_group.py took 0.041 seconds
[2020-12-20 05:05:21,026] {scheduler_job.py:181} INFO - Started process (PID=61893) to work on /Users/harshittyagi/lil/de_env/lib/python3.8/site-packages/airflow/example_dags/example_task_group.py
[2020-12-20 05:05:21,026] {scheduler_job.py:629} INFO - Processing file /Users/harshittyagi/lil/de_env/lib/python3.8/site-packages/airflow/example_dags/example_task_group.py for tasks to queue
[2020-12-20 05:05:21,026] {logging_mixin.py:103} INFO - [2020-12-20 05:05:21,026] {dagbag.py:440} INFO - Filling up the DagBag from /Users/harshittyagi/lil/de_env/lib/python3.8/site-packages/airflow/example_dags/example_task_group.py
[2020-12-20 05:05:21,033] {scheduler_job.py:639} INFO - DAG(s) dict_keys(['example_task_group']) retrieved from /Users/harshittyagi/lil/de_env/lib/python3.8/site-packages/airflow/example_dags/example_task_group.py
[2020-12-20 05:05:21,033] {logging_mixin.py:103} INFO - [2020-12-20 05:05:21,033] {dag.py:1813} INFO - Sync 1 DAGs
[2020-12-20 05:05:21,066] {logging_mixin.py:103} INFO - [2020-12-20 05:05:21,066] {dag.py:2266} INFO - Setting next_dagrun for example_task_group to 2020-12-17 00:00:00+00:00
[2020-12-20 05:05:21,080] {scheduler_job.py:189} INFO - Processing /Users/harshittyagi/lil/de_env/lib/python3.8/site-packages/airflow/example_dags/example_task_group.py took 0.055 seconds
[2020-12-20 05:06:15,368] {scheduler_job.py:181} INFO - Started process (PID=62178) to work on /Users/harshittyagi/lil/de_env/lib/python3.8/site-packages/airflow/example_dags/example_task_group.py
[2020-12-20 05:06:15,369] {scheduler_job.py:629} INFO - Processing file /Users/harshittyagi/lil/de_env/lib/python3.8/site-packages/airflow/example_dags/example_task_group.py for tasks to queue
[2020-12-20 05:06:15,369] {logging_mixin.py:103} INFO - [2020-12-20 05:06:15,369] {dagbag.py:440} INFO - Filling up the DagBag from /Users/harshittyagi/lil/de_env/lib/python3.8/site-packages/airflow/example_dags/example_task_group.py
[2020-12-20 05:06:15,374] {scheduler_job.py:639} INFO - DAG(s) dict_keys(['example_task_group']) retrieved from /Users/harshittyagi/lil/de_env/lib/python3.8/site-packages/airflow/example_dags/example_task_group.py
[2020-12-20 05:06:15,375] {logging_mixin.py:103} INFO - [2020-12-20 05:06:15,375] {dag.py:1813} INFO - Sync 1 DAGs
[2020-12-20 05:06:15,400] {logging_mixin.py:103} INFO - [2020-12-20 05:06:15,399] {dag.py:2266} INFO - Setting next_dagrun for example_task_group to 2020-12-17 00:00:00+00:00
[2020-12-20 05:06:15,411] {scheduler_job.py:189} INFO - Processing /Users/harshittyagi/lil/de_env/lib/python3.8/site-packages/airflow/example_dags/example_task_group.py took 0.043 seconds
[2020-12-20 05:07:08,806] {scheduler_job.py:181} INFO - Started process (PID=62460) to work on /Users/harshittyagi/lil/de_env/lib/python3.8/site-packages/airflow/example_dags/example_task_group.py
[2020-12-20 05:07:08,806] {scheduler_job.py:629} INFO - Processing file /Users/harshittyagi/lil/de_env/lib/python3.8/site-packages/airflow/example_dags/example_task_group.py for tasks to queue
[2020-12-20 05:07:08,806] {logging_mixin.py:103} INFO - [2020-12-20 05:07:08,806] {dagbag.py:440} INFO - Filling up the DagBag from /Users/harshittyagi/lil/de_env/lib/python3.8/site-packages/airflow/example_dags/example_task_group.py
[2020-12-20 05:07:08,811] {scheduler_job.py:639} INFO - DAG(s) dict_keys(['example_task_group']) retrieved from /Users/harshittyagi/lil/de_env/lib/python3.8/site-packages/airflow/example_dags/example_task_group.py
[2020-12-20 05:07:08,811] {logging_mixin.py:103} INFO - [2020-12-20 05:07:08,811] {dag.py:1813} INFO - Sync 1 DAGs
[2020-12-20 05:07:08,837] {logging_mixin.py:103} INFO - [2020-12-20 05:07:08,837] {dag.py:2266} INFO - Setting next_dagrun for example_task_group to 2020-12-17 00:00:00+00:00
[2020-12-20 05:07:08,849] {scheduler_job.py:189} INFO - Processing /Users/harshittyagi/lil/de_env/lib/python3.8/site-packages/airflow/example_dags/example_task_group.py took 0.043 seconds
[2020-12-20 05:08:03,245] {scheduler_job.py:181} INFO - Started process (PID=62747) to work on /Users/harshittyagi/lil/de_env/lib/python3.8/site-packages/airflow/example_dags/example_task_group.py
[2020-12-20 05:08:03,245] {scheduler_job.py:629} INFO - Processing file /Users/harshittyagi/lil/de_env/lib/python3.8/site-packages/airflow/example_dags/example_task_group.py for tasks to queue
[2020-12-20 05:08:03,246] {logging_mixin.py:103} INFO - [2020-12-20 05:08:03,246] {dagbag.py:440} INFO - Filling up the DagBag from /Users/harshittyagi/lil/de_env/lib/python3.8/site-packages/airflow/example_dags/example_task_group.py
[2020-12-20 05:08:03,250] {scheduler_job.py:639} INFO - DAG(s) dict_keys(['example_task_group']) retrieved from /Users/harshittyagi/lil/de_env/lib/python3.8/site-packages/airflow/example_dags/example_task_group.py
[2020-12-20 05:08:03,251] {logging_mixin.py:103} INFO - [2020-12-20 05:08:03,250] {dag.py:1813} INFO - Sync 1 DAGs
[2020-12-20 05:08:03,275] {logging_mixin.py:103} INFO - [2020-12-20 05:08:03,275] {dag.py:2266} INFO - Setting next_dagrun for example_task_group to 2020-12-17 00:00:00+00:00
[2020-12-20 05:08:03,286] {scheduler_job.py:189} INFO - Processing /Users/harshittyagi/lil/de_env/lib/python3.8/site-packages/airflow/example_dags/example_task_group.py took 0.041 seconds
[2020-12-20 05:08:57,952] {scheduler_job.py:181} INFO - Started process (PID=63034) to work on /Users/harshittyagi/lil/de_env/lib/python3.8/site-packages/airflow/example_dags/example_task_group.py
[2020-12-20 05:08:57,952] {scheduler_job.py:629} INFO - Processing file /Users/harshittyagi/lil/de_env/lib/python3.8/site-packages/airflow/example_dags/example_task_group.py for tasks to queue
[2020-12-20 05:08:57,953] {logging_mixin.py:103} INFO - [2020-12-20 05:08:57,953] {dagbag.py:440} INFO - Filling up the DagBag from /Users/harshittyagi/lil/de_env/lib/python3.8/site-packages/airflow/example_dags/example_task_group.py
[2020-12-20 05:08:57,958] {scheduler_job.py:639} INFO - DAG(s) dict_keys(['example_task_group']) retrieved from /Users/harshittyagi/lil/de_env/lib/python3.8/site-packages/airflow/example_dags/example_task_group.py
[2020-12-20 05:08:57,958] {logging_mixin.py:103} INFO - [2020-12-20 05:08:57,958] {dag.py:1813} INFO - Sync 1 DAGs
[2020-12-20 05:08:57,983] {logging_mixin.py:103} INFO - [2020-12-20 05:08:57,983] {dag.py:2266} INFO - Setting next_dagrun for example_task_group to 2020-12-17 00:00:00+00:00
[2020-12-20 05:08:57,994] {scheduler_job.py:189} INFO - Processing /Users/harshittyagi/lil/de_env/lib/python3.8/site-packages/airflow/example_dags/example_task_group.py took 0.042 seconds
[2020-12-20 05:09:52,305] {scheduler_job.py:181} INFO - Started process (PID=63321) to work on /Users/harshittyagi/lil/de_env/lib/python3.8/site-packages/airflow/example_dags/example_task_group.py
[2020-12-20 05:09:52,305] {scheduler_job.py:629} INFO - Processing file /Users/harshittyagi/lil/de_env/lib/python3.8/site-packages/airflow/example_dags/example_task_group.py for tasks to queue
[2020-12-20 05:09:52,306] {logging_mixin.py:103} INFO - [2020-12-20 05:09:52,306] {dagbag.py:440} INFO - Filling up the DagBag from /Users/harshittyagi/lil/de_env/lib/python3.8/site-packages/airflow/example_dags/example_task_group.py
[2020-12-20 05:09:52,311] {scheduler_job.py:639} INFO - DAG(s) dict_keys(['example_task_group']) retrieved from /Users/harshittyagi/lil/de_env/lib/python3.8/site-packages/airflow/example_dags/example_task_group.py
[2020-12-20 05:09:52,311] {logging_mixin.py:103} INFO - [2020-12-20 05:09:52,311] {dag.py:1813} INFO - Sync 1 DAGs
[2020-12-20 05:09:52,336] {logging_mixin.py:103} INFO - [2020-12-20 05:09:52,336] {dag.py:2266} INFO - Setting next_dagrun for example_task_group to 2020-12-17 00:00:00+00:00
[2020-12-20 05:09:52,350] {scheduler_job.py:189} INFO - Processing /Users/harshittyagi/lil/de_env/lib/python3.8/site-packages/airflow/example_dags/example_task_group.py took 0.045 seconds
[2020-12-20 05:10:46,347] {scheduler_job.py:181} INFO - Started process (PID=63606) to work on /Users/harshittyagi/lil/de_env/lib/python3.8/site-packages/airflow/example_dags/example_task_group.py
[2020-12-20 05:10:46,347] {scheduler_job.py:629} INFO - Processing file /Users/harshittyagi/lil/de_env/lib/python3.8/site-packages/airflow/example_dags/example_task_group.py for tasks to queue
[2020-12-20 05:10:46,348] {logging_mixin.py:103} INFO - [2020-12-20 05:10:46,348] {dagbag.py:440} INFO - Filling up the DagBag from /Users/harshittyagi/lil/de_env/lib/python3.8/site-packages/airflow/example_dags/example_task_group.py
[2020-12-20 05:10:46,354] {scheduler_job.py:639} INFO - DAG(s) dict_keys(['example_task_group']) retrieved from /Users/harshittyagi/lil/de_env/lib/python3.8/site-packages/airflow/example_dags/example_task_group.py
[2020-12-20 05:10:46,354] {logging_mixin.py:103} INFO - [2020-12-20 05:10:46,354] {dag.py:1813} INFO - Sync 1 DAGs
[2020-12-20 05:10:46,387] {logging_mixin.py:103} INFO - [2020-12-20 05:10:46,387] {dag.py:2266} INFO - Setting next_dagrun for example_task_group to 2020-12-17 00:00:00+00:00
[2020-12-20 05:10:46,401] {scheduler_job.py:189} INFO - Processing /Users/harshittyagi/lil/de_env/lib/python3.8/site-packages/airflow/example_dags/example_task_group.py took 0.054 seconds
[2020-12-20 05:11:39,139] {scheduler_job.py:181} INFO - Started process (PID=63890) to work on /Users/harshittyagi/lil/de_env/lib/python3.8/site-packages/airflow/example_dags/example_task_group.py
[2020-12-20 05:11:39,139] {scheduler_job.py:629} INFO - Processing file /Users/harshittyagi/lil/de_env/lib/python3.8/site-packages/airflow/example_dags/example_task_group.py for tasks to queue
[2020-12-20 05:11:39,140] {logging_mixin.py:103} INFO - [2020-12-20 05:11:39,140] {dagbag.py:440} INFO - Filling up the DagBag from /Users/harshittyagi/lil/de_env/lib/python3.8/site-packages/airflow/example_dags/example_task_group.py
[2020-12-20 05:11:39,145] {scheduler_job.py:639} INFO - DAG(s) dict_keys(['example_task_group']) retrieved from /Users/harshittyagi/lil/de_env/lib/python3.8/site-packages/airflow/example_dags/example_task_group.py
[2020-12-20 05:11:39,145] {logging_mixin.py:103} INFO - [2020-12-20 05:11:39,145] {dag.py:1813} INFO - Sync 1 DAGs
[2020-12-20 05:11:39,170] {logging_mixin.py:103} INFO - [2020-12-20 05:11:39,170] {dag.py:2266} INFO - Setting next_dagrun for example_task_group to 2020-12-17 00:00:00+00:00
[2020-12-20 05:11:39,177] {scheduler_job.py:189} INFO - Processing /Users/harshittyagi/lil/de_env/lib/python3.8/site-packages/airflow/example_dags/example_task_group.py took 0.039 seconds
[2020-12-20 05:12:31,707] {scheduler_job.py:181} INFO - Started process (PID=64174) to work on /Users/harshittyagi/lil/de_env/lib/python3.8/site-packages/airflow/example_dags/example_task_group.py
[2020-12-20 05:12:31,707] {scheduler_job.py:629} INFO - Processing file /Users/harshittyagi/lil/de_env/lib/python3.8/site-packages/airflow/example_dags/example_task_group.py for tasks to queue
[2020-12-20 05:12:31,708] {logging_mixin.py:103} INFO - [2020-12-20 05:12:31,707] {dagbag.py:440} INFO - Filling up the DagBag from /Users/harshittyagi/lil/de_env/lib/python3.8/site-packages/airflow/example_dags/example_task_group.py
[2020-12-20 05:12:31,714] {scheduler_job.py:639} INFO - DAG(s) dict_keys(['example_task_group']) retrieved from /Users/harshittyagi/lil/de_env/lib/python3.8/site-packages/airflow/example_dags/example_task_group.py
[2020-12-20 05:12:31,714] {logging_mixin.py:103} INFO - [2020-12-20 05:12:31,714] {dag.py:1813} INFO - Sync 1 DAGs
[2020-12-20 05:12:31,743] {logging_mixin.py:103} INFO - [2020-12-20 05:12:31,743] {dag.py:2266} INFO - Setting next_dagrun for example_task_group to 2020-12-17 00:00:00+00:00
[2020-12-20 05:12:31,756] {scheduler_job.py:189} INFO - Processing /Users/harshittyagi/lil/de_env/lib/python3.8/site-packages/airflow/example_dags/example_task_group.py took 0.050 seconds
[2020-12-20 05:13:25,502] {scheduler_job.py:181} INFO - Started process (PID=64456) to work on /Users/harshittyagi/lil/de_env/lib/python3.8/site-packages/airflow/example_dags/example_task_group.py
[2020-12-20 05:13:25,502] {scheduler_job.py:629} INFO - Processing file /Users/harshittyagi/lil/de_env/lib/python3.8/site-packages/airflow/example_dags/example_task_group.py for tasks to queue
[2020-12-20 05:13:25,502] {logging_mixin.py:103} INFO - [2020-12-20 05:13:25,502] {dagbag.py:440} INFO - Filling up the DagBag from /Users/harshittyagi/lil/de_env/lib/python3.8/site-packages/airflow/example_dags/example_task_group.py
[2020-12-20 05:13:25,507] {scheduler_job.py:639} INFO - DAG(s) dict_keys(['example_task_group']) retrieved from /Users/harshittyagi/lil/de_env/lib/python3.8/site-packages/airflow/example_dags/example_task_group.py
[2020-12-20 05:13:25,508] {logging_mixin.py:103} INFO - [2020-12-20 05:13:25,508] {dag.py:1813} INFO - Sync 1 DAGs
[2020-12-20 05:13:25,535] {logging_mixin.py:103} INFO - [2020-12-20 05:13:25,535] {dag.py:2266} INFO - Setting next_dagrun for example_task_group to 2020-12-17 00:00:00+00:00
[2020-12-20 05:13:25,547] {scheduler_job.py:189} INFO - Processing /Users/harshittyagi/lil/de_env/lib/python3.8/site-packages/airflow/example_dags/example_task_group.py took 0.046 seconds
[2020-12-20 05:14:19,357] {scheduler_job.py:181} INFO - Started process (PID=64739) to work on /Users/harshittyagi/lil/de_env/lib/python3.8/site-packages/airflow/example_dags/example_task_group.py
[2020-12-20 05:14:19,358] {scheduler_job.py:629} INFO - Processing file /Users/harshittyagi/lil/de_env/lib/python3.8/site-packages/airflow/example_dags/example_task_group.py for tasks to queue
[2020-12-20 05:14:19,358] {logging_mixin.py:103} INFO - [2020-12-20 05:14:19,358] {dagbag.py:440} INFO - Filling up the DagBag from /Users/harshittyagi/lil/de_env/lib/python3.8/site-packages/airflow/example_dags/example_task_group.py
[2020-12-20 05:14:19,364] {scheduler_job.py:639} INFO - DAG(s) dict_keys(['example_task_group']) retrieved from /Users/harshittyagi/lil/de_env/lib/python3.8/site-packages/airflow/example_dags/example_task_group.py
[2020-12-20 05:14:19,364] {logging_mixin.py:103} INFO - [2020-12-20 05:14:19,364] {dag.py:1813} INFO - Sync 1 DAGs
[2020-12-20 05:14:19,390] {logging_mixin.py:103} INFO - [2020-12-20 05:14:19,390] {dag.py:2266} INFO - Setting next_dagrun for example_task_group to 2020-12-17 00:00:00+00:00
[2020-12-20 05:14:19,402] {scheduler_job.py:189} INFO - Processing /Users/harshittyagi/lil/de_env/lib/python3.8/site-packages/airflow/example_dags/example_task_group.py took 0.045 seconds
[2020-12-20 05:15:11,528] {scheduler_job.py:181} INFO - Started process (PID=65026) to work on /Users/harshittyagi/lil/de_env/lib/python3.8/site-packages/airflow/example_dags/example_task_group.py
[2020-12-20 05:15:11,528] {scheduler_job.py:629} INFO - Processing file /Users/harshittyagi/lil/de_env/lib/python3.8/site-packages/airflow/example_dags/example_task_group.py for tasks to queue
[2020-12-20 05:15:11,529] {logging_mixin.py:103} INFO - [2020-12-20 05:15:11,528] {dagbag.py:440} INFO - Filling up the DagBag from /Users/harshittyagi/lil/de_env/lib/python3.8/site-packages/airflow/example_dags/example_task_group.py
[2020-12-20 05:15:11,535] {scheduler_job.py:639} INFO - DAG(s) dict_keys(['example_task_group']) retrieved from /Users/harshittyagi/lil/de_env/lib/python3.8/site-packages/airflow/example_dags/example_task_group.py
[2020-12-20 05:15:11,536] {logging_mixin.py:103} INFO - [2020-12-20 05:15:11,535] {dag.py:1813} INFO - Sync 1 DAGs
[2020-12-20 05:15:11,564] {logging_mixin.py:103} INFO - [2020-12-20 05:15:11,564] {dag.py:2266} INFO - Setting next_dagrun for example_task_group to 2020-12-17 00:00:00+00:00
[2020-12-20 05:15:11,577] {scheduler_job.py:189} INFO - Processing /Users/harshittyagi/lil/de_env/lib/python3.8/site-packages/airflow/example_dags/example_task_group.py took 0.050 seconds
[2020-12-20 05:16:04,072] {scheduler_job.py:181} INFO - Started process (PID=65309) to work on /Users/harshittyagi/lil/de_env/lib/python3.8/site-packages/airflow/example_dags/example_task_group.py
[2020-12-20 05:16:04,073] {scheduler_job.py:629} INFO - Processing file /Users/harshittyagi/lil/de_env/lib/python3.8/site-packages/airflow/example_dags/example_task_group.py for tasks to queue
[2020-12-20 05:16:04,073] {logging_mixin.py:103} INFO - [2020-12-20 05:16:04,073] {dagbag.py:440} INFO - Filling up the DagBag from /Users/harshittyagi/lil/de_env/lib/python3.8/site-packages/airflow/example_dags/example_task_group.py
[2020-12-20 05:16:04,078] {scheduler_job.py:639} INFO - DAG(s) dict_keys(['example_task_group']) retrieved from /Users/harshittyagi/lil/de_env/lib/python3.8/site-packages/airflow/example_dags/example_task_group.py
[2020-12-20 05:16:04,079] {logging_mixin.py:103} INFO - [2020-12-20 05:16:04,079] {dag.py:1813} INFO - Sync 1 DAGs
[2020-12-20 05:16:04,105] {logging_mixin.py:103} INFO - [2020-12-20 05:16:04,105] {dag.py:2266} INFO - Setting next_dagrun for example_task_group to 2020-12-17 00:00:00+00:00
[2020-12-20 05:16:04,116] {scheduler_job.py:189} INFO - Processing /Users/harshittyagi/lil/de_env/lib/python3.8/site-packages/airflow/example_dags/example_task_group.py took 0.044 seconds
[2020-12-20 05:16:58,273] {scheduler_job.py:181} INFO - Started process (PID=65592) to work on /Users/harshittyagi/lil/de_env/lib/python3.8/site-packages/airflow/example_dags/example_task_group.py
[2020-12-20 05:16:58,273] {scheduler_job.py:629} INFO - Processing file /Users/harshittyagi/lil/de_env/lib/python3.8/site-packages/airflow/example_dags/example_task_group.py for tasks to queue
[2020-12-20 05:16:58,273] {logging_mixin.py:103} INFO - [2020-12-20 05:16:58,273] {dagbag.py:440} INFO - Filling up the DagBag from /Users/harshittyagi/lil/de_env/lib/python3.8/site-packages/airflow/example_dags/example_task_group.py
[2020-12-20 05:16:58,278] {scheduler_job.py:639} INFO - DAG(s) dict_keys(['example_task_group']) retrieved from /Users/harshittyagi/lil/de_env/lib/python3.8/site-packages/airflow/example_dags/example_task_group.py
[2020-12-20 05:16:58,278] {logging_mixin.py:103} INFO - [2020-12-20 05:16:58,278] {dag.py:1813} INFO - Sync 1 DAGs
[2020-12-20 05:16:58,303] {logging_mixin.py:103} INFO - [2020-12-20 05:16:58,303] {dag.py:2266} INFO - Setting next_dagrun for example_task_group to 2020-12-17 00:00:00+00:00
[2020-12-20 05:16:58,314] {scheduler_job.py:189} INFO - Processing /Users/harshittyagi/lil/de_env/lib/python3.8/site-packages/airflow/example_dags/example_task_group.py took 0.042 seconds
[2020-12-20 05:17:52,134] {scheduler_job.py:181} INFO - Started process (PID=65878) to work on /Users/harshittyagi/lil/de_env/lib/python3.8/site-packages/airflow/example_dags/example_task_group.py
[2020-12-20 05:17:52,134] {scheduler_job.py:629} INFO - Processing file /Users/harshittyagi/lil/de_env/lib/python3.8/site-packages/airflow/example_dags/example_task_group.py for tasks to queue
[2020-12-20 05:17:52,134] {logging_mixin.py:103} INFO - [2020-12-20 05:17:52,134] {dagbag.py:440} INFO - Filling up the DagBag from /Users/harshittyagi/lil/de_env/lib/python3.8/site-packages/airflow/example_dags/example_task_group.py
[2020-12-20 05:17:52,139] {scheduler_job.py:639} INFO - DAG(s) dict_keys(['example_task_group']) retrieved from /Users/harshittyagi/lil/de_env/lib/python3.8/site-packages/airflow/example_dags/example_task_group.py
[2020-12-20 05:17:52,139] {logging_mixin.py:103} INFO - [2020-12-20 05:17:52,139] {dag.py:1813} INFO - Sync 1 DAGs
[2020-12-20 05:17:52,164] {logging_mixin.py:103} INFO - [2020-12-20 05:17:52,164] {dag.py:2266} INFO - Setting next_dagrun for example_task_group to 2020-12-17 00:00:00+00:00
[2020-12-20 05:17:52,174] {scheduler_job.py:189} INFO - Processing /Users/harshittyagi/lil/de_env/lib/python3.8/site-packages/airflow/example_dags/example_task_group.py took 0.041 seconds
[2020-12-20 05:18:47,804] {scheduler_job.py:181} INFO - Started process (PID=66164) to work on /Users/harshittyagi/lil/de_env/lib/python3.8/site-packages/airflow/example_dags/example_task_group.py
[2020-12-20 05:18:47,804] {scheduler_job.py:629} INFO - Processing file /Users/harshittyagi/lil/de_env/lib/python3.8/site-packages/airflow/example_dags/example_task_group.py for tasks to queue
[2020-12-20 05:18:47,804] {logging_mixin.py:103} INFO - [2020-12-20 05:18:47,804] {dagbag.py:440} INFO - Filling up the DagBag from /Users/harshittyagi/lil/de_env/lib/python3.8/site-packages/airflow/example_dags/example_task_group.py
[2020-12-20 05:18:47,810] {scheduler_job.py:639} INFO - DAG(s) dict_keys(['example_task_group']) retrieved from /Users/harshittyagi/lil/de_env/lib/python3.8/site-packages/airflow/example_dags/example_task_group.py
[2020-12-20 05:18:47,810] {logging_mixin.py:103} INFO - [2020-12-20 05:18:47,810] {dag.py:1813} INFO - Sync 1 DAGs
[2020-12-20 05:18:47,838] {logging_mixin.py:103} INFO - [2020-12-20 05:18:47,838] {dag.py:2266} INFO - Setting next_dagrun for example_task_group to 2020-12-17 00:00:00+00:00
[2020-12-20 05:18:47,849] {scheduler_job.py:189} INFO - Processing /Users/harshittyagi/lil/de_env/lib/python3.8/site-packages/airflow/example_dags/example_task_group.py took 0.045 seconds
[2020-12-20 05:19:42,192] {scheduler_job.py:181} INFO - Started process (PID=66451) to work on /Users/harshittyagi/lil/de_env/lib/python3.8/site-packages/airflow/example_dags/example_task_group.py
[2020-12-20 05:19:42,193] {scheduler_job.py:629} INFO - Processing file /Users/harshittyagi/lil/de_env/lib/python3.8/site-packages/airflow/example_dags/example_task_group.py for tasks to queue
[2020-12-20 05:19:42,193] {logging_mixin.py:103} INFO - [2020-12-20 05:19:42,193] {dagbag.py:440} INFO - Filling up the DagBag from /Users/harshittyagi/lil/de_env/lib/python3.8/site-packages/airflow/example_dags/example_task_group.py
[2020-12-20 05:19:42,199] {scheduler_job.py:639} INFO - DAG(s) dict_keys(['example_task_group']) retrieved from /Users/harshittyagi/lil/de_env/lib/python3.8/site-packages/airflow/example_dags/example_task_group.py
[2020-12-20 05:19:42,199] {logging_mixin.py:103} INFO - [2020-12-20 05:19:42,199] {dag.py:1813} INFO - Sync 1 DAGs
[2020-12-20 05:19:42,229] {logging_mixin.py:103} INFO - [2020-12-20 05:19:42,229] {dag.py:2266} INFO - Setting next_dagrun for example_task_group to 2020-12-17 00:00:00+00:00
[2020-12-20 05:19:42,244] {scheduler_job.py:189} INFO - Processing /Users/harshittyagi/lil/de_env/lib/python3.8/site-packages/airflow/example_dags/example_task_group.py took 0.052 seconds
[2020-12-20 05:20:39,442] {scheduler_job.py:181} INFO - Started process (PID=66747) to work on /Users/harshittyagi/lil/de_env/lib/python3.8/site-packages/airflow/example_dags/example_task_group.py
[2020-12-20 05:20:39,443] {scheduler_job.py:629} INFO - Processing file /Users/harshittyagi/lil/de_env/lib/python3.8/site-packages/airflow/example_dags/example_task_group.py for tasks to queue
[2020-12-20 05:20:39,443] {logging_mixin.py:103} INFO - [2020-12-20 05:20:39,443] {dagbag.py:440} INFO - Filling up the DagBag from /Users/harshittyagi/lil/de_env/lib/python3.8/site-packages/airflow/example_dags/example_task_group.py
[2020-12-20 05:20:39,449] {scheduler_job.py:639} INFO - DAG(s) dict_keys(['example_task_group']) retrieved from /Users/harshittyagi/lil/de_env/lib/python3.8/site-packages/airflow/example_dags/example_task_group.py
[2020-12-20 05:20:39,449] {logging_mixin.py:103} INFO - [2020-12-20 05:20:39,449] {dag.py:1813} INFO - Sync 1 DAGs
[2020-12-20 05:20:39,479] {logging_mixin.py:103} INFO - [2020-12-20 05:20:39,479] {dag.py:2266} INFO - Setting next_dagrun for example_task_group to 2020-12-17 00:00:00+00:00
[2020-12-20 05:20:39,491] {scheduler_job.py:189} INFO - Processing /Users/harshittyagi/lil/de_env/lib/python3.8/site-packages/airflow/example_dags/example_task_group.py took 0.050 seconds
[2020-12-20 05:21:34,967] {scheduler_job.py:181} INFO - Started process (PID=67032) to work on /Users/harshittyagi/lil/de_env/lib/python3.8/site-packages/airflow/example_dags/example_task_group.py
[2020-12-20 05:21:34,967] {scheduler_job.py:629} INFO - Processing file /Users/harshittyagi/lil/de_env/lib/python3.8/site-packages/airflow/example_dags/example_task_group.py for tasks to queue
[2020-12-20 05:21:34,968] {logging_mixin.py:103} INFO - [2020-12-20 05:21:34,967] {dagbag.py:440} INFO - Filling up the DagBag from /Users/harshittyagi/lil/de_env/lib/python3.8/site-packages/airflow/example_dags/example_task_group.py
[2020-12-20 05:21:34,973] {scheduler_job.py:639} INFO - DAG(s) dict_keys(['example_task_group']) retrieved from /Users/harshittyagi/lil/de_env/lib/python3.8/site-packages/airflow/example_dags/example_task_group.py
[2020-12-20 05:21:34,974] {logging_mixin.py:103} INFO - [2020-12-20 05:21:34,974] {dag.py:1813} INFO - Sync 1 DAGs
[2020-12-20 05:21:35,002] {logging_mixin.py:103} INFO - [2020-12-20 05:21:35,002] {dag.py:2266} INFO - Setting next_dagrun for example_task_group to 2020-12-17 00:00:00+00:00
[2020-12-20 05:21:35,016] {scheduler_job.py:189} INFO - Processing /Users/harshittyagi/lil/de_env/lib/python3.8/site-packages/airflow/example_dags/example_task_group.py took 0.049 seconds
[2020-12-20 05:22:30,063] {scheduler_job.py:181} INFO - Started process (PID=67317) to work on /Users/harshittyagi/lil/de_env/lib/python3.8/site-packages/airflow/example_dags/example_task_group.py
[2020-12-20 05:22:30,063] {scheduler_job.py:629} INFO - Processing file /Users/harshittyagi/lil/de_env/lib/python3.8/site-packages/airflow/example_dags/example_task_group.py for tasks to queue
[2020-12-20 05:22:30,064] {logging_mixin.py:103} INFO - [2020-12-20 05:22:30,063] {dagbag.py:440} INFO - Filling up the DagBag from /Users/harshittyagi/lil/de_env/lib/python3.8/site-packages/airflow/example_dags/example_task_group.py
[2020-12-20 05:22:30,069] {scheduler_job.py:639} INFO - DAG(s) dict_keys(['example_task_group']) retrieved from /Users/harshittyagi/lil/de_env/lib/python3.8/site-packages/airflow/example_dags/example_task_group.py
[2020-12-20 05:22:30,069] {logging_mixin.py:103} INFO - [2020-12-20 05:22:30,069] {dag.py:1813} INFO - Sync 1 DAGs
[2020-12-20 05:22:30,098] {logging_mixin.py:103} INFO - [2020-12-20 05:22:30,098] {dag.py:2266} INFO - Setting next_dagrun for example_task_group to 2020-12-17 00:00:00+00:00
[2020-12-20 05:22:30,111] {scheduler_job.py:189} INFO - Processing /Users/harshittyagi/lil/de_env/lib/python3.8/site-packages/airflow/example_dags/example_task_group.py took 0.048 seconds
[2020-12-20 05:23:25,221] {scheduler_job.py:181} INFO - Started process (PID=67604) to work on /Users/harshittyagi/lil/de_env/lib/python3.8/site-packages/airflow/example_dags/example_task_group.py
[2020-12-20 05:23:25,221] {scheduler_job.py:629} INFO - Processing file /Users/harshittyagi/lil/de_env/lib/python3.8/site-packages/airflow/example_dags/example_task_group.py for tasks to queue
[2020-12-20 05:23:25,221] {logging_mixin.py:103} INFO - [2020-12-20 05:23:25,221] {dagbag.py:440} INFO - Filling up the DagBag from /Users/harshittyagi/lil/de_env/lib/python3.8/site-packages/airflow/example_dags/example_task_group.py
[2020-12-20 05:23:25,227] {scheduler_job.py:639} INFO - DAG(s) dict_keys(['example_task_group']) retrieved from /Users/harshittyagi/lil/de_env/lib/python3.8/site-packages/airflow/example_dags/example_task_group.py
[2020-12-20 05:23:25,228] {logging_mixin.py:103} INFO - [2020-12-20 05:23:25,228] {dag.py:1813} INFO - Sync 1 DAGs
[2020-12-20 05:23:25,257] {logging_mixin.py:103} INFO - [2020-12-20 05:23:25,257] {dag.py:2266} INFO - Setting next_dagrun for example_task_group to 2020-12-17 00:00:00+00:00
[2020-12-20 05:23:25,266] {scheduler_job.py:189} INFO - Processing /Users/harshittyagi/lil/de_env/lib/python3.8/site-packages/airflow/example_dags/example_task_group.py took 0.046 seconds
[2020-12-20 05:24:20,237] {scheduler_job.py:181} INFO - Started process (PID=67895) to work on /Users/harshittyagi/lil/de_env/lib/python3.8/site-packages/airflow/example_dags/example_task_group.py
[2020-12-20 05:24:20,237] {scheduler_job.py:629} INFO - Processing file /Users/harshittyagi/lil/de_env/lib/python3.8/site-packages/airflow/example_dags/example_task_group.py for tasks to queue
[2020-12-20 05:24:20,237] {logging_mixin.py:103} INFO - [2020-12-20 05:24:20,237] {dagbag.py:440} INFO - Filling up the DagBag from /Users/harshittyagi/lil/de_env/lib/python3.8/site-packages/airflow/example_dags/example_task_group.py
[2020-12-20 05:24:20,243] {scheduler_job.py:639} INFO - DAG(s) dict_keys(['example_task_group']) retrieved from /Users/harshittyagi/lil/de_env/lib/python3.8/site-packages/airflow/example_dags/example_task_group.py
[2020-12-20 05:24:20,244] {logging_mixin.py:103} INFO - [2020-12-20 05:24:20,244] {dag.py:1813} INFO - Sync 1 DAGs
[2020-12-20 05:24:20,271] {logging_mixin.py:103} INFO - [2020-12-20 05:24:20,271] {dag.py:2266} INFO - Setting next_dagrun for example_task_group to 2020-12-17 00:00:00+00:00
[2020-12-20 05:24:20,281] {scheduler_job.py:189} INFO - Processing /Users/harshittyagi/lil/de_env/lib/python3.8/site-packages/airflow/example_dags/example_task_group.py took 0.045 seconds
[2020-12-20 05:25:15,392] {scheduler_job.py:181} INFO - Started process (PID=68183) to work on /Users/harshittyagi/lil/de_env/lib/python3.8/site-packages/airflow/example_dags/example_task_group.py
[2020-12-20 05:25:15,393] {scheduler_job.py:629} INFO - Processing file /Users/harshittyagi/lil/de_env/lib/python3.8/site-packages/airflow/example_dags/example_task_group.py for tasks to queue
[2020-12-20 05:25:15,393] {logging_mixin.py:103} INFO - [2020-12-20 05:25:15,393] {dagbag.py:440} INFO - Filling up the DagBag from /Users/harshittyagi/lil/de_env/lib/python3.8/site-packages/airflow/example_dags/example_task_group.py
[2020-12-20 05:25:15,399] {scheduler_job.py:639} INFO - DAG(s) dict_keys(['example_task_group']) retrieved from /Users/harshittyagi/lil/de_env/lib/python3.8/site-packages/airflow/example_dags/example_task_group.py
[2020-12-20 05:25:15,399] {logging_mixin.py:103} INFO - [2020-12-20 05:25:15,399] {dag.py:1813} INFO - Sync 1 DAGs
[2020-12-20 05:25:15,428] {logging_mixin.py:103} INFO - [2020-12-20 05:25:15,428] {dag.py:2266} INFO - Setting next_dagrun for example_task_group to 2020-12-17 00:00:00+00:00
[2020-12-20 05:25:15,440] {scheduler_job.py:189} INFO - Processing /Users/harshittyagi/lil/de_env/lib/python3.8/site-packages/airflow/example_dags/example_task_group.py took 0.048 seconds
[2020-12-20 05:26:10,796] {scheduler_job.py:181} INFO - Started process (PID=68465) to work on /Users/harshittyagi/lil/de_env/lib/python3.8/site-packages/airflow/example_dags/example_task_group.py
[2020-12-20 05:26:10,796] {scheduler_job.py:629} INFO - Processing file /Users/harshittyagi/lil/de_env/lib/python3.8/site-packages/airflow/example_dags/example_task_group.py for tasks to queue
[2020-12-20 05:26:10,797] {logging_mixin.py:103} INFO - [2020-12-20 05:26:10,796] {dagbag.py:440} INFO - Filling up the DagBag from /Users/harshittyagi/lil/de_env/lib/python3.8/site-packages/airflow/example_dags/example_task_group.py
[2020-12-20 05:26:10,802] {scheduler_job.py:639} INFO - DAG(s) dict_keys(['example_task_group']) retrieved from /Users/harshittyagi/lil/de_env/lib/python3.8/site-packages/airflow/example_dags/example_task_group.py
[2020-12-20 05:26:10,803] {logging_mixin.py:103} INFO - [2020-12-20 05:26:10,802] {dag.py:1813} INFO - Sync 1 DAGs
[2020-12-20 05:26:10,832] {logging_mixin.py:103} INFO - [2020-12-20 05:26:10,832] {dag.py:2266} INFO - Setting next_dagrun for example_task_group to 2020-12-17 00:00:00+00:00
[2020-12-20 05:26:10,845] {scheduler_job.py:189} INFO - Processing /Users/harshittyagi/lil/de_env/lib/python3.8/site-packages/airflow/example_dags/example_task_group.py took 0.049 seconds
[2020-12-20 05:27:05,560] {scheduler_job.py:181} INFO - Started process (PID=68749) to work on /Users/harshittyagi/lil/de_env/lib/python3.8/site-packages/airflow/example_dags/example_task_group.py
[2020-12-20 05:27:05,560] {scheduler_job.py:629} INFO - Processing file /Users/harshittyagi/lil/de_env/lib/python3.8/site-packages/airflow/example_dags/example_task_group.py for tasks to queue
[2020-12-20 05:27:05,561] {logging_mixin.py:103} INFO - [2020-12-20 05:27:05,561] {dagbag.py:440} INFO - Filling up the DagBag from /Users/harshittyagi/lil/de_env/lib/python3.8/site-packages/airflow/example_dags/example_task_group.py
[2020-12-20 05:27:05,567] {scheduler_job.py:639} INFO - DAG(s) dict_keys(['example_task_group']) retrieved from /Users/harshittyagi/lil/de_env/lib/python3.8/site-packages/airflow/example_dags/example_task_group.py
[2020-12-20 05:27:05,567] {logging_mixin.py:103} INFO - [2020-12-20 05:27:05,567] {dag.py:1813} INFO - Sync 1 DAGs
[2020-12-20 05:27:05,595] {logging_mixin.py:103} INFO - [2020-12-20 05:27:05,595] {dag.py:2266} INFO - Setting next_dagrun for example_task_group to 2020-12-17 00:00:00+00:00
[2020-12-20 05:27:05,607] {scheduler_job.py:189} INFO - Processing /Users/harshittyagi/lil/de_env/lib/python3.8/site-packages/airflow/example_dags/example_task_group.py took 0.048 seconds
[2020-12-20 05:28:03,075] {scheduler_job.py:181} INFO - Started process (PID=69037) to work on /Users/harshittyagi/lil/de_env/lib/python3.8/site-packages/airflow/example_dags/example_task_group.py
[2020-12-20 05:28:03,076] {scheduler_job.py:629} INFO - Processing file /Users/harshittyagi/lil/de_env/lib/python3.8/site-packages/airflow/example_dags/example_task_group.py for tasks to queue
[2020-12-20 05:28:03,077] {logging_mixin.py:103} INFO - [2020-12-20 05:28:03,076] {dagbag.py:440} INFO - Filling up the DagBag from /Users/harshittyagi/lil/de_env/lib/python3.8/site-packages/airflow/example_dags/example_task_group.py
[2020-12-20 05:28:03,084] {scheduler_job.py:639} INFO - DAG(s) dict_keys(['example_task_group']) retrieved from /Users/harshittyagi/lil/de_env/lib/python3.8/site-packages/airflow/example_dags/example_task_group.py
[2020-12-20 05:28:03,084] {logging_mixin.py:103} INFO - [2020-12-20 05:28:03,084] {dag.py:1813} INFO - Sync 1 DAGs
[2020-12-20 05:28:03,111] {logging_mixin.py:103} INFO - [2020-12-20 05:28:03,111] {dag.py:2266} INFO - Setting next_dagrun for example_task_group to 2020-12-17 00:00:00+00:00
[2020-12-20 05:28:03,123] {scheduler_job.py:189} INFO - Processing /Users/harshittyagi/lil/de_env/lib/python3.8/site-packages/airflow/example_dags/example_task_group.py took 0.049 seconds
[2020-12-20 05:28:57,263] {scheduler_job.py:181} INFO - Started process (PID=69325) to work on /Users/harshittyagi/lil/de_env/lib/python3.8/site-packages/airflow/example_dags/example_task_group.py
[2020-12-20 05:28:57,263] {scheduler_job.py:629} INFO - Processing file /Users/harshittyagi/lil/de_env/lib/python3.8/site-packages/airflow/example_dags/example_task_group.py for tasks to queue
[2020-12-20 05:28:57,263] {logging_mixin.py:103} INFO - [2020-12-20 05:28:57,263] {dagbag.py:440} INFO - Filling up the DagBag from /Users/harshittyagi/lil/de_env/lib/python3.8/site-packages/airflow/example_dags/example_task_group.py
[2020-12-20 05:28:57,268] {scheduler_job.py:639} INFO - DAG(s) dict_keys(['example_task_group']) retrieved from /Users/harshittyagi/lil/de_env/lib/python3.8/site-packages/airflow/example_dags/example_task_group.py
[2020-12-20 05:28:57,269] {logging_mixin.py:103} INFO - [2020-12-20 05:28:57,269] {dag.py:1813} INFO - Sync 1 DAGs
[2020-12-20 05:28:57,294] {logging_mixin.py:103} INFO - [2020-12-20 05:28:57,293] {dag.py:2266} INFO - Setting next_dagrun for example_task_group to 2020-12-17 00:00:00+00:00
[2020-12-20 05:28:57,305] {scheduler_job.py:189} INFO - Processing /Users/harshittyagi/lil/de_env/lib/python3.8/site-packages/airflow/example_dags/example_task_group.py took 0.042 seconds
[2020-12-20 05:29:51,485] {scheduler_job.py:181} INFO - Started process (PID=69607) to work on /Users/harshittyagi/lil/de_env/lib/python3.8/site-packages/airflow/example_dags/example_task_group.py
[2020-12-20 05:29:51,486] {scheduler_job.py:629} INFO - Processing file /Users/harshittyagi/lil/de_env/lib/python3.8/site-packages/airflow/example_dags/example_task_group.py for tasks to queue
[2020-12-20 05:29:51,486] {logging_mixin.py:103} INFO - [2020-12-20 05:29:51,486] {dagbag.py:440} INFO - Filling up the DagBag from /Users/harshittyagi/lil/de_env/lib/python3.8/site-packages/airflow/example_dags/example_task_group.py
[2020-12-20 05:29:51,491] {scheduler_job.py:639} INFO - DAG(s) dict_keys(['example_task_group']) retrieved from /Users/harshittyagi/lil/de_env/lib/python3.8/site-packages/airflow/example_dags/example_task_group.py
[2020-12-20 05:29:51,491] {logging_mixin.py:103} INFO - [2020-12-20 05:29:51,491] {dag.py:1813} INFO - Sync 1 DAGs
[2020-12-20 05:29:51,514] {logging_mixin.py:103} INFO - [2020-12-20 05:29:51,514] {dag.py:2266} INFO - Setting next_dagrun for example_task_group to 2020-12-17 00:00:00+00:00
[2020-12-20 05:29:51,526] {scheduler_job.py:189} INFO - Processing /Users/harshittyagi/lil/de_env/lib/python3.8/site-packages/airflow/example_dags/example_task_group.py took 0.041 seconds
