[2020-12-20 04:41:49,172] {scheduler_job.py:181} INFO - Started process (PID=54456) to work on /Users/harshittyagi/lil/de_env/lib/python3.8/site-packages/airflow/example_dags/example_external_task_marker_dag.py
[2020-12-20 04:41:49,172] {scheduler_job.py:629} INFO - Processing file /Users/harshittyagi/lil/de_env/lib/python3.8/site-packages/airflow/example_dags/example_external_task_marker_dag.py for tasks to queue
[2020-12-20 04:41:49,172] {logging_mixin.py:103} INFO - [2020-12-20 04:41:49,172] {dagbag.py:440} INFO - Filling up the DagBag from /Users/harshittyagi/lil/de_env/lib/python3.8/site-packages/airflow/example_dags/example_external_task_marker_dag.py
[2020-12-20 04:41:49,178] {scheduler_job.py:639} INFO - DAG(s) dict_keys(['example_external_task_marker_parent', 'example_external_task_marker_child']) retrieved from /Users/harshittyagi/lil/de_env/lib/python3.8/site-packages/airflow/example_dags/example_external_task_marker_dag.py
[2020-12-20 04:41:49,179] {logging_mixin.py:103} INFO - [2020-12-20 04:41:49,178] {dag.py:1813} INFO - Sync 2 DAGs
[2020-12-20 04:41:49,208] {logging_mixin.py:103} INFO - [2020-12-20 04:41:49,208] {dag.py:2266} INFO - Setting next_dagrun for example_external_task_marker_child to None
[2020-12-20 04:41:49,208] {logging_mixin.py:103} INFO - [2020-12-20 04:41:49,208] {dag.py:2266} INFO - Setting next_dagrun for example_external_task_marker_parent to None
[2020-12-20 04:41:49,222] {scheduler_job.py:189} INFO - Processing /Users/harshittyagi/lil/de_env/lib/python3.8/site-packages/airflow/example_dags/example_external_task_marker_dag.py took 0.051 seconds
[2020-12-20 04:42:44,248] {scheduler_job.py:181} INFO - Started process (PID=54758) to work on /Users/harshittyagi/lil/de_env/lib/python3.8/site-packages/airflow/example_dags/example_external_task_marker_dag.py
[2020-12-20 04:42:44,249] {scheduler_job.py:629} INFO - Processing file /Users/harshittyagi/lil/de_env/lib/python3.8/site-packages/airflow/example_dags/example_external_task_marker_dag.py for tasks to queue
[2020-12-20 04:42:44,250] {logging_mixin.py:103} INFO - [2020-12-20 04:42:44,250] {dagbag.py:440} INFO - Filling up the DagBag from /Users/harshittyagi/lil/de_env/lib/python3.8/site-packages/airflow/example_dags/example_external_task_marker_dag.py
[2020-12-20 04:42:44,255] {scheduler_job.py:639} INFO - DAG(s) dict_keys(['example_external_task_marker_parent', 'example_external_task_marker_child']) retrieved from /Users/harshittyagi/lil/de_env/lib/python3.8/site-packages/airflow/example_dags/example_external_task_marker_dag.py
[2020-12-20 04:42:44,256] {logging_mixin.py:103} INFO - [2020-12-20 04:42:44,256] {dag.py:1813} INFO - Sync 2 DAGs
[2020-12-20 04:42:44,287] {logging_mixin.py:103} INFO - [2020-12-20 04:42:44,287] {dag.py:2266} INFO - Setting next_dagrun for example_external_task_marker_child to None
[2020-12-20 04:42:44,287] {logging_mixin.py:103} INFO - [2020-12-20 04:42:44,287] {dag.py:2266} INFO - Setting next_dagrun for example_external_task_marker_parent to None
[2020-12-20 04:42:44,297] {scheduler_job.py:189} INFO - Processing /Users/harshittyagi/lil/de_env/lib/python3.8/site-packages/airflow/example_dags/example_external_task_marker_dag.py took 0.049 seconds
[2020-12-20 04:43:40,285] {scheduler_job.py:181} INFO - Started process (PID=55053) to work on /Users/harshittyagi/lil/de_env/lib/python3.8/site-packages/airflow/example_dags/example_external_task_marker_dag.py
[2020-12-20 04:43:40,286] {scheduler_job.py:629} INFO - Processing file /Users/harshittyagi/lil/de_env/lib/python3.8/site-packages/airflow/example_dags/example_external_task_marker_dag.py for tasks to queue
[2020-12-20 04:43:40,286] {logging_mixin.py:103} INFO - [2020-12-20 04:43:40,286] {dagbag.py:440} INFO - Filling up the DagBag from /Users/harshittyagi/lil/de_env/lib/python3.8/site-packages/airflow/example_dags/example_external_task_marker_dag.py
[2020-12-20 04:43:40,305] {scheduler_job.py:639} INFO - DAG(s) dict_keys(['example_external_task_marker_parent', 'example_external_task_marker_child']) retrieved from /Users/harshittyagi/lil/de_env/lib/python3.8/site-packages/airflow/example_dags/example_external_task_marker_dag.py
[2020-12-20 04:43:40,307] {logging_mixin.py:103} INFO - [2020-12-20 04:43:40,306] {dag.py:1813} INFO - Sync 2 DAGs
[2020-12-20 04:43:40,395] {logging_mixin.py:103} INFO - [2020-12-20 04:43:40,395] {dag.py:2266} INFO - Setting next_dagrun for example_external_task_marker_child to None
[2020-12-20 04:43:40,396] {logging_mixin.py:103} INFO - [2020-12-20 04:43:40,396] {dag.py:2266} INFO - Setting next_dagrun for example_external_task_marker_parent to None
[2020-12-20 04:43:40,424] {scheduler_job.py:189} INFO - Processing /Users/harshittyagi/lil/de_env/lib/python3.8/site-packages/airflow/example_dags/example_external_task_marker_dag.py took 0.140 seconds
[2020-12-20 04:44:53,888] {scheduler_job.py:181} INFO - Started process (PID=55341) to work on /Users/harshittyagi/lil/de_env/lib/python3.8/site-packages/airflow/example_dags/example_external_task_marker_dag.py
[2020-12-20 04:44:53,888] {scheduler_job.py:629} INFO - Processing file /Users/harshittyagi/lil/de_env/lib/python3.8/site-packages/airflow/example_dags/example_external_task_marker_dag.py for tasks to queue
[2020-12-20 04:44:53,888] {logging_mixin.py:103} INFO - [2020-12-20 04:44:53,888] {dagbag.py:440} INFO - Filling up the DagBag from /Users/harshittyagi/lil/de_env/lib/python3.8/site-packages/airflow/example_dags/example_external_task_marker_dag.py
[2020-12-20 04:44:53,893] {scheduler_job.py:639} INFO - DAG(s) dict_keys(['example_external_task_marker_parent', 'example_external_task_marker_child']) retrieved from /Users/harshittyagi/lil/de_env/lib/python3.8/site-packages/airflow/example_dags/example_external_task_marker_dag.py
[2020-12-20 04:44:53,893] {logging_mixin.py:103} INFO - [2020-12-20 04:44:53,893] {dag.py:1813} INFO - Sync 2 DAGs
[2020-12-20 04:44:53,922] {logging_mixin.py:103} INFO - [2020-12-20 04:44:53,922] {dag.py:2266} INFO - Setting next_dagrun for example_external_task_marker_child to None
[2020-12-20 04:44:53,923] {logging_mixin.py:103} INFO - [2020-12-20 04:44:53,923] {dag.py:2266} INFO - Setting next_dagrun for example_external_task_marker_parent to None
[2020-12-20 04:44:53,933] {scheduler_job.py:189} INFO - Processing /Users/harshittyagi/lil/de_env/lib/python3.8/site-packages/airflow/example_dags/example_external_task_marker_dag.py took 0.046 seconds
[2020-12-20 04:45:45,675] {scheduler_job.py:181} INFO - Started process (PID=55633) to work on /Users/harshittyagi/lil/de_env/lib/python3.8/site-packages/airflow/example_dags/example_external_task_marker_dag.py
[2020-12-20 04:45:45,676] {scheduler_job.py:629} INFO - Processing file /Users/harshittyagi/lil/de_env/lib/python3.8/site-packages/airflow/example_dags/example_external_task_marker_dag.py for tasks to queue
[2020-12-20 04:45:45,676] {logging_mixin.py:103} INFO - [2020-12-20 04:45:45,676] {dagbag.py:440} INFO - Filling up the DagBag from /Users/harshittyagi/lil/de_env/lib/python3.8/site-packages/airflow/example_dags/example_external_task_marker_dag.py
[2020-12-20 04:45:45,685] {scheduler_job.py:639} INFO - DAG(s) dict_keys(['example_external_task_marker_parent', 'example_external_task_marker_child']) retrieved from /Users/harshittyagi/lil/de_env/lib/python3.8/site-packages/airflow/example_dags/example_external_task_marker_dag.py
[2020-12-20 04:45:45,685] {logging_mixin.py:103} INFO - [2020-12-20 04:45:45,685] {dag.py:1813} INFO - Sync 2 DAGs
[2020-12-20 04:45:45,720] {logging_mixin.py:103} INFO - [2020-12-20 04:45:45,720] {dag.py:2266} INFO - Setting next_dagrun for example_external_task_marker_child to None
[2020-12-20 04:45:45,720] {logging_mixin.py:103} INFO - [2020-12-20 04:45:45,720] {dag.py:2266} INFO - Setting next_dagrun for example_external_task_marker_parent to None
[2020-12-20 04:45:45,738] {scheduler_job.py:189} INFO - Processing /Users/harshittyagi/lil/de_env/lib/python3.8/site-packages/airflow/example_dags/example_external_task_marker_dag.py took 0.063 seconds
[2020-12-20 04:46:40,114] {scheduler_job.py:181} INFO - Started process (PID=55915) to work on /Users/harshittyagi/lil/de_env/lib/python3.8/site-packages/airflow/example_dags/example_external_task_marker_dag.py
[2020-12-20 04:46:40,115] {scheduler_job.py:629} INFO - Processing file /Users/harshittyagi/lil/de_env/lib/python3.8/site-packages/airflow/example_dags/example_external_task_marker_dag.py for tasks to queue
[2020-12-20 04:46:40,116] {logging_mixin.py:103} INFO - [2020-12-20 04:46:40,115] {dagbag.py:440} INFO - Filling up the DagBag from /Users/harshittyagi/lil/de_env/lib/python3.8/site-packages/airflow/example_dags/example_external_task_marker_dag.py
[2020-12-20 04:46:40,122] {scheduler_job.py:639} INFO - DAG(s) dict_keys(['example_external_task_marker_parent', 'example_external_task_marker_child']) retrieved from /Users/harshittyagi/lil/de_env/lib/python3.8/site-packages/airflow/example_dags/example_external_task_marker_dag.py
[2020-12-20 04:46:40,122] {logging_mixin.py:103} INFO - [2020-12-20 04:46:40,122] {dag.py:1813} INFO - Sync 2 DAGs
[2020-12-20 04:46:40,152] {logging_mixin.py:103} INFO - [2020-12-20 04:46:40,152] {dag.py:2266} INFO - Setting next_dagrun for example_external_task_marker_child to None
[2020-12-20 04:46:40,153] {logging_mixin.py:103} INFO - [2020-12-20 04:46:40,153] {dag.py:2266} INFO - Setting next_dagrun for example_external_task_marker_parent to None
[2020-12-20 04:46:40,166] {scheduler_job.py:189} INFO - Processing /Users/harshittyagi/lil/de_env/lib/python3.8/site-packages/airflow/example_dags/example_external_task_marker_dag.py took 0.052 seconds
[2020-12-20 04:47:33,636] {scheduler_job.py:181} INFO - Started process (PID=56200) to work on /Users/harshittyagi/lil/de_env/lib/python3.8/site-packages/airflow/example_dags/example_external_task_marker_dag.py
[2020-12-20 04:47:33,636] {scheduler_job.py:629} INFO - Processing file /Users/harshittyagi/lil/de_env/lib/python3.8/site-packages/airflow/example_dags/example_external_task_marker_dag.py for tasks to queue
[2020-12-20 04:47:33,637] {logging_mixin.py:103} INFO - [2020-12-20 04:47:33,637] {dagbag.py:440} INFO - Filling up the DagBag from /Users/harshittyagi/lil/de_env/lib/python3.8/site-packages/airflow/example_dags/example_external_task_marker_dag.py
[2020-12-20 04:47:33,641] {scheduler_job.py:639} INFO - DAG(s) dict_keys(['example_external_task_marker_parent', 'example_external_task_marker_child']) retrieved from /Users/harshittyagi/lil/de_env/lib/python3.8/site-packages/airflow/example_dags/example_external_task_marker_dag.py
[2020-12-20 04:47:33,641] {logging_mixin.py:103} INFO - [2020-12-20 04:47:33,641] {dag.py:1813} INFO - Sync 2 DAGs
[2020-12-20 04:47:33,667] {logging_mixin.py:103} INFO - [2020-12-20 04:47:33,667] {dag.py:2266} INFO - Setting next_dagrun for example_external_task_marker_child to None
[2020-12-20 04:47:33,668] {logging_mixin.py:103} INFO - [2020-12-20 04:47:33,668] {dag.py:2266} INFO - Setting next_dagrun for example_external_task_marker_parent to None
[2020-12-20 04:47:33,681] {scheduler_job.py:189} INFO - Processing /Users/harshittyagi/lil/de_env/lib/python3.8/site-packages/airflow/example_dags/example_external_task_marker_dag.py took 0.046 seconds
[2020-12-20 04:48:27,259] {scheduler_job.py:181} INFO - Started process (PID=56488) to work on /Users/harshittyagi/lil/de_env/lib/python3.8/site-packages/airflow/example_dags/example_external_task_marker_dag.py
[2020-12-20 04:48:27,260] {scheduler_job.py:629} INFO - Processing file /Users/harshittyagi/lil/de_env/lib/python3.8/site-packages/airflow/example_dags/example_external_task_marker_dag.py for tasks to queue
[2020-12-20 04:48:27,260] {logging_mixin.py:103} INFO - [2020-12-20 04:48:27,260] {dagbag.py:440} INFO - Filling up the DagBag from /Users/harshittyagi/lil/de_env/lib/python3.8/site-packages/airflow/example_dags/example_external_task_marker_dag.py
[2020-12-20 04:48:27,265] {scheduler_job.py:639} INFO - DAG(s) dict_keys(['example_external_task_marker_parent', 'example_external_task_marker_child']) retrieved from /Users/harshittyagi/lil/de_env/lib/python3.8/site-packages/airflow/example_dags/example_external_task_marker_dag.py
[2020-12-20 04:48:27,265] {logging_mixin.py:103} INFO - [2020-12-20 04:48:27,265] {dag.py:1813} INFO - Sync 2 DAGs
[2020-12-20 04:48:27,290] {logging_mixin.py:103} INFO - [2020-12-20 04:48:27,290] {dag.py:2266} INFO - Setting next_dagrun for example_external_task_marker_child to None
[2020-12-20 04:48:27,290] {logging_mixin.py:103} INFO - [2020-12-20 04:48:27,290] {dag.py:2266} INFO - Setting next_dagrun for example_external_task_marker_parent to None
[2020-12-20 04:48:27,302] {scheduler_job.py:189} INFO - Processing /Users/harshittyagi/lil/de_env/lib/python3.8/site-packages/airflow/example_dags/example_external_task_marker_dag.py took 0.043 seconds
[2020-12-20 04:49:20,733] {scheduler_job.py:181} INFO - Started process (PID=56771) to work on /Users/harshittyagi/lil/de_env/lib/python3.8/site-packages/airflow/example_dags/example_external_task_marker_dag.py
[2020-12-20 04:49:20,733] {scheduler_job.py:629} INFO - Processing file /Users/harshittyagi/lil/de_env/lib/python3.8/site-packages/airflow/example_dags/example_external_task_marker_dag.py for tasks to queue
[2020-12-20 04:49:20,734] {logging_mixin.py:103} INFO - [2020-12-20 04:49:20,733] {dagbag.py:440} INFO - Filling up the DagBag from /Users/harshittyagi/lil/de_env/lib/python3.8/site-packages/airflow/example_dags/example_external_task_marker_dag.py
[2020-12-20 04:49:20,739] {scheduler_job.py:639} INFO - DAG(s) dict_keys(['example_external_task_marker_parent', 'example_external_task_marker_child']) retrieved from /Users/harshittyagi/lil/de_env/lib/python3.8/site-packages/airflow/example_dags/example_external_task_marker_dag.py
[2020-12-20 04:49:20,739] {logging_mixin.py:103} INFO - [2020-12-20 04:49:20,739] {dag.py:1813} INFO - Sync 2 DAGs
[2020-12-20 04:49:20,767] {logging_mixin.py:103} INFO - [2020-12-20 04:49:20,767] {dag.py:2266} INFO - Setting next_dagrun for example_external_task_marker_child to None
[2020-12-20 04:49:20,768] {logging_mixin.py:103} INFO - [2020-12-20 04:49:20,768] {dag.py:2266} INFO - Setting next_dagrun for example_external_task_marker_parent to None
[2020-12-20 04:49:20,780] {scheduler_job.py:189} INFO - Processing /Users/harshittyagi/lil/de_env/lib/python3.8/site-packages/airflow/example_dags/example_external_task_marker_dag.py took 0.047 seconds
[2020-12-20 04:50:14,559] {scheduler_job.py:181} INFO - Started process (PID=57057) to work on /Users/harshittyagi/lil/de_env/lib/python3.8/site-packages/airflow/example_dags/example_external_task_marker_dag.py
[2020-12-20 04:50:14,559] {scheduler_job.py:629} INFO - Processing file /Users/harshittyagi/lil/de_env/lib/python3.8/site-packages/airflow/example_dags/example_external_task_marker_dag.py for tasks to queue
[2020-12-20 04:50:14,560] {logging_mixin.py:103} INFO - [2020-12-20 04:50:14,560] {dagbag.py:440} INFO - Filling up the DagBag from /Users/harshittyagi/lil/de_env/lib/python3.8/site-packages/airflow/example_dags/example_external_task_marker_dag.py
[2020-12-20 04:50:14,564] {scheduler_job.py:639} INFO - DAG(s) dict_keys(['example_external_task_marker_parent', 'example_external_task_marker_child']) retrieved from /Users/harshittyagi/lil/de_env/lib/python3.8/site-packages/airflow/example_dags/example_external_task_marker_dag.py
[2020-12-20 04:50:14,564] {logging_mixin.py:103} INFO - [2020-12-20 04:50:14,564] {dag.py:1813} INFO - Sync 2 DAGs
[2020-12-20 04:50:14,589] {logging_mixin.py:103} INFO - [2020-12-20 04:50:14,589] {dag.py:2266} INFO - Setting next_dagrun for example_external_task_marker_child to None
[2020-12-20 04:50:14,589] {logging_mixin.py:103} INFO - [2020-12-20 04:50:14,589] {dag.py:2266} INFO - Setting next_dagrun for example_external_task_marker_parent to None
[2020-12-20 04:50:14,601] {scheduler_job.py:189} INFO - Processing /Users/harshittyagi/lil/de_env/lib/python3.8/site-packages/airflow/example_dags/example_external_task_marker_dag.py took 0.042 seconds
[2020-12-20 04:51:08,201] {scheduler_job.py:181} INFO - Started process (PID=57339) to work on /Users/harshittyagi/lil/de_env/lib/python3.8/site-packages/airflow/example_dags/example_external_task_marker_dag.py
[2020-12-20 04:51:08,202] {scheduler_job.py:629} INFO - Processing file /Users/harshittyagi/lil/de_env/lib/python3.8/site-packages/airflow/example_dags/example_external_task_marker_dag.py for tasks to queue
[2020-12-20 04:51:08,202] {logging_mixin.py:103} INFO - [2020-12-20 04:51:08,202] {dagbag.py:440} INFO - Filling up the DagBag from /Users/harshittyagi/lil/de_env/lib/python3.8/site-packages/airflow/example_dags/example_external_task_marker_dag.py
[2020-12-20 04:51:08,207] {scheduler_job.py:639} INFO - DAG(s) dict_keys(['example_external_task_marker_parent', 'example_external_task_marker_child']) retrieved from /Users/harshittyagi/lil/de_env/lib/python3.8/site-packages/airflow/example_dags/example_external_task_marker_dag.py
[2020-12-20 04:51:08,207] {logging_mixin.py:103} INFO - [2020-12-20 04:51:08,207] {dag.py:1813} INFO - Sync 2 DAGs
[2020-12-20 04:51:08,232] {logging_mixin.py:103} INFO - [2020-12-20 04:51:08,232] {dag.py:2266} INFO - Setting next_dagrun for example_external_task_marker_child to None
[2020-12-20 04:51:08,232] {logging_mixin.py:103} INFO - [2020-12-20 04:51:08,232] {dag.py:2266} INFO - Setting next_dagrun for example_external_task_marker_parent to None
[2020-12-20 04:51:08,244] {scheduler_job.py:189} INFO - Processing /Users/harshittyagi/lil/de_env/lib/python3.8/site-packages/airflow/example_dags/example_external_task_marker_dag.py took 0.043 seconds
[2020-12-20 04:51:59,657] {scheduler_job.py:181} INFO - Started process (PID=57624) to work on /Users/harshittyagi/lil/de_env/lib/python3.8/site-packages/airflow/example_dags/example_external_task_marker_dag.py
[2020-12-20 04:51:59,658] {scheduler_job.py:629} INFO - Processing file /Users/harshittyagi/lil/de_env/lib/python3.8/site-packages/airflow/example_dags/example_external_task_marker_dag.py for tasks to queue
[2020-12-20 04:51:59,658] {logging_mixin.py:103} INFO - [2020-12-20 04:51:59,658] {dagbag.py:440} INFO - Filling up the DagBag from /Users/harshittyagi/lil/de_env/lib/python3.8/site-packages/airflow/example_dags/example_external_task_marker_dag.py
[2020-12-20 04:51:59,662] {scheduler_job.py:639} INFO - DAG(s) dict_keys(['example_external_task_marker_parent', 'example_external_task_marker_child']) retrieved from /Users/harshittyagi/lil/de_env/lib/python3.8/site-packages/airflow/example_dags/example_external_task_marker_dag.py
[2020-12-20 04:51:59,663] {logging_mixin.py:103} INFO - [2020-12-20 04:51:59,663] {dag.py:1813} INFO - Sync 2 DAGs
[2020-12-20 04:51:59,692] {logging_mixin.py:103} INFO - [2020-12-20 04:51:59,692] {dag.py:2266} INFO - Setting next_dagrun for example_external_task_marker_child to None
[2020-12-20 04:51:59,692] {logging_mixin.py:103} INFO - [2020-12-20 04:51:59,692] {dag.py:2266} INFO - Setting next_dagrun for example_external_task_marker_parent to None
[2020-12-20 04:51:59,706] {scheduler_job.py:189} INFO - Processing /Users/harshittyagi/lil/de_env/lib/python3.8/site-packages/airflow/example_dags/example_external_task_marker_dag.py took 0.049 seconds
[2020-12-20 04:52:52,433] {scheduler_job.py:181} INFO - Started process (PID=57914) to work on /Users/harshittyagi/lil/de_env/lib/python3.8/site-packages/airflow/example_dags/example_external_task_marker_dag.py
[2020-12-20 04:52:52,434] {scheduler_job.py:629} INFO - Processing file /Users/harshittyagi/lil/de_env/lib/python3.8/site-packages/airflow/example_dags/example_external_task_marker_dag.py for tasks to queue
[2020-12-20 04:52:52,434] {logging_mixin.py:103} INFO - [2020-12-20 04:52:52,434] {dagbag.py:440} INFO - Filling up the DagBag from /Users/harshittyagi/lil/de_env/lib/python3.8/site-packages/airflow/example_dags/example_external_task_marker_dag.py
[2020-12-20 04:52:52,441] {scheduler_job.py:639} INFO - DAG(s) dict_keys(['example_external_task_marker_parent', 'example_external_task_marker_child']) retrieved from /Users/harshittyagi/lil/de_env/lib/python3.8/site-packages/airflow/example_dags/example_external_task_marker_dag.py
[2020-12-20 04:52:52,441] {logging_mixin.py:103} INFO - [2020-12-20 04:52:52,441] {dag.py:1813} INFO - Sync 2 DAGs
[2020-12-20 04:52:52,475] {logging_mixin.py:103} INFO - [2020-12-20 04:52:52,475] {dag.py:2266} INFO - Setting next_dagrun for example_external_task_marker_child to None
[2020-12-20 04:52:52,475] {logging_mixin.py:103} INFO - [2020-12-20 04:52:52,475] {dag.py:2266} INFO - Setting next_dagrun for example_external_task_marker_parent to None
[2020-12-20 04:52:52,491] {scheduler_job.py:189} INFO - Processing /Users/harshittyagi/lil/de_env/lib/python3.8/site-packages/airflow/example_dags/example_external_task_marker_dag.py took 0.058 seconds
[2020-12-20 04:53:46,624] {scheduler_job.py:181} INFO - Started process (PID=58199) to work on /Users/harshittyagi/lil/de_env/lib/python3.8/site-packages/airflow/example_dags/example_external_task_marker_dag.py
[2020-12-20 04:53:46,625] {scheduler_job.py:629} INFO - Processing file /Users/harshittyagi/lil/de_env/lib/python3.8/site-packages/airflow/example_dags/example_external_task_marker_dag.py for tasks to queue
[2020-12-20 04:53:46,625] {logging_mixin.py:103} INFO - [2020-12-20 04:53:46,625] {dagbag.py:440} INFO - Filling up the DagBag from /Users/harshittyagi/lil/de_env/lib/python3.8/site-packages/airflow/example_dags/example_external_task_marker_dag.py
[2020-12-20 04:53:46,630] {scheduler_job.py:639} INFO - DAG(s) dict_keys(['example_external_task_marker_parent', 'example_external_task_marker_child']) retrieved from /Users/harshittyagi/lil/de_env/lib/python3.8/site-packages/airflow/example_dags/example_external_task_marker_dag.py
[2020-12-20 04:53:46,630] {logging_mixin.py:103} INFO - [2020-12-20 04:53:46,630] {dag.py:1813} INFO - Sync 2 DAGs
[2020-12-20 04:53:46,655] {logging_mixin.py:103} INFO - [2020-12-20 04:53:46,655] {dag.py:2266} INFO - Setting next_dagrun for example_external_task_marker_child to None
[2020-12-20 04:53:46,655] {logging_mixin.py:103} INFO - [2020-12-20 04:53:46,655] {dag.py:2266} INFO - Setting next_dagrun for example_external_task_marker_parent to None
[2020-12-20 04:53:46,667] {scheduler_job.py:189} INFO - Processing /Users/harshittyagi/lil/de_env/lib/python3.8/site-packages/airflow/example_dags/example_external_task_marker_dag.py took 0.043 seconds
[2020-12-20 04:54:40,603] {scheduler_job.py:181} INFO - Started process (PID=58488) to work on /Users/harshittyagi/lil/de_env/lib/python3.8/site-packages/airflow/example_dags/example_external_task_marker_dag.py
[2020-12-20 04:54:40,603] {scheduler_job.py:629} INFO - Processing file /Users/harshittyagi/lil/de_env/lib/python3.8/site-packages/airflow/example_dags/example_external_task_marker_dag.py for tasks to queue
[2020-12-20 04:54:40,603] {logging_mixin.py:103} INFO - [2020-12-20 04:54:40,603] {dagbag.py:440} INFO - Filling up the DagBag from /Users/harshittyagi/lil/de_env/lib/python3.8/site-packages/airflow/example_dags/example_external_task_marker_dag.py
[2020-12-20 04:54:40,608] {scheduler_job.py:639} INFO - DAG(s) dict_keys(['example_external_task_marker_parent', 'example_external_task_marker_child']) retrieved from /Users/harshittyagi/lil/de_env/lib/python3.8/site-packages/airflow/example_dags/example_external_task_marker_dag.py
[2020-12-20 04:54:40,608] {logging_mixin.py:103} INFO - [2020-12-20 04:54:40,608] {dag.py:1813} INFO - Sync 2 DAGs
[2020-12-20 04:54:40,634] {logging_mixin.py:103} INFO - [2020-12-20 04:54:40,634] {dag.py:2266} INFO - Setting next_dagrun for example_external_task_marker_child to None
[2020-12-20 04:54:40,634] {logging_mixin.py:103} INFO - [2020-12-20 04:54:40,634] {dag.py:2266} INFO - Setting next_dagrun for example_external_task_marker_parent to None
[2020-12-20 04:54:40,646] {scheduler_job.py:189} INFO - Processing /Users/harshittyagi/lil/de_env/lib/python3.8/site-packages/airflow/example_dags/example_external_task_marker_dag.py took 0.044 seconds
[2020-12-20 04:55:34,992] {scheduler_job.py:181} INFO - Started process (PID=58773) to work on /Users/harshittyagi/lil/de_env/lib/python3.8/site-packages/airflow/example_dags/example_external_task_marker_dag.py
[2020-12-20 04:55:34,992] {scheduler_job.py:629} INFO - Processing file /Users/harshittyagi/lil/de_env/lib/python3.8/site-packages/airflow/example_dags/example_external_task_marker_dag.py for tasks to queue
[2020-12-20 04:55:34,992] {logging_mixin.py:103} INFO - [2020-12-20 04:55:34,992] {dagbag.py:440} INFO - Filling up the DagBag from /Users/harshittyagi/lil/de_env/lib/python3.8/site-packages/airflow/example_dags/example_external_task_marker_dag.py
[2020-12-20 04:55:34,997] {scheduler_job.py:639} INFO - DAG(s) dict_keys(['example_external_task_marker_parent', 'example_external_task_marker_child']) retrieved from /Users/harshittyagi/lil/de_env/lib/python3.8/site-packages/airflow/example_dags/example_external_task_marker_dag.py
[2020-12-20 04:55:34,997] {logging_mixin.py:103} INFO - [2020-12-20 04:55:34,997] {dag.py:1813} INFO - Sync 2 DAGs
[2020-12-20 04:55:35,021] {logging_mixin.py:103} INFO - [2020-12-20 04:55:35,021] {dag.py:2266} INFO - Setting next_dagrun for example_external_task_marker_child to None
[2020-12-20 04:55:35,021] {logging_mixin.py:103} INFO - [2020-12-20 04:55:35,021] {dag.py:2266} INFO - Setting next_dagrun for example_external_task_marker_parent to None
[2020-12-20 04:55:35,033] {scheduler_job.py:189} INFO - Processing /Users/harshittyagi/lil/de_env/lib/python3.8/site-packages/airflow/example_dags/example_external_task_marker_dag.py took 0.042 seconds
[2020-12-20 04:56:28,853] {scheduler_job.py:181} INFO - Started process (PID=59055) to work on /Users/harshittyagi/lil/de_env/lib/python3.8/site-packages/airflow/example_dags/example_external_task_marker_dag.py
[2020-12-20 04:56:28,853] {scheduler_job.py:629} INFO - Processing file /Users/harshittyagi/lil/de_env/lib/python3.8/site-packages/airflow/example_dags/example_external_task_marker_dag.py for tasks to queue
[2020-12-20 04:56:28,854] {logging_mixin.py:103} INFO - [2020-12-20 04:56:28,854] {dagbag.py:440} INFO - Filling up the DagBag from /Users/harshittyagi/lil/de_env/lib/python3.8/site-packages/airflow/example_dags/example_external_task_marker_dag.py
[2020-12-20 04:56:28,860] {scheduler_job.py:639} INFO - DAG(s) dict_keys(['example_external_task_marker_parent', 'example_external_task_marker_child']) retrieved from /Users/harshittyagi/lil/de_env/lib/python3.8/site-packages/airflow/example_dags/example_external_task_marker_dag.py
[2020-12-20 04:56:28,860] {logging_mixin.py:103} INFO - [2020-12-20 04:56:28,860] {dag.py:1813} INFO - Sync 2 DAGs
[2020-12-20 04:56:28,892] {logging_mixin.py:103} INFO - [2020-12-20 04:56:28,892] {dag.py:2266} INFO - Setting next_dagrun for example_external_task_marker_child to None
[2020-12-20 04:56:28,892] {logging_mixin.py:103} INFO - [2020-12-20 04:56:28,892] {dag.py:2266} INFO - Setting next_dagrun for example_external_task_marker_parent to None
[2020-12-20 04:56:28,906] {scheduler_job.py:189} INFO - Processing /Users/harshittyagi/lil/de_env/lib/python3.8/site-packages/airflow/example_dags/example_external_task_marker_dag.py took 0.053 seconds
[2020-12-20 04:57:22,769] {scheduler_job.py:181} INFO - Started process (PID=59336) to work on /Users/harshittyagi/lil/de_env/lib/python3.8/site-packages/airflow/example_dags/example_external_task_marker_dag.py
[2020-12-20 04:57:22,769] {scheduler_job.py:629} INFO - Processing file /Users/harshittyagi/lil/de_env/lib/python3.8/site-packages/airflow/example_dags/example_external_task_marker_dag.py for tasks to queue
[2020-12-20 04:57:22,770] {logging_mixin.py:103} INFO - [2020-12-20 04:57:22,770] {dagbag.py:440} INFO - Filling up the DagBag from /Users/harshittyagi/lil/de_env/lib/python3.8/site-packages/airflow/example_dags/example_external_task_marker_dag.py
[2020-12-20 04:57:22,775] {scheduler_job.py:639} INFO - DAG(s) dict_keys(['example_external_task_marker_parent', 'example_external_task_marker_child']) retrieved from /Users/harshittyagi/lil/de_env/lib/python3.8/site-packages/airflow/example_dags/example_external_task_marker_dag.py
[2020-12-20 04:57:22,776] {logging_mixin.py:103} INFO - [2020-12-20 04:57:22,776] {dag.py:1813} INFO - Sync 2 DAGs
[2020-12-20 04:57:22,803] {logging_mixin.py:103} INFO - [2020-12-20 04:57:22,803] {dag.py:2266} INFO - Setting next_dagrun for example_external_task_marker_child to None
[2020-12-20 04:57:22,804] {logging_mixin.py:103} INFO - [2020-12-20 04:57:22,804] {dag.py:2266} INFO - Setting next_dagrun for example_external_task_marker_parent to None
[2020-12-20 04:57:22,815] {scheduler_job.py:189} INFO - Processing /Users/harshittyagi/lil/de_env/lib/python3.8/site-packages/airflow/example_dags/example_external_task_marker_dag.py took 0.047 seconds
[2020-12-20 04:58:16,493] {scheduler_job.py:181} INFO - Started process (PID=59619) to work on /Users/harshittyagi/lil/de_env/lib/python3.8/site-packages/airflow/example_dags/example_external_task_marker_dag.py
[2020-12-20 04:58:16,493] {scheduler_job.py:629} INFO - Processing file /Users/harshittyagi/lil/de_env/lib/python3.8/site-packages/airflow/example_dags/example_external_task_marker_dag.py for tasks to queue
[2020-12-20 04:58:16,493] {logging_mixin.py:103} INFO - [2020-12-20 04:58:16,493] {dagbag.py:440} INFO - Filling up the DagBag from /Users/harshittyagi/lil/de_env/lib/python3.8/site-packages/airflow/example_dags/example_external_task_marker_dag.py
[2020-12-20 04:58:16,498] {scheduler_job.py:639} INFO - DAG(s) dict_keys(['example_external_task_marker_parent', 'example_external_task_marker_child']) retrieved from /Users/harshittyagi/lil/de_env/lib/python3.8/site-packages/airflow/example_dags/example_external_task_marker_dag.py
[2020-12-20 04:58:16,498] {logging_mixin.py:103} INFO - [2020-12-20 04:58:16,498] {dag.py:1813} INFO - Sync 2 DAGs
[2020-12-20 04:58:16,523] {logging_mixin.py:103} INFO - [2020-12-20 04:58:16,523] {dag.py:2266} INFO - Setting next_dagrun for example_external_task_marker_child to None
[2020-12-20 04:58:16,523] {logging_mixin.py:103} INFO - [2020-12-20 04:58:16,523] {dag.py:2266} INFO - Setting next_dagrun for example_external_task_marker_parent to None
[2020-12-20 04:58:16,535] {scheduler_job.py:189} INFO - Processing /Users/harshittyagi/lil/de_env/lib/python3.8/site-packages/airflow/example_dags/example_external_task_marker_dag.py took 0.043 seconds
[2020-12-20 04:59:10,413] {scheduler_job.py:181} INFO - Started process (PID=59902) to work on /Users/harshittyagi/lil/de_env/lib/python3.8/site-packages/airflow/example_dags/example_external_task_marker_dag.py
[2020-12-20 04:59:10,413] {scheduler_job.py:629} INFO - Processing file /Users/harshittyagi/lil/de_env/lib/python3.8/site-packages/airflow/example_dags/example_external_task_marker_dag.py for tasks to queue
[2020-12-20 04:59:10,414] {logging_mixin.py:103} INFO - [2020-12-20 04:59:10,414] {dagbag.py:440} INFO - Filling up the DagBag from /Users/harshittyagi/lil/de_env/lib/python3.8/site-packages/airflow/example_dags/example_external_task_marker_dag.py
[2020-12-20 04:59:10,418] {scheduler_job.py:639} INFO - DAG(s) dict_keys(['example_external_task_marker_parent', 'example_external_task_marker_child']) retrieved from /Users/harshittyagi/lil/de_env/lib/python3.8/site-packages/airflow/example_dags/example_external_task_marker_dag.py
[2020-12-20 04:59:10,418] {logging_mixin.py:103} INFO - [2020-12-20 04:59:10,418] {dag.py:1813} INFO - Sync 2 DAGs
[2020-12-20 04:59:10,443] {logging_mixin.py:103} INFO - [2020-12-20 04:59:10,443] {dag.py:2266} INFO - Setting next_dagrun for example_external_task_marker_child to None
[2020-12-20 04:59:10,444] {logging_mixin.py:103} INFO - [2020-12-20 04:59:10,444] {dag.py:2266} INFO - Setting next_dagrun for example_external_task_marker_parent to None
[2020-12-20 04:59:10,455] {scheduler_job.py:189} INFO - Processing /Users/harshittyagi/lil/de_env/lib/python3.8/site-packages/airflow/example_dags/example_external_task_marker_dag.py took 0.042 seconds
[2020-12-20 05:00:04,462] {scheduler_job.py:181} INFO - Started process (PID=60184) to work on /Users/harshittyagi/lil/de_env/lib/python3.8/site-packages/airflow/example_dags/example_external_task_marker_dag.py
[2020-12-20 05:00:04,463] {scheduler_job.py:629} INFO - Processing file /Users/harshittyagi/lil/de_env/lib/python3.8/site-packages/airflow/example_dags/example_external_task_marker_dag.py for tasks to queue
[2020-12-20 05:00:04,463] {logging_mixin.py:103} INFO - [2020-12-20 05:00:04,463] {dagbag.py:440} INFO - Filling up the DagBag from /Users/harshittyagi/lil/de_env/lib/python3.8/site-packages/airflow/example_dags/example_external_task_marker_dag.py
[2020-12-20 05:00:04,470] {scheduler_job.py:639} INFO - DAG(s) dict_keys(['example_external_task_marker_parent', 'example_external_task_marker_child']) retrieved from /Users/harshittyagi/lil/de_env/lib/python3.8/site-packages/airflow/example_dags/example_external_task_marker_dag.py
[2020-12-20 05:00:04,470] {logging_mixin.py:103} INFO - [2020-12-20 05:00:04,470] {dag.py:1813} INFO - Sync 2 DAGs
[2020-12-20 05:00:04,505] {logging_mixin.py:103} INFO - [2020-12-20 05:00:04,505] {dag.py:2266} INFO - Setting next_dagrun for example_external_task_marker_child to None
[2020-12-20 05:00:04,505] {logging_mixin.py:103} INFO - [2020-12-20 05:00:04,505] {dag.py:2266} INFO - Setting next_dagrun for example_external_task_marker_parent to None
[2020-12-20 05:00:04,517] {scheduler_job.py:189} INFO - Processing /Users/harshittyagi/lil/de_env/lib/python3.8/site-packages/airflow/example_dags/example_external_task_marker_dag.py took 0.056 seconds
[2020-12-20 05:00:58,522] {scheduler_job.py:181} INFO - Started process (PID=60470) to work on /Users/harshittyagi/lil/de_env/lib/python3.8/site-packages/airflow/example_dags/example_external_task_marker_dag.py
[2020-12-20 05:00:58,522] {scheduler_job.py:629} INFO - Processing file /Users/harshittyagi/lil/de_env/lib/python3.8/site-packages/airflow/example_dags/example_external_task_marker_dag.py for tasks to queue
[2020-12-20 05:00:58,522] {logging_mixin.py:103} INFO - [2020-12-20 05:00:58,522] {dagbag.py:440} INFO - Filling up the DagBag from /Users/harshittyagi/lil/de_env/lib/python3.8/site-packages/airflow/example_dags/example_external_task_marker_dag.py
[2020-12-20 05:00:58,528] {scheduler_job.py:639} INFO - DAG(s) dict_keys(['example_external_task_marker_parent', 'example_external_task_marker_child']) retrieved from /Users/harshittyagi/lil/de_env/lib/python3.8/site-packages/airflow/example_dags/example_external_task_marker_dag.py
[2020-12-20 05:00:58,528] {logging_mixin.py:103} INFO - [2020-12-20 05:00:58,528] {dag.py:1813} INFO - Sync 2 DAGs
[2020-12-20 05:00:58,556] {logging_mixin.py:103} INFO - [2020-12-20 05:00:58,556] {dag.py:2266} INFO - Setting next_dagrun for example_external_task_marker_child to None
[2020-12-20 05:00:58,557] {logging_mixin.py:103} INFO - [2020-12-20 05:00:58,557] {dag.py:2266} INFO - Setting next_dagrun for example_external_task_marker_parent to None
[2020-12-20 05:00:58,569] {scheduler_job.py:189} INFO - Processing /Users/harshittyagi/lil/de_env/lib/python3.8/site-packages/airflow/example_dags/example_external_task_marker_dag.py took 0.048 seconds
[2020-12-20 05:01:51,061] {scheduler_job.py:181} INFO - Started process (PID=60754) to work on /Users/harshittyagi/lil/de_env/lib/python3.8/site-packages/airflow/example_dags/example_external_task_marker_dag.py
[2020-12-20 05:01:51,062] {scheduler_job.py:629} INFO - Processing file /Users/harshittyagi/lil/de_env/lib/python3.8/site-packages/airflow/example_dags/example_external_task_marker_dag.py for tasks to queue
[2020-12-20 05:01:51,062] {logging_mixin.py:103} INFO - [2020-12-20 05:01:51,062] {dagbag.py:440} INFO - Filling up the DagBag from /Users/harshittyagi/lil/de_env/lib/python3.8/site-packages/airflow/example_dags/example_external_task_marker_dag.py
[2020-12-20 05:01:51,066] {scheduler_job.py:639} INFO - DAG(s) dict_keys(['example_external_task_marker_parent', 'example_external_task_marker_child']) retrieved from /Users/harshittyagi/lil/de_env/lib/python3.8/site-packages/airflow/example_dags/example_external_task_marker_dag.py
[2020-12-20 05:01:51,067] {logging_mixin.py:103} INFO - [2020-12-20 05:01:51,067] {dag.py:1813} INFO - Sync 2 DAGs
[2020-12-20 05:01:51,091] {logging_mixin.py:103} INFO - [2020-12-20 05:01:51,091] {dag.py:2266} INFO - Setting next_dagrun for example_external_task_marker_child to None
[2020-12-20 05:01:51,091] {logging_mixin.py:103} INFO - [2020-12-20 05:01:51,091] {dag.py:2266} INFO - Setting next_dagrun for example_external_task_marker_parent to None
[2020-12-20 05:01:51,103] {scheduler_job.py:189} INFO - Processing /Users/harshittyagi/lil/de_env/lib/python3.8/site-packages/airflow/example_dags/example_external_task_marker_dag.py took 0.042 seconds
[2020-12-20 05:02:44,199] {scheduler_job.py:181} INFO - Started process (PID=61046) to work on /Users/harshittyagi/lil/de_env/lib/python3.8/site-packages/airflow/example_dags/example_external_task_marker_dag.py
[2020-12-20 05:02:44,199] {scheduler_job.py:629} INFO - Processing file /Users/harshittyagi/lil/de_env/lib/python3.8/site-packages/airflow/example_dags/example_external_task_marker_dag.py for tasks to queue
[2020-12-20 05:02:44,200] {logging_mixin.py:103} INFO - [2020-12-20 05:02:44,199] {dagbag.py:440} INFO - Filling up the DagBag from /Users/harshittyagi/lil/de_env/lib/python3.8/site-packages/airflow/example_dags/example_external_task_marker_dag.py
[2020-12-20 05:02:44,204] {scheduler_job.py:639} INFO - DAG(s) dict_keys(['example_external_task_marker_parent', 'example_external_task_marker_child']) retrieved from /Users/harshittyagi/lil/de_env/lib/python3.8/site-packages/airflow/example_dags/example_external_task_marker_dag.py
[2020-12-20 05:02:44,204] {logging_mixin.py:103} INFO - [2020-12-20 05:02:44,204] {dag.py:1813} INFO - Sync 2 DAGs
[2020-12-20 05:02:44,229] {logging_mixin.py:103} INFO - [2020-12-20 05:02:44,229] {dag.py:2266} INFO - Setting next_dagrun for example_external_task_marker_child to None
[2020-12-20 05:02:44,229] {logging_mixin.py:103} INFO - [2020-12-20 05:02:44,229] {dag.py:2266} INFO - Setting next_dagrun for example_external_task_marker_parent to None
[2020-12-20 05:02:44,242] {scheduler_job.py:189} INFO - Processing /Users/harshittyagi/lil/de_env/lib/python3.8/site-packages/airflow/example_dags/example_external_task_marker_dag.py took 0.044 seconds
[2020-12-20 05:03:38,372] {scheduler_job.py:181} INFO - Started process (PID=61328) to work on /Users/harshittyagi/lil/de_env/lib/python3.8/site-packages/airflow/example_dags/example_external_task_marker_dag.py
[2020-12-20 05:03:38,372] {scheduler_job.py:629} INFO - Processing file /Users/harshittyagi/lil/de_env/lib/python3.8/site-packages/airflow/example_dags/example_external_task_marker_dag.py for tasks to queue
[2020-12-20 05:03:38,373] {logging_mixin.py:103} INFO - [2020-12-20 05:03:38,372] {dagbag.py:440} INFO - Filling up the DagBag from /Users/harshittyagi/lil/de_env/lib/python3.8/site-packages/airflow/example_dags/example_external_task_marker_dag.py
[2020-12-20 05:03:38,378] {scheduler_job.py:639} INFO - DAG(s) dict_keys(['example_external_task_marker_parent', 'example_external_task_marker_child']) retrieved from /Users/harshittyagi/lil/de_env/lib/python3.8/site-packages/airflow/example_dags/example_external_task_marker_dag.py
[2020-12-20 05:03:38,378] {logging_mixin.py:103} INFO - [2020-12-20 05:03:38,378] {dag.py:1813} INFO - Sync 2 DAGs
[2020-12-20 05:03:38,405] {logging_mixin.py:103} INFO - [2020-12-20 05:03:38,405] {dag.py:2266} INFO - Setting next_dagrun for example_external_task_marker_child to None
[2020-12-20 05:03:38,406] {logging_mixin.py:103} INFO - [2020-12-20 05:03:38,406] {dag.py:2266} INFO - Setting next_dagrun for example_external_task_marker_parent to None
[2020-12-20 05:03:38,417] {scheduler_job.py:189} INFO - Processing /Users/harshittyagi/lil/de_env/lib/python3.8/site-packages/airflow/example_dags/example_external_task_marker_dag.py took 0.045 seconds
[2020-12-20 05:04:32,440] {scheduler_job.py:181} INFO - Started process (PID=61614) to work on /Users/harshittyagi/lil/de_env/lib/python3.8/site-packages/airflow/example_dags/example_external_task_marker_dag.py
[2020-12-20 05:04:32,441] {scheduler_job.py:629} INFO - Processing file /Users/harshittyagi/lil/de_env/lib/python3.8/site-packages/airflow/example_dags/example_external_task_marker_dag.py for tasks to queue
[2020-12-20 05:04:32,441] {logging_mixin.py:103} INFO - [2020-12-20 05:04:32,441] {dagbag.py:440} INFO - Filling up the DagBag from /Users/harshittyagi/lil/de_env/lib/python3.8/site-packages/airflow/example_dags/example_external_task_marker_dag.py
[2020-12-20 05:04:32,445] {scheduler_job.py:639} INFO - DAG(s) dict_keys(['example_external_task_marker_parent', 'example_external_task_marker_child']) retrieved from /Users/harshittyagi/lil/de_env/lib/python3.8/site-packages/airflow/example_dags/example_external_task_marker_dag.py
[2020-12-20 05:04:32,446] {logging_mixin.py:103} INFO - [2020-12-20 05:04:32,445] {dag.py:1813} INFO - Sync 2 DAGs
[2020-12-20 05:04:32,470] {logging_mixin.py:103} INFO - [2020-12-20 05:04:32,470] {dag.py:2266} INFO - Setting next_dagrun for example_external_task_marker_child to None
[2020-12-20 05:04:32,470] {logging_mixin.py:103} INFO - [2020-12-20 05:04:32,470] {dag.py:2266} INFO - Setting next_dagrun for example_external_task_marker_parent to None
[2020-12-20 05:04:32,482] {scheduler_job.py:189} INFO - Processing /Users/harshittyagi/lil/de_env/lib/python3.8/site-packages/airflow/example_dags/example_external_task_marker_dag.py took 0.042 seconds
[2020-12-20 05:05:26,194] {scheduler_job.py:181} INFO - Started process (PID=61900) to work on /Users/harshittyagi/lil/de_env/lib/python3.8/site-packages/airflow/example_dags/example_external_task_marker_dag.py
[2020-12-20 05:05:26,194] {scheduler_job.py:629} INFO - Processing file /Users/harshittyagi/lil/de_env/lib/python3.8/site-packages/airflow/example_dags/example_external_task_marker_dag.py for tasks to queue
[2020-12-20 05:05:26,195] {logging_mixin.py:103} INFO - [2020-12-20 05:05:26,195] {dagbag.py:440} INFO - Filling up the DagBag from /Users/harshittyagi/lil/de_env/lib/python3.8/site-packages/airflow/example_dags/example_external_task_marker_dag.py
[2020-12-20 05:05:26,199] {scheduler_job.py:639} INFO - DAG(s) dict_keys(['example_external_task_marker_parent', 'example_external_task_marker_child']) retrieved from /Users/harshittyagi/lil/de_env/lib/python3.8/site-packages/airflow/example_dags/example_external_task_marker_dag.py
[2020-12-20 05:05:26,199] {logging_mixin.py:103} INFO - [2020-12-20 05:05:26,199] {dag.py:1813} INFO - Sync 2 DAGs
[2020-12-20 05:05:26,224] {logging_mixin.py:103} INFO - [2020-12-20 05:05:26,224] {dag.py:2266} INFO - Setting next_dagrun for example_external_task_marker_child to None
[2020-12-20 05:05:26,224] {logging_mixin.py:103} INFO - [2020-12-20 05:05:26,224] {dag.py:2266} INFO - Setting next_dagrun for example_external_task_marker_parent to None
[2020-12-20 05:05:26,236] {scheduler_job.py:189} INFO - Processing /Users/harshittyagi/lil/de_env/lib/python3.8/site-packages/airflow/example_dags/example_external_task_marker_dag.py took 0.043 seconds
[2020-12-20 05:06:20,561] {scheduler_job.py:181} INFO - Started process (PID=62185) to work on /Users/harshittyagi/lil/de_env/lib/python3.8/site-packages/airflow/example_dags/example_external_task_marker_dag.py
[2020-12-20 05:06:20,561] {scheduler_job.py:629} INFO - Processing file /Users/harshittyagi/lil/de_env/lib/python3.8/site-packages/airflow/example_dags/example_external_task_marker_dag.py for tasks to queue
[2020-12-20 05:06:20,562] {logging_mixin.py:103} INFO - [2020-12-20 05:06:20,562] {dagbag.py:440} INFO - Filling up the DagBag from /Users/harshittyagi/lil/de_env/lib/python3.8/site-packages/airflow/example_dags/example_external_task_marker_dag.py
[2020-12-20 05:06:20,566] {scheduler_job.py:639} INFO - DAG(s) dict_keys(['example_external_task_marker_parent', 'example_external_task_marker_child']) retrieved from /Users/harshittyagi/lil/de_env/lib/python3.8/site-packages/airflow/example_dags/example_external_task_marker_dag.py
[2020-12-20 05:06:20,566] {logging_mixin.py:103} INFO - [2020-12-20 05:06:20,566] {dag.py:1813} INFO - Sync 2 DAGs
[2020-12-20 05:06:20,591] {logging_mixin.py:103} INFO - [2020-12-20 05:06:20,591] {dag.py:2266} INFO - Setting next_dagrun for example_external_task_marker_child to None
[2020-12-20 05:06:20,591] {logging_mixin.py:103} INFO - [2020-12-20 05:06:20,591] {dag.py:2266} INFO - Setting next_dagrun for example_external_task_marker_parent to None
[2020-12-20 05:06:20,603] {scheduler_job.py:189} INFO - Processing /Users/harshittyagi/lil/de_env/lib/python3.8/site-packages/airflow/example_dags/example_external_task_marker_dag.py took 0.043 seconds
[2020-12-20 05:07:13,884] {scheduler_job.py:181} INFO - Started process (PID=62466) to work on /Users/harshittyagi/lil/de_env/lib/python3.8/site-packages/airflow/example_dags/example_external_task_marker_dag.py
[2020-12-20 05:07:13,884] {scheduler_job.py:629} INFO - Processing file /Users/harshittyagi/lil/de_env/lib/python3.8/site-packages/airflow/example_dags/example_external_task_marker_dag.py for tasks to queue
[2020-12-20 05:07:13,885] {logging_mixin.py:103} INFO - [2020-12-20 05:07:13,885] {dagbag.py:440} INFO - Filling up the DagBag from /Users/harshittyagi/lil/de_env/lib/python3.8/site-packages/airflow/example_dags/example_external_task_marker_dag.py
[2020-12-20 05:07:13,890] {scheduler_job.py:639} INFO - DAG(s) dict_keys(['example_external_task_marker_parent', 'example_external_task_marker_child']) retrieved from /Users/harshittyagi/lil/de_env/lib/python3.8/site-packages/airflow/example_dags/example_external_task_marker_dag.py
[2020-12-20 05:07:13,890] {logging_mixin.py:103} INFO - [2020-12-20 05:07:13,890] {dag.py:1813} INFO - Sync 2 DAGs
[2020-12-20 05:07:13,919] {logging_mixin.py:103} INFO - [2020-12-20 05:07:13,919] {dag.py:2266} INFO - Setting next_dagrun for example_external_task_marker_child to None
[2020-12-20 05:07:13,919] {logging_mixin.py:103} INFO - [2020-12-20 05:07:13,919] {dag.py:2266} INFO - Setting next_dagrun for example_external_task_marker_parent to None
[2020-12-20 05:07:13,932] {scheduler_job.py:189} INFO - Processing /Users/harshittyagi/lil/de_env/lib/python3.8/site-packages/airflow/example_dags/example_external_task_marker_dag.py took 0.048 seconds
[2020-12-20 05:08:08,597] {scheduler_job.py:181} INFO - Started process (PID=62754) to work on /Users/harshittyagi/lil/de_env/lib/python3.8/site-packages/airflow/example_dags/example_external_task_marker_dag.py
[2020-12-20 05:08:08,597] {scheduler_job.py:629} INFO - Processing file /Users/harshittyagi/lil/de_env/lib/python3.8/site-packages/airflow/example_dags/example_external_task_marker_dag.py for tasks to queue
[2020-12-20 05:08:08,598] {logging_mixin.py:103} INFO - [2020-12-20 05:08:08,597] {dagbag.py:440} INFO - Filling up the DagBag from /Users/harshittyagi/lil/de_env/lib/python3.8/site-packages/airflow/example_dags/example_external_task_marker_dag.py
[2020-12-20 05:08:08,603] {scheduler_job.py:639} INFO - DAG(s) dict_keys(['example_external_task_marker_parent', 'example_external_task_marker_child']) retrieved from /Users/harshittyagi/lil/de_env/lib/python3.8/site-packages/airflow/example_dags/example_external_task_marker_dag.py
[2020-12-20 05:08:08,603] {logging_mixin.py:103} INFO - [2020-12-20 05:08:08,603] {dag.py:1813} INFO - Sync 2 DAGs
[2020-12-20 05:08:08,633] {logging_mixin.py:103} INFO - [2020-12-20 05:08:08,633] {dag.py:2266} INFO - Setting next_dagrun for example_external_task_marker_child to None
[2020-12-20 05:08:08,633] {logging_mixin.py:103} INFO - [2020-12-20 05:08:08,633] {dag.py:2266} INFO - Setting next_dagrun for example_external_task_marker_parent to None
[2020-12-20 05:08:08,647] {scheduler_job.py:189} INFO - Processing /Users/harshittyagi/lil/de_env/lib/python3.8/site-packages/airflow/example_dags/example_external_task_marker_dag.py took 0.051 seconds
[2020-12-20 05:09:03,044] {scheduler_job.py:181} INFO - Started process (PID=63040) to work on /Users/harshittyagi/lil/de_env/lib/python3.8/site-packages/airflow/example_dags/example_external_task_marker_dag.py
[2020-12-20 05:09:03,044] {scheduler_job.py:629} INFO - Processing file /Users/harshittyagi/lil/de_env/lib/python3.8/site-packages/airflow/example_dags/example_external_task_marker_dag.py for tasks to queue
[2020-12-20 05:09:03,044] {logging_mixin.py:103} INFO - [2020-12-20 05:09:03,044] {dagbag.py:440} INFO - Filling up the DagBag from /Users/harshittyagi/lil/de_env/lib/python3.8/site-packages/airflow/example_dags/example_external_task_marker_dag.py
[2020-12-20 05:09:03,049] {scheduler_job.py:639} INFO - DAG(s) dict_keys(['example_external_task_marker_parent', 'example_external_task_marker_child']) retrieved from /Users/harshittyagi/lil/de_env/lib/python3.8/site-packages/airflow/example_dags/example_external_task_marker_dag.py
[2020-12-20 05:09:03,049] {logging_mixin.py:103} INFO - [2020-12-20 05:09:03,049] {dag.py:1813} INFO - Sync 2 DAGs
[2020-12-20 05:09:03,073] {logging_mixin.py:103} INFO - [2020-12-20 05:09:03,073] {dag.py:2266} INFO - Setting next_dagrun for example_external_task_marker_child to None
[2020-12-20 05:09:03,074] {logging_mixin.py:103} INFO - [2020-12-20 05:09:03,074] {dag.py:2266} INFO - Setting next_dagrun for example_external_task_marker_parent to None
[2020-12-20 05:09:03,085] {scheduler_job.py:189} INFO - Processing /Users/harshittyagi/lil/de_env/lib/python3.8/site-packages/airflow/example_dags/example_external_task_marker_dag.py took 0.042 seconds
[2020-12-20 05:09:57,406] {scheduler_job.py:181} INFO - Started process (PID=63327) to work on /Users/harshittyagi/lil/de_env/lib/python3.8/site-packages/airflow/example_dags/example_external_task_marker_dag.py
[2020-12-20 05:09:57,407] {scheduler_job.py:629} INFO - Processing file /Users/harshittyagi/lil/de_env/lib/python3.8/site-packages/airflow/example_dags/example_external_task_marker_dag.py for tasks to queue
[2020-12-20 05:09:57,407] {logging_mixin.py:103} INFO - [2020-12-20 05:09:57,407] {dagbag.py:440} INFO - Filling up the DagBag from /Users/harshittyagi/lil/de_env/lib/python3.8/site-packages/airflow/example_dags/example_external_task_marker_dag.py
[2020-12-20 05:09:57,412] {scheduler_job.py:639} INFO - DAG(s) dict_keys(['example_external_task_marker_parent', 'example_external_task_marker_child']) retrieved from /Users/harshittyagi/lil/de_env/lib/python3.8/site-packages/airflow/example_dags/example_external_task_marker_dag.py
[2020-12-20 05:09:57,412] {logging_mixin.py:103} INFO - [2020-12-20 05:09:57,412] {dag.py:1813} INFO - Sync 2 DAGs
[2020-12-20 05:09:57,437] {logging_mixin.py:103} INFO - [2020-12-20 05:09:57,437] {dag.py:2266} INFO - Setting next_dagrun for example_external_task_marker_child to None
[2020-12-20 05:09:57,437] {logging_mixin.py:103} INFO - [2020-12-20 05:09:57,437] {dag.py:2266} INFO - Setting next_dagrun for example_external_task_marker_parent to None
[2020-12-20 05:09:57,449] {scheduler_job.py:189} INFO - Processing /Users/harshittyagi/lil/de_env/lib/python3.8/site-packages/airflow/example_dags/example_external_task_marker_dag.py took 0.043 seconds
[2020-12-20 05:10:51,581] {scheduler_job.py:181} INFO - Started process (PID=63612) to work on /Users/harshittyagi/lil/de_env/lib/python3.8/site-packages/airflow/example_dags/example_external_task_marker_dag.py
[2020-12-20 05:10:51,581] {scheduler_job.py:629} INFO - Processing file /Users/harshittyagi/lil/de_env/lib/python3.8/site-packages/airflow/example_dags/example_external_task_marker_dag.py for tasks to queue
[2020-12-20 05:10:51,582] {logging_mixin.py:103} INFO - [2020-12-20 05:10:51,581] {dagbag.py:440} INFO - Filling up the DagBag from /Users/harshittyagi/lil/de_env/lib/python3.8/site-packages/airflow/example_dags/example_external_task_marker_dag.py
[2020-12-20 05:10:51,587] {scheduler_job.py:639} INFO - DAG(s) dict_keys(['example_external_task_marker_parent', 'example_external_task_marker_child']) retrieved from /Users/harshittyagi/lil/de_env/lib/python3.8/site-packages/airflow/example_dags/example_external_task_marker_dag.py
[2020-12-20 05:10:51,588] {logging_mixin.py:103} INFO - [2020-12-20 05:10:51,588] {dag.py:1813} INFO - Sync 2 DAGs
[2020-12-20 05:10:51,615] {logging_mixin.py:103} INFO - [2020-12-20 05:10:51,615] {dag.py:2266} INFO - Setting next_dagrun for example_external_task_marker_child to None
[2020-12-20 05:10:51,615] {logging_mixin.py:103} INFO - [2020-12-20 05:10:51,615] {dag.py:2266} INFO - Setting next_dagrun for example_external_task_marker_parent to None
[2020-12-20 05:10:51,628] {scheduler_job.py:189} INFO - Processing /Users/harshittyagi/lil/de_env/lib/python3.8/site-packages/airflow/example_dags/example_external_task_marker_dag.py took 0.047 seconds
[2020-12-20 05:11:44,237] {scheduler_job.py:181} INFO - Started process (PID=63898) to work on /Users/harshittyagi/lil/de_env/lib/python3.8/site-packages/airflow/example_dags/example_external_task_marker_dag.py
[2020-12-20 05:11:44,237] {scheduler_job.py:629} INFO - Processing file /Users/harshittyagi/lil/de_env/lib/python3.8/site-packages/airflow/example_dags/example_external_task_marker_dag.py for tasks to queue
[2020-12-20 05:11:44,237] {logging_mixin.py:103} INFO - [2020-12-20 05:11:44,237] {dagbag.py:440} INFO - Filling up the DagBag from /Users/harshittyagi/lil/de_env/lib/python3.8/site-packages/airflow/example_dags/example_external_task_marker_dag.py
[2020-12-20 05:11:44,243] {scheduler_job.py:639} INFO - DAG(s) dict_keys(['example_external_task_marker_parent', 'example_external_task_marker_child']) retrieved from /Users/harshittyagi/lil/de_env/lib/python3.8/site-packages/airflow/example_dags/example_external_task_marker_dag.py
[2020-12-20 05:11:44,243] {logging_mixin.py:103} INFO - [2020-12-20 05:11:44,243] {dag.py:1813} INFO - Sync 2 DAGs
[2020-12-20 05:11:44,269] {logging_mixin.py:103} INFO - [2020-12-20 05:11:44,269] {dag.py:2266} INFO - Setting next_dagrun for example_external_task_marker_child to None
[2020-12-20 05:11:44,270] {logging_mixin.py:103} INFO - [2020-12-20 05:11:44,270] {dag.py:2266} INFO - Setting next_dagrun for example_external_task_marker_parent to None
[2020-12-20 05:11:44,282] {scheduler_job.py:189} INFO - Processing /Users/harshittyagi/lil/de_env/lib/python3.8/site-packages/airflow/example_dags/example_external_task_marker_dag.py took 0.045 seconds
[2020-12-20 05:12:36,803] {scheduler_job.py:181} INFO - Started process (PID=64180) to work on /Users/harshittyagi/lil/de_env/lib/python3.8/site-packages/airflow/example_dags/example_external_task_marker_dag.py
[2020-12-20 05:12:36,803] {scheduler_job.py:629} INFO - Processing file /Users/harshittyagi/lil/de_env/lib/python3.8/site-packages/airflow/example_dags/example_external_task_marker_dag.py for tasks to queue
[2020-12-20 05:12:36,804] {logging_mixin.py:103} INFO - [2020-12-20 05:12:36,803] {dagbag.py:440} INFO - Filling up the DagBag from /Users/harshittyagi/lil/de_env/lib/python3.8/site-packages/airflow/example_dags/example_external_task_marker_dag.py
[2020-12-20 05:12:36,808] {scheduler_job.py:639} INFO - DAG(s) dict_keys(['example_external_task_marker_parent', 'example_external_task_marker_child']) retrieved from /Users/harshittyagi/lil/de_env/lib/python3.8/site-packages/airflow/example_dags/example_external_task_marker_dag.py
[2020-12-20 05:12:36,808] {logging_mixin.py:103} INFO - [2020-12-20 05:12:36,808] {dag.py:1813} INFO - Sync 2 DAGs
[2020-12-20 05:12:36,834] {logging_mixin.py:103} INFO - [2020-12-20 05:12:36,834] {dag.py:2266} INFO - Setting next_dagrun for example_external_task_marker_child to None
[2020-12-20 05:12:36,835] {logging_mixin.py:103} INFO - [2020-12-20 05:12:36,835] {dag.py:2266} INFO - Setting next_dagrun for example_external_task_marker_parent to None
[2020-12-20 05:12:36,848] {scheduler_job.py:189} INFO - Processing /Users/harshittyagi/lil/de_env/lib/python3.8/site-packages/airflow/example_dags/example_external_task_marker_dag.py took 0.045 seconds
[2020-12-20 05:13:30,582] {scheduler_job.py:181} INFO - Started process (PID=64463) to work on /Users/harshittyagi/lil/de_env/lib/python3.8/site-packages/airflow/example_dags/example_external_task_marker_dag.py
[2020-12-20 05:13:30,582] {scheduler_job.py:629} INFO - Processing file /Users/harshittyagi/lil/de_env/lib/python3.8/site-packages/airflow/example_dags/example_external_task_marker_dag.py for tasks to queue
[2020-12-20 05:13:30,583] {logging_mixin.py:103} INFO - [2020-12-20 05:13:30,583] {dagbag.py:440} INFO - Filling up the DagBag from /Users/harshittyagi/lil/de_env/lib/python3.8/site-packages/airflow/example_dags/example_external_task_marker_dag.py
[2020-12-20 05:13:30,587] {scheduler_job.py:639} INFO - DAG(s) dict_keys(['example_external_task_marker_parent', 'example_external_task_marker_child']) retrieved from /Users/harshittyagi/lil/de_env/lib/python3.8/site-packages/airflow/example_dags/example_external_task_marker_dag.py
[2020-12-20 05:13:30,587] {logging_mixin.py:103} INFO - [2020-12-20 05:13:30,587] {dag.py:1813} INFO - Sync 2 DAGs
[2020-12-20 05:13:30,612] {logging_mixin.py:103} INFO - [2020-12-20 05:13:30,612] {dag.py:2266} INFO - Setting next_dagrun for example_external_task_marker_child to None
[2020-12-20 05:13:30,612] {logging_mixin.py:103} INFO - [2020-12-20 05:13:30,612] {dag.py:2266} INFO - Setting next_dagrun for example_external_task_marker_parent to None
[2020-12-20 05:13:30,624] {scheduler_job.py:189} INFO - Processing /Users/harshittyagi/lil/de_env/lib/python3.8/site-packages/airflow/example_dags/example_external_task_marker_dag.py took 0.042 seconds
[2020-12-20 05:14:24,462] {scheduler_job.py:181} INFO - Started process (PID=64746) to work on /Users/harshittyagi/lil/de_env/lib/python3.8/site-packages/airflow/example_dags/example_external_task_marker_dag.py
[2020-12-20 05:14:24,462] {scheduler_job.py:629} INFO - Processing file /Users/harshittyagi/lil/de_env/lib/python3.8/site-packages/airflow/example_dags/example_external_task_marker_dag.py for tasks to queue
[2020-12-20 05:14:24,462] {logging_mixin.py:103} INFO - [2020-12-20 05:14:24,462] {dagbag.py:440} INFO - Filling up the DagBag from /Users/harshittyagi/lil/de_env/lib/python3.8/site-packages/airflow/example_dags/example_external_task_marker_dag.py
[2020-12-20 05:14:24,467] {scheduler_job.py:639} INFO - DAG(s) dict_keys(['example_external_task_marker_parent', 'example_external_task_marker_child']) retrieved from /Users/harshittyagi/lil/de_env/lib/python3.8/site-packages/airflow/example_dags/example_external_task_marker_dag.py
[2020-12-20 05:14:24,467] {logging_mixin.py:103} INFO - [2020-12-20 05:14:24,467] {dag.py:1813} INFO - Sync 2 DAGs
[2020-12-20 05:14:24,492] {logging_mixin.py:103} INFO - [2020-12-20 05:14:24,492] {dag.py:2266} INFO - Setting next_dagrun for example_external_task_marker_child to None
[2020-12-20 05:14:24,492] {logging_mixin.py:103} INFO - [2020-12-20 05:14:24,492] {dag.py:2266} INFO - Setting next_dagrun for example_external_task_marker_parent to None
[2020-12-20 05:14:24,504] {scheduler_job.py:189} INFO - Processing /Users/harshittyagi/lil/de_env/lib/python3.8/site-packages/airflow/example_dags/example_external_task_marker_dag.py took 0.043 seconds
[2020-12-20 05:15:16,665] {scheduler_job.py:181} INFO - Started process (PID=65033) to work on /Users/harshittyagi/lil/de_env/lib/python3.8/site-packages/airflow/example_dags/example_external_task_marker_dag.py
[2020-12-20 05:15:16,666] {scheduler_job.py:629} INFO - Processing file /Users/harshittyagi/lil/de_env/lib/python3.8/site-packages/airflow/example_dags/example_external_task_marker_dag.py for tasks to queue
[2020-12-20 05:15:16,666] {logging_mixin.py:103} INFO - [2020-12-20 05:15:16,666] {dagbag.py:440} INFO - Filling up the DagBag from /Users/harshittyagi/lil/de_env/lib/python3.8/site-packages/airflow/example_dags/example_external_task_marker_dag.py
[2020-12-20 05:15:16,671] {scheduler_job.py:639} INFO - DAG(s) dict_keys(['example_external_task_marker_parent', 'example_external_task_marker_child']) retrieved from /Users/harshittyagi/lil/de_env/lib/python3.8/site-packages/airflow/example_dags/example_external_task_marker_dag.py
[2020-12-20 05:15:16,671] {logging_mixin.py:103} INFO - [2020-12-20 05:15:16,671] {dag.py:1813} INFO - Sync 2 DAGs
[2020-12-20 05:15:16,696] {logging_mixin.py:103} INFO - [2020-12-20 05:15:16,696] {dag.py:2266} INFO - Setting next_dagrun for example_external_task_marker_child to None
[2020-12-20 05:15:16,697] {logging_mixin.py:103} INFO - [2020-12-20 05:15:16,697] {dag.py:2266} INFO - Setting next_dagrun for example_external_task_marker_parent to None
[2020-12-20 05:15:16,711] {scheduler_job.py:189} INFO - Processing /Users/harshittyagi/lil/de_env/lib/python3.8/site-packages/airflow/example_dags/example_external_task_marker_dag.py took 0.046 seconds
[2020-12-20 05:16:09,199] {scheduler_job.py:181} INFO - Started process (PID=65316) to work on /Users/harshittyagi/lil/de_env/lib/python3.8/site-packages/airflow/example_dags/example_external_task_marker_dag.py
[2020-12-20 05:16:09,199] {scheduler_job.py:629} INFO - Processing file /Users/harshittyagi/lil/de_env/lib/python3.8/site-packages/airflow/example_dags/example_external_task_marker_dag.py for tasks to queue
[2020-12-20 05:16:09,200] {logging_mixin.py:103} INFO - [2020-12-20 05:16:09,200] {dagbag.py:440} INFO - Filling up the DagBag from /Users/harshittyagi/lil/de_env/lib/python3.8/site-packages/airflow/example_dags/example_external_task_marker_dag.py
[2020-12-20 05:16:09,204] {scheduler_job.py:639} INFO - DAG(s) dict_keys(['example_external_task_marker_parent', 'example_external_task_marker_child']) retrieved from /Users/harshittyagi/lil/de_env/lib/python3.8/site-packages/airflow/example_dags/example_external_task_marker_dag.py
[2020-12-20 05:16:09,205] {logging_mixin.py:103} INFO - [2020-12-20 05:16:09,205] {dag.py:1813} INFO - Sync 2 DAGs
[2020-12-20 05:16:09,229] {logging_mixin.py:103} INFO - [2020-12-20 05:16:09,229] {dag.py:2266} INFO - Setting next_dagrun for example_external_task_marker_child to None
[2020-12-20 05:16:09,230] {logging_mixin.py:103} INFO - [2020-12-20 05:16:09,230] {dag.py:2266} INFO - Setting next_dagrun for example_external_task_marker_parent to None
[2020-12-20 05:16:09,241] {scheduler_job.py:189} INFO - Processing /Users/harshittyagi/lil/de_env/lib/python3.8/site-packages/airflow/example_dags/example_external_task_marker_dag.py took 0.043 seconds
[2020-12-20 05:17:03,353] {scheduler_job.py:181} INFO - Started process (PID=65598) to work on /Users/harshittyagi/lil/de_env/lib/python3.8/site-packages/airflow/example_dags/example_external_task_marker_dag.py
[2020-12-20 05:17:03,353] {scheduler_job.py:629} INFO - Processing file /Users/harshittyagi/lil/de_env/lib/python3.8/site-packages/airflow/example_dags/example_external_task_marker_dag.py for tasks to queue
[2020-12-20 05:17:03,354] {logging_mixin.py:103} INFO - [2020-12-20 05:17:03,354] {dagbag.py:440} INFO - Filling up the DagBag from /Users/harshittyagi/lil/de_env/lib/python3.8/site-packages/airflow/example_dags/example_external_task_marker_dag.py
[2020-12-20 05:17:03,359] {scheduler_job.py:639} INFO - DAG(s) dict_keys(['example_external_task_marker_parent', 'example_external_task_marker_child']) retrieved from /Users/harshittyagi/lil/de_env/lib/python3.8/site-packages/airflow/example_dags/example_external_task_marker_dag.py
[2020-12-20 05:17:03,359] {logging_mixin.py:103} INFO - [2020-12-20 05:17:03,359] {dag.py:1813} INFO - Sync 2 DAGs
[2020-12-20 05:17:03,386] {logging_mixin.py:103} INFO - [2020-12-20 05:17:03,386] {dag.py:2266} INFO - Setting next_dagrun for example_external_task_marker_child to None
[2020-12-20 05:17:03,387] {logging_mixin.py:103} INFO - [2020-12-20 05:17:03,387] {dag.py:2266} INFO - Setting next_dagrun for example_external_task_marker_parent to None
[2020-12-20 05:17:03,398] {scheduler_job.py:189} INFO - Processing /Users/harshittyagi/lil/de_env/lib/python3.8/site-packages/airflow/example_dags/example_external_task_marker_dag.py took 0.046 seconds
[2020-12-20 05:17:57,240] {scheduler_job.py:181} INFO - Started process (PID=65884) to work on /Users/harshittyagi/lil/de_env/lib/python3.8/site-packages/airflow/example_dags/example_external_task_marker_dag.py
[2020-12-20 05:17:57,240] {scheduler_job.py:629} INFO - Processing file /Users/harshittyagi/lil/de_env/lib/python3.8/site-packages/airflow/example_dags/example_external_task_marker_dag.py for tasks to queue
[2020-12-20 05:17:57,240] {logging_mixin.py:103} INFO - [2020-12-20 05:17:57,240] {dagbag.py:440} INFO - Filling up the DagBag from /Users/harshittyagi/lil/de_env/lib/python3.8/site-packages/airflow/example_dags/example_external_task_marker_dag.py
[2020-12-20 05:17:57,245] {scheduler_job.py:639} INFO - DAG(s) dict_keys(['example_external_task_marker_parent', 'example_external_task_marker_child']) retrieved from /Users/harshittyagi/lil/de_env/lib/python3.8/site-packages/airflow/example_dags/example_external_task_marker_dag.py
[2020-12-20 05:17:57,245] {logging_mixin.py:103} INFO - [2020-12-20 05:17:57,245] {dag.py:1813} INFO - Sync 2 DAGs
[2020-12-20 05:17:57,269] {logging_mixin.py:103} INFO - [2020-12-20 05:17:57,269] {dag.py:2266} INFO - Setting next_dagrun for example_external_task_marker_child to None
[2020-12-20 05:17:57,269] {logging_mixin.py:103} INFO - [2020-12-20 05:17:57,269] {dag.py:2266} INFO - Setting next_dagrun for example_external_task_marker_parent to None
[2020-12-20 05:17:57,281] {scheduler_job.py:189} INFO - Processing /Users/harshittyagi/lil/de_env/lib/python3.8/site-packages/airflow/example_dags/example_external_task_marker_dag.py took 0.042 seconds
[2020-12-20 05:18:53,222] {scheduler_job.py:181} INFO - Started process (PID=66170) to work on /Users/harshittyagi/lil/de_env/lib/python3.8/site-packages/airflow/example_dags/example_external_task_marker_dag.py
[2020-12-20 05:18:53,223] {scheduler_job.py:629} INFO - Processing file /Users/harshittyagi/lil/de_env/lib/python3.8/site-packages/airflow/example_dags/example_external_task_marker_dag.py for tasks to queue
[2020-12-20 05:18:53,223] {logging_mixin.py:103} INFO - [2020-12-20 05:18:53,223] {dagbag.py:440} INFO - Filling up the DagBag from /Users/harshittyagi/lil/de_env/lib/python3.8/site-packages/airflow/example_dags/example_external_task_marker_dag.py
[2020-12-20 05:18:53,228] {scheduler_job.py:639} INFO - DAG(s) dict_keys(['example_external_task_marker_parent', 'example_external_task_marker_child']) retrieved from /Users/harshittyagi/lil/de_env/lib/python3.8/site-packages/airflow/example_dags/example_external_task_marker_dag.py
[2020-12-20 05:18:53,229] {logging_mixin.py:103} INFO - [2020-12-20 05:18:53,228] {dag.py:1813} INFO - Sync 2 DAGs
[2020-12-20 05:18:53,255] {logging_mixin.py:103} INFO - [2020-12-20 05:18:53,255] {dag.py:2266} INFO - Setting next_dagrun for example_external_task_marker_child to None
[2020-12-20 05:18:53,255] {logging_mixin.py:103} INFO - [2020-12-20 05:18:53,255] {dag.py:2266} INFO - Setting next_dagrun for example_external_task_marker_parent to None
[2020-12-20 05:18:53,267] {scheduler_job.py:189} INFO - Processing /Users/harshittyagi/lil/de_env/lib/python3.8/site-packages/airflow/example_dags/example_external_task_marker_dag.py took 0.045 seconds
[2020-12-20 05:19:47,442] {scheduler_job.py:181} INFO - Started process (PID=66458) to work on /Users/harshittyagi/lil/de_env/lib/python3.8/site-packages/airflow/example_dags/example_external_task_marker_dag.py
[2020-12-20 05:19:47,442] {scheduler_job.py:629} INFO - Processing file /Users/harshittyagi/lil/de_env/lib/python3.8/site-packages/airflow/example_dags/example_external_task_marker_dag.py for tasks to queue
[2020-12-20 05:19:47,442] {logging_mixin.py:103} INFO - [2020-12-20 05:19:47,442] {dagbag.py:440} INFO - Filling up the DagBag from /Users/harshittyagi/lil/de_env/lib/python3.8/site-packages/airflow/example_dags/example_external_task_marker_dag.py
[2020-12-20 05:19:47,452] {scheduler_job.py:639} INFO - DAG(s) dict_keys(['example_external_task_marker_parent', 'example_external_task_marker_child']) retrieved from /Users/harshittyagi/lil/de_env/lib/python3.8/site-packages/airflow/example_dags/example_external_task_marker_dag.py
[2020-12-20 05:19:47,452] {logging_mixin.py:103} INFO - [2020-12-20 05:19:47,452] {dag.py:1813} INFO - Sync 2 DAGs
[2020-12-20 05:19:47,483] {logging_mixin.py:103} INFO - [2020-12-20 05:19:47,483] {dag.py:2266} INFO - Setting next_dagrun for example_external_task_marker_child to None
[2020-12-20 05:19:47,484] {logging_mixin.py:103} INFO - [2020-12-20 05:19:47,484] {dag.py:2266} INFO - Setting next_dagrun for example_external_task_marker_parent to None
[2020-12-20 05:19:47,497] {scheduler_job.py:189} INFO - Processing /Users/harshittyagi/lil/de_env/lib/python3.8/site-packages/airflow/example_dags/example_external_task_marker_dag.py took 0.056 seconds
[2020-12-20 05:20:44,589] {scheduler_job.py:181} INFO - Started process (PID=66755) to work on /Users/harshittyagi/lil/de_env/lib/python3.8/site-packages/airflow/example_dags/example_external_task_marker_dag.py
[2020-12-20 05:20:44,590] {scheduler_job.py:629} INFO - Processing file /Users/harshittyagi/lil/de_env/lib/python3.8/site-packages/airflow/example_dags/example_external_task_marker_dag.py for tasks to queue
[2020-12-20 05:20:44,591] {logging_mixin.py:103} INFO - [2020-12-20 05:20:44,590] {dagbag.py:440} INFO - Filling up the DagBag from /Users/harshittyagi/lil/de_env/lib/python3.8/site-packages/airflow/example_dags/example_external_task_marker_dag.py
[2020-12-20 05:20:44,598] {scheduler_job.py:639} INFO - DAG(s) dict_keys(['example_external_task_marker_parent', 'example_external_task_marker_child']) retrieved from /Users/harshittyagi/lil/de_env/lib/python3.8/site-packages/airflow/example_dags/example_external_task_marker_dag.py
[2020-12-20 05:20:44,598] {logging_mixin.py:103} INFO - [2020-12-20 05:20:44,598] {dag.py:1813} INFO - Sync 2 DAGs
[2020-12-20 05:20:44,627] {logging_mixin.py:103} INFO - [2020-12-20 05:20:44,627] {dag.py:2266} INFO - Setting next_dagrun for example_external_task_marker_child to None
[2020-12-20 05:20:44,627] {logging_mixin.py:103} INFO - [2020-12-20 05:20:44,627] {dag.py:2266} INFO - Setting next_dagrun for example_external_task_marker_parent to None
[2020-12-20 05:20:44,641] {scheduler_job.py:189} INFO - Processing /Users/harshittyagi/lil/de_env/lib/python3.8/site-packages/airflow/example_dags/example_external_task_marker_dag.py took 0.052 seconds
[2020-12-20 05:21:40,257] {scheduler_job.py:181} INFO - Started process (PID=67038) to work on /Users/harshittyagi/lil/de_env/lib/python3.8/site-packages/airflow/example_dags/example_external_task_marker_dag.py
[2020-12-20 05:21:40,257] {scheduler_job.py:629} INFO - Processing file /Users/harshittyagi/lil/de_env/lib/python3.8/site-packages/airflow/example_dags/example_external_task_marker_dag.py for tasks to queue
[2020-12-20 05:21:40,257] {logging_mixin.py:103} INFO - [2020-12-20 05:21:40,257] {dagbag.py:440} INFO - Filling up the DagBag from /Users/harshittyagi/lil/de_env/lib/python3.8/site-packages/airflow/example_dags/example_external_task_marker_dag.py
[2020-12-20 05:21:40,263] {scheduler_job.py:639} INFO - DAG(s) dict_keys(['example_external_task_marker_parent', 'example_external_task_marker_child']) retrieved from /Users/harshittyagi/lil/de_env/lib/python3.8/site-packages/airflow/example_dags/example_external_task_marker_dag.py
[2020-12-20 05:21:40,263] {logging_mixin.py:103} INFO - [2020-12-20 05:21:40,263] {dag.py:1813} INFO - Sync 2 DAGs
[2020-12-20 05:21:40,292] {logging_mixin.py:103} INFO - [2020-12-20 05:21:40,292] {dag.py:2266} INFO - Setting next_dagrun for example_external_task_marker_child to None
[2020-12-20 05:21:40,293] {logging_mixin.py:103} INFO - [2020-12-20 05:21:40,293] {dag.py:2266} INFO - Setting next_dagrun for example_external_task_marker_parent to None
[2020-12-20 05:21:40,306] {scheduler_job.py:189} INFO - Processing /Users/harshittyagi/lil/de_env/lib/python3.8/site-packages/airflow/example_dags/example_external_task_marker_dag.py took 0.050 seconds
[2020-12-20 05:22:35,316] {scheduler_job.py:181} INFO - Started process (PID=67323) to work on /Users/harshittyagi/lil/de_env/lib/python3.8/site-packages/airflow/example_dags/example_external_task_marker_dag.py
[2020-12-20 05:22:35,317] {scheduler_job.py:629} INFO - Processing file /Users/harshittyagi/lil/de_env/lib/python3.8/site-packages/airflow/example_dags/example_external_task_marker_dag.py for tasks to queue
[2020-12-20 05:22:35,317] {logging_mixin.py:103} INFO - [2020-12-20 05:22:35,317] {dagbag.py:440} INFO - Filling up the DagBag from /Users/harshittyagi/lil/de_env/lib/python3.8/site-packages/airflow/example_dags/example_external_task_marker_dag.py
[2020-12-20 05:22:35,323] {scheduler_job.py:639} INFO - DAG(s) dict_keys(['example_external_task_marker_parent', 'example_external_task_marker_child']) retrieved from /Users/harshittyagi/lil/de_env/lib/python3.8/site-packages/airflow/example_dags/example_external_task_marker_dag.py
[2020-12-20 05:22:35,323] {logging_mixin.py:103} INFO - [2020-12-20 05:22:35,323] {dag.py:1813} INFO - Sync 2 DAGs
[2020-12-20 05:22:35,351] {logging_mixin.py:103} INFO - [2020-12-20 05:22:35,350] {dag.py:2266} INFO - Setting next_dagrun for example_external_task_marker_child to None
[2020-12-20 05:22:35,351] {logging_mixin.py:103} INFO - [2020-12-20 05:22:35,351] {dag.py:2266} INFO - Setting next_dagrun for example_external_task_marker_parent to None
[2020-12-20 05:22:35,364] {scheduler_job.py:189} INFO - Processing /Users/harshittyagi/lil/de_env/lib/python3.8/site-packages/airflow/example_dags/example_external_task_marker_dag.py took 0.048 seconds
[2020-12-20 05:23:30,475] {scheduler_job.py:181} INFO - Started process (PID=67610) to work on /Users/harshittyagi/lil/de_env/lib/python3.8/site-packages/airflow/example_dags/example_external_task_marker_dag.py
[2020-12-20 05:23:30,475] {scheduler_job.py:629} INFO - Processing file /Users/harshittyagi/lil/de_env/lib/python3.8/site-packages/airflow/example_dags/example_external_task_marker_dag.py for tasks to queue
[2020-12-20 05:23:30,476] {logging_mixin.py:103} INFO - [2020-12-20 05:23:30,475] {dagbag.py:440} INFO - Filling up the DagBag from /Users/harshittyagi/lil/de_env/lib/python3.8/site-packages/airflow/example_dags/example_external_task_marker_dag.py
[2020-12-20 05:23:30,480] {scheduler_job.py:639} INFO - DAG(s) dict_keys(['example_external_task_marker_parent', 'example_external_task_marker_child']) retrieved from /Users/harshittyagi/lil/de_env/lib/python3.8/site-packages/airflow/example_dags/example_external_task_marker_dag.py
[2020-12-20 05:23:30,481] {logging_mixin.py:103} INFO - [2020-12-20 05:23:30,481] {dag.py:1813} INFO - Sync 2 DAGs
[2020-12-20 05:23:30,508] {logging_mixin.py:103} INFO - [2020-12-20 05:23:30,508] {dag.py:2266} INFO - Setting next_dagrun for example_external_task_marker_child to None
[2020-12-20 05:23:30,509] {logging_mixin.py:103} INFO - [2020-12-20 05:23:30,509] {dag.py:2266} INFO - Setting next_dagrun for example_external_task_marker_parent to None
[2020-12-20 05:23:30,520] {scheduler_job.py:189} INFO - Processing /Users/harshittyagi/lil/de_env/lib/python3.8/site-packages/airflow/example_dags/example_external_task_marker_dag.py took 0.046 seconds
[2020-12-20 05:24:25,434] {scheduler_job.py:181} INFO - Started process (PID=67902) to work on /Users/harshittyagi/lil/de_env/lib/python3.8/site-packages/airflow/example_dags/example_external_task_marker_dag.py
[2020-12-20 05:24:25,435] {scheduler_job.py:629} INFO - Processing file /Users/harshittyagi/lil/de_env/lib/python3.8/site-packages/airflow/example_dags/example_external_task_marker_dag.py for tasks to queue
[2020-12-20 05:24:25,435] {logging_mixin.py:103} INFO - [2020-12-20 05:24:25,435] {dagbag.py:440} INFO - Filling up the DagBag from /Users/harshittyagi/lil/de_env/lib/python3.8/site-packages/airflow/example_dags/example_external_task_marker_dag.py
[2020-12-20 05:24:25,440] {scheduler_job.py:639} INFO - DAG(s) dict_keys(['example_external_task_marker_parent', 'example_external_task_marker_child']) retrieved from /Users/harshittyagi/lil/de_env/lib/python3.8/site-packages/airflow/example_dags/example_external_task_marker_dag.py
[2020-12-20 05:24:25,441] {logging_mixin.py:103} INFO - [2020-12-20 05:24:25,441] {dag.py:1813} INFO - Sync 2 DAGs
[2020-12-20 05:24:25,470] {logging_mixin.py:103} INFO - [2020-12-20 05:24:25,470] {dag.py:2266} INFO - Setting next_dagrun for example_external_task_marker_child to None
[2020-12-20 05:24:25,470] {logging_mixin.py:103} INFO - [2020-12-20 05:24:25,470] {dag.py:2266} INFO - Setting next_dagrun for example_external_task_marker_parent to None
[2020-12-20 05:24:25,484] {scheduler_job.py:189} INFO - Processing /Users/harshittyagi/lil/de_env/lib/python3.8/site-packages/airflow/example_dags/example_external_task_marker_dag.py took 0.051 seconds
[2020-12-20 05:25:20,602] {scheduler_job.py:181} INFO - Started process (PID=68190) to work on /Users/harshittyagi/lil/de_env/lib/python3.8/site-packages/airflow/example_dags/example_external_task_marker_dag.py
[2020-12-20 05:25:20,603] {scheduler_job.py:629} INFO - Processing file /Users/harshittyagi/lil/de_env/lib/python3.8/site-packages/airflow/example_dags/example_external_task_marker_dag.py for tasks to queue
[2020-12-20 05:25:20,603] {logging_mixin.py:103} INFO - [2020-12-20 05:25:20,603] {dagbag.py:440} INFO - Filling up the DagBag from /Users/harshittyagi/lil/de_env/lib/python3.8/site-packages/airflow/example_dags/example_external_task_marker_dag.py
[2020-12-20 05:25:20,608] {scheduler_job.py:639} INFO - DAG(s) dict_keys(['example_external_task_marker_parent', 'example_external_task_marker_child']) retrieved from /Users/harshittyagi/lil/de_env/lib/python3.8/site-packages/airflow/example_dags/example_external_task_marker_dag.py
[2020-12-20 05:25:20,608] {logging_mixin.py:103} INFO - [2020-12-20 05:25:20,608] {dag.py:1813} INFO - Sync 2 DAGs
[2020-12-20 05:25:20,634] {logging_mixin.py:103} INFO - [2020-12-20 05:25:20,634] {dag.py:2266} INFO - Setting next_dagrun for example_external_task_marker_child to None
[2020-12-20 05:25:20,635] {logging_mixin.py:103} INFO - [2020-12-20 05:25:20,635] {dag.py:2266} INFO - Setting next_dagrun for example_external_task_marker_parent to None
[2020-12-20 05:25:20,650] {scheduler_job.py:189} INFO - Processing /Users/harshittyagi/lil/de_env/lib/python3.8/site-packages/airflow/example_dags/example_external_task_marker_dag.py took 0.048 seconds
[2020-12-20 05:26:16,003] {scheduler_job.py:181} INFO - Started process (PID=68471) to work on /Users/harshittyagi/lil/de_env/lib/python3.8/site-packages/airflow/example_dags/example_external_task_marker_dag.py
[2020-12-20 05:26:16,003] {scheduler_job.py:629} INFO - Processing file /Users/harshittyagi/lil/de_env/lib/python3.8/site-packages/airflow/example_dags/example_external_task_marker_dag.py for tasks to queue
[2020-12-20 05:26:16,004] {logging_mixin.py:103} INFO - [2020-12-20 05:26:16,003] {dagbag.py:440} INFO - Filling up the DagBag from /Users/harshittyagi/lil/de_env/lib/python3.8/site-packages/airflow/example_dags/example_external_task_marker_dag.py
[2020-12-20 05:26:16,009] {scheduler_job.py:639} INFO - DAG(s) dict_keys(['example_external_task_marker_parent', 'example_external_task_marker_child']) retrieved from /Users/harshittyagi/lil/de_env/lib/python3.8/site-packages/airflow/example_dags/example_external_task_marker_dag.py
[2020-12-20 05:26:16,009] {logging_mixin.py:103} INFO - [2020-12-20 05:26:16,009] {dag.py:1813} INFO - Sync 2 DAGs
[2020-12-20 05:26:16,042] {logging_mixin.py:103} INFO - [2020-12-20 05:26:16,042] {dag.py:2266} INFO - Setting next_dagrun for example_external_task_marker_child to None
[2020-12-20 05:26:16,043] {logging_mixin.py:103} INFO - [2020-12-20 05:26:16,043] {dag.py:2266} INFO - Setting next_dagrun for example_external_task_marker_parent to None
[2020-12-20 05:26:16,058] {scheduler_job.py:189} INFO - Processing /Users/harshittyagi/lil/de_env/lib/python3.8/site-packages/airflow/example_dags/example_external_task_marker_dag.py took 0.056 seconds
[2020-12-20 05:27:10,834] {scheduler_job.py:181} INFO - Started process (PID=68755) to work on /Users/harshittyagi/lil/de_env/lib/python3.8/site-packages/airflow/example_dags/example_external_task_marker_dag.py
[2020-12-20 05:27:10,834] {scheduler_job.py:629} INFO - Processing file /Users/harshittyagi/lil/de_env/lib/python3.8/site-packages/airflow/example_dags/example_external_task_marker_dag.py for tasks to queue
[2020-12-20 05:27:10,835] {logging_mixin.py:103} INFO - [2020-12-20 05:27:10,835] {dagbag.py:440} INFO - Filling up the DagBag from /Users/harshittyagi/lil/de_env/lib/python3.8/site-packages/airflow/example_dags/example_external_task_marker_dag.py
[2020-12-20 05:27:10,840] {scheduler_job.py:639} INFO - DAG(s) dict_keys(['example_external_task_marker_parent', 'example_external_task_marker_child']) retrieved from /Users/harshittyagi/lil/de_env/lib/python3.8/site-packages/airflow/example_dags/example_external_task_marker_dag.py
[2020-12-20 05:27:10,841] {logging_mixin.py:103} INFO - [2020-12-20 05:27:10,841] {dag.py:1813} INFO - Sync 2 DAGs
[2020-12-20 05:27:10,871] {logging_mixin.py:103} INFO - [2020-12-20 05:27:10,871] {dag.py:2266} INFO - Setting next_dagrun for example_external_task_marker_child to None
[2020-12-20 05:27:10,872] {logging_mixin.py:103} INFO - [2020-12-20 05:27:10,872] {dag.py:2266} INFO - Setting next_dagrun for example_external_task_marker_parent to None
[2020-12-20 05:27:10,882] {scheduler_job.py:189} INFO - Processing /Users/harshittyagi/lil/de_env/lib/python3.8/site-packages/airflow/example_dags/example_external_task_marker_dag.py took 0.049 seconds
[2020-12-20 05:28:08,197] {scheduler_job.py:181} INFO - Started process (PID=69044) to work on /Users/harshittyagi/lil/de_env/lib/python3.8/site-packages/airflow/example_dags/example_external_task_marker_dag.py
[2020-12-20 05:28:08,198] {scheduler_job.py:629} INFO - Processing file /Users/harshittyagi/lil/de_env/lib/python3.8/site-packages/airflow/example_dags/example_external_task_marker_dag.py for tasks to queue
[2020-12-20 05:28:08,199] {logging_mixin.py:103} INFO - [2020-12-20 05:28:08,199] {dagbag.py:440} INFO - Filling up the DagBag from /Users/harshittyagi/lil/de_env/lib/python3.8/site-packages/airflow/example_dags/example_external_task_marker_dag.py
[2020-12-20 05:28:08,205] {scheduler_job.py:639} INFO - DAG(s) dict_keys(['example_external_task_marker_parent', 'example_external_task_marker_child']) retrieved from /Users/harshittyagi/lil/de_env/lib/python3.8/site-packages/airflow/example_dags/example_external_task_marker_dag.py
[2020-12-20 05:28:08,205] {logging_mixin.py:103} INFO - [2020-12-20 05:28:08,205] {dag.py:1813} INFO - Sync 2 DAGs
[2020-12-20 05:28:08,233] {logging_mixin.py:103} INFO - [2020-12-20 05:28:08,233] {dag.py:2266} INFO - Setting next_dagrun for example_external_task_marker_child to None
[2020-12-20 05:28:08,233] {logging_mixin.py:103} INFO - [2020-12-20 05:28:08,233] {dag.py:2266} INFO - Setting next_dagrun for example_external_task_marker_parent to None
[2020-12-20 05:28:08,244] {scheduler_job.py:189} INFO - Processing /Users/harshittyagi/lil/de_env/lib/python3.8/site-packages/airflow/example_dags/example_external_task_marker_dag.py took 0.047 seconds
[2020-12-20 05:29:02,454] {scheduler_job.py:181} INFO - Started process (PID=69331) to work on /Users/harshittyagi/lil/de_env/lib/python3.8/site-packages/airflow/example_dags/example_external_task_marker_dag.py
[2020-12-20 05:29:02,454] {scheduler_job.py:629} INFO - Processing file /Users/harshittyagi/lil/de_env/lib/python3.8/site-packages/airflow/example_dags/example_external_task_marker_dag.py for tasks to queue
[2020-12-20 05:29:02,455] {logging_mixin.py:103} INFO - [2020-12-20 05:29:02,455] {dagbag.py:440} INFO - Filling up the DagBag from /Users/harshittyagi/lil/de_env/lib/python3.8/site-packages/airflow/example_dags/example_external_task_marker_dag.py
[2020-12-20 05:29:02,460] {scheduler_job.py:639} INFO - DAG(s) dict_keys(['example_external_task_marker_parent', 'example_external_task_marker_child']) retrieved from /Users/harshittyagi/lil/de_env/lib/python3.8/site-packages/airflow/example_dags/example_external_task_marker_dag.py
[2020-12-20 05:29:02,460] {logging_mixin.py:103} INFO - [2020-12-20 05:29:02,460] {dag.py:1813} INFO - Sync 2 DAGs
[2020-12-20 05:29:02,488] {logging_mixin.py:103} INFO - [2020-12-20 05:29:02,488] {dag.py:2266} INFO - Setting next_dagrun for example_external_task_marker_child to None
[2020-12-20 05:29:02,489] {logging_mixin.py:103} INFO - [2020-12-20 05:29:02,489] {dag.py:2266} INFO - Setting next_dagrun for example_external_task_marker_parent to None
[2020-12-20 05:29:02,501] {scheduler_job.py:189} INFO - Processing /Users/harshittyagi/lil/de_env/lib/python3.8/site-packages/airflow/example_dags/example_external_task_marker_dag.py took 0.047 seconds
[2020-12-20 05:29:56,563] {scheduler_job.py:181} INFO - Started process (PID=69613) to work on /Users/harshittyagi/lil/de_env/lib/python3.8/site-packages/airflow/example_dags/example_external_task_marker_dag.py
[2020-12-20 05:29:56,564] {scheduler_job.py:629} INFO - Processing file /Users/harshittyagi/lil/de_env/lib/python3.8/site-packages/airflow/example_dags/example_external_task_marker_dag.py for tasks to queue
[2020-12-20 05:29:56,564] {logging_mixin.py:103} INFO - [2020-12-20 05:29:56,564] {dagbag.py:440} INFO - Filling up the DagBag from /Users/harshittyagi/lil/de_env/lib/python3.8/site-packages/airflow/example_dags/example_external_task_marker_dag.py
[2020-12-20 05:29:56,569] {scheduler_job.py:639} INFO - DAG(s) dict_keys(['example_external_task_marker_parent', 'example_external_task_marker_child']) retrieved from /Users/harshittyagi/lil/de_env/lib/python3.8/site-packages/airflow/example_dags/example_external_task_marker_dag.py
[2020-12-20 05:29:56,569] {logging_mixin.py:103} INFO - [2020-12-20 05:29:56,569] {dag.py:1813} INFO - Sync 2 DAGs
[2020-12-20 05:29:56,593] {logging_mixin.py:103} INFO - [2020-12-20 05:29:56,593] {dag.py:2266} INFO - Setting next_dagrun for example_external_task_marker_child to None
[2020-12-20 05:29:56,593] {logging_mixin.py:103} INFO - [2020-12-20 05:29:56,593] {dag.py:2266} INFO - Setting next_dagrun for example_external_task_marker_parent to None
[2020-12-20 05:29:56,605] {scheduler_job.py:189} INFO - Processing /Users/harshittyagi/lil/de_env/lib/python3.8/site-packages/airflow/example_dags/example_external_task_marker_dag.py took 0.042 seconds
