[2020-12-20 04:41:39,317] {scheduler_job.py:181} INFO - Started process (PID=54442) to work on /Users/harshittyagi/lil/de_env/lib/python3.8/site-packages/airflow/example_dags/example_bash_operator.py
[2020-12-20 04:41:39,318] {scheduler_job.py:629} INFO - Processing file /Users/harshittyagi/lil/de_env/lib/python3.8/site-packages/airflow/example_dags/example_bash_operator.py for tasks to queue
[2020-12-20 04:41:39,318] {logging_mixin.py:103} INFO - [2020-12-20 04:41:39,318] {dagbag.py:440} INFO - Filling up the DagBag from /Users/harshittyagi/lil/de_env/lib/python3.8/site-packages/airflow/example_dags/example_bash_operator.py
[2020-12-20 04:41:39,324] {scheduler_job.py:639} INFO - DAG(s) dict_keys(['example_bash_operator']) retrieved from /Users/harshittyagi/lil/de_env/lib/python3.8/site-packages/airflow/example_dags/example_bash_operator.py
[2020-12-20 04:41:39,325] {logging_mixin.py:103} INFO - [2020-12-20 04:41:39,325] {dag.py:1813} INFO - Sync 1 DAGs
[2020-12-20 04:41:39,359] {logging_mixin.py:103} INFO - [2020-12-20 04:41:39,359] {dag.py:2266} INFO - Setting next_dagrun for example_bash_operator to 2020-12-17 00:00:00+00:00
[2020-12-20 04:41:39,369] {scheduler_job.py:189} INFO - Processing /Users/harshittyagi/lil/de_env/lib/python3.8/site-packages/airflow/example_dags/example_bash_operator.py took 0.052 seconds
[2020-12-20 04:42:33,580] {scheduler_job.py:181} INFO - Started process (PID=54744) to work on /Users/harshittyagi/lil/de_env/lib/python3.8/site-packages/airflow/example_dags/example_bash_operator.py
[2020-12-20 04:42:33,581] {scheduler_job.py:629} INFO - Processing file /Users/harshittyagi/lil/de_env/lib/python3.8/site-packages/airflow/example_dags/example_bash_operator.py for tasks to queue
[2020-12-20 04:42:33,581] {logging_mixin.py:103} INFO - [2020-12-20 04:42:33,581] {dagbag.py:440} INFO - Filling up the DagBag from /Users/harshittyagi/lil/de_env/lib/python3.8/site-packages/airflow/example_dags/example_bash_operator.py
[2020-12-20 04:42:33,586] {scheduler_job.py:639} INFO - DAG(s) dict_keys(['example_bash_operator']) retrieved from /Users/harshittyagi/lil/de_env/lib/python3.8/site-packages/airflow/example_dags/example_bash_operator.py
[2020-12-20 04:42:33,587] {logging_mixin.py:103} INFO - [2020-12-20 04:42:33,587] {dag.py:1813} INFO - Sync 1 DAGs
[2020-12-20 04:42:33,617] {logging_mixin.py:103} INFO - [2020-12-20 04:42:33,617] {dag.py:2266} INFO - Setting next_dagrun for example_bash_operator to 2020-12-17 00:00:00+00:00
[2020-12-20 04:42:33,625] {scheduler_job.py:189} INFO - Processing /Users/harshittyagi/lil/de_env/lib/python3.8/site-packages/airflow/example_dags/example_bash_operator.py took 0.046 seconds
[2020-12-20 04:43:27,186] {scheduler_job.py:181} INFO - Started process (PID=55038) to work on /Users/harshittyagi/lil/de_env/lib/python3.8/site-packages/airflow/example_dags/example_bash_operator.py
[2020-12-20 04:43:27,187] {scheduler_job.py:629} INFO - Processing file /Users/harshittyagi/lil/de_env/lib/python3.8/site-packages/airflow/example_dags/example_bash_operator.py for tasks to queue
[2020-12-20 04:43:27,187] {logging_mixin.py:103} INFO - [2020-12-20 04:43:27,187] {dagbag.py:440} INFO - Filling up the DagBag from /Users/harshittyagi/lil/de_env/lib/python3.8/site-packages/airflow/example_dags/example_bash_operator.py
[2020-12-20 04:43:27,192] {scheduler_job.py:639} INFO - DAG(s) dict_keys(['example_bash_operator']) retrieved from /Users/harshittyagi/lil/de_env/lib/python3.8/site-packages/airflow/example_dags/example_bash_operator.py
[2020-12-20 04:43:27,192] {logging_mixin.py:103} INFO - [2020-12-20 04:43:27,192] {dag.py:1813} INFO - Sync 1 DAGs
[2020-12-20 04:43:27,220] {logging_mixin.py:103} INFO - [2020-12-20 04:43:27,220] {dag.py:2266} INFO - Setting next_dagrun for example_bash_operator to 2020-12-17 00:00:00+00:00
[2020-12-20 04:43:27,227] {scheduler_job.py:189} INFO - Processing /Users/harshittyagi/lil/de_env/lib/python3.8/site-packages/airflow/example_dags/example_bash_operator.py took 0.041 seconds
[2020-12-20 04:44:42,685] {scheduler_job.py:181} INFO - Started process (PID=55328) to work on /Users/harshittyagi/lil/de_env/lib/python3.8/site-packages/airflow/example_dags/example_bash_operator.py
[2020-12-20 04:44:42,686] {scheduler_job.py:629} INFO - Processing file /Users/harshittyagi/lil/de_env/lib/python3.8/site-packages/airflow/example_dags/example_bash_operator.py for tasks to queue
[2020-12-20 04:44:42,687] {logging_mixin.py:103} INFO - [2020-12-20 04:44:42,686] {dagbag.py:440} INFO - Filling up the DagBag from /Users/harshittyagi/lil/de_env/lib/python3.8/site-packages/airflow/example_dags/example_bash_operator.py
[2020-12-20 04:44:42,698] {scheduler_job.py:639} INFO - DAG(s) dict_keys(['example_bash_operator']) retrieved from /Users/harshittyagi/lil/de_env/lib/python3.8/site-packages/airflow/example_dags/example_bash_operator.py
[2020-12-20 04:44:42,699] {logging_mixin.py:103} INFO - [2020-12-20 04:44:42,699] {dag.py:1813} INFO - Sync 1 DAGs
[2020-12-20 04:44:42,758] {logging_mixin.py:103} INFO - [2020-12-20 04:44:42,758] {dag.py:2266} INFO - Setting next_dagrun for example_bash_operator to 2020-12-17 00:00:00+00:00
[2020-12-20 04:44:42,774] {scheduler_job.py:189} INFO - Processing /Users/harshittyagi/lil/de_env/lib/python3.8/site-packages/airflow/example_dags/example_bash_operator.py took 0.091 seconds
[2020-12-20 04:45:35,170] {scheduler_job.py:181} INFO - Started process (PID=55619) to work on /Users/harshittyagi/lil/de_env/lib/python3.8/site-packages/airflow/example_dags/example_bash_operator.py
[2020-12-20 04:45:35,171] {scheduler_job.py:629} INFO - Processing file /Users/harshittyagi/lil/de_env/lib/python3.8/site-packages/airflow/example_dags/example_bash_operator.py for tasks to queue
[2020-12-20 04:45:35,171] {logging_mixin.py:103} INFO - [2020-12-20 04:45:35,171] {dagbag.py:440} INFO - Filling up the DagBag from /Users/harshittyagi/lil/de_env/lib/python3.8/site-packages/airflow/example_dags/example_bash_operator.py
[2020-12-20 04:45:35,177] {scheduler_job.py:639} INFO - DAG(s) dict_keys(['example_bash_operator']) retrieved from /Users/harshittyagi/lil/de_env/lib/python3.8/site-packages/airflow/example_dags/example_bash_operator.py
[2020-12-20 04:45:35,177] {logging_mixin.py:103} INFO - [2020-12-20 04:45:35,177] {dag.py:1813} INFO - Sync 1 DAGs
[2020-12-20 04:45:35,212] {logging_mixin.py:103} INFO - [2020-12-20 04:45:35,212] {dag.py:2266} INFO - Setting next_dagrun for example_bash_operator to 2020-12-17 00:00:00+00:00
[2020-12-20 04:45:35,222] {scheduler_job.py:189} INFO - Processing /Users/harshittyagi/lil/de_env/lib/python3.8/site-packages/airflow/example_dags/example_bash_operator.py took 0.052 seconds
[2020-12-20 04:46:29,858] {scheduler_job.py:181} INFO - Started process (PID=55902) to work on /Users/harshittyagi/lil/de_env/lib/python3.8/site-packages/airflow/example_dags/example_bash_operator.py
[2020-12-20 04:46:29,858] {scheduler_job.py:629} INFO - Processing file /Users/harshittyagi/lil/de_env/lib/python3.8/site-packages/airflow/example_dags/example_bash_operator.py for tasks to queue
[2020-12-20 04:46:29,858] {logging_mixin.py:103} INFO - [2020-12-20 04:46:29,858] {dagbag.py:440} INFO - Filling up the DagBag from /Users/harshittyagi/lil/de_env/lib/python3.8/site-packages/airflow/example_dags/example_bash_operator.py
[2020-12-20 04:46:29,864] {scheduler_job.py:639} INFO - DAG(s) dict_keys(['example_bash_operator']) retrieved from /Users/harshittyagi/lil/de_env/lib/python3.8/site-packages/airflow/example_dags/example_bash_operator.py
[2020-12-20 04:46:29,865] {logging_mixin.py:103} INFO - [2020-12-20 04:46:29,865] {dag.py:1813} INFO - Sync 1 DAGs
[2020-12-20 04:46:29,895] {logging_mixin.py:103} INFO - [2020-12-20 04:46:29,895] {dag.py:2266} INFO - Setting next_dagrun for example_bash_operator to 2020-12-17 00:00:00+00:00
[2020-12-20 04:46:29,903] {scheduler_job.py:189} INFO - Processing /Users/harshittyagi/lil/de_env/lib/python3.8/site-packages/airflow/example_dags/example_bash_operator.py took 0.046 seconds
[2020-12-20 04:47:23,459] {scheduler_job.py:181} INFO - Started process (PID=56188) to work on /Users/harshittyagi/lil/de_env/lib/python3.8/site-packages/airflow/example_dags/example_bash_operator.py
[2020-12-20 04:47:23,459] {scheduler_job.py:629} INFO - Processing file /Users/harshittyagi/lil/de_env/lib/python3.8/site-packages/airflow/example_dags/example_bash_operator.py for tasks to queue
[2020-12-20 04:47:23,459] {logging_mixin.py:103} INFO - [2020-12-20 04:47:23,459] {dagbag.py:440} INFO - Filling up the DagBag from /Users/harshittyagi/lil/de_env/lib/python3.8/site-packages/airflow/example_dags/example_bash_operator.py
[2020-12-20 04:47:23,465] {scheduler_job.py:639} INFO - DAG(s) dict_keys(['example_bash_operator']) retrieved from /Users/harshittyagi/lil/de_env/lib/python3.8/site-packages/airflow/example_dags/example_bash_operator.py
[2020-12-20 04:47:23,465] {logging_mixin.py:103} INFO - [2020-12-20 04:47:23,465] {dag.py:1813} INFO - Sync 1 DAGs
[2020-12-20 04:47:23,493] {logging_mixin.py:103} INFO - [2020-12-20 04:47:23,493] {dag.py:2266} INFO - Setting next_dagrun for example_bash_operator to 2020-12-17 00:00:00+00:00
[2020-12-20 04:47:23,501] {scheduler_job.py:189} INFO - Processing /Users/harshittyagi/lil/de_env/lib/python3.8/site-packages/airflow/example_dags/example_bash_operator.py took 0.042 seconds
[2020-12-20 04:48:17,074] {scheduler_job.py:181} INFO - Started process (PID=56475) to work on /Users/harshittyagi/lil/de_env/lib/python3.8/site-packages/airflow/example_dags/example_bash_operator.py
[2020-12-20 04:48:17,074] {scheduler_job.py:629} INFO - Processing file /Users/harshittyagi/lil/de_env/lib/python3.8/site-packages/airflow/example_dags/example_bash_operator.py for tasks to queue
[2020-12-20 04:48:17,074] {logging_mixin.py:103} INFO - [2020-12-20 04:48:17,074] {dagbag.py:440} INFO - Filling up the DagBag from /Users/harshittyagi/lil/de_env/lib/python3.8/site-packages/airflow/example_dags/example_bash_operator.py
[2020-12-20 04:48:17,079] {scheduler_job.py:639} INFO - DAG(s) dict_keys(['example_bash_operator']) retrieved from /Users/harshittyagi/lil/de_env/lib/python3.8/site-packages/airflow/example_dags/example_bash_operator.py
[2020-12-20 04:48:17,080] {logging_mixin.py:103} INFO - [2020-12-20 04:48:17,080] {dag.py:1813} INFO - Sync 1 DAGs
[2020-12-20 04:48:17,109] {logging_mixin.py:103} INFO - [2020-12-20 04:48:17,109] {dag.py:2266} INFO - Setting next_dagrun for example_bash_operator to 2020-12-17 00:00:00+00:00
[2020-12-20 04:48:17,117] {scheduler_job.py:189} INFO - Processing /Users/harshittyagi/lil/de_env/lib/python3.8/site-packages/airflow/example_dags/example_bash_operator.py took 0.044 seconds
[2020-12-20 04:49:10,563] {scheduler_job.py:181} INFO - Started process (PID=56758) to work on /Users/harshittyagi/lil/de_env/lib/python3.8/site-packages/airflow/example_dags/example_bash_operator.py
[2020-12-20 04:49:10,564] {scheduler_job.py:629} INFO - Processing file /Users/harshittyagi/lil/de_env/lib/python3.8/site-packages/airflow/example_dags/example_bash_operator.py for tasks to queue
[2020-12-20 04:49:10,564] {logging_mixin.py:103} INFO - [2020-12-20 04:49:10,564] {dagbag.py:440} INFO - Filling up the DagBag from /Users/harshittyagi/lil/de_env/lib/python3.8/site-packages/airflow/example_dags/example_bash_operator.py
[2020-12-20 04:49:10,570] {scheduler_job.py:639} INFO - DAG(s) dict_keys(['example_bash_operator']) retrieved from /Users/harshittyagi/lil/de_env/lib/python3.8/site-packages/airflow/example_dags/example_bash_operator.py
[2020-12-20 04:49:10,570] {logging_mixin.py:103} INFO - [2020-12-20 04:49:10,570] {dag.py:1813} INFO - Sync 1 DAGs
[2020-12-20 04:49:10,599] {logging_mixin.py:103} INFO - [2020-12-20 04:49:10,599] {dag.py:2266} INFO - Setting next_dagrun for example_bash_operator to 2020-12-17 00:00:00+00:00
[2020-12-20 04:49:10,607] {scheduler_job.py:189} INFO - Processing /Users/harshittyagi/lil/de_env/lib/python3.8/site-packages/airflow/example_dags/example_bash_operator.py took 0.044 seconds
[2020-12-20 04:50:04,310] {scheduler_job.py:181} INFO - Started process (PID=57041) to work on /Users/harshittyagi/lil/de_env/lib/python3.8/site-packages/airflow/example_dags/example_bash_operator.py
[2020-12-20 04:50:04,311] {scheduler_job.py:629} INFO - Processing file /Users/harshittyagi/lil/de_env/lib/python3.8/site-packages/airflow/example_dags/example_bash_operator.py for tasks to queue
[2020-12-20 04:50:04,311] {logging_mixin.py:103} INFO - [2020-12-20 04:50:04,311] {dagbag.py:440} INFO - Filling up the DagBag from /Users/harshittyagi/lil/de_env/lib/python3.8/site-packages/airflow/example_dags/example_bash_operator.py
[2020-12-20 04:50:04,317] {scheduler_job.py:639} INFO - DAG(s) dict_keys(['example_bash_operator']) retrieved from /Users/harshittyagi/lil/de_env/lib/python3.8/site-packages/airflow/example_dags/example_bash_operator.py
[2020-12-20 04:50:04,317] {logging_mixin.py:103} INFO - [2020-12-20 04:50:04,317] {dag.py:1813} INFO - Sync 1 DAGs
[2020-12-20 04:50:04,350] {logging_mixin.py:103} INFO - [2020-12-20 04:50:04,350] {dag.py:2266} INFO - Setting next_dagrun for example_bash_operator to 2020-12-17 00:00:00+00:00
[2020-12-20 04:50:04,358] {scheduler_job.py:189} INFO - Processing /Users/harshittyagi/lil/de_env/lib/python3.8/site-packages/airflow/example_dags/example_bash_operator.py took 0.048 seconds
[2020-12-20 04:50:58,009] {scheduler_job.py:181} INFO - Started process (PID=57326) to work on /Users/harshittyagi/lil/de_env/lib/python3.8/site-packages/airflow/example_dags/example_bash_operator.py
[2020-12-20 04:50:58,010] {scheduler_job.py:629} INFO - Processing file /Users/harshittyagi/lil/de_env/lib/python3.8/site-packages/airflow/example_dags/example_bash_operator.py for tasks to queue
[2020-12-20 04:50:58,010] {logging_mixin.py:103} INFO - [2020-12-20 04:50:58,010] {dagbag.py:440} INFO - Filling up the DagBag from /Users/harshittyagi/lil/de_env/lib/python3.8/site-packages/airflow/example_dags/example_bash_operator.py
[2020-12-20 04:50:58,016] {scheduler_job.py:639} INFO - DAG(s) dict_keys(['example_bash_operator']) retrieved from /Users/harshittyagi/lil/de_env/lib/python3.8/site-packages/airflow/example_dags/example_bash_operator.py
[2020-12-20 04:50:58,016] {logging_mixin.py:103} INFO - [2020-12-20 04:50:58,016] {dag.py:1813} INFO - Sync 1 DAGs
[2020-12-20 04:50:58,046] {logging_mixin.py:103} INFO - [2020-12-20 04:50:58,046] {dag.py:2266} INFO - Setting next_dagrun for example_bash_operator to 2020-12-17 00:00:00+00:00
[2020-12-20 04:50:58,054] {scheduler_job.py:189} INFO - Processing /Users/harshittyagi/lil/de_env/lib/python3.8/site-packages/airflow/example_dags/example_bash_operator.py took 0.045 seconds
[2020-12-20 04:51:50,447] {scheduler_job.py:181} INFO - Started process (PID=57612) to work on /Users/harshittyagi/lil/de_env/lib/python3.8/site-packages/airflow/example_dags/example_bash_operator.py
[2020-12-20 04:51:50,447] {scheduler_job.py:629} INFO - Processing file /Users/harshittyagi/lil/de_env/lib/python3.8/site-packages/airflow/example_dags/example_bash_operator.py for tasks to queue
[2020-12-20 04:51:50,448] {logging_mixin.py:103} INFO - [2020-12-20 04:51:50,448] {dagbag.py:440} INFO - Filling up the DagBag from /Users/harshittyagi/lil/de_env/lib/python3.8/site-packages/airflow/example_dags/example_bash_operator.py
[2020-12-20 04:51:50,453] {scheduler_job.py:639} INFO - DAG(s) dict_keys(['example_bash_operator']) retrieved from /Users/harshittyagi/lil/de_env/lib/python3.8/site-packages/airflow/example_dags/example_bash_operator.py
[2020-12-20 04:51:50,453] {logging_mixin.py:103} INFO - [2020-12-20 04:51:50,453] {dag.py:1813} INFO - Sync 1 DAGs
[2020-12-20 04:51:50,482] {logging_mixin.py:103} INFO - [2020-12-20 04:51:50,482] {dag.py:2266} INFO - Setting next_dagrun for example_bash_operator to 2020-12-17 00:00:00+00:00
[2020-12-20 04:51:50,491] {scheduler_job.py:189} INFO - Processing /Users/harshittyagi/lil/de_env/lib/python3.8/site-packages/airflow/example_dags/example_bash_operator.py took 0.044 seconds
[2020-12-20 04:52:42,217] {scheduler_job.py:181} INFO - Started process (PID=57896) to work on /Users/harshittyagi/lil/de_env/lib/python3.8/site-packages/airflow/example_dags/example_bash_operator.py
[2020-12-20 04:52:42,217] {scheduler_job.py:629} INFO - Processing file /Users/harshittyagi/lil/de_env/lib/python3.8/site-packages/airflow/example_dags/example_bash_operator.py for tasks to queue
[2020-12-20 04:52:42,218] {logging_mixin.py:103} INFO - [2020-12-20 04:52:42,218] {dagbag.py:440} INFO - Filling up the DagBag from /Users/harshittyagi/lil/de_env/lib/python3.8/site-packages/airflow/example_dags/example_bash_operator.py
[2020-12-20 04:52:42,223] {scheduler_job.py:639} INFO - DAG(s) dict_keys(['example_bash_operator']) retrieved from /Users/harshittyagi/lil/de_env/lib/python3.8/site-packages/airflow/example_dags/example_bash_operator.py
[2020-12-20 04:52:42,223] {logging_mixin.py:103} INFO - [2020-12-20 04:52:42,223] {dag.py:1813} INFO - Sync 1 DAGs
[2020-12-20 04:52:42,252] {logging_mixin.py:103} INFO - [2020-12-20 04:52:42,252] {dag.py:2266} INFO - Setting next_dagrun for example_bash_operator to 2020-12-17 00:00:00+00:00
[2020-12-20 04:52:42,260] {scheduler_job.py:189} INFO - Processing /Users/harshittyagi/lil/de_env/lib/python3.8/site-packages/airflow/example_dags/example_bash_operator.py took 0.043 seconds
[2020-12-20 04:53:36,353] {scheduler_job.py:181} INFO - Started process (PID=58186) to work on /Users/harshittyagi/lil/de_env/lib/python3.8/site-packages/airflow/example_dags/example_bash_operator.py
[2020-12-20 04:53:36,354] {scheduler_job.py:629} INFO - Processing file /Users/harshittyagi/lil/de_env/lib/python3.8/site-packages/airflow/example_dags/example_bash_operator.py for tasks to queue
[2020-12-20 04:53:36,354] {logging_mixin.py:103} INFO - [2020-12-20 04:53:36,354] {dagbag.py:440} INFO - Filling up the DagBag from /Users/harshittyagi/lil/de_env/lib/python3.8/site-packages/airflow/example_dags/example_bash_operator.py
[2020-12-20 04:53:36,359] {scheduler_job.py:639} INFO - DAG(s) dict_keys(['example_bash_operator']) retrieved from /Users/harshittyagi/lil/de_env/lib/python3.8/site-packages/airflow/example_dags/example_bash_operator.py
[2020-12-20 04:53:36,360] {logging_mixin.py:103} INFO - [2020-12-20 04:53:36,360] {dag.py:1813} INFO - Sync 1 DAGs
[2020-12-20 04:53:36,390] {logging_mixin.py:103} INFO - [2020-12-20 04:53:36,390] {dag.py:2266} INFO - Setting next_dagrun for example_bash_operator to 2020-12-17 00:00:00+00:00
[2020-12-20 04:53:36,399] {scheduler_job.py:189} INFO - Processing /Users/harshittyagi/lil/de_env/lib/python3.8/site-packages/airflow/example_dags/example_bash_operator.py took 0.046 seconds
[2020-12-20 04:54:30,266] {scheduler_job.py:181} INFO - Started process (PID=58476) to work on /Users/harshittyagi/lil/de_env/lib/python3.8/site-packages/airflow/example_dags/example_bash_operator.py
[2020-12-20 04:54:30,266] {scheduler_job.py:629} INFO - Processing file /Users/harshittyagi/lil/de_env/lib/python3.8/site-packages/airflow/example_dags/example_bash_operator.py for tasks to queue
[2020-12-20 04:54:30,266] {logging_mixin.py:103} INFO - [2020-12-20 04:54:30,266] {dagbag.py:440} INFO - Filling up the DagBag from /Users/harshittyagi/lil/de_env/lib/python3.8/site-packages/airflow/example_dags/example_bash_operator.py
[2020-12-20 04:54:30,271] {scheduler_job.py:639} INFO - DAG(s) dict_keys(['example_bash_operator']) retrieved from /Users/harshittyagi/lil/de_env/lib/python3.8/site-packages/airflow/example_dags/example_bash_operator.py
[2020-12-20 04:54:30,272] {logging_mixin.py:103} INFO - [2020-12-20 04:54:30,272] {dag.py:1813} INFO - Sync 1 DAGs
[2020-12-20 04:54:30,302] {logging_mixin.py:103} INFO - [2020-12-20 04:54:30,302] {dag.py:2266} INFO - Setting next_dagrun for example_bash_operator to 2020-12-17 00:00:00+00:00
[2020-12-20 04:54:30,310] {scheduler_job.py:189} INFO - Processing /Users/harshittyagi/lil/de_env/lib/python3.8/site-packages/airflow/example_dags/example_bash_operator.py took 0.045 seconds
[2020-12-20 04:55:24,681] {scheduler_job.py:181} INFO - Started process (PID=58760) to work on /Users/harshittyagi/lil/de_env/lib/python3.8/site-packages/airflow/example_dags/example_bash_operator.py
[2020-12-20 04:55:24,681] {scheduler_job.py:629} INFO - Processing file /Users/harshittyagi/lil/de_env/lib/python3.8/site-packages/airflow/example_dags/example_bash_operator.py for tasks to queue
[2020-12-20 04:55:24,681] {logging_mixin.py:103} INFO - [2020-12-20 04:55:24,681] {dagbag.py:440} INFO - Filling up the DagBag from /Users/harshittyagi/lil/de_env/lib/python3.8/site-packages/airflow/example_dags/example_bash_operator.py
[2020-12-20 04:55:24,687] {scheduler_job.py:639} INFO - DAG(s) dict_keys(['example_bash_operator']) retrieved from /Users/harshittyagi/lil/de_env/lib/python3.8/site-packages/airflow/example_dags/example_bash_operator.py
[2020-12-20 04:55:24,687] {logging_mixin.py:103} INFO - [2020-12-20 04:55:24,687] {dag.py:1813} INFO - Sync 1 DAGs
[2020-12-20 04:55:24,720] {logging_mixin.py:103} INFO - [2020-12-20 04:55:24,720] {dag.py:2266} INFO - Setting next_dagrun for example_bash_operator to 2020-12-17 00:00:00+00:00
[2020-12-20 04:55:24,728] {scheduler_job.py:189} INFO - Processing /Users/harshittyagi/lil/de_env/lib/python3.8/site-packages/airflow/example_dags/example_bash_operator.py took 0.048 seconds
[2020-12-20 04:56:18,619] {scheduler_job.py:181} INFO - Started process (PID=59041) to work on /Users/harshittyagi/lil/de_env/lib/python3.8/site-packages/airflow/example_dags/example_bash_operator.py
[2020-12-20 04:56:18,619] {scheduler_job.py:629} INFO - Processing file /Users/harshittyagi/lil/de_env/lib/python3.8/site-packages/airflow/example_dags/example_bash_operator.py for tasks to queue
[2020-12-20 04:56:18,619] {logging_mixin.py:103} INFO - [2020-12-20 04:56:18,619] {dagbag.py:440} INFO - Filling up the DagBag from /Users/harshittyagi/lil/de_env/lib/python3.8/site-packages/airflow/example_dags/example_bash_operator.py
[2020-12-20 04:56:18,624] {scheduler_job.py:639} INFO - DAG(s) dict_keys(['example_bash_operator']) retrieved from /Users/harshittyagi/lil/de_env/lib/python3.8/site-packages/airflow/example_dags/example_bash_operator.py
[2020-12-20 04:56:18,624] {logging_mixin.py:103} INFO - [2020-12-20 04:56:18,624] {dag.py:1813} INFO - Sync 1 DAGs
[2020-12-20 04:56:18,653] {logging_mixin.py:103} INFO - [2020-12-20 04:56:18,653] {dag.py:2266} INFO - Setting next_dagrun for example_bash_operator to 2020-12-17 00:00:00+00:00
[2020-12-20 04:56:18,661] {scheduler_job.py:189} INFO - Processing /Users/harshittyagi/lil/de_env/lib/python3.8/site-packages/airflow/example_dags/example_bash_operator.py took 0.043 seconds
[2020-12-20 04:57:12,516] {scheduler_job.py:181} INFO - Started process (PID=59323) to work on /Users/harshittyagi/lil/de_env/lib/python3.8/site-packages/airflow/example_dags/example_bash_operator.py
[2020-12-20 04:57:12,516] {scheduler_job.py:629} INFO - Processing file /Users/harshittyagi/lil/de_env/lib/python3.8/site-packages/airflow/example_dags/example_bash_operator.py for tasks to queue
[2020-12-20 04:57:12,516] {logging_mixin.py:103} INFO - [2020-12-20 04:57:12,516] {dagbag.py:440} INFO - Filling up the DagBag from /Users/harshittyagi/lil/de_env/lib/python3.8/site-packages/airflow/example_dags/example_bash_operator.py
[2020-12-20 04:57:12,521] {scheduler_job.py:639} INFO - DAG(s) dict_keys(['example_bash_operator']) retrieved from /Users/harshittyagi/lil/de_env/lib/python3.8/site-packages/airflow/example_dags/example_bash_operator.py
[2020-12-20 04:57:12,522] {logging_mixin.py:103} INFO - [2020-12-20 04:57:12,522] {dag.py:1813} INFO - Sync 1 DAGs
[2020-12-20 04:57:12,551] {logging_mixin.py:103} INFO - [2020-12-20 04:57:12,551] {dag.py:2266} INFO - Setting next_dagrun for example_bash_operator to 2020-12-17 00:00:00+00:00
[2020-12-20 04:57:12,559] {scheduler_job.py:189} INFO - Processing /Users/harshittyagi/lil/de_env/lib/python3.8/site-packages/airflow/example_dags/example_bash_operator.py took 0.043 seconds
[2020-12-20 04:58:06,266] {scheduler_job.py:181} INFO - Started process (PID=59607) to work on /Users/harshittyagi/lil/de_env/lib/python3.8/site-packages/airflow/example_dags/example_bash_operator.py
[2020-12-20 04:58:06,266] {scheduler_job.py:629} INFO - Processing file /Users/harshittyagi/lil/de_env/lib/python3.8/site-packages/airflow/example_dags/example_bash_operator.py for tasks to queue
[2020-12-20 04:58:06,267] {logging_mixin.py:103} INFO - [2020-12-20 04:58:06,266] {dagbag.py:440} INFO - Filling up the DagBag from /Users/harshittyagi/lil/de_env/lib/python3.8/site-packages/airflow/example_dags/example_bash_operator.py
[2020-12-20 04:58:06,272] {scheduler_job.py:639} INFO - DAG(s) dict_keys(['example_bash_operator']) retrieved from /Users/harshittyagi/lil/de_env/lib/python3.8/site-packages/airflow/example_dags/example_bash_operator.py
[2020-12-20 04:58:06,272] {logging_mixin.py:103} INFO - [2020-12-20 04:58:06,272] {dag.py:1813} INFO - Sync 1 DAGs
[2020-12-20 04:58:06,301] {logging_mixin.py:103} INFO - [2020-12-20 04:58:06,301] {dag.py:2266} INFO - Setting next_dagrun for example_bash_operator to 2020-12-17 00:00:00+00:00
[2020-12-20 04:58:06,309] {scheduler_job.py:189} INFO - Processing /Users/harshittyagi/lil/de_env/lib/python3.8/site-packages/airflow/example_dags/example_bash_operator.py took 0.043 seconds
[2020-12-20 04:59:00,186] {scheduler_job.py:181} INFO - Started process (PID=59888) to work on /Users/harshittyagi/lil/de_env/lib/python3.8/site-packages/airflow/example_dags/example_bash_operator.py
[2020-12-20 04:59:00,186] {scheduler_job.py:629} INFO - Processing file /Users/harshittyagi/lil/de_env/lib/python3.8/site-packages/airflow/example_dags/example_bash_operator.py for tasks to queue
[2020-12-20 04:59:00,186] {logging_mixin.py:103} INFO - [2020-12-20 04:59:00,186] {dagbag.py:440} INFO - Filling up the DagBag from /Users/harshittyagi/lil/de_env/lib/python3.8/site-packages/airflow/example_dags/example_bash_operator.py
[2020-12-20 04:59:00,191] {scheduler_job.py:639} INFO - DAG(s) dict_keys(['example_bash_operator']) retrieved from /Users/harshittyagi/lil/de_env/lib/python3.8/site-packages/airflow/example_dags/example_bash_operator.py
[2020-12-20 04:59:00,192] {logging_mixin.py:103} INFO - [2020-12-20 04:59:00,192] {dag.py:1813} INFO - Sync 1 DAGs
[2020-12-20 04:59:00,224] {logging_mixin.py:103} INFO - [2020-12-20 04:59:00,224] {dag.py:2266} INFO - Setting next_dagrun for example_bash_operator to 2020-12-17 00:00:00+00:00
[2020-12-20 04:59:00,233] {scheduler_job.py:189} INFO - Processing /Users/harshittyagi/lil/de_env/lib/python3.8/site-packages/airflow/example_dags/example_bash_operator.py took 0.048 seconds
[2020-12-20 04:59:54,239] {scheduler_job.py:181} INFO - Started process (PID=60170) to work on /Users/harshittyagi/lil/de_env/lib/python3.8/site-packages/airflow/example_dags/example_bash_operator.py
[2020-12-20 04:59:54,239] {scheduler_job.py:629} INFO - Processing file /Users/harshittyagi/lil/de_env/lib/python3.8/site-packages/airflow/example_dags/example_bash_operator.py for tasks to queue
[2020-12-20 04:59:54,240] {logging_mixin.py:103} INFO - [2020-12-20 04:59:54,239] {dagbag.py:440} INFO - Filling up the DagBag from /Users/harshittyagi/lil/de_env/lib/python3.8/site-packages/airflow/example_dags/example_bash_operator.py
[2020-12-20 04:59:54,245] {scheduler_job.py:639} INFO - DAG(s) dict_keys(['example_bash_operator']) retrieved from /Users/harshittyagi/lil/de_env/lib/python3.8/site-packages/airflow/example_dags/example_bash_operator.py
[2020-12-20 04:59:54,245] {logging_mixin.py:103} INFO - [2020-12-20 04:59:54,245] {dag.py:1813} INFO - Sync 1 DAGs
[2020-12-20 04:59:54,274] {logging_mixin.py:103} INFO - [2020-12-20 04:59:54,274] {dag.py:2266} INFO - Setting next_dagrun for example_bash_operator to 2020-12-17 00:00:00+00:00
[2020-12-20 04:59:54,281] {scheduler_job.py:189} INFO - Processing /Users/harshittyagi/lil/de_env/lib/python3.8/site-packages/airflow/example_dags/example_bash_operator.py took 0.043 seconds
[2020-12-20 05:00:48,280] {scheduler_job.py:181} INFO - Started process (PID=60458) to work on /Users/harshittyagi/lil/de_env/lib/python3.8/site-packages/airflow/example_dags/example_bash_operator.py
[2020-12-20 05:00:48,280] {scheduler_job.py:629} INFO - Processing file /Users/harshittyagi/lil/de_env/lib/python3.8/site-packages/airflow/example_dags/example_bash_operator.py for tasks to queue
[2020-12-20 05:00:48,281] {logging_mixin.py:103} INFO - [2020-12-20 05:00:48,280] {dagbag.py:440} INFO - Filling up the DagBag from /Users/harshittyagi/lil/de_env/lib/python3.8/site-packages/airflow/example_dags/example_bash_operator.py
[2020-12-20 05:00:48,287] {scheduler_job.py:639} INFO - DAG(s) dict_keys(['example_bash_operator']) retrieved from /Users/harshittyagi/lil/de_env/lib/python3.8/site-packages/airflow/example_dags/example_bash_operator.py
[2020-12-20 05:00:48,287] {logging_mixin.py:103} INFO - [2020-12-20 05:00:48,287] {dag.py:1813} INFO - Sync 1 DAGs
[2020-12-20 05:00:48,318] {logging_mixin.py:103} INFO - [2020-12-20 05:00:48,318] {dag.py:2266} INFO - Setting next_dagrun for example_bash_operator to 2020-12-17 00:00:00+00:00
[2020-12-20 05:00:48,325] {scheduler_job.py:189} INFO - Processing /Users/harshittyagi/lil/de_env/lib/python3.8/site-packages/airflow/example_dags/example_bash_operator.py took 0.046 seconds
[2020-12-20 05:01:40,831] {scheduler_job.py:181} INFO - Started process (PID=60740) to work on /Users/harshittyagi/lil/de_env/lib/python3.8/site-packages/airflow/example_dags/example_bash_operator.py
[2020-12-20 05:01:40,832] {scheduler_job.py:629} INFO - Processing file /Users/harshittyagi/lil/de_env/lib/python3.8/site-packages/airflow/example_dags/example_bash_operator.py for tasks to queue
[2020-12-20 05:01:40,832] {logging_mixin.py:103} INFO - [2020-12-20 05:01:40,832] {dagbag.py:440} INFO - Filling up the DagBag from /Users/harshittyagi/lil/de_env/lib/python3.8/site-packages/airflow/example_dags/example_bash_operator.py
[2020-12-20 05:01:40,839] {scheduler_job.py:639} INFO - DAG(s) dict_keys(['example_bash_operator']) retrieved from /Users/harshittyagi/lil/de_env/lib/python3.8/site-packages/airflow/example_dags/example_bash_operator.py
[2020-12-20 05:01:40,839] {logging_mixin.py:103} INFO - [2020-12-20 05:01:40,839] {dag.py:1813} INFO - Sync 1 DAGs
[2020-12-20 05:01:40,871] {logging_mixin.py:103} INFO - [2020-12-20 05:01:40,871] {dag.py:2266} INFO - Setting next_dagrun for example_bash_operator to 2020-12-17 00:00:00+00:00
[2020-12-20 05:01:40,879] {scheduler_job.py:189} INFO - Processing /Users/harshittyagi/lil/de_env/lib/python3.8/site-packages/airflow/example_dags/example_bash_operator.py took 0.048 seconds
[2020-12-20 05:02:34,025] {scheduler_job.py:181} INFO - Started process (PID=61032) to work on /Users/harshittyagi/lil/de_env/lib/python3.8/site-packages/airflow/example_dags/example_bash_operator.py
[2020-12-20 05:02:34,025] {scheduler_job.py:629} INFO - Processing file /Users/harshittyagi/lil/de_env/lib/python3.8/site-packages/airflow/example_dags/example_bash_operator.py for tasks to queue
[2020-12-20 05:02:34,025] {logging_mixin.py:103} INFO - [2020-12-20 05:02:34,025] {dagbag.py:440} INFO - Filling up the DagBag from /Users/harshittyagi/lil/de_env/lib/python3.8/site-packages/airflow/example_dags/example_bash_operator.py
[2020-12-20 05:02:34,030] {scheduler_job.py:639} INFO - DAG(s) dict_keys(['example_bash_operator']) retrieved from /Users/harshittyagi/lil/de_env/lib/python3.8/site-packages/airflow/example_dags/example_bash_operator.py
[2020-12-20 05:02:34,031] {logging_mixin.py:103} INFO - [2020-12-20 05:02:34,031] {dag.py:1813} INFO - Sync 1 DAGs
[2020-12-20 05:02:34,060] {logging_mixin.py:103} INFO - [2020-12-20 05:02:34,060] {dag.py:2266} INFO - Setting next_dagrun for example_bash_operator to 2020-12-17 00:00:00+00:00
[2020-12-20 05:02:34,067] {scheduler_job.py:189} INFO - Processing /Users/harshittyagi/lil/de_env/lib/python3.8/site-packages/airflow/example_dags/example_bash_operator.py took 0.043 seconds
[2020-12-20 05:03:28,129] {scheduler_job.py:181} INFO - Started process (PID=61316) to work on /Users/harshittyagi/lil/de_env/lib/python3.8/site-packages/airflow/example_dags/example_bash_operator.py
[2020-12-20 05:03:28,130] {scheduler_job.py:629} INFO - Processing file /Users/harshittyagi/lil/de_env/lib/python3.8/site-packages/airflow/example_dags/example_bash_operator.py for tasks to queue
[2020-12-20 05:03:28,130] {logging_mixin.py:103} INFO - [2020-12-20 05:03:28,130] {dagbag.py:440} INFO - Filling up the DagBag from /Users/harshittyagi/lil/de_env/lib/python3.8/site-packages/airflow/example_dags/example_bash_operator.py
[2020-12-20 05:03:28,136] {scheduler_job.py:639} INFO - DAG(s) dict_keys(['example_bash_operator']) retrieved from /Users/harshittyagi/lil/de_env/lib/python3.8/site-packages/airflow/example_dags/example_bash_operator.py
[2020-12-20 05:03:28,136] {logging_mixin.py:103} INFO - [2020-12-20 05:03:28,136] {dag.py:1813} INFO - Sync 1 DAGs
[2020-12-20 05:03:28,165] {logging_mixin.py:103} INFO - [2020-12-20 05:03:28,164] {dag.py:2266} INFO - Setting next_dagrun for example_bash_operator to 2020-12-17 00:00:00+00:00
[2020-12-20 05:03:28,173] {scheduler_job.py:189} INFO - Processing /Users/harshittyagi/lil/de_env/lib/python3.8/site-packages/airflow/example_dags/example_bash_operator.py took 0.044 seconds
[2020-12-20 05:04:22,219] {scheduler_job.py:181} INFO - Started process (PID=61601) to work on /Users/harshittyagi/lil/de_env/lib/python3.8/site-packages/airflow/example_dags/example_bash_operator.py
[2020-12-20 05:04:22,219] {scheduler_job.py:629} INFO - Processing file /Users/harshittyagi/lil/de_env/lib/python3.8/site-packages/airflow/example_dags/example_bash_operator.py for tasks to queue
[2020-12-20 05:04:22,220] {logging_mixin.py:103} INFO - [2020-12-20 05:04:22,219] {dagbag.py:440} INFO - Filling up the DagBag from /Users/harshittyagi/lil/de_env/lib/python3.8/site-packages/airflow/example_dags/example_bash_operator.py
[2020-12-20 05:04:22,224] {scheduler_job.py:639} INFO - DAG(s) dict_keys(['example_bash_operator']) retrieved from /Users/harshittyagi/lil/de_env/lib/python3.8/site-packages/airflow/example_dags/example_bash_operator.py
[2020-12-20 05:04:22,225] {logging_mixin.py:103} INFO - [2020-12-20 05:04:22,225] {dag.py:1813} INFO - Sync 1 DAGs
[2020-12-20 05:04:22,253] {logging_mixin.py:103} INFO - [2020-12-20 05:04:22,253] {dag.py:2266} INFO - Setting next_dagrun for example_bash_operator to 2020-12-17 00:00:00+00:00
[2020-12-20 05:04:22,261] {scheduler_job.py:189} INFO - Processing /Users/harshittyagi/lil/de_env/lib/python3.8/site-packages/airflow/example_dags/example_bash_operator.py took 0.042 seconds
[2020-12-20 05:05:15,897] {scheduler_job.py:181} INFO - Started process (PID=61887) to work on /Users/harshittyagi/lil/de_env/lib/python3.8/site-packages/airflow/example_dags/example_bash_operator.py
[2020-12-20 05:05:15,898] {scheduler_job.py:629} INFO - Processing file /Users/harshittyagi/lil/de_env/lib/python3.8/site-packages/airflow/example_dags/example_bash_operator.py for tasks to queue
[2020-12-20 05:05:15,898] {logging_mixin.py:103} INFO - [2020-12-20 05:05:15,898] {dagbag.py:440} INFO - Filling up the DagBag from /Users/harshittyagi/lil/de_env/lib/python3.8/site-packages/airflow/example_dags/example_bash_operator.py
[2020-12-20 05:05:15,903] {scheduler_job.py:639} INFO - DAG(s) dict_keys(['example_bash_operator']) retrieved from /Users/harshittyagi/lil/de_env/lib/python3.8/site-packages/airflow/example_dags/example_bash_operator.py
[2020-12-20 05:05:15,903] {logging_mixin.py:103} INFO - [2020-12-20 05:05:15,903] {dag.py:1813} INFO - Sync 1 DAGs
[2020-12-20 05:05:15,932] {logging_mixin.py:103} INFO - [2020-12-20 05:05:15,932] {dag.py:2266} INFO - Setting next_dagrun for example_bash_operator to 2020-12-17 00:00:00+00:00
[2020-12-20 05:05:15,940] {scheduler_job.py:189} INFO - Processing /Users/harshittyagi/lil/de_env/lib/python3.8/site-packages/airflow/example_dags/example_bash_operator.py took 0.043 seconds
[2020-12-20 05:06:10,053] {scheduler_job.py:181} INFO - Started process (PID=62171) to work on /Users/harshittyagi/lil/de_env/lib/python3.8/site-packages/airflow/example_dags/example_bash_operator.py
[2020-12-20 05:06:10,053] {scheduler_job.py:629} INFO - Processing file /Users/harshittyagi/lil/de_env/lib/python3.8/site-packages/airflow/example_dags/example_bash_operator.py for tasks to queue
[2020-12-20 05:06:10,054] {logging_mixin.py:103} INFO - [2020-12-20 05:06:10,054] {dagbag.py:440} INFO - Filling up the DagBag from /Users/harshittyagi/lil/de_env/lib/python3.8/site-packages/airflow/example_dags/example_bash_operator.py
[2020-12-20 05:06:10,059] {scheduler_job.py:639} INFO - DAG(s) dict_keys(['example_bash_operator']) retrieved from /Users/harshittyagi/lil/de_env/lib/python3.8/site-packages/airflow/example_dags/example_bash_operator.py
[2020-12-20 05:06:10,060] {logging_mixin.py:103} INFO - [2020-12-20 05:06:10,059] {dag.py:1813} INFO - Sync 1 DAGs
[2020-12-20 05:06:10,089] {logging_mixin.py:103} INFO - [2020-12-20 05:06:10,089] {dag.py:2266} INFO - Setting next_dagrun for example_bash_operator to 2020-12-17 00:00:00+00:00
[2020-12-20 05:06:10,097] {scheduler_job.py:189} INFO - Processing /Users/harshittyagi/lil/de_env/lib/python3.8/site-packages/airflow/example_dags/example_bash_operator.py took 0.044 seconds
[2020-12-20 05:07:03,717] {scheduler_job.py:181} INFO - Started process (PID=62453) to work on /Users/harshittyagi/lil/de_env/lib/python3.8/site-packages/airflow/example_dags/example_bash_operator.py
[2020-12-20 05:07:03,717] {scheduler_job.py:629} INFO - Processing file /Users/harshittyagi/lil/de_env/lib/python3.8/site-packages/airflow/example_dags/example_bash_operator.py for tasks to queue
[2020-12-20 05:07:03,718] {logging_mixin.py:103} INFO - [2020-12-20 05:07:03,717] {dagbag.py:440} INFO - Filling up the DagBag from /Users/harshittyagi/lil/de_env/lib/python3.8/site-packages/airflow/example_dags/example_bash_operator.py
[2020-12-20 05:07:03,724] {scheduler_job.py:639} INFO - DAG(s) dict_keys(['example_bash_operator']) retrieved from /Users/harshittyagi/lil/de_env/lib/python3.8/site-packages/airflow/example_dags/example_bash_operator.py
[2020-12-20 05:07:03,724] {logging_mixin.py:103} INFO - [2020-12-20 05:07:03,724] {dag.py:1813} INFO - Sync 1 DAGs
[2020-12-20 05:07:03,758] {logging_mixin.py:103} INFO - [2020-12-20 05:07:03,758] {dag.py:2266} INFO - Setting next_dagrun for example_bash_operator to 2020-12-17 00:00:00+00:00
[2020-12-20 05:07:03,767] {scheduler_job.py:189} INFO - Processing /Users/harshittyagi/lil/de_env/lib/python3.8/site-packages/airflow/example_dags/example_bash_operator.py took 0.050 seconds
[2020-12-20 05:07:58,132] {scheduler_job.py:181} INFO - Started process (PID=62741) to work on /Users/harshittyagi/lil/de_env/lib/python3.8/site-packages/airflow/example_dags/example_bash_operator.py
[2020-12-20 05:07:58,132] {scheduler_job.py:629} INFO - Processing file /Users/harshittyagi/lil/de_env/lib/python3.8/site-packages/airflow/example_dags/example_bash_operator.py for tasks to queue
[2020-12-20 05:07:58,132] {logging_mixin.py:103} INFO - [2020-12-20 05:07:58,132] {dagbag.py:440} INFO - Filling up the DagBag from /Users/harshittyagi/lil/de_env/lib/python3.8/site-packages/airflow/example_dags/example_bash_operator.py
[2020-12-20 05:07:58,139] {scheduler_job.py:639} INFO - DAG(s) dict_keys(['example_bash_operator']) retrieved from /Users/harshittyagi/lil/de_env/lib/python3.8/site-packages/airflow/example_dags/example_bash_operator.py
[2020-12-20 05:07:58,139] {logging_mixin.py:103} INFO - [2020-12-20 05:07:58,139] {dag.py:1813} INFO - Sync 1 DAGs
[2020-12-20 05:07:58,173] {logging_mixin.py:103} INFO - [2020-12-20 05:07:58,173] {dag.py:2266} INFO - Setting next_dagrun for example_bash_operator to 2020-12-17 00:00:00+00:00
[2020-12-20 05:07:58,184] {scheduler_job.py:189} INFO - Processing /Users/harshittyagi/lil/de_env/lib/python3.8/site-packages/airflow/example_dags/example_bash_operator.py took 0.053 seconds
[2020-12-20 05:08:52,729] {scheduler_job.py:181} INFO - Started process (PID=63028) to work on /Users/harshittyagi/lil/de_env/lib/python3.8/site-packages/airflow/example_dags/example_bash_operator.py
[2020-12-20 05:08:52,730] {scheduler_job.py:629} INFO - Processing file /Users/harshittyagi/lil/de_env/lib/python3.8/site-packages/airflow/example_dags/example_bash_operator.py for tasks to queue
[2020-12-20 05:08:52,730] {logging_mixin.py:103} INFO - [2020-12-20 05:08:52,730] {dagbag.py:440} INFO - Filling up the DagBag from /Users/harshittyagi/lil/de_env/lib/python3.8/site-packages/airflow/example_dags/example_bash_operator.py
[2020-12-20 05:08:52,736] {scheduler_job.py:639} INFO - DAG(s) dict_keys(['example_bash_operator']) retrieved from /Users/harshittyagi/lil/de_env/lib/python3.8/site-packages/airflow/example_dags/example_bash_operator.py
[2020-12-20 05:08:52,737] {logging_mixin.py:103} INFO - [2020-12-20 05:08:52,737] {dag.py:1813} INFO - Sync 1 DAGs
[2020-12-20 05:08:52,771] {logging_mixin.py:103} INFO - [2020-12-20 05:08:52,771] {dag.py:2266} INFO - Setting next_dagrun for example_bash_operator to 2020-12-17 00:00:00+00:00
[2020-12-20 05:08:52,780] {scheduler_job.py:189} INFO - Processing /Users/harshittyagi/lil/de_env/lib/python3.8/site-packages/airflow/example_dags/example_bash_operator.py took 0.051 seconds
[2020-12-20 05:09:47,237] {scheduler_job.py:181} INFO - Started process (PID=63314) to work on /Users/harshittyagi/lil/de_env/lib/python3.8/site-packages/airflow/example_dags/example_bash_operator.py
[2020-12-20 05:09:47,238] {scheduler_job.py:629} INFO - Processing file /Users/harshittyagi/lil/de_env/lib/python3.8/site-packages/airflow/example_dags/example_bash_operator.py for tasks to queue
[2020-12-20 05:09:47,238] {logging_mixin.py:103} INFO - [2020-12-20 05:09:47,238] {dagbag.py:440} INFO - Filling up the DagBag from /Users/harshittyagi/lil/de_env/lib/python3.8/site-packages/airflow/example_dags/example_bash_operator.py
[2020-12-20 05:09:47,244] {scheduler_job.py:639} INFO - DAG(s) dict_keys(['example_bash_operator']) retrieved from /Users/harshittyagi/lil/de_env/lib/python3.8/site-packages/airflow/example_dags/example_bash_operator.py
[2020-12-20 05:09:47,244] {logging_mixin.py:103} INFO - [2020-12-20 05:09:47,244] {dag.py:1813} INFO - Sync 1 DAGs
[2020-12-20 05:09:47,274] {logging_mixin.py:103} INFO - [2020-12-20 05:09:47,274] {dag.py:2266} INFO - Setting next_dagrun for example_bash_operator to 2020-12-17 00:00:00+00:00
[2020-12-20 05:09:47,282] {scheduler_job.py:189} INFO - Processing /Users/harshittyagi/lil/de_env/lib/python3.8/site-packages/airflow/example_dags/example_bash_operator.py took 0.045 seconds
[2020-12-20 05:10:41,093] {scheduler_job.py:181} INFO - Started process (PID=63599) to work on /Users/harshittyagi/lil/de_env/lib/python3.8/site-packages/airflow/example_dags/example_bash_operator.py
[2020-12-20 05:10:41,094] {scheduler_job.py:629} INFO - Processing file /Users/harshittyagi/lil/de_env/lib/python3.8/site-packages/airflow/example_dags/example_bash_operator.py for tasks to queue
[2020-12-20 05:10:41,094] {logging_mixin.py:103} INFO - [2020-12-20 05:10:41,094] {dagbag.py:440} INFO - Filling up the DagBag from /Users/harshittyagi/lil/de_env/lib/python3.8/site-packages/airflow/example_dags/example_bash_operator.py
[2020-12-20 05:10:41,099] {scheduler_job.py:639} INFO - DAG(s) dict_keys(['example_bash_operator']) retrieved from /Users/harshittyagi/lil/de_env/lib/python3.8/site-packages/airflow/example_dags/example_bash_operator.py
[2020-12-20 05:10:41,100] {logging_mixin.py:103} INFO - [2020-12-20 05:10:41,099] {dag.py:1813} INFO - Sync 1 DAGs
[2020-12-20 05:10:41,129] {logging_mixin.py:103} INFO - [2020-12-20 05:10:41,129] {dag.py:2266} INFO - Setting next_dagrun for example_bash_operator to 2020-12-17 00:00:00+00:00
[2020-12-20 05:10:41,137] {scheduler_job.py:189} INFO - Processing /Users/harshittyagi/lil/de_env/lib/python3.8/site-packages/airflow/example_dags/example_bash_operator.py took 0.044 seconds
[2020-12-20 05:11:35,124] {scheduler_job.py:181} INFO - Started process (PID=63884) to work on /Users/harshittyagi/lil/de_env/lib/python3.8/site-packages/airflow/example_dags/example_bash_operator.py
[2020-12-20 05:11:35,124] {scheduler_job.py:629} INFO - Processing file /Users/harshittyagi/lil/de_env/lib/python3.8/site-packages/airflow/example_dags/example_bash_operator.py for tasks to queue
[2020-12-20 05:11:35,125] {logging_mixin.py:103} INFO - [2020-12-20 05:11:35,125] {dagbag.py:440} INFO - Filling up the DagBag from /Users/harshittyagi/lil/de_env/lib/python3.8/site-packages/airflow/example_dags/example_bash_operator.py
[2020-12-20 05:11:35,130] {scheduler_job.py:639} INFO - DAG(s) dict_keys(['example_bash_operator']) retrieved from /Users/harshittyagi/lil/de_env/lib/python3.8/site-packages/airflow/example_dags/example_bash_operator.py
[2020-12-20 05:11:35,130] {logging_mixin.py:103} INFO - [2020-12-20 05:11:35,130] {dag.py:1813} INFO - Sync 1 DAGs
[2020-12-20 05:11:35,159] {logging_mixin.py:103} INFO - [2020-12-20 05:11:35,159] {dag.py:2266} INFO - Setting next_dagrun for example_bash_operator to 2020-12-17 00:00:00+00:00
[2020-12-20 05:11:35,167] {scheduler_job.py:189} INFO - Processing /Users/harshittyagi/lil/de_env/lib/python3.8/site-packages/airflow/example_dags/example_bash_operator.py took 0.043 seconds
[2020-12-20 05:12:26,604] {scheduler_job.py:181} INFO - Started process (PID=64168) to work on /Users/harshittyagi/lil/de_env/lib/python3.8/site-packages/airflow/example_dags/example_bash_operator.py
[2020-12-20 05:12:26,605] {scheduler_job.py:629} INFO - Processing file /Users/harshittyagi/lil/de_env/lib/python3.8/site-packages/airflow/example_dags/example_bash_operator.py for tasks to queue
[2020-12-20 05:12:26,605] {logging_mixin.py:103} INFO - [2020-12-20 05:12:26,605] {dagbag.py:440} INFO - Filling up the DagBag from /Users/harshittyagi/lil/de_env/lib/python3.8/site-packages/airflow/example_dags/example_bash_operator.py
[2020-12-20 05:12:26,610] {scheduler_job.py:639} INFO - DAG(s) dict_keys(['example_bash_operator']) retrieved from /Users/harshittyagi/lil/de_env/lib/python3.8/site-packages/airflow/example_dags/example_bash_operator.py
[2020-12-20 05:12:26,610] {logging_mixin.py:103} INFO - [2020-12-20 05:12:26,610] {dag.py:1813} INFO - Sync 1 DAGs
[2020-12-20 05:12:26,641] {logging_mixin.py:103} INFO - [2020-12-20 05:12:26,641] {dag.py:2266} INFO - Setting next_dagrun for example_bash_operator to 2020-12-17 00:00:00+00:00
[2020-12-20 05:12:26,651] {scheduler_job.py:189} INFO - Processing /Users/harshittyagi/lil/de_env/lib/python3.8/site-packages/airflow/example_dags/example_bash_operator.py took 0.048 seconds
[2020-12-20 05:13:20,404] {scheduler_job.py:181} INFO - Started process (PID=64449) to work on /Users/harshittyagi/lil/de_env/lib/python3.8/site-packages/airflow/example_dags/example_bash_operator.py
[2020-12-20 05:13:20,404] {scheduler_job.py:629} INFO - Processing file /Users/harshittyagi/lil/de_env/lib/python3.8/site-packages/airflow/example_dags/example_bash_operator.py for tasks to queue
[2020-12-20 05:13:20,404] {logging_mixin.py:103} INFO - [2020-12-20 05:13:20,404] {dagbag.py:440} INFO - Filling up the DagBag from /Users/harshittyagi/lil/de_env/lib/python3.8/site-packages/airflow/example_dags/example_bash_operator.py
[2020-12-20 05:13:20,409] {scheduler_job.py:639} INFO - DAG(s) dict_keys(['example_bash_operator']) retrieved from /Users/harshittyagi/lil/de_env/lib/python3.8/site-packages/airflow/example_dags/example_bash_operator.py
[2020-12-20 05:13:20,410] {logging_mixin.py:103} INFO - [2020-12-20 05:13:20,410] {dag.py:1813} INFO - Sync 1 DAGs
[2020-12-20 05:13:20,438] {logging_mixin.py:103} INFO - [2020-12-20 05:13:20,438] {dag.py:2266} INFO - Setting next_dagrun for example_bash_operator to 2020-12-17 00:00:00+00:00
[2020-12-20 05:13:20,446] {scheduler_job.py:189} INFO - Processing /Users/harshittyagi/lil/de_env/lib/python3.8/site-packages/airflow/example_dags/example_bash_operator.py took 0.042 seconds
[2020-12-20 05:14:14,243] {scheduler_job.py:181} INFO - Started process (PID=64733) to work on /Users/harshittyagi/lil/de_env/lib/python3.8/site-packages/airflow/example_dags/example_bash_operator.py
[2020-12-20 05:14:14,243] {scheduler_job.py:629} INFO - Processing file /Users/harshittyagi/lil/de_env/lib/python3.8/site-packages/airflow/example_dags/example_bash_operator.py for tasks to queue
[2020-12-20 05:14:14,243] {logging_mixin.py:103} INFO - [2020-12-20 05:14:14,243] {dagbag.py:440} INFO - Filling up the DagBag from /Users/harshittyagi/lil/de_env/lib/python3.8/site-packages/airflow/example_dags/example_bash_operator.py
[2020-12-20 05:14:14,248] {scheduler_job.py:639} INFO - DAG(s) dict_keys(['example_bash_operator']) retrieved from /Users/harshittyagi/lil/de_env/lib/python3.8/site-packages/airflow/example_dags/example_bash_operator.py
[2020-12-20 05:14:14,249] {logging_mixin.py:103} INFO - [2020-12-20 05:14:14,249] {dag.py:1813} INFO - Sync 1 DAGs
[2020-12-20 05:14:14,277] {logging_mixin.py:103} INFO - [2020-12-20 05:14:14,277] {dag.py:2266} INFO - Setting next_dagrun for example_bash_operator to 2020-12-17 00:00:00+00:00
[2020-12-20 05:14:14,285] {scheduler_job.py:189} INFO - Processing /Users/harshittyagi/lil/de_env/lib/python3.8/site-packages/airflow/example_dags/example_bash_operator.py took 0.043 seconds
[2020-12-20 05:15:07,166] {scheduler_job.py:181} INFO - Started process (PID=65019) to work on /Users/harshittyagi/lil/de_env/lib/python3.8/site-packages/airflow/example_dags/example_bash_operator.py
[2020-12-20 05:15:07,167] {scheduler_job.py:629} INFO - Processing file /Users/harshittyagi/lil/de_env/lib/python3.8/site-packages/airflow/example_dags/example_bash_operator.py for tasks to queue
[2020-12-20 05:15:07,167] {logging_mixin.py:103} INFO - [2020-12-20 05:15:07,167] {dagbag.py:440} INFO - Filling up the DagBag from /Users/harshittyagi/lil/de_env/lib/python3.8/site-packages/airflow/example_dags/example_bash_operator.py
[2020-12-20 05:15:07,173] {scheduler_job.py:639} INFO - DAG(s) dict_keys(['example_bash_operator']) retrieved from /Users/harshittyagi/lil/de_env/lib/python3.8/site-packages/airflow/example_dags/example_bash_operator.py
[2020-12-20 05:15:07,173] {logging_mixin.py:103} INFO - [2020-12-20 05:15:07,173] {dag.py:1813} INFO - Sync 1 DAGs
[2020-12-20 05:15:07,207] {logging_mixin.py:103} INFO - [2020-12-20 05:15:07,207] {dag.py:2266} INFO - Setting next_dagrun for example_bash_operator to 2020-12-17 00:00:00+00:00
[2020-12-20 05:15:07,216] {scheduler_job.py:189} INFO - Processing /Users/harshittyagi/lil/de_env/lib/python3.8/site-packages/airflow/example_dags/example_bash_operator.py took 0.050 seconds
[2020-12-20 05:15:58,976] {scheduler_job.py:181} INFO - Started process (PID=65302) to work on /Users/harshittyagi/lil/de_env/lib/python3.8/site-packages/airflow/example_dags/example_bash_operator.py
[2020-12-20 05:15:58,976] {scheduler_job.py:629} INFO - Processing file /Users/harshittyagi/lil/de_env/lib/python3.8/site-packages/airflow/example_dags/example_bash_operator.py for tasks to queue
[2020-12-20 05:15:58,976] {logging_mixin.py:103} INFO - [2020-12-20 05:15:58,976] {dagbag.py:440} INFO - Filling up the DagBag from /Users/harshittyagi/lil/de_env/lib/python3.8/site-packages/airflow/example_dags/example_bash_operator.py
[2020-12-20 05:15:58,982] {scheduler_job.py:639} INFO - DAG(s) dict_keys(['example_bash_operator']) retrieved from /Users/harshittyagi/lil/de_env/lib/python3.8/site-packages/airflow/example_dags/example_bash_operator.py
[2020-12-20 05:15:58,983] {logging_mixin.py:103} INFO - [2020-12-20 05:15:58,982] {dag.py:1813} INFO - Sync 1 DAGs
[2020-12-20 05:15:59,014] {logging_mixin.py:103} INFO - [2020-12-20 05:15:59,014] {dag.py:2266} INFO - Setting next_dagrun for example_bash_operator to 2020-12-17 00:00:00+00:00
[2020-12-20 05:15:59,021] {scheduler_job.py:189} INFO - Processing /Users/harshittyagi/lil/de_env/lib/python3.8/site-packages/airflow/example_dags/example_bash_operator.py took 0.046 seconds
[2020-12-20 05:16:53,163] {scheduler_job.py:181} INFO - Started process (PID=65585) to work on /Users/harshittyagi/lil/de_env/lib/python3.8/site-packages/airflow/example_dags/example_bash_operator.py
[2020-12-20 05:16:53,163] {scheduler_job.py:629} INFO - Processing file /Users/harshittyagi/lil/de_env/lib/python3.8/site-packages/airflow/example_dags/example_bash_operator.py for tasks to queue
[2020-12-20 05:16:53,163] {logging_mixin.py:103} INFO - [2020-12-20 05:16:53,163] {dagbag.py:440} INFO - Filling up the DagBag from /Users/harshittyagi/lil/de_env/lib/python3.8/site-packages/airflow/example_dags/example_bash_operator.py
[2020-12-20 05:16:53,170] {scheduler_job.py:639} INFO - DAG(s) dict_keys(['example_bash_operator']) retrieved from /Users/harshittyagi/lil/de_env/lib/python3.8/site-packages/airflow/example_dags/example_bash_operator.py
[2020-12-20 05:16:53,171] {logging_mixin.py:103} INFO - [2020-12-20 05:16:53,170] {dag.py:1813} INFO - Sync 1 DAGs
[2020-12-20 05:16:53,206] {logging_mixin.py:103} INFO - [2020-12-20 05:16:53,206] {dag.py:2266} INFO - Setting next_dagrun for example_bash_operator to 2020-12-17 00:00:00+00:00
[2020-12-20 05:16:53,215] {scheduler_job.py:189} INFO - Processing /Users/harshittyagi/lil/de_env/lib/python3.8/site-packages/airflow/example_dags/example_bash_operator.py took 0.053 seconds
[2020-12-20 05:17:47,021] {scheduler_job.py:181} INFO - Started process (PID=65872) to work on /Users/harshittyagi/lil/de_env/lib/python3.8/site-packages/airflow/example_dags/example_bash_operator.py
[2020-12-20 05:17:47,022] {scheduler_job.py:629} INFO - Processing file /Users/harshittyagi/lil/de_env/lib/python3.8/site-packages/airflow/example_dags/example_bash_operator.py for tasks to queue
[2020-12-20 05:17:47,022] {logging_mixin.py:103} INFO - [2020-12-20 05:17:47,022] {dagbag.py:440} INFO - Filling up the DagBag from /Users/harshittyagi/lil/de_env/lib/python3.8/site-packages/airflow/example_dags/example_bash_operator.py
[2020-12-20 05:17:47,028] {scheduler_job.py:639} INFO - DAG(s) dict_keys(['example_bash_operator']) retrieved from /Users/harshittyagi/lil/de_env/lib/python3.8/site-packages/airflow/example_dags/example_bash_operator.py
[2020-12-20 05:17:47,028] {logging_mixin.py:103} INFO - [2020-12-20 05:17:47,028] {dag.py:1813} INFO - Sync 1 DAGs
[2020-12-20 05:17:47,060] {logging_mixin.py:103} INFO - [2020-12-20 05:17:47,060] {dag.py:2266} INFO - Setting next_dagrun for example_bash_operator to 2020-12-17 00:00:00+00:00
[2020-12-20 05:17:47,068] {scheduler_job.py:189} INFO - Processing /Users/harshittyagi/lil/de_env/lib/python3.8/site-packages/airflow/example_dags/example_bash_operator.py took 0.047 seconds
[2020-12-20 05:18:42,157] {scheduler_job.py:181} INFO - Started process (PID=66157) to work on /Users/harshittyagi/lil/de_env/lib/python3.8/site-packages/airflow/example_dags/example_bash_operator.py
[2020-12-20 05:18:42,157] {scheduler_job.py:629} INFO - Processing file /Users/harshittyagi/lil/de_env/lib/python3.8/site-packages/airflow/example_dags/example_bash_operator.py for tasks to queue
[2020-12-20 05:18:42,158] {logging_mixin.py:103} INFO - [2020-12-20 05:18:42,158] {dagbag.py:440} INFO - Filling up the DagBag from /Users/harshittyagi/lil/de_env/lib/python3.8/site-packages/airflow/example_dags/example_bash_operator.py
[2020-12-20 05:18:42,166] {scheduler_job.py:639} INFO - DAG(s) dict_keys(['example_bash_operator']) retrieved from /Users/harshittyagi/lil/de_env/lib/python3.8/site-packages/airflow/example_dags/example_bash_operator.py
[2020-12-20 05:18:42,166] {logging_mixin.py:103} INFO - [2020-12-20 05:18:42,166] {dag.py:1813} INFO - Sync 1 DAGs
[2020-12-20 05:18:42,209] {logging_mixin.py:103} INFO - [2020-12-20 05:18:42,209] {dag.py:2266} INFO - Setting next_dagrun for example_bash_operator to 2020-12-17 00:00:00+00:00
[2020-12-20 05:18:42,221] {scheduler_job.py:189} INFO - Processing /Users/harshittyagi/lil/de_env/lib/python3.8/site-packages/airflow/example_dags/example_bash_operator.py took 0.064 seconds
[2020-12-20 05:19:36,941] {scheduler_job.py:181} INFO - Started process (PID=66438) to work on /Users/harshittyagi/lil/de_env/lib/python3.8/site-packages/airflow/example_dags/example_bash_operator.py
[2020-12-20 05:19:36,941] {scheduler_job.py:629} INFO - Processing file /Users/harshittyagi/lil/de_env/lib/python3.8/site-packages/airflow/example_dags/example_bash_operator.py for tasks to queue
[2020-12-20 05:19:36,941] {logging_mixin.py:103} INFO - [2020-12-20 05:19:36,941] {dagbag.py:440} INFO - Filling up the DagBag from /Users/harshittyagi/lil/de_env/lib/python3.8/site-packages/airflow/example_dags/example_bash_operator.py
[2020-12-20 05:19:36,948] {scheduler_job.py:639} INFO - DAG(s) dict_keys(['example_bash_operator']) retrieved from /Users/harshittyagi/lil/de_env/lib/python3.8/site-packages/airflow/example_dags/example_bash_operator.py
[2020-12-20 05:19:36,949] {logging_mixin.py:103} INFO - [2020-12-20 05:19:36,949] {dag.py:1813} INFO - Sync 1 DAGs
[2020-12-20 05:19:36,987] {logging_mixin.py:103} INFO - [2020-12-20 05:19:36,987] {dag.py:2266} INFO - Setting next_dagrun for example_bash_operator to 2020-12-17 00:00:00+00:00
[2020-12-20 05:19:36,998] {scheduler_job.py:189} INFO - Processing /Users/harshittyagi/lil/de_env/lib/python3.8/site-packages/airflow/example_dags/example_bash_operator.py took 0.058 seconds
[2020-12-20 05:20:34,229] {scheduler_job.py:181} INFO - Started process (PID=66740) to work on /Users/harshittyagi/lil/de_env/lib/python3.8/site-packages/airflow/example_dags/example_bash_operator.py
[2020-12-20 05:20:34,230] {scheduler_job.py:629} INFO - Processing file /Users/harshittyagi/lil/de_env/lib/python3.8/site-packages/airflow/example_dags/example_bash_operator.py for tasks to queue
[2020-12-20 05:20:34,231] {logging_mixin.py:103} INFO - [2020-12-20 05:20:34,230] {dagbag.py:440} INFO - Filling up the DagBag from /Users/harshittyagi/lil/de_env/lib/python3.8/site-packages/airflow/example_dags/example_bash_operator.py
[2020-12-20 05:20:34,237] {scheduler_job.py:639} INFO - DAG(s) dict_keys(['example_bash_operator']) retrieved from /Users/harshittyagi/lil/de_env/lib/python3.8/site-packages/airflow/example_dags/example_bash_operator.py
[2020-12-20 05:20:34,237] {logging_mixin.py:103} INFO - [2020-12-20 05:20:34,237] {dag.py:1813} INFO - Sync 1 DAGs
[2020-12-20 05:20:34,268] {logging_mixin.py:103} INFO - [2020-12-20 05:20:34,268] {dag.py:2266} INFO - Setting next_dagrun for example_bash_operator to 2020-12-17 00:00:00+00:00
[2020-12-20 05:20:34,276] {scheduler_job.py:189} INFO - Processing /Users/harshittyagi/lil/de_env/lib/python3.8/site-packages/airflow/example_dags/example_bash_operator.py took 0.048 seconds
[2020-12-20 05:21:29,689] {scheduler_job.py:181} INFO - Started process (PID=67026) to work on /Users/harshittyagi/lil/de_env/lib/python3.8/site-packages/airflow/example_dags/example_bash_operator.py
[2020-12-20 05:21:29,689] {scheduler_job.py:629} INFO - Processing file /Users/harshittyagi/lil/de_env/lib/python3.8/site-packages/airflow/example_dags/example_bash_operator.py for tasks to queue
[2020-12-20 05:21:29,690] {logging_mixin.py:103} INFO - [2020-12-20 05:21:29,689] {dagbag.py:440} INFO - Filling up the DagBag from /Users/harshittyagi/lil/de_env/lib/python3.8/site-packages/airflow/example_dags/example_bash_operator.py
[2020-12-20 05:21:29,695] {scheduler_job.py:639} INFO - DAG(s) dict_keys(['example_bash_operator']) retrieved from /Users/harshittyagi/lil/de_env/lib/python3.8/site-packages/airflow/example_dags/example_bash_operator.py
[2020-12-20 05:21:29,696] {logging_mixin.py:103} INFO - [2020-12-20 05:21:29,696] {dag.py:1813} INFO - Sync 1 DAGs
[2020-12-20 05:21:29,730] {logging_mixin.py:103} INFO - [2020-12-20 05:21:29,730] {dag.py:2266} INFO - Setting next_dagrun for example_bash_operator to 2020-12-17 00:00:00+00:00
[2020-12-20 05:21:29,739] {scheduler_job.py:189} INFO - Processing /Users/harshittyagi/lil/de_env/lib/python3.8/site-packages/airflow/example_dags/example_bash_operator.py took 0.051 seconds
[2020-12-20 05:22:24,826] {scheduler_job.py:181} INFO - Started process (PID=67311) to work on /Users/harshittyagi/lil/de_env/lib/python3.8/site-packages/airflow/example_dags/example_bash_operator.py
[2020-12-20 05:22:24,826] {scheduler_job.py:629} INFO - Processing file /Users/harshittyagi/lil/de_env/lib/python3.8/site-packages/airflow/example_dags/example_bash_operator.py for tasks to queue
[2020-12-20 05:22:24,827] {logging_mixin.py:103} INFO - [2020-12-20 05:22:24,826] {dagbag.py:440} INFO - Filling up the DagBag from /Users/harshittyagi/lil/de_env/lib/python3.8/site-packages/airflow/example_dags/example_bash_operator.py
[2020-12-20 05:22:24,832] {scheduler_job.py:639} INFO - DAG(s) dict_keys(['example_bash_operator']) retrieved from /Users/harshittyagi/lil/de_env/lib/python3.8/site-packages/airflow/example_dags/example_bash_operator.py
[2020-12-20 05:22:24,833] {logging_mixin.py:103} INFO - [2020-12-20 05:22:24,833] {dag.py:1813} INFO - Sync 1 DAGs
[2020-12-20 05:22:24,868] {logging_mixin.py:103} INFO - [2020-12-20 05:22:24,868] {dag.py:2266} INFO - Setting next_dagrun for example_bash_operator to 2020-12-17 00:00:00+00:00
[2020-12-20 05:22:24,877] {scheduler_job.py:189} INFO - Processing /Users/harshittyagi/lil/de_env/lib/python3.8/site-packages/airflow/example_dags/example_bash_operator.py took 0.052 seconds
[2020-12-20 05:23:19,937] {scheduler_job.py:181} INFO - Started process (PID=67597) to work on /Users/harshittyagi/lil/de_env/lib/python3.8/site-packages/airflow/example_dags/example_bash_operator.py
[2020-12-20 05:23:19,938] {scheduler_job.py:629} INFO - Processing file /Users/harshittyagi/lil/de_env/lib/python3.8/site-packages/airflow/example_dags/example_bash_operator.py for tasks to queue
[2020-12-20 05:23:19,938] {logging_mixin.py:103} INFO - [2020-12-20 05:23:19,938] {dagbag.py:440} INFO - Filling up the DagBag from /Users/harshittyagi/lil/de_env/lib/python3.8/site-packages/airflow/example_dags/example_bash_operator.py
[2020-12-20 05:23:19,944] {scheduler_job.py:639} INFO - DAG(s) dict_keys(['example_bash_operator']) retrieved from /Users/harshittyagi/lil/de_env/lib/python3.8/site-packages/airflow/example_dags/example_bash_operator.py
[2020-12-20 05:23:19,945] {logging_mixin.py:103} INFO - [2020-12-20 05:23:19,945] {dag.py:1813} INFO - Sync 1 DAGs
[2020-12-20 05:23:19,978] {logging_mixin.py:103} INFO - [2020-12-20 05:23:19,978] {dag.py:2266} INFO - Setting next_dagrun for example_bash_operator to 2020-12-17 00:00:00+00:00
[2020-12-20 05:23:19,987] {scheduler_job.py:189} INFO - Processing /Users/harshittyagi/lil/de_env/lib/python3.8/site-packages/airflow/example_dags/example_bash_operator.py took 0.050 seconds
[2020-12-20 05:24:15,026] {scheduler_job.py:181} INFO - Started process (PID=67887) to work on /Users/harshittyagi/lil/de_env/lib/python3.8/site-packages/airflow/example_dags/example_bash_operator.py
[2020-12-20 05:24:15,026] {scheduler_job.py:629} INFO - Processing file /Users/harshittyagi/lil/de_env/lib/python3.8/site-packages/airflow/example_dags/example_bash_operator.py for tasks to queue
[2020-12-20 05:24:15,026] {logging_mixin.py:103} INFO - [2020-12-20 05:24:15,026] {dagbag.py:440} INFO - Filling up the DagBag from /Users/harshittyagi/lil/de_env/lib/python3.8/site-packages/airflow/example_dags/example_bash_operator.py
[2020-12-20 05:24:15,031] {scheduler_job.py:639} INFO - DAG(s) dict_keys(['example_bash_operator']) retrieved from /Users/harshittyagi/lil/de_env/lib/python3.8/site-packages/airflow/example_dags/example_bash_operator.py
[2020-12-20 05:24:15,032] {logging_mixin.py:103} INFO - [2020-12-20 05:24:15,032] {dag.py:1813} INFO - Sync 1 DAGs
[2020-12-20 05:24:15,066] {logging_mixin.py:103} INFO - [2020-12-20 05:24:15,066] {dag.py:2266} INFO - Setting next_dagrun for example_bash_operator to 2020-12-17 00:00:00+00:00
[2020-12-20 05:24:15,075] {scheduler_job.py:189} INFO - Processing /Users/harshittyagi/lil/de_env/lib/python3.8/site-packages/airflow/example_dags/example_bash_operator.py took 0.050 seconds
[2020-12-20 05:25:10,130] {scheduler_job.py:181} INFO - Started process (PID=68177) to work on /Users/harshittyagi/lil/de_env/lib/python3.8/site-packages/airflow/example_dags/example_bash_operator.py
[2020-12-20 05:25:10,130] {scheduler_job.py:629} INFO - Processing file /Users/harshittyagi/lil/de_env/lib/python3.8/site-packages/airflow/example_dags/example_bash_operator.py for tasks to queue
[2020-12-20 05:25:10,130] {logging_mixin.py:103} INFO - [2020-12-20 05:25:10,130] {dagbag.py:440} INFO - Filling up the DagBag from /Users/harshittyagi/lil/de_env/lib/python3.8/site-packages/airflow/example_dags/example_bash_operator.py
[2020-12-20 05:25:10,136] {scheduler_job.py:639} INFO - DAG(s) dict_keys(['example_bash_operator']) retrieved from /Users/harshittyagi/lil/de_env/lib/python3.8/site-packages/airflow/example_dags/example_bash_operator.py
[2020-12-20 05:25:10,136] {logging_mixin.py:103} INFO - [2020-12-20 05:25:10,136] {dag.py:1813} INFO - Sync 1 DAGs
[2020-12-20 05:25:10,168] {logging_mixin.py:103} INFO - [2020-12-20 05:25:10,168] {dag.py:2266} INFO - Setting next_dagrun for example_bash_operator to 2020-12-17 00:00:00+00:00
[2020-12-20 05:25:10,177] {scheduler_job.py:189} INFO - Processing /Users/harshittyagi/lil/de_env/lib/python3.8/site-packages/airflow/example_dags/example_bash_operator.py took 0.048 seconds
[2020-12-20 05:26:05,548] {scheduler_job.py:181} INFO - Started process (PID=68459) to work on /Users/harshittyagi/lil/de_env/lib/python3.8/site-packages/airflow/example_dags/example_bash_operator.py
[2020-12-20 05:26:05,548] {scheduler_job.py:629} INFO - Processing file /Users/harshittyagi/lil/de_env/lib/python3.8/site-packages/airflow/example_dags/example_bash_operator.py for tasks to queue
[2020-12-20 05:26:05,548] {logging_mixin.py:103} INFO - [2020-12-20 05:26:05,548] {dagbag.py:440} INFO - Filling up the DagBag from /Users/harshittyagi/lil/de_env/lib/python3.8/site-packages/airflow/example_dags/example_bash_operator.py
[2020-12-20 05:26:05,554] {scheduler_job.py:639} INFO - DAG(s) dict_keys(['example_bash_operator']) retrieved from /Users/harshittyagi/lil/de_env/lib/python3.8/site-packages/airflow/example_dags/example_bash_operator.py
[2020-12-20 05:26:05,555] {logging_mixin.py:103} INFO - [2020-12-20 05:26:05,554] {dag.py:1813} INFO - Sync 1 DAGs
[2020-12-20 05:26:05,590] {logging_mixin.py:103} INFO - [2020-12-20 05:26:05,590] {dag.py:2266} INFO - Setting next_dagrun for example_bash_operator to 2020-12-17 00:00:00+00:00
[2020-12-20 05:26:05,599] {scheduler_job.py:189} INFO - Processing /Users/harshittyagi/lil/de_env/lib/python3.8/site-packages/airflow/example_dags/example_bash_operator.py took 0.052 seconds
[2020-12-20 05:27:00,346] {scheduler_job.py:181} INFO - Started process (PID=68742) to work on /Users/harshittyagi/lil/de_env/lib/python3.8/site-packages/airflow/example_dags/example_bash_operator.py
[2020-12-20 05:27:00,346] {scheduler_job.py:629} INFO - Processing file /Users/harshittyagi/lil/de_env/lib/python3.8/site-packages/airflow/example_dags/example_bash_operator.py for tasks to queue
[2020-12-20 05:27:00,347] {logging_mixin.py:103} INFO - [2020-12-20 05:27:00,347] {dagbag.py:440} INFO - Filling up the DagBag from /Users/harshittyagi/lil/de_env/lib/python3.8/site-packages/airflow/example_dags/example_bash_operator.py
[2020-12-20 05:27:00,352] {scheduler_job.py:639} INFO - DAG(s) dict_keys(['example_bash_operator']) retrieved from /Users/harshittyagi/lil/de_env/lib/python3.8/site-packages/airflow/example_dags/example_bash_operator.py
[2020-12-20 05:27:00,352] {logging_mixin.py:103} INFO - [2020-12-20 05:27:00,352] {dag.py:1813} INFO - Sync 1 DAGs
[2020-12-20 05:27:00,381] {logging_mixin.py:103} INFO - [2020-12-20 05:27:00,381] {dag.py:2266} INFO - Setting next_dagrun for example_bash_operator to 2020-12-17 00:00:00+00:00
[2020-12-20 05:27:00,389] {scheduler_job.py:189} INFO - Processing /Users/harshittyagi/lil/de_env/lib/python3.8/site-packages/airflow/example_dags/example_bash_operator.py took 0.043 seconds
[2020-12-20 05:27:57,914] {scheduler_job.py:181} INFO - Started process (PID=69031) to work on /Users/harshittyagi/lil/de_env/lib/python3.8/site-packages/airflow/example_dags/example_bash_operator.py
[2020-12-20 05:27:57,916] {scheduler_job.py:629} INFO - Processing file /Users/harshittyagi/lil/de_env/lib/python3.8/site-packages/airflow/example_dags/example_bash_operator.py for tasks to queue
[2020-12-20 05:27:57,916] {logging_mixin.py:103} INFO - [2020-12-20 05:27:57,916] {dagbag.py:440} INFO - Filling up the DagBag from /Users/harshittyagi/lil/de_env/lib/python3.8/site-packages/airflow/example_dags/example_bash_operator.py
[2020-12-20 05:27:57,922] {scheduler_job.py:639} INFO - DAG(s) dict_keys(['example_bash_operator']) retrieved from /Users/harshittyagi/lil/de_env/lib/python3.8/site-packages/airflow/example_dags/example_bash_operator.py
[2020-12-20 05:27:57,922] {logging_mixin.py:103} INFO - [2020-12-20 05:27:57,922] {dag.py:1813} INFO - Sync 1 DAGs
[2020-12-20 05:27:57,952] {logging_mixin.py:103} INFO - [2020-12-20 05:27:57,952] {dag.py:2266} INFO - Setting next_dagrun for example_bash_operator to 2020-12-17 00:00:00+00:00
[2020-12-20 05:27:57,960] {scheduler_job.py:189} INFO - Processing /Users/harshittyagi/lil/de_env/lib/python3.8/site-packages/airflow/example_dags/example_bash_operator.py took 0.046 seconds
[2020-12-20 05:28:52,136] {scheduler_job.py:181} INFO - Started process (PID=69318) to work on /Users/harshittyagi/lil/de_env/lib/python3.8/site-packages/airflow/example_dags/example_bash_operator.py
[2020-12-20 05:28:52,137] {scheduler_job.py:629} INFO - Processing file /Users/harshittyagi/lil/de_env/lib/python3.8/site-packages/airflow/example_dags/example_bash_operator.py for tasks to queue
[2020-12-20 05:28:52,137] {logging_mixin.py:103} INFO - [2020-12-20 05:28:52,137] {dagbag.py:440} INFO - Filling up the DagBag from /Users/harshittyagi/lil/de_env/lib/python3.8/site-packages/airflow/example_dags/example_bash_operator.py
[2020-12-20 05:28:52,142] {scheduler_job.py:639} INFO - DAG(s) dict_keys(['example_bash_operator']) retrieved from /Users/harshittyagi/lil/de_env/lib/python3.8/site-packages/airflow/example_dags/example_bash_operator.py
[2020-12-20 05:28:52,143] {logging_mixin.py:103} INFO - [2020-12-20 05:28:52,143] {dag.py:1813} INFO - Sync 1 DAGs
[2020-12-20 05:28:52,174] {logging_mixin.py:103} INFO - [2020-12-20 05:28:52,174] {dag.py:2266} INFO - Setting next_dagrun for example_bash_operator to 2020-12-17 00:00:00+00:00
[2020-12-20 05:28:52,183] {scheduler_job.py:189} INFO - Processing /Users/harshittyagi/lil/de_env/lib/python3.8/site-packages/airflow/example_dags/example_bash_operator.py took 0.047 seconds
[2020-12-20 05:29:46,349] {scheduler_job.py:181} INFO - Started process (PID=69601) to work on /Users/harshittyagi/lil/de_env/lib/python3.8/site-packages/airflow/example_dags/example_bash_operator.py
[2020-12-20 05:29:46,349] {scheduler_job.py:629} INFO - Processing file /Users/harshittyagi/lil/de_env/lib/python3.8/site-packages/airflow/example_dags/example_bash_operator.py for tasks to queue
[2020-12-20 05:29:46,350] {logging_mixin.py:103} INFO - [2020-12-20 05:29:46,350] {dagbag.py:440} INFO - Filling up the DagBag from /Users/harshittyagi/lil/de_env/lib/python3.8/site-packages/airflow/example_dags/example_bash_operator.py
[2020-12-20 05:29:46,355] {scheduler_job.py:639} INFO - DAG(s) dict_keys(['example_bash_operator']) retrieved from /Users/harshittyagi/lil/de_env/lib/python3.8/site-packages/airflow/example_dags/example_bash_operator.py
[2020-12-20 05:29:46,356] {logging_mixin.py:103} INFO - [2020-12-20 05:29:46,356] {dag.py:1813} INFO - Sync 1 DAGs
[2020-12-20 05:29:46,383] {logging_mixin.py:103} INFO - [2020-12-20 05:29:46,383] {dag.py:2266} INFO - Setting next_dagrun for example_bash_operator to 2020-12-17 00:00:00+00:00
[2020-12-20 05:29:46,392] {scheduler_job.py:189} INFO - Processing /Users/harshittyagi/lil/de_env/lib/python3.8/site-packages/airflow/example_dags/example_bash_operator.py took 0.043 seconds
