[2020-12-20 04:42:05,955] {scheduler_job.py:181} INFO - Started process (PID=54478) to work on /Users/harshittyagi/lil/de_env/lib/python3.8/site-packages/airflow/example_dags/example_branch_python_dop_operator_3.py
[2020-12-20 04:42:05,955] {scheduler_job.py:629} INFO - Processing file /Users/harshittyagi/lil/de_env/lib/python3.8/site-packages/airflow/example_dags/example_branch_python_dop_operator_3.py for tasks to queue
[2020-12-20 04:42:05,956] {logging_mixin.py:103} INFO - [2020-12-20 04:42:05,955] {dagbag.py:440} INFO - Filling up the DagBag from /Users/harshittyagi/lil/de_env/lib/python3.8/site-packages/airflow/example_dags/example_branch_python_dop_operator_3.py
[2020-12-20 04:42:05,964] {scheduler_job.py:639} INFO - DAG(s) dict_keys(['example_branch_dop_operator_v3']) retrieved from /Users/harshittyagi/lil/de_env/lib/python3.8/site-packages/airflow/example_dags/example_branch_python_dop_operator_3.py
[2020-12-20 04:42:05,964] {logging_mixin.py:103} INFO - [2020-12-20 04:42:05,964] {dag.py:1813} INFO - Sync 1 DAGs
[2020-12-20 04:42:06,022] {logging_mixin.py:103} INFO - [2020-12-20 04:42:06,022] {dag.py:2266} INFO - Setting next_dagrun for example_branch_dop_operator_v3 to 2020-12-17 00:00:00+00:00
[2020-12-20 04:42:06,038] {scheduler_job.py:189} INFO - Processing /Users/harshittyagi/lil/de_env/lib/python3.8/site-packages/airflow/example_dags/example_branch_python_dop_operator_3.py took 0.084 seconds
[2020-12-20 04:43:01,599] {scheduler_job.py:181} INFO - Started process (PID=54779) to work on /Users/harshittyagi/lil/de_env/lib/python3.8/site-packages/airflow/example_dags/example_branch_python_dop_operator_3.py
[2020-12-20 04:43:01,600] {scheduler_job.py:629} INFO - Processing file /Users/harshittyagi/lil/de_env/lib/python3.8/site-packages/airflow/example_dags/example_branch_python_dop_operator_3.py for tasks to queue
[2020-12-20 04:43:01,600] {logging_mixin.py:103} INFO - [2020-12-20 04:43:01,600] {dagbag.py:440} INFO - Filling up the DagBag from /Users/harshittyagi/lil/de_env/lib/python3.8/site-packages/airflow/example_dags/example_branch_python_dop_operator_3.py
[2020-12-20 04:43:01,608] {scheduler_job.py:639} INFO - DAG(s) dict_keys(['example_branch_dop_operator_v3']) retrieved from /Users/harshittyagi/lil/de_env/lib/python3.8/site-packages/airflow/example_dags/example_branch_python_dop_operator_3.py
[2020-12-20 04:43:01,608] {logging_mixin.py:103} INFO - [2020-12-20 04:43:01,608] {dag.py:1813} INFO - Sync 1 DAGs
[2020-12-20 04:43:01,648] {logging_mixin.py:103} INFO - [2020-12-20 04:43:01,648] {dag.py:2266} INFO - Setting next_dagrun for example_branch_dop_operator_v3 to 2020-12-17 00:00:00+00:00
[2020-12-20 04:43:01,659] {scheduler_job.py:189} INFO - Processing /Users/harshittyagi/lil/de_env/lib/python3.8/site-packages/airflow/example_dags/example_branch_python_dop_operator_3.py took 0.061 seconds
[2020-12-20 04:44:01,507] {scheduler_job.py:181} INFO - Started process (PID=55078) to work on /Users/harshittyagi/lil/de_env/lib/python3.8/site-packages/airflow/example_dags/example_branch_python_dop_operator_3.py
[2020-12-20 04:44:01,507] {scheduler_job.py:629} INFO - Processing file /Users/harshittyagi/lil/de_env/lib/python3.8/site-packages/airflow/example_dags/example_branch_python_dop_operator_3.py for tasks to queue
[2020-12-20 04:44:01,508] {logging_mixin.py:103} INFO - [2020-12-20 04:44:01,508] {dagbag.py:440} INFO - Filling up the DagBag from /Users/harshittyagi/lil/de_env/lib/python3.8/site-packages/airflow/example_dags/example_branch_python_dop_operator_3.py
[2020-12-20 04:44:01,516] {scheduler_job.py:639} INFO - DAG(s) dict_keys(['example_branch_dop_operator_v3']) retrieved from /Users/harshittyagi/lil/de_env/lib/python3.8/site-packages/airflow/example_dags/example_branch_python_dop_operator_3.py
[2020-12-20 04:44:01,517] {logging_mixin.py:103} INFO - [2020-12-20 04:44:01,517] {dag.py:1813} INFO - Sync 1 DAGs
[2020-12-20 04:44:01,576] {logging_mixin.py:103} INFO - [2020-12-20 04:44:01,576] {dag.py:2266} INFO - Setting next_dagrun for example_branch_dop_operator_v3 to 2020-12-17 00:00:00+00:00
[2020-12-20 04:44:01,597] {scheduler_job.py:189} INFO - Processing /Users/harshittyagi/lil/de_env/lib/python3.8/site-packages/airflow/example_dags/example_branch_python_dop_operator_3.py took 0.091 seconds
[2020-12-20 04:45:10,770] {scheduler_job.py:181} INFO - Started process (PID=55369) to work on /Users/harshittyagi/lil/de_env/lib/python3.8/site-packages/airflow/example_dags/example_branch_python_dop_operator_3.py
[2020-12-20 04:45:10,771] {scheduler_job.py:629} INFO - Processing file /Users/harshittyagi/lil/de_env/lib/python3.8/site-packages/airflow/example_dags/example_branch_python_dop_operator_3.py for tasks to queue
[2020-12-20 04:45:10,771] {logging_mixin.py:103} INFO - [2020-12-20 04:45:10,771] {dagbag.py:440} INFO - Filling up the DagBag from /Users/harshittyagi/lil/de_env/lib/python3.8/site-packages/airflow/example_dags/example_branch_python_dop_operator_3.py
[2020-12-20 04:45:10,778] {scheduler_job.py:639} INFO - DAG(s) dict_keys(['example_branch_dop_operator_v3']) retrieved from /Users/harshittyagi/lil/de_env/lib/python3.8/site-packages/airflow/example_dags/example_branch_python_dop_operator_3.py
[2020-12-20 04:45:10,778] {logging_mixin.py:103} INFO - [2020-12-20 04:45:10,778] {dag.py:1813} INFO - Sync 1 DAGs
[2020-12-20 04:45:10,814] {logging_mixin.py:103} INFO - [2020-12-20 04:45:10,814] {dag.py:2266} INFO - Setting next_dagrun for example_branch_dop_operator_v3 to 2020-12-17 00:00:00+00:00
[2020-12-20 04:45:10,825] {scheduler_job.py:189} INFO - Processing /Users/harshittyagi/lil/de_env/lib/python3.8/site-packages/airflow/example_dags/example_branch_python_dop_operator_3.py took 0.055 seconds
[2020-12-20 04:46:03,030] {scheduler_job.py:181} INFO - Started process (PID=55654) to work on /Users/harshittyagi/lil/de_env/lib/python3.8/site-packages/airflow/example_dags/example_branch_python_dop_operator_3.py
[2020-12-20 04:46:03,031] {scheduler_job.py:629} INFO - Processing file /Users/harshittyagi/lil/de_env/lib/python3.8/site-packages/airflow/example_dags/example_branch_python_dop_operator_3.py for tasks to queue
[2020-12-20 04:46:03,031] {logging_mixin.py:103} INFO - [2020-12-20 04:46:03,031] {dagbag.py:440} INFO - Filling up the DagBag from /Users/harshittyagi/lil/de_env/lib/python3.8/site-packages/airflow/example_dags/example_branch_python_dop_operator_3.py
[2020-12-20 04:46:03,037] {scheduler_job.py:639} INFO - DAG(s) dict_keys(['example_branch_dop_operator_v3']) retrieved from /Users/harshittyagi/lil/de_env/lib/python3.8/site-packages/airflow/example_dags/example_branch_python_dop_operator_3.py
[2020-12-20 04:46:03,038] {logging_mixin.py:103} INFO - [2020-12-20 04:46:03,038] {dag.py:1813} INFO - Sync 1 DAGs
[2020-12-20 04:46:03,073] {logging_mixin.py:103} INFO - [2020-12-20 04:46:03,073] {dag.py:2266} INFO - Setting next_dagrun for example_branch_dop_operator_v3 to 2020-12-17 00:00:00+00:00
[2020-12-20 04:46:03,083] {scheduler_job.py:189} INFO - Processing /Users/harshittyagi/lil/de_env/lib/python3.8/site-packages/airflow/example_dags/example_branch_python_dop_operator_3.py took 0.053 seconds
[2020-12-20 04:46:57,241] {scheduler_job.py:181} INFO - Started process (PID=55937) to work on /Users/harshittyagi/lil/de_env/lib/python3.8/site-packages/airflow/example_dags/example_branch_python_dop_operator_3.py
[2020-12-20 04:46:57,241] {scheduler_job.py:629} INFO - Processing file /Users/harshittyagi/lil/de_env/lib/python3.8/site-packages/airflow/example_dags/example_branch_python_dop_operator_3.py for tasks to queue
[2020-12-20 04:46:57,241] {logging_mixin.py:103} INFO - [2020-12-20 04:46:57,241] {dagbag.py:440} INFO - Filling up the DagBag from /Users/harshittyagi/lil/de_env/lib/python3.8/site-packages/airflow/example_dags/example_branch_python_dop_operator_3.py
[2020-12-20 04:46:57,247] {scheduler_job.py:639} INFO - DAG(s) dict_keys(['example_branch_dop_operator_v3']) retrieved from /Users/harshittyagi/lil/de_env/lib/python3.8/site-packages/airflow/example_dags/example_branch_python_dop_operator_3.py
[2020-12-20 04:46:57,248] {logging_mixin.py:103} INFO - [2020-12-20 04:46:57,248] {dag.py:1813} INFO - Sync 1 DAGs
[2020-12-20 04:46:57,281] {logging_mixin.py:103} INFO - [2020-12-20 04:46:57,281] {dag.py:2266} INFO - Setting next_dagrun for example_branch_dop_operator_v3 to 2020-12-17 00:00:00+00:00
[2020-12-20 04:46:57,293] {scheduler_job.py:189} INFO - Processing /Users/harshittyagi/lil/de_env/lib/python3.8/site-packages/airflow/example_dags/example_branch_python_dop_operator_3.py took 0.053 seconds
[2020-12-20 04:47:50,565] {scheduler_job.py:181} INFO - Started process (PID=56222) to work on /Users/harshittyagi/lil/de_env/lib/python3.8/site-packages/airflow/example_dags/example_branch_python_dop_operator_3.py
[2020-12-20 04:47:50,565] {scheduler_job.py:629} INFO - Processing file /Users/harshittyagi/lil/de_env/lib/python3.8/site-packages/airflow/example_dags/example_branch_python_dop_operator_3.py for tasks to queue
[2020-12-20 04:47:50,566] {logging_mixin.py:103} INFO - [2020-12-20 04:47:50,565] {dagbag.py:440} INFO - Filling up the DagBag from /Users/harshittyagi/lil/de_env/lib/python3.8/site-packages/airflow/example_dags/example_branch_python_dop_operator_3.py
[2020-12-20 04:47:50,572] {scheduler_job.py:639} INFO - DAG(s) dict_keys(['example_branch_dop_operator_v3']) retrieved from /Users/harshittyagi/lil/de_env/lib/python3.8/site-packages/airflow/example_dags/example_branch_python_dop_operator_3.py
[2020-12-20 04:47:50,572] {logging_mixin.py:103} INFO - [2020-12-20 04:47:50,572] {dag.py:1813} INFO - Sync 1 DAGs
[2020-12-20 04:47:50,606] {logging_mixin.py:103} INFO - [2020-12-20 04:47:50,606] {dag.py:2266} INFO - Setting next_dagrun for example_branch_dop_operator_v3 to 2020-12-17 00:00:00+00:00
[2020-12-20 04:47:50,613] {scheduler_job.py:189} INFO - Processing /Users/harshittyagi/lil/de_env/lib/python3.8/site-packages/airflow/example_dags/example_branch_python_dop_operator_3.py took 0.049 seconds
[2020-12-20 04:48:44,246] {scheduler_job.py:181} INFO - Started process (PID=56510) to work on /Users/harshittyagi/lil/de_env/lib/python3.8/site-packages/airflow/example_dags/example_branch_python_dop_operator_3.py
[2020-12-20 04:48:44,247] {scheduler_job.py:629} INFO - Processing file /Users/harshittyagi/lil/de_env/lib/python3.8/site-packages/airflow/example_dags/example_branch_python_dop_operator_3.py for tasks to queue
[2020-12-20 04:48:44,247] {logging_mixin.py:103} INFO - [2020-12-20 04:48:44,247] {dagbag.py:440} INFO - Filling up the DagBag from /Users/harshittyagi/lil/de_env/lib/python3.8/site-packages/airflow/example_dags/example_branch_python_dop_operator_3.py
[2020-12-20 04:48:44,254] {scheduler_job.py:639} INFO - DAG(s) dict_keys(['example_branch_dop_operator_v3']) retrieved from /Users/harshittyagi/lil/de_env/lib/python3.8/site-packages/airflow/example_dags/example_branch_python_dop_operator_3.py
[2020-12-20 04:48:44,254] {logging_mixin.py:103} INFO - [2020-12-20 04:48:44,254] {dag.py:1813} INFO - Sync 1 DAGs
[2020-12-20 04:48:44,288] {logging_mixin.py:103} INFO - [2020-12-20 04:48:44,288] {dag.py:2266} INFO - Setting next_dagrun for example_branch_dop_operator_v3 to 2020-12-17 00:00:00+00:00
[2020-12-20 04:48:44,298] {scheduler_job.py:189} INFO - Processing /Users/harshittyagi/lil/de_env/lib/python3.8/site-packages/airflow/example_dags/example_branch_python_dop_operator_3.py took 0.052 seconds
[2020-12-20 04:49:37,742] {scheduler_job.py:181} INFO - Started process (PID=56792) to work on /Users/harshittyagi/lil/de_env/lib/python3.8/site-packages/airflow/example_dags/example_branch_python_dop_operator_3.py
[2020-12-20 04:49:37,743] {scheduler_job.py:629} INFO - Processing file /Users/harshittyagi/lil/de_env/lib/python3.8/site-packages/airflow/example_dags/example_branch_python_dop_operator_3.py for tasks to queue
[2020-12-20 04:49:37,743] {logging_mixin.py:103} INFO - [2020-12-20 04:49:37,743] {dagbag.py:440} INFO - Filling up the DagBag from /Users/harshittyagi/lil/de_env/lib/python3.8/site-packages/airflow/example_dags/example_branch_python_dop_operator_3.py
[2020-12-20 04:49:37,749] {scheduler_job.py:639} INFO - DAG(s) dict_keys(['example_branch_dop_operator_v3']) retrieved from /Users/harshittyagi/lil/de_env/lib/python3.8/site-packages/airflow/example_dags/example_branch_python_dop_operator_3.py
[2020-12-20 04:49:37,749] {logging_mixin.py:103} INFO - [2020-12-20 04:49:37,749] {dag.py:1813} INFO - Sync 1 DAGs
[2020-12-20 04:49:37,786] {logging_mixin.py:103} INFO - [2020-12-20 04:49:37,785] {dag.py:2266} INFO - Setting next_dagrun for example_branch_dop_operator_v3 to 2020-12-17 00:00:00+00:00
[2020-12-20 04:49:37,793] {scheduler_job.py:189} INFO - Processing /Users/harshittyagi/lil/de_env/lib/python3.8/site-packages/airflow/example_dags/example_branch_python_dop_operator_3.py took 0.051 seconds
[2020-12-20 04:50:31,531] {scheduler_job.py:181} INFO - Started process (PID=57079) to work on /Users/harshittyagi/lil/de_env/lib/python3.8/site-packages/airflow/example_dags/example_branch_python_dop_operator_3.py
[2020-12-20 04:50:31,531] {scheduler_job.py:629} INFO - Processing file /Users/harshittyagi/lil/de_env/lib/python3.8/site-packages/airflow/example_dags/example_branch_python_dop_operator_3.py for tasks to queue
[2020-12-20 04:50:31,531] {logging_mixin.py:103} INFO - [2020-12-20 04:50:31,531] {dagbag.py:440} INFO - Filling up the DagBag from /Users/harshittyagi/lil/de_env/lib/python3.8/site-packages/airflow/example_dags/example_branch_python_dop_operator_3.py
[2020-12-20 04:50:31,537] {scheduler_job.py:639} INFO - DAG(s) dict_keys(['example_branch_dop_operator_v3']) retrieved from /Users/harshittyagi/lil/de_env/lib/python3.8/site-packages/airflow/example_dags/example_branch_python_dop_operator_3.py
[2020-12-20 04:50:31,538] {logging_mixin.py:103} INFO - [2020-12-20 04:50:31,538] {dag.py:1813} INFO - Sync 1 DAGs
[2020-12-20 04:50:31,572] {logging_mixin.py:103} INFO - [2020-12-20 04:50:31,572] {dag.py:2266} INFO - Setting next_dagrun for example_branch_dop_operator_v3 to 2020-12-17 00:00:00+00:00
[2020-12-20 04:50:31,582] {scheduler_job.py:189} INFO - Processing /Users/harshittyagi/lil/de_env/lib/python3.8/site-packages/airflow/example_dags/example_branch_python_dop_operator_3.py took 0.052 seconds
[2020-12-20 04:51:25,227] {scheduler_job.py:181} INFO - Started process (PID=57363) to work on /Users/harshittyagi/lil/de_env/lib/python3.8/site-packages/airflow/example_dags/example_branch_python_dop_operator_3.py
[2020-12-20 04:51:25,227] {scheduler_job.py:629} INFO - Processing file /Users/harshittyagi/lil/de_env/lib/python3.8/site-packages/airflow/example_dags/example_branch_python_dop_operator_3.py for tasks to queue
[2020-12-20 04:51:25,227] {logging_mixin.py:103} INFO - [2020-12-20 04:51:25,227] {dagbag.py:440} INFO - Filling up the DagBag from /Users/harshittyagi/lil/de_env/lib/python3.8/site-packages/airflow/example_dags/example_branch_python_dop_operator_3.py
[2020-12-20 04:51:25,233] {scheduler_job.py:639} INFO - DAG(s) dict_keys(['example_branch_dop_operator_v3']) retrieved from /Users/harshittyagi/lil/de_env/lib/python3.8/site-packages/airflow/example_dags/example_branch_python_dop_operator_3.py
[2020-12-20 04:51:25,234] {logging_mixin.py:103} INFO - [2020-12-20 04:51:25,234] {dag.py:1813} INFO - Sync 1 DAGs
[2020-12-20 04:51:25,268] {logging_mixin.py:103} INFO - [2020-12-20 04:51:25,268] {dag.py:2266} INFO - Setting next_dagrun for example_branch_dop_operator_v3 to 2020-12-17 00:00:00+00:00
[2020-12-20 04:51:25,275] {scheduler_job.py:189} INFO - Processing /Users/harshittyagi/lil/de_env/lib/python3.8/site-packages/airflow/example_dags/example_branch_python_dop_operator_3.py took 0.049 seconds
[2020-12-20 04:52:15,598] {scheduler_job.py:181} INFO - Started process (PID=57646) to work on /Users/harshittyagi/lil/de_env/lib/python3.8/site-packages/airflow/example_dags/example_branch_python_dop_operator_3.py
[2020-12-20 04:52:15,598] {scheduler_job.py:629} INFO - Processing file /Users/harshittyagi/lil/de_env/lib/python3.8/site-packages/airflow/example_dags/example_branch_python_dop_operator_3.py for tasks to queue
[2020-12-20 04:52:15,598] {logging_mixin.py:103} INFO - [2020-12-20 04:52:15,598] {dagbag.py:440} INFO - Filling up the DagBag from /Users/harshittyagi/lil/de_env/lib/python3.8/site-packages/airflow/example_dags/example_branch_python_dop_operator_3.py
[2020-12-20 04:52:15,605] {scheduler_job.py:639} INFO - DAG(s) dict_keys(['example_branch_dop_operator_v3']) retrieved from /Users/harshittyagi/lil/de_env/lib/python3.8/site-packages/airflow/example_dags/example_branch_python_dop_operator_3.py
[2020-12-20 04:52:15,606] {logging_mixin.py:103} INFO - [2020-12-20 04:52:15,606] {dag.py:1813} INFO - Sync 1 DAGs
[2020-12-20 04:52:15,646] {logging_mixin.py:103} INFO - [2020-12-20 04:52:15,646] {dag.py:2266} INFO - Setting next_dagrun for example_branch_dop_operator_v3 to 2020-12-17 00:00:00+00:00
[2020-12-20 04:52:15,656] {scheduler_job.py:189} INFO - Processing /Users/harshittyagi/lil/de_env/lib/python3.8/site-packages/airflow/example_dags/example_branch_python_dop_operator_3.py took 0.059 seconds
[2020-12-20 04:53:09,536] {scheduler_job.py:181} INFO - Started process (PID=57935) to work on /Users/harshittyagi/lil/de_env/lib/python3.8/site-packages/airflow/example_dags/example_branch_python_dop_operator_3.py
[2020-12-20 04:53:09,537] {scheduler_job.py:629} INFO - Processing file /Users/harshittyagi/lil/de_env/lib/python3.8/site-packages/airflow/example_dags/example_branch_python_dop_operator_3.py for tasks to queue
[2020-12-20 04:53:09,537] {logging_mixin.py:103} INFO - [2020-12-20 04:53:09,537] {dagbag.py:440} INFO - Filling up the DagBag from /Users/harshittyagi/lil/de_env/lib/python3.8/site-packages/airflow/example_dags/example_branch_python_dop_operator_3.py
[2020-12-20 04:53:09,546] {scheduler_job.py:639} INFO - DAG(s) dict_keys(['example_branch_dop_operator_v3']) retrieved from /Users/harshittyagi/lil/de_env/lib/python3.8/site-packages/airflow/example_dags/example_branch_python_dop_operator_3.py
[2020-12-20 04:53:09,546] {logging_mixin.py:103} INFO - [2020-12-20 04:53:09,546] {dag.py:1813} INFO - Sync 1 DAGs
[2020-12-20 04:53:09,593] {logging_mixin.py:103} INFO - [2020-12-20 04:53:09,593] {dag.py:2266} INFO - Setting next_dagrun for example_branch_dop_operator_v3 to 2020-12-17 00:00:00+00:00
[2020-12-20 04:53:09,606] {scheduler_job.py:189} INFO - Processing /Users/harshittyagi/lil/de_env/lib/python3.8/site-packages/airflow/example_dags/example_branch_python_dop_operator_3.py took 0.071 seconds
[2020-12-20 04:54:03,705] {scheduler_job.py:181} INFO - Started process (PID=58221) to work on /Users/harshittyagi/lil/de_env/lib/python3.8/site-packages/airflow/example_dags/example_branch_python_dop_operator_3.py
[2020-12-20 04:54:03,705] {scheduler_job.py:629} INFO - Processing file /Users/harshittyagi/lil/de_env/lib/python3.8/site-packages/airflow/example_dags/example_branch_python_dop_operator_3.py for tasks to queue
[2020-12-20 04:54:03,706] {logging_mixin.py:103} INFO - [2020-12-20 04:54:03,706] {dagbag.py:440} INFO - Filling up the DagBag from /Users/harshittyagi/lil/de_env/lib/python3.8/site-packages/airflow/example_dags/example_branch_python_dop_operator_3.py
[2020-12-20 04:54:03,713] {scheduler_job.py:639} INFO - DAG(s) dict_keys(['example_branch_dop_operator_v3']) retrieved from /Users/harshittyagi/lil/de_env/lib/python3.8/site-packages/airflow/example_dags/example_branch_python_dop_operator_3.py
[2020-12-20 04:54:03,713] {logging_mixin.py:103} INFO - [2020-12-20 04:54:03,713] {dag.py:1813} INFO - Sync 1 DAGs
[2020-12-20 04:54:03,753] {logging_mixin.py:103} INFO - [2020-12-20 04:54:03,753] {dag.py:2266} INFO - Setting next_dagrun for example_branch_dop_operator_v3 to 2020-12-17 00:00:00+00:00
[2020-12-20 04:54:03,760] {scheduler_job.py:189} INFO - Processing /Users/harshittyagi/lil/de_env/lib/python3.8/site-packages/airflow/example_dags/example_branch_python_dop_operator_3.py took 0.056 seconds
[2020-12-20 04:54:57,677] {scheduler_job.py:181} INFO - Started process (PID=58513) to work on /Users/harshittyagi/lil/de_env/lib/python3.8/site-packages/airflow/example_dags/example_branch_python_dop_operator_3.py
[2020-12-20 04:54:57,677] {scheduler_job.py:629} INFO - Processing file /Users/harshittyagi/lil/de_env/lib/python3.8/site-packages/airflow/example_dags/example_branch_python_dop_operator_3.py for tasks to queue
[2020-12-20 04:54:57,678] {logging_mixin.py:103} INFO - [2020-12-20 04:54:57,678] {dagbag.py:440} INFO - Filling up the DagBag from /Users/harshittyagi/lil/de_env/lib/python3.8/site-packages/airflow/example_dags/example_branch_python_dop_operator_3.py
[2020-12-20 04:54:57,685] {scheduler_job.py:639} INFO - DAG(s) dict_keys(['example_branch_dop_operator_v3']) retrieved from /Users/harshittyagi/lil/de_env/lib/python3.8/site-packages/airflow/example_dags/example_branch_python_dop_operator_3.py
[2020-12-20 04:54:57,685] {logging_mixin.py:103} INFO - [2020-12-20 04:54:57,685] {dag.py:1813} INFO - Sync 1 DAGs
[2020-12-20 04:54:57,726] {logging_mixin.py:103} INFO - [2020-12-20 04:54:57,725] {dag.py:2266} INFO - Setting next_dagrun for example_branch_dop_operator_v3 to 2020-12-17 00:00:00+00:00
[2020-12-20 04:54:57,738] {scheduler_job.py:189} INFO - Processing /Users/harshittyagi/lil/de_env/lib/python3.8/site-packages/airflow/example_dags/example_branch_python_dop_operator_3.py took 0.061 seconds
[2020-12-20 04:55:52,027] {scheduler_job.py:181} INFO - Started process (PID=58794) to work on /Users/harshittyagi/lil/de_env/lib/python3.8/site-packages/airflow/example_dags/example_branch_python_dop_operator_3.py
[2020-12-20 04:55:52,028] {scheduler_job.py:629} INFO - Processing file /Users/harshittyagi/lil/de_env/lib/python3.8/site-packages/airflow/example_dags/example_branch_python_dop_operator_3.py for tasks to queue
[2020-12-20 04:55:52,028] {logging_mixin.py:103} INFO - [2020-12-20 04:55:52,028] {dagbag.py:440} INFO - Filling up the DagBag from /Users/harshittyagi/lil/de_env/lib/python3.8/site-packages/airflow/example_dags/example_branch_python_dop_operator_3.py
[2020-12-20 04:55:52,034] {scheduler_job.py:639} INFO - DAG(s) dict_keys(['example_branch_dop_operator_v3']) retrieved from /Users/harshittyagi/lil/de_env/lib/python3.8/site-packages/airflow/example_dags/example_branch_python_dop_operator_3.py
[2020-12-20 04:55:52,034] {logging_mixin.py:103} INFO - [2020-12-20 04:55:52,034] {dag.py:1813} INFO - Sync 1 DAGs
[2020-12-20 04:55:52,067] {logging_mixin.py:103} INFO - [2020-12-20 04:55:52,067] {dag.py:2266} INFO - Setting next_dagrun for example_branch_dop_operator_v3 to 2020-12-17 00:00:00+00:00
[2020-12-20 04:55:52,078] {scheduler_job.py:189} INFO - Processing /Users/harshittyagi/lil/de_env/lib/python3.8/site-packages/airflow/example_dags/example_branch_python_dop_operator_3.py took 0.051 seconds
[2020-12-20 04:56:45,957] {scheduler_job.py:181} INFO - Started process (PID=59076) to work on /Users/harshittyagi/lil/de_env/lib/python3.8/site-packages/airflow/example_dags/example_branch_python_dop_operator_3.py
[2020-12-20 04:56:45,958] {scheduler_job.py:629} INFO - Processing file /Users/harshittyagi/lil/de_env/lib/python3.8/site-packages/airflow/example_dags/example_branch_python_dop_operator_3.py for tasks to queue
[2020-12-20 04:56:45,958] {logging_mixin.py:103} INFO - [2020-12-20 04:56:45,958] {dagbag.py:440} INFO - Filling up the DagBag from /Users/harshittyagi/lil/de_env/lib/python3.8/site-packages/airflow/example_dags/example_branch_python_dop_operator_3.py
[2020-12-20 04:56:45,965] {scheduler_job.py:639} INFO - DAG(s) dict_keys(['example_branch_dop_operator_v3']) retrieved from /Users/harshittyagi/lil/de_env/lib/python3.8/site-packages/airflow/example_dags/example_branch_python_dop_operator_3.py
[2020-12-20 04:56:45,965] {logging_mixin.py:103} INFO - [2020-12-20 04:56:45,965] {dag.py:1813} INFO - Sync 1 DAGs
[2020-12-20 04:56:46,004] {logging_mixin.py:103} INFO - [2020-12-20 04:56:46,004] {dag.py:2266} INFO - Setting next_dagrun for example_branch_dop_operator_v3 to 2020-12-17 00:00:00+00:00
[2020-12-20 04:56:46,015] {scheduler_job.py:189} INFO - Processing /Users/harshittyagi/lil/de_env/lib/python3.8/site-packages/airflow/example_dags/example_branch_python_dop_operator_3.py took 0.058 seconds
[2020-12-20 04:57:39,861] {scheduler_job.py:181} INFO - Started process (PID=59359) to work on /Users/harshittyagi/lil/de_env/lib/python3.8/site-packages/airflow/example_dags/example_branch_python_dop_operator_3.py
[2020-12-20 04:57:39,861] {scheduler_job.py:629} INFO - Processing file /Users/harshittyagi/lil/de_env/lib/python3.8/site-packages/airflow/example_dags/example_branch_python_dop_operator_3.py for tasks to queue
[2020-12-20 04:57:39,862] {logging_mixin.py:103} INFO - [2020-12-20 04:57:39,862] {dagbag.py:440} INFO - Filling up the DagBag from /Users/harshittyagi/lil/de_env/lib/python3.8/site-packages/airflow/example_dags/example_branch_python_dop_operator_3.py
[2020-12-20 04:57:39,869] {scheduler_job.py:639} INFO - DAG(s) dict_keys(['example_branch_dop_operator_v3']) retrieved from /Users/harshittyagi/lil/de_env/lib/python3.8/site-packages/airflow/example_dags/example_branch_python_dop_operator_3.py
[2020-12-20 04:57:39,870] {logging_mixin.py:103} INFO - [2020-12-20 04:57:39,870] {dag.py:1813} INFO - Sync 1 DAGs
[2020-12-20 04:57:39,907] {logging_mixin.py:103} INFO - [2020-12-20 04:57:39,907] {dag.py:2266} INFO - Setting next_dagrun for example_branch_dop_operator_v3 to 2020-12-17 00:00:00+00:00
[2020-12-20 04:57:39,918] {scheduler_job.py:189} INFO - Processing /Users/harshittyagi/lil/de_env/lib/python3.8/site-packages/airflow/example_dags/example_branch_python_dop_operator_3.py took 0.058 seconds
[2020-12-20 04:58:33,472] {scheduler_job.py:181} INFO - Started process (PID=59641) to work on /Users/harshittyagi/lil/de_env/lib/python3.8/site-packages/airflow/example_dags/example_branch_python_dop_operator_3.py
[2020-12-20 04:58:33,472] {scheduler_job.py:629} INFO - Processing file /Users/harshittyagi/lil/de_env/lib/python3.8/site-packages/airflow/example_dags/example_branch_python_dop_operator_3.py for tasks to queue
[2020-12-20 04:58:33,472] {logging_mixin.py:103} INFO - [2020-12-20 04:58:33,472] {dagbag.py:440} INFO - Filling up the DagBag from /Users/harshittyagi/lil/de_env/lib/python3.8/site-packages/airflow/example_dags/example_branch_python_dop_operator_3.py
[2020-12-20 04:58:33,478] {scheduler_job.py:639} INFO - DAG(s) dict_keys(['example_branch_dop_operator_v3']) retrieved from /Users/harshittyagi/lil/de_env/lib/python3.8/site-packages/airflow/example_dags/example_branch_python_dop_operator_3.py
[2020-12-20 04:58:33,478] {logging_mixin.py:103} INFO - [2020-12-20 04:58:33,478] {dag.py:1813} INFO - Sync 1 DAGs
[2020-12-20 04:58:33,512] {logging_mixin.py:103} INFO - [2020-12-20 04:58:33,512] {dag.py:2266} INFO - Setting next_dagrun for example_branch_dop_operator_v3 to 2020-12-17 00:00:00+00:00
[2020-12-20 04:58:33,519] {scheduler_job.py:189} INFO - Processing /Users/harshittyagi/lil/de_env/lib/python3.8/site-packages/airflow/example_dags/example_branch_python_dop_operator_3.py took 0.048 seconds
[2020-12-20 04:59:27,459] {scheduler_job.py:181} INFO - Started process (PID=59923) to work on /Users/harshittyagi/lil/de_env/lib/python3.8/site-packages/airflow/example_dags/example_branch_python_dop_operator_3.py
[2020-12-20 04:59:27,459] {scheduler_job.py:629} INFO - Processing file /Users/harshittyagi/lil/de_env/lib/python3.8/site-packages/airflow/example_dags/example_branch_python_dop_operator_3.py for tasks to queue
[2020-12-20 04:59:27,459] {logging_mixin.py:103} INFO - [2020-12-20 04:59:27,459] {dagbag.py:440} INFO - Filling up the DagBag from /Users/harshittyagi/lil/de_env/lib/python3.8/site-packages/airflow/example_dags/example_branch_python_dop_operator_3.py
[2020-12-20 04:59:27,466] {scheduler_job.py:639} INFO - DAG(s) dict_keys(['example_branch_dop_operator_v3']) retrieved from /Users/harshittyagi/lil/de_env/lib/python3.8/site-packages/airflow/example_dags/example_branch_python_dop_operator_3.py
[2020-12-20 04:59:27,466] {logging_mixin.py:103} INFO - [2020-12-20 04:59:27,466] {dag.py:1813} INFO - Sync 1 DAGs
[2020-12-20 04:59:27,500] {logging_mixin.py:103} INFO - [2020-12-20 04:59:27,500] {dag.py:2266} INFO - Setting next_dagrun for example_branch_dop_operator_v3 to 2020-12-17 00:00:00+00:00
[2020-12-20 04:59:27,511] {scheduler_job.py:189} INFO - Processing /Users/harshittyagi/lil/de_env/lib/python3.8/site-packages/airflow/example_dags/example_branch_python_dop_operator_3.py took 0.052 seconds
[2020-12-20 05:00:21,628] {scheduler_job.py:181} INFO - Started process (PID=60210) to work on /Users/harshittyagi/lil/de_env/lib/python3.8/site-packages/airflow/example_dags/example_branch_python_dop_operator_3.py
[2020-12-20 05:00:21,628] {scheduler_job.py:629} INFO - Processing file /Users/harshittyagi/lil/de_env/lib/python3.8/site-packages/airflow/example_dags/example_branch_python_dop_operator_3.py for tasks to queue
[2020-12-20 05:00:21,628] {logging_mixin.py:103} INFO - [2020-12-20 05:00:21,628] {dagbag.py:440} INFO - Filling up the DagBag from /Users/harshittyagi/lil/de_env/lib/python3.8/site-packages/airflow/example_dags/example_branch_python_dop_operator_3.py
[2020-12-20 05:00:21,635] {scheduler_job.py:639} INFO - DAG(s) dict_keys(['example_branch_dop_operator_v3']) retrieved from /Users/harshittyagi/lil/de_env/lib/python3.8/site-packages/airflow/example_dags/example_branch_python_dop_operator_3.py
[2020-12-20 05:00:21,635] {logging_mixin.py:103} INFO - [2020-12-20 05:00:21,635] {dag.py:1813} INFO - Sync 1 DAGs
[2020-12-20 05:00:21,669] {logging_mixin.py:103} INFO - [2020-12-20 05:00:21,669] {dag.py:2266} INFO - Setting next_dagrun for example_branch_dop_operator_v3 to 2020-12-17 00:00:00+00:00
[2020-12-20 05:00:21,677] {scheduler_job.py:189} INFO - Processing /Users/harshittyagi/lil/de_env/lib/python3.8/site-packages/airflow/example_dags/example_branch_python_dop_operator_3.py took 0.050 seconds
[2020-12-20 05:01:15,607] {scheduler_job.py:181} INFO - Started process (PID=60493) to work on /Users/harshittyagi/lil/de_env/lib/python3.8/site-packages/airflow/example_dags/example_branch_python_dop_operator_3.py
[2020-12-20 05:01:15,608] {scheduler_job.py:629} INFO - Processing file /Users/harshittyagi/lil/de_env/lib/python3.8/site-packages/airflow/example_dags/example_branch_python_dop_operator_3.py for tasks to queue
[2020-12-20 05:01:15,608] {logging_mixin.py:103} INFO - [2020-12-20 05:01:15,608] {dagbag.py:440} INFO - Filling up the DagBag from /Users/harshittyagi/lil/de_env/lib/python3.8/site-packages/airflow/example_dags/example_branch_python_dop_operator_3.py
[2020-12-20 05:01:15,614] {scheduler_job.py:639} INFO - DAG(s) dict_keys(['example_branch_dop_operator_v3']) retrieved from /Users/harshittyagi/lil/de_env/lib/python3.8/site-packages/airflow/example_dags/example_branch_python_dop_operator_3.py
[2020-12-20 05:01:15,614] {logging_mixin.py:103} INFO - [2020-12-20 05:01:15,614] {dag.py:1813} INFO - Sync 1 DAGs
[2020-12-20 05:01:15,648] {logging_mixin.py:103} INFO - [2020-12-20 05:01:15,648] {dag.py:2266} INFO - Setting next_dagrun for example_branch_dop_operator_v3 to 2020-12-17 00:00:00+00:00
[2020-12-20 05:01:15,655] {scheduler_job.py:189} INFO - Processing /Users/harshittyagi/lil/de_env/lib/python3.8/site-packages/airflow/example_dags/example_branch_python_dop_operator_3.py took 0.048 seconds
[2020-12-20 05:02:07,129] {scheduler_job.py:181} INFO - Started process (PID=60780) to work on /Users/harshittyagi/lil/de_env/lib/python3.8/site-packages/airflow/example_dags/example_branch_python_dop_operator_3.py
[2020-12-20 05:02:07,129] {scheduler_job.py:629} INFO - Processing file /Users/harshittyagi/lil/de_env/lib/python3.8/site-packages/airflow/example_dags/example_branch_python_dop_operator_3.py for tasks to queue
[2020-12-20 05:02:07,129] {logging_mixin.py:103} INFO - [2020-12-20 05:02:07,129] {dagbag.py:440} INFO - Filling up the DagBag from /Users/harshittyagi/lil/de_env/lib/python3.8/site-packages/airflow/example_dags/example_branch_python_dop_operator_3.py
[2020-12-20 05:02:07,136] {scheduler_job.py:639} INFO - DAG(s) dict_keys(['example_branch_dop_operator_v3']) retrieved from /Users/harshittyagi/lil/de_env/lib/python3.8/site-packages/airflow/example_dags/example_branch_python_dop_operator_3.py
[2020-12-20 05:02:07,136] {logging_mixin.py:103} INFO - [2020-12-20 05:02:07,136] {dag.py:1813} INFO - Sync 1 DAGs
[2020-12-20 05:02:07,170] {logging_mixin.py:103} INFO - [2020-12-20 05:02:07,170] {dag.py:2266} INFO - Setting next_dagrun for example_branch_dop_operator_v3 to 2020-12-17 00:00:00+00:00
[2020-12-20 05:02:07,177] {scheduler_job.py:189} INFO - Processing /Users/harshittyagi/lil/de_env/lib/python3.8/site-packages/airflow/example_dags/example_branch_python_dop_operator_3.py took 0.049 seconds
[2020-12-20 05:03:01,268] {scheduler_job.py:181} INFO - Started process (PID=61067) to work on /Users/harshittyagi/lil/de_env/lib/python3.8/site-packages/airflow/example_dags/example_branch_python_dop_operator_3.py
[2020-12-20 05:03:01,269] {scheduler_job.py:629} INFO - Processing file /Users/harshittyagi/lil/de_env/lib/python3.8/site-packages/airflow/example_dags/example_branch_python_dop_operator_3.py for tasks to queue
[2020-12-20 05:03:01,269] {logging_mixin.py:103} INFO - [2020-12-20 05:03:01,269] {dagbag.py:440} INFO - Filling up the DagBag from /Users/harshittyagi/lil/de_env/lib/python3.8/site-packages/airflow/example_dags/example_branch_python_dop_operator_3.py
[2020-12-20 05:03:01,275] {scheduler_job.py:639} INFO - DAG(s) dict_keys(['example_branch_dop_operator_v3']) retrieved from /Users/harshittyagi/lil/de_env/lib/python3.8/site-packages/airflow/example_dags/example_branch_python_dop_operator_3.py
[2020-12-20 05:03:01,275] {logging_mixin.py:103} INFO - [2020-12-20 05:03:01,275] {dag.py:1813} INFO - Sync 1 DAGs
[2020-12-20 05:03:01,308] {logging_mixin.py:103} INFO - [2020-12-20 05:03:01,308] {dag.py:2266} INFO - Setting next_dagrun for example_branch_dop_operator_v3 to 2020-12-17 00:00:00+00:00
[2020-12-20 05:03:01,318] {scheduler_job.py:189} INFO - Processing /Users/harshittyagi/lil/de_env/lib/python3.8/site-packages/airflow/example_dags/example_branch_python_dop_operator_3.py took 0.050 seconds
[2020-12-20 05:03:55,432] {scheduler_job.py:181} INFO - Started process (PID=61350) to work on /Users/harshittyagi/lil/de_env/lib/python3.8/site-packages/airflow/example_dags/example_branch_python_dop_operator_3.py
[2020-12-20 05:03:55,432] {scheduler_job.py:629} INFO - Processing file /Users/harshittyagi/lil/de_env/lib/python3.8/site-packages/airflow/example_dags/example_branch_python_dop_operator_3.py for tasks to queue
[2020-12-20 05:03:55,433] {logging_mixin.py:103} INFO - [2020-12-20 05:03:55,432] {dagbag.py:440} INFO - Filling up the DagBag from /Users/harshittyagi/lil/de_env/lib/python3.8/site-packages/airflow/example_dags/example_branch_python_dop_operator_3.py
[2020-12-20 05:03:55,439] {scheduler_job.py:639} INFO - DAG(s) dict_keys(['example_branch_dop_operator_v3']) retrieved from /Users/harshittyagi/lil/de_env/lib/python3.8/site-packages/airflow/example_dags/example_branch_python_dop_operator_3.py
[2020-12-20 05:03:55,439] {logging_mixin.py:103} INFO - [2020-12-20 05:03:55,439] {dag.py:1813} INFO - Sync 1 DAGs
[2020-12-20 05:03:55,473] {logging_mixin.py:103} INFO - [2020-12-20 05:03:55,473] {dag.py:2266} INFO - Setting next_dagrun for example_branch_dop_operator_v3 to 2020-12-17 00:00:00+00:00
[2020-12-20 05:03:55,483] {scheduler_job.py:189} INFO - Processing /Users/harshittyagi/lil/de_env/lib/python3.8/site-packages/airflow/example_dags/example_branch_python_dop_operator_3.py took 0.052 seconds
[2020-12-20 05:04:49,460] {scheduler_job.py:181} INFO - Started process (PID=61636) to work on /Users/harshittyagi/lil/de_env/lib/python3.8/site-packages/airflow/example_dags/example_branch_python_dop_operator_3.py
[2020-12-20 05:04:49,461] {scheduler_job.py:629} INFO - Processing file /Users/harshittyagi/lil/de_env/lib/python3.8/site-packages/airflow/example_dags/example_branch_python_dop_operator_3.py for tasks to queue
[2020-12-20 05:04:49,461] {logging_mixin.py:103} INFO - [2020-12-20 05:04:49,461] {dagbag.py:440} INFO - Filling up the DagBag from /Users/harshittyagi/lil/de_env/lib/python3.8/site-packages/airflow/example_dags/example_branch_python_dop_operator_3.py
[2020-12-20 05:04:49,467] {scheduler_job.py:639} INFO - DAG(s) dict_keys(['example_branch_dop_operator_v3']) retrieved from /Users/harshittyagi/lil/de_env/lib/python3.8/site-packages/airflow/example_dags/example_branch_python_dop_operator_3.py
[2020-12-20 05:04:49,467] {logging_mixin.py:103} INFO - [2020-12-20 05:04:49,467] {dag.py:1813} INFO - Sync 1 DAGs
[2020-12-20 05:04:49,501] {logging_mixin.py:103} INFO - [2020-12-20 05:04:49,501] {dag.py:2266} INFO - Setting next_dagrun for example_branch_dop_operator_v3 to 2020-12-17 00:00:00+00:00
[2020-12-20 05:04:49,508] {scheduler_job.py:189} INFO - Processing /Users/harshittyagi/lil/de_env/lib/python3.8/site-packages/airflow/example_dags/example_branch_python_dop_operator_3.py took 0.048 seconds
[2020-12-20 05:05:43,205] {scheduler_job.py:181} INFO - Started process (PID=61924) to work on /Users/harshittyagi/lil/de_env/lib/python3.8/site-packages/airflow/example_dags/example_branch_python_dop_operator_3.py
[2020-12-20 05:05:43,206] {scheduler_job.py:629} INFO - Processing file /Users/harshittyagi/lil/de_env/lib/python3.8/site-packages/airflow/example_dags/example_branch_python_dop_operator_3.py for tasks to queue
[2020-12-20 05:05:43,206] {logging_mixin.py:103} INFO - [2020-12-20 05:05:43,206] {dagbag.py:440} INFO - Filling up the DagBag from /Users/harshittyagi/lil/de_env/lib/python3.8/site-packages/airflow/example_dags/example_branch_python_dop_operator_3.py
[2020-12-20 05:05:43,214] {scheduler_job.py:639} INFO - DAG(s) dict_keys(['example_branch_dop_operator_v3']) retrieved from /Users/harshittyagi/lil/de_env/lib/python3.8/site-packages/airflow/example_dags/example_branch_python_dop_operator_3.py
[2020-12-20 05:05:43,215] {logging_mixin.py:103} INFO - [2020-12-20 05:05:43,214] {dag.py:1813} INFO - Sync 1 DAGs
[2020-12-20 05:05:43,258] {logging_mixin.py:103} INFO - [2020-12-20 05:05:43,257] {dag.py:2266} INFO - Setting next_dagrun for example_branch_dop_operator_v3 to 2020-12-17 00:00:00+00:00
[2020-12-20 05:05:43,266] {scheduler_job.py:189} INFO - Processing /Users/harshittyagi/lil/de_env/lib/python3.8/site-packages/airflow/example_dags/example_branch_python_dop_operator_3.py took 0.061 seconds
[2020-12-20 05:06:37,106] {scheduler_job.py:181} INFO - Started process (PID=62206) to work on /Users/harshittyagi/lil/de_env/lib/python3.8/site-packages/airflow/example_dags/example_branch_python_dop_operator_3.py
[2020-12-20 05:06:37,106] {scheduler_job.py:629} INFO - Processing file /Users/harshittyagi/lil/de_env/lib/python3.8/site-packages/airflow/example_dags/example_branch_python_dop_operator_3.py for tasks to queue
[2020-12-20 05:06:37,107] {logging_mixin.py:103} INFO - [2020-12-20 05:06:37,106] {dagbag.py:440} INFO - Filling up the DagBag from /Users/harshittyagi/lil/de_env/lib/python3.8/site-packages/airflow/example_dags/example_branch_python_dop_operator_3.py
[2020-12-20 05:06:37,112] {scheduler_job.py:639} INFO - DAG(s) dict_keys(['example_branch_dop_operator_v3']) retrieved from /Users/harshittyagi/lil/de_env/lib/python3.8/site-packages/airflow/example_dags/example_branch_python_dop_operator_3.py
[2020-12-20 05:06:37,113] {logging_mixin.py:103} INFO - [2020-12-20 05:06:37,113] {dag.py:1813} INFO - Sync 1 DAGs
[2020-12-20 05:06:37,146] {logging_mixin.py:103} INFO - [2020-12-20 05:06:37,146] {dag.py:2266} INFO - Setting next_dagrun for example_branch_dop_operator_v3 to 2020-12-17 00:00:00+00:00
[2020-12-20 05:06:37,156] {scheduler_job.py:189} INFO - Processing /Users/harshittyagi/lil/de_env/lib/python3.8/site-packages/airflow/example_dags/example_branch_python_dop_operator_3.py took 0.050 seconds
[2020-12-20 05:07:30,942] {scheduler_job.py:181} INFO - Started process (PID=62488) to work on /Users/harshittyagi/lil/de_env/lib/python3.8/site-packages/airflow/example_dags/example_branch_python_dop_operator_3.py
[2020-12-20 05:07:30,942] {scheduler_job.py:629} INFO - Processing file /Users/harshittyagi/lil/de_env/lib/python3.8/site-packages/airflow/example_dags/example_branch_python_dop_operator_3.py for tasks to queue
[2020-12-20 05:07:30,942] {logging_mixin.py:103} INFO - [2020-12-20 05:07:30,942] {dagbag.py:440} INFO - Filling up the DagBag from /Users/harshittyagi/lil/de_env/lib/python3.8/site-packages/airflow/example_dags/example_branch_python_dop_operator_3.py
[2020-12-20 05:07:30,949] {scheduler_job.py:639} INFO - DAG(s) dict_keys(['example_branch_dop_operator_v3']) retrieved from /Users/harshittyagi/lil/de_env/lib/python3.8/site-packages/airflow/example_dags/example_branch_python_dop_operator_3.py
[2020-12-20 05:07:30,949] {logging_mixin.py:103} INFO - [2020-12-20 05:07:30,949] {dag.py:1813} INFO - Sync 1 DAGs
[2020-12-20 05:07:30,987] {logging_mixin.py:103} INFO - [2020-12-20 05:07:30,987] {dag.py:2266} INFO - Setting next_dagrun for example_branch_dop_operator_v3 to 2020-12-17 00:00:00+00:00
[2020-12-20 05:07:30,997] {scheduler_job.py:189} INFO - Processing /Users/harshittyagi/lil/de_env/lib/python3.8/site-packages/airflow/example_dags/example_branch_python_dop_operator_3.py took 0.056 seconds
[2020-12-20 05:08:26,215] {scheduler_job.py:181} INFO - Started process (PID=62776) to work on /Users/harshittyagi/lil/de_env/lib/python3.8/site-packages/airflow/example_dags/example_branch_python_dop_operator_3.py
[2020-12-20 05:08:26,215] {scheduler_job.py:629} INFO - Processing file /Users/harshittyagi/lil/de_env/lib/python3.8/site-packages/airflow/example_dags/example_branch_python_dop_operator_3.py for tasks to queue
[2020-12-20 05:08:26,215] {logging_mixin.py:103} INFO - [2020-12-20 05:08:26,215] {dagbag.py:440} INFO - Filling up the DagBag from /Users/harshittyagi/lil/de_env/lib/python3.8/site-packages/airflow/example_dags/example_branch_python_dop_operator_3.py
[2020-12-20 05:08:26,221] {scheduler_job.py:639} INFO - DAG(s) dict_keys(['example_branch_dop_operator_v3']) retrieved from /Users/harshittyagi/lil/de_env/lib/python3.8/site-packages/airflow/example_dags/example_branch_python_dop_operator_3.py
[2020-12-20 05:08:26,222] {logging_mixin.py:103} INFO - [2020-12-20 05:08:26,222] {dag.py:1813} INFO - Sync 1 DAGs
[2020-12-20 05:08:26,255] {logging_mixin.py:103} INFO - [2020-12-20 05:08:26,255] {dag.py:2266} INFO - Setting next_dagrun for example_branch_dop_operator_v3 to 2020-12-17 00:00:00+00:00
[2020-12-20 05:08:26,262] {scheduler_job.py:189} INFO - Processing /Users/harshittyagi/lil/de_env/lib/python3.8/site-packages/airflow/example_dags/example_branch_python_dop_operator_3.py took 0.048 seconds
[2020-12-20 05:09:20,119] {scheduler_job.py:181} INFO - Started process (PID=63066) to work on /Users/harshittyagi/lil/de_env/lib/python3.8/site-packages/airflow/example_dags/example_branch_python_dop_operator_3.py
[2020-12-20 05:09:20,120] {scheduler_job.py:629} INFO - Processing file /Users/harshittyagi/lil/de_env/lib/python3.8/site-packages/airflow/example_dags/example_branch_python_dop_operator_3.py for tasks to queue
[2020-12-20 05:09:20,120] {logging_mixin.py:103} INFO - [2020-12-20 05:09:20,120] {dagbag.py:440} INFO - Filling up the DagBag from /Users/harshittyagi/lil/de_env/lib/python3.8/site-packages/airflow/example_dags/example_branch_python_dop_operator_3.py
[2020-12-20 05:09:20,126] {scheduler_job.py:639} INFO - DAG(s) dict_keys(['example_branch_dop_operator_v3']) retrieved from /Users/harshittyagi/lil/de_env/lib/python3.8/site-packages/airflow/example_dags/example_branch_python_dop_operator_3.py
[2020-12-20 05:09:20,127] {logging_mixin.py:103} INFO - [2020-12-20 05:09:20,127] {dag.py:1813} INFO - Sync 1 DAGs
[2020-12-20 05:09:20,163] {logging_mixin.py:103} INFO - [2020-12-20 05:09:20,162] {dag.py:2266} INFO - Setting next_dagrun for example_branch_dop_operator_v3 to 2020-12-17 00:00:00+00:00
[2020-12-20 05:09:20,171] {scheduler_job.py:189} INFO - Processing /Users/harshittyagi/lil/de_env/lib/python3.8/site-packages/airflow/example_dags/example_branch_python_dop_operator_3.py took 0.052 seconds
[2020-12-20 05:10:14,495] {scheduler_job.py:181} INFO - Started process (PID=63352) to work on /Users/harshittyagi/lil/de_env/lib/python3.8/site-packages/airflow/example_dags/example_branch_python_dop_operator_3.py
[2020-12-20 05:10:14,496] {scheduler_job.py:629} INFO - Processing file /Users/harshittyagi/lil/de_env/lib/python3.8/site-packages/airflow/example_dags/example_branch_python_dop_operator_3.py for tasks to queue
[2020-12-20 05:10:14,496] {logging_mixin.py:103} INFO - [2020-12-20 05:10:14,496] {dagbag.py:440} INFO - Filling up the DagBag from /Users/harshittyagi/lil/de_env/lib/python3.8/site-packages/airflow/example_dags/example_branch_python_dop_operator_3.py
[2020-12-20 05:10:14,502] {scheduler_job.py:639} INFO - DAG(s) dict_keys(['example_branch_dop_operator_v3']) retrieved from /Users/harshittyagi/lil/de_env/lib/python3.8/site-packages/airflow/example_dags/example_branch_python_dop_operator_3.py
[2020-12-20 05:10:14,502] {logging_mixin.py:103} INFO - [2020-12-20 05:10:14,502] {dag.py:1813} INFO - Sync 1 DAGs
[2020-12-20 05:10:14,539] {logging_mixin.py:103} INFO - [2020-12-20 05:10:14,539] {dag.py:2266} INFO - Setting next_dagrun for example_branch_dop_operator_v3 to 2020-12-17 00:00:00+00:00
[2020-12-20 05:10:14,546] {scheduler_job.py:189} INFO - Processing /Users/harshittyagi/lil/de_env/lib/python3.8/site-packages/airflow/example_dags/example_branch_python_dop_operator_3.py took 0.051 seconds
[2020-12-20 05:11:08,731] {scheduler_job.py:181} INFO - Started process (PID=63634) to work on /Users/harshittyagi/lil/de_env/lib/python3.8/site-packages/airflow/example_dags/example_branch_python_dop_operator_3.py
[2020-12-20 05:11:08,731] {scheduler_job.py:629} INFO - Processing file /Users/harshittyagi/lil/de_env/lib/python3.8/site-packages/airflow/example_dags/example_branch_python_dop_operator_3.py for tasks to queue
[2020-12-20 05:11:08,732] {logging_mixin.py:103} INFO - [2020-12-20 05:11:08,731] {dagbag.py:440} INFO - Filling up the DagBag from /Users/harshittyagi/lil/de_env/lib/python3.8/site-packages/airflow/example_dags/example_branch_python_dop_operator_3.py
[2020-12-20 05:11:08,739] {scheduler_job.py:639} INFO - DAG(s) dict_keys(['example_branch_dop_operator_v3']) retrieved from /Users/harshittyagi/lil/de_env/lib/python3.8/site-packages/airflow/example_dags/example_branch_python_dop_operator_3.py
[2020-12-20 05:11:08,739] {logging_mixin.py:103} INFO - [2020-12-20 05:11:08,739] {dag.py:1813} INFO - Sync 1 DAGs
[2020-12-20 05:11:08,778] {logging_mixin.py:103} INFO - [2020-12-20 05:11:08,778] {dag.py:2266} INFO - Setting next_dagrun for example_branch_dop_operator_v3 to 2020-12-17 00:00:00+00:00
[2020-12-20 05:11:08,786] {scheduler_job.py:189} INFO - Processing /Users/harshittyagi/lil/de_env/lib/python3.8/site-packages/airflow/example_dags/example_branch_python_dop_operator_3.py took 0.056 seconds
[2020-12-20 05:12:00,147] {scheduler_job.py:181} INFO - Started process (PID=63919) to work on /Users/harshittyagi/lil/de_env/lib/python3.8/site-packages/airflow/example_dags/example_branch_python_dop_operator_3.py
[2020-12-20 05:12:00,147] {scheduler_job.py:629} INFO - Processing file /Users/harshittyagi/lil/de_env/lib/python3.8/site-packages/airflow/example_dags/example_branch_python_dop_operator_3.py for tasks to queue
[2020-12-20 05:12:00,148] {logging_mixin.py:103} INFO - [2020-12-20 05:12:00,147] {dagbag.py:440} INFO - Filling up the DagBag from /Users/harshittyagi/lil/de_env/lib/python3.8/site-packages/airflow/example_dags/example_branch_python_dop_operator_3.py
[2020-12-20 05:12:00,153] {scheduler_job.py:639} INFO - DAG(s) dict_keys(['example_branch_dop_operator_v3']) retrieved from /Users/harshittyagi/lil/de_env/lib/python3.8/site-packages/airflow/example_dags/example_branch_python_dop_operator_3.py
[2020-12-20 05:12:00,153] {logging_mixin.py:103} INFO - [2020-12-20 05:12:00,153] {dag.py:1813} INFO - Sync 1 DAGs
[2020-12-20 05:12:00,187] {logging_mixin.py:103} INFO - [2020-12-20 05:12:00,187] {dag.py:2266} INFO - Setting next_dagrun for example_branch_dop_operator_v3 to 2020-12-17 00:00:00+00:00
[2020-12-20 05:12:00,194] {scheduler_job.py:189} INFO - Processing /Users/harshittyagi/lil/de_env/lib/python3.8/site-packages/airflow/example_dags/example_branch_python_dop_operator_3.py took 0.047 seconds
[2020-12-20 05:12:53,850] {scheduler_job.py:181} INFO - Started process (PID=64201) to work on /Users/harshittyagi/lil/de_env/lib/python3.8/site-packages/airflow/example_dags/example_branch_python_dop_operator_3.py
[2020-12-20 05:12:53,850] {scheduler_job.py:629} INFO - Processing file /Users/harshittyagi/lil/de_env/lib/python3.8/site-packages/airflow/example_dags/example_branch_python_dop_operator_3.py for tasks to queue
[2020-12-20 05:12:53,851] {logging_mixin.py:103} INFO - [2020-12-20 05:12:53,850] {dagbag.py:440} INFO - Filling up the DagBag from /Users/harshittyagi/lil/de_env/lib/python3.8/site-packages/airflow/example_dags/example_branch_python_dop_operator_3.py
[2020-12-20 05:12:53,857] {scheduler_job.py:639} INFO - DAG(s) dict_keys(['example_branch_dop_operator_v3']) retrieved from /Users/harshittyagi/lil/de_env/lib/python3.8/site-packages/airflow/example_dags/example_branch_python_dop_operator_3.py
[2020-12-20 05:12:53,858] {logging_mixin.py:103} INFO - [2020-12-20 05:12:53,858] {dag.py:1813} INFO - Sync 1 DAGs
[2020-12-20 05:12:53,897] {logging_mixin.py:103} INFO - [2020-12-20 05:12:53,896] {dag.py:2266} INFO - Setting next_dagrun for example_branch_dop_operator_v3 to 2020-12-17 00:00:00+00:00
[2020-12-20 05:12:53,907] {scheduler_job.py:189} INFO - Processing /Users/harshittyagi/lil/de_env/lib/python3.8/site-packages/airflow/example_dags/example_branch_python_dop_operator_3.py took 0.057 seconds
[2020-12-20 05:13:47,680] {scheduler_job.py:181} INFO - Started process (PID=64484) to work on /Users/harshittyagi/lil/de_env/lib/python3.8/site-packages/airflow/example_dags/example_branch_python_dop_operator_3.py
[2020-12-20 05:13:47,680] {scheduler_job.py:629} INFO - Processing file /Users/harshittyagi/lil/de_env/lib/python3.8/site-packages/airflow/example_dags/example_branch_python_dop_operator_3.py for tasks to queue
[2020-12-20 05:13:47,680] {logging_mixin.py:103} INFO - [2020-12-20 05:13:47,680] {dagbag.py:440} INFO - Filling up the DagBag from /Users/harshittyagi/lil/de_env/lib/python3.8/site-packages/airflow/example_dags/example_branch_python_dop_operator_3.py
[2020-12-20 05:13:47,686] {scheduler_job.py:639} INFO - DAG(s) dict_keys(['example_branch_dop_operator_v3']) retrieved from /Users/harshittyagi/lil/de_env/lib/python3.8/site-packages/airflow/example_dags/example_branch_python_dop_operator_3.py
[2020-12-20 05:13:47,687] {logging_mixin.py:103} INFO - [2020-12-20 05:13:47,687] {dag.py:1813} INFO - Sync 1 DAGs
[2020-12-20 05:13:47,726] {logging_mixin.py:103} INFO - [2020-12-20 05:13:47,726] {dag.py:2266} INFO - Setting next_dagrun for example_branch_dop_operator_v3 to 2020-12-17 00:00:00+00:00
[2020-12-20 05:13:47,734] {scheduler_job.py:189} INFO - Processing /Users/harshittyagi/lil/de_env/lib/python3.8/site-packages/airflow/example_dags/example_branch_python_dop_operator_3.py took 0.055 seconds
[2020-12-20 05:14:41,606] {scheduler_job.py:181} INFO - Started process (PID=64767) to work on /Users/harshittyagi/lil/de_env/lib/python3.8/site-packages/airflow/example_dags/example_branch_python_dop_operator_3.py
[2020-12-20 05:14:41,606] {scheduler_job.py:629} INFO - Processing file /Users/harshittyagi/lil/de_env/lib/python3.8/site-packages/airflow/example_dags/example_branch_python_dop_operator_3.py for tasks to queue
[2020-12-20 05:14:41,606] {logging_mixin.py:103} INFO - [2020-12-20 05:14:41,606] {dagbag.py:440} INFO - Filling up the DagBag from /Users/harshittyagi/lil/de_env/lib/python3.8/site-packages/airflow/example_dags/example_branch_python_dop_operator_3.py
[2020-12-20 05:14:41,612] {scheduler_job.py:639} INFO - DAG(s) dict_keys(['example_branch_dop_operator_v3']) retrieved from /Users/harshittyagi/lil/de_env/lib/python3.8/site-packages/airflow/example_dags/example_branch_python_dop_operator_3.py
[2020-12-20 05:14:41,613] {logging_mixin.py:103} INFO - [2020-12-20 05:14:41,613] {dag.py:1813} INFO - Sync 1 DAGs
[2020-12-20 05:14:41,649] {logging_mixin.py:103} INFO - [2020-12-20 05:14:41,649] {dag.py:2266} INFO - Setting next_dagrun for example_branch_dop_operator_v3 to 2020-12-17 00:00:00+00:00
[2020-12-20 05:14:41,658] {scheduler_job.py:189} INFO - Processing /Users/harshittyagi/lil/de_env/lib/python3.8/site-packages/airflow/example_dags/example_branch_python_dop_operator_3.py took 0.053 seconds
[2020-12-20 05:15:32,527] {scheduler_job.py:181} INFO - Started process (PID=65056) to work on /Users/harshittyagi/lil/de_env/lib/python3.8/site-packages/airflow/example_dags/example_branch_python_dop_operator_3.py
[2020-12-20 05:15:32,527] {scheduler_job.py:629} INFO - Processing file /Users/harshittyagi/lil/de_env/lib/python3.8/site-packages/airflow/example_dags/example_branch_python_dop_operator_3.py for tasks to queue
[2020-12-20 05:15:32,528] {logging_mixin.py:103} INFO - [2020-12-20 05:15:32,528] {dagbag.py:440} INFO - Filling up the DagBag from /Users/harshittyagi/lil/de_env/lib/python3.8/site-packages/airflow/example_dags/example_branch_python_dop_operator_3.py
[2020-12-20 05:15:32,534] {scheduler_job.py:639} INFO - DAG(s) dict_keys(['example_branch_dop_operator_v3']) retrieved from /Users/harshittyagi/lil/de_env/lib/python3.8/site-packages/airflow/example_dags/example_branch_python_dop_operator_3.py
[2020-12-20 05:15:32,534] {logging_mixin.py:103} INFO - [2020-12-20 05:15:32,534] {dag.py:1813} INFO - Sync 1 DAGs
[2020-12-20 05:15:32,568] {logging_mixin.py:103} INFO - [2020-12-20 05:15:32,568] {dag.py:2266} INFO - Setting next_dagrun for example_branch_dop_operator_v3 to 2020-12-17 00:00:00+00:00
[2020-12-20 05:15:32,577] {scheduler_job.py:189} INFO - Processing /Users/harshittyagi/lil/de_env/lib/python3.8/site-packages/airflow/example_dags/example_branch_python_dop_operator_3.py took 0.050 seconds
[2020-12-20 05:16:26,314] {scheduler_job.py:181} INFO - Started process (PID=65337) to work on /Users/harshittyagi/lil/de_env/lib/python3.8/site-packages/airflow/example_dags/example_branch_python_dop_operator_3.py
[2020-12-20 05:16:26,315] {scheduler_job.py:629} INFO - Processing file /Users/harshittyagi/lil/de_env/lib/python3.8/site-packages/airflow/example_dags/example_branch_python_dop_operator_3.py for tasks to queue
[2020-12-20 05:16:26,315] {logging_mixin.py:103} INFO - [2020-12-20 05:16:26,315] {dagbag.py:440} INFO - Filling up the DagBag from /Users/harshittyagi/lil/de_env/lib/python3.8/site-packages/airflow/example_dags/example_branch_python_dop_operator_3.py
[2020-12-20 05:16:26,321] {scheduler_job.py:639} INFO - DAG(s) dict_keys(['example_branch_dop_operator_v3']) retrieved from /Users/harshittyagi/lil/de_env/lib/python3.8/site-packages/airflow/example_dags/example_branch_python_dop_operator_3.py
[2020-12-20 05:16:26,322] {logging_mixin.py:103} INFO - [2020-12-20 05:16:26,321] {dag.py:1813} INFO - Sync 1 DAGs
[2020-12-20 05:16:26,355] {logging_mixin.py:103} INFO - [2020-12-20 05:16:26,355] {dag.py:2266} INFO - Setting next_dagrun for example_branch_dop_operator_v3 to 2020-12-17 00:00:00+00:00
[2020-12-20 05:16:26,366] {scheduler_job.py:189} INFO - Processing /Users/harshittyagi/lil/de_env/lib/python3.8/site-packages/airflow/example_dags/example_branch_python_dop_operator_3.py took 0.052 seconds
[2020-12-20 05:17:20,458] {scheduler_job.py:181} INFO - Started process (PID=65621) to work on /Users/harshittyagi/lil/de_env/lib/python3.8/site-packages/airflow/example_dags/example_branch_python_dop_operator_3.py
[2020-12-20 05:17:20,458] {scheduler_job.py:629} INFO - Processing file /Users/harshittyagi/lil/de_env/lib/python3.8/site-packages/airflow/example_dags/example_branch_python_dop_operator_3.py for tasks to queue
[2020-12-20 05:17:20,458] {logging_mixin.py:103} INFO - [2020-12-20 05:17:20,458] {dagbag.py:440} INFO - Filling up the DagBag from /Users/harshittyagi/lil/de_env/lib/python3.8/site-packages/airflow/example_dags/example_branch_python_dop_operator_3.py
[2020-12-20 05:17:20,464] {scheduler_job.py:639} INFO - DAG(s) dict_keys(['example_branch_dop_operator_v3']) retrieved from /Users/harshittyagi/lil/de_env/lib/python3.8/site-packages/airflow/example_dags/example_branch_python_dop_operator_3.py
[2020-12-20 05:17:20,464] {logging_mixin.py:103} INFO - [2020-12-20 05:17:20,464] {dag.py:1813} INFO - Sync 1 DAGs
[2020-12-20 05:17:20,498] {logging_mixin.py:103} INFO - [2020-12-20 05:17:20,498] {dag.py:2266} INFO - Setting next_dagrun for example_branch_dop_operator_v3 to 2020-12-17 00:00:00+00:00
[2020-12-20 05:17:20,508] {scheduler_job.py:189} INFO - Processing /Users/harshittyagi/lil/de_env/lib/python3.8/site-packages/airflow/example_dags/example_branch_python_dop_operator_3.py took 0.050 seconds
[2020-12-20 05:18:14,263] {scheduler_job.py:181} INFO - Started process (PID=65906) to work on /Users/harshittyagi/lil/de_env/lib/python3.8/site-packages/airflow/example_dags/example_branch_python_dop_operator_3.py
[2020-12-20 05:18:14,264] {scheduler_job.py:629} INFO - Processing file /Users/harshittyagi/lil/de_env/lib/python3.8/site-packages/airflow/example_dags/example_branch_python_dop_operator_3.py for tasks to queue
[2020-12-20 05:18:14,264] {logging_mixin.py:103} INFO - [2020-12-20 05:18:14,264] {dagbag.py:440} INFO - Filling up the DagBag from /Users/harshittyagi/lil/de_env/lib/python3.8/site-packages/airflow/example_dags/example_branch_python_dop_operator_3.py
[2020-12-20 05:18:14,270] {scheduler_job.py:639} INFO - DAG(s) dict_keys(['example_branch_dop_operator_v3']) retrieved from /Users/harshittyagi/lil/de_env/lib/python3.8/site-packages/airflow/example_dags/example_branch_python_dop_operator_3.py
[2020-12-20 05:18:14,270] {logging_mixin.py:103} INFO - [2020-12-20 05:18:14,270] {dag.py:1813} INFO - Sync 1 DAGs
[2020-12-20 05:18:14,304] {logging_mixin.py:103} INFO - [2020-12-20 05:18:14,304] {dag.py:2266} INFO - Setting next_dagrun for example_branch_dop_operator_v3 to 2020-12-17 00:00:00+00:00
[2020-12-20 05:18:14,315] {scheduler_job.py:189} INFO - Processing /Users/harshittyagi/lil/de_env/lib/python3.8/site-packages/airflow/example_dags/example_branch_python_dop_operator_3.py took 0.052 seconds
[2020-12-20 05:19:10,468] {scheduler_job.py:181} INFO - Started process (PID=66192) to work on /Users/harshittyagi/lil/de_env/lib/python3.8/site-packages/airflow/example_dags/example_branch_python_dop_operator_3.py
[2020-12-20 05:19:10,469] {scheduler_job.py:629} INFO - Processing file /Users/harshittyagi/lil/de_env/lib/python3.8/site-packages/airflow/example_dags/example_branch_python_dop_operator_3.py for tasks to queue
[2020-12-20 05:19:10,469] {logging_mixin.py:103} INFO - [2020-12-20 05:19:10,469] {dagbag.py:440} INFO - Filling up the DagBag from /Users/harshittyagi/lil/de_env/lib/python3.8/site-packages/airflow/example_dags/example_branch_python_dop_operator_3.py
[2020-12-20 05:19:10,478] {scheduler_job.py:639} INFO - DAG(s) dict_keys(['example_branch_dop_operator_v3']) retrieved from /Users/harshittyagi/lil/de_env/lib/python3.8/site-packages/airflow/example_dags/example_branch_python_dop_operator_3.py
[2020-12-20 05:19:10,478] {logging_mixin.py:103} INFO - [2020-12-20 05:19:10,478] {dag.py:1813} INFO - Sync 1 DAGs
[2020-12-20 05:19:10,526] {logging_mixin.py:103} INFO - [2020-12-20 05:19:10,526] {dag.py:2266} INFO - Setting next_dagrun for example_branch_dop_operator_v3 to 2020-12-17 00:00:00+00:00
[2020-12-20 05:19:10,540] {scheduler_job.py:189} INFO - Processing /Users/harshittyagi/lil/de_env/lib/python3.8/site-packages/airflow/example_dags/example_branch_python_dop_operator_3.py took 0.073 seconds
[2020-12-20 05:20:04,865] {scheduler_job.py:181} INFO - Started process (PID=66483) to work on /Users/harshittyagi/lil/de_env/lib/python3.8/site-packages/airflow/example_dags/example_branch_python_dop_operator_3.py
[2020-12-20 05:20:04,865] {scheduler_job.py:629} INFO - Processing file /Users/harshittyagi/lil/de_env/lib/python3.8/site-packages/airflow/example_dags/example_branch_python_dop_operator_3.py for tasks to queue
[2020-12-20 05:20:04,866] {logging_mixin.py:103} INFO - [2020-12-20 05:20:04,866] {dagbag.py:440} INFO - Filling up the DagBag from /Users/harshittyagi/lil/de_env/lib/python3.8/site-packages/airflow/example_dags/example_branch_python_dop_operator_3.py
[2020-12-20 05:20:04,873] {scheduler_job.py:639} INFO - DAG(s) dict_keys(['example_branch_dop_operator_v3']) retrieved from /Users/harshittyagi/lil/de_env/lib/python3.8/site-packages/airflow/example_dags/example_branch_python_dop_operator_3.py
[2020-12-20 05:20:04,873] {logging_mixin.py:103} INFO - [2020-12-20 05:20:04,873] {dag.py:1813} INFO - Sync 1 DAGs
[2020-12-20 05:20:04,915] {logging_mixin.py:103} INFO - [2020-12-20 05:20:04,915] {dag.py:2266} INFO - Setting next_dagrun for example_branch_dop_operator_v3 to 2020-12-17 00:00:00+00:00
[2020-12-20 05:20:04,928] {scheduler_job.py:189} INFO - Processing /Users/harshittyagi/lil/de_env/lib/python3.8/site-packages/airflow/example_dags/example_branch_python_dop_operator_3.py took 0.063 seconds
[2020-12-20 05:21:02,239] {scheduler_job.py:181} INFO - Started process (PID=66776) to work on /Users/harshittyagi/lil/de_env/lib/python3.8/site-packages/airflow/example_dags/example_branch_python_dop_operator_3.py
[2020-12-20 05:21:02,240] {scheduler_job.py:629} INFO - Processing file /Users/harshittyagi/lil/de_env/lib/python3.8/site-packages/airflow/example_dags/example_branch_python_dop_operator_3.py for tasks to queue
[2020-12-20 05:21:02,240] {logging_mixin.py:103} INFO - [2020-12-20 05:21:02,240] {dagbag.py:440} INFO - Filling up the DagBag from /Users/harshittyagi/lil/de_env/lib/python3.8/site-packages/airflow/example_dags/example_branch_python_dop_operator_3.py
[2020-12-20 05:21:02,248] {scheduler_job.py:639} INFO - DAG(s) dict_keys(['example_branch_dop_operator_v3']) retrieved from /Users/harshittyagi/lil/de_env/lib/python3.8/site-packages/airflow/example_dags/example_branch_python_dop_operator_3.py
[2020-12-20 05:21:02,249] {logging_mixin.py:103} INFO - [2020-12-20 05:21:02,248] {dag.py:1813} INFO - Sync 1 DAGs
[2020-12-20 05:21:02,290] {logging_mixin.py:103} INFO - [2020-12-20 05:21:02,290] {dag.py:2266} INFO - Setting next_dagrun for example_branch_dop_operator_v3 to 2020-12-17 00:00:00+00:00
[2020-12-20 05:21:02,302] {scheduler_job.py:189} INFO - Processing /Users/harshittyagi/lil/de_env/lib/python3.8/site-packages/airflow/example_dags/example_branch_python_dop_operator_3.py took 0.064 seconds
[2020-12-20 05:21:57,671] {scheduler_job.py:181} INFO - Started process (PID=67060) to work on /Users/harshittyagi/lil/de_env/lib/python3.8/site-packages/airflow/example_dags/example_branch_python_dop_operator_3.py
[2020-12-20 05:21:57,671] {scheduler_job.py:629} INFO - Processing file /Users/harshittyagi/lil/de_env/lib/python3.8/site-packages/airflow/example_dags/example_branch_python_dop_operator_3.py for tasks to queue
[2020-12-20 05:21:57,671] {logging_mixin.py:103} INFO - [2020-12-20 05:21:57,671] {dagbag.py:440} INFO - Filling up the DagBag from /Users/harshittyagi/lil/de_env/lib/python3.8/site-packages/airflow/example_dags/example_branch_python_dop_operator_3.py
[2020-12-20 05:21:57,679] {scheduler_job.py:639} INFO - DAG(s) dict_keys(['example_branch_dop_operator_v3']) retrieved from /Users/harshittyagi/lil/de_env/lib/python3.8/site-packages/airflow/example_dags/example_branch_python_dop_operator_3.py
[2020-12-20 05:21:57,679] {logging_mixin.py:103} INFO - [2020-12-20 05:21:57,679] {dag.py:1813} INFO - Sync 1 DAGs
[2020-12-20 05:21:57,719] {logging_mixin.py:103} INFO - [2020-12-20 05:21:57,719] {dag.py:2266} INFO - Setting next_dagrun for example_branch_dop_operator_v3 to 2020-12-17 00:00:00+00:00
[2020-12-20 05:21:57,732] {scheduler_job.py:189} INFO - Processing /Users/harshittyagi/lil/de_env/lib/python3.8/site-packages/airflow/example_dags/example_branch_python_dop_operator_3.py took 0.062 seconds
[2020-12-20 05:22:52,787] {scheduler_job.py:181} INFO - Started process (PID=67349) to work on /Users/harshittyagi/lil/de_env/lib/python3.8/site-packages/airflow/example_dags/example_branch_python_dop_operator_3.py
[2020-12-20 05:22:52,788] {scheduler_job.py:629} INFO - Processing file /Users/harshittyagi/lil/de_env/lib/python3.8/site-packages/airflow/example_dags/example_branch_python_dop_operator_3.py for tasks to queue
[2020-12-20 05:22:52,788] {logging_mixin.py:103} INFO - [2020-12-20 05:22:52,788] {dagbag.py:440} INFO - Filling up the DagBag from /Users/harshittyagi/lil/de_env/lib/python3.8/site-packages/airflow/example_dags/example_branch_python_dop_operator_3.py
[2020-12-20 05:22:52,795] {scheduler_job.py:639} INFO - DAG(s) dict_keys(['example_branch_dop_operator_v3']) retrieved from /Users/harshittyagi/lil/de_env/lib/python3.8/site-packages/airflow/example_dags/example_branch_python_dop_operator_3.py
[2020-12-20 05:22:52,796] {logging_mixin.py:103} INFO - [2020-12-20 05:22:52,796] {dag.py:1813} INFO - Sync 1 DAGs
[2020-12-20 05:22:52,833] {logging_mixin.py:103} INFO - [2020-12-20 05:22:52,833] {dag.py:2266} INFO - Setting next_dagrun for example_branch_dop_operator_v3 to 2020-12-17 00:00:00+00:00
[2020-12-20 05:22:52,841] {scheduler_job.py:189} INFO - Processing /Users/harshittyagi/lil/de_env/lib/python3.8/site-packages/airflow/example_dags/example_branch_python_dop_operator_3.py took 0.054 seconds
[2020-12-20 05:23:47,929] {scheduler_job.py:181} INFO - Started process (PID=67637) to work on /Users/harshittyagi/lil/de_env/lib/python3.8/site-packages/airflow/example_dags/example_branch_python_dop_operator_3.py
[2020-12-20 05:23:47,930] {scheduler_job.py:629} INFO - Processing file /Users/harshittyagi/lil/de_env/lib/python3.8/site-packages/airflow/example_dags/example_branch_python_dop_operator_3.py for tasks to queue
[2020-12-20 05:23:47,930] {logging_mixin.py:103} INFO - [2020-12-20 05:23:47,930] {dagbag.py:440} INFO - Filling up the DagBag from /Users/harshittyagi/lil/de_env/lib/python3.8/site-packages/airflow/example_dags/example_branch_python_dop_operator_3.py
[2020-12-20 05:23:47,936] {scheduler_job.py:639} INFO - DAG(s) dict_keys(['example_branch_dop_operator_v3']) retrieved from /Users/harshittyagi/lil/de_env/lib/python3.8/site-packages/airflow/example_dags/example_branch_python_dop_operator_3.py
[2020-12-20 05:23:47,936] {logging_mixin.py:103} INFO - [2020-12-20 05:23:47,936] {dag.py:1813} INFO - Sync 1 DAGs
[2020-12-20 05:23:47,970] {logging_mixin.py:103} INFO - [2020-12-20 05:23:47,970] {dag.py:2266} INFO - Setting next_dagrun for example_branch_dop_operator_v3 to 2020-12-17 00:00:00+00:00
[2020-12-20 05:23:47,978] {scheduler_job.py:189} INFO - Processing /Users/harshittyagi/lil/de_env/lib/python3.8/site-packages/airflow/example_dags/example_branch_python_dop_operator_3.py took 0.049 seconds
[2020-12-20 05:24:42,996] {scheduler_job.py:181} INFO - Started process (PID=67924) to work on /Users/harshittyagi/lil/de_env/lib/python3.8/site-packages/airflow/example_dags/example_branch_python_dop_operator_3.py
[2020-12-20 05:24:42,996] {scheduler_job.py:629} INFO - Processing file /Users/harshittyagi/lil/de_env/lib/python3.8/site-packages/airflow/example_dags/example_branch_python_dop_operator_3.py for tasks to queue
[2020-12-20 05:24:42,997] {logging_mixin.py:103} INFO - [2020-12-20 05:24:42,997] {dagbag.py:440} INFO - Filling up the DagBag from /Users/harshittyagi/lil/de_env/lib/python3.8/site-packages/airflow/example_dags/example_branch_python_dop_operator_3.py
[2020-12-20 05:24:43,004] {scheduler_job.py:639} INFO - DAG(s) dict_keys(['example_branch_dop_operator_v3']) retrieved from /Users/harshittyagi/lil/de_env/lib/python3.8/site-packages/airflow/example_dags/example_branch_python_dop_operator_3.py
[2020-12-20 05:24:43,004] {logging_mixin.py:103} INFO - [2020-12-20 05:24:43,004] {dag.py:1813} INFO - Sync 1 DAGs
[2020-12-20 05:24:43,045] {logging_mixin.py:103} INFO - [2020-12-20 05:24:43,045] {dag.py:2266} INFO - Setting next_dagrun for example_branch_dop_operator_v3 to 2020-12-17 00:00:00+00:00
[2020-12-20 05:24:43,057] {scheduler_job.py:189} INFO - Processing /Users/harshittyagi/lil/de_env/lib/python3.8/site-packages/airflow/example_dags/example_branch_python_dop_operator_3.py took 0.062 seconds
[2020-12-20 05:25:38,099] {scheduler_job.py:181} INFO - Started process (PID=68211) to work on /Users/harshittyagi/lil/de_env/lib/python3.8/site-packages/airflow/example_dags/example_branch_python_dop_operator_3.py
[2020-12-20 05:25:38,100] {scheduler_job.py:629} INFO - Processing file /Users/harshittyagi/lil/de_env/lib/python3.8/site-packages/airflow/example_dags/example_branch_python_dop_operator_3.py for tasks to queue
[2020-12-20 05:25:38,100] {logging_mixin.py:103} INFO - [2020-12-20 05:25:38,100] {dagbag.py:440} INFO - Filling up the DagBag from /Users/harshittyagi/lil/de_env/lib/python3.8/site-packages/airflow/example_dags/example_branch_python_dop_operator_3.py
[2020-12-20 05:25:38,108] {scheduler_job.py:639} INFO - DAG(s) dict_keys(['example_branch_dop_operator_v3']) retrieved from /Users/harshittyagi/lil/de_env/lib/python3.8/site-packages/airflow/example_dags/example_branch_python_dop_operator_3.py
[2020-12-20 05:25:38,108] {logging_mixin.py:103} INFO - [2020-12-20 05:25:38,108] {dag.py:1813} INFO - Sync 1 DAGs
[2020-12-20 05:25:38,148] {logging_mixin.py:103} INFO - [2020-12-20 05:25:38,148] {dag.py:2266} INFO - Setting next_dagrun for example_branch_dop_operator_v3 to 2020-12-17 00:00:00+00:00
[2020-12-20 05:25:38,160] {scheduler_job.py:189} INFO - Processing /Users/harshittyagi/lil/de_env/lib/python3.8/site-packages/airflow/example_dags/example_branch_python_dop_operator_3.py took 0.061 seconds
[2020-12-20 05:26:33,399] {scheduler_job.py:181} INFO - Started process (PID=68494) to work on /Users/harshittyagi/lil/de_env/lib/python3.8/site-packages/airflow/example_dags/example_branch_python_dop_operator_3.py
[2020-12-20 05:26:33,399] {scheduler_job.py:629} INFO - Processing file /Users/harshittyagi/lil/de_env/lib/python3.8/site-packages/airflow/example_dags/example_branch_python_dop_operator_3.py for tasks to queue
[2020-12-20 05:26:33,400] {logging_mixin.py:103} INFO - [2020-12-20 05:26:33,400] {dagbag.py:440} INFO - Filling up the DagBag from /Users/harshittyagi/lil/de_env/lib/python3.8/site-packages/airflow/example_dags/example_branch_python_dop_operator_3.py
[2020-12-20 05:26:33,407] {scheduler_job.py:639} INFO - DAG(s) dict_keys(['example_branch_dop_operator_v3']) retrieved from /Users/harshittyagi/lil/de_env/lib/python3.8/site-packages/airflow/example_dags/example_branch_python_dop_operator_3.py
[2020-12-20 05:26:33,407] {logging_mixin.py:103} INFO - [2020-12-20 05:26:33,407] {dag.py:1813} INFO - Sync 1 DAGs
[2020-12-20 05:26:33,448] {logging_mixin.py:103} INFO - [2020-12-20 05:26:33,448] {dag.py:2266} INFO - Setting next_dagrun for example_branch_dop_operator_v3 to 2020-12-17 00:00:00+00:00
[2020-12-20 05:26:33,456] {scheduler_job.py:189} INFO - Processing /Users/harshittyagi/lil/de_env/lib/python3.8/site-packages/airflow/example_dags/example_branch_python_dop_operator_3.py took 0.057 seconds
[2020-12-20 05:27:28,749] {scheduler_job.py:181} INFO - Started process (PID=68784) to work on /Users/harshittyagi/lil/de_env/lib/python3.8/site-packages/airflow/example_dags/example_branch_python_dop_operator_3.py
[2020-12-20 05:27:28,750] {scheduler_job.py:629} INFO - Processing file /Users/harshittyagi/lil/de_env/lib/python3.8/site-packages/airflow/example_dags/example_branch_python_dop_operator_3.py for tasks to queue
[2020-12-20 05:27:28,751] {logging_mixin.py:103} INFO - [2020-12-20 05:27:28,750] {dagbag.py:440} INFO - Filling up the DagBag from /Users/harshittyagi/lil/de_env/lib/python3.8/site-packages/airflow/example_dags/example_branch_python_dop_operator_3.py
[2020-12-20 05:27:28,758] {scheduler_job.py:639} INFO - DAG(s) dict_keys(['example_branch_dop_operator_v3']) retrieved from /Users/harshittyagi/lil/de_env/lib/python3.8/site-packages/airflow/example_dags/example_branch_python_dop_operator_3.py
[2020-12-20 05:27:28,758] {logging_mixin.py:103} INFO - [2020-12-20 05:27:28,758] {dag.py:1813} INFO - Sync 1 DAGs
[2020-12-20 05:27:28,797] {logging_mixin.py:103} INFO - [2020-12-20 05:27:28,797] {dag.py:2266} INFO - Setting next_dagrun for example_branch_dop_operator_v3 to 2020-12-17 00:00:00+00:00
[2020-12-20 05:27:28,809] {scheduler_job.py:189} INFO - Processing /Users/harshittyagi/lil/de_env/lib/python3.8/site-packages/airflow/example_dags/example_branch_python_dop_operator_3.py took 0.060 seconds
[2020-12-20 05:28:25,634] {scheduler_job.py:181} INFO - Started process (PID=69067) to work on /Users/harshittyagi/lil/de_env/lib/python3.8/site-packages/airflow/example_dags/example_branch_python_dop_operator_3.py
[2020-12-20 05:28:25,634] {scheduler_job.py:629} INFO - Processing file /Users/harshittyagi/lil/de_env/lib/python3.8/site-packages/airflow/example_dags/example_branch_python_dop_operator_3.py for tasks to queue
[2020-12-20 05:28:25,635] {logging_mixin.py:103} INFO - [2020-12-20 05:28:25,634] {dagbag.py:440} INFO - Filling up the DagBag from /Users/harshittyagi/lil/de_env/lib/python3.8/site-packages/airflow/example_dags/example_branch_python_dop_operator_3.py
[2020-12-20 05:28:25,641] {scheduler_job.py:639} INFO - DAG(s) dict_keys(['example_branch_dop_operator_v3']) retrieved from /Users/harshittyagi/lil/de_env/lib/python3.8/site-packages/airflow/example_dags/example_branch_python_dop_operator_3.py
[2020-12-20 05:28:25,642] {logging_mixin.py:103} INFO - [2020-12-20 05:28:25,642] {dag.py:1813} INFO - Sync 1 DAGs
[2020-12-20 05:28:25,682] {logging_mixin.py:103} INFO - [2020-12-20 05:28:25,682] {dag.py:2266} INFO - Setting next_dagrun for example_branch_dop_operator_v3 to 2020-12-17 00:00:00+00:00
[2020-12-20 05:28:25,690] {scheduler_job.py:189} INFO - Processing /Users/harshittyagi/lil/de_env/lib/python3.8/site-packages/airflow/example_dags/example_branch_python_dop_operator_3.py took 0.056 seconds
[2020-12-20 05:29:19,525] {scheduler_job.py:181} INFO - Started process (PID=69352) to work on /Users/harshittyagi/lil/de_env/lib/python3.8/site-packages/airflow/example_dags/example_branch_python_dop_operator_3.py
[2020-12-20 05:29:19,525] {scheduler_job.py:629} INFO - Processing file /Users/harshittyagi/lil/de_env/lib/python3.8/site-packages/airflow/example_dags/example_branch_python_dop_operator_3.py for tasks to queue
[2020-12-20 05:29:19,525] {logging_mixin.py:103} INFO - [2020-12-20 05:29:19,525] {dagbag.py:440} INFO - Filling up the DagBag from /Users/harshittyagi/lil/de_env/lib/python3.8/site-packages/airflow/example_dags/example_branch_python_dop_operator_3.py
[2020-12-20 05:29:19,532] {scheduler_job.py:639} INFO - DAG(s) dict_keys(['example_branch_dop_operator_v3']) retrieved from /Users/harshittyagi/lil/de_env/lib/python3.8/site-packages/airflow/example_dags/example_branch_python_dop_operator_3.py
[2020-12-20 05:29:19,532] {logging_mixin.py:103} INFO - [2020-12-20 05:29:19,532] {dag.py:1813} INFO - Sync 1 DAGs
[2020-12-20 05:29:19,567] {logging_mixin.py:103} INFO - [2020-12-20 05:29:19,567] {dag.py:2266} INFO - Setting next_dagrun for example_branch_dop_operator_v3 to 2020-12-17 00:00:00+00:00
[2020-12-20 05:29:19,578] {scheduler_job.py:189} INFO - Processing /Users/harshittyagi/lil/de_env/lib/python3.8/site-packages/airflow/example_dags/example_branch_python_dop_operator_3.py took 0.053 seconds
