[2020-12-20 04:42:20,702] {scheduler_job.py:181} INFO - Started process (PID=54721) to work on /Users/harshittyagi/lil/de_env/lib/python3.8/site-packages/airflow/example_dags/example_python_operator.py
[2020-12-20 04:42:20,703] {scheduler_job.py:629} INFO - Processing file /Users/harshittyagi/lil/de_env/lib/python3.8/site-packages/airflow/example_dags/example_python_operator.py for tasks to queue
[2020-12-20 04:42:20,703] {logging_mixin.py:103} INFO - [2020-12-20 04:42:20,703] {dagbag.py:440} INFO - Filling up the DagBag from /Users/harshittyagi/lil/de_env/lib/python3.8/site-packages/airflow/example_dags/example_python_operator.py
[2020-12-20 04:42:20,710] {scheduler_job.py:639} INFO - DAG(s) dict_keys(['example_python_operator']) retrieved from /Users/harshittyagi/lil/de_env/lib/python3.8/site-packages/airflow/example_dags/example_python_operator.py
[2020-12-20 04:42:20,711] {logging_mixin.py:103} INFO - [2020-12-20 04:42:20,711] {dag.py:1813} INFO - Sync 1 DAGs
[2020-12-20 04:42:20,746] {logging_mixin.py:103} INFO - [2020-12-20 04:42:20,746] {dag.py:2266} INFO - Setting next_dagrun for example_python_operator to None
[2020-12-20 04:42:20,762] {scheduler_job.py:189} INFO - Processing /Users/harshittyagi/lil/de_env/lib/python3.8/site-packages/airflow/example_dags/example_python_operator.py took 0.061 seconds
[2020-12-20 04:43:15,037] {scheduler_job.py:181} INFO - Started process (PID=55014) to work on /Users/harshittyagi/lil/de_env/lib/python3.8/site-packages/airflow/example_dags/example_python_operator.py
[2020-12-20 04:43:15,038] {scheduler_job.py:629} INFO - Processing file /Users/harshittyagi/lil/de_env/lib/python3.8/site-packages/airflow/example_dags/example_python_operator.py for tasks to queue
[2020-12-20 04:43:15,039] {logging_mixin.py:103} INFO - [2020-12-20 04:43:15,039] {dagbag.py:440} INFO - Filling up the DagBag from /Users/harshittyagi/lil/de_env/lib/python3.8/site-packages/airflow/example_dags/example_python_operator.py
[2020-12-20 04:43:15,044] {scheduler_job.py:639} INFO - DAG(s) dict_keys(['example_python_operator']) retrieved from /Users/harshittyagi/lil/de_env/lib/python3.8/site-packages/airflow/example_dags/example_python_operator.py
[2020-12-20 04:43:15,045] {logging_mixin.py:103} INFO - [2020-12-20 04:43:15,045] {dag.py:1813} INFO - Sync 1 DAGs
[2020-12-20 04:43:15,074] {logging_mixin.py:103} INFO - [2020-12-20 04:43:15,074] {dag.py:2266} INFO - Setting next_dagrun for example_python_operator to None
[2020-12-20 04:43:15,086] {scheduler_job.py:189} INFO - Processing /Users/harshittyagi/lil/de_env/lib/python3.8/site-packages/airflow/example_dags/example_python_operator.py took 0.049 seconds
[2020-12-20 04:44:26,267] {scheduler_job.py:181} INFO - Started process (PID=55311) to work on /Users/harshittyagi/lil/de_env/lib/python3.8/site-packages/airflow/example_dags/example_python_operator.py
[2020-12-20 04:44:26,268] {scheduler_job.py:629} INFO - Processing file /Users/harshittyagi/lil/de_env/lib/python3.8/site-packages/airflow/example_dags/example_python_operator.py for tasks to queue
[2020-12-20 04:44:26,270] {logging_mixin.py:103} INFO - [2020-12-20 04:44:26,269] {dagbag.py:440} INFO - Filling up the DagBag from /Users/harshittyagi/lil/de_env/lib/python3.8/site-packages/airflow/example_dags/example_python_operator.py
[2020-12-20 04:44:26,281] {scheduler_job.py:639} INFO - DAG(s) dict_keys(['example_python_operator']) retrieved from /Users/harshittyagi/lil/de_env/lib/python3.8/site-packages/airflow/example_dags/example_python_operator.py
[2020-12-20 04:44:26,282] {logging_mixin.py:103} INFO - [2020-12-20 04:44:26,281] {dag.py:1813} INFO - Sync 1 DAGs
[2020-12-20 04:44:26,332] {logging_mixin.py:103} INFO - [2020-12-20 04:44:26,332] {dag.py:2266} INFO - Setting next_dagrun for example_python_operator to None
[2020-12-20 04:44:26,351] {scheduler_job.py:189} INFO - Processing /Users/harshittyagi/lil/de_env/lib/python3.8/site-packages/airflow/example_dags/example_python_operator.py took 0.085 seconds
[2020-12-20 04:45:23,701] {scheduler_job.py:181} INFO - Started process (PID=55602) to work on /Users/harshittyagi/lil/de_env/lib/python3.8/site-packages/airflow/example_dags/example_python_operator.py
[2020-12-20 04:45:23,701] {scheduler_job.py:629} INFO - Processing file /Users/harshittyagi/lil/de_env/lib/python3.8/site-packages/airflow/example_dags/example_python_operator.py for tasks to queue
[2020-12-20 04:45:23,701] {logging_mixin.py:103} INFO - [2020-12-20 04:45:23,701] {dagbag.py:440} INFO - Filling up the DagBag from /Users/harshittyagi/lil/de_env/lib/python3.8/site-packages/airflow/example_dags/example_python_operator.py
[2020-12-20 04:45:23,707] {scheduler_job.py:639} INFO - DAG(s) dict_keys(['example_python_operator']) retrieved from /Users/harshittyagi/lil/de_env/lib/python3.8/site-packages/airflow/example_dags/example_python_operator.py
[2020-12-20 04:45:23,708] {logging_mixin.py:103} INFO - [2020-12-20 04:45:23,708] {dag.py:1813} INFO - Sync 1 DAGs
[2020-12-20 04:45:23,737] {logging_mixin.py:103} INFO - [2020-12-20 04:45:23,737] {dag.py:2266} INFO - Setting next_dagrun for example_python_operator to None
[2020-12-20 04:45:23,750] {scheduler_job.py:189} INFO - Processing /Users/harshittyagi/lil/de_env/lib/python3.8/site-packages/airflow/example_dags/example_python_operator.py took 0.049 seconds
[2020-12-20 04:46:16,227] {scheduler_job.py:181} INFO - Started process (PID=55885) to work on /Users/harshittyagi/lil/de_env/lib/python3.8/site-packages/airflow/example_dags/example_python_operator.py
[2020-12-20 04:46:16,227] {scheduler_job.py:629} INFO - Processing file /Users/harshittyagi/lil/de_env/lib/python3.8/site-packages/airflow/example_dags/example_python_operator.py for tasks to queue
[2020-12-20 04:46:16,228] {logging_mixin.py:103} INFO - [2020-12-20 04:46:16,228] {dagbag.py:440} INFO - Filling up the DagBag from /Users/harshittyagi/lil/de_env/lib/python3.8/site-packages/airflow/example_dags/example_python_operator.py
[2020-12-20 04:46:16,233] {scheduler_job.py:639} INFO - DAG(s) dict_keys(['example_python_operator']) retrieved from /Users/harshittyagi/lil/de_env/lib/python3.8/site-packages/airflow/example_dags/example_python_operator.py
[2020-12-20 04:46:16,233] {logging_mixin.py:103} INFO - [2020-12-20 04:46:16,233] {dag.py:1813} INFO - Sync 1 DAGs
[2020-12-20 04:46:16,258] {logging_mixin.py:103} INFO - [2020-12-20 04:46:16,258] {dag.py:2266} INFO - Setting next_dagrun for example_python_operator to None
[2020-12-20 04:46:16,269] {scheduler_job.py:189} INFO - Processing /Users/harshittyagi/lil/de_env/lib/python3.8/site-packages/airflow/example_dags/example_python_operator.py took 0.042 seconds
[2020-12-20 04:47:09,817] {scheduler_job.py:181} INFO - Started process (PID=56170) to work on /Users/harshittyagi/lil/de_env/lib/python3.8/site-packages/airflow/example_dags/example_python_operator.py
[2020-12-20 04:47:09,818] {scheduler_job.py:629} INFO - Processing file /Users/harshittyagi/lil/de_env/lib/python3.8/site-packages/airflow/example_dags/example_python_operator.py for tasks to queue
[2020-12-20 04:47:09,818] {logging_mixin.py:103} INFO - [2020-12-20 04:47:09,818] {dagbag.py:440} INFO - Filling up the DagBag from /Users/harshittyagi/lil/de_env/lib/python3.8/site-packages/airflow/example_dags/example_python_operator.py
[2020-12-20 04:47:09,824] {scheduler_job.py:639} INFO - DAG(s) dict_keys(['example_python_operator']) retrieved from /Users/harshittyagi/lil/de_env/lib/python3.8/site-packages/airflow/example_dags/example_python_operator.py
[2020-12-20 04:47:09,824] {logging_mixin.py:103} INFO - [2020-12-20 04:47:09,824] {dag.py:1813} INFO - Sync 1 DAGs
[2020-12-20 04:47:09,851] {logging_mixin.py:103} INFO - [2020-12-20 04:47:09,851] {dag.py:2266} INFO - Setting next_dagrun for example_python_operator to None
[2020-12-20 04:47:09,859] {scheduler_job.py:189} INFO - Processing /Users/harshittyagi/lil/de_env/lib/python3.8/site-packages/airflow/example_dags/example_python_operator.py took 0.042 seconds
[2020-12-20 04:48:03,431] {scheduler_job.py:181} INFO - Started process (PID=56456) to work on /Users/harshittyagi/lil/de_env/lib/python3.8/site-packages/airflow/example_dags/example_python_operator.py
[2020-12-20 04:48:03,431] {scheduler_job.py:629} INFO - Processing file /Users/harshittyagi/lil/de_env/lib/python3.8/site-packages/airflow/example_dags/example_python_operator.py for tasks to queue
[2020-12-20 04:48:03,431] {logging_mixin.py:103} INFO - [2020-12-20 04:48:03,431] {dagbag.py:440} INFO - Filling up the DagBag from /Users/harshittyagi/lil/de_env/lib/python3.8/site-packages/airflow/example_dags/example_python_operator.py
[2020-12-20 04:48:03,437] {scheduler_job.py:639} INFO - DAG(s) dict_keys(['example_python_operator']) retrieved from /Users/harshittyagi/lil/de_env/lib/python3.8/site-packages/airflow/example_dags/example_python_operator.py
[2020-12-20 04:48:03,437] {logging_mixin.py:103} INFO - [2020-12-20 04:48:03,437] {dag.py:1813} INFO - Sync 1 DAGs
[2020-12-20 04:48:03,464] {logging_mixin.py:103} INFO - [2020-12-20 04:48:03,464] {dag.py:2266} INFO - Setting next_dagrun for example_python_operator to None
[2020-12-20 04:48:03,476] {scheduler_job.py:189} INFO - Processing /Users/harshittyagi/lil/de_env/lib/python3.8/site-packages/airflow/example_dags/example_python_operator.py took 0.045 seconds
[2020-12-20 04:48:56,991] {scheduler_job.py:181} INFO - Started process (PID=56741) to work on /Users/harshittyagi/lil/de_env/lib/python3.8/site-packages/airflow/example_dags/example_python_operator.py
[2020-12-20 04:48:56,991] {scheduler_job.py:629} INFO - Processing file /Users/harshittyagi/lil/de_env/lib/python3.8/site-packages/airflow/example_dags/example_python_operator.py for tasks to queue
[2020-12-20 04:48:56,992] {logging_mixin.py:103} INFO - [2020-12-20 04:48:56,992] {dagbag.py:440} INFO - Filling up the DagBag from /Users/harshittyagi/lil/de_env/lib/python3.8/site-packages/airflow/example_dags/example_python_operator.py
[2020-12-20 04:48:56,996] {scheduler_job.py:639} INFO - DAG(s) dict_keys(['example_python_operator']) retrieved from /Users/harshittyagi/lil/de_env/lib/python3.8/site-packages/airflow/example_dags/example_python_operator.py
[2020-12-20 04:48:56,997] {logging_mixin.py:103} INFO - [2020-12-20 04:48:56,997] {dag.py:1813} INFO - Sync 1 DAGs
[2020-12-20 04:48:57,022] {logging_mixin.py:103} INFO - [2020-12-20 04:48:57,022] {dag.py:2266} INFO - Setting next_dagrun for example_python_operator to None
[2020-12-20 04:48:57,032] {scheduler_job.py:189} INFO - Processing /Users/harshittyagi/lil/de_env/lib/python3.8/site-packages/airflow/example_dags/example_python_operator.py took 0.041 seconds
[2020-12-20 04:49:50,712] {scheduler_job.py:181} INFO - Started process (PID=57024) to work on /Users/harshittyagi/lil/de_env/lib/python3.8/site-packages/airflow/example_dags/example_python_operator.py
[2020-12-20 04:49:50,712] {scheduler_job.py:629} INFO - Processing file /Users/harshittyagi/lil/de_env/lib/python3.8/site-packages/airflow/example_dags/example_python_operator.py for tasks to queue
[2020-12-20 04:49:50,713] {logging_mixin.py:103} INFO - [2020-12-20 04:49:50,712] {dagbag.py:440} INFO - Filling up the DagBag from /Users/harshittyagi/lil/de_env/lib/python3.8/site-packages/airflow/example_dags/example_python_operator.py
[2020-12-20 04:49:50,718] {scheduler_job.py:639} INFO - DAG(s) dict_keys(['example_python_operator']) retrieved from /Users/harshittyagi/lil/de_env/lib/python3.8/site-packages/airflow/example_dags/example_python_operator.py
[2020-12-20 04:49:50,719] {logging_mixin.py:103} INFO - [2020-12-20 04:49:50,719] {dag.py:1813} INFO - Sync 1 DAGs
[2020-12-20 04:49:50,745] {logging_mixin.py:103} INFO - [2020-12-20 04:49:50,745] {dag.py:2266} INFO - Setting next_dagrun for example_python_operator to None
[2020-12-20 04:49:50,756] {scheduler_job.py:189} INFO - Processing /Users/harshittyagi/lil/de_env/lib/python3.8/site-packages/airflow/example_dags/example_python_operator.py took 0.044 seconds
[2020-12-20 04:50:44,316] {scheduler_job.py:181} INFO - Started process (PID=57309) to work on /Users/harshittyagi/lil/de_env/lib/python3.8/site-packages/airflow/example_dags/example_python_operator.py
[2020-12-20 04:50:44,316] {scheduler_job.py:629} INFO - Processing file /Users/harshittyagi/lil/de_env/lib/python3.8/site-packages/airflow/example_dags/example_python_operator.py for tasks to queue
[2020-12-20 04:50:44,317] {logging_mixin.py:103} INFO - [2020-12-20 04:50:44,317] {dagbag.py:440} INFO - Filling up the DagBag from /Users/harshittyagi/lil/de_env/lib/python3.8/site-packages/airflow/example_dags/example_python_operator.py
[2020-12-20 04:50:44,322] {scheduler_job.py:639} INFO - DAG(s) dict_keys(['example_python_operator']) retrieved from /Users/harshittyagi/lil/de_env/lib/python3.8/site-packages/airflow/example_dags/example_python_operator.py
[2020-12-20 04:50:44,323] {logging_mixin.py:103} INFO - [2020-12-20 04:50:44,323] {dag.py:1813} INFO - Sync 1 DAGs
[2020-12-20 04:50:44,346] {logging_mixin.py:103} INFO - [2020-12-20 04:50:44,346] {dag.py:2266} INFO - Setting next_dagrun for example_python_operator to None
[2020-12-20 04:50:44,357] {scheduler_job.py:189} INFO - Processing /Users/harshittyagi/lil/de_env/lib/python3.8/site-packages/airflow/example_dags/example_python_operator.py took 0.042 seconds
[2020-12-20 04:51:37,395] {scheduler_job.py:181} INFO - Started process (PID=57593) to work on /Users/harshittyagi/lil/de_env/lib/python3.8/site-packages/airflow/example_dags/example_python_operator.py
[2020-12-20 04:51:37,395] {scheduler_job.py:629} INFO - Processing file /Users/harshittyagi/lil/de_env/lib/python3.8/site-packages/airflow/example_dags/example_python_operator.py for tasks to queue
[2020-12-20 04:51:37,395] {logging_mixin.py:103} INFO - [2020-12-20 04:51:37,395] {dagbag.py:440} INFO - Filling up the DagBag from /Users/harshittyagi/lil/de_env/lib/python3.8/site-packages/airflow/example_dags/example_python_operator.py
[2020-12-20 04:51:37,400] {scheduler_job.py:639} INFO - DAG(s) dict_keys(['example_python_operator']) retrieved from /Users/harshittyagi/lil/de_env/lib/python3.8/site-packages/airflow/example_dags/example_python_operator.py
[2020-12-20 04:51:37,400] {logging_mixin.py:103} INFO - [2020-12-20 04:51:37,400] {dag.py:1813} INFO - Sync 1 DAGs
[2020-12-20 04:51:37,424] {logging_mixin.py:103} INFO - [2020-12-20 04:51:37,424] {dag.py:2266} INFO - Setting next_dagrun for example_python_operator to None
[2020-12-20 04:51:37,434] {scheduler_job.py:189} INFO - Processing /Users/harshittyagi/lil/de_env/lib/python3.8/site-packages/airflow/example_dags/example_python_operator.py took 0.040 seconds
[2020-12-20 04:52:28,592] {scheduler_job.py:181} INFO - Started process (PID=57880) to work on /Users/harshittyagi/lil/de_env/lib/python3.8/site-packages/airflow/example_dags/example_python_operator.py
[2020-12-20 04:52:28,593] {scheduler_job.py:629} INFO - Processing file /Users/harshittyagi/lil/de_env/lib/python3.8/site-packages/airflow/example_dags/example_python_operator.py for tasks to queue
[2020-12-20 04:52:28,593] {logging_mixin.py:103} INFO - [2020-12-20 04:52:28,593] {dagbag.py:440} INFO - Filling up the DagBag from /Users/harshittyagi/lil/de_env/lib/python3.8/site-packages/airflow/example_dags/example_python_operator.py
[2020-12-20 04:52:28,598] {scheduler_job.py:639} INFO - DAG(s) dict_keys(['example_python_operator']) retrieved from /Users/harshittyagi/lil/de_env/lib/python3.8/site-packages/airflow/example_dags/example_python_operator.py
[2020-12-20 04:52:28,598] {logging_mixin.py:103} INFO - [2020-12-20 04:52:28,598] {dag.py:1813} INFO - Sync 1 DAGs
[2020-12-20 04:52:28,622] {logging_mixin.py:103} INFO - [2020-12-20 04:52:28,622] {dag.py:2266} INFO - Setting next_dagrun for example_python_operator to None
[2020-12-20 04:52:28,633] {scheduler_job.py:189} INFO - Processing /Users/harshittyagi/lil/de_env/lib/python3.8/site-packages/airflow/example_dags/example_python_operator.py took 0.041 seconds
[2020-12-20 04:53:22,692] {scheduler_job.py:181} INFO - Started process (PID=58165) to work on /Users/harshittyagi/lil/de_env/lib/python3.8/site-packages/airflow/example_dags/example_python_operator.py
[2020-12-20 04:53:22,692] {scheduler_job.py:629} INFO - Processing file /Users/harshittyagi/lil/de_env/lib/python3.8/site-packages/airflow/example_dags/example_python_operator.py for tasks to queue
[2020-12-20 04:53:22,693] {logging_mixin.py:103} INFO - [2020-12-20 04:53:22,693] {dagbag.py:440} INFO - Filling up the DagBag from /Users/harshittyagi/lil/de_env/lib/python3.8/site-packages/airflow/example_dags/example_python_operator.py
[2020-12-20 04:53:22,698] {scheduler_job.py:639} INFO - DAG(s) dict_keys(['example_python_operator']) retrieved from /Users/harshittyagi/lil/de_env/lib/python3.8/site-packages/airflow/example_dags/example_python_operator.py
[2020-12-20 04:53:22,699] {logging_mixin.py:103} INFO - [2020-12-20 04:53:22,699] {dag.py:1813} INFO - Sync 1 DAGs
[2020-12-20 04:53:22,725] {logging_mixin.py:103} INFO - [2020-12-20 04:53:22,725] {dag.py:2266} INFO - Setting next_dagrun for example_python_operator to None
[2020-12-20 04:53:22,737] {scheduler_job.py:189} INFO - Processing /Users/harshittyagi/lil/de_env/lib/python3.8/site-packages/airflow/example_dags/example_python_operator.py took 0.045 seconds
[2020-12-20 04:54:16,636] {scheduler_job.py:181} INFO - Started process (PID=58458) to work on /Users/harshittyagi/lil/de_env/lib/python3.8/site-packages/airflow/example_dags/example_python_operator.py
[2020-12-20 04:54:16,637] {scheduler_job.py:629} INFO - Processing file /Users/harshittyagi/lil/de_env/lib/python3.8/site-packages/airflow/example_dags/example_python_operator.py for tasks to queue
[2020-12-20 04:54:16,637] {logging_mixin.py:103} INFO - [2020-12-20 04:54:16,637] {dagbag.py:440} INFO - Filling up the DagBag from /Users/harshittyagi/lil/de_env/lib/python3.8/site-packages/airflow/example_dags/example_python_operator.py
[2020-12-20 04:54:16,644] {scheduler_job.py:639} INFO - DAG(s) dict_keys(['example_python_operator']) retrieved from /Users/harshittyagi/lil/de_env/lib/python3.8/site-packages/airflow/example_dags/example_python_operator.py
[2020-12-20 04:54:16,644] {logging_mixin.py:103} INFO - [2020-12-20 04:54:16,644] {dag.py:1813} INFO - Sync 1 DAGs
[2020-12-20 04:54:16,673] {logging_mixin.py:103} INFO - [2020-12-20 04:54:16,673] {dag.py:2266} INFO - Setting next_dagrun for example_python_operator to None
[2020-12-20 04:54:16,685] {scheduler_job.py:189} INFO - Processing /Users/harshittyagi/lil/de_env/lib/python3.8/site-packages/airflow/example_dags/example_python_operator.py took 0.049 seconds
[2020-12-20 04:55:10,959] {scheduler_job.py:181} INFO - Started process (PID=58743) to work on /Users/harshittyagi/lil/de_env/lib/python3.8/site-packages/airflow/example_dags/example_python_operator.py
[2020-12-20 04:55:10,959] {scheduler_job.py:629} INFO - Processing file /Users/harshittyagi/lil/de_env/lib/python3.8/site-packages/airflow/example_dags/example_python_operator.py for tasks to queue
[2020-12-20 04:55:10,960] {logging_mixin.py:103} INFO - [2020-12-20 04:55:10,959] {dagbag.py:440} INFO - Filling up the DagBag from /Users/harshittyagi/lil/de_env/lib/python3.8/site-packages/airflow/example_dags/example_python_operator.py
[2020-12-20 04:55:10,966] {scheduler_job.py:639} INFO - DAG(s) dict_keys(['example_python_operator']) retrieved from /Users/harshittyagi/lil/de_env/lib/python3.8/site-packages/airflow/example_dags/example_python_operator.py
[2020-12-20 04:55:10,966] {logging_mixin.py:103} INFO - [2020-12-20 04:55:10,966] {dag.py:1813} INFO - Sync 1 DAGs
[2020-12-20 04:55:10,996] {logging_mixin.py:103} INFO - [2020-12-20 04:55:10,996] {dag.py:2266} INFO - Setting next_dagrun for example_python_operator to None
[2020-12-20 04:55:11,009] {scheduler_job.py:189} INFO - Processing /Users/harshittyagi/lil/de_env/lib/python3.8/site-packages/airflow/example_dags/example_python_operator.py took 0.051 seconds
[2020-12-20 04:56:04,964] {scheduler_job.py:181} INFO - Started process (PID=59025) to work on /Users/harshittyagi/lil/de_env/lib/python3.8/site-packages/airflow/example_dags/example_python_operator.py
[2020-12-20 04:56:04,965] {scheduler_job.py:629} INFO - Processing file /Users/harshittyagi/lil/de_env/lib/python3.8/site-packages/airflow/example_dags/example_python_operator.py for tasks to queue
[2020-12-20 04:56:04,965] {logging_mixin.py:103} INFO - [2020-12-20 04:56:04,965] {dagbag.py:440} INFO - Filling up the DagBag from /Users/harshittyagi/lil/de_env/lib/python3.8/site-packages/airflow/example_dags/example_python_operator.py
[2020-12-20 04:56:04,970] {scheduler_job.py:639} INFO - DAG(s) dict_keys(['example_python_operator']) retrieved from /Users/harshittyagi/lil/de_env/lib/python3.8/site-packages/airflow/example_dags/example_python_operator.py
[2020-12-20 04:56:04,971] {logging_mixin.py:103} INFO - [2020-12-20 04:56:04,970] {dag.py:1813} INFO - Sync 1 DAGs
[2020-12-20 04:56:04,997] {logging_mixin.py:103} INFO - [2020-12-20 04:56:04,996] {dag.py:2266} INFO - Setting next_dagrun for example_python_operator to None
[2020-12-20 04:56:05,008] {scheduler_job.py:189} INFO - Processing /Users/harshittyagi/lil/de_env/lib/python3.8/site-packages/airflow/example_dags/example_python_operator.py took 0.044 seconds
[2020-12-20 04:56:58,939] {scheduler_job.py:181} INFO - Started process (PID=59306) to work on /Users/harshittyagi/lil/de_env/lib/python3.8/site-packages/airflow/example_dags/example_python_operator.py
[2020-12-20 04:56:58,939] {scheduler_job.py:629} INFO - Processing file /Users/harshittyagi/lil/de_env/lib/python3.8/site-packages/airflow/example_dags/example_python_operator.py for tasks to queue
[2020-12-20 04:56:58,939] {logging_mixin.py:103} INFO - [2020-12-20 04:56:58,939] {dagbag.py:440} INFO - Filling up the DagBag from /Users/harshittyagi/lil/de_env/lib/python3.8/site-packages/airflow/example_dags/example_python_operator.py
[2020-12-20 04:56:58,944] {scheduler_job.py:639} INFO - DAG(s) dict_keys(['example_python_operator']) retrieved from /Users/harshittyagi/lil/de_env/lib/python3.8/site-packages/airflow/example_dags/example_python_operator.py
[2020-12-20 04:56:58,945] {logging_mixin.py:103} INFO - [2020-12-20 04:56:58,944] {dag.py:1813} INFO - Sync 1 DAGs
[2020-12-20 04:56:58,969] {logging_mixin.py:103} INFO - [2020-12-20 04:56:58,969] {dag.py:2266} INFO - Setting next_dagrun for example_python_operator to None
[2020-12-20 04:56:58,980] {scheduler_job.py:189} INFO - Processing /Users/harshittyagi/lil/de_env/lib/python3.8/site-packages/airflow/example_dags/example_python_operator.py took 0.042 seconds
[2020-12-20 04:57:52,684] {scheduler_job.py:181} INFO - Started process (PID=59589) to work on /Users/harshittyagi/lil/de_env/lib/python3.8/site-packages/airflow/example_dags/example_python_operator.py
[2020-12-20 04:57:52,684] {scheduler_job.py:629} INFO - Processing file /Users/harshittyagi/lil/de_env/lib/python3.8/site-packages/airflow/example_dags/example_python_operator.py for tasks to queue
[2020-12-20 04:57:52,684] {logging_mixin.py:103} INFO - [2020-12-20 04:57:52,684] {dagbag.py:440} INFO - Filling up the DagBag from /Users/harshittyagi/lil/de_env/lib/python3.8/site-packages/airflow/example_dags/example_python_operator.py
[2020-12-20 04:57:52,690] {scheduler_job.py:639} INFO - DAG(s) dict_keys(['example_python_operator']) retrieved from /Users/harshittyagi/lil/de_env/lib/python3.8/site-packages/airflow/example_dags/example_python_operator.py
[2020-12-20 04:57:52,690] {logging_mixin.py:103} INFO - [2020-12-20 04:57:52,690] {dag.py:1813} INFO - Sync 1 DAGs
[2020-12-20 04:57:52,720] {logging_mixin.py:103} INFO - [2020-12-20 04:57:52,720] {dag.py:2266} INFO - Setting next_dagrun for example_python_operator to None
[2020-12-20 04:57:52,733] {scheduler_job.py:189} INFO - Processing /Users/harshittyagi/lil/de_env/lib/python3.8/site-packages/airflow/example_dags/example_python_operator.py took 0.049 seconds
[2020-12-20 04:58:46,608] {scheduler_job.py:181} INFO - Started process (PID=59871) to work on /Users/harshittyagi/lil/de_env/lib/python3.8/site-packages/airflow/example_dags/example_python_operator.py
[2020-12-20 04:58:46,608] {scheduler_job.py:629} INFO - Processing file /Users/harshittyagi/lil/de_env/lib/python3.8/site-packages/airflow/example_dags/example_python_operator.py for tasks to queue
[2020-12-20 04:58:46,608] {logging_mixin.py:103} INFO - [2020-12-20 04:58:46,608] {dagbag.py:440} INFO - Filling up the DagBag from /Users/harshittyagi/lil/de_env/lib/python3.8/site-packages/airflow/example_dags/example_python_operator.py
[2020-12-20 04:58:46,614] {scheduler_job.py:639} INFO - DAG(s) dict_keys(['example_python_operator']) retrieved from /Users/harshittyagi/lil/de_env/lib/python3.8/site-packages/airflow/example_dags/example_python_operator.py
[2020-12-20 04:58:46,614] {logging_mixin.py:103} INFO - [2020-12-20 04:58:46,614] {dag.py:1813} INFO - Sync 1 DAGs
[2020-12-20 04:58:46,642] {logging_mixin.py:103} INFO - [2020-12-20 04:58:46,642] {dag.py:2266} INFO - Setting next_dagrun for example_python_operator to None
[2020-12-20 04:58:46,654] {scheduler_job.py:189} INFO - Processing /Users/harshittyagi/lil/de_env/lib/python3.8/site-packages/airflow/example_dags/example_python_operator.py took 0.047 seconds
[2020-12-20 04:59:40,657] {scheduler_job.py:181} INFO - Started process (PID=60153) to work on /Users/harshittyagi/lil/de_env/lib/python3.8/site-packages/airflow/example_dags/example_python_operator.py
[2020-12-20 04:59:40,657] {scheduler_job.py:629} INFO - Processing file /Users/harshittyagi/lil/de_env/lib/python3.8/site-packages/airflow/example_dags/example_python_operator.py for tasks to queue
[2020-12-20 04:59:40,657] {logging_mixin.py:103} INFO - [2020-12-20 04:59:40,657] {dagbag.py:440} INFO - Filling up the DagBag from /Users/harshittyagi/lil/de_env/lib/python3.8/site-packages/airflow/example_dags/example_python_operator.py
[2020-12-20 04:59:40,663] {scheduler_job.py:639} INFO - DAG(s) dict_keys(['example_python_operator']) retrieved from /Users/harshittyagi/lil/de_env/lib/python3.8/site-packages/airflow/example_dags/example_python_operator.py
[2020-12-20 04:59:40,663] {logging_mixin.py:103} INFO - [2020-12-20 04:59:40,663] {dag.py:1813} INFO - Sync 1 DAGs
[2020-12-20 04:59:40,692] {logging_mixin.py:103} INFO - [2020-12-20 04:59:40,692] {dag.py:2266} INFO - Setting next_dagrun for example_python_operator to None
[2020-12-20 04:59:40,704] {scheduler_job.py:189} INFO - Processing /Users/harshittyagi/lil/de_env/lib/python3.8/site-packages/airflow/example_dags/example_python_operator.py took 0.048 seconds
[2020-12-20 05:00:34,518] {scheduler_job.py:181} INFO - Started process (PID=60441) to work on /Users/harshittyagi/lil/de_env/lib/python3.8/site-packages/airflow/example_dags/example_python_operator.py
[2020-12-20 05:00:34,518] {scheduler_job.py:629} INFO - Processing file /Users/harshittyagi/lil/de_env/lib/python3.8/site-packages/airflow/example_dags/example_python_operator.py for tasks to queue
[2020-12-20 05:00:34,518] {logging_mixin.py:103} INFO - [2020-12-20 05:00:34,518] {dagbag.py:440} INFO - Filling up the DagBag from /Users/harshittyagi/lil/de_env/lib/python3.8/site-packages/airflow/example_dags/example_python_operator.py
[2020-12-20 05:00:34,523] {scheduler_job.py:639} INFO - DAG(s) dict_keys(['example_python_operator']) retrieved from /Users/harshittyagi/lil/de_env/lib/python3.8/site-packages/airflow/example_dags/example_python_operator.py
[2020-12-20 05:00:34,523] {logging_mixin.py:103} INFO - [2020-12-20 05:00:34,523] {dag.py:1813} INFO - Sync 1 DAGs
[2020-12-20 05:00:34,548] {logging_mixin.py:103} INFO - [2020-12-20 05:00:34,548] {dag.py:2266} INFO - Setting next_dagrun for example_python_operator to None
[2020-12-20 05:00:34,558] {scheduler_job.py:189} INFO - Processing /Users/harshittyagi/lil/de_env/lib/python3.8/site-packages/airflow/example_dags/example_python_operator.py took 0.041 seconds
[2020-12-20 05:01:28,359] {scheduler_job.py:181} INFO - Started process (PID=60723) to work on /Users/harshittyagi/lil/de_env/lib/python3.8/site-packages/airflow/example_dags/example_python_operator.py
[2020-12-20 05:01:28,359] {scheduler_job.py:629} INFO - Processing file /Users/harshittyagi/lil/de_env/lib/python3.8/site-packages/airflow/example_dags/example_python_operator.py for tasks to queue
[2020-12-20 05:01:28,359] {logging_mixin.py:103} INFO - [2020-12-20 05:01:28,359] {dagbag.py:440} INFO - Filling up the DagBag from /Users/harshittyagi/lil/de_env/lib/python3.8/site-packages/airflow/example_dags/example_python_operator.py
[2020-12-20 05:01:28,364] {scheduler_job.py:639} INFO - DAG(s) dict_keys(['example_python_operator']) retrieved from /Users/harshittyagi/lil/de_env/lib/python3.8/site-packages/airflow/example_dags/example_python_operator.py
[2020-12-20 05:01:28,364] {logging_mixin.py:103} INFO - [2020-12-20 05:01:28,364] {dag.py:1813} INFO - Sync 1 DAGs
[2020-12-20 05:01:28,388] {logging_mixin.py:103} INFO - [2020-12-20 05:01:28,388] {dag.py:2266} INFO - Setting next_dagrun for example_python_operator to None
[2020-12-20 05:01:28,400] {scheduler_job.py:189} INFO - Processing /Users/harshittyagi/lil/de_env/lib/python3.8/site-packages/airflow/example_dags/example_python_operator.py took 0.042 seconds
[2020-12-20 05:02:20,370] {scheduler_job.py:181} INFO - Started process (PID=61015) to work on /Users/harshittyagi/lil/de_env/lib/python3.8/site-packages/airflow/example_dags/example_python_operator.py
[2020-12-20 05:02:20,370] {scheduler_job.py:629} INFO - Processing file /Users/harshittyagi/lil/de_env/lib/python3.8/site-packages/airflow/example_dags/example_python_operator.py for tasks to queue
[2020-12-20 05:02:20,370] {logging_mixin.py:103} INFO - [2020-12-20 05:02:20,370] {dagbag.py:440} INFO - Filling up the DagBag from /Users/harshittyagi/lil/de_env/lib/python3.8/site-packages/airflow/example_dags/example_python_operator.py
[2020-12-20 05:02:20,375] {scheduler_job.py:639} INFO - DAG(s) dict_keys(['example_python_operator']) retrieved from /Users/harshittyagi/lil/de_env/lib/python3.8/site-packages/airflow/example_dags/example_python_operator.py
[2020-12-20 05:02:20,375] {logging_mixin.py:103} INFO - [2020-12-20 05:02:20,375] {dag.py:1813} INFO - Sync 1 DAGs
[2020-12-20 05:02:20,399] {logging_mixin.py:103} INFO - [2020-12-20 05:02:20,399] {dag.py:2266} INFO - Setting next_dagrun for example_python_operator to None
[2020-12-20 05:02:20,410] {scheduler_job.py:189} INFO - Processing /Users/harshittyagi/lil/de_env/lib/python3.8/site-packages/airflow/example_dags/example_python_operator.py took 0.041 seconds
[2020-12-20 05:03:14,210] {scheduler_job.py:181} INFO - Started process (PID=61298) to work on /Users/harshittyagi/lil/de_env/lib/python3.8/site-packages/airflow/example_dags/example_python_operator.py
[2020-12-20 05:03:14,210] {scheduler_job.py:629} INFO - Processing file /Users/harshittyagi/lil/de_env/lib/python3.8/site-packages/airflow/example_dags/example_python_operator.py for tasks to queue
[2020-12-20 05:03:14,210] {logging_mixin.py:103} INFO - [2020-12-20 05:03:14,210] {dagbag.py:440} INFO - Filling up the DagBag from /Users/harshittyagi/lil/de_env/lib/python3.8/site-packages/airflow/example_dags/example_python_operator.py
[2020-12-20 05:03:14,215] {scheduler_job.py:639} INFO - DAG(s) dict_keys(['example_python_operator']) retrieved from /Users/harshittyagi/lil/de_env/lib/python3.8/site-packages/airflow/example_dags/example_python_operator.py
[2020-12-20 05:03:14,215] {logging_mixin.py:103} INFO - [2020-12-20 05:03:14,215] {dag.py:1813} INFO - Sync 1 DAGs
[2020-12-20 05:03:14,240] {logging_mixin.py:103} INFO - [2020-12-20 05:03:14,240] {dag.py:2266} INFO - Setting next_dagrun for example_python_operator to None
[2020-12-20 05:03:14,251] {scheduler_job.py:189} INFO - Processing /Users/harshittyagi/lil/de_env/lib/python3.8/site-packages/airflow/example_dags/example_python_operator.py took 0.041 seconds
[2020-12-20 05:04:08,676] {scheduler_job.py:181} INFO - Started process (PID=61584) to work on /Users/harshittyagi/lil/de_env/lib/python3.8/site-packages/airflow/example_dags/example_python_operator.py
[2020-12-20 05:04:08,677] {scheduler_job.py:629} INFO - Processing file /Users/harshittyagi/lil/de_env/lib/python3.8/site-packages/airflow/example_dags/example_python_operator.py for tasks to queue
[2020-12-20 05:04:08,677] {logging_mixin.py:103} INFO - [2020-12-20 05:04:08,677] {dagbag.py:440} INFO - Filling up the DagBag from /Users/harshittyagi/lil/de_env/lib/python3.8/site-packages/airflow/example_dags/example_python_operator.py
[2020-12-20 05:04:08,683] {scheduler_job.py:639} INFO - DAG(s) dict_keys(['example_python_operator']) retrieved from /Users/harshittyagi/lil/de_env/lib/python3.8/site-packages/airflow/example_dags/example_python_operator.py
[2020-12-20 05:04:08,683] {logging_mixin.py:103} INFO - [2020-12-20 05:04:08,683] {dag.py:1813} INFO - Sync 1 DAGs
[2020-12-20 05:04:08,713] {logging_mixin.py:103} INFO - [2020-12-20 05:04:08,713] {dag.py:2266} INFO - Setting next_dagrun for example_python_operator to None
[2020-12-20 05:04:08,725] {scheduler_job.py:189} INFO - Processing /Users/harshittyagi/lil/de_env/lib/python3.8/site-packages/airflow/example_dags/example_python_operator.py took 0.050 seconds
[2020-12-20 05:05:02,285] {scheduler_job.py:181} INFO - Started process (PID=61865) to work on /Users/harshittyagi/lil/de_env/lib/python3.8/site-packages/airflow/example_dags/example_python_operator.py
[2020-12-20 05:05:02,285] {scheduler_job.py:629} INFO - Processing file /Users/harshittyagi/lil/de_env/lib/python3.8/site-packages/airflow/example_dags/example_python_operator.py for tasks to queue
[2020-12-20 05:05:02,285] {logging_mixin.py:103} INFO - [2020-12-20 05:05:02,285] {dagbag.py:440} INFO - Filling up the DagBag from /Users/harshittyagi/lil/de_env/lib/python3.8/site-packages/airflow/example_dags/example_python_operator.py
[2020-12-20 05:05:02,291] {scheduler_job.py:639} INFO - DAG(s) dict_keys(['example_python_operator']) retrieved from /Users/harshittyagi/lil/de_env/lib/python3.8/site-packages/airflow/example_dags/example_python_operator.py
[2020-12-20 05:05:02,292] {logging_mixin.py:103} INFO - [2020-12-20 05:05:02,292] {dag.py:1813} INFO - Sync 1 DAGs
[2020-12-20 05:05:02,318] {logging_mixin.py:103} INFO - [2020-12-20 05:05:02,318] {dag.py:2266} INFO - Setting next_dagrun for example_python_operator to None
[2020-12-20 05:05:02,329] {scheduler_job.py:189} INFO - Processing /Users/harshittyagi/lil/de_env/lib/python3.8/site-packages/airflow/example_dags/example_python_operator.py took 0.045 seconds
[2020-12-20 05:05:56,377] {scheduler_job.py:181} INFO - Started process (PID=62154) to work on /Users/harshittyagi/lil/de_env/lib/python3.8/site-packages/airflow/example_dags/example_python_operator.py
[2020-12-20 05:05:56,377] {scheduler_job.py:629} INFO - Processing file /Users/harshittyagi/lil/de_env/lib/python3.8/site-packages/airflow/example_dags/example_python_operator.py for tasks to queue
[2020-12-20 05:05:56,377] {logging_mixin.py:103} INFO - [2020-12-20 05:05:56,377] {dagbag.py:440} INFO - Filling up the DagBag from /Users/harshittyagi/lil/de_env/lib/python3.8/site-packages/airflow/example_dags/example_python_operator.py
[2020-12-20 05:05:56,382] {scheduler_job.py:639} INFO - DAG(s) dict_keys(['example_python_operator']) retrieved from /Users/harshittyagi/lil/de_env/lib/python3.8/site-packages/airflow/example_dags/example_python_operator.py
[2020-12-20 05:05:56,383] {logging_mixin.py:103} INFO - [2020-12-20 05:05:56,382] {dag.py:1813} INFO - Sync 1 DAGs
[2020-12-20 05:05:56,407] {logging_mixin.py:103} INFO - [2020-12-20 05:05:56,406] {dag.py:2266} INFO - Setting next_dagrun for example_python_operator to None
[2020-12-20 05:05:56,417] {scheduler_job.py:189} INFO - Processing /Users/harshittyagi/lil/de_env/lib/python3.8/site-packages/airflow/example_dags/example_python_operator.py took 0.041 seconds
[2020-12-20 05:06:50,077] {scheduler_job.py:181} INFO - Started process (PID=62437) to work on /Users/harshittyagi/lil/de_env/lib/python3.8/site-packages/airflow/example_dags/example_python_operator.py
[2020-12-20 05:06:50,078] {scheduler_job.py:629} INFO - Processing file /Users/harshittyagi/lil/de_env/lib/python3.8/site-packages/airflow/example_dags/example_python_operator.py for tasks to queue
[2020-12-20 05:06:50,078] {logging_mixin.py:103} INFO - [2020-12-20 05:06:50,078] {dagbag.py:440} INFO - Filling up the DagBag from /Users/harshittyagi/lil/de_env/lib/python3.8/site-packages/airflow/example_dags/example_python_operator.py
[2020-12-20 05:06:50,083] {scheduler_job.py:639} INFO - DAG(s) dict_keys(['example_python_operator']) retrieved from /Users/harshittyagi/lil/de_env/lib/python3.8/site-packages/airflow/example_dags/example_python_operator.py
[2020-12-20 05:06:50,083] {logging_mixin.py:103} INFO - [2020-12-20 05:06:50,083] {dag.py:1813} INFO - Sync 1 DAGs
[2020-12-20 05:06:50,108] {logging_mixin.py:103} INFO - [2020-12-20 05:06:50,108] {dag.py:2266} INFO - Setting next_dagrun for example_python_operator to None
[2020-12-20 05:06:50,119] {scheduler_job.py:189} INFO - Processing /Users/harshittyagi/lil/de_env/lib/python3.8/site-packages/airflow/example_dags/example_python_operator.py took 0.042 seconds
[2020-12-20 05:07:44,236] {scheduler_job.py:181} INFO - Started process (PID=62718) to work on /Users/harshittyagi/lil/de_env/lib/python3.8/site-packages/airflow/example_dags/example_python_operator.py
[2020-12-20 05:07:44,236] {scheduler_job.py:629} INFO - Processing file /Users/harshittyagi/lil/de_env/lib/python3.8/site-packages/airflow/example_dags/example_python_operator.py for tasks to queue
[2020-12-20 05:07:44,236] {logging_mixin.py:103} INFO - [2020-12-20 05:07:44,236] {dagbag.py:440} INFO - Filling up the DagBag from /Users/harshittyagi/lil/de_env/lib/python3.8/site-packages/airflow/example_dags/example_python_operator.py
[2020-12-20 05:07:44,241] {scheduler_job.py:639} INFO - DAG(s) dict_keys(['example_python_operator']) retrieved from /Users/harshittyagi/lil/de_env/lib/python3.8/site-packages/airflow/example_dags/example_python_operator.py
[2020-12-20 05:07:44,241] {logging_mixin.py:103} INFO - [2020-12-20 05:07:44,241] {dag.py:1813} INFO - Sync 1 DAGs
[2020-12-20 05:07:44,267] {logging_mixin.py:103} INFO - [2020-12-20 05:07:44,267] {dag.py:2266} INFO - Setting next_dagrun for example_python_operator to None
[2020-12-20 05:07:44,278] {scheduler_job.py:189} INFO - Processing /Users/harshittyagi/lil/de_env/lib/python3.8/site-packages/airflow/example_dags/example_python_operator.py took 0.043 seconds
[2020-12-20 05:08:38,991] {scheduler_job.py:181} INFO - Started process (PID=63009) to work on /Users/harshittyagi/lil/de_env/lib/python3.8/site-packages/airflow/example_dags/example_python_operator.py
[2020-12-20 05:08:38,992] {scheduler_job.py:629} INFO - Processing file /Users/harshittyagi/lil/de_env/lib/python3.8/site-packages/airflow/example_dags/example_python_operator.py for tasks to queue
[2020-12-20 05:08:38,992] {logging_mixin.py:103} INFO - [2020-12-20 05:08:38,992] {dagbag.py:440} INFO - Filling up the DagBag from /Users/harshittyagi/lil/de_env/lib/python3.8/site-packages/airflow/example_dags/example_python_operator.py
[2020-12-20 05:08:38,997] {scheduler_job.py:639} INFO - DAG(s) dict_keys(['example_python_operator']) retrieved from /Users/harshittyagi/lil/de_env/lib/python3.8/site-packages/airflow/example_dags/example_python_operator.py
[2020-12-20 05:08:38,997] {logging_mixin.py:103} INFO - [2020-12-20 05:08:38,997] {dag.py:1813} INFO - Sync 1 DAGs
[2020-12-20 05:08:39,024] {logging_mixin.py:103} INFO - [2020-12-20 05:08:39,024] {dag.py:2266} INFO - Setting next_dagrun for example_python_operator to None
[2020-12-20 05:08:39,036] {scheduler_job.py:189} INFO - Processing /Users/harshittyagi/lil/de_env/lib/python3.8/site-packages/airflow/example_dags/example_python_operator.py took 0.045 seconds
[2020-12-20 05:09:33,314] {scheduler_job.py:181} INFO - Started process (PID=63297) to work on /Users/harshittyagi/lil/de_env/lib/python3.8/site-packages/airflow/example_dags/example_python_operator.py
[2020-12-20 05:09:33,314] {scheduler_job.py:629} INFO - Processing file /Users/harshittyagi/lil/de_env/lib/python3.8/site-packages/airflow/example_dags/example_python_operator.py for tasks to queue
[2020-12-20 05:09:33,315] {logging_mixin.py:103} INFO - [2020-12-20 05:09:33,314] {dagbag.py:440} INFO - Filling up the DagBag from /Users/harshittyagi/lil/de_env/lib/python3.8/site-packages/airflow/example_dags/example_python_operator.py
[2020-12-20 05:09:33,319] {scheduler_job.py:639} INFO - DAG(s) dict_keys(['example_python_operator']) retrieved from /Users/harshittyagi/lil/de_env/lib/python3.8/site-packages/airflow/example_dags/example_python_operator.py
[2020-12-20 05:09:33,319] {logging_mixin.py:103} INFO - [2020-12-20 05:09:33,319] {dag.py:1813} INFO - Sync 1 DAGs
[2020-12-20 05:09:33,345] {logging_mixin.py:103} INFO - [2020-12-20 05:09:33,345] {dag.py:2266} INFO - Setting next_dagrun for example_python_operator to None
[2020-12-20 05:09:33,358] {scheduler_job.py:189} INFO - Processing /Users/harshittyagi/lil/de_env/lib/python3.8/site-packages/airflow/example_dags/example_python_operator.py took 0.045 seconds
[2020-12-20 05:10:27,470] {scheduler_job.py:181} INFO - Started process (PID=63583) to work on /Users/harshittyagi/lil/de_env/lib/python3.8/site-packages/airflow/example_dags/example_python_operator.py
[2020-12-20 05:10:27,471] {scheduler_job.py:629} INFO - Processing file /Users/harshittyagi/lil/de_env/lib/python3.8/site-packages/airflow/example_dags/example_python_operator.py for tasks to queue
[2020-12-20 05:10:27,471] {logging_mixin.py:103} INFO - [2020-12-20 05:10:27,471] {dagbag.py:440} INFO - Filling up the DagBag from /Users/harshittyagi/lil/de_env/lib/python3.8/site-packages/airflow/example_dags/example_python_operator.py
[2020-12-20 05:10:27,476] {scheduler_job.py:639} INFO - DAG(s) dict_keys(['example_python_operator']) retrieved from /Users/harshittyagi/lil/de_env/lib/python3.8/site-packages/airflow/example_dags/example_python_operator.py
[2020-12-20 05:10:27,476] {logging_mixin.py:103} INFO - [2020-12-20 05:10:27,476] {dag.py:1813} INFO - Sync 1 DAGs
[2020-12-20 05:10:27,501] {logging_mixin.py:103} INFO - [2020-12-20 05:10:27,501] {dag.py:2266} INFO - Setting next_dagrun for example_python_operator to None
[2020-12-20 05:10:27,511] {scheduler_job.py:189} INFO - Processing /Users/harshittyagi/lil/de_env/lib/python3.8/site-packages/airflow/example_dags/example_python_operator.py took 0.041 seconds
[2020-12-20 05:11:21,590] {scheduler_job.py:181} INFO - Started process (PID=63863) to work on /Users/harshittyagi/lil/de_env/lib/python3.8/site-packages/airflow/example_dags/example_python_operator.py
[2020-12-20 05:11:21,591] {scheduler_job.py:629} INFO - Processing file /Users/harshittyagi/lil/de_env/lib/python3.8/site-packages/airflow/example_dags/example_python_operator.py for tasks to queue
[2020-12-20 05:11:21,591] {logging_mixin.py:103} INFO - [2020-12-20 05:11:21,591] {dagbag.py:440} INFO - Filling up the DagBag from /Users/harshittyagi/lil/de_env/lib/python3.8/site-packages/airflow/example_dags/example_python_operator.py
[2020-12-20 05:11:21,596] {scheduler_job.py:639} INFO - DAG(s) dict_keys(['example_python_operator']) retrieved from /Users/harshittyagi/lil/de_env/lib/python3.8/site-packages/airflow/example_dags/example_python_operator.py
[2020-12-20 05:11:21,596] {logging_mixin.py:103} INFO - [2020-12-20 05:11:21,596] {dag.py:1813} INFO - Sync 1 DAGs
[2020-12-20 05:11:21,621] {logging_mixin.py:103} INFO - [2020-12-20 05:11:21,621] {dag.py:2266} INFO - Setting next_dagrun for example_python_operator to None
[2020-12-20 05:11:21,632] {scheduler_job.py:189} INFO - Processing /Users/harshittyagi/lil/de_env/lib/python3.8/site-packages/airflow/example_dags/example_python_operator.py took 0.042 seconds
[2020-12-20 05:12:12,980] {scheduler_job.py:181} INFO - Started process (PID=64149) to work on /Users/harshittyagi/lil/de_env/lib/python3.8/site-packages/airflow/example_dags/example_python_operator.py
[2020-12-20 05:12:12,980] {scheduler_job.py:629} INFO - Processing file /Users/harshittyagi/lil/de_env/lib/python3.8/site-packages/airflow/example_dags/example_python_operator.py for tasks to queue
[2020-12-20 05:12:12,981] {logging_mixin.py:103} INFO - [2020-12-20 05:12:12,981] {dagbag.py:440} INFO - Filling up the DagBag from /Users/harshittyagi/lil/de_env/lib/python3.8/site-packages/airflow/example_dags/example_python_operator.py
[2020-12-20 05:12:12,985] {scheduler_job.py:639} INFO - DAG(s) dict_keys(['example_python_operator']) retrieved from /Users/harshittyagi/lil/de_env/lib/python3.8/site-packages/airflow/example_dags/example_python_operator.py
[2020-12-20 05:12:12,986] {logging_mixin.py:103} INFO - [2020-12-20 05:12:12,986] {dag.py:1813} INFO - Sync 1 DAGs
[2020-12-20 05:12:13,010] {logging_mixin.py:103} INFO - [2020-12-20 05:12:13,010] {dag.py:2266} INFO - Setting next_dagrun for example_python_operator to None
[2020-12-20 05:12:13,021] {scheduler_job.py:189} INFO - Processing /Users/harshittyagi/lil/de_env/lib/python3.8/site-packages/airflow/example_dags/example_python_operator.py took 0.042 seconds
[2020-12-20 05:13:06,830] {scheduler_job.py:181} INFO - Started process (PID=64433) to work on /Users/harshittyagi/lil/de_env/lib/python3.8/site-packages/airflow/example_dags/example_python_operator.py
[2020-12-20 05:13:06,830] {scheduler_job.py:629} INFO - Processing file /Users/harshittyagi/lil/de_env/lib/python3.8/site-packages/airflow/example_dags/example_python_operator.py for tasks to queue
[2020-12-20 05:13:06,830] {logging_mixin.py:103} INFO - [2020-12-20 05:13:06,830] {dagbag.py:440} INFO - Filling up the DagBag from /Users/harshittyagi/lil/de_env/lib/python3.8/site-packages/airflow/example_dags/example_python_operator.py
[2020-12-20 05:13:06,835] {scheduler_job.py:639} INFO - DAG(s) dict_keys(['example_python_operator']) retrieved from /Users/harshittyagi/lil/de_env/lib/python3.8/site-packages/airflow/example_dags/example_python_operator.py
[2020-12-20 05:13:06,836] {logging_mixin.py:103} INFO - [2020-12-20 05:13:06,836] {dag.py:1813} INFO - Sync 1 DAGs
[2020-12-20 05:13:06,864] {logging_mixin.py:103} INFO - [2020-12-20 05:13:06,864] {dag.py:2266} INFO - Setting next_dagrun for example_python_operator to None
[2020-12-20 05:13:06,876] {scheduler_job.py:189} INFO - Processing /Users/harshittyagi/lil/de_env/lib/python3.8/site-packages/airflow/example_dags/example_python_operator.py took 0.046 seconds
[2020-12-20 05:14:00,582] {scheduler_job.py:181} INFO - Started process (PID=64714) to work on /Users/harshittyagi/lil/de_env/lib/python3.8/site-packages/airflow/example_dags/example_python_operator.py
[2020-12-20 05:14:00,583] {scheduler_job.py:629} INFO - Processing file /Users/harshittyagi/lil/de_env/lib/python3.8/site-packages/airflow/example_dags/example_python_operator.py for tasks to queue
[2020-12-20 05:14:00,583] {logging_mixin.py:103} INFO - [2020-12-20 05:14:00,583] {dagbag.py:440} INFO - Filling up the DagBag from /Users/harshittyagi/lil/de_env/lib/python3.8/site-packages/airflow/example_dags/example_python_operator.py
[2020-12-20 05:14:00,589] {scheduler_job.py:639} INFO - DAG(s) dict_keys(['example_python_operator']) retrieved from /Users/harshittyagi/lil/de_env/lib/python3.8/site-packages/airflow/example_dags/example_python_operator.py
[2020-12-20 05:14:00,589] {logging_mixin.py:103} INFO - [2020-12-20 05:14:00,589] {dag.py:1813} INFO - Sync 1 DAGs
[2020-12-20 05:14:00,616] {logging_mixin.py:103} INFO - [2020-12-20 05:14:00,616] {dag.py:2266} INFO - Setting next_dagrun for example_python_operator to None
[2020-12-20 05:14:00,624] {scheduler_job.py:189} INFO - Processing /Users/harshittyagi/lil/de_env/lib/python3.8/site-packages/airflow/example_dags/example_python_operator.py took 0.042 seconds
[2020-12-20 05:14:54,891] {scheduler_job.py:181} INFO - Started process (PID=65001) to work on /Users/harshittyagi/lil/de_env/lib/python3.8/site-packages/airflow/example_dags/example_python_operator.py
[2020-12-20 05:14:54,891] {scheduler_job.py:629} INFO - Processing file /Users/harshittyagi/lil/de_env/lib/python3.8/site-packages/airflow/example_dags/example_python_operator.py for tasks to queue
[2020-12-20 05:14:54,892] {logging_mixin.py:103} INFO - [2020-12-20 05:14:54,892] {dagbag.py:440} INFO - Filling up the DagBag from /Users/harshittyagi/lil/de_env/lib/python3.8/site-packages/airflow/example_dags/example_python_operator.py
[2020-12-20 05:14:54,898] {scheduler_job.py:639} INFO - DAG(s) dict_keys(['example_python_operator']) retrieved from /Users/harshittyagi/lil/de_env/lib/python3.8/site-packages/airflow/example_dags/example_python_operator.py
[2020-12-20 05:14:54,898] {logging_mixin.py:103} INFO - [2020-12-20 05:14:54,898] {dag.py:1813} INFO - Sync 1 DAGs
[2020-12-20 05:14:54,925] {logging_mixin.py:103} INFO - [2020-12-20 05:14:54,925] {dag.py:2266} INFO - Setting next_dagrun for example_python_operator to None
[2020-12-20 05:14:54,936] {scheduler_job.py:189} INFO - Processing /Users/harshittyagi/lil/de_env/lib/python3.8/site-packages/airflow/example_dags/example_python_operator.py took 0.046 seconds
[2020-12-20 05:15:45,332] {scheduler_job.py:181} INFO - Started process (PID=65286) to work on /Users/harshittyagi/lil/de_env/lib/python3.8/site-packages/airflow/example_dags/example_python_operator.py
[2020-12-20 05:15:45,332] {scheduler_job.py:629} INFO - Processing file /Users/harshittyagi/lil/de_env/lib/python3.8/site-packages/airflow/example_dags/example_python_operator.py for tasks to queue
[2020-12-20 05:15:45,333] {logging_mixin.py:103} INFO - [2020-12-20 05:15:45,333] {dagbag.py:440} INFO - Filling up the DagBag from /Users/harshittyagi/lil/de_env/lib/python3.8/site-packages/airflow/example_dags/example_python_operator.py
[2020-12-20 05:15:45,337] {scheduler_job.py:639} INFO - DAG(s) dict_keys(['example_python_operator']) retrieved from /Users/harshittyagi/lil/de_env/lib/python3.8/site-packages/airflow/example_dags/example_python_operator.py
[2020-12-20 05:15:45,338] {logging_mixin.py:103} INFO - [2020-12-20 05:15:45,338] {dag.py:1813} INFO - Sync 1 DAGs
[2020-12-20 05:15:45,363] {logging_mixin.py:103} INFO - [2020-12-20 05:15:45,363] {dag.py:2266} INFO - Setting next_dagrun for example_python_operator to None
[2020-12-20 05:15:45,373] {scheduler_job.py:189} INFO - Processing /Users/harshittyagi/lil/de_env/lib/python3.8/site-packages/airflow/example_dags/example_python_operator.py took 0.042 seconds
[2020-12-20 05:16:39,559] {scheduler_job.py:181} INFO - Started process (PID=65568) to work on /Users/harshittyagi/lil/de_env/lib/python3.8/site-packages/airflow/example_dags/example_python_operator.py
[2020-12-20 05:16:39,559] {scheduler_job.py:629} INFO - Processing file /Users/harshittyagi/lil/de_env/lib/python3.8/site-packages/airflow/example_dags/example_python_operator.py for tasks to queue
[2020-12-20 05:16:39,560] {logging_mixin.py:103} INFO - [2020-12-20 05:16:39,560] {dagbag.py:440} INFO - Filling up the DagBag from /Users/harshittyagi/lil/de_env/lib/python3.8/site-packages/airflow/example_dags/example_python_operator.py
[2020-12-20 05:16:39,567] {scheduler_job.py:639} INFO - DAG(s) dict_keys(['example_python_operator']) retrieved from /Users/harshittyagi/lil/de_env/lib/python3.8/site-packages/airflow/example_dags/example_python_operator.py
[2020-12-20 05:16:39,567] {logging_mixin.py:103} INFO - [2020-12-20 05:16:39,567] {dag.py:1813} INFO - Sync 1 DAGs
[2020-12-20 05:16:39,601] {logging_mixin.py:103} INFO - [2020-12-20 05:16:39,601] {dag.py:2266} INFO - Setting next_dagrun for example_python_operator to None
[2020-12-20 05:16:39,614] {scheduler_job.py:189} INFO - Processing /Users/harshittyagi/lil/de_env/lib/python3.8/site-packages/airflow/example_dags/example_python_operator.py took 0.056 seconds
[2020-12-20 05:17:33,352] {scheduler_job.py:181} INFO - Started process (PID=65854) to work on /Users/harshittyagi/lil/de_env/lib/python3.8/site-packages/airflow/example_dags/example_python_operator.py
[2020-12-20 05:17:33,353] {scheduler_job.py:629} INFO - Processing file /Users/harshittyagi/lil/de_env/lib/python3.8/site-packages/airflow/example_dags/example_python_operator.py for tasks to queue
[2020-12-20 05:17:33,353] {logging_mixin.py:103} INFO - [2020-12-20 05:17:33,353] {dagbag.py:440} INFO - Filling up the DagBag from /Users/harshittyagi/lil/de_env/lib/python3.8/site-packages/airflow/example_dags/example_python_operator.py
[2020-12-20 05:17:33,358] {scheduler_job.py:639} INFO - DAG(s) dict_keys(['example_python_operator']) retrieved from /Users/harshittyagi/lil/de_env/lib/python3.8/site-packages/airflow/example_dags/example_python_operator.py
[2020-12-20 05:17:33,358] {logging_mixin.py:103} INFO - [2020-12-20 05:17:33,358] {dag.py:1813} INFO - Sync 1 DAGs
[2020-12-20 05:17:33,384] {logging_mixin.py:103} INFO - [2020-12-20 05:17:33,384] {dag.py:2266} INFO - Setting next_dagrun for example_python_operator to None
[2020-12-20 05:17:33,396] {scheduler_job.py:189} INFO - Processing /Users/harshittyagi/lil/de_env/lib/python3.8/site-packages/airflow/example_dags/example_python_operator.py took 0.044 seconds
[2020-12-20 05:18:28,966] {scheduler_job.py:181} INFO - Started process (PID=66140) to work on /Users/harshittyagi/lil/de_env/lib/python3.8/site-packages/airflow/example_dags/example_python_operator.py
[2020-12-20 05:18:28,966] {scheduler_job.py:629} INFO - Processing file /Users/harshittyagi/lil/de_env/lib/python3.8/site-packages/airflow/example_dags/example_python_operator.py for tasks to queue
[2020-12-20 05:18:28,967] {logging_mixin.py:103} INFO - [2020-12-20 05:18:28,967] {dagbag.py:440} INFO - Filling up the DagBag from /Users/harshittyagi/lil/de_env/lib/python3.8/site-packages/airflow/example_dags/example_python_operator.py
[2020-12-20 05:18:28,973] {scheduler_job.py:639} INFO - DAG(s) dict_keys(['example_python_operator']) retrieved from /Users/harshittyagi/lil/de_env/lib/python3.8/site-packages/airflow/example_dags/example_python_operator.py
[2020-12-20 05:18:28,973] {logging_mixin.py:103} INFO - [2020-12-20 05:18:28,973] {dag.py:1813} INFO - Sync 1 DAGs
[2020-12-20 05:18:29,003] {logging_mixin.py:103} INFO - [2020-12-20 05:18:29,003] {dag.py:2266} INFO - Setting next_dagrun for example_python_operator to None
[2020-12-20 05:18:29,016] {scheduler_job.py:189} INFO - Processing /Users/harshittyagi/lil/de_env/lib/python3.8/site-packages/airflow/example_dags/example_python_operator.py took 0.051 seconds
[2020-12-20 05:19:23,187] {scheduler_job.py:181} INFO - Started process (PID=66421) to work on /Users/harshittyagi/lil/de_env/lib/python3.8/site-packages/airflow/example_dags/example_python_operator.py
[2020-12-20 05:19:23,187] {scheduler_job.py:629} INFO - Processing file /Users/harshittyagi/lil/de_env/lib/python3.8/site-packages/airflow/example_dags/example_python_operator.py for tasks to queue
[2020-12-20 05:19:23,187] {logging_mixin.py:103} INFO - [2020-12-20 05:19:23,187] {dagbag.py:440} INFO - Filling up the DagBag from /Users/harshittyagi/lil/de_env/lib/python3.8/site-packages/airflow/example_dags/example_python_operator.py
[2020-12-20 05:19:23,193] {scheduler_job.py:639} INFO - DAG(s) dict_keys(['example_python_operator']) retrieved from /Users/harshittyagi/lil/de_env/lib/python3.8/site-packages/airflow/example_dags/example_python_operator.py
[2020-12-20 05:19:23,193] {logging_mixin.py:103} INFO - [2020-12-20 05:19:23,193] {dag.py:1813} INFO - Sync 1 DAGs
[2020-12-20 05:19:23,222] {logging_mixin.py:103} INFO - [2020-12-20 05:19:23,222] {dag.py:2266} INFO - Setting next_dagrun for example_python_operator to None
[2020-12-20 05:19:23,234] {scheduler_job.py:189} INFO - Processing /Users/harshittyagi/lil/de_env/lib/python3.8/site-packages/airflow/example_dags/example_python_operator.py took 0.048 seconds
[2020-12-20 05:20:20,283] {scheduler_job.py:181} INFO - Started process (PID=66716) to work on /Users/harshittyagi/lil/de_env/lib/python3.8/site-packages/airflow/example_dags/example_python_operator.py
[2020-12-20 05:20:20,284] {scheduler_job.py:629} INFO - Processing file /Users/harshittyagi/lil/de_env/lib/python3.8/site-packages/airflow/example_dags/example_python_operator.py for tasks to queue
[2020-12-20 05:20:20,285] {logging_mixin.py:103} INFO - [2020-12-20 05:20:20,285] {dagbag.py:440} INFO - Filling up the DagBag from /Users/harshittyagi/lil/de_env/lib/python3.8/site-packages/airflow/example_dags/example_python_operator.py
[2020-12-20 05:20:20,292] {scheduler_job.py:639} INFO - DAG(s) dict_keys(['example_python_operator']) retrieved from /Users/harshittyagi/lil/de_env/lib/python3.8/site-packages/airflow/example_dags/example_python_operator.py
[2020-12-20 05:20:20,292] {logging_mixin.py:103} INFO - [2020-12-20 05:20:20,292] {dag.py:1813} INFO - Sync 1 DAGs
[2020-12-20 05:20:20,321] {logging_mixin.py:103} INFO - [2020-12-20 05:20:20,321] {dag.py:2266} INFO - Setting next_dagrun for example_python_operator to None
[2020-12-20 05:20:20,333] {scheduler_job.py:189} INFO - Processing /Users/harshittyagi/lil/de_env/lib/python3.8/site-packages/airflow/example_dags/example_python_operator.py took 0.050 seconds
[2020-12-20 05:21:15,593] {scheduler_job.py:181} INFO - Started process (PID=67008) to work on /Users/harshittyagi/lil/de_env/lib/python3.8/site-packages/airflow/example_dags/example_python_operator.py
[2020-12-20 05:21:15,593] {scheduler_job.py:629} INFO - Processing file /Users/harshittyagi/lil/de_env/lib/python3.8/site-packages/airflow/example_dags/example_python_operator.py for tasks to queue
[2020-12-20 05:21:15,594] {logging_mixin.py:103} INFO - [2020-12-20 05:21:15,594] {dagbag.py:440} INFO - Filling up the DagBag from /Users/harshittyagi/lil/de_env/lib/python3.8/site-packages/airflow/example_dags/example_python_operator.py
[2020-12-20 05:21:15,599] {scheduler_job.py:639} INFO - DAG(s) dict_keys(['example_python_operator']) retrieved from /Users/harshittyagi/lil/de_env/lib/python3.8/site-packages/airflow/example_dags/example_python_operator.py
[2020-12-20 05:21:15,600] {logging_mixin.py:103} INFO - [2020-12-20 05:21:15,600] {dag.py:1813} INFO - Sync 1 DAGs
[2020-12-20 05:21:15,628] {logging_mixin.py:103} INFO - [2020-12-20 05:21:15,628] {dag.py:2266} INFO - Setting next_dagrun for example_python_operator to None
[2020-12-20 05:21:15,639] {scheduler_job.py:189} INFO - Processing /Users/harshittyagi/lil/de_env/lib/python3.8/site-packages/airflow/example_dags/example_python_operator.py took 0.047 seconds
[2020-12-20 05:22:10,914] {scheduler_job.py:181} INFO - Started process (PID=67293) to work on /Users/harshittyagi/lil/de_env/lib/python3.8/site-packages/airflow/example_dags/example_python_operator.py
[2020-12-20 05:22:10,915] {scheduler_job.py:629} INFO - Processing file /Users/harshittyagi/lil/de_env/lib/python3.8/site-packages/airflow/example_dags/example_python_operator.py for tasks to queue
[2020-12-20 05:22:10,916] {logging_mixin.py:103} INFO - [2020-12-20 05:22:10,916] {dagbag.py:440} INFO - Filling up the DagBag from /Users/harshittyagi/lil/de_env/lib/python3.8/site-packages/airflow/example_dags/example_python_operator.py
[2020-12-20 05:22:10,922] {scheduler_job.py:639} INFO - DAG(s) dict_keys(['example_python_operator']) retrieved from /Users/harshittyagi/lil/de_env/lib/python3.8/site-packages/airflow/example_dags/example_python_operator.py
[2020-12-20 05:22:10,922] {logging_mixin.py:103} INFO - [2020-12-20 05:22:10,922] {dag.py:1813} INFO - Sync 1 DAGs
[2020-12-20 05:22:10,951] {logging_mixin.py:103} INFO - [2020-12-20 05:22:10,951] {dag.py:2266} INFO - Setting next_dagrun for example_python_operator to None
[2020-12-20 05:22:10,964] {scheduler_job.py:189} INFO - Processing /Users/harshittyagi/lil/de_env/lib/python3.8/site-packages/airflow/example_dags/example_python_operator.py took 0.050 seconds
[2020-12-20 05:23:05,969] {scheduler_job.py:181} INFO - Started process (PID=67580) to work on /Users/harshittyagi/lil/de_env/lib/python3.8/site-packages/airflow/example_dags/example_python_operator.py
[2020-12-20 05:23:05,969] {scheduler_job.py:629} INFO - Processing file /Users/harshittyagi/lil/de_env/lib/python3.8/site-packages/airflow/example_dags/example_python_operator.py for tasks to queue
[2020-12-20 05:23:05,970] {logging_mixin.py:103} INFO - [2020-12-20 05:23:05,969] {dagbag.py:440} INFO - Filling up the DagBag from /Users/harshittyagi/lil/de_env/lib/python3.8/site-packages/airflow/example_dags/example_python_operator.py
[2020-12-20 05:23:05,975] {scheduler_job.py:639} INFO - DAG(s) dict_keys(['example_python_operator']) retrieved from /Users/harshittyagi/lil/de_env/lib/python3.8/site-packages/airflow/example_dags/example_python_operator.py
[2020-12-20 05:23:05,976] {logging_mixin.py:103} INFO - [2020-12-20 05:23:05,975] {dag.py:1813} INFO - Sync 1 DAGs
[2020-12-20 05:23:06,003] {logging_mixin.py:103} INFO - [2020-12-20 05:23:06,003] {dag.py:2266} INFO - Setting next_dagrun for example_python_operator to None
[2020-12-20 05:23:06,016] {scheduler_job.py:189} INFO - Processing /Users/harshittyagi/lil/de_env/lib/python3.8/site-packages/airflow/example_dags/example_python_operator.py took 0.048 seconds
[2020-12-20 05:24:01,059] {scheduler_job.py:181} INFO - Started process (PID=67868) to work on /Users/harshittyagi/lil/de_env/lib/python3.8/site-packages/airflow/example_dags/example_python_operator.py
[2020-12-20 05:24:01,059] {scheduler_job.py:629} INFO - Processing file /Users/harshittyagi/lil/de_env/lib/python3.8/site-packages/airflow/example_dags/example_python_operator.py for tasks to queue
[2020-12-20 05:24:01,060] {logging_mixin.py:103} INFO - [2020-12-20 05:24:01,059] {dagbag.py:440} INFO - Filling up the DagBag from /Users/harshittyagi/lil/de_env/lib/python3.8/site-packages/airflow/example_dags/example_python_operator.py
[2020-12-20 05:24:01,065] {scheduler_job.py:639} INFO - DAG(s) dict_keys(['example_python_operator']) retrieved from /Users/harshittyagi/lil/de_env/lib/python3.8/site-packages/airflow/example_dags/example_python_operator.py
[2020-12-20 05:24:01,065] {logging_mixin.py:103} INFO - [2020-12-20 05:24:01,065] {dag.py:1813} INFO - Sync 1 DAGs
[2020-12-20 05:24:01,093] {logging_mixin.py:103} INFO - [2020-12-20 05:24:01,093] {dag.py:2266} INFO - Setting next_dagrun for example_python_operator to None
[2020-12-20 05:24:01,105] {scheduler_job.py:189} INFO - Processing /Users/harshittyagi/lil/de_env/lib/python3.8/site-packages/airflow/example_dags/example_python_operator.py took 0.046 seconds
[2020-12-20 05:24:56,178] {scheduler_job.py:181} INFO - Started process (PID=68156) to work on /Users/harshittyagi/lil/de_env/lib/python3.8/site-packages/airflow/example_dags/example_python_operator.py
[2020-12-20 05:24:56,179] {scheduler_job.py:629} INFO - Processing file /Users/harshittyagi/lil/de_env/lib/python3.8/site-packages/airflow/example_dags/example_python_operator.py for tasks to queue
[2020-12-20 05:24:56,179] {logging_mixin.py:103} INFO - [2020-12-20 05:24:56,179] {dagbag.py:440} INFO - Filling up the DagBag from /Users/harshittyagi/lil/de_env/lib/python3.8/site-packages/airflow/example_dags/example_python_operator.py
[2020-12-20 05:24:56,185] {scheduler_job.py:639} INFO - DAG(s) dict_keys(['example_python_operator']) retrieved from /Users/harshittyagi/lil/de_env/lib/python3.8/site-packages/airflow/example_dags/example_python_operator.py
[2020-12-20 05:24:56,185] {logging_mixin.py:103} INFO - [2020-12-20 05:24:56,185] {dag.py:1813} INFO - Sync 1 DAGs
[2020-12-20 05:24:56,214] {logging_mixin.py:103} INFO - [2020-12-20 05:24:56,214] {dag.py:2266} INFO - Setting next_dagrun for example_python_operator to None
[2020-12-20 05:24:56,222] {scheduler_job.py:189} INFO - Processing /Users/harshittyagi/lil/de_env/lib/python3.8/site-packages/airflow/example_dags/example_python_operator.py took 0.044 seconds
[2020-12-20 05:25:51,576] {scheduler_job.py:181} INFO - Started process (PID=68442) to work on /Users/harshittyagi/lil/de_env/lib/python3.8/site-packages/airflow/example_dags/example_python_operator.py
[2020-12-20 05:25:51,577] {scheduler_job.py:629} INFO - Processing file /Users/harshittyagi/lil/de_env/lib/python3.8/site-packages/airflow/example_dags/example_python_operator.py for tasks to queue
[2020-12-20 05:25:51,577] {logging_mixin.py:103} INFO - [2020-12-20 05:25:51,577] {dagbag.py:440} INFO - Filling up the DagBag from /Users/harshittyagi/lil/de_env/lib/python3.8/site-packages/airflow/example_dags/example_python_operator.py
[2020-12-20 05:25:51,582] {scheduler_job.py:639} INFO - DAG(s) dict_keys(['example_python_operator']) retrieved from /Users/harshittyagi/lil/de_env/lib/python3.8/site-packages/airflow/example_dags/example_python_operator.py
[2020-12-20 05:25:51,582] {logging_mixin.py:103} INFO - [2020-12-20 05:25:51,582] {dag.py:1813} INFO - Sync 1 DAGs
[2020-12-20 05:25:51,608] {logging_mixin.py:103} INFO - [2020-12-20 05:25:51,608] {dag.py:2266} INFO - Setting next_dagrun for example_python_operator to None
[2020-12-20 05:25:51,618] {scheduler_job.py:189} INFO - Processing /Users/harshittyagi/lil/de_env/lib/python3.8/site-packages/airflow/example_dags/example_python_operator.py took 0.042 seconds
[2020-12-20 05:26:46,491] {scheduler_job.py:181} INFO - Started process (PID=68724) to work on /Users/harshittyagi/lil/de_env/lib/python3.8/site-packages/airflow/example_dags/example_python_operator.py
[2020-12-20 05:26:46,491] {scheduler_job.py:629} INFO - Processing file /Users/harshittyagi/lil/de_env/lib/python3.8/site-packages/airflow/example_dags/example_python_operator.py for tasks to queue
[2020-12-20 05:26:46,492] {logging_mixin.py:103} INFO - [2020-12-20 05:26:46,491] {dagbag.py:440} INFO - Filling up the DagBag from /Users/harshittyagi/lil/de_env/lib/python3.8/site-packages/airflow/example_dags/example_python_operator.py
[2020-12-20 05:26:46,497] {scheduler_job.py:639} INFO - DAG(s) dict_keys(['example_python_operator']) retrieved from /Users/harshittyagi/lil/de_env/lib/python3.8/site-packages/airflow/example_dags/example_python_operator.py
[2020-12-20 05:26:46,498] {logging_mixin.py:103} INFO - [2020-12-20 05:26:46,498] {dag.py:1813} INFO - Sync 1 DAGs
[2020-12-20 05:26:46,526] {logging_mixin.py:103} INFO - [2020-12-20 05:26:46,526] {dag.py:2266} INFO - Setting next_dagrun for example_python_operator to None
[2020-12-20 05:26:46,539] {scheduler_job.py:189} INFO - Processing /Users/harshittyagi/lil/de_env/lib/python3.8/site-packages/airflow/example_dags/example_python_operator.py took 0.049 seconds
[2020-12-20 05:27:44,246] {scheduler_job.py:181} INFO - Started process (PID=69014) to work on /Users/harshittyagi/lil/de_env/lib/python3.8/site-packages/airflow/example_dags/example_python_operator.py
[2020-12-20 05:27:44,247] {scheduler_job.py:629} INFO - Processing file /Users/harshittyagi/lil/de_env/lib/python3.8/site-packages/airflow/example_dags/example_python_operator.py for tasks to queue
[2020-12-20 05:27:44,248] {logging_mixin.py:103} INFO - [2020-12-20 05:27:44,247] {dagbag.py:440} INFO - Filling up the DagBag from /Users/harshittyagi/lil/de_env/lib/python3.8/site-packages/airflow/example_dags/example_python_operator.py
[2020-12-20 05:27:44,254] {scheduler_job.py:639} INFO - DAG(s) dict_keys(['example_python_operator']) retrieved from /Users/harshittyagi/lil/de_env/lib/python3.8/site-packages/airflow/example_dags/example_python_operator.py
[2020-12-20 05:27:44,255] {logging_mixin.py:103} INFO - [2020-12-20 05:27:44,255] {dag.py:1813} INFO - Sync 1 DAGs
[2020-12-20 05:27:44,283] {logging_mixin.py:103} INFO - [2020-12-20 05:27:44,283] {dag.py:2266} INFO - Setting next_dagrun for example_python_operator to None
[2020-12-20 05:27:44,295] {scheduler_job.py:189} INFO - Processing /Users/harshittyagi/lil/de_env/lib/python3.8/site-packages/airflow/example_dags/example_python_operator.py took 0.049 seconds
[2020-12-20 05:28:38,488] {scheduler_job.py:181} INFO - Started process (PID=69297) to work on /Users/harshittyagi/lil/de_env/lib/python3.8/site-packages/airflow/example_dags/example_python_operator.py
[2020-12-20 05:28:38,488] {scheduler_job.py:629} INFO - Processing file /Users/harshittyagi/lil/de_env/lib/python3.8/site-packages/airflow/example_dags/example_python_operator.py for tasks to queue
[2020-12-20 05:28:38,488] {logging_mixin.py:103} INFO - [2020-12-20 05:28:38,488] {dagbag.py:440} INFO - Filling up the DagBag from /Users/harshittyagi/lil/de_env/lib/python3.8/site-packages/airflow/example_dags/example_python_operator.py
[2020-12-20 05:28:38,494] {scheduler_job.py:639} INFO - DAG(s) dict_keys(['example_python_operator']) retrieved from /Users/harshittyagi/lil/de_env/lib/python3.8/site-packages/airflow/example_dags/example_python_operator.py
[2020-12-20 05:28:38,494] {logging_mixin.py:103} INFO - [2020-12-20 05:28:38,494] {dag.py:1813} INFO - Sync 1 DAGs
[2020-12-20 05:28:38,519] {logging_mixin.py:103} INFO - [2020-12-20 05:28:38,519] {dag.py:2266} INFO - Setting next_dagrun for example_python_operator to None
[2020-12-20 05:28:38,531] {scheduler_job.py:189} INFO - Processing /Users/harshittyagi/lil/de_env/lib/python3.8/site-packages/airflow/example_dags/example_python_operator.py took 0.044 seconds
[2020-12-20 05:29:32,699] {scheduler_job.py:181} INFO - Started process (PID=69584) to work on /Users/harshittyagi/lil/de_env/lib/python3.8/site-packages/airflow/example_dags/example_python_operator.py
[2020-12-20 05:29:32,700] {scheduler_job.py:629} INFO - Processing file /Users/harshittyagi/lil/de_env/lib/python3.8/site-packages/airflow/example_dags/example_python_operator.py for tasks to queue
[2020-12-20 05:29:32,700] {logging_mixin.py:103} INFO - [2020-12-20 05:29:32,700] {dagbag.py:440} INFO - Filling up the DagBag from /Users/harshittyagi/lil/de_env/lib/python3.8/site-packages/airflow/example_dags/example_python_operator.py
[2020-12-20 05:29:32,705] {scheduler_job.py:639} INFO - DAG(s) dict_keys(['example_python_operator']) retrieved from /Users/harshittyagi/lil/de_env/lib/python3.8/site-packages/airflow/example_dags/example_python_operator.py
[2020-12-20 05:29:32,706] {logging_mixin.py:103} INFO - [2020-12-20 05:29:32,706] {dag.py:1813} INFO - Sync 1 DAGs
[2020-12-20 05:29:32,731] {logging_mixin.py:103} INFO - [2020-12-20 05:29:32,731] {dag.py:2266} INFO - Setting next_dagrun for example_python_operator to None
[2020-12-20 05:29:32,742] {scheduler_job.py:189} INFO - Processing /Users/harshittyagi/lil/de_env/lib/python3.8/site-packages/airflow/example_dags/example_python_operator.py took 0.043 seconds
