[2020-12-20 04:41:41,914] {scheduler_job.py:181} INFO - Started process (PID=54446) to work on /Users/harshittyagi/lil/de_env/lib/python3.8/site-packages/airflow/example_dags/example_skip_dag.py
[2020-12-20 04:41:41,914] {scheduler_job.py:629} INFO - Processing file /Users/harshittyagi/lil/de_env/lib/python3.8/site-packages/airflow/example_dags/example_skip_dag.py for tasks to queue
[2020-12-20 04:41:41,915] {logging_mixin.py:103} INFO - [2020-12-20 04:41:41,915] {dagbag.py:440} INFO - Filling up the DagBag from /Users/harshittyagi/lil/de_env/lib/python3.8/site-packages/airflow/example_dags/example_skip_dag.py
[2020-12-20 04:41:41,920] {scheduler_job.py:639} INFO - DAG(s) dict_keys(['example_skip_dag']) retrieved from /Users/harshittyagi/lil/de_env/lib/python3.8/site-packages/airflow/example_dags/example_skip_dag.py
[2020-12-20 04:41:41,920] {logging_mixin.py:103} INFO - [2020-12-20 04:41:41,920] {dag.py:1813} INFO - Sync 1 DAGs
[2020-12-20 04:41:41,950] {logging_mixin.py:103} INFO - [2020-12-20 04:41:41,950] {dag.py:2266} INFO - Setting next_dagrun for example_skip_dag to 2020-12-17 00:00:00+00:00
[2020-12-20 04:41:41,959] {scheduler_job.py:189} INFO - Processing /Users/harshittyagi/lil/de_env/lib/python3.8/site-packages/airflow/example_dags/example_skip_dag.py took 0.045 seconds
[2020-12-20 04:42:37,117] {scheduler_job.py:181} INFO - Started process (PID=54748) to work on /Users/harshittyagi/lil/de_env/lib/python3.8/site-packages/airflow/example_dags/example_skip_dag.py
[2020-12-20 04:42:37,118] {scheduler_job.py:629} INFO - Processing file /Users/harshittyagi/lil/de_env/lib/python3.8/site-packages/airflow/example_dags/example_skip_dag.py for tasks to queue
[2020-12-20 04:42:37,118] {logging_mixin.py:103} INFO - [2020-12-20 04:42:37,118] {dagbag.py:440} INFO - Filling up the DagBag from /Users/harshittyagi/lil/de_env/lib/python3.8/site-packages/airflow/example_dags/example_skip_dag.py
[2020-12-20 04:42:37,124] {scheduler_job.py:639} INFO - DAG(s) dict_keys(['example_skip_dag']) retrieved from /Users/harshittyagi/lil/de_env/lib/python3.8/site-packages/airflow/example_dags/example_skip_dag.py
[2020-12-20 04:42:37,124] {logging_mixin.py:103} INFO - [2020-12-20 04:42:37,124] {dag.py:1813} INFO - Sync 1 DAGs
[2020-12-20 04:42:37,154] {logging_mixin.py:103} INFO - [2020-12-20 04:42:37,154] {dag.py:2266} INFO - Setting next_dagrun for example_skip_dag to 2020-12-17 00:00:00+00:00
[2020-12-20 04:42:37,163] {scheduler_job.py:189} INFO - Processing /Users/harshittyagi/lil/de_env/lib/python3.8/site-packages/airflow/example_dags/example_skip_dag.py took 0.047 seconds
[2020-12-20 04:43:30,286] {scheduler_job.py:181} INFO - Started process (PID=55043) to work on /Users/harshittyagi/lil/de_env/lib/python3.8/site-packages/airflow/example_dags/example_skip_dag.py
[2020-12-20 04:43:30,287] {scheduler_job.py:629} INFO - Processing file /Users/harshittyagi/lil/de_env/lib/python3.8/site-packages/airflow/example_dags/example_skip_dag.py for tasks to queue
[2020-12-20 04:43:30,287] {logging_mixin.py:103} INFO - [2020-12-20 04:43:30,287] {dagbag.py:440} INFO - Filling up the DagBag from /Users/harshittyagi/lil/de_env/lib/python3.8/site-packages/airflow/example_dags/example_skip_dag.py
[2020-12-20 04:43:30,293] {scheduler_job.py:639} INFO - DAG(s) dict_keys(['example_skip_dag']) retrieved from /Users/harshittyagi/lil/de_env/lib/python3.8/site-packages/airflow/example_dags/example_skip_dag.py
[2020-12-20 04:43:30,293] {logging_mixin.py:103} INFO - [2020-12-20 04:43:30,293] {dag.py:1813} INFO - Sync 1 DAGs
[2020-12-20 04:43:30,338] {logging_mixin.py:103} INFO - [2020-12-20 04:43:30,338] {dag.py:2266} INFO - Setting next_dagrun for example_skip_dag to 2020-12-17 00:00:00+00:00
[2020-12-20 04:43:30,355] {scheduler_job.py:189} INFO - Processing /Users/harshittyagi/lil/de_env/lib/python3.8/site-packages/airflow/example_dags/example_skip_dag.py took 0.069 seconds
[2020-12-20 04:44:46,630] {scheduler_job.py:181} INFO - Started process (PID=55333) to work on /Users/harshittyagi/lil/de_env/lib/python3.8/site-packages/airflow/example_dags/example_skip_dag.py
[2020-12-20 04:44:46,631] {scheduler_job.py:629} INFO - Processing file /Users/harshittyagi/lil/de_env/lib/python3.8/site-packages/airflow/example_dags/example_skip_dag.py for tasks to queue
[2020-12-20 04:44:46,632] {logging_mixin.py:103} INFO - [2020-12-20 04:44:46,632] {dagbag.py:440} INFO - Filling up the DagBag from /Users/harshittyagi/lil/de_env/lib/python3.8/site-packages/airflow/example_dags/example_skip_dag.py
[2020-12-20 04:44:46,641] {scheduler_job.py:639} INFO - DAG(s) dict_keys(['example_skip_dag']) retrieved from /Users/harshittyagi/lil/de_env/lib/python3.8/site-packages/airflow/example_dags/example_skip_dag.py
[2020-12-20 04:44:46,642] {logging_mixin.py:103} INFO - [2020-12-20 04:44:46,642] {dag.py:1813} INFO - Sync 1 DAGs
[2020-12-20 04:44:46,694] {logging_mixin.py:103} INFO - [2020-12-20 04:44:46,694] {dag.py:2266} INFO - Setting next_dagrun for example_skip_dag to 2020-12-17 00:00:00+00:00
[2020-12-20 04:44:46,711] {scheduler_job.py:189} INFO - Processing /Users/harshittyagi/lil/de_env/lib/python3.8/site-packages/airflow/example_dags/example_skip_dag.py took 0.082 seconds
[2020-12-20 04:45:38,722] {scheduler_job.py:181} INFO - Started process (PID=55624) to work on /Users/harshittyagi/lil/de_env/lib/python3.8/site-packages/airflow/example_dags/example_skip_dag.py
[2020-12-20 04:45:38,722] {scheduler_job.py:629} INFO - Processing file /Users/harshittyagi/lil/de_env/lib/python3.8/site-packages/airflow/example_dags/example_skip_dag.py for tasks to queue
[2020-12-20 04:45:38,723] {logging_mixin.py:103} INFO - [2020-12-20 04:45:38,723] {dagbag.py:440} INFO - Filling up the DagBag from /Users/harshittyagi/lil/de_env/lib/python3.8/site-packages/airflow/example_dags/example_skip_dag.py
[2020-12-20 04:45:38,727] {scheduler_job.py:639} INFO - DAG(s) dict_keys(['example_skip_dag']) retrieved from /Users/harshittyagi/lil/de_env/lib/python3.8/site-packages/airflow/example_dags/example_skip_dag.py
[2020-12-20 04:45:38,728] {logging_mixin.py:103} INFO - [2020-12-20 04:45:38,727] {dag.py:1813} INFO - Sync 1 DAGs
[2020-12-20 04:45:38,752] {logging_mixin.py:103} INFO - [2020-12-20 04:45:38,752] {dag.py:2266} INFO - Setting next_dagrun for example_skip_dag to 2020-12-17 00:00:00+00:00
[2020-12-20 04:45:38,761] {scheduler_job.py:189} INFO - Processing /Users/harshittyagi/lil/de_env/lib/python3.8/site-packages/airflow/example_dags/example_skip_dag.py took 0.040 seconds
[2020-12-20 04:46:33,240] {scheduler_job.py:181} INFO - Started process (PID=55906) to work on /Users/harshittyagi/lil/de_env/lib/python3.8/site-packages/airflow/example_dags/example_skip_dag.py
[2020-12-20 04:46:33,240] {scheduler_job.py:629} INFO - Processing file /Users/harshittyagi/lil/de_env/lib/python3.8/site-packages/airflow/example_dags/example_skip_dag.py for tasks to queue
[2020-12-20 04:46:33,240] {logging_mixin.py:103} INFO - [2020-12-20 04:46:33,240] {dagbag.py:440} INFO - Filling up the DagBag from /Users/harshittyagi/lil/de_env/lib/python3.8/site-packages/airflow/example_dags/example_skip_dag.py
[2020-12-20 04:46:33,244] {scheduler_job.py:639} INFO - DAG(s) dict_keys(['example_skip_dag']) retrieved from /Users/harshittyagi/lil/de_env/lib/python3.8/site-packages/airflow/example_dags/example_skip_dag.py
[2020-12-20 04:46:33,245] {logging_mixin.py:103} INFO - [2020-12-20 04:46:33,245] {dag.py:1813} INFO - Sync 1 DAGs
[2020-12-20 04:46:33,270] {logging_mixin.py:103} INFO - [2020-12-20 04:46:33,269] {dag.py:2266} INFO - Setting next_dagrun for example_skip_dag to 2020-12-17 00:00:00+00:00
[2020-12-20 04:46:33,277] {scheduler_job.py:189} INFO - Processing /Users/harshittyagi/lil/de_env/lib/python3.8/site-packages/airflow/example_dags/example_skip_dag.py took 0.037 seconds
[2020-12-20 04:47:26,843] {scheduler_job.py:181} INFO - Started process (PID=56192) to work on /Users/harshittyagi/lil/de_env/lib/python3.8/site-packages/airflow/example_dags/example_skip_dag.py
[2020-12-20 04:47:26,843] {scheduler_job.py:629} INFO - Processing file /Users/harshittyagi/lil/de_env/lib/python3.8/site-packages/airflow/example_dags/example_skip_dag.py for tasks to queue
[2020-12-20 04:47:26,844] {logging_mixin.py:103} INFO - [2020-12-20 04:47:26,844] {dagbag.py:440} INFO - Filling up the DagBag from /Users/harshittyagi/lil/de_env/lib/python3.8/site-packages/airflow/example_dags/example_skip_dag.py
[2020-12-20 04:47:26,849] {scheduler_job.py:639} INFO - DAG(s) dict_keys(['example_skip_dag']) retrieved from /Users/harshittyagi/lil/de_env/lib/python3.8/site-packages/airflow/example_dags/example_skip_dag.py
[2020-12-20 04:47:26,849] {logging_mixin.py:103} INFO - [2020-12-20 04:47:26,849] {dag.py:1813} INFO - Sync 1 DAGs
[2020-12-20 04:47:26,877] {logging_mixin.py:103} INFO - [2020-12-20 04:47:26,877] {dag.py:2266} INFO - Setting next_dagrun for example_skip_dag to 2020-12-17 00:00:00+00:00
[2020-12-20 04:47:26,886] {scheduler_job.py:189} INFO - Processing /Users/harshittyagi/lil/de_env/lib/python3.8/site-packages/airflow/example_dags/example_skip_dag.py took 0.043 seconds
[2020-12-20 04:48:20,462] {scheduler_job.py:181} INFO - Started process (PID=56479) to work on /Users/harshittyagi/lil/de_env/lib/python3.8/site-packages/airflow/example_dags/example_skip_dag.py
[2020-12-20 04:48:20,462] {scheduler_job.py:629} INFO - Processing file /Users/harshittyagi/lil/de_env/lib/python3.8/site-packages/airflow/example_dags/example_skip_dag.py for tasks to queue
[2020-12-20 04:48:20,462] {logging_mixin.py:103} INFO - [2020-12-20 04:48:20,462] {dagbag.py:440} INFO - Filling up the DagBag from /Users/harshittyagi/lil/de_env/lib/python3.8/site-packages/airflow/example_dags/example_skip_dag.py
[2020-12-20 04:48:20,467] {scheduler_job.py:639} INFO - DAG(s) dict_keys(['example_skip_dag']) retrieved from /Users/harshittyagi/lil/de_env/lib/python3.8/site-packages/airflow/example_dags/example_skip_dag.py
[2020-12-20 04:48:20,467] {logging_mixin.py:103} INFO - [2020-12-20 04:48:20,467] {dag.py:1813} INFO - Sync 1 DAGs
[2020-12-20 04:48:20,492] {logging_mixin.py:103} INFO - [2020-12-20 04:48:20,492] {dag.py:2266} INFO - Setting next_dagrun for example_skip_dag to 2020-12-17 00:00:00+00:00
[2020-12-20 04:48:20,501] {scheduler_job.py:189} INFO - Processing /Users/harshittyagi/lil/de_env/lib/python3.8/site-packages/airflow/example_dags/example_skip_dag.py took 0.039 seconds
[2020-12-20 04:49:13,982] {scheduler_job.py:181} INFO - Started process (PID=56763) to work on /Users/harshittyagi/lil/de_env/lib/python3.8/site-packages/airflow/example_dags/example_skip_dag.py
[2020-12-20 04:49:13,983] {scheduler_job.py:629} INFO - Processing file /Users/harshittyagi/lil/de_env/lib/python3.8/site-packages/airflow/example_dags/example_skip_dag.py for tasks to queue
[2020-12-20 04:49:13,983] {logging_mixin.py:103} INFO - [2020-12-20 04:49:13,983] {dagbag.py:440} INFO - Filling up the DagBag from /Users/harshittyagi/lil/de_env/lib/python3.8/site-packages/airflow/example_dags/example_skip_dag.py
[2020-12-20 04:49:13,987] {scheduler_job.py:639} INFO - DAG(s) dict_keys(['example_skip_dag']) retrieved from /Users/harshittyagi/lil/de_env/lib/python3.8/site-packages/airflow/example_dags/example_skip_dag.py
[2020-12-20 04:49:13,988] {logging_mixin.py:103} INFO - [2020-12-20 04:49:13,987] {dag.py:1813} INFO - Sync 1 DAGs
[2020-12-20 04:49:14,012] {logging_mixin.py:103} INFO - [2020-12-20 04:49:14,011] {dag.py:2266} INFO - Setting next_dagrun for example_skip_dag to 2020-12-17 00:00:00+00:00
[2020-12-20 04:49:14,019] {scheduler_job.py:189} INFO - Processing /Users/harshittyagi/lil/de_env/lib/python3.8/site-packages/airflow/example_dags/example_skip_dag.py took 0.037 seconds
[2020-12-20 04:50:07,744] {scheduler_job.py:181} INFO - Started process (PID=57045) to work on /Users/harshittyagi/lil/de_env/lib/python3.8/site-packages/airflow/example_dags/example_skip_dag.py
[2020-12-20 04:50:07,744] {scheduler_job.py:629} INFO - Processing file /Users/harshittyagi/lil/de_env/lib/python3.8/site-packages/airflow/example_dags/example_skip_dag.py for tasks to queue
[2020-12-20 04:50:07,744] {logging_mixin.py:103} INFO - [2020-12-20 04:50:07,744] {dagbag.py:440} INFO - Filling up the DagBag from /Users/harshittyagi/lil/de_env/lib/python3.8/site-packages/airflow/example_dags/example_skip_dag.py
[2020-12-20 04:50:07,749] {scheduler_job.py:639} INFO - DAG(s) dict_keys(['example_skip_dag']) retrieved from /Users/harshittyagi/lil/de_env/lib/python3.8/site-packages/airflow/example_dags/example_skip_dag.py
[2020-12-20 04:50:07,749] {logging_mixin.py:103} INFO - [2020-12-20 04:50:07,749] {dag.py:1813} INFO - Sync 1 DAGs
[2020-12-20 04:50:07,777] {logging_mixin.py:103} INFO - [2020-12-20 04:50:07,777] {dag.py:2266} INFO - Setting next_dagrun for example_skip_dag to 2020-12-17 00:00:00+00:00
[2020-12-20 04:50:07,784] {scheduler_job.py:189} INFO - Processing /Users/harshittyagi/lil/de_env/lib/python3.8/site-packages/airflow/example_dags/example_skip_dag.py took 0.041 seconds
[2020-12-20 04:51:01,401] {scheduler_job.py:181} INFO - Started process (PID=57330) to work on /Users/harshittyagi/lil/de_env/lib/python3.8/site-packages/airflow/example_dags/example_skip_dag.py
[2020-12-20 04:51:01,401] {scheduler_job.py:629} INFO - Processing file /Users/harshittyagi/lil/de_env/lib/python3.8/site-packages/airflow/example_dags/example_skip_dag.py for tasks to queue
[2020-12-20 04:51:01,402] {logging_mixin.py:103} INFO - [2020-12-20 04:51:01,402] {dagbag.py:440} INFO - Filling up the DagBag from /Users/harshittyagi/lil/de_env/lib/python3.8/site-packages/airflow/example_dags/example_skip_dag.py
[2020-12-20 04:51:01,406] {scheduler_job.py:639} INFO - DAG(s) dict_keys(['example_skip_dag']) retrieved from /Users/harshittyagi/lil/de_env/lib/python3.8/site-packages/airflow/example_dags/example_skip_dag.py
[2020-12-20 04:51:01,406] {logging_mixin.py:103} INFO - [2020-12-20 04:51:01,406] {dag.py:1813} INFO - Sync 1 DAGs
[2020-12-20 04:51:01,431] {logging_mixin.py:103} INFO - [2020-12-20 04:51:01,431] {dag.py:2266} INFO - Setting next_dagrun for example_skip_dag to 2020-12-17 00:00:00+00:00
[2020-12-20 04:51:01,439] {scheduler_job.py:189} INFO - Processing /Users/harshittyagi/lil/de_env/lib/python3.8/site-packages/airflow/example_dags/example_skip_dag.py took 0.038 seconds
[2020-12-20 04:51:52,890] {scheduler_job.py:181} INFO - Started process (PID=57616) to work on /Users/harshittyagi/lil/de_env/lib/python3.8/site-packages/airflow/example_dags/example_skip_dag.py
[2020-12-20 04:51:52,891] {scheduler_job.py:629} INFO - Processing file /Users/harshittyagi/lil/de_env/lib/python3.8/site-packages/airflow/example_dags/example_skip_dag.py for tasks to queue
[2020-12-20 04:51:52,891] {logging_mixin.py:103} INFO - [2020-12-20 04:51:52,891] {dagbag.py:440} INFO - Filling up the DagBag from /Users/harshittyagi/lil/de_env/lib/python3.8/site-packages/airflow/example_dags/example_skip_dag.py
[2020-12-20 04:51:52,895] {scheduler_job.py:639} INFO - DAG(s) dict_keys(['example_skip_dag']) retrieved from /Users/harshittyagi/lil/de_env/lib/python3.8/site-packages/airflow/example_dags/example_skip_dag.py
[2020-12-20 04:51:52,896] {logging_mixin.py:103} INFO - [2020-12-20 04:51:52,895] {dag.py:1813} INFO - Sync 1 DAGs
[2020-12-20 04:51:52,922] {logging_mixin.py:103} INFO - [2020-12-20 04:51:52,922] {dag.py:2266} INFO - Setting next_dagrun for example_skip_dag to 2020-12-17 00:00:00+00:00
[2020-12-20 04:51:52,929] {scheduler_job.py:189} INFO - Processing /Users/harshittyagi/lil/de_env/lib/python3.8/site-packages/airflow/example_dags/example_skip_dag.py took 0.039 seconds
[2020-12-20 04:52:45,603] {scheduler_job.py:181} INFO - Started process (PID=57905) to work on /Users/harshittyagi/lil/de_env/lib/python3.8/site-packages/airflow/example_dags/example_skip_dag.py
[2020-12-20 04:52:45,604] {scheduler_job.py:629} INFO - Processing file /Users/harshittyagi/lil/de_env/lib/python3.8/site-packages/airflow/example_dags/example_skip_dag.py for tasks to queue
[2020-12-20 04:52:45,604] {logging_mixin.py:103} INFO - [2020-12-20 04:52:45,604] {dagbag.py:440} INFO - Filling up the DagBag from /Users/harshittyagi/lil/de_env/lib/python3.8/site-packages/airflow/example_dags/example_skip_dag.py
[2020-12-20 04:52:45,609] {scheduler_job.py:639} INFO - DAG(s) dict_keys(['example_skip_dag']) retrieved from /Users/harshittyagi/lil/de_env/lib/python3.8/site-packages/airflow/example_dags/example_skip_dag.py
[2020-12-20 04:52:45,610] {logging_mixin.py:103} INFO - [2020-12-20 04:52:45,610] {dag.py:1813} INFO - Sync 1 DAGs
[2020-12-20 04:52:45,635] {logging_mixin.py:103} INFO - [2020-12-20 04:52:45,635] {dag.py:2266} INFO - Setting next_dagrun for example_skip_dag to 2020-12-17 00:00:00+00:00
[2020-12-20 04:52:45,643] {scheduler_job.py:189} INFO - Processing /Users/harshittyagi/lil/de_env/lib/python3.8/site-packages/airflow/example_dags/example_skip_dag.py took 0.040 seconds
[2020-12-20 04:53:39,780] {scheduler_job.py:181} INFO - Started process (PID=58190) to work on /Users/harshittyagi/lil/de_env/lib/python3.8/site-packages/airflow/example_dags/example_skip_dag.py
[2020-12-20 04:53:39,780] {scheduler_job.py:629} INFO - Processing file /Users/harshittyagi/lil/de_env/lib/python3.8/site-packages/airflow/example_dags/example_skip_dag.py for tasks to queue
[2020-12-20 04:53:39,780] {logging_mixin.py:103} INFO - [2020-12-20 04:53:39,780] {dagbag.py:440} INFO - Filling up the DagBag from /Users/harshittyagi/lil/de_env/lib/python3.8/site-packages/airflow/example_dags/example_skip_dag.py
[2020-12-20 04:53:39,785] {scheduler_job.py:639} INFO - DAG(s) dict_keys(['example_skip_dag']) retrieved from /Users/harshittyagi/lil/de_env/lib/python3.8/site-packages/airflow/example_dags/example_skip_dag.py
[2020-12-20 04:53:39,785] {logging_mixin.py:103} INFO - [2020-12-20 04:53:39,785] {dag.py:1813} INFO - Sync 1 DAGs
[2020-12-20 04:53:39,811] {logging_mixin.py:103} INFO - [2020-12-20 04:53:39,811] {dag.py:2266} INFO - Setting next_dagrun for example_skip_dag to 2020-12-17 00:00:00+00:00
[2020-12-20 04:53:39,819] {scheduler_job.py:189} INFO - Processing /Users/harshittyagi/lil/de_env/lib/python3.8/site-packages/airflow/example_dags/example_skip_dag.py took 0.040 seconds
[2020-12-20 04:54:33,670] {scheduler_job.py:181} INFO - Started process (PID=58480) to work on /Users/harshittyagi/lil/de_env/lib/python3.8/site-packages/airflow/example_dags/example_skip_dag.py
[2020-12-20 04:54:33,671] {scheduler_job.py:629} INFO - Processing file /Users/harshittyagi/lil/de_env/lib/python3.8/site-packages/airflow/example_dags/example_skip_dag.py for tasks to queue
[2020-12-20 04:54:33,671] {logging_mixin.py:103} INFO - [2020-12-20 04:54:33,671] {dagbag.py:440} INFO - Filling up the DagBag from /Users/harshittyagi/lil/de_env/lib/python3.8/site-packages/airflow/example_dags/example_skip_dag.py
[2020-12-20 04:54:33,676] {scheduler_job.py:639} INFO - DAG(s) dict_keys(['example_skip_dag']) retrieved from /Users/harshittyagi/lil/de_env/lib/python3.8/site-packages/airflow/example_dags/example_skip_dag.py
[2020-12-20 04:54:33,676] {logging_mixin.py:103} INFO - [2020-12-20 04:54:33,676] {dag.py:1813} INFO - Sync 1 DAGs
[2020-12-20 04:54:33,705] {logging_mixin.py:103} INFO - [2020-12-20 04:54:33,705] {dag.py:2266} INFO - Setting next_dagrun for example_skip_dag to 2020-12-17 00:00:00+00:00
[2020-12-20 04:54:33,714] {scheduler_job.py:189} INFO - Processing /Users/harshittyagi/lil/de_env/lib/python3.8/site-packages/airflow/example_dags/example_skip_dag.py took 0.045 seconds
[2020-12-20 04:55:28,130] {scheduler_job.py:181} INFO - Started process (PID=58765) to work on /Users/harshittyagi/lil/de_env/lib/python3.8/site-packages/airflow/example_dags/example_skip_dag.py
[2020-12-20 04:55:28,131] {scheduler_job.py:629} INFO - Processing file /Users/harshittyagi/lil/de_env/lib/python3.8/site-packages/airflow/example_dags/example_skip_dag.py for tasks to queue
[2020-12-20 04:55:28,131] {logging_mixin.py:103} INFO - [2020-12-20 04:55:28,131] {dagbag.py:440} INFO - Filling up the DagBag from /Users/harshittyagi/lil/de_env/lib/python3.8/site-packages/airflow/example_dags/example_skip_dag.py
[2020-12-20 04:55:28,135] {scheduler_job.py:639} INFO - DAG(s) dict_keys(['example_skip_dag']) retrieved from /Users/harshittyagi/lil/de_env/lib/python3.8/site-packages/airflow/example_dags/example_skip_dag.py
[2020-12-20 04:55:28,136] {logging_mixin.py:103} INFO - [2020-12-20 04:55:28,136] {dag.py:1813} INFO - Sync 1 DAGs
[2020-12-20 04:55:28,160] {logging_mixin.py:103} INFO - [2020-12-20 04:55:28,160] {dag.py:2266} INFO - Setting next_dagrun for example_skip_dag to 2020-12-17 00:00:00+00:00
[2020-12-20 04:55:28,167] {scheduler_job.py:189} INFO - Processing /Users/harshittyagi/lil/de_env/lib/python3.8/site-packages/airflow/example_dags/example_skip_dag.py took 0.037 seconds
[2020-12-20 04:56:22,011] {scheduler_job.py:181} INFO - Started process (PID=59045) to work on /Users/harshittyagi/lil/de_env/lib/python3.8/site-packages/airflow/example_dags/example_skip_dag.py
[2020-12-20 04:56:22,011] {scheduler_job.py:629} INFO - Processing file /Users/harshittyagi/lil/de_env/lib/python3.8/site-packages/airflow/example_dags/example_skip_dag.py for tasks to queue
[2020-12-20 04:56:22,012] {logging_mixin.py:103} INFO - [2020-12-20 04:56:22,011] {dagbag.py:440} INFO - Filling up the DagBag from /Users/harshittyagi/lil/de_env/lib/python3.8/site-packages/airflow/example_dags/example_skip_dag.py
[2020-12-20 04:56:22,016] {scheduler_job.py:639} INFO - DAG(s) dict_keys(['example_skip_dag']) retrieved from /Users/harshittyagi/lil/de_env/lib/python3.8/site-packages/airflow/example_dags/example_skip_dag.py
[2020-12-20 04:56:22,016] {logging_mixin.py:103} INFO - [2020-12-20 04:56:22,016] {dag.py:1813} INFO - Sync 1 DAGs
[2020-12-20 04:56:22,040] {logging_mixin.py:103} INFO - [2020-12-20 04:56:22,040] {dag.py:2266} INFO - Setting next_dagrun for example_skip_dag to 2020-12-17 00:00:00+00:00
[2020-12-20 04:56:22,048] {scheduler_job.py:189} INFO - Processing /Users/harshittyagi/lil/de_env/lib/python3.8/site-packages/airflow/example_dags/example_skip_dag.py took 0.037 seconds
[2020-12-20 04:57:15,931] {scheduler_job.py:181} INFO - Started process (PID=59327) to work on /Users/harshittyagi/lil/de_env/lib/python3.8/site-packages/airflow/example_dags/example_skip_dag.py
[2020-12-20 04:57:15,931] {scheduler_job.py:629} INFO - Processing file /Users/harshittyagi/lil/de_env/lib/python3.8/site-packages/airflow/example_dags/example_skip_dag.py for tasks to queue
[2020-12-20 04:57:15,932] {logging_mixin.py:103} INFO - [2020-12-20 04:57:15,932] {dagbag.py:440} INFO - Filling up the DagBag from /Users/harshittyagi/lil/de_env/lib/python3.8/site-packages/airflow/example_dags/example_skip_dag.py
[2020-12-20 04:57:15,936] {scheduler_job.py:639} INFO - DAG(s) dict_keys(['example_skip_dag']) retrieved from /Users/harshittyagi/lil/de_env/lib/python3.8/site-packages/airflow/example_dags/example_skip_dag.py
[2020-12-20 04:57:15,936] {logging_mixin.py:103} INFO - [2020-12-20 04:57:15,936] {dag.py:1813} INFO - Sync 1 DAGs
[2020-12-20 04:57:15,960] {logging_mixin.py:103} INFO - [2020-12-20 04:57:15,960] {dag.py:2266} INFO - Setting next_dagrun for example_skip_dag to 2020-12-17 00:00:00+00:00
[2020-12-20 04:57:15,968] {scheduler_job.py:189} INFO - Processing /Users/harshittyagi/lil/de_env/lib/python3.8/site-packages/airflow/example_dags/example_skip_dag.py took 0.037 seconds
[2020-12-20 04:58:09,685] {scheduler_job.py:181} INFO - Started process (PID=59611) to work on /Users/harshittyagi/lil/de_env/lib/python3.8/site-packages/airflow/example_dags/example_skip_dag.py
[2020-12-20 04:58:09,686] {scheduler_job.py:629} INFO - Processing file /Users/harshittyagi/lil/de_env/lib/python3.8/site-packages/airflow/example_dags/example_skip_dag.py for tasks to queue
[2020-12-20 04:58:09,686] {logging_mixin.py:103} INFO - [2020-12-20 04:58:09,686] {dagbag.py:440} INFO - Filling up the DagBag from /Users/harshittyagi/lil/de_env/lib/python3.8/site-packages/airflow/example_dags/example_skip_dag.py
[2020-12-20 04:58:09,691] {scheduler_job.py:639} INFO - DAG(s) dict_keys(['example_skip_dag']) retrieved from /Users/harshittyagi/lil/de_env/lib/python3.8/site-packages/airflow/example_dags/example_skip_dag.py
[2020-12-20 04:58:09,692] {logging_mixin.py:103} INFO - [2020-12-20 04:58:09,692] {dag.py:1813} INFO - Sync 1 DAGs
[2020-12-20 04:58:09,722] {logging_mixin.py:103} INFO - [2020-12-20 04:58:09,722] {dag.py:2266} INFO - Setting next_dagrun for example_skip_dag to 2020-12-17 00:00:00+00:00
[2020-12-20 04:58:09,731] {scheduler_job.py:189} INFO - Processing /Users/harshittyagi/lil/de_env/lib/python3.8/site-packages/airflow/example_dags/example_skip_dag.py took 0.046 seconds
[2020-12-20 04:59:03,587] {scheduler_job.py:181} INFO - Started process (PID=59893) to work on /Users/harshittyagi/lil/de_env/lib/python3.8/site-packages/airflow/example_dags/example_skip_dag.py
[2020-12-20 04:59:03,587] {scheduler_job.py:629} INFO - Processing file /Users/harshittyagi/lil/de_env/lib/python3.8/site-packages/airflow/example_dags/example_skip_dag.py for tasks to queue
[2020-12-20 04:59:03,588] {logging_mixin.py:103} INFO - [2020-12-20 04:59:03,588] {dagbag.py:440} INFO - Filling up the DagBag from /Users/harshittyagi/lil/de_env/lib/python3.8/site-packages/airflow/example_dags/example_skip_dag.py
[2020-12-20 04:59:03,593] {scheduler_job.py:639} INFO - DAG(s) dict_keys(['example_skip_dag']) retrieved from /Users/harshittyagi/lil/de_env/lib/python3.8/site-packages/airflow/example_dags/example_skip_dag.py
[2020-12-20 04:59:03,593] {logging_mixin.py:103} INFO - [2020-12-20 04:59:03,593] {dag.py:1813} INFO - Sync 1 DAGs
[2020-12-20 04:59:03,623] {logging_mixin.py:103} INFO - [2020-12-20 04:59:03,622] {dag.py:2266} INFO - Setting next_dagrun for example_skip_dag to 2020-12-17 00:00:00+00:00
[2020-12-20 04:59:03,631] {scheduler_job.py:189} INFO - Processing /Users/harshittyagi/lil/de_env/lib/python3.8/site-packages/airflow/example_dags/example_skip_dag.py took 0.045 seconds
[2020-12-20 04:59:57,629] {scheduler_job.py:181} INFO - Started process (PID=60174) to work on /Users/harshittyagi/lil/de_env/lib/python3.8/site-packages/airflow/example_dags/example_skip_dag.py
[2020-12-20 04:59:57,629] {scheduler_job.py:629} INFO - Processing file /Users/harshittyagi/lil/de_env/lib/python3.8/site-packages/airflow/example_dags/example_skip_dag.py for tasks to queue
[2020-12-20 04:59:57,629] {logging_mixin.py:103} INFO - [2020-12-20 04:59:57,629] {dagbag.py:440} INFO - Filling up the DagBag from /Users/harshittyagi/lil/de_env/lib/python3.8/site-packages/airflow/example_dags/example_skip_dag.py
[2020-12-20 04:59:57,634] {scheduler_job.py:639} INFO - DAG(s) dict_keys(['example_skip_dag']) retrieved from /Users/harshittyagi/lil/de_env/lib/python3.8/site-packages/airflow/example_dags/example_skip_dag.py
[2020-12-20 04:59:57,635] {logging_mixin.py:103} INFO - [2020-12-20 04:59:57,635] {dag.py:1813} INFO - Sync 1 DAGs
[2020-12-20 04:59:57,664] {logging_mixin.py:103} INFO - [2020-12-20 04:59:57,664] {dag.py:2266} INFO - Setting next_dagrun for example_skip_dag to 2020-12-17 00:00:00+00:00
[2020-12-20 04:59:57,673] {scheduler_job.py:189} INFO - Processing /Users/harshittyagi/lil/de_env/lib/python3.8/site-packages/airflow/example_dags/example_skip_dag.py took 0.045 seconds
[2020-12-20 05:00:51,668] {scheduler_job.py:181} INFO - Started process (PID=60462) to work on /Users/harshittyagi/lil/de_env/lib/python3.8/site-packages/airflow/example_dags/example_skip_dag.py
[2020-12-20 05:00:51,669] {scheduler_job.py:629} INFO - Processing file /Users/harshittyagi/lil/de_env/lib/python3.8/site-packages/airflow/example_dags/example_skip_dag.py for tasks to queue
[2020-12-20 05:00:51,669] {logging_mixin.py:103} INFO - [2020-12-20 05:00:51,669] {dagbag.py:440} INFO - Filling up the DagBag from /Users/harshittyagi/lil/de_env/lib/python3.8/site-packages/airflow/example_dags/example_skip_dag.py
[2020-12-20 05:00:51,673] {scheduler_job.py:639} INFO - DAG(s) dict_keys(['example_skip_dag']) retrieved from /Users/harshittyagi/lil/de_env/lib/python3.8/site-packages/airflow/example_dags/example_skip_dag.py
[2020-12-20 05:00:51,674] {logging_mixin.py:103} INFO - [2020-12-20 05:00:51,674] {dag.py:1813} INFO - Sync 1 DAGs
[2020-12-20 05:00:51,704] {logging_mixin.py:103} INFO - [2020-12-20 05:00:51,704] {dag.py:2266} INFO - Setting next_dagrun for example_skip_dag to 2020-12-17 00:00:00+00:00
[2020-12-20 05:00:51,713] {scheduler_job.py:189} INFO - Processing /Users/harshittyagi/lil/de_env/lib/python3.8/site-packages/airflow/example_dags/example_skip_dag.py took 0.044 seconds
[2020-12-20 05:01:44,241] {scheduler_job.py:181} INFO - Started process (PID=60746) to work on /Users/harshittyagi/lil/de_env/lib/python3.8/site-packages/airflow/example_dags/example_skip_dag.py
[2020-12-20 05:01:44,241] {scheduler_job.py:629} INFO - Processing file /Users/harshittyagi/lil/de_env/lib/python3.8/site-packages/airflow/example_dags/example_skip_dag.py for tasks to queue
[2020-12-20 05:01:44,241] {logging_mixin.py:103} INFO - [2020-12-20 05:01:44,241] {dagbag.py:440} INFO - Filling up the DagBag from /Users/harshittyagi/lil/de_env/lib/python3.8/site-packages/airflow/example_dags/example_skip_dag.py
[2020-12-20 05:01:44,245] {scheduler_job.py:639} INFO - DAG(s) dict_keys(['example_skip_dag']) retrieved from /Users/harshittyagi/lil/de_env/lib/python3.8/site-packages/airflow/example_dags/example_skip_dag.py
[2020-12-20 05:01:44,246] {logging_mixin.py:103} INFO - [2020-12-20 05:01:44,246] {dag.py:1813} INFO - Sync 1 DAGs
[2020-12-20 05:01:44,271] {logging_mixin.py:103} INFO - [2020-12-20 05:01:44,271] {dag.py:2266} INFO - Setting next_dagrun for example_skip_dag to 2020-12-17 00:00:00+00:00
[2020-12-20 05:01:44,278] {scheduler_job.py:189} INFO - Processing /Users/harshittyagi/lil/de_env/lib/python3.8/site-packages/airflow/example_dags/example_skip_dag.py took 0.037 seconds
[2020-12-20 05:02:37,408] {scheduler_job.py:181} INFO - Started process (PID=61037) to work on /Users/harshittyagi/lil/de_env/lib/python3.8/site-packages/airflow/example_dags/example_skip_dag.py
[2020-12-20 05:02:37,409] {scheduler_job.py:629} INFO - Processing file /Users/harshittyagi/lil/de_env/lib/python3.8/site-packages/airflow/example_dags/example_skip_dag.py for tasks to queue
[2020-12-20 05:02:37,409] {logging_mixin.py:103} INFO - [2020-12-20 05:02:37,409] {dagbag.py:440} INFO - Filling up the DagBag from /Users/harshittyagi/lil/de_env/lib/python3.8/site-packages/airflow/example_dags/example_skip_dag.py
[2020-12-20 05:02:37,413] {scheduler_job.py:639} INFO - DAG(s) dict_keys(['example_skip_dag']) retrieved from /Users/harshittyagi/lil/de_env/lib/python3.8/site-packages/airflow/example_dags/example_skip_dag.py
[2020-12-20 05:02:37,413] {logging_mixin.py:103} INFO - [2020-12-20 05:02:37,413] {dag.py:1813} INFO - Sync 1 DAGs
[2020-12-20 05:02:37,439] {logging_mixin.py:103} INFO - [2020-12-20 05:02:37,438] {dag.py:2266} INFO - Setting next_dagrun for example_skip_dag to 2020-12-17 00:00:00+00:00
[2020-12-20 05:02:37,447] {scheduler_job.py:189} INFO - Processing /Users/harshittyagi/lil/de_env/lib/python3.8/site-packages/airflow/example_dags/example_skip_dag.py took 0.039 seconds
[2020-12-20 05:03:31,558] {scheduler_job.py:181} INFO - Started process (PID=61320) to work on /Users/harshittyagi/lil/de_env/lib/python3.8/site-packages/airflow/example_dags/example_skip_dag.py
[2020-12-20 05:03:31,559] {scheduler_job.py:629} INFO - Processing file /Users/harshittyagi/lil/de_env/lib/python3.8/site-packages/airflow/example_dags/example_skip_dag.py for tasks to queue
[2020-12-20 05:03:31,559] {logging_mixin.py:103} INFO - [2020-12-20 05:03:31,559] {dagbag.py:440} INFO - Filling up the DagBag from /Users/harshittyagi/lil/de_env/lib/python3.8/site-packages/airflow/example_dags/example_skip_dag.py
[2020-12-20 05:03:31,563] {scheduler_job.py:639} INFO - DAG(s) dict_keys(['example_skip_dag']) retrieved from /Users/harshittyagi/lil/de_env/lib/python3.8/site-packages/airflow/example_dags/example_skip_dag.py
[2020-12-20 05:03:31,563] {logging_mixin.py:103} INFO - [2020-12-20 05:03:31,563] {dag.py:1813} INFO - Sync 1 DAGs
[2020-12-20 05:03:31,588] {logging_mixin.py:103} INFO - [2020-12-20 05:03:31,588] {dag.py:2266} INFO - Setting next_dagrun for example_skip_dag to 2020-12-17 00:00:00+00:00
[2020-12-20 05:03:31,596] {scheduler_job.py:189} INFO - Processing /Users/harshittyagi/lil/de_env/lib/python3.8/site-packages/airflow/example_dags/example_skip_dag.py took 0.038 seconds
[2020-12-20 05:04:25,615] {scheduler_job.py:181} INFO - Started process (PID=61606) to work on /Users/harshittyagi/lil/de_env/lib/python3.8/site-packages/airflow/example_dags/example_skip_dag.py
[2020-12-20 05:04:25,616] {scheduler_job.py:629} INFO - Processing file /Users/harshittyagi/lil/de_env/lib/python3.8/site-packages/airflow/example_dags/example_skip_dag.py for tasks to queue
[2020-12-20 05:04:25,616] {logging_mixin.py:103} INFO - [2020-12-20 05:04:25,616] {dagbag.py:440} INFO - Filling up the DagBag from /Users/harshittyagi/lil/de_env/lib/python3.8/site-packages/airflow/example_dags/example_skip_dag.py
[2020-12-20 05:04:25,621] {scheduler_job.py:639} INFO - DAG(s) dict_keys(['example_skip_dag']) retrieved from /Users/harshittyagi/lil/de_env/lib/python3.8/site-packages/airflow/example_dags/example_skip_dag.py
[2020-12-20 05:04:25,621] {logging_mixin.py:103} INFO - [2020-12-20 05:04:25,621] {dag.py:1813} INFO - Sync 1 DAGs
[2020-12-20 05:04:25,650] {logging_mixin.py:103} INFO - [2020-12-20 05:04:25,650] {dag.py:2266} INFO - Setting next_dagrun for example_skip_dag to 2020-12-17 00:00:00+00:00
[2020-12-20 05:04:25,658] {scheduler_job.py:189} INFO - Processing /Users/harshittyagi/lil/de_env/lib/python3.8/site-packages/airflow/example_dags/example_skip_dag.py took 0.043 seconds
[2020-12-20 05:05:19,281] {scheduler_job.py:181} INFO - Started process (PID=61891) to work on /Users/harshittyagi/lil/de_env/lib/python3.8/site-packages/airflow/example_dags/example_skip_dag.py
[2020-12-20 05:05:19,282] {scheduler_job.py:629} INFO - Processing file /Users/harshittyagi/lil/de_env/lib/python3.8/site-packages/airflow/example_dags/example_skip_dag.py for tasks to queue
[2020-12-20 05:05:19,282] {logging_mixin.py:103} INFO - [2020-12-20 05:05:19,282] {dagbag.py:440} INFO - Filling up the DagBag from /Users/harshittyagi/lil/de_env/lib/python3.8/site-packages/airflow/example_dags/example_skip_dag.py
[2020-12-20 05:05:19,286] {scheduler_job.py:639} INFO - DAG(s) dict_keys(['example_skip_dag']) retrieved from /Users/harshittyagi/lil/de_env/lib/python3.8/site-packages/airflow/example_dags/example_skip_dag.py
[2020-12-20 05:05:19,287] {logging_mixin.py:103} INFO - [2020-12-20 05:05:19,287] {dag.py:1813} INFO - Sync 1 DAGs
[2020-12-20 05:05:19,312] {logging_mixin.py:103} INFO - [2020-12-20 05:05:19,312] {dag.py:2266} INFO - Setting next_dagrun for example_skip_dag to 2020-12-17 00:00:00+00:00
[2020-12-20 05:05:19,319] {scheduler_job.py:189} INFO - Processing /Users/harshittyagi/lil/de_env/lib/python3.8/site-packages/airflow/example_dags/example_skip_dag.py took 0.038 seconds
[2020-12-20 05:06:13,633] {scheduler_job.py:181} INFO - Started process (PID=62175) to work on /Users/harshittyagi/lil/de_env/lib/python3.8/site-packages/airflow/example_dags/example_skip_dag.py
[2020-12-20 05:06:13,633] {scheduler_job.py:629} INFO - Processing file /Users/harshittyagi/lil/de_env/lib/python3.8/site-packages/airflow/example_dags/example_skip_dag.py for tasks to queue
[2020-12-20 05:06:13,633] {logging_mixin.py:103} INFO - [2020-12-20 05:06:13,633] {dagbag.py:440} INFO - Filling up the DagBag from /Users/harshittyagi/lil/de_env/lib/python3.8/site-packages/airflow/example_dags/example_skip_dag.py
[2020-12-20 05:06:13,639] {scheduler_job.py:639} INFO - DAG(s) dict_keys(['example_skip_dag']) retrieved from /Users/harshittyagi/lil/de_env/lib/python3.8/site-packages/airflow/example_dags/example_skip_dag.py
[2020-12-20 05:06:13,640] {logging_mixin.py:103} INFO - [2020-12-20 05:06:13,640] {dag.py:1813} INFO - Sync 1 DAGs
[2020-12-20 05:06:13,667] {logging_mixin.py:103} INFO - [2020-12-20 05:06:13,666] {dag.py:2266} INFO - Setting next_dagrun for example_skip_dag to 2020-12-17 00:00:00+00:00
[2020-12-20 05:06:13,676] {scheduler_job.py:189} INFO - Processing /Users/harshittyagi/lil/de_env/lib/python3.8/site-packages/airflow/example_dags/example_skip_dag.py took 0.043 seconds
[2020-12-20 05:07:07,110] {scheduler_job.py:181} INFO - Started process (PID=62458) to work on /Users/harshittyagi/lil/de_env/lib/python3.8/site-packages/airflow/example_dags/example_skip_dag.py
[2020-12-20 05:07:07,110] {scheduler_job.py:629} INFO - Processing file /Users/harshittyagi/lil/de_env/lib/python3.8/site-packages/airflow/example_dags/example_skip_dag.py for tasks to queue
[2020-12-20 05:07:07,111] {logging_mixin.py:103} INFO - [2020-12-20 05:07:07,110] {dagbag.py:440} INFO - Filling up the DagBag from /Users/harshittyagi/lil/de_env/lib/python3.8/site-packages/airflow/example_dags/example_skip_dag.py
[2020-12-20 05:07:07,115] {scheduler_job.py:639} INFO - DAG(s) dict_keys(['example_skip_dag']) retrieved from /Users/harshittyagi/lil/de_env/lib/python3.8/site-packages/airflow/example_dags/example_skip_dag.py
[2020-12-20 05:07:07,115] {logging_mixin.py:103} INFO - [2020-12-20 05:07:07,115] {dag.py:1813} INFO - Sync 1 DAGs
[2020-12-20 05:07:07,139] {logging_mixin.py:103} INFO - [2020-12-20 05:07:07,139] {dag.py:2266} INFO - Setting next_dagrun for example_skip_dag to 2020-12-17 00:00:00+00:00
[2020-12-20 05:07:07,146] {scheduler_job.py:189} INFO - Processing /Users/harshittyagi/lil/de_env/lib/python3.8/site-packages/airflow/example_dags/example_skip_dag.py took 0.037 seconds
[2020-12-20 05:08:01,539] {scheduler_job.py:181} INFO - Started process (PID=62745) to work on /Users/harshittyagi/lil/de_env/lib/python3.8/site-packages/airflow/example_dags/example_skip_dag.py
[2020-12-20 05:08:01,540] {scheduler_job.py:629} INFO - Processing file /Users/harshittyagi/lil/de_env/lib/python3.8/site-packages/airflow/example_dags/example_skip_dag.py for tasks to queue
[2020-12-20 05:08:01,540] {logging_mixin.py:103} INFO - [2020-12-20 05:08:01,540] {dagbag.py:440} INFO - Filling up the DagBag from /Users/harshittyagi/lil/de_env/lib/python3.8/site-packages/airflow/example_dags/example_skip_dag.py
[2020-12-20 05:08:01,545] {scheduler_job.py:639} INFO - DAG(s) dict_keys(['example_skip_dag']) retrieved from /Users/harshittyagi/lil/de_env/lib/python3.8/site-packages/airflow/example_dags/example_skip_dag.py
[2020-12-20 05:08:01,546] {logging_mixin.py:103} INFO - [2020-12-20 05:08:01,545] {dag.py:1813} INFO - Sync 1 DAGs
[2020-12-20 05:08:01,573] {logging_mixin.py:103} INFO - [2020-12-20 05:08:01,573] {dag.py:2266} INFO - Setting next_dagrun for example_skip_dag to 2020-12-17 00:00:00+00:00
[2020-12-20 05:08:01,580] {scheduler_job.py:189} INFO - Processing /Users/harshittyagi/lil/de_env/lib/python3.8/site-packages/airflow/example_dags/example_skip_dag.py took 0.041 seconds
[2020-12-20 05:08:56,233] {scheduler_job.py:181} INFO - Started process (PID=63032) to work on /Users/harshittyagi/lil/de_env/lib/python3.8/site-packages/airflow/example_dags/example_skip_dag.py
[2020-12-20 05:08:56,234] {scheduler_job.py:629} INFO - Processing file /Users/harshittyagi/lil/de_env/lib/python3.8/site-packages/airflow/example_dags/example_skip_dag.py for tasks to queue
[2020-12-20 05:08:56,234] {logging_mixin.py:103} INFO - [2020-12-20 05:08:56,234] {dagbag.py:440} INFO - Filling up the DagBag from /Users/harshittyagi/lil/de_env/lib/python3.8/site-packages/airflow/example_dags/example_skip_dag.py
[2020-12-20 05:08:56,239] {scheduler_job.py:639} INFO - DAG(s) dict_keys(['example_skip_dag']) retrieved from /Users/harshittyagi/lil/de_env/lib/python3.8/site-packages/airflow/example_dags/example_skip_dag.py
[2020-12-20 05:08:56,239] {logging_mixin.py:103} INFO - [2020-12-20 05:08:56,239] {dag.py:1813} INFO - Sync 1 DAGs
[2020-12-20 05:08:56,268] {logging_mixin.py:103} INFO - [2020-12-20 05:08:56,268] {dag.py:2266} INFO - Setting next_dagrun for example_skip_dag to 2020-12-17 00:00:00+00:00
[2020-12-20 05:08:56,276] {scheduler_job.py:189} INFO - Processing /Users/harshittyagi/lil/de_env/lib/python3.8/site-packages/airflow/example_dags/example_skip_dag.py took 0.044 seconds
[2020-12-20 05:09:50,623] {scheduler_job.py:181} INFO - Started process (PID=63319) to work on /Users/harshittyagi/lil/de_env/lib/python3.8/site-packages/airflow/example_dags/example_skip_dag.py
[2020-12-20 05:09:50,623] {scheduler_job.py:629} INFO - Processing file /Users/harshittyagi/lil/de_env/lib/python3.8/site-packages/airflow/example_dags/example_skip_dag.py for tasks to queue
[2020-12-20 05:09:50,624] {logging_mixin.py:103} INFO - [2020-12-20 05:09:50,624] {dagbag.py:440} INFO - Filling up the DagBag from /Users/harshittyagi/lil/de_env/lib/python3.8/site-packages/airflow/example_dags/example_skip_dag.py
[2020-12-20 05:09:50,628] {scheduler_job.py:639} INFO - DAG(s) dict_keys(['example_skip_dag']) retrieved from /Users/harshittyagi/lil/de_env/lib/python3.8/site-packages/airflow/example_dags/example_skip_dag.py
[2020-12-20 05:09:50,629] {logging_mixin.py:103} INFO - [2020-12-20 05:09:50,629] {dag.py:1813} INFO - Sync 1 DAGs
[2020-12-20 05:09:50,653] {logging_mixin.py:103} INFO - [2020-12-20 05:09:50,653] {dag.py:2266} INFO - Setting next_dagrun for example_skip_dag to 2020-12-17 00:00:00+00:00
[2020-12-20 05:09:50,661] {scheduler_job.py:189} INFO - Processing /Users/harshittyagi/lil/de_env/lib/python3.8/site-packages/airflow/example_dags/example_skip_dag.py took 0.038 seconds
[2020-12-20 05:10:44,539] {scheduler_job.py:181} INFO - Started process (PID=63604) to work on /Users/harshittyagi/lil/de_env/lib/python3.8/site-packages/airflow/example_dags/example_skip_dag.py
[2020-12-20 05:10:44,539] {scheduler_job.py:629} INFO - Processing file /Users/harshittyagi/lil/de_env/lib/python3.8/site-packages/airflow/example_dags/example_skip_dag.py for tasks to queue
[2020-12-20 05:10:44,539] {logging_mixin.py:103} INFO - [2020-12-20 05:10:44,539] {dagbag.py:440} INFO - Filling up the DagBag from /Users/harshittyagi/lil/de_env/lib/python3.8/site-packages/airflow/example_dags/example_skip_dag.py
[2020-12-20 05:10:44,544] {scheduler_job.py:639} INFO - DAG(s) dict_keys(['example_skip_dag']) retrieved from /Users/harshittyagi/lil/de_env/lib/python3.8/site-packages/airflow/example_dags/example_skip_dag.py
[2020-12-20 05:10:44,544] {logging_mixin.py:103} INFO - [2020-12-20 05:10:44,544] {dag.py:1813} INFO - Sync 1 DAGs
[2020-12-20 05:10:44,570] {logging_mixin.py:103} INFO - [2020-12-20 05:10:44,570] {dag.py:2266} INFO - Setting next_dagrun for example_skip_dag to 2020-12-17 00:00:00+00:00
[2020-12-20 05:10:44,579] {scheduler_job.py:189} INFO - Processing /Users/harshittyagi/lil/de_env/lib/python3.8/site-packages/airflow/example_dags/example_skip_dag.py took 0.041 seconds
[2020-12-20 05:11:37,825] {scheduler_job.py:181} INFO - Started process (PID=63888) to work on /Users/harshittyagi/lil/de_env/lib/python3.8/site-packages/airflow/example_dags/example_skip_dag.py
[2020-12-20 05:11:37,825] {scheduler_job.py:629} INFO - Processing file /Users/harshittyagi/lil/de_env/lib/python3.8/site-packages/airflow/example_dags/example_skip_dag.py for tasks to queue
[2020-12-20 05:11:37,826] {logging_mixin.py:103} INFO - [2020-12-20 05:11:37,826] {dagbag.py:440} INFO - Filling up the DagBag from /Users/harshittyagi/lil/de_env/lib/python3.8/site-packages/airflow/example_dags/example_skip_dag.py
[2020-12-20 05:11:37,830] {scheduler_job.py:639} INFO - DAG(s) dict_keys(['example_skip_dag']) retrieved from /Users/harshittyagi/lil/de_env/lib/python3.8/site-packages/airflow/example_dags/example_skip_dag.py
[2020-12-20 05:11:37,831] {logging_mixin.py:103} INFO - [2020-12-20 05:11:37,831] {dag.py:1813} INFO - Sync 1 DAGs
[2020-12-20 05:11:37,858] {logging_mixin.py:103} INFO - [2020-12-20 05:11:37,858] {dag.py:2266} INFO - Setting next_dagrun for example_skip_dag to 2020-12-17 00:00:00+00:00
[2020-12-20 05:11:37,867] {scheduler_job.py:189} INFO - Processing /Users/harshittyagi/lil/de_env/lib/python3.8/site-packages/airflow/example_dags/example_skip_dag.py took 0.042 seconds
[2020-12-20 05:12:30,006] {scheduler_job.py:181} INFO - Started process (PID=64172) to work on /Users/harshittyagi/lil/de_env/lib/python3.8/site-packages/airflow/example_dags/example_skip_dag.py
[2020-12-20 05:12:30,006] {scheduler_job.py:629} INFO - Processing file /Users/harshittyagi/lil/de_env/lib/python3.8/site-packages/airflow/example_dags/example_skip_dag.py for tasks to queue
[2020-12-20 05:12:30,007] {logging_mixin.py:103} INFO - [2020-12-20 05:12:30,006] {dagbag.py:440} INFO - Filling up the DagBag from /Users/harshittyagi/lil/de_env/lib/python3.8/site-packages/airflow/example_dags/example_skip_dag.py
[2020-12-20 05:12:30,011] {scheduler_job.py:639} INFO - DAG(s) dict_keys(['example_skip_dag']) retrieved from /Users/harshittyagi/lil/de_env/lib/python3.8/site-packages/airflow/example_dags/example_skip_dag.py
[2020-12-20 05:12:30,011] {logging_mixin.py:103} INFO - [2020-12-20 05:12:30,011] {dag.py:1813} INFO - Sync 1 DAGs
[2020-12-20 05:12:30,041] {logging_mixin.py:103} INFO - [2020-12-20 05:12:30,041] {dag.py:2266} INFO - Setting next_dagrun for example_skip_dag to 2020-12-17 00:00:00+00:00
[2020-12-20 05:12:30,049] {scheduler_job.py:189} INFO - Processing /Users/harshittyagi/lil/de_env/lib/python3.8/site-packages/airflow/example_dags/example_skip_dag.py took 0.044 seconds
[2020-12-20 05:13:23,798] {scheduler_job.py:181} INFO - Started process (PID=64454) to work on /Users/harshittyagi/lil/de_env/lib/python3.8/site-packages/airflow/example_dags/example_skip_dag.py
[2020-12-20 05:13:23,798] {scheduler_job.py:629} INFO - Processing file /Users/harshittyagi/lil/de_env/lib/python3.8/site-packages/airflow/example_dags/example_skip_dag.py for tasks to queue
[2020-12-20 05:13:23,799] {logging_mixin.py:103} INFO - [2020-12-20 05:13:23,799] {dagbag.py:440} INFO - Filling up the DagBag from /Users/harshittyagi/lil/de_env/lib/python3.8/site-packages/airflow/example_dags/example_skip_dag.py
[2020-12-20 05:13:23,803] {scheduler_job.py:639} INFO - DAG(s) dict_keys(['example_skip_dag']) retrieved from /Users/harshittyagi/lil/de_env/lib/python3.8/site-packages/airflow/example_dags/example_skip_dag.py
[2020-12-20 05:13:23,803] {logging_mixin.py:103} INFO - [2020-12-20 05:13:23,803] {dag.py:1813} INFO - Sync 1 DAGs
[2020-12-20 05:13:23,829] {logging_mixin.py:103} INFO - [2020-12-20 05:13:23,829] {dag.py:2266} INFO - Setting next_dagrun for example_skip_dag to 2020-12-17 00:00:00+00:00
[2020-12-20 05:13:23,838] {scheduler_job.py:189} INFO - Processing /Users/harshittyagi/lil/de_env/lib/python3.8/site-packages/airflow/example_dags/example_skip_dag.py took 0.041 seconds
[2020-12-20 05:14:17,652] {scheduler_job.py:181} INFO - Started process (PID=64737) to work on /Users/harshittyagi/lil/de_env/lib/python3.8/site-packages/airflow/example_dags/example_skip_dag.py
[2020-12-20 05:14:17,652] {scheduler_job.py:629} INFO - Processing file /Users/harshittyagi/lil/de_env/lib/python3.8/site-packages/airflow/example_dags/example_skip_dag.py for tasks to queue
[2020-12-20 05:14:17,652] {logging_mixin.py:103} INFO - [2020-12-20 05:14:17,652] {dagbag.py:440} INFO - Filling up the DagBag from /Users/harshittyagi/lil/de_env/lib/python3.8/site-packages/airflow/example_dags/example_skip_dag.py
[2020-12-20 05:14:17,656] {scheduler_job.py:639} INFO - DAG(s) dict_keys(['example_skip_dag']) retrieved from /Users/harshittyagi/lil/de_env/lib/python3.8/site-packages/airflow/example_dags/example_skip_dag.py
[2020-12-20 05:14:17,657] {logging_mixin.py:103} INFO - [2020-12-20 05:14:17,656] {dag.py:1813} INFO - Sync 1 DAGs
[2020-12-20 05:14:17,681] {logging_mixin.py:103} INFO - [2020-12-20 05:14:17,681] {dag.py:2266} INFO - Setting next_dagrun for example_skip_dag to 2020-12-17 00:00:00+00:00
[2020-12-20 05:14:17,689] {scheduler_job.py:189} INFO - Processing /Users/harshittyagi/lil/de_env/lib/python3.8/site-packages/airflow/example_dags/example_skip_dag.py took 0.038 seconds
[2020-12-20 05:15:09,807] {scheduler_job.py:181} INFO - Started process (PID=65023) to work on /Users/harshittyagi/lil/de_env/lib/python3.8/site-packages/airflow/example_dags/example_skip_dag.py
[2020-12-20 05:15:09,807] {scheduler_job.py:629} INFO - Processing file /Users/harshittyagi/lil/de_env/lib/python3.8/site-packages/airflow/example_dags/example_skip_dag.py for tasks to queue
[2020-12-20 05:15:09,807] {logging_mixin.py:103} INFO - [2020-12-20 05:15:09,807] {dagbag.py:440} INFO - Filling up the DagBag from /Users/harshittyagi/lil/de_env/lib/python3.8/site-packages/airflow/example_dags/example_skip_dag.py
[2020-12-20 05:15:09,812] {scheduler_job.py:639} INFO - DAG(s) dict_keys(['example_skip_dag']) retrieved from /Users/harshittyagi/lil/de_env/lib/python3.8/site-packages/airflow/example_dags/example_skip_dag.py
[2020-12-20 05:15:09,812] {logging_mixin.py:103} INFO - [2020-12-20 05:15:09,812] {dag.py:1813} INFO - Sync 1 DAGs
[2020-12-20 05:15:09,841] {logging_mixin.py:103} INFO - [2020-12-20 05:15:09,841] {dag.py:2266} INFO - Setting next_dagrun for example_skip_dag to 2020-12-17 00:00:00+00:00
[2020-12-20 05:15:09,849] {scheduler_job.py:189} INFO - Processing /Users/harshittyagi/lil/de_env/lib/python3.8/site-packages/airflow/example_dags/example_skip_dag.py took 0.043 seconds
[2020-12-20 05:16:02,375] {scheduler_job.py:181} INFO - Started process (PID=65307) to work on /Users/harshittyagi/lil/de_env/lib/python3.8/site-packages/airflow/example_dags/example_skip_dag.py
[2020-12-20 05:16:02,376] {scheduler_job.py:629} INFO - Processing file /Users/harshittyagi/lil/de_env/lib/python3.8/site-packages/airflow/example_dags/example_skip_dag.py for tasks to queue
[2020-12-20 05:16:02,376] {logging_mixin.py:103} INFO - [2020-12-20 05:16:02,376] {dagbag.py:440} INFO - Filling up the DagBag from /Users/harshittyagi/lil/de_env/lib/python3.8/site-packages/airflow/example_dags/example_skip_dag.py
[2020-12-20 05:16:02,380] {scheduler_job.py:639} INFO - DAG(s) dict_keys(['example_skip_dag']) retrieved from /Users/harshittyagi/lil/de_env/lib/python3.8/site-packages/airflow/example_dags/example_skip_dag.py
[2020-12-20 05:16:02,380] {logging_mixin.py:103} INFO - [2020-12-20 05:16:02,380] {dag.py:1813} INFO - Sync 1 DAGs
[2020-12-20 05:16:02,407] {logging_mixin.py:103} INFO - [2020-12-20 05:16:02,407] {dag.py:2266} INFO - Setting next_dagrun for example_skip_dag to 2020-12-17 00:00:00+00:00
[2020-12-20 05:16:02,415] {scheduler_job.py:189} INFO - Processing /Users/harshittyagi/lil/de_env/lib/python3.8/site-packages/airflow/example_dags/example_skip_dag.py took 0.040 seconds
[2020-12-20 05:16:56,552] {scheduler_job.py:181} INFO - Started process (PID=65589) to work on /Users/harshittyagi/lil/de_env/lib/python3.8/site-packages/airflow/example_dags/example_skip_dag.py
[2020-12-20 05:16:56,552] {scheduler_job.py:629} INFO - Processing file /Users/harshittyagi/lil/de_env/lib/python3.8/site-packages/airflow/example_dags/example_skip_dag.py for tasks to queue
[2020-12-20 05:16:56,552] {logging_mixin.py:103} INFO - [2020-12-20 05:16:56,552] {dagbag.py:440} INFO - Filling up the DagBag from /Users/harshittyagi/lil/de_env/lib/python3.8/site-packages/airflow/example_dags/example_skip_dag.py
[2020-12-20 05:16:56,556] {scheduler_job.py:639} INFO - DAG(s) dict_keys(['example_skip_dag']) retrieved from /Users/harshittyagi/lil/de_env/lib/python3.8/site-packages/airflow/example_dags/example_skip_dag.py
[2020-12-20 05:16:56,557] {logging_mixin.py:103} INFO - [2020-12-20 05:16:56,557] {dag.py:1813} INFO - Sync 1 DAGs
[2020-12-20 05:16:56,581] {logging_mixin.py:103} INFO - [2020-12-20 05:16:56,581] {dag.py:2266} INFO - Setting next_dagrun for example_skip_dag to 2020-12-17 00:00:00+00:00
[2020-12-20 05:16:56,588] {scheduler_job.py:189} INFO - Processing /Users/harshittyagi/lil/de_env/lib/python3.8/site-packages/airflow/example_dags/example_skip_dag.py took 0.037 seconds
[2020-12-20 05:17:50,419] {scheduler_job.py:181} INFO - Started process (PID=65876) to work on /Users/harshittyagi/lil/de_env/lib/python3.8/site-packages/airflow/example_dags/example_skip_dag.py
[2020-12-20 05:17:50,419] {scheduler_job.py:629} INFO - Processing file /Users/harshittyagi/lil/de_env/lib/python3.8/site-packages/airflow/example_dags/example_skip_dag.py for tasks to queue
[2020-12-20 05:17:50,420] {logging_mixin.py:103} INFO - [2020-12-20 05:17:50,420] {dagbag.py:440} INFO - Filling up the DagBag from /Users/harshittyagi/lil/de_env/lib/python3.8/site-packages/airflow/example_dags/example_skip_dag.py
[2020-12-20 05:17:50,424] {scheduler_job.py:639} INFO - DAG(s) dict_keys(['example_skip_dag']) retrieved from /Users/harshittyagi/lil/de_env/lib/python3.8/site-packages/airflow/example_dags/example_skip_dag.py
[2020-12-20 05:17:50,424] {logging_mixin.py:103} INFO - [2020-12-20 05:17:50,424] {dag.py:1813} INFO - Sync 1 DAGs
[2020-12-20 05:17:50,448] {logging_mixin.py:103} INFO - [2020-12-20 05:17:50,448] {dag.py:2266} INFO - Setting next_dagrun for example_skip_dag to 2020-12-17 00:00:00+00:00
[2020-12-20 05:17:50,456] {scheduler_job.py:189} INFO - Processing /Users/harshittyagi/lil/de_env/lib/python3.8/site-packages/airflow/example_dags/example_skip_dag.py took 0.037 seconds
[2020-12-20 05:18:45,987] {scheduler_job.py:181} INFO - Started process (PID=66162) to work on /Users/harshittyagi/lil/de_env/lib/python3.8/site-packages/airflow/example_dags/example_skip_dag.py
[2020-12-20 05:18:45,987] {scheduler_job.py:629} INFO - Processing file /Users/harshittyagi/lil/de_env/lib/python3.8/site-packages/airflow/example_dags/example_skip_dag.py for tasks to queue
[2020-12-20 05:18:45,988] {logging_mixin.py:103} INFO - [2020-12-20 05:18:45,987] {dagbag.py:440} INFO - Filling up the DagBag from /Users/harshittyagi/lil/de_env/lib/python3.8/site-packages/airflow/example_dags/example_skip_dag.py
[2020-12-20 05:18:45,993] {scheduler_job.py:639} INFO - DAG(s) dict_keys(['example_skip_dag']) retrieved from /Users/harshittyagi/lil/de_env/lib/python3.8/site-packages/airflow/example_dags/example_skip_dag.py
[2020-12-20 05:18:45,993] {logging_mixin.py:103} INFO - [2020-12-20 05:18:45,993] {dag.py:1813} INFO - Sync 1 DAGs
[2020-12-20 05:18:46,024] {logging_mixin.py:103} INFO - [2020-12-20 05:18:46,024] {dag.py:2266} INFO - Setting next_dagrun for example_skip_dag to 2020-12-17 00:00:00+00:00
[2020-12-20 05:18:46,033] {scheduler_job.py:189} INFO - Processing /Users/harshittyagi/lil/de_env/lib/python3.8/site-packages/airflow/example_dags/example_skip_dag.py took 0.046 seconds
[2020-12-20 05:19:40,349] {scheduler_job.py:181} INFO - Started process (PID=66449) to work on /Users/harshittyagi/lil/de_env/lib/python3.8/site-packages/airflow/example_dags/example_skip_dag.py
[2020-12-20 05:19:40,349] {scheduler_job.py:629} INFO - Processing file /Users/harshittyagi/lil/de_env/lib/python3.8/site-packages/airflow/example_dags/example_skip_dag.py for tasks to queue
[2020-12-20 05:19:40,349] {logging_mixin.py:103} INFO - [2020-12-20 05:19:40,349] {dagbag.py:440} INFO - Filling up the DagBag from /Users/harshittyagi/lil/de_env/lib/python3.8/site-packages/airflow/example_dags/example_skip_dag.py
[2020-12-20 05:19:40,354] {scheduler_job.py:639} INFO - DAG(s) dict_keys(['example_skip_dag']) retrieved from /Users/harshittyagi/lil/de_env/lib/python3.8/site-packages/airflow/example_dags/example_skip_dag.py
[2020-12-20 05:19:40,354] {logging_mixin.py:103} INFO - [2020-12-20 05:19:40,354] {dag.py:1813} INFO - Sync 1 DAGs
[2020-12-20 05:19:40,379] {logging_mixin.py:103} INFO - [2020-12-20 05:19:40,379] {dag.py:2266} INFO - Setting next_dagrun for example_skip_dag to 2020-12-17 00:00:00+00:00
[2020-12-20 05:19:40,386] {scheduler_job.py:189} INFO - Processing /Users/harshittyagi/lil/de_env/lib/python3.8/site-packages/airflow/example_dags/example_skip_dag.py took 0.038 seconds
[2020-12-20 05:20:37,708] {scheduler_job.py:181} INFO - Started process (PID=66744) to work on /Users/harshittyagi/lil/de_env/lib/python3.8/site-packages/airflow/example_dags/example_skip_dag.py
[2020-12-20 05:20:37,710] {scheduler_job.py:629} INFO - Processing file /Users/harshittyagi/lil/de_env/lib/python3.8/site-packages/airflow/example_dags/example_skip_dag.py for tasks to queue
[2020-12-20 05:20:37,711] {logging_mixin.py:103} INFO - [2020-12-20 05:20:37,710] {dagbag.py:440} INFO - Filling up the DagBag from /Users/harshittyagi/lil/de_env/lib/python3.8/site-packages/airflow/example_dags/example_skip_dag.py
[2020-12-20 05:20:37,716] {scheduler_job.py:639} INFO - DAG(s) dict_keys(['example_skip_dag']) retrieved from /Users/harshittyagi/lil/de_env/lib/python3.8/site-packages/airflow/example_dags/example_skip_dag.py
[2020-12-20 05:20:37,716] {logging_mixin.py:103} INFO - [2020-12-20 05:20:37,716] {dag.py:1813} INFO - Sync 1 DAGs
[2020-12-20 05:20:37,746] {logging_mixin.py:103} INFO - [2020-12-20 05:20:37,746] {dag.py:2266} INFO - Setting next_dagrun for example_skip_dag to 2020-12-17 00:00:00+00:00
[2020-12-20 05:20:37,754] {scheduler_job.py:189} INFO - Processing /Users/harshittyagi/lil/de_env/lib/python3.8/site-packages/airflow/example_dags/example_skip_dag.py took 0.047 seconds
[2020-12-20 05:21:33,186] {scheduler_job.py:181} INFO - Started process (PID=67030) to work on /Users/harshittyagi/lil/de_env/lib/python3.8/site-packages/airflow/example_dags/example_skip_dag.py
[2020-12-20 05:21:33,186] {scheduler_job.py:629} INFO - Processing file /Users/harshittyagi/lil/de_env/lib/python3.8/site-packages/airflow/example_dags/example_skip_dag.py for tasks to queue
[2020-12-20 05:21:33,186] {logging_mixin.py:103} INFO - [2020-12-20 05:21:33,186] {dagbag.py:440} INFO - Filling up the DagBag from /Users/harshittyagi/lil/de_env/lib/python3.8/site-packages/airflow/example_dags/example_skip_dag.py
[2020-12-20 05:21:33,191] {scheduler_job.py:639} INFO - DAG(s) dict_keys(['example_skip_dag']) retrieved from /Users/harshittyagi/lil/de_env/lib/python3.8/site-packages/airflow/example_dags/example_skip_dag.py
[2020-12-20 05:21:33,191] {logging_mixin.py:103} INFO - [2020-12-20 05:21:33,191] {dag.py:1813} INFO - Sync 1 DAGs
[2020-12-20 05:21:33,216] {logging_mixin.py:103} INFO - [2020-12-20 05:21:33,216] {dag.py:2266} INFO - Setting next_dagrun for example_skip_dag to 2020-12-17 00:00:00+00:00
[2020-12-20 05:21:33,226] {scheduler_job.py:189} INFO - Processing /Users/harshittyagi/lil/de_env/lib/python3.8/site-packages/airflow/example_dags/example_skip_dag.py took 0.040 seconds
[2020-12-20 05:22:28,297] {scheduler_job.py:181} INFO - Started process (PID=67315) to work on /Users/harshittyagi/lil/de_env/lib/python3.8/site-packages/airflow/example_dags/example_skip_dag.py
[2020-12-20 05:22:28,297] {scheduler_job.py:629} INFO - Processing file /Users/harshittyagi/lil/de_env/lib/python3.8/site-packages/airflow/example_dags/example_skip_dag.py for tasks to queue
[2020-12-20 05:22:28,298] {logging_mixin.py:103} INFO - [2020-12-20 05:22:28,297] {dagbag.py:440} INFO - Filling up the DagBag from /Users/harshittyagi/lil/de_env/lib/python3.8/site-packages/airflow/example_dags/example_skip_dag.py
[2020-12-20 05:22:28,302] {scheduler_job.py:639} INFO - DAG(s) dict_keys(['example_skip_dag']) retrieved from /Users/harshittyagi/lil/de_env/lib/python3.8/site-packages/airflow/example_dags/example_skip_dag.py
[2020-12-20 05:22:28,303] {logging_mixin.py:103} INFO - [2020-12-20 05:22:28,303] {dag.py:1813} INFO - Sync 1 DAGs
[2020-12-20 05:22:28,331] {logging_mixin.py:103} INFO - [2020-12-20 05:22:28,331] {dag.py:2266} INFO - Setting next_dagrun for example_skip_dag to 2020-12-17 00:00:00+00:00
[2020-12-20 05:22:28,341] {scheduler_job.py:189} INFO - Processing /Users/harshittyagi/lil/de_env/lib/python3.8/site-packages/airflow/example_dags/example_skip_dag.py took 0.044 seconds
[2020-12-20 05:23:23,441] {scheduler_job.py:181} INFO - Started process (PID=67601) to work on /Users/harshittyagi/lil/de_env/lib/python3.8/site-packages/airflow/example_dags/example_skip_dag.py
[2020-12-20 05:23:23,441] {scheduler_job.py:629} INFO - Processing file /Users/harshittyagi/lil/de_env/lib/python3.8/site-packages/airflow/example_dags/example_skip_dag.py for tasks to queue
[2020-12-20 05:23:23,442] {logging_mixin.py:103} INFO - [2020-12-20 05:23:23,441] {dagbag.py:440} INFO - Filling up the DagBag from /Users/harshittyagi/lil/de_env/lib/python3.8/site-packages/airflow/example_dags/example_skip_dag.py
[2020-12-20 05:23:23,446] {scheduler_job.py:639} INFO - DAG(s) dict_keys(['example_skip_dag']) retrieved from /Users/harshittyagi/lil/de_env/lib/python3.8/site-packages/airflow/example_dags/example_skip_dag.py
[2020-12-20 05:23:23,447] {logging_mixin.py:103} INFO - [2020-12-20 05:23:23,447] {dag.py:1813} INFO - Sync 1 DAGs
[2020-12-20 05:23:23,477] {logging_mixin.py:103} INFO - [2020-12-20 05:23:23,477] {dag.py:2266} INFO - Setting next_dagrun for example_skip_dag to 2020-12-17 00:00:00+00:00
[2020-12-20 05:23:23,486] {scheduler_job.py:189} INFO - Processing /Users/harshittyagi/lil/de_env/lib/python3.8/site-packages/airflow/example_dags/example_skip_dag.py took 0.046 seconds
[2020-12-20 05:24:18,479] {scheduler_job.py:181} INFO - Started process (PID=67893) to work on /Users/harshittyagi/lil/de_env/lib/python3.8/site-packages/airflow/example_dags/example_skip_dag.py
[2020-12-20 05:24:18,480] {scheduler_job.py:629} INFO - Processing file /Users/harshittyagi/lil/de_env/lib/python3.8/site-packages/airflow/example_dags/example_skip_dag.py for tasks to queue
[2020-12-20 05:24:18,480] {logging_mixin.py:103} INFO - [2020-12-20 05:24:18,480] {dagbag.py:440} INFO - Filling up the DagBag from /Users/harshittyagi/lil/de_env/lib/python3.8/site-packages/airflow/example_dags/example_skip_dag.py
[2020-12-20 05:24:18,484] {scheduler_job.py:639} INFO - DAG(s) dict_keys(['example_skip_dag']) retrieved from /Users/harshittyagi/lil/de_env/lib/python3.8/site-packages/airflow/example_dags/example_skip_dag.py
[2020-12-20 05:24:18,485] {logging_mixin.py:103} INFO - [2020-12-20 05:24:18,484] {dag.py:1813} INFO - Sync 1 DAGs
[2020-12-20 05:24:18,510] {logging_mixin.py:103} INFO - [2020-12-20 05:24:18,509] {dag.py:2266} INFO - Setting next_dagrun for example_skip_dag to 2020-12-17 00:00:00+00:00
[2020-12-20 05:24:18,517] {scheduler_job.py:189} INFO - Processing /Users/harshittyagi/lil/de_env/lib/python3.8/site-packages/airflow/example_dags/example_skip_dag.py took 0.038 seconds
[2020-12-20 05:25:13,617] {scheduler_job.py:181} INFO - Started process (PID=68181) to work on /Users/harshittyagi/lil/de_env/lib/python3.8/site-packages/airflow/example_dags/example_skip_dag.py
[2020-12-20 05:25:13,617] {scheduler_job.py:629} INFO - Processing file /Users/harshittyagi/lil/de_env/lib/python3.8/site-packages/airflow/example_dags/example_skip_dag.py for tasks to queue
[2020-12-20 05:25:13,618] {logging_mixin.py:103} INFO - [2020-12-20 05:25:13,617] {dagbag.py:440} INFO - Filling up the DagBag from /Users/harshittyagi/lil/de_env/lib/python3.8/site-packages/airflow/example_dags/example_skip_dag.py
[2020-12-20 05:25:13,622] {scheduler_job.py:639} INFO - DAG(s) dict_keys(['example_skip_dag']) retrieved from /Users/harshittyagi/lil/de_env/lib/python3.8/site-packages/airflow/example_dags/example_skip_dag.py
[2020-12-20 05:25:13,622] {logging_mixin.py:103} INFO - [2020-12-20 05:25:13,622] {dag.py:1813} INFO - Sync 1 DAGs
[2020-12-20 05:25:13,651] {logging_mixin.py:103} INFO - [2020-12-20 05:25:13,651] {dag.py:2266} INFO - Setting next_dagrun for example_skip_dag to 2020-12-17 00:00:00+00:00
[2020-12-20 05:25:13,659] {scheduler_job.py:189} INFO - Processing /Users/harshittyagi/lil/de_env/lib/python3.8/site-packages/airflow/example_dags/example_skip_dag.py took 0.043 seconds
[2020-12-20 05:26:09,036] {scheduler_job.py:181} INFO - Started process (PID=68463) to work on /Users/harshittyagi/lil/de_env/lib/python3.8/site-packages/airflow/example_dags/example_skip_dag.py
[2020-12-20 05:26:09,036] {scheduler_job.py:629} INFO - Processing file /Users/harshittyagi/lil/de_env/lib/python3.8/site-packages/airflow/example_dags/example_skip_dag.py for tasks to queue
[2020-12-20 05:26:09,036] {logging_mixin.py:103} INFO - [2020-12-20 05:26:09,036] {dagbag.py:440} INFO - Filling up the DagBag from /Users/harshittyagi/lil/de_env/lib/python3.8/site-packages/airflow/example_dags/example_skip_dag.py
[2020-12-20 05:26:09,041] {scheduler_job.py:639} INFO - DAG(s) dict_keys(['example_skip_dag']) retrieved from /Users/harshittyagi/lil/de_env/lib/python3.8/site-packages/airflow/example_dags/example_skip_dag.py
[2020-12-20 05:26:09,042] {logging_mixin.py:103} INFO - [2020-12-20 05:26:09,042] {dag.py:1813} INFO - Sync 1 DAGs
[2020-12-20 05:26:09,071] {logging_mixin.py:103} INFO - [2020-12-20 05:26:09,070] {dag.py:2266} INFO - Setting next_dagrun for example_skip_dag to 2020-12-17 00:00:00+00:00
[2020-12-20 05:26:09,079] {scheduler_job.py:189} INFO - Processing /Users/harshittyagi/lil/de_env/lib/python3.8/site-packages/airflow/example_dags/example_skip_dag.py took 0.044 seconds
[2020-12-20 05:27:03,809] {scheduler_job.py:181} INFO - Started process (PID=68746) to work on /Users/harshittyagi/lil/de_env/lib/python3.8/site-packages/airflow/example_dags/example_skip_dag.py
[2020-12-20 05:27:03,810] {scheduler_job.py:629} INFO - Processing file /Users/harshittyagi/lil/de_env/lib/python3.8/site-packages/airflow/example_dags/example_skip_dag.py for tasks to queue
[2020-12-20 05:27:03,810] {logging_mixin.py:103} INFO - [2020-12-20 05:27:03,810] {dagbag.py:440} INFO - Filling up the DagBag from /Users/harshittyagi/lil/de_env/lib/python3.8/site-packages/airflow/example_dags/example_skip_dag.py
[2020-12-20 05:27:03,815] {scheduler_job.py:639} INFO - DAG(s) dict_keys(['example_skip_dag']) retrieved from /Users/harshittyagi/lil/de_env/lib/python3.8/site-packages/airflow/example_dags/example_skip_dag.py
[2020-12-20 05:27:03,816] {logging_mixin.py:103} INFO - [2020-12-20 05:27:03,816] {dag.py:1813} INFO - Sync 1 DAGs
[2020-12-20 05:27:03,845] {logging_mixin.py:103} INFO - [2020-12-20 05:27:03,845] {dag.py:2266} INFO - Setting next_dagrun for example_skip_dag to 2020-12-17 00:00:00+00:00
[2020-12-20 05:27:03,854] {scheduler_job.py:189} INFO - Processing /Users/harshittyagi/lil/de_env/lib/python3.8/site-packages/airflow/example_dags/example_skip_dag.py took 0.045 seconds
[2020-12-20 05:28:01,345] {scheduler_job.py:181} INFO - Started process (PID=69035) to work on /Users/harshittyagi/lil/de_env/lib/python3.8/site-packages/airflow/example_dags/example_skip_dag.py
[2020-12-20 05:28:01,347] {scheduler_job.py:629} INFO - Processing file /Users/harshittyagi/lil/de_env/lib/python3.8/site-packages/airflow/example_dags/example_skip_dag.py for tasks to queue
[2020-12-20 05:28:01,348] {logging_mixin.py:103} INFO - [2020-12-20 05:28:01,348] {dagbag.py:440} INFO - Filling up the DagBag from /Users/harshittyagi/lil/de_env/lib/python3.8/site-packages/airflow/example_dags/example_skip_dag.py
[2020-12-20 05:28:01,354] {scheduler_job.py:639} INFO - DAG(s) dict_keys(['example_skip_dag']) retrieved from /Users/harshittyagi/lil/de_env/lib/python3.8/site-packages/airflow/example_dags/example_skip_dag.py
[2020-12-20 05:28:01,355] {logging_mixin.py:103} INFO - [2020-12-20 05:28:01,355] {dag.py:1813} INFO - Sync 1 DAGs
[2020-12-20 05:28:01,383] {logging_mixin.py:103} INFO - [2020-12-20 05:28:01,383] {dag.py:2266} INFO - Setting next_dagrun for example_skip_dag to 2020-12-17 00:00:00+00:00
[2020-12-20 05:28:01,391] {scheduler_job.py:189} INFO - Processing /Users/harshittyagi/lil/de_env/lib/python3.8/site-packages/airflow/example_dags/example_skip_dag.py took 0.046 seconds
[2020-12-20 05:28:55,539] {scheduler_job.py:181} INFO - Started process (PID=69322) to work on /Users/harshittyagi/lil/de_env/lib/python3.8/site-packages/airflow/example_dags/example_skip_dag.py
[2020-12-20 05:28:55,539] {scheduler_job.py:629} INFO - Processing file /Users/harshittyagi/lil/de_env/lib/python3.8/site-packages/airflow/example_dags/example_skip_dag.py for tasks to queue
[2020-12-20 05:28:55,540] {logging_mixin.py:103} INFO - [2020-12-20 05:28:55,539] {dagbag.py:440} INFO - Filling up the DagBag from /Users/harshittyagi/lil/de_env/lib/python3.8/site-packages/airflow/example_dags/example_skip_dag.py
[2020-12-20 05:28:55,545] {scheduler_job.py:639} INFO - DAG(s) dict_keys(['example_skip_dag']) retrieved from /Users/harshittyagi/lil/de_env/lib/python3.8/site-packages/airflow/example_dags/example_skip_dag.py
[2020-12-20 05:28:55,545] {logging_mixin.py:103} INFO - [2020-12-20 05:28:55,545] {dag.py:1813} INFO - Sync 1 DAGs
[2020-12-20 05:28:55,573] {logging_mixin.py:103} INFO - [2020-12-20 05:28:55,573] {dag.py:2266} INFO - Setting next_dagrun for example_skip_dag to 2020-12-17 00:00:00+00:00
[2020-12-20 05:28:55,582] {scheduler_job.py:189} INFO - Processing /Users/harshittyagi/lil/de_env/lib/python3.8/site-packages/airflow/example_dags/example_skip_dag.py took 0.043 seconds
[2020-12-20 05:29:49,778] {scheduler_job.py:181} INFO - Started process (PID=69605) to work on /Users/harshittyagi/lil/de_env/lib/python3.8/site-packages/airflow/example_dags/example_skip_dag.py
[2020-12-20 05:29:49,778] {scheduler_job.py:629} INFO - Processing file /Users/harshittyagi/lil/de_env/lib/python3.8/site-packages/airflow/example_dags/example_skip_dag.py for tasks to queue
[2020-12-20 05:29:49,778] {logging_mixin.py:103} INFO - [2020-12-20 05:29:49,778] {dagbag.py:440} INFO - Filling up the DagBag from /Users/harshittyagi/lil/de_env/lib/python3.8/site-packages/airflow/example_dags/example_skip_dag.py
[2020-12-20 05:29:49,783] {scheduler_job.py:639} INFO - DAG(s) dict_keys(['example_skip_dag']) retrieved from /Users/harshittyagi/lil/de_env/lib/python3.8/site-packages/airflow/example_dags/example_skip_dag.py
[2020-12-20 05:29:49,783] {logging_mixin.py:103} INFO - [2020-12-20 05:29:49,783] {dag.py:1813} INFO - Sync 1 DAGs
[2020-12-20 05:29:49,810] {logging_mixin.py:103} INFO - [2020-12-20 05:29:49,810] {dag.py:2266} INFO - Setting next_dagrun for example_skip_dag to 2020-12-17 00:00:00+00:00
[2020-12-20 05:29:49,818] {scheduler_job.py:189} INFO - Processing /Users/harshittyagi/lil/de_env/lib/python3.8/site-packages/airflow/example_dags/example_skip_dag.py took 0.041 seconds
