[2020-12-20 04:41:58,579] {scheduler_job.py:181} INFO - Started process (PID=54468) to work on /Users/harshittyagi/lil/de_env/lib/python3.8/site-packages/airflow/example_dags/example_latest_only_with_trigger.py
[2020-12-20 04:41:58,579] {scheduler_job.py:629} INFO - Processing file /Users/harshittyagi/lil/de_env/lib/python3.8/site-packages/airflow/example_dags/example_latest_only_with_trigger.py for tasks to queue
[2020-12-20 04:41:58,580] {logging_mixin.py:103} INFO - [2020-12-20 04:41:58,580] {dagbag.py:440} INFO - Filling up the DagBag from /Users/harshittyagi/lil/de_env/lib/python3.8/site-packages/airflow/example_dags/example_latest_only_with_trigger.py
[2020-12-20 04:41:58,585] {scheduler_job.py:639} INFO - DAG(s) dict_keys(['latest_only_with_trigger']) retrieved from /Users/harshittyagi/lil/de_env/lib/python3.8/site-packages/airflow/example_dags/example_latest_only_with_trigger.py
[2020-12-20 04:41:58,585] {logging_mixin.py:103} INFO - [2020-12-20 04:41:58,585] {dag.py:1813} INFO - Sync 1 DAGs
[2020-12-20 04:41:58,615] {logging_mixin.py:103} INFO - [2020-12-20 04:41:58,615] {dag.py:2266} INFO - Setting next_dagrun for latest_only_with_trigger to 2020-12-17 00:00:00+00:00
[2020-12-20 04:41:58,626] {scheduler_job.py:189} INFO - Processing /Users/harshittyagi/lil/de_env/lib/python3.8/site-packages/airflow/example_dags/example_latest_only_with_trigger.py took 0.048 seconds
[2020-12-20 04:42:54,633] {scheduler_job.py:181} INFO - Started process (PID=54771) to work on /Users/harshittyagi/lil/de_env/lib/python3.8/site-packages/airflow/example_dags/example_latest_only_with_trigger.py
[2020-12-20 04:42:54,634] {scheduler_job.py:629} INFO - Processing file /Users/harshittyagi/lil/de_env/lib/python3.8/site-packages/airflow/example_dags/example_latest_only_with_trigger.py for tasks to queue
[2020-12-20 04:42:54,634] {logging_mixin.py:103} INFO - [2020-12-20 04:42:54,634] {dagbag.py:440} INFO - Filling up the DagBag from /Users/harshittyagi/lil/de_env/lib/python3.8/site-packages/airflow/example_dags/example_latest_only_with_trigger.py
[2020-12-20 04:42:54,639] {scheduler_job.py:639} INFO - DAG(s) dict_keys(['latest_only_with_trigger']) retrieved from /Users/harshittyagi/lil/de_env/lib/python3.8/site-packages/airflow/example_dags/example_latest_only_with_trigger.py
[2020-12-20 04:42:54,640] {logging_mixin.py:103} INFO - [2020-12-20 04:42:54,639] {dag.py:1813} INFO - Sync 1 DAGs
[2020-12-20 04:42:54,670] {logging_mixin.py:103} INFO - [2020-12-20 04:42:54,670] {dag.py:2266} INFO - Setting next_dagrun for latest_only_with_trigger to 2020-12-17 00:00:00+00:00
[2020-12-20 04:42:54,679] {scheduler_job.py:189} INFO - Processing /Users/harshittyagi/lil/de_env/lib/python3.8/site-packages/airflow/example_dags/example_latest_only_with_trigger.py took 0.046 seconds
[2020-12-20 04:43:53,171] {scheduler_job.py:181} INFO - Started process (PID=55068) to work on /Users/harshittyagi/lil/de_env/lib/python3.8/site-packages/airflow/example_dags/example_latest_only_with_trigger.py
[2020-12-20 04:43:53,172] {scheduler_job.py:629} INFO - Processing file /Users/harshittyagi/lil/de_env/lib/python3.8/site-packages/airflow/example_dags/example_latest_only_with_trigger.py for tasks to queue
[2020-12-20 04:43:53,172] {logging_mixin.py:103} INFO - [2020-12-20 04:43:53,172] {dagbag.py:440} INFO - Filling up the DagBag from /Users/harshittyagi/lil/de_env/lib/python3.8/site-packages/airflow/example_dags/example_latest_only_with_trigger.py
[2020-12-20 04:43:53,179] {scheduler_job.py:639} INFO - DAG(s) dict_keys(['latest_only_with_trigger']) retrieved from /Users/harshittyagi/lil/de_env/lib/python3.8/site-packages/airflow/example_dags/example_latest_only_with_trigger.py
[2020-12-20 04:43:53,180] {logging_mixin.py:103} INFO - [2020-12-20 04:43:53,180] {dag.py:1813} INFO - Sync 1 DAGs
[2020-12-20 04:43:53,219] {logging_mixin.py:103} INFO - [2020-12-20 04:43:53,219] {dag.py:2266} INFO - Setting next_dagrun for latest_only_with_trigger to 2020-12-17 00:00:00+00:00
[2020-12-20 04:43:53,240] {scheduler_job.py:189} INFO - Processing /Users/harshittyagi/lil/de_env/lib/python3.8/site-packages/airflow/example_dags/example_latest_only_with_trigger.py took 0.069 seconds
[2020-12-20 04:45:03,797] {scheduler_job.py:181} INFO - Started process (PID=55356) to work on /Users/harshittyagi/lil/de_env/lib/python3.8/site-packages/airflow/example_dags/example_latest_only_with_trigger.py
[2020-12-20 04:45:03,797] {scheduler_job.py:629} INFO - Processing file /Users/harshittyagi/lil/de_env/lib/python3.8/site-packages/airflow/example_dags/example_latest_only_with_trigger.py for tasks to queue
[2020-12-20 04:45:03,797] {logging_mixin.py:103} INFO - [2020-12-20 04:45:03,797] {dagbag.py:440} INFO - Filling up the DagBag from /Users/harshittyagi/lil/de_env/lib/python3.8/site-packages/airflow/example_dags/example_latest_only_with_trigger.py
[2020-12-20 04:45:03,803] {scheduler_job.py:639} INFO - DAG(s) dict_keys(['latest_only_with_trigger']) retrieved from /Users/harshittyagi/lil/de_env/lib/python3.8/site-packages/airflow/example_dags/example_latest_only_with_trigger.py
[2020-12-20 04:45:03,804] {logging_mixin.py:103} INFO - [2020-12-20 04:45:03,804] {dag.py:1813} INFO - Sync 1 DAGs
[2020-12-20 04:45:03,834] {logging_mixin.py:103} INFO - [2020-12-20 04:45:03,834] {dag.py:2266} INFO - Setting next_dagrun for latest_only_with_trigger to 2020-12-17 00:00:00+00:00
[2020-12-20 04:45:03,846] {scheduler_job.py:189} INFO - Processing /Users/harshittyagi/lil/de_env/lib/python3.8/site-packages/airflow/example_dags/example_latest_only_with_trigger.py took 0.050 seconds
[2020-12-20 04:45:56,132] {scheduler_job.py:181} INFO - Started process (PID=55646) to work on /Users/harshittyagi/lil/de_env/lib/python3.8/site-packages/airflow/example_dags/example_latest_only_with_trigger.py
[2020-12-20 04:45:56,133] {scheduler_job.py:629} INFO - Processing file /Users/harshittyagi/lil/de_env/lib/python3.8/site-packages/airflow/example_dags/example_latest_only_with_trigger.py for tasks to queue
[2020-12-20 04:45:56,133] {logging_mixin.py:103} INFO - [2020-12-20 04:45:56,133] {dagbag.py:440} INFO - Filling up the DagBag from /Users/harshittyagi/lil/de_env/lib/python3.8/site-packages/airflow/example_dags/example_latest_only_with_trigger.py
[2020-12-20 04:45:56,137] {scheduler_job.py:639} INFO - DAG(s) dict_keys(['latest_only_with_trigger']) retrieved from /Users/harshittyagi/lil/de_env/lib/python3.8/site-packages/airflow/example_dags/example_latest_only_with_trigger.py
[2020-12-20 04:45:56,138] {logging_mixin.py:103} INFO - [2020-12-20 04:45:56,138] {dag.py:1813} INFO - Sync 1 DAGs
[2020-12-20 04:45:56,166] {logging_mixin.py:103} INFO - [2020-12-20 04:45:56,166] {dag.py:2266} INFO - Setting next_dagrun for latest_only_with_trigger to 2020-12-17 00:00:00+00:00
[2020-12-20 04:45:56,176] {scheduler_job.py:189} INFO - Processing /Users/harshittyagi/lil/de_env/lib/python3.8/site-packages/airflow/example_dags/example_latest_only_with_trigger.py took 0.044 seconds
[2020-12-20 04:46:50,327] {scheduler_job.py:181} INFO - Started process (PID=55928) to work on /Users/harshittyagi/lil/de_env/lib/python3.8/site-packages/airflow/example_dags/example_latest_only_with_trigger.py
[2020-12-20 04:46:50,328] {scheduler_job.py:629} INFO - Processing file /Users/harshittyagi/lil/de_env/lib/python3.8/site-packages/airflow/example_dags/example_latest_only_with_trigger.py for tasks to queue
[2020-12-20 04:46:50,328] {logging_mixin.py:103} INFO - [2020-12-20 04:46:50,328] {dagbag.py:440} INFO - Filling up the DagBag from /Users/harshittyagi/lil/de_env/lib/python3.8/site-packages/airflow/example_dags/example_latest_only_with_trigger.py
[2020-12-20 04:46:50,332] {scheduler_job.py:639} INFO - DAG(s) dict_keys(['latest_only_with_trigger']) retrieved from /Users/harshittyagi/lil/de_env/lib/python3.8/site-packages/airflow/example_dags/example_latest_only_with_trigger.py
[2020-12-20 04:46:50,333] {logging_mixin.py:103} INFO - [2020-12-20 04:46:50,333] {dag.py:1813} INFO - Sync 1 DAGs
[2020-12-20 04:46:50,357] {logging_mixin.py:103} INFO - [2020-12-20 04:46:50,357] {dag.py:2266} INFO - Setting next_dagrun for latest_only_with_trigger to 2020-12-17 00:00:00+00:00
[2020-12-20 04:46:50,367] {scheduler_job.py:189} INFO - Processing /Users/harshittyagi/lil/de_env/lib/python3.8/site-packages/airflow/example_dags/example_latest_only_with_trigger.py took 0.040 seconds
[2020-12-20 04:47:43,775] {scheduler_job.py:181} INFO - Started process (PID=56214) to work on /Users/harshittyagi/lil/de_env/lib/python3.8/site-packages/airflow/example_dags/example_latest_only_with_trigger.py
[2020-12-20 04:47:43,775] {scheduler_job.py:629} INFO - Processing file /Users/harshittyagi/lil/de_env/lib/python3.8/site-packages/airflow/example_dags/example_latest_only_with_trigger.py for tasks to queue
[2020-12-20 04:47:43,776] {logging_mixin.py:103} INFO - [2020-12-20 04:47:43,776] {dagbag.py:440} INFO - Filling up the DagBag from /Users/harshittyagi/lil/de_env/lib/python3.8/site-packages/airflow/example_dags/example_latest_only_with_trigger.py
[2020-12-20 04:47:43,782] {scheduler_job.py:639} INFO - DAG(s) dict_keys(['latest_only_with_trigger']) retrieved from /Users/harshittyagi/lil/de_env/lib/python3.8/site-packages/airflow/example_dags/example_latest_only_with_trigger.py
[2020-12-20 04:47:43,783] {logging_mixin.py:103} INFO - [2020-12-20 04:47:43,782] {dag.py:1813} INFO - Sync 1 DAGs
[2020-12-20 04:47:43,819] {logging_mixin.py:103} INFO - [2020-12-20 04:47:43,819] {dag.py:2266} INFO - Setting next_dagrun for latest_only_with_trigger to 2020-12-17 00:00:00+00:00
[2020-12-20 04:47:43,833] {scheduler_job.py:189} INFO - Processing /Users/harshittyagi/lil/de_env/lib/python3.8/site-packages/airflow/example_dags/example_latest_only_with_trigger.py took 0.059 seconds
[2020-12-20 04:48:37,491] {scheduler_job.py:181} INFO - Started process (PID=56500) to work on /Users/harshittyagi/lil/de_env/lib/python3.8/site-packages/airflow/example_dags/example_latest_only_with_trigger.py
[2020-12-20 04:48:37,491] {scheduler_job.py:629} INFO - Processing file /Users/harshittyagi/lil/de_env/lib/python3.8/site-packages/airflow/example_dags/example_latest_only_with_trigger.py for tasks to queue
[2020-12-20 04:48:37,491] {logging_mixin.py:103} INFO - [2020-12-20 04:48:37,491] {dagbag.py:440} INFO - Filling up the DagBag from /Users/harshittyagi/lil/de_env/lib/python3.8/site-packages/airflow/example_dags/example_latest_only_with_trigger.py
[2020-12-20 04:48:37,495] {scheduler_job.py:639} INFO - DAG(s) dict_keys(['latest_only_with_trigger']) retrieved from /Users/harshittyagi/lil/de_env/lib/python3.8/site-packages/airflow/example_dags/example_latest_only_with_trigger.py
[2020-12-20 04:48:37,496] {logging_mixin.py:103} INFO - [2020-12-20 04:48:37,496] {dag.py:1813} INFO - Sync 1 DAGs
[2020-12-20 04:48:37,520] {logging_mixin.py:103} INFO - [2020-12-20 04:48:37,520] {dag.py:2266} INFO - Setting next_dagrun for latest_only_with_trigger to 2020-12-17 00:00:00+00:00
[2020-12-20 04:48:37,527] {scheduler_job.py:189} INFO - Processing /Users/harshittyagi/lil/de_env/lib/python3.8/site-packages/airflow/example_dags/example_latest_only_with_trigger.py took 0.037 seconds
[2020-12-20 04:49:30,929] {scheduler_job.py:181} INFO - Started process (PID=56784) to work on /Users/harshittyagi/lil/de_env/lib/python3.8/site-packages/airflow/example_dags/example_latest_only_with_trigger.py
[2020-12-20 04:49:30,929] {scheduler_job.py:629} INFO - Processing file /Users/harshittyagi/lil/de_env/lib/python3.8/site-packages/airflow/example_dags/example_latest_only_with_trigger.py for tasks to queue
[2020-12-20 04:49:30,930] {logging_mixin.py:103} INFO - [2020-12-20 04:49:30,930] {dagbag.py:440} INFO - Filling up the DagBag from /Users/harshittyagi/lil/de_env/lib/python3.8/site-packages/airflow/example_dags/example_latest_only_with_trigger.py
[2020-12-20 04:49:30,934] {scheduler_job.py:639} INFO - DAG(s) dict_keys(['latest_only_with_trigger']) retrieved from /Users/harshittyagi/lil/de_env/lib/python3.8/site-packages/airflow/example_dags/example_latest_only_with_trigger.py
[2020-12-20 04:49:30,934] {logging_mixin.py:103} INFO - [2020-12-20 04:49:30,934] {dag.py:1813} INFO - Sync 1 DAGs
[2020-12-20 04:49:30,959] {logging_mixin.py:103} INFO - [2020-12-20 04:49:30,959] {dag.py:2266} INFO - Setting next_dagrun for latest_only_with_trigger to 2020-12-17 00:00:00+00:00
[2020-12-20 04:49:30,967] {scheduler_job.py:189} INFO - Processing /Users/harshittyagi/lil/de_env/lib/python3.8/site-packages/airflow/example_dags/example_latest_only_with_trigger.py took 0.038 seconds
[2020-12-20 04:50:24,737] {scheduler_job.py:181} INFO - Started process (PID=57071) to work on /Users/harshittyagi/lil/de_env/lib/python3.8/site-packages/airflow/example_dags/example_latest_only_with_trigger.py
[2020-12-20 04:50:24,737] {scheduler_job.py:629} INFO - Processing file /Users/harshittyagi/lil/de_env/lib/python3.8/site-packages/airflow/example_dags/example_latest_only_with_trigger.py for tasks to queue
[2020-12-20 04:50:24,738] {logging_mixin.py:103} INFO - [2020-12-20 04:50:24,738] {dagbag.py:440} INFO - Filling up the DagBag from /Users/harshittyagi/lil/de_env/lib/python3.8/site-packages/airflow/example_dags/example_latest_only_with_trigger.py
[2020-12-20 04:50:24,742] {scheduler_job.py:639} INFO - DAG(s) dict_keys(['latest_only_with_trigger']) retrieved from /Users/harshittyagi/lil/de_env/lib/python3.8/site-packages/airflow/example_dags/example_latest_only_with_trigger.py
[2020-12-20 04:50:24,743] {logging_mixin.py:103} INFO - [2020-12-20 04:50:24,743] {dag.py:1813} INFO - Sync 1 DAGs
[2020-12-20 04:50:24,769] {logging_mixin.py:103} INFO - [2020-12-20 04:50:24,769] {dag.py:2266} INFO - Setting next_dagrun for latest_only_with_trigger to 2020-12-17 00:00:00+00:00
[2020-12-20 04:50:24,777] {scheduler_job.py:189} INFO - Processing /Users/harshittyagi/lil/de_env/lib/python3.8/site-packages/airflow/example_dags/example_latest_only_with_trigger.py took 0.040 seconds
[2020-12-20 04:51:18,469] {scheduler_job.py:181} INFO - Started process (PID=57354) to work on /Users/harshittyagi/lil/de_env/lib/python3.8/site-packages/airflow/example_dags/example_latest_only_with_trigger.py
[2020-12-20 04:51:18,469] {scheduler_job.py:629} INFO - Processing file /Users/harshittyagi/lil/de_env/lib/python3.8/site-packages/airflow/example_dags/example_latest_only_with_trigger.py for tasks to queue
[2020-12-20 04:51:18,469] {logging_mixin.py:103} INFO - [2020-12-20 04:51:18,469] {dagbag.py:440} INFO - Filling up the DagBag from /Users/harshittyagi/lil/de_env/lib/python3.8/site-packages/airflow/example_dags/example_latest_only_with_trigger.py
[2020-12-20 04:51:18,474] {scheduler_job.py:639} INFO - DAG(s) dict_keys(['latest_only_with_trigger']) retrieved from /Users/harshittyagi/lil/de_env/lib/python3.8/site-packages/airflow/example_dags/example_latest_only_with_trigger.py
[2020-12-20 04:51:18,474] {logging_mixin.py:103} INFO - [2020-12-20 04:51:18,474] {dag.py:1813} INFO - Sync 1 DAGs
[2020-12-20 04:51:18,498] {logging_mixin.py:103} INFO - [2020-12-20 04:51:18,498] {dag.py:2266} INFO - Setting next_dagrun for latest_only_with_trigger to 2020-12-17 00:00:00+00:00
[2020-12-20 04:51:18,506] {scheduler_job.py:189} INFO - Processing /Users/harshittyagi/lil/de_env/lib/python3.8/site-packages/airflow/example_dags/example_latest_only_with_trigger.py took 0.038 seconds
[2020-12-20 04:52:08,770] {scheduler_job.py:181} INFO - Started process (PID=57637) to work on /Users/harshittyagi/lil/de_env/lib/python3.8/site-packages/airflow/example_dags/example_latest_only_with_trigger.py
[2020-12-20 04:52:08,771] {scheduler_job.py:629} INFO - Processing file /Users/harshittyagi/lil/de_env/lib/python3.8/site-packages/airflow/example_dags/example_latest_only_with_trigger.py for tasks to queue
[2020-12-20 04:52:08,772] {logging_mixin.py:103} INFO - [2020-12-20 04:52:08,772] {dagbag.py:440} INFO - Filling up the DagBag from /Users/harshittyagi/lil/de_env/lib/python3.8/site-packages/airflow/example_dags/example_latest_only_with_trigger.py
[2020-12-20 04:52:08,777] {scheduler_job.py:639} INFO - DAG(s) dict_keys(['latest_only_with_trigger']) retrieved from /Users/harshittyagi/lil/de_env/lib/python3.8/site-packages/airflow/example_dags/example_latest_only_with_trigger.py
[2020-12-20 04:52:08,777] {logging_mixin.py:103} INFO - [2020-12-20 04:52:08,777] {dag.py:1813} INFO - Sync 1 DAGs
[2020-12-20 04:52:08,807] {logging_mixin.py:103} INFO - [2020-12-20 04:52:08,807] {dag.py:2266} INFO - Setting next_dagrun for latest_only_with_trigger to 2020-12-17 00:00:00+00:00
[2020-12-20 04:52:08,819] {scheduler_job.py:189} INFO - Processing /Users/harshittyagi/lil/de_env/lib/python3.8/site-packages/airflow/example_dags/example_latest_only_with_trigger.py took 0.049 seconds
[2020-12-20 04:53:02,698] {scheduler_job.py:181} INFO - Started process (PID=57926) to work on /Users/harshittyagi/lil/de_env/lib/python3.8/site-packages/airflow/example_dags/example_latest_only_with_trigger.py
[2020-12-20 04:53:02,699] {scheduler_job.py:629} INFO - Processing file /Users/harshittyagi/lil/de_env/lib/python3.8/site-packages/airflow/example_dags/example_latest_only_with_trigger.py for tasks to queue
[2020-12-20 04:53:02,699] {logging_mixin.py:103} INFO - [2020-12-20 04:53:02,699] {dagbag.py:440} INFO - Filling up the DagBag from /Users/harshittyagi/lil/de_env/lib/python3.8/site-packages/airflow/example_dags/example_latest_only_with_trigger.py
[2020-12-20 04:53:02,704] {scheduler_job.py:639} INFO - DAG(s) dict_keys(['latest_only_with_trigger']) retrieved from /Users/harshittyagi/lil/de_env/lib/python3.8/site-packages/airflow/example_dags/example_latest_only_with_trigger.py
[2020-12-20 04:53:02,704] {logging_mixin.py:103} INFO - [2020-12-20 04:53:02,704] {dag.py:1813} INFO - Sync 1 DAGs
[2020-12-20 04:53:02,732] {logging_mixin.py:103} INFO - [2020-12-20 04:53:02,732] {dag.py:2266} INFO - Setting next_dagrun for latest_only_with_trigger to 2020-12-17 00:00:00+00:00
[2020-12-20 04:53:02,740] {scheduler_job.py:189} INFO - Processing /Users/harshittyagi/lil/de_env/lib/python3.8/site-packages/airflow/example_dags/example_latest_only_with_trigger.py took 0.042 seconds
[2020-12-20 04:53:56,881] {scheduler_job.py:181} INFO - Started process (PID=58212) to work on /Users/harshittyagi/lil/de_env/lib/python3.8/site-packages/airflow/example_dags/example_latest_only_with_trigger.py
[2020-12-20 04:53:56,881] {scheduler_job.py:629} INFO - Processing file /Users/harshittyagi/lil/de_env/lib/python3.8/site-packages/airflow/example_dags/example_latest_only_with_trigger.py for tasks to queue
[2020-12-20 04:53:56,882] {logging_mixin.py:103} INFO - [2020-12-20 04:53:56,882] {dagbag.py:440} INFO - Filling up the DagBag from /Users/harshittyagi/lil/de_env/lib/python3.8/site-packages/airflow/example_dags/example_latest_only_with_trigger.py
[2020-12-20 04:53:56,886] {scheduler_job.py:639} INFO - DAG(s) dict_keys(['latest_only_with_trigger']) retrieved from /Users/harshittyagi/lil/de_env/lib/python3.8/site-packages/airflow/example_dags/example_latest_only_with_trigger.py
[2020-12-20 04:53:56,887] {logging_mixin.py:103} INFO - [2020-12-20 04:53:56,887] {dag.py:1813} INFO - Sync 1 DAGs
[2020-12-20 04:53:56,914] {logging_mixin.py:103} INFO - [2020-12-20 04:53:56,914] {dag.py:2266} INFO - Setting next_dagrun for latest_only_with_trigger to 2020-12-17 00:00:00+00:00
[2020-12-20 04:53:56,921] {scheduler_job.py:189} INFO - Processing /Users/harshittyagi/lil/de_env/lib/python3.8/site-packages/airflow/example_dags/example_latest_only_with_trigger.py took 0.041 seconds
[2020-12-20 04:54:50,863] {scheduler_job.py:181} INFO - Started process (PID=58504) to work on /Users/harshittyagi/lil/de_env/lib/python3.8/site-packages/airflow/example_dags/example_latest_only_with_trigger.py
[2020-12-20 04:54:50,863] {scheduler_job.py:629} INFO - Processing file /Users/harshittyagi/lil/de_env/lib/python3.8/site-packages/airflow/example_dags/example_latest_only_with_trigger.py for tasks to queue
[2020-12-20 04:54:50,863] {logging_mixin.py:103} INFO - [2020-12-20 04:54:50,863] {dagbag.py:440} INFO - Filling up the DagBag from /Users/harshittyagi/lil/de_env/lib/python3.8/site-packages/airflow/example_dags/example_latest_only_with_trigger.py
[2020-12-20 04:54:50,868] {scheduler_job.py:639} INFO - DAG(s) dict_keys(['latest_only_with_trigger']) retrieved from /Users/harshittyagi/lil/de_env/lib/python3.8/site-packages/airflow/example_dags/example_latest_only_with_trigger.py
[2020-12-20 04:54:50,869] {logging_mixin.py:103} INFO - [2020-12-20 04:54:50,869] {dag.py:1813} INFO - Sync 1 DAGs
[2020-12-20 04:54:50,897] {logging_mixin.py:103} INFO - [2020-12-20 04:54:50,897] {dag.py:2266} INFO - Setting next_dagrun for latest_only_with_trigger to 2020-12-17 00:00:00+00:00
[2020-12-20 04:54:50,906] {scheduler_job.py:189} INFO - Processing /Users/harshittyagi/lil/de_env/lib/python3.8/site-packages/airflow/example_dags/example_latest_only_with_trigger.py took 0.044 seconds
[2020-12-20 04:55:45,211] {scheduler_job.py:181} INFO - Started process (PID=58786) to work on /Users/harshittyagi/lil/de_env/lib/python3.8/site-packages/airflow/example_dags/example_latest_only_with_trigger.py
[2020-12-20 04:55:45,212] {scheduler_job.py:629} INFO - Processing file /Users/harshittyagi/lil/de_env/lib/python3.8/site-packages/airflow/example_dags/example_latest_only_with_trigger.py for tasks to queue
[2020-12-20 04:55:45,212] {logging_mixin.py:103} INFO - [2020-12-20 04:55:45,212] {dagbag.py:440} INFO - Filling up the DagBag from /Users/harshittyagi/lil/de_env/lib/python3.8/site-packages/airflow/example_dags/example_latest_only_with_trigger.py
[2020-12-20 04:55:45,216] {scheduler_job.py:639} INFO - DAG(s) dict_keys(['latest_only_with_trigger']) retrieved from /Users/harshittyagi/lil/de_env/lib/python3.8/site-packages/airflow/example_dags/example_latest_only_with_trigger.py
[2020-12-20 04:55:45,216] {logging_mixin.py:103} INFO - [2020-12-20 04:55:45,216] {dag.py:1813} INFO - Sync 1 DAGs
[2020-12-20 04:55:45,240] {logging_mixin.py:103} INFO - [2020-12-20 04:55:45,240] {dag.py:2266} INFO - Setting next_dagrun for latest_only_with_trigger to 2020-12-17 00:00:00+00:00
[2020-12-20 04:55:45,251] {scheduler_job.py:189} INFO - Processing /Users/harshittyagi/lil/de_env/lib/python3.8/site-packages/airflow/example_dags/example_latest_only_with_trigger.py took 0.040 seconds
[2020-12-20 04:56:39,148] {scheduler_job.py:181} INFO - Started process (PID=59067) to work on /Users/harshittyagi/lil/de_env/lib/python3.8/site-packages/airflow/example_dags/example_latest_only_with_trigger.py
[2020-12-20 04:56:39,149] {scheduler_job.py:629} INFO - Processing file /Users/harshittyagi/lil/de_env/lib/python3.8/site-packages/airflow/example_dags/example_latest_only_with_trigger.py for tasks to queue
[2020-12-20 04:56:39,149] {logging_mixin.py:103} INFO - [2020-12-20 04:56:39,149] {dagbag.py:440} INFO - Filling up the DagBag from /Users/harshittyagi/lil/de_env/lib/python3.8/site-packages/airflow/example_dags/example_latest_only_with_trigger.py
[2020-12-20 04:56:39,153] {scheduler_job.py:639} INFO - DAG(s) dict_keys(['latest_only_with_trigger']) retrieved from /Users/harshittyagi/lil/de_env/lib/python3.8/site-packages/airflow/example_dags/example_latest_only_with_trigger.py
[2020-12-20 04:56:39,153] {logging_mixin.py:103} INFO - [2020-12-20 04:56:39,153] {dag.py:1813} INFO - Sync 1 DAGs
[2020-12-20 04:56:39,178] {logging_mixin.py:103} INFO - [2020-12-20 04:56:39,178] {dag.py:2266} INFO - Setting next_dagrun for latest_only_with_trigger to 2020-12-17 00:00:00+00:00
[2020-12-20 04:56:39,186] {scheduler_job.py:189} INFO - Processing /Users/harshittyagi/lil/de_env/lib/python3.8/site-packages/airflow/example_dags/example_latest_only_with_trigger.py took 0.038 seconds
[2020-12-20 04:57:33,029] {scheduler_job.py:181} INFO - Started process (PID=59351) to work on /Users/harshittyagi/lil/de_env/lib/python3.8/site-packages/airflow/example_dags/example_latest_only_with_trigger.py
[2020-12-20 04:57:33,030] {scheduler_job.py:629} INFO - Processing file /Users/harshittyagi/lil/de_env/lib/python3.8/site-packages/airflow/example_dags/example_latest_only_with_trigger.py for tasks to queue
[2020-12-20 04:57:33,030] {logging_mixin.py:103} INFO - [2020-12-20 04:57:33,030] {dagbag.py:440} INFO - Filling up the DagBag from /Users/harshittyagi/lil/de_env/lib/python3.8/site-packages/airflow/example_dags/example_latest_only_with_trigger.py
[2020-12-20 04:57:33,035] {scheduler_job.py:639} INFO - DAG(s) dict_keys(['latest_only_with_trigger']) retrieved from /Users/harshittyagi/lil/de_env/lib/python3.8/site-packages/airflow/example_dags/example_latest_only_with_trigger.py
[2020-12-20 04:57:33,035] {logging_mixin.py:103} INFO - [2020-12-20 04:57:33,035] {dag.py:1813} INFO - Sync 1 DAGs
[2020-12-20 04:57:33,060] {logging_mixin.py:103} INFO - [2020-12-20 04:57:33,060] {dag.py:2266} INFO - Setting next_dagrun for latest_only_with_trigger to 2020-12-17 00:00:00+00:00
[2020-12-20 04:57:33,070] {scheduler_job.py:189} INFO - Processing /Users/harshittyagi/lil/de_env/lib/python3.8/site-packages/airflow/example_dags/example_latest_only_with_trigger.py took 0.041 seconds
[2020-12-20 04:58:26,705] {scheduler_job.py:181} INFO - Started process (PID=59632) to work on /Users/harshittyagi/lil/de_env/lib/python3.8/site-packages/airflow/example_dags/example_latest_only_with_trigger.py
[2020-12-20 04:58:26,705] {scheduler_job.py:629} INFO - Processing file /Users/harshittyagi/lil/de_env/lib/python3.8/site-packages/airflow/example_dags/example_latest_only_with_trigger.py for tasks to queue
[2020-12-20 04:58:26,706] {logging_mixin.py:103} INFO - [2020-12-20 04:58:26,705] {dagbag.py:440} INFO - Filling up the DagBag from /Users/harshittyagi/lil/de_env/lib/python3.8/site-packages/airflow/example_dags/example_latest_only_with_trigger.py
[2020-12-20 04:58:26,711] {scheduler_job.py:639} INFO - DAG(s) dict_keys(['latest_only_with_trigger']) retrieved from /Users/harshittyagi/lil/de_env/lib/python3.8/site-packages/airflow/example_dags/example_latest_only_with_trigger.py
[2020-12-20 04:58:26,711] {logging_mixin.py:103} INFO - [2020-12-20 04:58:26,711] {dag.py:1813} INFO - Sync 1 DAGs
[2020-12-20 04:58:26,741] {logging_mixin.py:103} INFO - [2020-12-20 04:58:26,741] {dag.py:2266} INFO - Setting next_dagrun for latest_only_with_trigger to 2020-12-17 00:00:00+00:00
[2020-12-20 04:58:26,753] {scheduler_job.py:189} INFO - Processing /Users/harshittyagi/lil/de_env/lib/python3.8/site-packages/airflow/example_dags/example_latest_only_with_trigger.py took 0.049 seconds
[2020-12-20 04:59:20,657] {scheduler_job.py:181} INFO - Started process (PID=59914) to work on /Users/harshittyagi/lil/de_env/lib/python3.8/site-packages/airflow/example_dags/example_latest_only_with_trigger.py
[2020-12-20 04:59:20,657] {scheduler_job.py:629} INFO - Processing file /Users/harshittyagi/lil/de_env/lib/python3.8/site-packages/airflow/example_dags/example_latest_only_with_trigger.py for tasks to queue
[2020-12-20 04:59:20,657] {logging_mixin.py:103} INFO - [2020-12-20 04:59:20,657] {dagbag.py:440} INFO - Filling up the DagBag from /Users/harshittyagi/lil/de_env/lib/python3.8/site-packages/airflow/example_dags/example_latest_only_with_trigger.py
[2020-12-20 04:59:20,662] {scheduler_job.py:639} INFO - DAG(s) dict_keys(['latest_only_with_trigger']) retrieved from /Users/harshittyagi/lil/de_env/lib/python3.8/site-packages/airflow/example_dags/example_latest_only_with_trigger.py
[2020-12-20 04:59:20,663] {logging_mixin.py:103} INFO - [2020-12-20 04:59:20,663] {dag.py:1813} INFO - Sync 1 DAGs
[2020-12-20 04:59:20,692] {logging_mixin.py:103} INFO - [2020-12-20 04:59:20,692] {dag.py:2266} INFO - Setting next_dagrun for latest_only_with_trigger to 2020-12-17 00:00:00+00:00
[2020-12-20 04:59:20,705] {scheduler_job.py:189} INFO - Processing /Users/harshittyagi/lil/de_env/lib/python3.8/site-packages/airflow/example_dags/example_latest_only_with_trigger.py took 0.049 seconds
[2020-12-20 05:00:14,799] {scheduler_job.py:181} INFO - Started process (PID=60201) to work on /Users/harshittyagi/lil/de_env/lib/python3.8/site-packages/airflow/example_dags/example_latest_only_with_trigger.py
[2020-12-20 05:00:14,799] {scheduler_job.py:629} INFO - Processing file /Users/harshittyagi/lil/de_env/lib/python3.8/site-packages/airflow/example_dags/example_latest_only_with_trigger.py for tasks to queue
[2020-12-20 05:00:14,800] {logging_mixin.py:103} INFO - [2020-12-20 05:00:14,799] {dagbag.py:440} INFO - Filling up the DagBag from /Users/harshittyagi/lil/de_env/lib/python3.8/site-packages/airflow/example_dags/example_latest_only_with_trigger.py
[2020-12-20 05:00:14,804] {scheduler_job.py:639} INFO - DAG(s) dict_keys(['latest_only_with_trigger']) retrieved from /Users/harshittyagi/lil/de_env/lib/python3.8/site-packages/airflow/example_dags/example_latest_only_with_trigger.py
[2020-12-20 05:00:14,804] {logging_mixin.py:103} INFO - [2020-12-20 05:00:14,804] {dag.py:1813} INFO - Sync 1 DAGs
[2020-12-20 05:00:14,833] {logging_mixin.py:103} INFO - [2020-12-20 05:00:14,833] {dag.py:2266} INFO - Setting next_dagrun for latest_only_with_trigger to 2020-12-17 00:00:00+00:00
[2020-12-20 05:00:14,845] {scheduler_job.py:189} INFO - Processing /Users/harshittyagi/lil/de_env/lib/python3.8/site-packages/airflow/example_dags/example_latest_only_with_trigger.py took 0.046 seconds
[2020-12-20 05:01:08,814] {scheduler_job.py:181} INFO - Started process (PID=60485) to work on /Users/harshittyagi/lil/de_env/lib/python3.8/site-packages/airflow/example_dags/example_latest_only_with_trigger.py
[2020-12-20 05:01:08,814] {scheduler_job.py:629} INFO - Processing file /Users/harshittyagi/lil/de_env/lib/python3.8/site-packages/airflow/example_dags/example_latest_only_with_trigger.py for tasks to queue
[2020-12-20 05:01:08,815] {logging_mixin.py:103} INFO - [2020-12-20 05:01:08,815] {dagbag.py:440} INFO - Filling up the DagBag from /Users/harshittyagi/lil/de_env/lib/python3.8/site-packages/airflow/example_dags/example_latest_only_with_trigger.py
[2020-12-20 05:01:08,819] {scheduler_job.py:639} INFO - DAG(s) dict_keys(['latest_only_with_trigger']) retrieved from /Users/harshittyagi/lil/de_env/lib/python3.8/site-packages/airflow/example_dags/example_latest_only_with_trigger.py
[2020-12-20 05:01:08,820] {logging_mixin.py:103} INFO - [2020-12-20 05:01:08,819] {dag.py:1813} INFO - Sync 1 DAGs
[2020-12-20 05:01:08,849] {logging_mixin.py:103} INFO - [2020-12-20 05:01:08,848] {dag.py:2266} INFO - Setting next_dagrun for latest_only_with_trigger to 2020-12-17 00:00:00+00:00
[2020-12-20 05:01:08,857] {scheduler_job.py:189} INFO - Processing /Users/harshittyagi/lil/de_env/lib/python3.8/site-packages/airflow/example_dags/example_latest_only_with_trigger.py took 0.044 seconds
[2020-12-20 05:02:00,280] {scheduler_job.py:181} INFO - Started process (PID=60767) to work on /Users/harshittyagi/lil/de_env/lib/python3.8/site-packages/airflow/example_dags/example_latest_only_with_trigger.py
[2020-12-20 05:02:00,280] {scheduler_job.py:629} INFO - Processing file /Users/harshittyagi/lil/de_env/lib/python3.8/site-packages/airflow/example_dags/example_latest_only_with_trigger.py for tasks to queue
[2020-12-20 05:02:00,281] {logging_mixin.py:103} INFO - [2020-12-20 05:02:00,281] {dagbag.py:440} INFO - Filling up the DagBag from /Users/harshittyagi/lil/de_env/lib/python3.8/site-packages/airflow/example_dags/example_latest_only_with_trigger.py
[2020-12-20 05:02:00,285] {scheduler_job.py:639} INFO - DAG(s) dict_keys(['latest_only_with_trigger']) retrieved from /Users/harshittyagi/lil/de_env/lib/python3.8/site-packages/airflow/example_dags/example_latest_only_with_trigger.py
[2020-12-20 05:02:00,285] {logging_mixin.py:103} INFO - [2020-12-20 05:02:00,285] {dag.py:1813} INFO - Sync 1 DAGs
[2020-12-20 05:02:00,309] {logging_mixin.py:103} INFO - [2020-12-20 05:02:00,309] {dag.py:2266} INFO - Setting next_dagrun for latest_only_with_trigger to 2020-12-17 00:00:00+00:00
[2020-12-20 05:02:00,321] {scheduler_job.py:189} INFO - Processing /Users/harshittyagi/lil/de_env/lib/python3.8/site-packages/airflow/example_dags/example_latest_only_with_trigger.py took 0.041 seconds
[2020-12-20 05:02:54,438] {scheduler_job.py:181} INFO - Started process (PID=61058) to work on /Users/harshittyagi/lil/de_env/lib/python3.8/site-packages/airflow/example_dags/example_latest_only_with_trigger.py
[2020-12-20 05:02:54,438] {scheduler_job.py:629} INFO - Processing file /Users/harshittyagi/lil/de_env/lib/python3.8/site-packages/airflow/example_dags/example_latest_only_with_trigger.py for tasks to queue
[2020-12-20 05:02:54,439] {logging_mixin.py:103} INFO - [2020-12-20 05:02:54,439] {dagbag.py:440} INFO - Filling up the DagBag from /Users/harshittyagi/lil/de_env/lib/python3.8/site-packages/airflow/example_dags/example_latest_only_with_trigger.py
[2020-12-20 05:02:54,443] {scheduler_job.py:639} INFO - DAG(s) dict_keys(['latest_only_with_trigger']) retrieved from /Users/harshittyagi/lil/de_env/lib/python3.8/site-packages/airflow/example_dags/example_latest_only_with_trigger.py
[2020-12-20 05:02:54,443] {logging_mixin.py:103} INFO - [2020-12-20 05:02:54,443] {dag.py:1813} INFO - Sync 1 DAGs
[2020-12-20 05:02:54,468] {logging_mixin.py:103} INFO - [2020-12-20 05:02:54,468] {dag.py:2266} INFO - Setting next_dagrun for latest_only_with_trigger to 2020-12-17 00:00:00+00:00
[2020-12-20 05:02:54,479] {scheduler_job.py:189} INFO - Processing /Users/harshittyagi/lil/de_env/lib/python3.8/site-packages/airflow/example_dags/example_latest_only_with_trigger.py took 0.041 seconds
[2020-12-20 05:03:48,634] {scheduler_job.py:181} INFO - Started process (PID=61342) to work on /Users/harshittyagi/lil/de_env/lib/python3.8/site-packages/airflow/example_dags/example_latest_only_with_trigger.py
[2020-12-20 05:03:48,634] {scheduler_job.py:629} INFO - Processing file /Users/harshittyagi/lil/de_env/lib/python3.8/site-packages/airflow/example_dags/example_latest_only_with_trigger.py for tasks to queue
[2020-12-20 05:03:48,634] {logging_mixin.py:103} INFO - [2020-12-20 05:03:48,634] {dagbag.py:440} INFO - Filling up the DagBag from /Users/harshittyagi/lil/de_env/lib/python3.8/site-packages/airflow/example_dags/example_latest_only_with_trigger.py
[2020-12-20 05:03:48,639] {scheduler_job.py:639} INFO - DAG(s) dict_keys(['latest_only_with_trigger']) retrieved from /Users/harshittyagi/lil/de_env/lib/python3.8/site-packages/airflow/example_dags/example_latest_only_with_trigger.py
[2020-12-20 05:03:48,639] {logging_mixin.py:103} INFO - [2020-12-20 05:03:48,639] {dag.py:1813} INFO - Sync 1 DAGs
[2020-12-20 05:03:48,663] {logging_mixin.py:103} INFO - [2020-12-20 05:03:48,663] {dag.py:2266} INFO - Setting next_dagrun for latest_only_with_trigger to 2020-12-17 00:00:00+00:00
[2020-12-20 05:03:48,676] {scheduler_job.py:189} INFO - Processing /Users/harshittyagi/lil/de_env/lib/python3.8/site-packages/airflow/example_dags/example_latest_only_with_trigger.py took 0.042 seconds
[2020-12-20 05:04:42,642] {scheduler_job.py:181} INFO - Started process (PID=61627) to work on /Users/harshittyagi/lil/de_env/lib/python3.8/site-packages/airflow/example_dags/example_latest_only_with_trigger.py
[2020-12-20 05:04:42,642] {scheduler_job.py:629} INFO - Processing file /Users/harshittyagi/lil/de_env/lib/python3.8/site-packages/airflow/example_dags/example_latest_only_with_trigger.py for tasks to queue
[2020-12-20 05:04:42,642] {logging_mixin.py:103} INFO - [2020-12-20 05:04:42,642] {dagbag.py:440} INFO - Filling up the DagBag from /Users/harshittyagi/lil/de_env/lib/python3.8/site-packages/airflow/example_dags/example_latest_only_with_trigger.py
[2020-12-20 05:04:42,647] {scheduler_job.py:639} INFO - DAG(s) dict_keys(['latest_only_with_trigger']) retrieved from /Users/harshittyagi/lil/de_env/lib/python3.8/site-packages/airflow/example_dags/example_latest_only_with_trigger.py
[2020-12-20 05:04:42,647] {logging_mixin.py:103} INFO - [2020-12-20 05:04:42,647] {dag.py:1813} INFO - Sync 1 DAGs
[2020-12-20 05:04:42,672] {logging_mixin.py:103} INFO - [2020-12-20 05:04:42,672] {dag.py:2266} INFO - Setting next_dagrun for latest_only_with_trigger to 2020-12-17 00:00:00+00:00
[2020-12-20 05:04:42,683] {scheduler_job.py:189} INFO - Processing /Users/harshittyagi/lil/de_env/lib/python3.8/site-packages/airflow/example_dags/example_latest_only_with_trigger.py took 0.041 seconds
[2020-12-20 05:05:36,344] {scheduler_job.py:181} INFO - Started process (PID=61912) to work on /Users/harshittyagi/lil/de_env/lib/python3.8/site-packages/airflow/example_dags/example_latest_only_with_trigger.py
[2020-12-20 05:05:36,344] {scheduler_job.py:629} INFO - Processing file /Users/harshittyagi/lil/de_env/lib/python3.8/site-packages/airflow/example_dags/example_latest_only_with_trigger.py for tasks to queue
[2020-12-20 05:05:36,345] {logging_mixin.py:103} INFO - [2020-12-20 05:05:36,345] {dagbag.py:440} INFO - Filling up the DagBag from /Users/harshittyagi/lil/de_env/lib/python3.8/site-packages/airflow/example_dags/example_latest_only_with_trigger.py
[2020-12-20 05:05:36,349] {scheduler_job.py:639} INFO - DAG(s) dict_keys(['latest_only_with_trigger']) retrieved from /Users/harshittyagi/lil/de_env/lib/python3.8/site-packages/airflow/example_dags/example_latest_only_with_trigger.py
[2020-12-20 05:05:36,349] {logging_mixin.py:103} INFO - [2020-12-20 05:05:36,349] {dag.py:1813} INFO - Sync 1 DAGs
[2020-12-20 05:05:36,374] {logging_mixin.py:103} INFO - [2020-12-20 05:05:36,374] {dag.py:2266} INFO - Setting next_dagrun for latest_only_with_trigger to 2020-12-17 00:00:00+00:00
[2020-12-20 05:05:36,381] {scheduler_job.py:189} INFO - Processing /Users/harshittyagi/lil/de_env/lib/python3.8/site-packages/airflow/example_dags/example_latest_only_with_trigger.py took 0.037 seconds
[2020-12-20 05:06:30,838] {scheduler_job.py:181} INFO - Started process (PID=62198) to work on /Users/harshittyagi/lil/de_env/lib/python3.8/site-packages/airflow/example_dags/example_latest_only_with_trigger.py
[2020-12-20 05:06:30,838] {scheduler_job.py:629} INFO - Processing file /Users/harshittyagi/lil/de_env/lib/python3.8/site-packages/airflow/example_dags/example_latest_only_with_trigger.py for tasks to queue
[2020-12-20 05:06:30,839] {logging_mixin.py:103} INFO - [2020-12-20 05:06:30,839] {dagbag.py:440} INFO - Filling up the DagBag from /Users/harshittyagi/lil/de_env/lib/python3.8/site-packages/airflow/example_dags/example_latest_only_with_trigger.py
[2020-12-20 05:06:30,844] {scheduler_job.py:639} INFO - DAG(s) dict_keys(['latest_only_with_trigger']) retrieved from /Users/harshittyagi/lil/de_env/lib/python3.8/site-packages/airflow/example_dags/example_latest_only_with_trigger.py
[2020-12-20 05:06:30,845] {logging_mixin.py:103} INFO - [2020-12-20 05:06:30,844] {dag.py:1813} INFO - Sync 1 DAGs
[2020-12-20 05:06:30,873] {logging_mixin.py:103} INFO - [2020-12-20 05:06:30,873] {dag.py:2266} INFO - Setting next_dagrun for latest_only_with_trigger to 2020-12-17 00:00:00+00:00
[2020-12-20 05:06:30,882] {scheduler_job.py:189} INFO - Processing /Users/harshittyagi/lil/de_env/lib/python3.8/site-packages/airflow/example_dags/example_latest_only_with_trigger.py took 0.044 seconds
[2020-12-20 05:07:24,092] {scheduler_job.py:181} INFO - Started process (PID=62480) to work on /Users/harshittyagi/lil/de_env/lib/python3.8/site-packages/airflow/example_dags/example_latest_only_with_trigger.py
[2020-12-20 05:07:24,092] {scheduler_job.py:629} INFO - Processing file /Users/harshittyagi/lil/de_env/lib/python3.8/site-packages/airflow/example_dags/example_latest_only_with_trigger.py for tasks to queue
[2020-12-20 05:07:24,092] {logging_mixin.py:103} INFO - [2020-12-20 05:07:24,092] {dagbag.py:440} INFO - Filling up the DagBag from /Users/harshittyagi/lil/de_env/lib/python3.8/site-packages/airflow/example_dags/example_latest_only_with_trigger.py
[2020-12-20 05:07:24,096] {scheduler_job.py:639} INFO - DAG(s) dict_keys(['latest_only_with_trigger']) retrieved from /Users/harshittyagi/lil/de_env/lib/python3.8/site-packages/airflow/example_dags/example_latest_only_with_trigger.py
[2020-12-20 05:07:24,097] {logging_mixin.py:103} INFO - [2020-12-20 05:07:24,096] {dag.py:1813} INFO - Sync 1 DAGs
[2020-12-20 05:07:24,120] {logging_mixin.py:103} INFO - [2020-12-20 05:07:24,120] {dag.py:2266} INFO - Setting next_dagrun for latest_only_with_trigger to 2020-12-17 00:00:00+00:00
[2020-12-20 05:07:24,128] {scheduler_job.py:189} INFO - Processing /Users/harshittyagi/lil/de_env/lib/python3.8/site-packages/airflow/example_dags/example_latest_only_with_trigger.py took 0.037 seconds
[2020-12-20 05:08:19,222] {scheduler_job.py:181} INFO - Started process (PID=62767) to work on /Users/harshittyagi/lil/de_env/lib/python3.8/site-packages/airflow/example_dags/example_latest_only_with_trigger.py
[2020-12-20 05:08:19,222] {scheduler_job.py:629} INFO - Processing file /Users/harshittyagi/lil/de_env/lib/python3.8/site-packages/airflow/example_dags/example_latest_only_with_trigger.py for tasks to queue
[2020-12-20 05:08:19,222] {logging_mixin.py:103} INFO - [2020-12-20 05:08:19,222] {dagbag.py:440} INFO - Filling up the DagBag from /Users/harshittyagi/lil/de_env/lib/python3.8/site-packages/airflow/example_dags/example_latest_only_with_trigger.py
[2020-12-20 05:08:19,227] {scheduler_job.py:639} INFO - DAG(s) dict_keys(['latest_only_with_trigger']) retrieved from /Users/harshittyagi/lil/de_env/lib/python3.8/site-packages/airflow/example_dags/example_latest_only_with_trigger.py
[2020-12-20 05:08:19,227] {logging_mixin.py:103} INFO - [2020-12-20 05:08:19,227] {dag.py:1813} INFO - Sync 1 DAGs
[2020-12-20 05:08:19,252] {logging_mixin.py:103} INFO - [2020-12-20 05:08:19,252] {dag.py:2266} INFO - Setting next_dagrun for latest_only_with_trigger to 2020-12-17 00:00:00+00:00
[2020-12-20 05:08:19,260] {scheduler_job.py:189} INFO - Processing /Users/harshittyagi/lil/de_env/lib/python3.8/site-packages/airflow/example_dags/example_latest_only_with_trigger.py took 0.039 seconds
[2020-12-20 05:09:13,289] {scheduler_job.py:181} INFO - Started process (PID=63056) to work on /Users/harshittyagi/lil/de_env/lib/python3.8/site-packages/airflow/example_dags/example_latest_only_with_trigger.py
[2020-12-20 05:09:13,290] {scheduler_job.py:629} INFO - Processing file /Users/harshittyagi/lil/de_env/lib/python3.8/site-packages/airflow/example_dags/example_latest_only_with_trigger.py for tasks to queue
[2020-12-20 05:09:13,290] {logging_mixin.py:103} INFO - [2020-12-20 05:09:13,290] {dagbag.py:440} INFO - Filling up the DagBag from /Users/harshittyagi/lil/de_env/lib/python3.8/site-packages/airflow/example_dags/example_latest_only_with_trigger.py
[2020-12-20 05:09:13,294] {scheduler_job.py:639} INFO - DAG(s) dict_keys(['latest_only_with_trigger']) retrieved from /Users/harshittyagi/lil/de_env/lib/python3.8/site-packages/airflow/example_dags/example_latest_only_with_trigger.py
[2020-12-20 05:09:13,295] {logging_mixin.py:103} INFO - [2020-12-20 05:09:13,294] {dag.py:1813} INFO - Sync 1 DAGs
[2020-12-20 05:09:13,319] {logging_mixin.py:103} INFO - [2020-12-20 05:09:13,319] {dag.py:2266} INFO - Setting next_dagrun for latest_only_with_trigger to 2020-12-17 00:00:00+00:00
[2020-12-20 05:09:13,330] {scheduler_job.py:189} INFO - Processing /Users/harshittyagi/lil/de_env/lib/python3.8/site-packages/airflow/example_dags/example_latest_only_with_trigger.py took 0.041 seconds
[2020-12-20 05:10:07,608] {scheduler_job.py:181} INFO - Started process (PID=63340) to work on /Users/harshittyagi/lil/de_env/lib/python3.8/site-packages/airflow/example_dags/example_latest_only_with_trigger.py
[2020-12-20 05:10:07,609] {scheduler_job.py:629} INFO - Processing file /Users/harshittyagi/lil/de_env/lib/python3.8/site-packages/airflow/example_dags/example_latest_only_with_trigger.py for tasks to queue
[2020-12-20 05:10:07,609] {logging_mixin.py:103} INFO - [2020-12-20 05:10:07,609] {dagbag.py:440} INFO - Filling up the DagBag from /Users/harshittyagi/lil/de_env/lib/python3.8/site-packages/airflow/example_dags/example_latest_only_with_trigger.py
[2020-12-20 05:10:07,613] {scheduler_job.py:639} INFO - DAG(s) dict_keys(['latest_only_with_trigger']) retrieved from /Users/harshittyagi/lil/de_env/lib/python3.8/site-packages/airflow/example_dags/example_latest_only_with_trigger.py
[2020-12-20 05:10:07,614] {logging_mixin.py:103} INFO - [2020-12-20 05:10:07,613] {dag.py:1813} INFO - Sync 1 DAGs
[2020-12-20 05:10:07,639] {logging_mixin.py:103} INFO - [2020-12-20 05:10:07,639] {dag.py:2266} INFO - Setting next_dagrun for latest_only_with_trigger to 2020-12-17 00:00:00+00:00
[2020-12-20 05:10:07,649] {scheduler_job.py:189} INFO - Processing /Users/harshittyagi/lil/de_env/lib/python3.8/site-packages/airflow/example_dags/example_latest_only_with_trigger.py took 0.042 seconds
[2020-12-20 05:11:01,887] {scheduler_job.py:181} INFO - Started process (PID=63625) to work on /Users/harshittyagi/lil/de_env/lib/python3.8/site-packages/airflow/example_dags/example_latest_only_with_trigger.py
[2020-12-20 05:11:01,887] {scheduler_job.py:629} INFO - Processing file /Users/harshittyagi/lil/de_env/lib/python3.8/site-packages/airflow/example_dags/example_latest_only_with_trigger.py for tasks to queue
[2020-12-20 05:11:01,888] {logging_mixin.py:103} INFO - [2020-12-20 05:11:01,887] {dagbag.py:440} INFO - Filling up the DagBag from /Users/harshittyagi/lil/de_env/lib/python3.8/site-packages/airflow/example_dags/example_latest_only_with_trigger.py
[2020-12-20 05:11:01,892] {scheduler_job.py:639} INFO - DAG(s) dict_keys(['latest_only_with_trigger']) retrieved from /Users/harshittyagi/lil/de_env/lib/python3.8/site-packages/airflow/example_dags/example_latest_only_with_trigger.py
[2020-12-20 05:11:01,893] {logging_mixin.py:103} INFO - [2020-12-20 05:11:01,893] {dag.py:1813} INFO - Sync 1 DAGs
[2020-12-20 05:11:01,921] {logging_mixin.py:103} INFO - [2020-12-20 05:11:01,921] {dag.py:2266} INFO - Setting next_dagrun for latest_only_with_trigger to 2020-12-17 00:00:00+00:00
[2020-12-20 05:11:01,930] {scheduler_job.py:189} INFO - Processing /Users/harshittyagi/lil/de_env/lib/python3.8/site-packages/airflow/example_dags/example_latest_only_with_trigger.py took 0.044 seconds
[2020-12-20 05:11:53,349] {scheduler_job.py:181} INFO - Started process (PID=63910) to work on /Users/harshittyagi/lil/de_env/lib/python3.8/site-packages/airflow/example_dags/example_latest_only_with_trigger.py
[2020-12-20 05:11:53,350] {scheduler_job.py:629} INFO - Processing file /Users/harshittyagi/lil/de_env/lib/python3.8/site-packages/airflow/example_dags/example_latest_only_with_trigger.py for tasks to queue
[2020-12-20 05:11:53,350] {logging_mixin.py:103} INFO - [2020-12-20 05:11:53,350] {dagbag.py:440} INFO - Filling up the DagBag from /Users/harshittyagi/lil/de_env/lib/python3.8/site-packages/airflow/example_dags/example_latest_only_with_trigger.py
[2020-12-20 05:11:53,354] {scheduler_job.py:639} INFO - DAG(s) dict_keys(['latest_only_with_trigger']) retrieved from /Users/harshittyagi/lil/de_env/lib/python3.8/site-packages/airflow/example_dags/example_latest_only_with_trigger.py
[2020-12-20 05:11:53,354] {logging_mixin.py:103} INFO - [2020-12-20 05:11:53,354] {dag.py:1813} INFO - Sync 1 DAGs
[2020-12-20 05:11:53,381] {logging_mixin.py:103} INFO - [2020-12-20 05:11:53,381] {dag.py:2266} INFO - Setting next_dagrun for latest_only_with_trigger to 2020-12-17 00:00:00+00:00
[2020-12-20 05:11:53,393] {scheduler_job.py:189} INFO - Processing /Users/harshittyagi/lil/de_env/lib/python3.8/site-packages/airflow/example_dags/example_latest_only_with_trigger.py took 0.044 seconds
[2020-12-20 05:12:47,052] {scheduler_job.py:181} INFO - Started process (PID=64193) to work on /Users/harshittyagi/lil/de_env/lib/python3.8/site-packages/airflow/example_dags/example_latest_only_with_trigger.py
[2020-12-20 05:12:47,053] {scheduler_job.py:629} INFO - Processing file /Users/harshittyagi/lil/de_env/lib/python3.8/site-packages/airflow/example_dags/example_latest_only_with_trigger.py for tasks to queue
[2020-12-20 05:12:47,053] {logging_mixin.py:103} INFO - [2020-12-20 05:12:47,053] {dagbag.py:440} INFO - Filling up the DagBag from /Users/harshittyagi/lil/de_env/lib/python3.8/site-packages/airflow/example_dags/example_latest_only_with_trigger.py
[2020-12-20 05:12:47,058] {scheduler_job.py:639} INFO - DAG(s) dict_keys(['latest_only_with_trigger']) retrieved from /Users/harshittyagi/lil/de_env/lib/python3.8/site-packages/airflow/example_dags/example_latest_only_with_trigger.py
[2020-12-20 05:12:47,058] {logging_mixin.py:103} INFO - [2020-12-20 05:12:47,058] {dag.py:1813} INFO - Sync 1 DAGs
[2020-12-20 05:12:47,085] {logging_mixin.py:103} INFO - [2020-12-20 05:12:47,085] {dag.py:2266} INFO - Setting next_dagrun for latest_only_with_trigger to 2020-12-17 00:00:00+00:00
[2020-12-20 05:12:47,092] {scheduler_job.py:189} INFO - Processing /Users/harshittyagi/lil/de_env/lib/python3.8/site-packages/airflow/example_dags/example_latest_only_with_trigger.py took 0.041 seconds
[2020-12-20 05:13:40,830] {scheduler_job.py:181} INFO - Started process (PID=64475) to work on /Users/harshittyagi/lil/de_env/lib/python3.8/site-packages/airflow/example_dags/example_latest_only_with_trigger.py
[2020-12-20 05:13:40,831] {scheduler_job.py:629} INFO - Processing file /Users/harshittyagi/lil/de_env/lib/python3.8/site-packages/airflow/example_dags/example_latest_only_with_trigger.py for tasks to queue
[2020-12-20 05:13:40,831] {logging_mixin.py:103} INFO - [2020-12-20 05:13:40,831] {dagbag.py:440} INFO - Filling up the DagBag from /Users/harshittyagi/lil/de_env/lib/python3.8/site-packages/airflow/example_dags/example_latest_only_with_trigger.py
[2020-12-20 05:13:40,836] {scheduler_job.py:639} INFO - DAG(s) dict_keys(['latest_only_with_trigger']) retrieved from /Users/harshittyagi/lil/de_env/lib/python3.8/site-packages/airflow/example_dags/example_latest_only_with_trigger.py
[2020-12-20 05:13:40,837] {logging_mixin.py:103} INFO - [2020-12-20 05:13:40,837] {dag.py:1813} INFO - Sync 1 DAGs
[2020-12-20 05:13:40,865] {logging_mixin.py:103} INFO - [2020-12-20 05:13:40,865] {dag.py:2266} INFO - Setting next_dagrun for latest_only_with_trigger to 2020-12-17 00:00:00+00:00
[2020-12-20 05:13:40,874] {scheduler_job.py:189} INFO - Processing /Users/harshittyagi/lil/de_env/lib/python3.8/site-packages/airflow/example_dags/example_latest_only_with_trigger.py took 0.044 seconds
[2020-12-20 05:14:34,725] {scheduler_job.py:181} INFO - Started process (PID=64759) to work on /Users/harshittyagi/lil/de_env/lib/python3.8/site-packages/airflow/example_dags/example_latest_only_with_trigger.py
[2020-12-20 05:14:34,725] {scheduler_job.py:629} INFO - Processing file /Users/harshittyagi/lil/de_env/lib/python3.8/site-packages/airflow/example_dags/example_latest_only_with_trigger.py for tasks to queue
[2020-12-20 05:14:34,726] {logging_mixin.py:103} INFO - [2020-12-20 05:14:34,725] {dagbag.py:440} INFO - Filling up the DagBag from /Users/harshittyagi/lil/de_env/lib/python3.8/site-packages/airflow/example_dags/example_latest_only_with_trigger.py
[2020-12-20 05:14:34,731] {scheduler_job.py:639} INFO - DAG(s) dict_keys(['latest_only_with_trigger']) retrieved from /Users/harshittyagi/lil/de_env/lib/python3.8/site-packages/airflow/example_dags/example_latest_only_with_trigger.py
[2020-12-20 05:14:34,731] {logging_mixin.py:103} INFO - [2020-12-20 05:14:34,731] {dag.py:1813} INFO - Sync 1 DAGs
[2020-12-20 05:14:34,759] {logging_mixin.py:103} INFO - [2020-12-20 05:14:34,759] {dag.py:2266} INFO - Setting next_dagrun for latest_only_with_trigger to 2020-12-17 00:00:00+00:00
[2020-12-20 05:14:34,768] {scheduler_job.py:189} INFO - Processing /Users/harshittyagi/lil/de_env/lib/python3.8/site-packages/airflow/example_dags/example_latest_only_with_trigger.py took 0.044 seconds
[2020-12-20 05:15:25,767] {scheduler_job.py:181} INFO - Started process (PID=65047) to work on /Users/harshittyagi/lil/de_env/lib/python3.8/site-packages/airflow/example_dags/example_latest_only_with_trigger.py
[2020-12-20 05:15:25,767] {scheduler_job.py:629} INFO - Processing file /Users/harshittyagi/lil/de_env/lib/python3.8/site-packages/airflow/example_dags/example_latest_only_with_trigger.py for tasks to queue
[2020-12-20 05:15:25,767] {logging_mixin.py:103} INFO - [2020-12-20 05:15:25,767] {dagbag.py:440} INFO - Filling up the DagBag from /Users/harshittyagi/lil/de_env/lib/python3.8/site-packages/airflow/example_dags/example_latest_only_with_trigger.py
[2020-12-20 05:15:25,772] {scheduler_job.py:639} INFO - DAG(s) dict_keys(['latest_only_with_trigger']) retrieved from /Users/harshittyagi/lil/de_env/lib/python3.8/site-packages/airflow/example_dags/example_latest_only_with_trigger.py
[2020-12-20 05:15:25,773] {logging_mixin.py:103} INFO - [2020-12-20 05:15:25,773] {dag.py:1813} INFO - Sync 1 DAGs
[2020-12-20 05:15:25,801] {logging_mixin.py:103} INFO - [2020-12-20 05:15:25,801] {dag.py:2266} INFO - Setting next_dagrun for latest_only_with_trigger to 2020-12-17 00:00:00+00:00
[2020-12-20 05:15:25,814] {scheduler_job.py:189} INFO - Processing /Users/harshittyagi/lil/de_env/lib/python3.8/site-packages/airflow/example_dags/example_latest_only_with_trigger.py took 0.047 seconds
[2020-12-20 05:16:19,498] {scheduler_job.py:181} INFO - Started process (PID=65328) to work on /Users/harshittyagi/lil/de_env/lib/python3.8/site-packages/airflow/example_dags/example_latest_only_with_trigger.py
[2020-12-20 05:16:19,498] {scheduler_job.py:629} INFO - Processing file /Users/harshittyagi/lil/de_env/lib/python3.8/site-packages/airflow/example_dags/example_latest_only_with_trigger.py for tasks to queue
[2020-12-20 05:16:19,498] {logging_mixin.py:103} INFO - [2020-12-20 05:16:19,498] {dagbag.py:440} INFO - Filling up the DagBag from /Users/harshittyagi/lil/de_env/lib/python3.8/site-packages/airflow/example_dags/example_latest_only_with_trigger.py
[2020-12-20 05:16:19,503] {scheduler_job.py:639} INFO - DAG(s) dict_keys(['latest_only_with_trigger']) retrieved from /Users/harshittyagi/lil/de_env/lib/python3.8/site-packages/airflow/example_dags/example_latest_only_with_trigger.py
[2020-12-20 05:16:19,504] {logging_mixin.py:103} INFO - [2020-12-20 05:16:19,503] {dag.py:1813} INFO - Sync 1 DAGs
[2020-12-20 05:16:19,529] {logging_mixin.py:103} INFO - [2020-12-20 05:16:19,529] {dag.py:2266} INFO - Setting next_dagrun for latest_only_with_trigger to 2020-12-17 00:00:00+00:00
[2020-12-20 05:16:19,539] {scheduler_job.py:189} INFO - Processing /Users/harshittyagi/lil/de_env/lib/python3.8/site-packages/airflow/example_dags/example_latest_only_with_trigger.py took 0.042 seconds
[2020-12-20 05:17:13,630] {scheduler_job.py:181} INFO - Started process (PID=65612) to work on /Users/harshittyagi/lil/de_env/lib/python3.8/site-packages/airflow/example_dags/example_latest_only_with_trigger.py
[2020-12-20 05:17:13,631] {scheduler_job.py:629} INFO - Processing file /Users/harshittyagi/lil/de_env/lib/python3.8/site-packages/airflow/example_dags/example_latest_only_with_trigger.py for tasks to queue
[2020-12-20 05:17:13,631] {logging_mixin.py:103} INFO - [2020-12-20 05:17:13,631] {dagbag.py:440} INFO - Filling up the DagBag from /Users/harshittyagi/lil/de_env/lib/python3.8/site-packages/airflow/example_dags/example_latest_only_with_trigger.py
[2020-12-20 05:17:13,635] {scheduler_job.py:639} INFO - DAG(s) dict_keys(['latest_only_with_trigger']) retrieved from /Users/harshittyagi/lil/de_env/lib/python3.8/site-packages/airflow/example_dags/example_latest_only_with_trigger.py
[2020-12-20 05:17:13,636] {logging_mixin.py:103} INFO - [2020-12-20 05:17:13,636] {dag.py:1813} INFO - Sync 1 DAGs
[2020-12-20 05:17:13,660] {logging_mixin.py:103} INFO - [2020-12-20 05:17:13,660] {dag.py:2266} INFO - Setting next_dagrun for latest_only_with_trigger to 2020-12-17 00:00:00+00:00
[2020-12-20 05:17:13,671] {scheduler_job.py:189} INFO - Processing /Users/harshittyagi/lil/de_env/lib/python3.8/site-packages/airflow/example_dags/example_latest_only_with_trigger.py took 0.041 seconds
[2020-12-20 05:18:07,477] {scheduler_job.py:181} INFO - Started process (PID=65898) to work on /Users/harshittyagi/lil/de_env/lib/python3.8/site-packages/airflow/example_dags/example_latest_only_with_trigger.py
[2020-12-20 05:18:07,477] {scheduler_job.py:629} INFO - Processing file /Users/harshittyagi/lil/de_env/lib/python3.8/site-packages/airflow/example_dags/example_latest_only_with_trigger.py for tasks to queue
[2020-12-20 05:18:07,478] {logging_mixin.py:103} INFO - [2020-12-20 05:18:07,477] {dagbag.py:440} INFO - Filling up the DagBag from /Users/harshittyagi/lil/de_env/lib/python3.8/site-packages/airflow/example_dags/example_latest_only_with_trigger.py
[2020-12-20 05:18:07,482] {scheduler_job.py:639} INFO - DAG(s) dict_keys(['latest_only_with_trigger']) retrieved from /Users/harshittyagi/lil/de_env/lib/python3.8/site-packages/airflow/example_dags/example_latest_only_with_trigger.py
[2020-12-20 05:18:07,482] {logging_mixin.py:103} INFO - [2020-12-20 05:18:07,482] {dag.py:1813} INFO - Sync 1 DAGs
[2020-12-20 05:18:07,507] {logging_mixin.py:103} INFO - [2020-12-20 05:18:07,506] {dag.py:2266} INFO - Setting next_dagrun for latest_only_with_trigger to 2020-12-17 00:00:00+00:00
[2020-12-20 05:18:07,514] {scheduler_job.py:189} INFO - Processing /Users/harshittyagi/lil/de_env/lib/python3.8/site-packages/airflow/example_dags/example_latest_only_with_trigger.py took 0.038 seconds
[2020-12-20 05:19:03,613] {scheduler_job.py:181} INFO - Started process (PID=66182) to work on /Users/harshittyagi/lil/de_env/lib/python3.8/site-packages/airflow/example_dags/example_latest_only_with_trigger.py
[2020-12-20 05:19:03,613] {scheduler_job.py:629} INFO - Processing file /Users/harshittyagi/lil/de_env/lib/python3.8/site-packages/airflow/example_dags/example_latest_only_with_trigger.py for tasks to queue
[2020-12-20 05:19:03,614] {logging_mixin.py:103} INFO - [2020-12-20 05:19:03,614] {dagbag.py:440} INFO - Filling up the DagBag from /Users/harshittyagi/lil/de_env/lib/python3.8/site-packages/airflow/example_dags/example_latest_only_with_trigger.py
[2020-12-20 05:19:03,619] {scheduler_job.py:639} INFO - DAG(s) dict_keys(['latest_only_with_trigger']) retrieved from /Users/harshittyagi/lil/de_env/lib/python3.8/site-packages/airflow/example_dags/example_latest_only_with_trigger.py
[2020-12-20 05:19:03,619] {logging_mixin.py:103} INFO - [2020-12-20 05:19:03,619] {dag.py:1813} INFO - Sync 1 DAGs
[2020-12-20 05:19:03,644] {logging_mixin.py:103} INFO - [2020-12-20 05:19:03,644] {dag.py:2266} INFO - Setting next_dagrun for latest_only_with_trigger to 2020-12-17 00:00:00+00:00
[2020-12-20 05:19:03,651] {scheduler_job.py:189} INFO - Processing /Users/harshittyagi/lil/de_env/lib/python3.8/site-packages/airflow/example_dags/example_latest_only_with_trigger.py took 0.038 seconds
[2020-12-20 05:19:57,815] {scheduler_job.py:181} INFO - Started process (PID=66472) to work on /Users/harshittyagi/lil/de_env/lib/python3.8/site-packages/airflow/example_dags/example_latest_only_with_trigger.py
[2020-12-20 05:19:57,816] {scheduler_job.py:629} INFO - Processing file /Users/harshittyagi/lil/de_env/lib/python3.8/site-packages/airflow/example_dags/example_latest_only_with_trigger.py for tasks to queue
[2020-12-20 05:19:57,816] {logging_mixin.py:103} INFO - [2020-12-20 05:19:57,816] {dagbag.py:440} INFO - Filling up the DagBag from /Users/harshittyagi/lil/de_env/lib/python3.8/site-packages/airflow/example_dags/example_latest_only_with_trigger.py
[2020-12-20 05:19:57,821] {scheduler_job.py:639} INFO - DAG(s) dict_keys(['latest_only_with_trigger']) retrieved from /Users/harshittyagi/lil/de_env/lib/python3.8/site-packages/airflow/example_dags/example_latest_only_with_trigger.py
[2020-12-20 05:19:57,822] {logging_mixin.py:103} INFO - [2020-12-20 05:19:57,821] {dag.py:1813} INFO - Sync 1 DAGs
[2020-12-20 05:19:57,849] {logging_mixin.py:103} INFO - [2020-12-20 05:19:57,849] {dag.py:2266} INFO - Setting next_dagrun for latest_only_with_trigger to 2020-12-17 00:00:00+00:00
[2020-12-20 05:19:57,861] {scheduler_job.py:189} INFO - Processing /Users/harshittyagi/lil/de_env/lib/python3.8/site-packages/airflow/example_dags/example_latest_only_with_trigger.py took 0.046 seconds
[2020-12-20 05:20:55,210] {scheduler_job.py:181} INFO - Started process (PID=66767) to work on /Users/harshittyagi/lil/de_env/lib/python3.8/site-packages/airflow/example_dags/example_latest_only_with_trigger.py
[2020-12-20 05:20:55,211] {scheduler_job.py:629} INFO - Processing file /Users/harshittyagi/lil/de_env/lib/python3.8/site-packages/airflow/example_dags/example_latest_only_with_trigger.py for tasks to queue
[2020-12-20 05:20:55,212] {logging_mixin.py:103} INFO - [2020-12-20 05:20:55,212] {dagbag.py:440} INFO - Filling up the DagBag from /Users/harshittyagi/lil/de_env/lib/python3.8/site-packages/airflow/example_dags/example_latest_only_with_trigger.py
[2020-12-20 05:20:55,217] {scheduler_job.py:639} INFO - DAG(s) dict_keys(['latest_only_with_trigger']) retrieved from /Users/harshittyagi/lil/de_env/lib/python3.8/site-packages/airflow/example_dags/example_latest_only_with_trigger.py
[2020-12-20 05:20:55,217] {logging_mixin.py:103} INFO - [2020-12-20 05:20:55,217] {dag.py:1813} INFO - Sync 1 DAGs
[2020-12-20 05:20:55,247] {logging_mixin.py:103} INFO - [2020-12-20 05:20:55,247] {dag.py:2266} INFO - Setting next_dagrun for latest_only_with_trigger to 2020-12-17 00:00:00+00:00
[2020-12-20 05:20:55,255] {scheduler_job.py:189} INFO - Processing /Users/harshittyagi/lil/de_env/lib/python3.8/site-packages/airflow/example_dags/example_latest_only_with_trigger.py took 0.046 seconds
[2020-12-20 05:21:50,672] {scheduler_job.py:181} INFO - Started process (PID=67052) to work on /Users/harshittyagi/lil/de_env/lib/python3.8/site-packages/airflow/example_dags/example_latest_only_with_trigger.py
[2020-12-20 05:21:50,672] {scheduler_job.py:629} INFO - Processing file /Users/harshittyagi/lil/de_env/lib/python3.8/site-packages/airflow/example_dags/example_latest_only_with_trigger.py for tasks to queue
[2020-12-20 05:21:50,673] {logging_mixin.py:103} INFO - [2020-12-20 05:21:50,673] {dagbag.py:440} INFO - Filling up the DagBag from /Users/harshittyagi/lil/de_env/lib/python3.8/site-packages/airflow/example_dags/example_latest_only_with_trigger.py
[2020-12-20 05:21:50,678] {scheduler_job.py:639} INFO - DAG(s) dict_keys(['latest_only_with_trigger']) retrieved from /Users/harshittyagi/lil/de_env/lib/python3.8/site-packages/airflow/example_dags/example_latest_only_with_trigger.py
[2020-12-20 05:21:50,678] {logging_mixin.py:103} INFO - [2020-12-20 05:21:50,678] {dag.py:1813} INFO - Sync 1 DAGs
[2020-12-20 05:21:50,706] {logging_mixin.py:103} INFO - [2020-12-20 05:21:50,706] {dag.py:2266} INFO - Setting next_dagrun for latest_only_with_trigger to 2020-12-17 00:00:00+00:00
[2020-12-20 05:21:50,718] {scheduler_job.py:189} INFO - Processing /Users/harshittyagi/lil/de_env/lib/python3.8/site-packages/airflow/example_dags/example_latest_only_with_trigger.py took 0.047 seconds
[2020-12-20 05:22:45,815] {scheduler_job.py:181} INFO - Started process (PID=67337) to work on /Users/harshittyagi/lil/de_env/lib/python3.8/site-packages/airflow/example_dags/example_latest_only_with_trigger.py
[2020-12-20 05:22:45,816] {scheduler_job.py:629} INFO - Processing file /Users/harshittyagi/lil/de_env/lib/python3.8/site-packages/airflow/example_dags/example_latest_only_with_trigger.py for tasks to queue
[2020-12-20 05:22:45,816] {logging_mixin.py:103} INFO - [2020-12-20 05:22:45,816] {dagbag.py:440} INFO - Filling up the DagBag from /Users/harshittyagi/lil/de_env/lib/python3.8/site-packages/airflow/example_dags/example_latest_only_with_trigger.py
[2020-12-20 05:22:45,820] {scheduler_job.py:639} INFO - DAG(s) dict_keys(['latest_only_with_trigger']) retrieved from /Users/harshittyagi/lil/de_env/lib/python3.8/site-packages/airflow/example_dags/example_latest_only_with_trigger.py
[2020-12-20 05:22:45,821] {logging_mixin.py:103} INFO - [2020-12-20 05:22:45,821] {dag.py:1813} INFO - Sync 1 DAGs
[2020-12-20 05:22:45,846] {logging_mixin.py:103} INFO - [2020-12-20 05:22:45,846] {dag.py:2266} INFO - Setting next_dagrun for latest_only_with_trigger to 2020-12-17 00:00:00+00:00
[2020-12-20 05:22:45,854] {scheduler_job.py:189} INFO - Processing /Users/harshittyagi/lil/de_env/lib/python3.8/site-packages/airflow/example_dags/example_latest_only_with_trigger.py took 0.039 seconds
[2020-12-20 05:23:40,958] {scheduler_job.py:181} INFO - Started process (PID=67627) to work on /Users/harshittyagi/lil/de_env/lib/python3.8/site-packages/airflow/example_dags/example_latest_only_with_trigger.py
[2020-12-20 05:23:40,958] {scheduler_job.py:629} INFO - Processing file /Users/harshittyagi/lil/de_env/lib/python3.8/site-packages/airflow/example_dags/example_latest_only_with_trigger.py for tasks to queue
[2020-12-20 05:23:40,958] {logging_mixin.py:103} INFO - [2020-12-20 05:23:40,958] {dagbag.py:440} INFO - Filling up the DagBag from /Users/harshittyagi/lil/de_env/lib/python3.8/site-packages/airflow/example_dags/example_latest_only_with_trigger.py
[2020-12-20 05:23:40,963] {scheduler_job.py:639} INFO - DAG(s) dict_keys(['latest_only_with_trigger']) retrieved from /Users/harshittyagi/lil/de_env/lib/python3.8/site-packages/airflow/example_dags/example_latest_only_with_trigger.py
[2020-12-20 05:23:40,964] {logging_mixin.py:103} INFO - [2020-12-20 05:23:40,964] {dag.py:1813} INFO - Sync 1 DAGs
[2020-12-20 05:23:40,992] {logging_mixin.py:103} INFO - [2020-12-20 05:23:40,992] {dag.py:2266} INFO - Setting next_dagrun for latest_only_with_trigger to 2020-12-17 00:00:00+00:00
[2020-12-20 05:23:41,001] {scheduler_job.py:189} INFO - Processing /Users/harshittyagi/lil/de_env/lib/python3.8/site-packages/airflow/example_dags/example_latest_only_with_trigger.py took 0.044 seconds
[2020-12-20 05:24:36,001] {scheduler_job.py:181} INFO - Started process (PID=67916) to work on /Users/harshittyagi/lil/de_env/lib/python3.8/site-packages/airflow/example_dags/example_latest_only_with_trigger.py
[2020-12-20 05:24:36,001] {scheduler_job.py:629} INFO - Processing file /Users/harshittyagi/lil/de_env/lib/python3.8/site-packages/airflow/example_dags/example_latest_only_with_trigger.py for tasks to queue
[2020-12-20 05:24:36,001] {logging_mixin.py:103} INFO - [2020-12-20 05:24:36,001] {dagbag.py:440} INFO - Filling up the DagBag from /Users/harshittyagi/lil/de_env/lib/python3.8/site-packages/airflow/example_dags/example_latest_only_with_trigger.py
[2020-12-20 05:24:36,006] {scheduler_job.py:639} INFO - DAG(s) dict_keys(['latest_only_with_trigger']) retrieved from /Users/harshittyagi/lil/de_env/lib/python3.8/site-packages/airflow/example_dags/example_latest_only_with_trigger.py
[2020-12-20 05:24:36,007] {logging_mixin.py:103} INFO - [2020-12-20 05:24:36,007] {dag.py:1813} INFO - Sync 1 DAGs
[2020-12-20 05:24:36,036] {logging_mixin.py:103} INFO - [2020-12-20 05:24:36,036] {dag.py:2266} INFO - Setting next_dagrun for latest_only_with_trigger to 2020-12-17 00:00:00+00:00
[2020-12-20 05:24:36,045] {scheduler_job.py:189} INFO - Processing /Users/harshittyagi/lil/de_env/lib/python3.8/site-packages/airflow/example_dags/example_latest_only_with_trigger.py took 0.045 seconds
[2020-12-20 05:25:31,085] {scheduler_job.py:181} INFO - Started process (PID=68203) to work on /Users/harshittyagi/lil/de_env/lib/python3.8/site-packages/airflow/example_dags/example_latest_only_with_trigger.py
[2020-12-20 05:25:31,085] {scheduler_job.py:629} INFO - Processing file /Users/harshittyagi/lil/de_env/lib/python3.8/site-packages/airflow/example_dags/example_latest_only_with_trigger.py for tasks to queue
[2020-12-20 05:25:31,085] {logging_mixin.py:103} INFO - [2020-12-20 05:25:31,085] {dagbag.py:440} INFO - Filling up the DagBag from /Users/harshittyagi/lil/de_env/lib/python3.8/site-packages/airflow/example_dags/example_latest_only_with_trigger.py
[2020-12-20 05:25:31,090] {scheduler_job.py:639} INFO - DAG(s) dict_keys(['latest_only_with_trigger']) retrieved from /Users/harshittyagi/lil/de_env/lib/python3.8/site-packages/airflow/example_dags/example_latest_only_with_trigger.py
[2020-12-20 05:25:31,091] {logging_mixin.py:103} INFO - [2020-12-20 05:25:31,091] {dag.py:1813} INFO - Sync 1 DAGs
[2020-12-20 05:25:31,119] {logging_mixin.py:103} INFO - [2020-12-20 05:25:31,119] {dag.py:2266} INFO - Setting next_dagrun for latest_only_with_trigger to 2020-12-17 00:00:00+00:00
[2020-12-20 05:25:31,128] {scheduler_job.py:189} INFO - Processing /Users/harshittyagi/lil/de_env/lib/python3.8/site-packages/airflow/example_dags/example_latest_only_with_trigger.py took 0.044 seconds
[2020-12-20 05:26:26,408] {scheduler_job.py:181} INFO - Started process (PID=68486) to work on /Users/harshittyagi/lil/de_env/lib/python3.8/site-packages/airflow/example_dags/example_latest_only_with_trigger.py
[2020-12-20 05:26:26,408] {scheduler_job.py:629} INFO - Processing file /Users/harshittyagi/lil/de_env/lib/python3.8/site-packages/airflow/example_dags/example_latest_only_with_trigger.py for tasks to queue
[2020-12-20 05:26:26,409] {logging_mixin.py:103} INFO - [2020-12-20 05:26:26,409] {dagbag.py:440} INFO - Filling up the DagBag from /Users/harshittyagi/lil/de_env/lib/python3.8/site-packages/airflow/example_dags/example_latest_only_with_trigger.py
[2020-12-20 05:26:26,414] {scheduler_job.py:639} INFO - DAG(s) dict_keys(['latest_only_with_trigger']) retrieved from /Users/harshittyagi/lil/de_env/lib/python3.8/site-packages/airflow/example_dags/example_latest_only_with_trigger.py
[2020-12-20 05:26:26,414] {logging_mixin.py:103} INFO - [2020-12-20 05:26:26,414] {dag.py:1813} INFO - Sync 1 DAGs
[2020-12-20 05:26:26,441] {logging_mixin.py:103} INFO - [2020-12-20 05:26:26,441] {dag.py:2266} INFO - Setting next_dagrun for latest_only_with_trigger to 2020-12-17 00:00:00+00:00
[2020-12-20 05:26:26,450] {scheduler_job.py:189} INFO - Processing /Users/harshittyagi/lil/de_env/lib/python3.8/site-packages/airflow/example_dags/example_latest_only_with_trigger.py took 0.042 seconds
[2020-12-20 05:27:22,147] {scheduler_job.py:181} INFO - Started process (PID=68774) to work on /Users/harshittyagi/lil/de_env/lib/python3.8/site-packages/airflow/example_dags/example_latest_only_with_trigger.py
[2020-12-20 05:27:22,148] {scheduler_job.py:629} INFO - Processing file /Users/harshittyagi/lil/de_env/lib/python3.8/site-packages/airflow/example_dags/example_latest_only_with_trigger.py for tasks to queue
[2020-12-20 05:27:22,149] {logging_mixin.py:103} INFO - [2020-12-20 05:27:22,149] {dagbag.py:440} INFO - Filling up the DagBag from /Users/harshittyagi/lil/de_env/lib/python3.8/site-packages/airflow/example_dags/example_latest_only_with_trigger.py
[2020-12-20 05:27:22,158] {scheduler_job.py:639} INFO - DAG(s) dict_keys(['latest_only_with_trigger']) retrieved from /Users/harshittyagi/lil/de_env/lib/python3.8/site-packages/airflow/example_dags/example_latest_only_with_trigger.py
[2020-12-20 05:27:22,159] {logging_mixin.py:103} INFO - [2020-12-20 05:27:22,158] {dag.py:1813} INFO - Sync 1 DAGs
[2020-12-20 05:27:22,189] {logging_mixin.py:103} INFO - [2020-12-20 05:27:22,189] {dag.py:2266} INFO - Setting next_dagrun for latest_only_with_trigger to 2020-12-17 00:00:00+00:00
[2020-12-20 05:27:22,198] {scheduler_job.py:189} INFO - Processing /Users/harshittyagi/lil/de_env/lib/python3.8/site-packages/airflow/example_dags/example_latest_only_with_trigger.py took 0.051 seconds
[2020-12-20 05:28:18,825] {scheduler_job.py:181} INFO - Started process (PID=69057) to work on /Users/harshittyagi/lil/de_env/lib/python3.8/site-packages/airflow/example_dags/example_latest_only_with_trigger.py
[2020-12-20 05:28:18,825] {scheduler_job.py:629} INFO - Processing file /Users/harshittyagi/lil/de_env/lib/python3.8/site-packages/airflow/example_dags/example_latest_only_with_trigger.py for tasks to queue
[2020-12-20 05:28:18,825] {logging_mixin.py:103} INFO - [2020-12-20 05:28:18,825] {dagbag.py:440} INFO - Filling up the DagBag from /Users/harshittyagi/lil/de_env/lib/python3.8/site-packages/airflow/example_dags/example_latest_only_with_trigger.py
[2020-12-20 05:28:18,829] {scheduler_job.py:639} INFO - DAG(s) dict_keys(['latest_only_with_trigger']) retrieved from /Users/harshittyagi/lil/de_env/lib/python3.8/site-packages/airflow/example_dags/example_latest_only_with_trigger.py
[2020-12-20 05:28:18,830] {logging_mixin.py:103} INFO - [2020-12-20 05:28:18,830] {dag.py:1813} INFO - Sync 1 DAGs
[2020-12-20 05:28:18,854] {logging_mixin.py:103} INFO - [2020-12-20 05:28:18,854] {dag.py:2266} INFO - Setting next_dagrun for latest_only_with_trigger to 2020-12-17 00:00:00+00:00
[2020-12-20 05:28:18,861] {scheduler_job.py:189} INFO - Processing /Users/harshittyagi/lil/de_env/lib/python3.8/site-packages/airflow/example_dags/example_latest_only_with_trigger.py took 0.037 seconds
[2020-12-20 05:29:12,698] {scheduler_job.py:181} INFO - Started process (PID=69344) to work on /Users/harshittyagi/lil/de_env/lib/python3.8/site-packages/airflow/example_dags/example_latest_only_with_trigger.py
[2020-12-20 05:29:12,698] {scheduler_job.py:629} INFO - Processing file /Users/harshittyagi/lil/de_env/lib/python3.8/site-packages/airflow/example_dags/example_latest_only_with_trigger.py for tasks to queue
[2020-12-20 05:29:12,698] {logging_mixin.py:103} INFO - [2020-12-20 05:29:12,698] {dagbag.py:440} INFO - Filling up the DagBag from /Users/harshittyagi/lil/de_env/lib/python3.8/site-packages/airflow/example_dags/example_latest_only_with_trigger.py
[2020-12-20 05:29:12,702] {scheduler_job.py:639} INFO - DAG(s) dict_keys(['latest_only_with_trigger']) retrieved from /Users/harshittyagi/lil/de_env/lib/python3.8/site-packages/airflow/example_dags/example_latest_only_with_trigger.py
[2020-12-20 05:29:12,703] {logging_mixin.py:103} INFO - [2020-12-20 05:29:12,703] {dag.py:1813} INFO - Sync 1 DAGs
[2020-12-20 05:29:12,727] {logging_mixin.py:103} INFO - [2020-12-20 05:29:12,727] {dag.py:2266} INFO - Setting next_dagrun for latest_only_with_trigger to 2020-12-17 00:00:00+00:00
[2020-12-20 05:29:12,738] {scheduler_job.py:189} INFO - Processing /Users/harshittyagi/lil/de_env/lib/python3.8/site-packages/airflow/example_dags/example_latest_only_with_trigger.py took 0.040 seconds
