[2020-12-20 04:41:54,953] {scheduler_job.py:181} INFO - Started process (PID=54464) to work on /Users/harshittyagi/lil/de_env/lib/python3.8/site-packages/airflow/example_dags/tutorial_taskflow_api_etl.py
[2020-12-20 04:41:54,953] {scheduler_job.py:629} INFO - Processing file /Users/harshittyagi/lil/de_env/lib/python3.8/site-packages/airflow/example_dags/tutorial_taskflow_api_etl.py for tasks to queue
[2020-12-20 04:41:54,953] {logging_mixin.py:103} INFO - [2020-12-20 04:41:54,953] {dagbag.py:440} INFO - Filling up the DagBag from /Users/harshittyagi/lil/de_env/lib/python3.8/site-packages/airflow/example_dags/tutorial_taskflow_api_etl.py
[2020-12-20 04:41:54,959] {scheduler_job.py:639} INFO - DAG(s) dict_keys(['tutorial_taskflow_api_etl']) retrieved from /Users/harshittyagi/lil/de_env/lib/python3.8/site-packages/airflow/example_dags/tutorial_taskflow_api_etl.py
[2020-12-20 04:41:54,960] {logging_mixin.py:103} INFO - [2020-12-20 04:41:54,960] {dag.py:1813} INFO - Sync 1 DAGs
[2020-12-20 04:41:54,988] {logging_mixin.py:103} INFO - [2020-12-20 04:41:54,988] {dag.py:2266} INFO - Setting next_dagrun for tutorial_taskflow_api_etl to None
[2020-12-20 04:41:54,999] {scheduler_job.py:189} INFO - Processing /Users/harshittyagi/lil/de_env/lib/python3.8/site-packages/airflow/example_dags/tutorial_taskflow_api_etl.py took 0.047 seconds
[2020-12-20 04:42:51,246] {scheduler_job.py:181} INFO - Started process (PID=54766) to work on /Users/harshittyagi/lil/de_env/lib/python3.8/site-packages/airflow/example_dags/tutorial_taskflow_api_etl.py
[2020-12-20 04:42:51,247] {scheduler_job.py:629} INFO - Processing file /Users/harshittyagi/lil/de_env/lib/python3.8/site-packages/airflow/example_dags/tutorial_taskflow_api_etl.py for tasks to queue
[2020-12-20 04:42:51,248] {logging_mixin.py:103} INFO - [2020-12-20 04:42:51,247] {dagbag.py:440} INFO - Filling up the DagBag from /Users/harshittyagi/lil/de_env/lib/python3.8/site-packages/airflow/example_dags/tutorial_taskflow_api_etl.py
[2020-12-20 04:42:51,254] {scheduler_job.py:639} INFO - DAG(s) dict_keys(['tutorial_taskflow_api_etl']) retrieved from /Users/harshittyagi/lil/de_env/lib/python3.8/site-packages/airflow/example_dags/tutorial_taskflow_api_etl.py
[2020-12-20 04:42:51,254] {logging_mixin.py:103} INFO - [2020-12-20 04:42:51,254] {dag.py:1813} INFO - Sync 1 DAGs
[2020-12-20 04:42:51,284] {logging_mixin.py:103} INFO - [2020-12-20 04:42:51,284] {dag.py:2266} INFO - Setting next_dagrun for tutorial_taskflow_api_etl to None
[2020-12-20 04:42:51,294] {scheduler_job.py:189} INFO - Processing /Users/harshittyagi/lil/de_env/lib/python3.8/site-packages/airflow/example_dags/tutorial_taskflow_api_etl.py took 0.048 seconds
[2020-12-20 04:43:49,143] {scheduler_job.py:181} INFO - Started process (PID=55064) to work on /Users/harshittyagi/lil/de_env/lib/python3.8/site-packages/airflow/example_dags/tutorial_taskflow_api_etl.py
[2020-12-20 04:43:49,144] {scheduler_job.py:629} INFO - Processing file /Users/harshittyagi/lil/de_env/lib/python3.8/site-packages/airflow/example_dags/tutorial_taskflow_api_etl.py for tasks to queue
[2020-12-20 04:43:49,145] {logging_mixin.py:103} INFO - [2020-12-20 04:43:49,145] {dagbag.py:440} INFO - Filling up the DagBag from /Users/harshittyagi/lil/de_env/lib/python3.8/site-packages/airflow/example_dags/tutorial_taskflow_api_etl.py
[2020-12-20 04:43:49,157] {scheduler_job.py:639} INFO - DAG(s) dict_keys(['tutorial_taskflow_api_etl']) retrieved from /Users/harshittyagi/lil/de_env/lib/python3.8/site-packages/airflow/example_dags/tutorial_taskflow_api_etl.py
[2020-12-20 04:43:49,158] {logging_mixin.py:103} INFO - [2020-12-20 04:43:49,157] {dag.py:1813} INFO - Sync 1 DAGs
[2020-12-20 04:43:49,204] {logging_mixin.py:103} INFO - [2020-12-20 04:43:49,204] {dag.py:2266} INFO - Setting next_dagrun for tutorial_taskflow_api_etl to None
[2020-12-20 04:43:49,220] {scheduler_job.py:189} INFO - Processing /Users/harshittyagi/lil/de_env/lib/python3.8/site-packages/airflow/example_dags/tutorial_taskflow_api_etl.py took 0.078 seconds
[2020-12-20 04:45:00,151] {scheduler_job.py:181} INFO - Started process (PID=55351) to work on /Users/harshittyagi/lil/de_env/lib/python3.8/site-packages/airflow/example_dags/tutorial_taskflow_api_etl.py
[2020-12-20 04:45:00,151] {scheduler_job.py:629} INFO - Processing file /Users/harshittyagi/lil/de_env/lib/python3.8/site-packages/airflow/example_dags/tutorial_taskflow_api_etl.py for tasks to queue
[2020-12-20 04:45:00,151] {logging_mixin.py:103} INFO - [2020-12-20 04:45:00,151] {dagbag.py:440} INFO - Filling up the DagBag from /Users/harshittyagi/lil/de_env/lib/python3.8/site-packages/airflow/example_dags/tutorial_taskflow_api_etl.py
[2020-12-20 04:45:00,157] {scheduler_job.py:639} INFO - DAG(s) dict_keys(['tutorial_taskflow_api_etl']) retrieved from /Users/harshittyagi/lil/de_env/lib/python3.8/site-packages/airflow/example_dags/tutorial_taskflow_api_etl.py
[2020-12-20 04:45:00,158] {logging_mixin.py:103} INFO - [2020-12-20 04:45:00,158] {dag.py:1813} INFO - Sync 1 DAGs
[2020-12-20 04:45:00,187] {logging_mixin.py:103} INFO - [2020-12-20 04:45:00,187] {dag.py:2266} INFO - Setting next_dagrun for tutorial_taskflow_api_etl to None
[2020-12-20 04:45:00,198] {scheduler_job.py:189} INFO - Processing /Users/harshittyagi/lil/de_env/lib/python3.8/site-packages/airflow/example_dags/tutorial_taskflow_api_etl.py took 0.048 seconds
[2020-12-20 04:45:52,778] {scheduler_job.py:181} INFO - Started process (PID=55642) to work on /Users/harshittyagi/lil/de_env/lib/python3.8/site-packages/airflow/example_dags/tutorial_taskflow_api_etl.py
[2020-12-20 04:45:52,778] {scheduler_job.py:629} INFO - Processing file /Users/harshittyagi/lil/de_env/lib/python3.8/site-packages/airflow/example_dags/tutorial_taskflow_api_etl.py for tasks to queue
[2020-12-20 04:45:52,779] {logging_mixin.py:103} INFO - [2020-12-20 04:45:52,779] {dagbag.py:440} INFO - Filling up the DagBag from /Users/harshittyagi/lil/de_env/lib/python3.8/site-packages/airflow/example_dags/tutorial_taskflow_api_etl.py
[2020-12-20 04:45:52,785] {scheduler_job.py:639} INFO - DAG(s) dict_keys(['tutorial_taskflow_api_etl']) retrieved from /Users/harshittyagi/lil/de_env/lib/python3.8/site-packages/airflow/example_dags/tutorial_taskflow_api_etl.py
[2020-12-20 04:45:52,786] {logging_mixin.py:103} INFO - [2020-12-20 04:45:52,786] {dag.py:1813} INFO - Sync 1 DAGs
[2020-12-20 04:45:52,817] {logging_mixin.py:103} INFO - [2020-12-20 04:45:52,817] {dag.py:2266} INFO - Setting next_dagrun for tutorial_taskflow_api_etl to None
[2020-12-20 04:45:52,828] {scheduler_job.py:189} INFO - Processing /Users/harshittyagi/lil/de_env/lib/python3.8/site-packages/airflow/example_dags/tutorial_taskflow_api_etl.py took 0.050 seconds
[2020-12-20 04:46:46,935] {scheduler_job.py:181} INFO - Started process (PID=55924) to work on /Users/harshittyagi/lil/de_env/lib/python3.8/site-packages/airflow/example_dags/tutorial_taskflow_api_etl.py
[2020-12-20 04:46:46,935] {scheduler_job.py:629} INFO - Processing file /Users/harshittyagi/lil/de_env/lib/python3.8/site-packages/airflow/example_dags/tutorial_taskflow_api_etl.py for tasks to queue
[2020-12-20 04:46:46,936] {logging_mixin.py:103} INFO - [2020-12-20 04:46:46,936] {dagbag.py:440} INFO - Filling up the DagBag from /Users/harshittyagi/lil/de_env/lib/python3.8/site-packages/airflow/example_dags/tutorial_taskflow_api_etl.py
[2020-12-20 04:46:46,941] {scheduler_job.py:639} INFO - DAG(s) dict_keys(['tutorial_taskflow_api_etl']) retrieved from /Users/harshittyagi/lil/de_env/lib/python3.8/site-packages/airflow/example_dags/tutorial_taskflow_api_etl.py
[2020-12-20 04:46:46,941] {logging_mixin.py:103} INFO - [2020-12-20 04:46:46,941] {dag.py:1813} INFO - Sync 1 DAGs
[2020-12-20 04:46:46,965] {logging_mixin.py:103} INFO - [2020-12-20 04:46:46,965] {dag.py:2266} INFO - Setting next_dagrun for tutorial_taskflow_api_etl to None
[2020-12-20 04:46:46,974] {scheduler_job.py:189} INFO - Processing /Users/harshittyagi/lil/de_env/lib/python3.8/site-packages/airflow/example_dags/tutorial_taskflow_api_etl.py took 0.039 seconds
[2020-12-20 04:47:40,391] {scheduler_job.py:181} INFO - Started process (PID=56208) to work on /Users/harshittyagi/lil/de_env/lib/python3.8/site-packages/airflow/example_dags/tutorial_taskflow_api_etl.py
[2020-12-20 04:47:40,391] {scheduler_job.py:629} INFO - Processing file /Users/harshittyagi/lil/de_env/lib/python3.8/site-packages/airflow/example_dags/tutorial_taskflow_api_etl.py for tasks to queue
[2020-12-20 04:47:40,391] {logging_mixin.py:103} INFO - [2020-12-20 04:47:40,391] {dagbag.py:440} INFO - Filling up the DagBag from /Users/harshittyagi/lil/de_env/lib/python3.8/site-packages/airflow/example_dags/tutorial_taskflow_api_etl.py
[2020-12-20 04:47:40,396] {scheduler_job.py:639} INFO - DAG(s) dict_keys(['tutorial_taskflow_api_etl']) retrieved from /Users/harshittyagi/lil/de_env/lib/python3.8/site-packages/airflow/example_dags/tutorial_taskflow_api_etl.py
[2020-12-20 04:47:40,396] {logging_mixin.py:103} INFO - [2020-12-20 04:47:40,396] {dag.py:1813} INFO - Sync 1 DAGs
[2020-12-20 04:47:40,421] {logging_mixin.py:103} INFO - [2020-12-20 04:47:40,421] {dag.py:2266} INFO - Setting next_dagrun for tutorial_taskflow_api_etl to None
[2020-12-20 04:47:40,431] {scheduler_job.py:189} INFO - Processing /Users/harshittyagi/lil/de_env/lib/python3.8/site-packages/airflow/example_dags/tutorial_taskflow_api_etl.py took 0.041 seconds
[2020-12-20 04:48:34,091] {scheduler_job.py:181} INFO - Started process (PID=56496) to work on /Users/harshittyagi/lil/de_env/lib/python3.8/site-packages/airflow/example_dags/tutorial_taskflow_api_etl.py
[2020-12-20 04:48:34,092] {scheduler_job.py:629} INFO - Processing file /Users/harshittyagi/lil/de_env/lib/python3.8/site-packages/airflow/example_dags/tutorial_taskflow_api_etl.py for tasks to queue
[2020-12-20 04:48:34,092] {logging_mixin.py:103} INFO - [2020-12-20 04:48:34,092] {dagbag.py:440} INFO - Filling up the DagBag from /Users/harshittyagi/lil/de_env/lib/python3.8/site-packages/airflow/example_dags/tutorial_taskflow_api_etl.py
[2020-12-20 04:48:34,097] {scheduler_job.py:639} INFO - DAG(s) dict_keys(['tutorial_taskflow_api_etl']) retrieved from /Users/harshittyagi/lil/de_env/lib/python3.8/site-packages/airflow/example_dags/tutorial_taskflow_api_etl.py
[2020-12-20 04:48:34,097] {logging_mixin.py:103} INFO - [2020-12-20 04:48:34,097] {dag.py:1813} INFO - Sync 1 DAGs
[2020-12-20 04:48:34,122] {logging_mixin.py:103} INFO - [2020-12-20 04:48:34,122] {dag.py:2266} INFO - Setting next_dagrun for tutorial_taskflow_api_etl to None
[2020-12-20 04:48:34,132] {scheduler_job.py:189} INFO - Processing /Users/harshittyagi/lil/de_env/lib/python3.8/site-packages/airflow/example_dags/tutorial_taskflow_api_etl.py took 0.041 seconds
[2020-12-20 04:49:27,525] {scheduler_job.py:181} INFO - Started process (PID=56780) to work on /Users/harshittyagi/lil/de_env/lib/python3.8/site-packages/airflow/example_dags/tutorial_taskflow_api_etl.py
[2020-12-20 04:49:27,525] {scheduler_job.py:629} INFO - Processing file /Users/harshittyagi/lil/de_env/lib/python3.8/site-packages/airflow/example_dags/tutorial_taskflow_api_etl.py for tasks to queue
[2020-12-20 04:49:27,526] {logging_mixin.py:103} INFO - [2020-12-20 04:49:27,526] {dagbag.py:440} INFO - Filling up the DagBag from /Users/harshittyagi/lil/de_env/lib/python3.8/site-packages/airflow/example_dags/tutorial_taskflow_api_etl.py
[2020-12-20 04:49:27,530] {scheduler_job.py:639} INFO - DAG(s) dict_keys(['tutorial_taskflow_api_etl']) retrieved from /Users/harshittyagi/lil/de_env/lib/python3.8/site-packages/airflow/example_dags/tutorial_taskflow_api_etl.py
[2020-12-20 04:49:27,531] {logging_mixin.py:103} INFO - [2020-12-20 04:49:27,531] {dag.py:1813} INFO - Sync 1 DAGs
[2020-12-20 04:49:27,555] {logging_mixin.py:103} INFO - [2020-12-20 04:49:27,555] {dag.py:2266} INFO - Setting next_dagrun for tutorial_taskflow_api_etl to None
[2020-12-20 04:49:27,564] {scheduler_job.py:189} INFO - Processing /Users/harshittyagi/lil/de_env/lib/python3.8/site-packages/airflow/example_dags/tutorial_taskflow_api_etl.py took 0.040 seconds
[2020-12-20 04:50:21,315] {scheduler_job.py:181} INFO - Started process (PID=57066) to work on /Users/harshittyagi/lil/de_env/lib/python3.8/site-packages/airflow/example_dags/tutorial_taskflow_api_etl.py
[2020-12-20 04:50:21,315] {scheduler_job.py:629} INFO - Processing file /Users/harshittyagi/lil/de_env/lib/python3.8/site-packages/airflow/example_dags/tutorial_taskflow_api_etl.py for tasks to queue
[2020-12-20 04:50:21,316] {logging_mixin.py:103} INFO - [2020-12-20 04:50:21,316] {dagbag.py:440} INFO - Filling up the DagBag from /Users/harshittyagi/lil/de_env/lib/python3.8/site-packages/airflow/example_dags/tutorial_taskflow_api_etl.py
[2020-12-20 04:50:21,321] {scheduler_job.py:639} INFO - DAG(s) dict_keys(['tutorial_taskflow_api_etl']) retrieved from /Users/harshittyagi/lil/de_env/lib/python3.8/site-packages/airflow/example_dags/tutorial_taskflow_api_etl.py
[2020-12-20 04:50:21,321] {logging_mixin.py:103} INFO - [2020-12-20 04:50:21,321] {dag.py:1813} INFO - Sync 1 DAGs
[2020-12-20 04:50:21,346] {logging_mixin.py:103} INFO - [2020-12-20 04:50:21,346] {dag.py:2266} INFO - Setting next_dagrun for tutorial_taskflow_api_etl to None
[2020-12-20 04:50:21,357] {scheduler_job.py:189} INFO - Processing /Users/harshittyagi/lil/de_env/lib/python3.8/site-packages/airflow/example_dags/tutorial_taskflow_api_etl.py took 0.042 seconds
[2020-12-20 04:51:15,078] {scheduler_job.py:181} INFO - Started process (PID=57348) to work on /Users/harshittyagi/lil/de_env/lib/python3.8/site-packages/airflow/example_dags/tutorial_taskflow_api_etl.py
[2020-12-20 04:51:15,078] {scheduler_job.py:629} INFO - Processing file /Users/harshittyagi/lil/de_env/lib/python3.8/site-packages/airflow/example_dags/tutorial_taskflow_api_etl.py for tasks to queue
[2020-12-20 04:51:15,078] {logging_mixin.py:103} INFO - [2020-12-20 04:51:15,078] {dagbag.py:440} INFO - Filling up the DagBag from /Users/harshittyagi/lil/de_env/lib/python3.8/site-packages/airflow/example_dags/tutorial_taskflow_api_etl.py
[2020-12-20 04:51:15,083] {scheduler_job.py:639} INFO - DAG(s) dict_keys(['tutorial_taskflow_api_etl']) retrieved from /Users/harshittyagi/lil/de_env/lib/python3.8/site-packages/airflow/example_dags/tutorial_taskflow_api_etl.py
[2020-12-20 04:51:15,084] {logging_mixin.py:103} INFO - [2020-12-20 04:51:15,083] {dag.py:1813} INFO - Sync 1 DAGs
[2020-12-20 04:51:15,108] {logging_mixin.py:103} INFO - [2020-12-20 04:51:15,108] {dag.py:2266} INFO - Setting next_dagrun for tutorial_taskflow_api_etl to None
[2020-12-20 04:51:15,118] {scheduler_job.py:189} INFO - Processing /Users/harshittyagi/lil/de_env/lib/python3.8/site-packages/airflow/example_dags/tutorial_taskflow_api_etl.py took 0.041 seconds
[2020-12-20 04:52:06,149] {scheduler_job.py:181} INFO - Started process (PID=57633) to work on /Users/harshittyagi/lil/de_env/lib/python3.8/site-packages/airflow/example_dags/tutorial_taskflow_api_etl.py
[2020-12-20 04:52:06,149] {scheduler_job.py:629} INFO - Processing file /Users/harshittyagi/lil/de_env/lib/python3.8/site-packages/airflow/example_dags/tutorial_taskflow_api_etl.py for tasks to queue
[2020-12-20 04:52:06,149] {logging_mixin.py:103} INFO - [2020-12-20 04:52:06,149] {dagbag.py:440} INFO - Filling up the DagBag from /Users/harshittyagi/lil/de_env/lib/python3.8/site-packages/airflow/example_dags/tutorial_taskflow_api_etl.py
[2020-12-20 04:52:06,154] {scheduler_job.py:639} INFO - DAG(s) dict_keys(['tutorial_taskflow_api_etl']) retrieved from /Users/harshittyagi/lil/de_env/lib/python3.8/site-packages/airflow/example_dags/tutorial_taskflow_api_etl.py
[2020-12-20 04:52:06,154] {logging_mixin.py:103} INFO - [2020-12-20 04:52:06,154] {dag.py:1813} INFO - Sync 1 DAGs
[2020-12-20 04:52:06,179] {logging_mixin.py:103} INFO - [2020-12-20 04:52:06,179] {dag.py:2266} INFO - Setting next_dagrun for tutorial_taskflow_api_etl to None
[2020-12-20 04:52:06,188] {scheduler_job.py:189} INFO - Processing /Users/harshittyagi/lil/de_env/lib/python3.8/site-packages/airflow/example_dags/tutorial_taskflow_api_etl.py took 0.040 seconds
[2020-12-20 04:52:59,263] {scheduler_job.py:181} INFO - Started process (PID=57922) to work on /Users/harshittyagi/lil/de_env/lib/python3.8/site-packages/airflow/example_dags/tutorial_taskflow_api_etl.py
[2020-12-20 04:52:59,263] {scheduler_job.py:629} INFO - Processing file /Users/harshittyagi/lil/de_env/lib/python3.8/site-packages/airflow/example_dags/tutorial_taskflow_api_etl.py for tasks to queue
[2020-12-20 04:52:59,263] {logging_mixin.py:103} INFO - [2020-12-20 04:52:59,263] {dagbag.py:440} INFO - Filling up the DagBag from /Users/harshittyagi/lil/de_env/lib/python3.8/site-packages/airflow/example_dags/tutorial_taskflow_api_etl.py
[2020-12-20 04:52:59,268] {scheduler_job.py:639} INFO - DAG(s) dict_keys(['tutorial_taskflow_api_etl']) retrieved from /Users/harshittyagi/lil/de_env/lib/python3.8/site-packages/airflow/example_dags/tutorial_taskflow_api_etl.py
[2020-12-20 04:52:59,269] {logging_mixin.py:103} INFO - [2020-12-20 04:52:59,269] {dag.py:1813} INFO - Sync 1 DAGs
[2020-12-20 04:52:59,293] {logging_mixin.py:103} INFO - [2020-12-20 04:52:59,293] {dag.py:2266} INFO - Setting next_dagrun for tutorial_taskflow_api_etl to None
[2020-12-20 04:52:59,303] {scheduler_job.py:189} INFO - Processing /Users/harshittyagi/lil/de_env/lib/python3.8/site-packages/airflow/example_dags/tutorial_taskflow_api_etl.py took 0.041 seconds
[2020-12-20 04:53:53,456] {scheduler_job.py:181} INFO - Started process (PID=58208) to work on /Users/harshittyagi/lil/de_env/lib/python3.8/site-packages/airflow/example_dags/tutorial_taskflow_api_etl.py
[2020-12-20 04:53:53,456] {scheduler_job.py:629} INFO - Processing file /Users/harshittyagi/lil/de_env/lib/python3.8/site-packages/airflow/example_dags/tutorial_taskflow_api_etl.py for tasks to queue
[2020-12-20 04:53:53,457] {logging_mixin.py:103} INFO - [2020-12-20 04:53:53,457] {dagbag.py:440} INFO - Filling up the DagBag from /Users/harshittyagi/lil/de_env/lib/python3.8/site-packages/airflow/example_dags/tutorial_taskflow_api_etl.py
[2020-12-20 04:53:53,462] {scheduler_job.py:639} INFO - DAG(s) dict_keys(['tutorial_taskflow_api_etl']) retrieved from /Users/harshittyagi/lil/de_env/lib/python3.8/site-packages/airflow/example_dags/tutorial_taskflow_api_etl.py
[2020-12-20 04:53:53,463] {logging_mixin.py:103} INFO - [2020-12-20 04:53:53,463] {dag.py:1813} INFO - Sync 1 DAGs
[2020-12-20 04:53:53,488] {logging_mixin.py:103} INFO - [2020-12-20 04:53:53,488] {dag.py:2266} INFO - Setting next_dagrun for tutorial_taskflow_api_etl to None
[2020-12-20 04:53:53,497] {scheduler_job.py:189} INFO - Processing /Users/harshittyagi/lil/de_env/lib/python3.8/site-packages/airflow/example_dags/tutorial_taskflow_api_etl.py took 0.042 seconds
[2020-12-20 04:54:47,455] {scheduler_job.py:181} INFO - Started process (PID=58500) to work on /Users/harshittyagi/lil/de_env/lib/python3.8/site-packages/airflow/example_dags/tutorial_taskflow_api_etl.py
[2020-12-20 04:54:47,455] {scheduler_job.py:629} INFO - Processing file /Users/harshittyagi/lil/de_env/lib/python3.8/site-packages/airflow/example_dags/tutorial_taskflow_api_etl.py for tasks to queue
[2020-12-20 04:54:47,456] {logging_mixin.py:103} INFO - [2020-12-20 04:54:47,455] {dagbag.py:440} INFO - Filling up the DagBag from /Users/harshittyagi/lil/de_env/lib/python3.8/site-packages/airflow/example_dags/tutorial_taskflow_api_etl.py
[2020-12-20 04:54:47,461] {scheduler_job.py:639} INFO - DAG(s) dict_keys(['tutorial_taskflow_api_etl']) retrieved from /Users/harshittyagi/lil/de_env/lib/python3.8/site-packages/airflow/example_dags/tutorial_taskflow_api_etl.py
[2020-12-20 04:54:47,461] {logging_mixin.py:103} INFO - [2020-12-20 04:54:47,461] {dag.py:1813} INFO - Sync 1 DAGs
[2020-12-20 04:54:47,485] {logging_mixin.py:103} INFO - [2020-12-20 04:54:47,485] {dag.py:2266} INFO - Setting next_dagrun for tutorial_taskflow_api_etl to None
[2020-12-20 04:54:47,495] {scheduler_job.py:189} INFO - Processing /Users/harshittyagi/lil/de_env/lib/python3.8/site-packages/airflow/example_dags/tutorial_taskflow_api_etl.py took 0.040 seconds
[2020-12-20 04:55:41,800] {scheduler_job.py:181} INFO - Started process (PID=58781) to work on /Users/harshittyagi/lil/de_env/lib/python3.8/site-packages/airflow/example_dags/tutorial_taskflow_api_etl.py
[2020-12-20 04:55:41,800] {scheduler_job.py:629} INFO - Processing file /Users/harshittyagi/lil/de_env/lib/python3.8/site-packages/airflow/example_dags/tutorial_taskflow_api_etl.py for tasks to queue
[2020-12-20 04:55:41,801] {logging_mixin.py:103} INFO - [2020-12-20 04:55:41,801] {dagbag.py:440} INFO - Filling up the DagBag from /Users/harshittyagi/lil/de_env/lib/python3.8/site-packages/airflow/example_dags/tutorial_taskflow_api_etl.py
[2020-12-20 04:55:41,805] {scheduler_job.py:639} INFO - DAG(s) dict_keys(['tutorial_taskflow_api_etl']) retrieved from /Users/harshittyagi/lil/de_env/lib/python3.8/site-packages/airflow/example_dags/tutorial_taskflow_api_etl.py
[2020-12-20 04:55:41,806] {logging_mixin.py:103} INFO - [2020-12-20 04:55:41,806] {dag.py:1813} INFO - Sync 1 DAGs
[2020-12-20 04:55:41,833] {logging_mixin.py:103} INFO - [2020-12-20 04:55:41,833] {dag.py:2266} INFO - Setting next_dagrun for tutorial_taskflow_api_etl to None
[2020-12-20 04:55:41,843] {scheduler_job.py:189} INFO - Processing /Users/harshittyagi/lil/de_env/lib/python3.8/site-packages/airflow/example_dags/tutorial_taskflow_api_etl.py took 0.043 seconds
[2020-12-20 04:56:35,714] {scheduler_job.py:181} INFO - Started process (PID=59063) to work on /Users/harshittyagi/lil/de_env/lib/python3.8/site-packages/airflow/example_dags/tutorial_taskflow_api_etl.py
[2020-12-20 04:56:35,714] {scheduler_job.py:629} INFO - Processing file /Users/harshittyagi/lil/de_env/lib/python3.8/site-packages/airflow/example_dags/tutorial_taskflow_api_etl.py for tasks to queue
[2020-12-20 04:56:35,715] {logging_mixin.py:103} INFO - [2020-12-20 04:56:35,715] {dagbag.py:440} INFO - Filling up the DagBag from /Users/harshittyagi/lil/de_env/lib/python3.8/site-packages/airflow/example_dags/tutorial_taskflow_api_etl.py
[2020-12-20 04:56:35,721] {scheduler_job.py:639} INFO - DAG(s) dict_keys(['tutorial_taskflow_api_etl']) retrieved from /Users/harshittyagi/lil/de_env/lib/python3.8/site-packages/airflow/example_dags/tutorial_taskflow_api_etl.py
[2020-12-20 04:56:35,721] {logging_mixin.py:103} INFO - [2020-12-20 04:56:35,721] {dag.py:1813} INFO - Sync 1 DAGs
[2020-12-20 04:56:35,750] {logging_mixin.py:103} INFO - [2020-12-20 04:56:35,750] {dag.py:2266} INFO - Setting next_dagrun for tutorial_taskflow_api_etl to None
[2020-12-20 04:56:35,761] {scheduler_job.py:189} INFO - Processing /Users/harshittyagi/lil/de_env/lib/python3.8/site-packages/airflow/example_dags/tutorial_taskflow_api_etl.py took 0.048 seconds
[2020-12-20 04:57:29,620] {scheduler_job.py:181} INFO - Started process (PID=59347) to work on /Users/harshittyagi/lil/de_env/lib/python3.8/site-packages/airflow/example_dags/tutorial_taskflow_api_etl.py
[2020-12-20 04:57:29,621] {scheduler_job.py:629} INFO - Processing file /Users/harshittyagi/lil/de_env/lib/python3.8/site-packages/airflow/example_dags/tutorial_taskflow_api_etl.py for tasks to queue
[2020-12-20 04:57:29,621] {logging_mixin.py:103} INFO - [2020-12-20 04:57:29,621] {dagbag.py:440} INFO - Filling up the DagBag from /Users/harshittyagi/lil/de_env/lib/python3.8/site-packages/airflow/example_dags/tutorial_taskflow_api_etl.py
[2020-12-20 04:57:29,626] {scheduler_job.py:639} INFO - DAG(s) dict_keys(['tutorial_taskflow_api_etl']) retrieved from /Users/harshittyagi/lil/de_env/lib/python3.8/site-packages/airflow/example_dags/tutorial_taskflow_api_etl.py
[2020-12-20 04:57:29,626] {logging_mixin.py:103} INFO - [2020-12-20 04:57:29,626] {dag.py:1813} INFO - Sync 1 DAGs
[2020-12-20 04:57:29,651] {logging_mixin.py:103} INFO - [2020-12-20 04:57:29,651] {dag.py:2266} INFO - Setting next_dagrun for tutorial_taskflow_api_etl to None
[2020-12-20 04:57:29,661] {scheduler_job.py:189} INFO - Processing /Users/harshittyagi/lil/de_env/lib/python3.8/site-packages/airflow/example_dags/tutorial_taskflow_api_etl.py took 0.041 seconds
[2020-12-20 04:58:23,294] {scheduler_job.py:181} INFO - Started process (PID=59628) to work on /Users/harshittyagi/lil/de_env/lib/python3.8/site-packages/airflow/example_dags/tutorial_taskflow_api_etl.py
[2020-12-20 04:58:23,294] {scheduler_job.py:629} INFO - Processing file /Users/harshittyagi/lil/de_env/lib/python3.8/site-packages/airflow/example_dags/tutorial_taskflow_api_etl.py for tasks to queue
[2020-12-20 04:58:23,295] {logging_mixin.py:103} INFO - [2020-12-20 04:58:23,294] {dagbag.py:440} INFO - Filling up the DagBag from /Users/harshittyagi/lil/de_env/lib/python3.8/site-packages/airflow/example_dags/tutorial_taskflow_api_etl.py
[2020-12-20 04:58:23,300] {scheduler_job.py:639} INFO - DAG(s) dict_keys(['tutorial_taskflow_api_etl']) retrieved from /Users/harshittyagi/lil/de_env/lib/python3.8/site-packages/airflow/example_dags/tutorial_taskflow_api_etl.py
[2020-12-20 04:58:23,300] {logging_mixin.py:103} INFO - [2020-12-20 04:58:23,300] {dag.py:1813} INFO - Sync 1 DAGs
[2020-12-20 04:58:23,324] {logging_mixin.py:103} INFO - [2020-12-20 04:58:23,324] {dag.py:2266} INFO - Setting next_dagrun for tutorial_taskflow_api_etl to None
[2020-12-20 04:58:23,334] {scheduler_job.py:189} INFO - Processing /Users/harshittyagi/lil/de_env/lib/python3.8/site-packages/airflow/example_dags/tutorial_taskflow_api_etl.py took 0.040 seconds
[2020-12-20 04:59:17,266] {scheduler_job.py:181} INFO - Started process (PID=59910) to work on /Users/harshittyagi/lil/de_env/lib/python3.8/site-packages/airflow/example_dags/tutorial_taskflow_api_etl.py
[2020-12-20 04:59:17,267] {scheduler_job.py:629} INFO - Processing file /Users/harshittyagi/lil/de_env/lib/python3.8/site-packages/airflow/example_dags/tutorial_taskflow_api_etl.py for tasks to queue
[2020-12-20 04:59:17,267] {logging_mixin.py:103} INFO - [2020-12-20 04:59:17,267] {dagbag.py:440} INFO - Filling up the DagBag from /Users/harshittyagi/lil/de_env/lib/python3.8/site-packages/airflow/example_dags/tutorial_taskflow_api_etl.py
[2020-12-20 04:59:17,272] {scheduler_job.py:639} INFO - DAG(s) dict_keys(['tutorial_taskflow_api_etl']) retrieved from /Users/harshittyagi/lil/de_env/lib/python3.8/site-packages/airflow/example_dags/tutorial_taskflow_api_etl.py
[2020-12-20 04:59:17,272] {logging_mixin.py:103} INFO - [2020-12-20 04:59:17,272] {dag.py:1813} INFO - Sync 1 DAGs
[2020-12-20 04:59:17,296] {logging_mixin.py:103} INFO - [2020-12-20 04:59:17,296] {dag.py:2266} INFO - Setting next_dagrun for tutorial_taskflow_api_etl to None
[2020-12-20 04:59:17,305] {scheduler_job.py:189} INFO - Processing /Users/harshittyagi/lil/de_env/lib/python3.8/site-packages/airflow/example_dags/tutorial_taskflow_api_etl.py took 0.040 seconds
[2020-12-20 05:00:11,365] {scheduler_job.py:181} INFO - Started process (PID=60194) to work on /Users/harshittyagi/lil/de_env/lib/python3.8/site-packages/airflow/example_dags/tutorial_taskflow_api_etl.py
[2020-12-20 05:00:11,366] {scheduler_job.py:629} INFO - Processing file /Users/harshittyagi/lil/de_env/lib/python3.8/site-packages/airflow/example_dags/tutorial_taskflow_api_etl.py for tasks to queue
[2020-12-20 05:00:11,366] {logging_mixin.py:103} INFO - [2020-12-20 05:00:11,366] {dagbag.py:440} INFO - Filling up the DagBag from /Users/harshittyagi/lil/de_env/lib/python3.8/site-packages/airflow/example_dags/tutorial_taskflow_api_etl.py
[2020-12-20 05:00:11,371] {scheduler_job.py:639} INFO - DAG(s) dict_keys(['tutorial_taskflow_api_etl']) retrieved from /Users/harshittyagi/lil/de_env/lib/python3.8/site-packages/airflow/example_dags/tutorial_taskflow_api_etl.py
[2020-12-20 05:00:11,371] {logging_mixin.py:103} INFO - [2020-12-20 05:00:11,371] {dag.py:1813} INFO - Sync 1 DAGs
[2020-12-20 05:00:11,397] {logging_mixin.py:103} INFO - [2020-12-20 05:00:11,397] {dag.py:2266} INFO - Setting next_dagrun for tutorial_taskflow_api_etl to None
[2020-12-20 05:00:11,407] {scheduler_job.py:189} INFO - Processing /Users/harshittyagi/lil/de_env/lib/python3.8/site-packages/airflow/example_dags/tutorial_taskflow_api_etl.py took 0.042 seconds
[2020-12-20 05:01:05,379] {scheduler_job.py:181} INFO - Started process (PID=60481) to work on /Users/harshittyagi/lil/de_env/lib/python3.8/site-packages/airflow/example_dags/tutorial_taskflow_api_etl.py
[2020-12-20 05:01:05,380] {scheduler_job.py:629} INFO - Processing file /Users/harshittyagi/lil/de_env/lib/python3.8/site-packages/airflow/example_dags/tutorial_taskflow_api_etl.py for tasks to queue
[2020-12-20 05:01:05,380] {logging_mixin.py:103} INFO - [2020-12-20 05:01:05,380] {dagbag.py:440} INFO - Filling up the DagBag from /Users/harshittyagi/lil/de_env/lib/python3.8/site-packages/airflow/example_dags/tutorial_taskflow_api_etl.py
[2020-12-20 05:01:05,386] {scheduler_job.py:639} INFO - DAG(s) dict_keys(['tutorial_taskflow_api_etl']) retrieved from /Users/harshittyagi/lil/de_env/lib/python3.8/site-packages/airflow/example_dags/tutorial_taskflow_api_etl.py
[2020-12-20 05:01:05,386] {logging_mixin.py:103} INFO - [2020-12-20 05:01:05,386] {dag.py:1813} INFO - Sync 1 DAGs
[2020-12-20 05:01:05,410] {logging_mixin.py:103} INFO - [2020-12-20 05:01:05,410] {dag.py:2266} INFO - Setting next_dagrun for tutorial_taskflow_api_etl to None
[2020-12-20 05:01:05,419] {scheduler_job.py:189} INFO - Processing /Users/harshittyagi/lil/de_env/lib/python3.8/site-packages/airflow/example_dags/tutorial_taskflow_api_etl.py took 0.041 seconds
[2020-12-20 05:01:56,773] {scheduler_job.py:181} INFO - Started process (PID=60762) to work on /Users/harshittyagi/lil/de_env/lib/python3.8/site-packages/airflow/example_dags/tutorial_taskflow_api_etl.py
[2020-12-20 05:01:56,773] {scheduler_job.py:629} INFO - Processing file /Users/harshittyagi/lil/de_env/lib/python3.8/site-packages/airflow/example_dags/tutorial_taskflow_api_etl.py for tasks to queue
[2020-12-20 05:01:56,774] {logging_mixin.py:103} INFO - [2020-12-20 05:01:56,774] {dagbag.py:440} INFO - Filling up the DagBag from /Users/harshittyagi/lil/de_env/lib/python3.8/site-packages/airflow/example_dags/tutorial_taskflow_api_etl.py
[2020-12-20 05:01:56,779] {scheduler_job.py:639} INFO - DAG(s) dict_keys(['tutorial_taskflow_api_etl']) retrieved from /Users/harshittyagi/lil/de_env/lib/python3.8/site-packages/airflow/example_dags/tutorial_taskflow_api_etl.py
[2020-12-20 05:01:56,780] {logging_mixin.py:103} INFO - [2020-12-20 05:01:56,780] {dag.py:1813} INFO - Sync 1 DAGs
[2020-12-20 05:01:56,806] {logging_mixin.py:103} INFO - [2020-12-20 05:01:56,806] {dag.py:2266} INFO - Setting next_dagrun for tutorial_taskflow_api_etl to None
[2020-12-20 05:01:56,815] {scheduler_job.py:189} INFO - Processing /Users/harshittyagi/lil/de_env/lib/python3.8/site-packages/airflow/example_dags/tutorial_taskflow_api_etl.py took 0.043 seconds
[2020-12-20 05:02:51,048] {scheduler_job.py:181} INFO - Started process (PID=61054) to work on /Users/harshittyagi/lil/de_env/lib/python3.8/site-packages/airflow/example_dags/tutorial_taskflow_api_etl.py
[2020-12-20 05:02:51,048] {scheduler_job.py:629} INFO - Processing file /Users/harshittyagi/lil/de_env/lib/python3.8/site-packages/airflow/example_dags/tutorial_taskflow_api_etl.py for tasks to queue
[2020-12-20 05:02:51,049] {logging_mixin.py:103} INFO - [2020-12-20 05:02:51,049] {dagbag.py:440} INFO - Filling up the DagBag from /Users/harshittyagi/lil/de_env/lib/python3.8/site-packages/airflow/example_dags/tutorial_taskflow_api_etl.py
[2020-12-20 05:02:51,054] {scheduler_job.py:639} INFO - DAG(s) dict_keys(['tutorial_taskflow_api_etl']) retrieved from /Users/harshittyagi/lil/de_env/lib/python3.8/site-packages/airflow/example_dags/tutorial_taskflow_api_etl.py
[2020-12-20 05:02:51,054] {logging_mixin.py:103} INFO - [2020-12-20 05:02:51,054] {dag.py:1813} INFO - Sync 1 DAGs
[2020-12-20 05:02:51,078] {logging_mixin.py:103} INFO - [2020-12-20 05:02:51,078] {dag.py:2266} INFO - Setting next_dagrun for tutorial_taskflow_api_etl to None
[2020-12-20 05:02:51,087] {scheduler_job.py:189} INFO - Processing /Users/harshittyagi/lil/de_env/lib/python3.8/site-packages/airflow/example_dags/tutorial_taskflow_api_etl.py took 0.040 seconds
[2020-12-20 05:03:45,237] {scheduler_job.py:181} INFO - Started process (PID=61338) to work on /Users/harshittyagi/lil/de_env/lib/python3.8/site-packages/airflow/example_dags/tutorial_taskflow_api_etl.py
[2020-12-20 05:03:45,237] {scheduler_job.py:629} INFO - Processing file /Users/harshittyagi/lil/de_env/lib/python3.8/site-packages/airflow/example_dags/tutorial_taskflow_api_etl.py for tasks to queue
[2020-12-20 05:03:45,238] {logging_mixin.py:103} INFO - [2020-12-20 05:03:45,238] {dagbag.py:440} INFO - Filling up the DagBag from /Users/harshittyagi/lil/de_env/lib/python3.8/site-packages/airflow/example_dags/tutorial_taskflow_api_etl.py
[2020-12-20 05:03:45,243] {scheduler_job.py:639} INFO - DAG(s) dict_keys(['tutorial_taskflow_api_etl']) retrieved from /Users/harshittyagi/lil/de_env/lib/python3.8/site-packages/airflow/example_dags/tutorial_taskflow_api_etl.py
[2020-12-20 05:03:45,243] {logging_mixin.py:103} INFO - [2020-12-20 05:03:45,243] {dag.py:1813} INFO - Sync 1 DAGs
[2020-12-20 05:03:45,268] {logging_mixin.py:103} INFO - [2020-12-20 05:03:45,268] {dag.py:2266} INFO - Setting next_dagrun for tutorial_taskflow_api_etl to None
[2020-12-20 05:03:45,278] {scheduler_job.py:189} INFO - Processing /Users/harshittyagi/lil/de_env/lib/python3.8/site-packages/airflow/example_dags/tutorial_taskflow_api_etl.py took 0.041 seconds
[2020-12-20 05:04:39,270] {scheduler_job.py:181} INFO - Started process (PID=61622) to work on /Users/harshittyagi/lil/de_env/lib/python3.8/site-packages/airflow/example_dags/tutorial_taskflow_api_etl.py
[2020-12-20 05:04:39,270] {scheduler_job.py:629} INFO - Processing file /Users/harshittyagi/lil/de_env/lib/python3.8/site-packages/airflow/example_dags/tutorial_taskflow_api_etl.py for tasks to queue
[2020-12-20 05:04:39,270] {logging_mixin.py:103} INFO - [2020-12-20 05:04:39,270] {dagbag.py:440} INFO - Filling up the DagBag from /Users/harshittyagi/lil/de_env/lib/python3.8/site-packages/airflow/example_dags/tutorial_taskflow_api_etl.py
[2020-12-20 05:04:39,275] {scheduler_job.py:639} INFO - DAG(s) dict_keys(['tutorial_taskflow_api_etl']) retrieved from /Users/harshittyagi/lil/de_env/lib/python3.8/site-packages/airflow/example_dags/tutorial_taskflow_api_etl.py
[2020-12-20 05:04:39,275] {logging_mixin.py:103} INFO - [2020-12-20 05:04:39,275] {dag.py:1813} INFO - Sync 1 DAGs
[2020-12-20 05:04:39,299] {logging_mixin.py:103} INFO - [2020-12-20 05:04:39,299] {dag.py:2266} INFO - Setting next_dagrun for tutorial_taskflow_api_etl to None
[2020-12-20 05:04:39,309] {scheduler_job.py:189} INFO - Processing /Users/harshittyagi/lil/de_env/lib/python3.8/site-packages/airflow/example_dags/tutorial_taskflow_api_etl.py took 0.040 seconds
[2020-12-20 05:05:32,967] {scheduler_job.py:181} INFO - Started process (PID=61908) to work on /Users/harshittyagi/lil/de_env/lib/python3.8/site-packages/airflow/example_dags/tutorial_taskflow_api_etl.py
[2020-12-20 05:05:32,967] {scheduler_job.py:629} INFO - Processing file /Users/harshittyagi/lil/de_env/lib/python3.8/site-packages/airflow/example_dags/tutorial_taskflow_api_etl.py for tasks to queue
[2020-12-20 05:05:32,967] {logging_mixin.py:103} INFO - [2020-12-20 05:05:32,967] {dagbag.py:440} INFO - Filling up the DagBag from /Users/harshittyagi/lil/de_env/lib/python3.8/site-packages/airflow/example_dags/tutorial_taskflow_api_etl.py
[2020-12-20 05:05:32,972] {scheduler_job.py:639} INFO - DAG(s) dict_keys(['tutorial_taskflow_api_etl']) retrieved from /Users/harshittyagi/lil/de_env/lib/python3.8/site-packages/airflow/example_dags/tutorial_taskflow_api_etl.py
[2020-12-20 05:05:32,972] {logging_mixin.py:103} INFO - [2020-12-20 05:05:32,972] {dag.py:1813} INFO - Sync 1 DAGs
[2020-12-20 05:05:32,996] {logging_mixin.py:103} INFO - [2020-12-20 05:05:32,996] {dag.py:2266} INFO - Setting next_dagrun for tutorial_taskflow_api_etl to None
[2020-12-20 05:05:33,005] {scheduler_job.py:189} INFO - Processing /Users/harshittyagi/lil/de_env/lib/python3.8/site-packages/airflow/example_dags/tutorial_taskflow_api_etl.py took 0.039 seconds
[2020-12-20 05:06:27,433] {scheduler_job.py:181} INFO - Started process (PID=62194) to work on /Users/harshittyagi/lil/de_env/lib/python3.8/site-packages/airflow/example_dags/tutorial_taskflow_api_etl.py
[2020-12-20 05:06:27,434] {scheduler_job.py:629} INFO - Processing file /Users/harshittyagi/lil/de_env/lib/python3.8/site-packages/airflow/example_dags/tutorial_taskflow_api_etl.py for tasks to queue
[2020-12-20 05:06:27,434] {logging_mixin.py:103} INFO - [2020-12-20 05:06:27,434] {dagbag.py:440} INFO - Filling up the DagBag from /Users/harshittyagi/lil/de_env/lib/python3.8/site-packages/airflow/example_dags/tutorial_taskflow_api_etl.py
[2020-12-20 05:06:27,439] {scheduler_job.py:639} INFO - DAG(s) dict_keys(['tutorial_taskflow_api_etl']) retrieved from /Users/harshittyagi/lil/de_env/lib/python3.8/site-packages/airflow/example_dags/tutorial_taskflow_api_etl.py
[2020-12-20 05:06:27,439] {logging_mixin.py:103} INFO - [2020-12-20 05:06:27,439] {dag.py:1813} INFO - Sync 1 DAGs
[2020-12-20 05:06:27,463] {logging_mixin.py:103} INFO - [2020-12-20 05:06:27,463] {dag.py:2266} INFO - Setting next_dagrun for tutorial_taskflow_api_etl to None
[2020-12-20 05:06:27,472] {scheduler_job.py:189} INFO - Processing /Users/harshittyagi/lil/de_env/lib/python3.8/site-packages/airflow/example_dags/tutorial_taskflow_api_etl.py took 0.039 seconds
[2020-12-20 05:07:20,683] {scheduler_job.py:181} INFO - Started process (PID=62475) to work on /Users/harshittyagi/lil/de_env/lib/python3.8/site-packages/airflow/example_dags/tutorial_taskflow_api_etl.py
[2020-12-20 05:07:20,683] {scheduler_job.py:629} INFO - Processing file /Users/harshittyagi/lil/de_env/lib/python3.8/site-packages/airflow/example_dags/tutorial_taskflow_api_etl.py for tasks to queue
[2020-12-20 05:07:20,683] {logging_mixin.py:103} INFO - [2020-12-20 05:07:20,683] {dagbag.py:440} INFO - Filling up the DagBag from /Users/harshittyagi/lil/de_env/lib/python3.8/site-packages/airflow/example_dags/tutorial_taskflow_api_etl.py
[2020-12-20 05:07:20,690] {scheduler_job.py:639} INFO - DAG(s) dict_keys(['tutorial_taskflow_api_etl']) retrieved from /Users/harshittyagi/lil/de_env/lib/python3.8/site-packages/airflow/example_dags/tutorial_taskflow_api_etl.py
[2020-12-20 05:07:20,690] {logging_mixin.py:103} INFO - [2020-12-20 05:07:20,690] {dag.py:1813} INFO - Sync 1 DAGs
[2020-12-20 05:07:20,719] {logging_mixin.py:103} INFO - [2020-12-20 05:07:20,719] {dag.py:2266} INFO - Setting next_dagrun for tutorial_taskflow_api_etl to None
[2020-12-20 05:07:20,730] {scheduler_job.py:189} INFO - Processing /Users/harshittyagi/lil/de_env/lib/python3.8/site-packages/airflow/example_dags/tutorial_taskflow_api_etl.py took 0.048 seconds
[2020-12-20 05:08:15,647] {scheduler_job.py:181} INFO - Started process (PID=62762) to work on /Users/harshittyagi/lil/de_env/lib/python3.8/site-packages/airflow/example_dags/tutorial_taskflow_api_etl.py
[2020-12-20 05:08:15,648] {scheduler_job.py:629} INFO - Processing file /Users/harshittyagi/lil/de_env/lib/python3.8/site-packages/airflow/example_dags/tutorial_taskflow_api_etl.py for tasks to queue
[2020-12-20 05:08:15,648] {logging_mixin.py:103} INFO - [2020-12-20 05:08:15,648] {dagbag.py:440} INFO - Filling up the DagBag from /Users/harshittyagi/lil/de_env/lib/python3.8/site-packages/airflow/example_dags/tutorial_taskflow_api_etl.py
[2020-12-20 05:08:15,654] {scheduler_job.py:639} INFO - DAG(s) dict_keys(['tutorial_taskflow_api_etl']) retrieved from /Users/harshittyagi/lil/de_env/lib/python3.8/site-packages/airflow/example_dags/tutorial_taskflow_api_etl.py
[2020-12-20 05:08:15,654] {logging_mixin.py:103} INFO - [2020-12-20 05:08:15,654] {dag.py:1813} INFO - Sync 1 DAGs
[2020-12-20 05:08:15,684] {logging_mixin.py:103} INFO - [2020-12-20 05:08:15,684] {dag.py:2266} INFO - Setting next_dagrun for tutorial_taskflow_api_etl to None
[2020-12-20 05:08:15,697] {scheduler_job.py:189} INFO - Processing /Users/harshittyagi/lil/de_env/lib/python3.8/site-packages/airflow/example_dags/tutorial_taskflow_api_etl.py took 0.050 seconds
[2020-12-20 05:09:09,872] {scheduler_job.py:181} INFO - Started process (PID=63052) to work on /Users/harshittyagi/lil/de_env/lib/python3.8/site-packages/airflow/example_dags/tutorial_taskflow_api_etl.py
[2020-12-20 05:09:09,872] {scheduler_job.py:629} INFO - Processing file /Users/harshittyagi/lil/de_env/lib/python3.8/site-packages/airflow/example_dags/tutorial_taskflow_api_etl.py for tasks to queue
[2020-12-20 05:09:09,873] {logging_mixin.py:103} INFO - [2020-12-20 05:09:09,872] {dagbag.py:440} INFO - Filling up the DagBag from /Users/harshittyagi/lil/de_env/lib/python3.8/site-packages/airflow/example_dags/tutorial_taskflow_api_etl.py
[2020-12-20 05:09:09,878] {scheduler_job.py:639} INFO - DAG(s) dict_keys(['tutorial_taskflow_api_etl']) retrieved from /Users/harshittyagi/lil/de_env/lib/python3.8/site-packages/airflow/example_dags/tutorial_taskflow_api_etl.py
[2020-12-20 05:09:09,878] {logging_mixin.py:103} INFO - [2020-12-20 05:09:09,878] {dag.py:1813} INFO - Sync 1 DAGs
[2020-12-20 05:09:09,902] {logging_mixin.py:103} INFO - [2020-12-20 05:09:09,902] {dag.py:2266} INFO - Setting next_dagrun for tutorial_taskflow_api_etl to None
[2020-12-20 05:09:09,911] {scheduler_job.py:189} INFO - Processing /Users/harshittyagi/lil/de_env/lib/python3.8/site-packages/airflow/example_dags/tutorial_taskflow_api_etl.py took 0.040 seconds
[2020-12-20 05:10:04,198] {scheduler_job.py:181} INFO - Started process (PID=63336) to work on /Users/harshittyagi/lil/de_env/lib/python3.8/site-packages/airflow/example_dags/tutorial_taskflow_api_etl.py
[2020-12-20 05:10:04,198] {scheduler_job.py:629} INFO - Processing file /Users/harshittyagi/lil/de_env/lib/python3.8/site-packages/airflow/example_dags/tutorial_taskflow_api_etl.py for tasks to queue
[2020-12-20 05:10:04,198] {logging_mixin.py:103} INFO - [2020-12-20 05:10:04,198] {dagbag.py:440} INFO - Filling up the DagBag from /Users/harshittyagi/lil/de_env/lib/python3.8/site-packages/airflow/example_dags/tutorial_taskflow_api_etl.py
[2020-12-20 05:10:04,203] {scheduler_job.py:639} INFO - DAG(s) dict_keys(['tutorial_taskflow_api_etl']) retrieved from /Users/harshittyagi/lil/de_env/lib/python3.8/site-packages/airflow/example_dags/tutorial_taskflow_api_etl.py
[2020-12-20 05:10:04,203] {logging_mixin.py:103} INFO - [2020-12-20 05:10:04,203] {dag.py:1813} INFO - Sync 1 DAGs
[2020-12-20 05:10:04,228] {logging_mixin.py:103} INFO - [2020-12-20 05:10:04,228] {dag.py:2266} INFO - Setting next_dagrun for tutorial_taskflow_api_etl to None
[2020-12-20 05:10:04,238] {scheduler_job.py:189} INFO - Processing /Users/harshittyagi/lil/de_env/lib/python3.8/site-packages/airflow/example_dags/tutorial_taskflow_api_etl.py took 0.040 seconds
[2020-12-20 05:10:58,460] {scheduler_job.py:181} INFO - Started process (PID=63621) to work on /Users/harshittyagi/lil/de_env/lib/python3.8/site-packages/airflow/example_dags/tutorial_taskflow_api_etl.py
[2020-12-20 05:10:58,460] {scheduler_job.py:629} INFO - Processing file /Users/harshittyagi/lil/de_env/lib/python3.8/site-packages/airflow/example_dags/tutorial_taskflow_api_etl.py for tasks to queue
[2020-12-20 05:10:58,461] {logging_mixin.py:103} INFO - [2020-12-20 05:10:58,461] {dagbag.py:440} INFO - Filling up the DagBag from /Users/harshittyagi/lil/de_env/lib/python3.8/site-packages/airflow/example_dags/tutorial_taskflow_api_etl.py
[2020-12-20 05:10:58,467] {scheduler_job.py:639} INFO - DAG(s) dict_keys(['tutorial_taskflow_api_etl']) retrieved from /Users/harshittyagi/lil/de_env/lib/python3.8/site-packages/airflow/example_dags/tutorial_taskflow_api_etl.py
[2020-12-20 05:10:58,467] {logging_mixin.py:103} INFO - [2020-12-20 05:10:58,467] {dag.py:1813} INFO - Sync 1 DAGs
[2020-12-20 05:10:58,495] {logging_mixin.py:103} INFO - [2020-12-20 05:10:58,495] {dag.py:2266} INFO - Setting next_dagrun for tutorial_taskflow_api_etl to None
[2020-12-20 05:10:58,506] {scheduler_job.py:189} INFO - Processing /Users/harshittyagi/lil/de_env/lib/python3.8/site-packages/airflow/example_dags/tutorial_taskflow_api_etl.py took 0.046 seconds
[2020-12-20 05:11:49,958] {scheduler_job.py:181} INFO - Started process (PID=63906) to work on /Users/harshittyagi/lil/de_env/lib/python3.8/site-packages/airflow/example_dags/tutorial_taskflow_api_etl.py
[2020-12-20 05:11:49,958] {scheduler_job.py:629} INFO - Processing file /Users/harshittyagi/lil/de_env/lib/python3.8/site-packages/airflow/example_dags/tutorial_taskflow_api_etl.py for tasks to queue
[2020-12-20 05:11:49,958] {logging_mixin.py:103} INFO - [2020-12-20 05:11:49,958] {dagbag.py:440} INFO - Filling up the DagBag from /Users/harshittyagi/lil/de_env/lib/python3.8/site-packages/airflow/example_dags/tutorial_taskflow_api_etl.py
[2020-12-20 05:11:49,963] {scheduler_job.py:639} INFO - DAG(s) dict_keys(['tutorial_taskflow_api_etl']) retrieved from /Users/harshittyagi/lil/de_env/lib/python3.8/site-packages/airflow/example_dags/tutorial_taskflow_api_etl.py
[2020-12-20 05:11:49,964] {logging_mixin.py:103} INFO - [2020-12-20 05:11:49,964] {dag.py:1813} INFO - Sync 1 DAGs
[2020-12-20 05:11:49,988] {logging_mixin.py:103} INFO - [2020-12-20 05:11:49,988] {dag.py:2266} INFO - Setting next_dagrun for tutorial_taskflow_api_etl to None
[2020-12-20 05:11:49,998] {scheduler_job.py:189} INFO - Processing /Users/harshittyagi/lil/de_env/lib/python3.8/site-packages/airflow/example_dags/tutorial_taskflow_api_etl.py took 0.041 seconds
[2020-12-20 05:12:43,631] {scheduler_job.py:181} INFO - Started process (PID=64188) to work on /Users/harshittyagi/lil/de_env/lib/python3.8/site-packages/airflow/example_dags/tutorial_taskflow_api_etl.py
[2020-12-20 05:12:43,631] {scheduler_job.py:629} INFO - Processing file /Users/harshittyagi/lil/de_env/lib/python3.8/site-packages/airflow/example_dags/tutorial_taskflow_api_etl.py for tasks to queue
[2020-12-20 05:12:43,631] {logging_mixin.py:103} INFO - [2020-12-20 05:12:43,631] {dagbag.py:440} INFO - Filling up the DagBag from /Users/harshittyagi/lil/de_env/lib/python3.8/site-packages/airflow/example_dags/tutorial_taskflow_api_etl.py
[2020-12-20 05:12:43,636] {scheduler_job.py:639} INFO - DAG(s) dict_keys(['tutorial_taskflow_api_etl']) retrieved from /Users/harshittyagi/lil/de_env/lib/python3.8/site-packages/airflow/example_dags/tutorial_taskflow_api_etl.py
[2020-12-20 05:12:43,636] {logging_mixin.py:103} INFO - [2020-12-20 05:12:43,636] {dag.py:1813} INFO - Sync 1 DAGs
[2020-12-20 05:12:43,660] {logging_mixin.py:103} INFO - [2020-12-20 05:12:43,660] {dag.py:2266} INFO - Setting next_dagrun for tutorial_taskflow_api_etl to None
[2020-12-20 05:12:43,670] {scheduler_job.py:189} INFO - Processing /Users/harshittyagi/lil/de_env/lib/python3.8/site-packages/airflow/example_dags/tutorial_taskflow_api_etl.py took 0.040 seconds
[2020-12-20 05:13:37,384] {scheduler_job.py:181} INFO - Started process (PID=64471) to work on /Users/harshittyagi/lil/de_env/lib/python3.8/site-packages/airflow/example_dags/tutorial_taskflow_api_etl.py
[2020-12-20 05:13:37,384] {scheduler_job.py:629} INFO - Processing file /Users/harshittyagi/lil/de_env/lib/python3.8/site-packages/airflow/example_dags/tutorial_taskflow_api_etl.py for tasks to queue
[2020-12-20 05:13:37,385] {logging_mixin.py:103} INFO - [2020-12-20 05:13:37,385] {dagbag.py:440} INFO - Filling up the DagBag from /Users/harshittyagi/lil/de_env/lib/python3.8/site-packages/airflow/example_dags/tutorial_taskflow_api_etl.py
[2020-12-20 05:13:37,390] {scheduler_job.py:639} INFO - DAG(s) dict_keys(['tutorial_taskflow_api_etl']) retrieved from /Users/harshittyagi/lil/de_env/lib/python3.8/site-packages/airflow/example_dags/tutorial_taskflow_api_etl.py
[2020-12-20 05:13:37,391] {logging_mixin.py:103} INFO - [2020-12-20 05:13:37,391] {dag.py:1813} INFO - Sync 1 DAGs
[2020-12-20 05:13:37,417] {logging_mixin.py:103} INFO - [2020-12-20 05:13:37,417] {dag.py:2266} INFO - Setting next_dagrun for tutorial_taskflow_api_etl to None
[2020-12-20 05:13:37,427] {scheduler_job.py:189} INFO - Processing /Users/harshittyagi/lil/de_env/lib/python3.8/site-packages/airflow/example_dags/tutorial_taskflow_api_etl.py took 0.043 seconds
[2020-12-20 05:14:31,279] {scheduler_job.py:181} INFO - Started process (PID=64755) to work on /Users/harshittyagi/lil/de_env/lib/python3.8/site-packages/airflow/example_dags/tutorial_taskflow_api_etl.py
[2020-12-20 05:14:31,279] {scheduler_job.py:629} INFO - Processing file /Users/harshittyagi/lil/de_env/lib/python3.8/site-packages/airflow/example_dags/tutorial_taskflow_api_etl.py for tasks to queue
[2020-12-20 05:14:31,279] {logging_mixin.py:103} INFO - [2020-12-20 05:14:31,279] {dagbag.py:440} INFO - Filling up the DagBag from /Users/harshittyagi/lil/de_env/lib/python3.8/site-packages/airflow/example_dags/tutorial_taskflow_api_etl.py
[2020-12-20 05:14:31,287] {scheduler_job.py:639} INFO - DAG(s) dict_keys(['tutorial_taskflow_api_etl']) retrieved from /Users/harshittyagi/lil/de_env/lib/python3.8/site-packages/airflow/example_dags/tutorial_taskflow_api_etl.py
[2020-12-20 05:14:31,288] {logging_mixin.py:103} INFO - [2020-12-20 05:14:31,288] {dag.py:1813} INFO - Sync 1 DAGs
[2020-12-20 05:14:31,322] {logging_mixin.py:103} INFO - [2020-12-20 05:14:31,322] {dag.py:2266} INFO - Setting next_dagrun for tutorial_taskflow_api_etl to None
[2020-12-20 05:14:31,335] {scheduler_job.py:189} INFO - Processing /Users/harshittyagi/lil/de_env/lib/python3.8/site-packages/airflow/example_dags/tutorial_taskflow_api_etl.py took 0.057 seconds
[2020-12-20 05:15:22,925] {scheduler_job.py:181} INFO - Started process (PID=65042) to work on /Users/harshittyagi/lil/de_env/lib/python3.8/site-packages/airflow/example_dags/tutorial_taskflow_api_etl.py
[2020-12-20 05:15:22,926] {scheduler_job.py:629} INFO - Processing file /Users/harshittyagi/lil/de_env/lib/python3.8/site-packages/airflow/example_dags/tutorial_taskflow_api_etl.py for tasks to queue
[2020-12-20 05:15:22,926] {logging_mixin.py:103} INFO - [2020-12-20 05:15:22,926] {dagbag.py:440} INFO - Filling up the DagBag from /Users/harshittyagi/lil/de_env/lib/python3.8/site-packages/airflow/example_dags/tutorial_taskflow_api_etl.py
[2020-12-20 05:15:22,931] {scheduler_job.py:639} INFO - DAG(s) dict_keys(['tutorial_taskflow_api_etl']) retrieved from /Users/harshittyagi/lil/de_env/lib/python3.8/site-packages/airflow/example_dags/tutorial_taskflow_api_etl.py
[2020-12-20 05:15:22,931] {logging_mixin.py:103} INFO - [2020-12-20 05:15:22,931] {dag.py:1813} INFO - Sync 1 DAGs
[2020-12-20 05:15:22,955] {logging_mixin.py:103} INFO - [2020-12-20 05:15:22,955] {dag.py:2266} INFO - Setting next_dagrun for tutorial_taskflow_api_etl to None
[2020-12-20 05:15:22,965] {scheduler_job.py:189} INFO - Processing /Users/harshittyagi/lil/de_env/lib/python3.8/site-packages/airflow/example_dags/tutorial_taskflow_api_etl.py took 0.040 seconds
[2020-12-20 05:16:16,088] {scheduler_job.py:181} INFO - Started process (PID=65324) to work on /Users/harshittyagi/lil/de_env/lib/python3.8/site-packages/airflow/example_dags/tutorial_taskflow_api_etl.py
[2020-12-20 05:16:16,088] {scheduler_job.py:629} INFO - Processing file /Users/harshittyagi/lil/de_env/lib/python3.8/site-packages/airflow/example_dags/tutorial_taskflow_api_etl.py for tasks to queue
[2020-12-20 05:16:16,088] {logging_mixin.py:103} INFO - [2020-12-20 05:16:16,088] {dagbag.py:440} INFO - Filling up the DagBag from /Users/harshittyagi/lil/de_env/lib/python3.8/site-packages/airflow/example_dags/tutorial_taskflow_api_etl.py
[2020-12-20 05:16:16,093] {scheduler_job.py:639} INFO - DAG(s) dict_keys(['tutorial_taskflow_api_etl']) retrieved from /Users/harshittyagi/lil/de_env/lib/python3.8/site-packages/airflow/example_dags/tutorial_taskflow_api_etl.py
[2020-12-20 05:16:16,094] {logging_mixin.py:103} INFO - [2020-12-20 05:16:16,094] {dag.py:1813} INFO - Sync 1 DAGs
[2020-12-20 05:16:16,118] {logging_mixin.py:103} INFO - [2020-12-20 05:16:16,118] {dag.py:2266} INFO - Setting next_dagrun for tutorial_taskflow_api_etl to None
[2020-12-20 05:16:16,128] {scheduler_job.py:189} INFO - Processing /Users/harshittyagi/lil/de_env/lib/python3.8/site-packages/airflow/example_dags/tutorial_taskflow_api_etl.py took 0.041 seconds
[2020-12-20 05:17:10,237] {scheduler_job.py:181} INFO - Started process (PID=65608) to work on /Users/harshittyagi/lil/de_env/lib/python3.8/site-packages/airflow/example_dags/tutorial_taskflow_api_etl.py
[2020-12-20 05:17:10,238] {scheduler_job.py:629} INFO - Processing file /Users/harshittyagi/lil/de_env/lib/python3.8/site-packages/airflow/example_dags/tutorial_taskflow_api_etl.py for tasks to queue
[2020-12-20 05:17:10,238] {logging_mixin.py:103} INFO - [2020-12-20 05:17:10,238] {dagbag.py:440} INFO - Filling up the DagBag from /Users/harshittyagi/lil/de_env/lib/python3.8/site-packages/airflow/example_dags/tutorial_taskflow_api_etl.py
[2020-12-20 05:17:10,243] {scheduler_job.py:639} INFO - DAG(s) dict_keys(['tutorial_taskflow_api_etl']) retrieved from /Users/harshittyagi/lil/de_env/lib/python3.8/site-packages/airflow/example_dags/tutorial_taskflow_api_etl.py
[2020-12-20 05:17:10,244] {logging_mixin.py:103} INFO - [2020-12-20 05:17:10,243] {dag.py:1813} INFO - Sync 1 DAGs
[2020-12-20 05:17:10,268] {logging_mixin.py:103} INFO - [2020-12-20 05:17:10,268] {dag.py:2266} INFO - Setting next_dagrun for tutorial_taskflow_api_etl to None
[2020-12-20 05:17:10,278] {scheduler_job.py:189} INFO - Processing /Users/harshittyagi/lil/de_env/lib/python3.8/site-packages/airflow/example_dags/tutorial_taskflow_api_etl.py took 0.041 seconds
[2020-12-20 05:18:04,086] {scheduler_job.py:181} INFO - Started process (PID=65892) to work on /Users/harshittyagi/lil/de_env/lib/python3.8/site-packages/airflow/example_dags/tutorial_taskflow_api_etl.py
[2020-12-20 05:18:04,086] {scheduler_job.py:629} INFO - Processing file /Users/harshittyagi/lil/de_env/lib/python3.8/site-packages/airflow/example_dags/tutorial_taskflow_api_etl.py for tasks to queue
[2020-12-20 05:18:04,087] {logging_mixin.py:103} INFO - [2020-12-20 05:18:04,087] {dagbag.py:440} INFO - Filling up the DagBag from /Users/harshittyagi/lil/de_env/lib/python3.8/site-packages/airflow/example_dags/tutorial_taskflow_api_etl.py
[2020-12-20 05:18:04,091] {scheduler_job.py:639} INFO - DAG(s) dict_keys(['tutorial_taskflow_api_etl']) retrieved from /Users/harshittyagi/lil/de_env/lib/python3.8/site-packages/airflow/example_dags/tutorial_taskflow_api_etl.py
[2020-12-20 05:18:04,092] {logging_mixin.py:103} INFO - [2020-12-20 05:18:04,092] {dag.py:1813} INFO - Sync 1 DAGs
[2020-12-20 05:18:04,116] {logging_mixin.py:103} INFO - [2020-12-20 05:18:04,116] {dag.py:2266} INFO - Setting next_dagrun for tutorial_taskflow_api_etl to None
[2020-12-20 05:18:04,127] {scheduler_job.py:189} INFO - Processing /Users/harshittyagi/lil/de_env/lib/python3.8/site-packages/airflow/example_dags/tutorial_taskflow_api_etl.py took 0.041 seconds
[2020-12-20 05:19:00,184] {scheduler_job.py:181} INFO - Started process (PID=66178) to work on /Users/harshittyagi/lil/de_env/lib/python3.8/site-packages/airflow/example_dags/tutorial_taskflow_api_etl.py
[2020-12-20 05:19:00,184] {scheduler_job.py:629} INFO - Processing file /Users/harshittyagi/lil/de_env/lib/python3.8/site-packages/airflow/example_dags/tutorial_taskflow_api_etl.py for tasks to queue
[2020-12-20 05:19:00,184] {logging_mixin.py:103} INFO - [2020-12-20 05:19:00,184] {dagbag.py:440} INFO - Filling up the DagBag from /Users/harshittyagi/lil/de_env/lib/python3.8/site-packages/airflow/example_dags/tutorial_taskflow_api_etl.py
[2020-12-20 05:19:00,189] {scheduler_job.py:639} INFO - DAG(s) dict_keys(['tutorial_taskflow_api_etl']) retrieved from /Users/harshittyagi/lil/de_env/lib/python3.8/site-packages/airflow/example_dags/tutorial_taskflow_api_etl.py
[2020-12-20 05:19:00,189] {logging_mixin.py:103} INFO - [2020-12-20 05:19:00,189] {dag.py:1813} INFO - Sync 1 DAGs
[2020-12-20 05:19:00,213] {logging_mixin.py:103} INFO - [2020-12-20 05:19:00,213] {dag.py:2266} INFO - Setting next_dagrun for tutorial_taskflow_api_etl to None
[2020-12-20 05:19:00,223] {scheduler_job.py:189} INFO - Processing /Users/harshittyagi/lil/de_env/lib/python3.8/site-packages/airflow/example_dags/tutorial_taskflow_api_etl.py took 0.040 seconds
[2020-12-20 05:19:54,273] {scheduler_job.py:181} INFO - Started process (PID=66466) to work on /Users/harshittyagi/lil/de_env/lib/python3.8/site-packages/airflow/example_dags/tutorial_taskflow_api_etl.py
[2020-12-20 05:19:54,274] {scheduler_job.py:629} INFO - Processing file /Users/harshittyagi/lil/de_env/lib/python3.8/site-packages/airflow/example_dags/tutorial_taskflow_api_etl.py for tasks to queue
[2020-12-20 05:19:54,274] {logging_mixin.py:103} INFO - [2020-12-20 05:19:54,274] {dagbag.py:440} INFO - Filling up the DagBag from /Users/harshittyagi/lil/de_env/lib/python3.8/site-packages/airflow/example_dags/tutorial_taskflow_api_etl.py
[2020-12-20 05:19:54,279] {scheduler_job.py:639} INFO - DAG(s) dict_keys(['tutorial_taskflow_api_etl']) retrieved from /Users/harshittyagi/lil/de_env/lib/python3.8/site-packages/airflow/example_dags/tutorial_taskflow_api_etl.py
[2020-12-20 05:19:54,279] {logging_mixin.py:103} INFO - [2020-12-20 05:19:54,279] {dag.py:1813} INFO - Sync 1 DAGs
[2020-12-20 05:19:54,304] {logging_mixin.py:103} INFO - [2020-12-20 05:19:54,304] {dag.py:2266} INFO - Setting next_dagrun for tutorial_taskflow_api_etl to None
[2020-12-20 05:19:54,314] {scheduler_job.py:189} INFO - Processing /Users/harshittyagi/lil/de_env/lib/python3.8/site-packages/airflow/example_dags/tutorial_taskflow_api_etl.py took 0.041 seconds
[2020-12-20 05:20:51,691] {scheduler_job.py:181} INFO - Started process (PID=66763) to work on /Users/harshittyagi/lil/de_env/lib/python3.8/site-packages/airflow/example_dags/tutorial_taskflow_api_etl.py
[2020-12-20 05:20:51,692] {scheduler_job.py:629} INFO - Processing file /Users/harshittyagi/lil/de_env/lib/python3.8/site-packages/airflow/example_dags/tutorial_taskflow_api_etl.py for tasks to queue
[2020-12-20 05:20:51,693] {logging_mixin.py:103} INFO - [2020-12-20 05:20:51,692] {dagbag.py:440} INFO - Filling up the DagBag from /Users/harshittyagi/lil/de_env/lib/python3.8/site-packages/airflow/example_dags/tutorial_taskflow_api_etl.py
[2020-12-20 05:20:51,700] {scheduler_job.py:639} INFO - DAG(s) dict_keys(['tutorial_taskflow_api_etl']) retrieved from /Users/harshittyagi/lil/de_env/lib/python3.8/site-packages/airflow/example_dags/tutorial_taskflow_api_etl.py
[2020-12-20 05:20:51,700] {logging_mixin.py:103} INFO - [2020-12-20 05:20:51,700] {dag.py:1813} INFO - Sync 1 DAGs
[2020-12-20 05:20:51,729] {logging_mixin.py:103} INFO - [2020-12-20 05:20:51,729] {dag.py:2266} INFO - Setting next_dagrun for tutorial_taskflow_api_etl to None
[2020-12-20 05:20:51,740] {scheduler_job.py:189} INFO - Processing /Users/harshittyagi/lil/de_env/lib/python3.8/site-packages/airflow/example_dags/tutorial_taskflow_api_etl.py took 0.050 seconds
[2020-12-20 05:21:47,183] {scheduler_job.py:181} INFO - Started process (PID=67048) to work on /Users/harshittyagi/lil/de_env/lib/python3.8/site-packages/airflow/example_dags/tutorial_taskflow_api_etl.py
[2020-12-20 05:21:47,183] {scheduler_job.py:629} INFO - Processing file /Users/harshittyagi/lil/de_env/lib/python3.8/site-packages/airflow/example_dags/tutorial_taskflow_api_etl.py for tasks to queue
[2020-12-20 05:21:47,183] {logging_mixin.py:103} INFO - [2020-12-20 05:21:47,183] {dagbag.py:440} INFO - Filling up the DagBag from /Users/harshittyagi/lil/de_env/lib/python3.8/site-packages/airflow/example_dags/tutorial_taskflow_api_etl.py
[2020-12-20 05:21:47,189] {scheduler_job.py:639} INFO - DAG(s) dict_keys(['tutorial_taskflow_api_etl']) retrieved from /Users/harshittyagi/lil/de_env/lib/python3.8/site-packages/airflow/example_dags/tutorial_taskflow_api_etl.py
[2020-12-20 05:21:47,189] {logging_mixin.py:103} INFO - [2020-12-20 05:21:47,189] {dag.py:1813} INFO - Sync 1 DAGs
[2020-12-20 05:21:47,217] {logging_mixin.py:103} INFO - [2020-12-20 05:21:47,217] {dag.py:2266} INFO - Setting next_dagrun for tutorial_taskflow_api_etl to None
[2020-12-20 05:21:47,228] {scheduler_job.py:189} INFO - Processing /Users/harshittyagi/lil/de_env/lib/python3.8/site-packages/airflow/example_dags/tutorial_taskflow_api_etl.py took 0.046 seconds
[2020-12-20 05:22:42,324] {scheduler_job.py:181} INFO - Started process (PID=67331) to work on /Users/harshittyagi/lil/de_env/lib/python3.8/site-packages/airflow/example_dags/tutorial_taskflow_api_etl.py
[2020-12-20 05:22:42,324] {scheduler_job.py:629} INFO - Processing file /Users/harshittyagi/lil/de_env/lib/python3.8/site-packages/airflow/example_dags/tutorial_taskflow_api_etl.py for tasks to queue
[2020-12-20 05:22:42,325] {logging_mixin.py:103} INFO - [2020-12-20 05:22:42,324] {dagbag.py:440} INFO - Filling up the DagBag from /Users/harshittyagi/lil/de_env/lib/python3.8/site-packages/airflow/example_dags/tutorial_taskflow_api_etl.py
[2020-12-20 05:22:42,329] {scheduler_job.py:639} INFO - DAG(s) dict_keys(['tutorial_taskflow_api_etl']) retrieved from /Users/harshittyagi/lil/de_env/lib/python3.8/site-packages/airflow/example_dags/tutorial_taskflow_api_etl.py
[2020-12-20 05:22:42,330] {logging_mixin.py:103} INFO - [2020-12-20 05:22:42,330] {dag.py:1813} INFO - Sync 1 DAGs
[2020-12-20 05:22:42,356] {logging_mixin.py:103} INFO - [2020-12-20 05:22:42,356] {dag.py:2266} INFO - Setting next_dagrun for tutorial_taskflow_api_etl to None
[2020-12-20 05:22:42,367] {scheduler_job.py:189} INFO - Processing /Users/harshittyagi/lil/de_env/lib/python3.8/site-packages/airflow/example_dags/tutorial_taskflow_api_etl.py took 0.043 seconds
[2020-12-20 05:23:37,458] {scheduler_job.py:181} INFO - Started process (PID=67622) to work on /Users/harshittyagi/lil/de_env/lib/python3.8/site-packages/airflow/example_dags/tutorial_taskflow_api_etl.py
[2020-12-20 05:23:37,459] {scheduler_job.py:629} INFO - Processing file /Users/harshittyagi/lil/de_env/lib/python3.8/site-packages/airflow/example_dags/tutorial_taskflow_api_etl.py for tasks to queue
[2020-12-20 05:23:37,459] {logging_mixin.py:103} INFO - [2020-12-20 05:23:37,459] {dagbag.py:440} INFO - Filling up the DagBag from /Users/harshittyagi/lil/de_env/lib/python3.8/site-packages/airflow/example_dags/tutorial_taskflow_api_etl.py
[2020-12-20 05:23:37,465] {scheduler_job.py:639} INFO - DAG(s) dict_keys(['tutorial_taskflow_api_etl']) retrieved from /Users/harshittyagi/lil/de_env/lib/python3.8/site-packages/airflow/example_dags/tutorial_taskflow_api_etl.py
[2020-12-20 05:23:37,465] {logging_mixin.py:103} INFO - [2020-12-20 05:23:37,465] {dag.py:1813} INFO - Sync 1 DAGs
[2020-12-20 05:23:37,494] {logging_mixin.py:103} INFO - [2020-12-20 05:23:37,494] {dag.py:2266} INFO - Setting next_dagrun for tutorial_taskflow_api_etl to None
[2020-12-20 05:23:37,505] {scheduler_job.py:189} INFO - Processing /Users/harshittyagi/lil/de_env/lib/python3.8/site-packages/airflow/example_dags/tutorial_taskflow_api_etl.py took 0.048 seconds
[2020-12-20 05:24:32,485] {scheduler_job.py:181} INFO - Started process (PID=67912) to work on /Users/harshittyagi/lil/de_env/lib/python3.8/site-packages/airflow/example_dags/tutorial_taskflow_api_etl.py
[2020-12-20 05:24:32,485] {scheduler_job.py:629} INFO - Processing file /Users/harshittyagi/lil/de_env/lib/python3.8/site-packages/airflow/example_dags/tutorial_taskflow_api_etl.py for tasks to queue
[2020-12-20 05:24:32,485] {logging_mixin.py:103} INFO - [2020-12-20 05:24:32,485] {dagbag.py:440} INFO - Filling up the DagBag from /Users/harshittyagi/lil/de_env/lib/python3.8/site-packages/airflow/example_dags/tutorial_taskflow_api_etl.py
[2020-12-20 05:24:32,492] {scheduler_job.py:639} INFO - DAG(s) dict_keys(['tutorial_taskflow_api_etl']) retrieved from /Users/harshittyagi/lil/de_env/lib/python3.8/site-packages/airflow/example_dags/tutorial_taskflow_api_etl.py
[2020-12-20 05:24:32,492] {logging_mixin.py:103} INFO - [2020-12-20 05:24:32,492] {dag.py:1813} INFO - Sync 1 DAGs
[2020-12-20 05:24:32,521] {logging_mixin.py:103} INFO - [2020-12-20 05:24:32,521] {dag.py:2266} INFO - Setting next_dagrun for tutorial_taskflow_api_etl to None
[2020-12-20 05:24:32,532] {scheduler_job.py:189} INFO - Processing /Users/harshittyagi/lil/de_env/lib/python3.8/site-packages/airflow/example_dags/tutorial_taskflow_api_etl.py took 0.047 seconds
[2020-12-20 05:25:27,597] {scheduler_job.py:181} INFO - Started process (PID=68199) to work on /Users/harshittyagi/lil/de_env/lib/python3.8/site-packages/airflow/example_dags/tutorial_taskflow_api_etl.py
[2020-12-20 05:25:27,597] {scheduler_job.py:629} INFO - Processing file /Users/harshittyagi/lil/de_env/lib/python3.8/site-packages/airflow/example_dags/tutorial_taskflow_api_etl.py for tasks to queue
[2020-12-20 05:25:27,598] {logging_mixin.py:103} INFO - [2020-12-20 05:25:27,598] {dagbag.py:440} INFO - Filling up the DagBag from /Users/harshittyagi/lil/de_env/lib/python3.8/site-packages/airflow/example_dags/tutorial_taskflow_api_etl.py
[2020-12-20 05:25:27,604] {scheduler_job.py:639} INFO - DAG(s) dict_keys(['tutorial_taskflow_api_etl']) retrieved from /Users/harshittyagi/lil/de_env/lib/python3.8/site-packages/airflow/example_dags/tutorial_taskflow_api_etl.py
[2020-12-20 05:25:27,604] {logging_mixin.py:103} INFO - [2020-12-20 05:25:27,604] {dag.py:1813} INFO - Sync 1 DAGs
[2020-12-20 05:25:27,631] {logging_mixin.py:103} INFO - [2020-12-20 05:25:27,631] {dag.py:2266} INFO - Setting next_dagrun for tutorial_taskflow_api_etl to None
[2020-12-20 05:25:27,645] {scheduler_job.py:189} INFO - Processing /Users/harshittyagi/lil/de_env/lib/python3.8/site-packages/airflow/example_dags/tutorial_taskflow_api_etl.py took 0.048 seconds
[2020-12-20 05:26:22,950] {scheduler_job.py:181} INFO - Started process (PID=68481) to work on /Users/harshittyagi/lil/de_env/lib/python3.8/site-packages/airflow/example_dags/tutorial_taskflow_api_etl.py
[2020-12-20 05:26:22,950] {scheduler_job.py:629} INFO - Processing file /Users/harshittyagi/lil/de_env/lib/python3.8/site-packages/airflow/example_dags/tutorial_taskflow_api_etl.py for tasks to queue
[2020-12-20 05:26:22,950] {logging_mixin.py:103} INFO - [2020-12-20 05:26:22,950] {dagbag.py:440} INFO - Filling up the DagBag from /Users/harshittyagi/lil/de_env/lib/python3.8/site-packages/airflow/example_dags/tutorial_taskflow_api_etl.py
[2020-12-20 05:26:22,956] {scheduler_job.py:639} INFO - DAG(s) dict_keys(['tutorial_taskflow_api_etl']) retrieved from /Users/harshittyagi/lil/de_env/lib/python3.8/site-packages/airflow/example_dags/tutorial_taskflow_api_etl.py
[2020-12-20 05:26:22,956] {logging_mixin.py:103} INFO - [2020-12-20 05:26:22,956] {dag.py:1813} INFO - Sync 1 DAGs
[2020-12-20 05:26:22,981] {logging_mixin.py:103} INFO - [2020-12-20 05:26:22,981] {dag.py:2266} INFO - Setting next_dagrun for tutorial_taskflow_api_etl to None
[2020-12-20 05:26:22,991] {scheduler_job.py:189} INFO - Processing /Users/harshittyagi/lil/de_env/lib/python3.8/site-packages/airflow/example_dags/tutorial_taskflow_api_etl.py took 0.042 seconds
[2020-12-20 05:27:17,874] {scheduler_job.py:181} INFO - Started process (PID=68768) to work on /Users/harshittyagi/lil/de_env/lib/python3.8/site-packages/airflow/example_dags/tutorial_taskflow_api_etl.py
[2020-12-20 05:27:17,875] {scheduler_job.py:629} INFO - Processing file /Users/harshittyagi/lil/de_env/lib/python3.8/site-packages/airflow/example_dags/tutorial_taskflow_api_etl.py for tasks to queue
[2020-12-20 05:27:17,875] {logging_mixin.py:103} INFO - [2020-12-20 05:27:17,875] {dagbag.py:440} INFO - Filling up the DagBag from /Users/harshittyagi/lil/de_env/lib/python3.8/site-packages/airflow/example_dags/tutorial_taskflow_api_etl.py
[2020-12-20 05:27:17,881] {scheduler_job.py:639} INFO - DAG(s) dict_keys(['tutorial_taskflow_api_etl']) retrieved from /Users/harshittyagi/lil/de_env/lib/python3.8/site-packages/airflow/example_dags/tutorial_taskflow_api_etl.py
[2020-12-20 05:27:17,882] {logging_mixin.py:103} INFO - [2020-12-20 05:27:17,881] {dag.py:1813} INFO - Sync 1 DAGs
[2020-12-20 05:27:17,910] {logging_mixin.py:103} INFO - [2020-12-20 05:27:17,910] {dag.py:2266} INFO - Setting next_dagrun for tutorial_taskflow_api_etl to None
[2020-12-20 05:27:17,921] {scheduler_job.py:189} INFO - Processing /Users/harshittyagi/lil/de_env/lib/python3.8/site-packages/airflow/example_dags/tutorial_taskflow_api_etl.py took 0.047 seconds
[2020-12-20 05:28:15,426] {scheduler_job.py:181} INFO - Started process (PID=69052) to work on /Users/harshittyagi/lil/de_env/lib/python3.8/site-packages/airflow/example_dags/tutorial_taskflow_api_etl.py
[2020-12-20 05:28:15,427] {scheduler_job.py:629} INFO - Processing file /Users/harshittyagi/lil/de_env/lib/python3.8/site-packages/airflow/example_dags/tutorial_taskflow_api_etl.py for tasks to queue
[2020-12-20 05:28:15,428] {logging_mixin.py:103} INFO - [2020-12-20 05:28:15,428] {dagbag.py:440} INFO - Filling up the DagBag from /Users/harshittyagi/lil/de_env/lib/python3.8/site-packages/airflow/example_dags/tutorial_taskflow_api_etl.py
[2020-12-20 05:28:15,433] {scheduler_job.py:639} INFO - DAG(s) dict_keys(['tutorial_taskflow_api_etl']) retrieved from /Users/harshittyagi/lil/de_env/lib/python3.8/site-packages/airflow/example_dags/tutorial_taskflow_api_etl.py
[2020-12-20 05:28:15,434] {logging_mixin.py:103} INFO - [2020-12-20 05:28:15,433] {dag.py:1813} INFO - Sync 1 DAGs
[2020-12-20 05:28:15,460] {logging_mixin.py:103} INFO - [2020-12-20 05:28:15,460] {dag.py:2266} INFO - Setting next_dagrun for tutorial_taskflow_api_etl to None
[2020-12-20 05:28:15,470] {scheduler_job.py:189} INFO - Processing /Users/harshittyagi/lil/de_env/lib/python3.8/site-packages/airflow/example_dags/tutorial_taskflow_api_etl.py took 0.044 seconds
[2020-12-20 05:29:09,315] {scheduler_job.py:181} INFO - Started process (PID=69340) to work on /Users/harshittyagi/lil/de_env/lib/python3.8/site-packages/airflow/example_dags/tutorial_taskflow_api_etl.py
[2020-12-20 05:29:09,315] {scheduler_job.py:629} INFO - Processing file /Users/harshittyagi/lil/de_env/lib/python3.8/site-packages/airflow/example_dags/tutorial_taskflow_api_etl.py for tasks to queue
[2020-12-20 05:29:09,315] {logging_mixin.py:103} INFO - [2020-12-20 05:29:09,315] {dagbag.py:440} INFO - Filling up the DagBag from /Users/harshittyagi/lil/de_env/lib/python3.8/site-packages/airflow/example_dags/tutorial_taskflow_api_etl.py
[2020-12-20 05:29:09,320] {scheduler_job.py:639} INFO - DAG(s) dict_keys(['tutorial_taskflow_api_etl']) retrieved from /Users/harshittyagi/lil/de_env/lib/python3.8/site-packages/airflow/example_dags/tutorial_taskflow_api_etl.py
[2020-12-20 05:29:09,321] {logging_mixin.py:103} INFO - [2020-12-20 05:29:09,321] {dag.py:1813} INFO - Sync 1 DAGs
[2020-12-20 05:29:09,345] {logging_mixin.py:103} INFO - [2020-12-20 05:29:09,344] {dag.py:2266} INFO - Setting next_dagrun for tutorial_taskflow_api_etl to None
[2020-12-20 05:29:09,354] {scheduler_job.py:189} INFO - Processing /Users/harshittyagi/lil/de_env/lib/python3.8/site-packages/airflow/example_dags/tutorial_taskflow_api_etl.py took 0.039 seconds
