[2020-12-20 04:41:56,831] {scheduler_job.py:181} INFO - Started process (PID=54466) to work on /Users/harshittyagi/lil/de_env/lib/python3.8/site-packages/airflow/example_dags/tutorial.py
[2020-12-20 04:41:56,832] {scheduler_job.py:629} INFO - Processing file /Users/harshittyagi/lil/de_env/lib/python3.8/site-packages/airflow/example_dags/tutorial.py for tasks to queue
[2020-12-20 04:41:56,832] {logging_mixin.py:103} INFO - [2020-12-20 04:41:56,832] {dagbag.py:440} INFO - Filling up the DagBag from /Users/harshittyagi/lil/de_env/lib/python3.8/site-packages/airflow/example_dags/tutorial.py
[2020-12-20 04:41:56,837] {scheduler_job.py:639} INFO - DAG(s) dict_keys(['tutorial']) retrieved from /Users/harshittyagi/lil/de_env/lib/python3.8/site-packages/airflow/example_dags/tutorial.py
[2020-12-20 04:41:56,838] {logging_mixin.py:103} INFO - [2020-12-20 04:41:56,838] {dag.py:1813} INFO - Sync 1 DAGs
[2020-12-20 04:41:56,872] {logging_mixin.py:103} INFO - [2020-12-20 04:41:56,872] {dag.py:2266} INFO - Setting next_dagrun for tutorial to 2020-12-17 00:00:00+00:00
[2020-12-20 04:41:56,885] {scheduler_job.py:189} INFO - Processing /Users/harshittyagi/lil/de_env/lib/python3.8/site-packages/airflow/example_dags/tutorial.py took 0.054 seconds
[2020-12-20 04:42:52,881] {scheduler_job.py:181} INFO - Started process (PID=54769) to work on /Users/harshittyagi/lil/de_env/lib/python3.8/site-packages/airflow/example_dags/tutorial.py
[2020-12-20 04:42:52,882] {scheduler_job.py:629} INFO - Processing file /Users/harshittyagi/lil/de_env/lib/python3.8/site-packages/airflow/example_dags/tutorial.py for tasks to queue
[2020-12-20 04:42:52,882] {logging_mixin.py:103} INFO - [2020-12-20 04:42:52,882] {dagbag.py:440} INFO - Filling up the DagBag from /Users/harshittyagi/lil/de_env/lib/python3.8/site-packages/airflow/example_dags/tutorial.py
[2020-12-20 04:42:52,887] {scheduler_job.py:639} INFO - DAG(s) dict_keys(['tutorial']) retrieved from /Users/harshittyagi/lil/de_env/lib/python3.8/site-packages/airflow/example_dags/tutorial.py
[2020-12-20 04:42:52,888] {logging_mixin.py:103} INFO - [2020-12-20 04:42:52,888] {dag.py:1813} INFO - Sync 1 DAGs
[2020-12-20 04:42:52,917] {logging_mixin.py:103} INFO - [2020-12-20 04:42:52,917] {dag.py:2266} INFO - Setting next_dagrun for tutorial to 2020-12-17 00:00:00+00:00
[2020-12-20 04:42:52,929] {scheduler_job.py:189} INFO - Processing /Users/harshittyagi/lil/de_env/lib/python3.8/site-packages/airflow/example_dags/tutorial.py took 0.049 seconds
[2020-12-20 04:43:51,346] {scheduler_job.py:181} INFO - Started process (PID=55066) to work on /Users/harshittyagi/lil/de_env/lib/python3.8/site-packages/airflow/example_dags/tutorial.py
[2020-12-20 04:43:51,347] {scheduler_job.py:629} INFO - Processing file /Users/harshittyagi/lil/de_env/lib/python3.8/site-packages/airflow/example_dags/tutorial.py for tasks to queue
[2020-12-20 04:43:51,347] {logging_mixin.py:103} INFO - [2020-12-20 04:43:51,347] {dagbag.py:440} INFO - Filling up the DagBag from /Users/harshittyagi/lil/de_env/lib/python3.8/site-packages/airflow/example_dags/tutorial.py
[2020-12-20 04:43:51,358] {scheduler_job.py:639} INFO - DAG(s) dict_keys(['tutorial']) retrieved from /Users/harshittyagi/lil/de_env/lib/python3.8/site-packages/airflow/example_dags/tutorial.py
[2020-12-20 04:43:51,359] {logging_mixin.py:103} INFO - [2020-12-20 04:43:51,359] {dag.py:1813} INFO - Sync 1 DAGs
[2020-12-20 04:43:51,402] {logging_mixin.py:103} INFO - [2020-12-20 04:43:51,402] {dag.py:2266} INFO - Setting next_dagrun for tutorial to 2020-12-17 00:00:00+00:00
[2020-12-20 04:43:51,414] {scheduler_job.py:189} INFO - Processing /Users/harshittyagi/lil/de_env/lib/python3.8/site-packages/airflow/example_dags/tutorial.py took 0.069 seconds
[2020-12-20 04:45:02,013] {scheduler_job.py:181} INFO - Started process (PID=55354) to work on /Users/harshittyagi/lil/de_env/lib/python3.8/site-packages/airflow/example_dags/tutorial.py
[2020-12-20 04:45:02,013] {scheduler_job.py:629} INFO - Processing file /Users/harshittyagi/lil/de_env/lib/python3.8/site-packages/airflow/example_dags/tutorial.py for tasks to queue
[2020-12-20 04:45:02,014] {logging_mixin.py:103} INFO - [2020-12-20 04:45:02,014] {dagbag.py:440} INFO - Filling up the DagBag from /Users/harshittyagi/lil/de_env/lib/python3.8/site-packages/airflow/example_dags/tutorial.py
[2020-12-20 04:45:02,019] {scheduler_job.py:639} INFO - DAG(s) dict_keys(['tutorial']) retrieved from /Users/harshittyagi/lil/de_env/lib/python3.8/site-packages/airflow/example_dags/tutorial.py
[2020-12-20 04:45:02,019] {logging_mixin.py:103} INFO - [2020-12-20 04:45:02,019] {dag.py:1813} INFO - Sync 1 DAGs
[2020-12-20 04:45:02,051] {logging_mixin.py:103} INFO - [2020-12-20 04:45:02,051] {dag.py:2266} INFO - Setting next_dagrun for tutorial to 2020-12-17 00:00:00+00:00
[2020-12-20 04:45:02,064] {scheduler_job.py:189} INFO - Processing /Users/harshittyagi/lil/de_env/lib/python3.8/site-packages/airflow/example_dags/tutorial.py took 0.052 seconds
[2020-12-20 04:45:54,556] {scheduler_job.py:181} INFO - Started process (PID=55644) to work on /Users/harshittyagi/lil/de_env/lib/python3.8/site-packages/airflow/example_dags/tutorial.py
[2020-12-20 04:45:54,557] {scheduler_job.py:629} INFO - Processing file /Users/harshittyagi/lil/de_env/lib/python3.8/site-packages/airflow/example_dags/tutorial.py for tasks to queue
[2020-12-20 04:45:54,557] {logging_mixin.py:103} INFO - [2020-12-20 04:45:54,557] {dagbag.py:440} INFO - Filling up the DagBag from /Users/harshittyagi/lil/de_env/lib/python3.8/site-packages/airflow/example_dags/tutorial.py
[2020-12-20 04:45:54,562] {scheduler_job.py:639} INFO - DAG(s) dict_keys(['tutorial']) retrieved from /Users/harshittyagi/lil/de_env/lib/python3.8/site-packages/airflow/example_dags/tutorial.py
[2020-12-20 04:45:54,563] {logging_mixin.py:103} INFO - [2020-12-20 04:45:54,562] {dag.py:1813} INFO - Sync 1 DAGs
[2020-12-20 04:45:54,592] {logging_mixin.py:103} INFO - [2020-12-20 04:45:54,592] {dag.py:2266} INFO - Setting next_dagrun for tutorial to 2020-12-17 00:00:00+00:00
[2020-12-20 04:45:54,605] {scheduler_job.py:189} INFO - Processing /Users/harshittyagi/lil/de_env/lib/python3.8/site-packages/airflow/example_dags/tutorial.py took 0.049 seconds
[2020-12-20 04:46:48,615] {scheduler_job.py:181} INFO - Started process (PID=55926) to work on /Users/harshittyagi/lil/de_env/lib/python3.8/site-packages/airflow/example_dags/tutorial.py
[2020-12-20 04:46:48,615] {scheduler_job.py:629} INFO - Processing file /Users/harshittyagi/lil/de_env/lib/python3.8/site-packages/airflow/example_dags/tutorial.py for tasks to queue
[2020-12-20 04:46:48,616] {logging_mixin.py:103} INFO - [2020-12-20 04:46:48,616] {dagbag.py:440} INFO - Filling up the DagBag from /Users/harshittyagi/lil/de_env/lib/python3.8/site-packages/airflow/example_dags/tutorial.py
[2020-12-20 04:46:48,620] {scheduler_job.py:639} INFO - DAG(s) dict_keys(['tutorial']) retrieved from /Users/harshittyagi/lil/de_env/lib/python3.8/site-packages/airflow/example_dags/tutorial.py
[2020-12-20 04:46:48,620] {logging_mixin.py:103} INFO - [2020-12-20 04:46:48,620] {dag.py:1813} INFO - Sync 1 DAGs
[2020-12-20 04:46:48,644] {logging_mixin.py:103} INFO - [2020-12-20 04:46:48,644] {dag.py:2266} INFO - Setting next_dagrun for tutorial to 2020-12-17 00:00:00+00:00
[2020-12-20 04:46:48,654] {scheduler_job.py:189} INFO - Processing /Users/harshittyagi/lil/de_env/lib/python3.8/site-packages/airflow/example_dags/tutorial.py took 0.040 seconds
[2020-12-20 04:47:42,078] {scheduler_job.py:181} INFO - Started process (PID=56211) to work on /Users/harshittyagi/lil/de_env/lib/python3.8/site-packages/airflow/example_dags/tutorial.py
[2020-12-20 04:47:42,079] {scheduler_job.py:629} INFO - Processing file /Users/harshittyagi/lil/de_env/lib/python3.8/site-packages/airflow/example_dags/tutorial.py for tasks to queue
[2020-12-20 04:47:42,079] {logging_mixin.py:103} INFO - [2020-12-20 04:47:42,079] {dagbag.py:440} INFO - Filling up the DagBag from /Users/harshittyagi/lil/de_env/lib/python3.8/site-packages/airflow/example_dags/tutorial.py
[2020-12-20 04:47:42,083] {scheduler_job.py:639} INFO - DAG(s) dict_keys(['tutorial']) retrieved from /Users/harshittyagi/lil/de_env/lib/python3.8/site-packages/airflow/example_dags/tutorial.py
[2020-12-20 04:47:42,084] {logging_mixin.py:103} INFO - [2020-12-20 04:47:42,084] {dag.py:1813} INFO - Sync 1 DAGs
[2020-12-20 04:47:42,108] {logging_mixin.py:103} INFO - [2020-12-20 04:47:42,108] {dag.py:2266} INFO - Setting next_dagrun for tutorial to 2020-12-17 00:00:00+00:00
[2020-12-20 04:47:42,118] {scheduler_job.py:189} INFO - Processing /Users/harshittyagi/lil/de_env/lib/python3.8/site-packages/airflow/example_dags/tutorial.py took 0.040 seconds
[2020-12-20 04:48:35,788] {scheduler_job.py:181} INFO - Started process (PID=56498) to work on /Users/harshittyagi/lil/de_env/lib/python3.8/site-packages/airflow/example_dags/tutorial.py
[2020-12-20 04:48:35,788] {scheduler_job.py:629} INFO - Processing file /Users/harshittyagi/lil/de_env/lib/python3.8/site-packages/airflow/example_dags/tutorial.py for tasks to queue
[2020-12-20 04:48:35,789] {logging_mixin.py:103} INFO - [2020-12-20 04:48:35,789] {dagbag.py:440} INFO - Filling up the DagBag from /Users/harshittyagi/lil/de_env/lib/python3.8/site-packages/airflow/example_dags/tutorial.py
[2020-12-20 04:48:35,793] {scheduler_job.py:639} INFO - DAG(s) dict_keys(['tutorial']) retrieved from /Users/harshittyagi/lil/de_env/lib/python3.8/site-packages/airflow/example_dags/tutorial.py
[2020-12-20 04:48:35,793] {logging_mixin.py:103} INFO - [2020-12-20 04:48:35,793] {dag.py:1813} INFO - Sync 1 DAGs
[2020-12-20 04:48:35,821] {logging_mixin.py:103} INFO - [2020-12-20 04:48:35,821] {dag.py:2266} INFO - Setting next_dagrun for tutorial to 2020-12-17 00:00:00+00:00
[2020-12-20 04:48:35,829] {scheduler_job.py:189} INFO - Processing /Users/harshittyagi/lil/de_env/lib/python3.8/site-packages/airflow/example_dags/tutorial.py took 0.041 seconds
[2020-12-20 04:49:29,221] {scheduler_job.py:181} INFO - Started process (PID=56782) to work on /Users/harshittyagi/lil/de_env/lib/python3.8/site-packages/airflow/example_dags/tutorial.py
[2020-12-20 04:49:29,222] {scheduler_job.py:629} INFO - Processing file /Users/harshittyagi/lil/de_env/lib/python3.8/site-packages/airflow/example_dags/tutorial.py for tasks to queue
[2020-12-20 04:49:29,222] {logging_mixin.py:103} INFO - [2020-12-20 04:49:29,222] {dagbag.py:440} INFO - Filling up the DagBag from /Users/harshittyagi/lil/de_env/lib/python3.8/site-packages/airflow/example_dags/tutorial.py
[2020-12-20 04:49:29,226] {scheduler_job.py:639} INFO - DAG(s) dict_keys(['tutorial']) retrieved from /Users/harshittyagi/lil/de_env/lib/python3.8/site-packages/airflow/example_dags/tutorial.py
[2020-12-20 04:49:29,226] {logging_mixin.py:103} INFO - [2020-12-20 04:49:29,226] {dag.py:1813} INFO - Sync 1 DAGs
[2020-12-20 04:49:29,249] {logging_mixin.py:103} INFO - [2020-12-20 04:49:29,249] {dag.py:2266} INFO - Setting next_dagrun for tutorial to 2020-12-17 00:00:00+00:00
[2020-12-20 04:49:29,260] {scheduler_job.py:189} INFO - Processing /Users/harshittyagi/lil/de_env/lib/python3.8/site-packages/airflow/example_dags/tutorial.py took 0.039 seconds
[2020-12-20 04:50:23,016] {scheduler_job.py:181} INFO - Started process (PID=57068) to work on /Users/harshittyagi/lil/de_env/lib/python3.8/site-packages/airflow/example_dags/tutorial.py
[2020-12-20 04:50:23,016] {scheduler_job.py:629} INFO - Processing file /Users/harshittyagi/lil/de_env/lib/python3.8/site-packages/airflow/example_dags/tutorial.py for tasks to queue
[2020-12-20 04:50:23,016] {logging_mixin.py:103} INFO - [2020-12-20 04:50:23,016] {dagbag.py:440} INFO - Filling up the DagBag from /Users/harshittyagi/lil/de_env/lib/python3.8/site-packages/airflow/example_dags/tutorial.py
[2020-12-20 04:50:23,021] {scheduler_job.py:639} INFO - DAG(s) dict_keys(['tutorial']) retrieved from /Users/harshittyagi/lil/de_env/lib/python3.8/site-packages/airflow/example_dags/tutorial.py
[2020-12-20 04:50:23,021] {logging_mixin.py:103} INFO - [2020-12-20 04:50:23,021] {dag.py:1813} INFO - Sync 1 DAGs
[2020-12-20 04:50:23,046] {logging_mixin.py:103} INFO - [2020-12-20 04:50:23,046] {dag.py:2266} INFO - Setting next_dagrun for tutorial to 2020-12-17 00:00:00+00:00
[2020-12-20 04:50:23,054] {scheduler_job.py:189} INFO - Processing /Users/harshittyagi/lil/de_env/lib/python3.8/site-packages/airflow/example_dags/tutorial.py took 0.038 seconds
[2020-12-20 04:51:16,763] {scheduler_job.py:181} INFO - Started process (PID=57351) to work on /Users/harshittyagi/lil/de_env/lib/python3.8/site-packages/airflow/example_dags/tutorial.py
[2020-12-20 04:51:16,763] {scheduler_job.py:629} INFO - Processing file /Users/harshittyagi/lil/de_env/lib/python3.8/site-packages/airflow/example_dags/tutorial.py for tasks to queue
[2020-12-20 04:51:16,763] {logging_mixin.py:103} INFO - [2020-12-20 04:51:16,763] {dagbag.py:440} INFO - Filling up the DagBag from /Users/harshittyagi/lil/de_env/lib/python3.8/site-packages/airflow/example_dags/tutorial.py
[2020-12-20 04:51:16,767] {scheduler_job.py:639} INFO - DAG(s) dict_keys(['tutorial']) retrieved from /Users/harshittyagi/lil/de_env/lib/python3.8/site-packages/airflow/example_dags/tutorial.py
[2020-12-20 04:51:16,767] {logging_mixin.py:103} INFO - [2020-12-20 04:51:16,767] {dag.py:1813} INFO - Sync 1 DAGs
[2020-12-20 04:51:16,793] {logging_mixin.py:103} INFO - [2020-12-20 04:51:16,793] {dag.py:2266} INFO - Setting next_dagrun for tutorial to 2020-12-17 00:00:00+00:00
[2020-12-20 04:51:16,804] {scheduler_job.py:189} INFO - Processing /Users/harshittyagi/lil/de_env/lib/python3.8/site-packages/airflow/example_dags/tutorial.py took 0.041 seconds
[2020-12-20 04:52:07,070] {scheduler_job.py:181} INFO - Started process (PID=57635) to work on /Users/harshittyagi/lil/de_env/lib/python3.8/site-packages/airflow/example_dags/tutorial.py
[2020-12-20 04:52:07,070] {scheduler_job.py:629} INFO - Processing file /Users/harshittyagi/lil/de_env/lib/python3.8/site-packages/airflow/example_dags/tutorial.py for tasks to queue
[2020-12-20 04:52:07,071] {logging_mixin.py:103} INFO - [2020-12-20 04:52:07,070] {dagbag.py:440} INFO - Filling up the DagBag from /Users/harshittyagi/lil/de_env/lib/python3.8/site-packages/airflow/example_dags/tutorial.py
[2020-12-20 04:52:07,075] {scheduler_job.py:639} INFO - DAG(s) dict_keys(['tutorial']) retrieved from /Users/harshittyagi/lil/de_env/lib/python3.8/site-packages/airflow/example_dags/tutorial.py
[2020-12-20 04:52:07,075] {logging_mixin.py:103} INFO - [2020-12-20 04:52:07,075] {dag.py:1813} INFO - Sync 1 DAGs
[2020-12-20 04:52:07,099] {logging_mixin.py:103} INFO - [2020-12-20 04:52:07,099] {dag.py:2266} INFO - Setting next_dagrun for tutorial to 2020-12-17 00:00:00+00:00
[2020-12-20 04:52:07,109] {scheduler_job.py:189} INFO - Processing /Users/harshittyagi/lil/de_env/lib/python3.8/site-packages/airflow/example_dags/tutorial.py took 0.040 seconds
[2020-12-20 04:53:00,990] {scheduler_job.py:181} INFO - Started process (PID=57924) to work on /Users/harshittyagi/lil/de_env/lib/python3.8/site-packages/airflow/example_dags/tutorial.py
[2020-12-20 04:53:00,991] {scheduler_job.py:629} INFO - Processing file /Users/harshittyagi/lil/de_env/lib/python3.8/site-packages/airflow/example_dags/tutorial.py for tasks to queue
[2020-12-20 04:53:00,991] {logging_mixin.py:103} INFO - [2020-12-20 04:53:00,991] {dagbag.py:440} INFO - Filling up the DagBag from /Users/harshittyagi/lil/de_env/lib/python3.8/site-packages/airflow/example_dags/tutorial.py
[2020-12-20 04:53:00,995] {scheduler_job.py:639} INFO - DAG(s) dict_keys(['tutorial']) retrieved from /Users/harshittyagi/lil/de_env/lib/python3.8/site-packages/airflow/example_dags/tutorial.py
[2020-12-20 04:53:00,995] {logging_mixin.py:103} INFO - [2020-12-20 04:53:00,995] {dag.py:1813} INFO - Sync 1 DAGs
[2020-12-20 04:53:01,021] {logging_mixin.py:103} INFO - [2020-12-20 04:53:01,020] {dag.py:2266} INFO - Setting next_dagrun for tutorial to 2020-12-17 00:00:00+00:00
[2020-12-20 04:53:01,033] {scheduler_job.py:189} INFO - Processing /Users/harshittyagi/lil/de_env/lib/python3.8/site-packages/airflow/example_dags/tutorial.py took 0.043 seconds
[2020-12-20 04:53:55,173] {scheduler_job.py:181} INFO - Started process (PID=58210) to work on /Users/harshittyagi/lil/de_env/lib/python3.8/site-packages/airflow/example_dags/tutorial.py
[2020-12-20 04:53:55,174] {scheduler_job.py:629} INFO - Processing file /Users/harshittyagi/lil/de_env/lib/python3.8/site-packages/airflow/example_dags/tutorial.py for tasks to queue
[2020-12-20 04:53:55,174] {logging_mixin.py:103} INFO - [2020-12-20 04:53:55,174] {dagbag.py:440} INFO - Filling up the DagBag from /Users/harshittyagi/lil/de_env/lib/python3.8/site-packages/airflow/example_dags/tutorial.py
[2020-12-20 04:53:55,179] {scheduler_job.py:639} INFO - DAG(s) dict_keys(['tutorial']) retrieved from /Users/harshittyagi/lil/de_env/lib/python3.8/site-packages/airflow/example_dags/tutorial.py
[2020-12-20 04:53:55,179] {logging_mixin.py:103} INFO - [2020-12-20 04:53:55,179] {dag.py:1813} INFO - Sync 1 DAGs
[2020-12-20 04:53:55,206] {logging_mixin.py:103} INFO - [2020-12-20 04:53:55,206] {dag.py:2266} INFO - Setting next_dagrun for tutorial to 2020-12-17 00:00:00+00:00
[2020-12-20 04:53:55,217] {scheduler_job.py:189} INFO - Processing /Users/harshittyagi/lil/de_env/lib/python3.8/site-packages/airflow/example_dags/tutorial.py took 0.044 seconds
[2020-12-20 04:54:49,151] {scheduler_job.py:181} INFO - Started process (PID=58502) to work on /Users/harshittyagi/lil/de_env/lib/python3.8/site-packages/airflow/example_dags/tutorial.py
[2020-12-20 04:54:49,151] {scheduler_job.py:629} INFO - Processing file /Users/harshittyagi/lil/de_env/lib/python3.8/site-packages/airflow/example_dags/tutorial.py for tasks to queue
[2020-12-20 04:54:49,152] {logging_mixin.py:103} INFO - [2020-12-20 04:54:49,152] {dagbag.py:440} INFO - Filling up the DagBag from /Users/harshittyagi/lil/de_env/lib/python3.8/site-packages/airflow/example_dags/tutorial.py
[2020-12-20 04:54:49,155] {scheduler_job.py:639} INFO - DAG(s) dict_keys(['tutorial']) retrieved from /Users/harshittyagi/lil/de_env/lib/python3.8/site-packages/airflow/example_dags/tutorial.py
[2020-12-20 04:54:49,156] {logging_mixin.py:103} INFO - [2020-12-20 04:54:49,156] {dag.py:1813} INFO - Sync 1 DAGs
[2020-12-20 04:54:49,181] {logging_mixin.py:103} INFO - [2020-12-20 04:54:49,181] {dag.py:2266} INFO - Setting next_dagrun for tutorial to 2020-12-17 00:00:00+00:00
[2020-12-20 04:54:49,191] {scheduler_job.py:189} INFO - Processing /Users/harshittyagi/lil/de_env/lib/python3.8/site-packages/airflow/example_dags/tutorial.py took 0.040 seconds
[2020-12-20 04:55:43,489] {scheduler_job.py:181} INFO - Started process (PID=58783) to work on /Users/harshittyagi/lil/de_env/lib/python3.8/site-packages/airflow/example_dags/tutorial.py
[2020-12-20 04:55:43,490] {scheduler_job.py:629} INFO - Processing file /Users/harshittyagi/lil/de_env/lib/python3.8/site-packages/airflow/example_dags/tutorial.py for tasks to queue
[2020-12-20 04:55:43,490] {logging_mixin.py:103} INFO - [2020-12-20 04:55:43,490] {dagbag.py:440} INFO - Filling up the DagBag from /Users/harshittyagi/lil/de_env/lib/python3.8/site-packages/airflow/example_dags/tutorial.py
[2020-12-20 04:55:43,494] {scheduler_job.py:639} INFO - DAG(s) dict_keys(['tutorial']) retrieved from /Users/harshittyagi/lil/de_env/lib/python3.8/site-packages/airflow/example_dags/tutorial.py
[2020-12-20 04:55:43,495] {logging_mixin.py:103} INFO - [2020-12-20 04:55:43,495] {dag.py:1813} INFO - Sync 1 DAGs
[2020-12-20 04:55:43,520] {logging_mixin.py:103} INFO - [2020-12-20 04:55:43,519] {dag.py:2266} INFO - Setting next_dagrun for tutorial to 2020-12-17 00:00:00+00:00
[2020-12-20 04:55:43,527] {scheduler_job.py:189} INFO - Processing /Users/harshittyagi/lil/de_env/lib/python3.8/site-packages/airflow/example_dags/tutorial.py took 0.038 seconds
[2020-12-20 04:56:37,433] {scheduler_job.py:181} INFO - Started process (PID=59065) to work on /Users/harshittyagi/lil/de_env/lib/python3.8/site-packages/airflow/example_dags/tutorial.py
[2020-12-20 04:56:37,434] {scheduler_job.py:629} INFO - Processing file /Users/harshittyagi/lil/de_env/lib/python3.8/site-packages/airflow/example_dags/tutorial.py for tasks to queue
[2020-12-20 04:56:37,434] {logging_mixin.py:103} INFO - [2020-12-20 04:56:37,434] {dagbag.py:440} INFO - Filling up the DagBag from /Users/harshittyagi/lil/de_env/lib/python3.8/site-packages/airflow/example_dags/tutorial.py
[2020-12-20 04:56:37,438] {scheduler_job.py:639} INFO - DAG(s) dict_keys(['tutorial']) retrieved from /Users/harshittyagi/lil/de_env/lib/python3.8/site-packages/airflow/example_dags/tutorial.py
[2020-12-20 04:56:37,438] {logging_mixin.py:103} INFO - [2020-12-20 04:56:37,438] {dag.py:1813} INFO - Sync 1 DAGs
[2020-12-20 04:56:37,463] {logging_mixin.py:103} INFO - [2020-12-20 04:56:37,463] {dag.py:2266} INFO - Setting next_dagrun for tutorial to 2020-12-17 00:00:00+00:00
[2020-12-20 04:56:37,473] {scheduler_job.py:189} INFO - Processing /Users/harshittyagi/lil/de_env/lib/python3.8/site-packages/airflow/example_dags/tutorial.py took 0.039 seconds
[2020-12-20 04:57:31,320] {scheduler_job.py:181} INFO - Started process (PID=59349) to work on /Users/harshittyagi/lil/de_env/lib/python3.8/site-packages/airflow/example_dags/tutorial.py
[2020-12-20 04:57:31,320] {scheduler_job.py:629} INFO - Processing file /Users/harshittyagi/lil/de_env/lib/python3.8/site-packages/airflow/example_dags/tutorial.py for tasks to queue
[2020-12-20 04:57:31,320] {logging_mixin.py:103} INFO - [2020-12-20 04:57:31,320] {dagbag.py:440} INFO - Filling up the DagBag from /Users/harshittyagi/lil/de_env/lib/python3.8/site-packages/airflow/example_dags/tutorial.py
[2020-12-20 04:57:31,325] {scheduler_job.py:639} INFO - DAG(s) dict_keys(['tutorial']) retrieved from /Users/harshittyagi/lil/de_env/lib/python3.8/site-packages/airflow/example_dags/tutorial.py
[2020-12-20 04:57:31,325] {logging_mixin.py:103} INFO - [2020-12-20 04:57:31,325] {dag.py:1813} INFO - Sync 1 DAGs
[2020-12-20 04:57:31,352] {logging_mixin.py:103} INFO - [2020-12-20 04:57:31,352] {dag.py:2266} INFO - Setting next_dagrun for tutorial to 2020-12-17 00:00:00+00:00
[2020-12-20 04:57:31,359] {scheduler_job.py:189} INFO - Processing /Users/harshittyagi/lil/de_env/lib/python3.8/site-packages/airflow/example_dags/tutorial.py took 0.040 seconds
[2020-12-20 04:58:24,984] {scheduler_job.py:181} INFO - Started process (PID=59630) to work on /Users/harshittyagi/lil/de_env/lib/python3.8/site-packages/airflow/example_dags/tutorial.py
[2020-12-20 04:58:24,984] {scheduler_job.py:629} INFO - Processing file /Users/harshittyagi/lil/de_env/lib/python3.8/site-packages/airflow/example_dags/tutorial.py for tasks to queue
[2020-12-20 04:58:24,984] {logging_mixin.py:103} INFO - [2020-12-20 04:58:24,984] {dagbag.py:440} INFO - Filling up the DagBag from /Users/harshittyagi/lil/de_env/lib/python3.8/site-packages/airflow/example_dags/tutorial.py
[2020-12-20 04:58:24,989] {scheduler_job.py:639} INFO - DAG(s) dict_keys(['tutorial']) retrieved from /Users/harshittyagi/lil/de_env/lib/python3.8/site-packages/airflow/example_dags/tutorial.py
[2020-12-20 04:58:24,989] {logging_mixin.py:103} INFO - [2020-12-20 04:58:24,989] {dag.py:1813} INFO - Sync 1 DAGs
[2020-12-20 04:58:25,017] {logging_mixin.py:103} INFO - [2020-12-20 04:58:25,017] {dag.py:2266} INFO - Setting next_dagrun for tutorial to 2020-12-17 00:00:00+00:00
[2020-12-20 04:58:25,027] {scheduler_job.py:189} INFO - Processing /Users/harshittyagi/lil/de_env/lib/python3.8/site-packages/airflow/example_dags/tutorial.py took 0.043 seconds
[2020-12-20 04:59:18,966] {scheduler_job.py:181} INFO - Started process (PID=59912) to work on /Users/harshittyagi/lil/de_env/lib/python3.8/site-packages/airflow/example_dags/tutorial.py
[2020-12-20 04:59:18,966] {scheduler_job.py:629} INFO - Processing file /Users/harshittyagi/lil/de_env/lib/python3.8/site-packages/airflow/example_dags/tutorial.py for tasks to queue
[2020-12-20 04:59:18,967] {logging_mixin.py:103} INFO - [2020-12-20 04:59:18,967] {dagbag.py:440} INFO - Filling up the DagBag from /Users/harshittyagi/lil/de_env/lib/python3.8/site-packages/airflow/example_dags/tutorial.py
[2020-12-20 04:59:18,971] {scheduler_job.py:639} INFO - DAG(s) dict_keys(['tutorial']) retrieved from /Users/harshittyagi/lil/de_env/lib/python3.8/site-packages/airflow/example_dags/tutorial.py
[2020-12-20 04:59:18,971] {logging_mixin.py:103} INFO - [2020-12-20 04:59:18,971] {dag.py:1813} INFO - Sync 1 DAGs
[2020-12-20 04:59:18,998] {logging_mixin.py:103} INFO - [2020-12-20 04:59:18,998] {dag.py:2266} INFO - Setting next_dagrun for tutorial to 2020-12-17 00:00:00+00:00
[2020-12-20 04:59:19,007] {scheduler_job.py:189} INFO - Processing /Users/harshittyagi/lil/de_env/lib/python3.8/site-packages/airflow/example_dags/tutorial.py took 0.041 seconds
[2020-12-20 05:00:13,088] {scheduler_job.py:181} INFO - Started process (PID=60198) to work on /Users/harshittyagi/lil/de_env/lib/python3.8/site-packages/airflow/example_dags/tutorial.py
[2020-12-20 05:00:13,088] {scheduler_job.py:629} INFO - Processing file /Users/harshittyagi/lil/de_env/lib/python3.8/site-packages/airflow/example_dags/tutorial.py for tasks to queue
[2020-12-20 05:00:13,089] {logging_mixin.py:103} INFO - [2020-12-20 05:00:13,088] {dagbag.py:440} INFO - Filling up the DagBag from /Users/harshittyagi/lil/de_env/lib/python3.8/site-packages/airflow/example_dags/tutorial.py
[2020-12-20 05:00:13,093] {scheduler_job.py:639} INFO - DAG(s) dict_keys(['tutorial']) retrieved from /Users/harshittyagi/lil/de_env/lib/python3.8/site-packages/airflow/example_dags/tutorial.py
[2020-12-20 05:00:13,093] {logging_mixin.py:103} INFO - [2020-12-20 05:00:13,093] {dag.py:1813} INFO - Sync 1 DAGs
[2020-12-20 05:00:13,121] {logging_mixin.py:103} INFO - [2020-12-20 05:00:13,121] {dag.py:2266} INFO - Setting next_dagrun for tutorial to 2020-12-17 00:00:00+00:00
[2020-12-20 05:00:13,130] {scheduler_job.py:189} INFO - Processing /Users/harshittyagi/lil/de_env/lib/python3.8/site-packages/airflow/example_dags/tutorial.py took 0.042 seconds
[2020-12-20 05:01:07,112] {scheduler_job.py:181} INFO - Started process (PID=60483) to work on /Users/harshittyagi/lil/de_env/lib/python3.8/site-packages/airflow/example_dags/tutorial.py
[2020-12-20 05:01:07,112] {scheduler_job.py:629} INFO - Processing file /Users/harshittyagi/lil/de_env/lib/python3.8/site-packages/airflow/example_dags/tutorial.py for tasks to queue
[2020-12-20 05:01:07,113] {logging_mixin.py:103} INFO - [2020-12-20 05:01:07,112] {dagbag.py:440} INFO - Filling up the DagBag from /Users/harshittyagi/lil/de_env/lib/python3.8/site-packages/airflow/example_dags/tutorial.py
[2020-12-20 05:01:07,117] {scheduler_job.py:639} INFO - DAG(s) dict_keys(['tutorial']) retrieved from /Users/harshittyagi/lil/de_env/lib/python3.8/site-packages/airflow/example_dags/tutorial.py
[2020-12-20 05:01:07,117] {logging_mixin.py:103} INFO - [2020-12-20 05:01:07,117] {dag.py:1813} INFO - Sync 1 DAGs
[2020-12-20 05:01:07,142] {logging_mixin.py:103} INFO - [2020-12-20 05:01:07,142] {dag.py:2266} INFO - Setting next_dagrun for tutorial to 2020-12-17 00:00:00+00:00
[2020-12-20 05:01:07,149] {scheduler_job.py:189} INFO - Processing /Users/harshittyagi/lil/de_env/lib/python3.8/site-packages/airflow/example_dags/tutorial.py took 0.037 seconds
[2020-12-20 05:01:58,543] {scheduler_job.py:181} INFO - Started process (PID=60765) to work on /Users/harshittyagi/lil/de_env/lib/python3.8/site-packages/airflow/example_dags/tutorial.py
[2020-12-20 05:01:58,543] {scheduler_job.py:629} INFO - Processing file /Users/harshittyagi/lil/de_env/lib/python3.8/site-packages/airflow/example_dags/tutorial.py for tasks to queue
[2020-12-20 05:01:58,544] {logging_mixin.py:103} INFO - [2020-12-20 05:01:58,544] {dagbag.py:440} INFO - Filling up the DagBag from /Users/harshittyagi/lil/de_env/lib/python3.8/site-packages/airflow/example_dags/tutorial.py
[2020-12-20 05:01:58,549] {scheduler_job.py:639} INFO - DAG(s) dict_keys(['tutorial']) retrieved from /Users/harshittyagi/lil/de_env/lib/python3.8/site-packages/airflow/example_dags/tutorial.py
[2020-12-20 05:01:58,549] {logging_mixin.py:103} INFO - [2020-12-20 05:01:58,549] {dag.py:1813} INFO - Sync 1 DAGs
[2020-12-20 05:01:58,578] {logging_mixin.py:103} INFO - [2020-12-20 05:01:58,578] {dag.py:2266} INFO - Setting next_dagrun for tutorial to 2020-12-17 00:00:00+00:00
[2020-12-20 05:01:58,589] {scheduler_job.py:189} INFO - Processing /Users/harshittyagi/lil/de_env/lib/python3.8/site-packages/airflow/example_dags/tutorial.py took 0.047 seconds
[2020-12-20 05:02:52,739] {scheduler_job.py:181} INFO - Started process (PID=61056) to work on /Users/harshittyagi/lil/de_env/lib/python3.8/site-packages/airflow/example_dags/tutorial.py
[2020-12-20 05:02:52,740] {scheduler_job.py:629} INFO - Processing file /Users/harshittyagi/lil/de_env/lib/python3.8/site-packages/airflow/example_dags/tutorial.py for tasks to queue
[2020-12-20 05:02:52,740] {logging_mixin.py:103} INFO - [2020-12-20 05:02:52,740] {dagbag.py:440} INFO - Filling up the DagBag from /Users/harshittyagi/lil/de_env/lib/python3.8/site-packages/airflow/example_dags/tutorial.py
[2020-12-20 05:02:52,744] {scheduler_job.py:639} INFO - DAG(s) dict_keys(['tutorial']) retrieved from /Users/harshittyagi/lil/de_env/lib/python3.8/site-packages/airflow/example_dags/tutorial.py
[2020-12-20 05:02:52,745] {logging_mixin.py:103} INFO - [2020-12-20 05:02:52,745] {dag.py:1813} INFO - Sync 1 DAGs
[2020-12-20 05:02:52,771] {logging_mixin.py:103} INFO - [2020-12-20 05:02:52,771] {dag.py:2266} INFO - Setting next_dagrun for tutorial to 2020-12-17 00:00:00+00:00
[2020-12-20 05:02:52,778] {scheduler_job.py:189} INFO - Processing /Users/harshittyagi/lil/de_env/lib/python3.8/site-packages/airflow/example_dags/tutorial.py took 0.039 seconds
[2020-12-20 05:03:46,952] {scheduler_job.py:181} INFO - Started process (PID=61340) to work on /Users/harshittyagi/lil/de_env/lib/python3.8/site-packages/airflow/example_dags/tutorial.py
[2020-12-20 05:03:46,952] {scheduler_job.py:629} INFO - Processing file /Users/harshittyagi/lil/de_env/lib/python3.8/site-packages/airflow/example_dags/tutorial.py for tasks to queue
[2020-12-20 05:03:46,952] {logging_mixin.py:103} INFO - [2020-12-20 05:03:46,952] {dagbag.py:440} INFO - Filling up the DagBag from /Users/harshittyagi/lil/de_env/lib/python3.8/site-packages/airflow/example_dags/tutorial.py
[2020-12-20 05:03:46,956] {scheduler_job.py:639} INFO - DAG(s) dict_keys(['tutorial']) retrieved from /Users/harshittyagi/lil/de_env/lib/python3.8/site-packages/airflow/example_dags/tutorial.py
[2020-12-20 05:03:46,956] {logging_mixin.py:103} INFO - [2020-12-20 05:03:46,956] {dag.py:1813} INFO - Sync 1 DAGs
[2020-12-20 05:03:46,982] {logging_mixin.py:103} INFO - [2020-12-20 05:03:46,982] {dag.py:2266} INFO - Setting next_dagrun for tutorial to 2020-12-17 00:00:00+00:00
[2020-12-20 05:03:46,989] {scheduler_job.py:189} INFO - Processing /Users/harshittyagi/lil/de_env/lib/python3.8/site-packages/airflow/example_dags/tutorial.py took 0.038 seconds
[2020-12-20 05:04:40,947] {scheduler_job.py:181} INFO - Started process (PID=61625) to work on /Users/harshittyagi/lil/de_env/lib/python3.8/site-packages/airflow/example_dags/tutorial.py
[2020-12-20 05:04:40,948] {scheduler_job.py:629} INFO - Processing file /Users/harshittyagi/lil/de_env/lib/python3.8/site-packages/airflow/example_dags/tutorial.py for tasks to queue
[2020-12-20 05:04:40,948] {logging_mixin.py:103} INFO - [2020-12-20 05:04:40,948] {dagbag.py:440} INFO - Filling up the DagBag from /Users/harshittyagi/lil/de_env/lib/python3.8/site-packages/airflow/example_dags/tutorial.py
[2020-12-20 05:04:40,952] {scheduler_job.py:639} INFO - DAG(s) dict_keys(['tutorial']) retrieved from /Users/harshittyagi/lil/de_env/lib/python3.8/site-packages/airflow/example_dags/tutorial.py
[2020-12-20 05:04:40,952] {logging_mixin.py:103} INFO - [2020-12-20 05:04:40,952] {dag.py:1813} INFO - Sync 1 DAGs
[2020-12-20 05:04:40,976] {logging_mixin.py:103} INFO - [2020-12-20 05:04:40,976] {dag.py:2266} INFO - Setting next_dagrun for tutorial to 2020-12-17 00:00:00+00:00
[2020-12-20 05:04:40,983] {scheduler_job.py:189} INFO - Processing /Users/harshittyagi/lil/de_env/lib/python3.8/site-packages/airflow/example_dags/tutorial.py took 0.036 seconds
[2020-12-20 05:05:34,645] {scheduler_job.py:181} INFO - Started process (PID=61910) to work on /Users/harshittyagi/lil/de_env/lib/python3.8/site-packages/airflow/example_dags/tutorial.py
[2020-12-20 05:05:34,645] {scheduler_job.py:629} INFO - Processing file /Users/harshittyagi/lil/de_env/lib/python3.8/site-packages/airflow/example_dags/tutorial.py for tasks to queue
[2020-12-20 05:05:34,645] {logging_mixin.py:103} INFO - [2020-12-20 05:05:34,645] {dagbag.py:440} INFO - Filling up the DagBag from /Users/harshittyagi/lil/de_env/lib/python3.8/site-packages/airflow/example_dags/tutorial.py
[2020-12-20 05:05:34,649] {scheduler_job.py:639} INFO - DAG(s) dict_keys(['tutorial']) retrieved from /Users/harshittyagi/lil/de_env/lib/python3.8/site-packages/airflow/example_dags/tutorial.py
[2020-12-20 05:05:34,649] {logging_mixin.py:103} INFO - [2020-12-20 05:05:34,649] {dag.py:1813} INFO - Sync 1 DAGs
[2020-12-20 05:05:34,674] {logging_mixin.py:103} INFO - [2020-12-20 05:05:34,674] {dag.py:2266} INFO - Setting next_dagrun for tutorial to 2020-12-17 00:00:00+00:00
[2020-12-20 05:05:34,685] {scheduler_job.py:189} INFO - Processing /Users/harshittyagi/lil/de_env/lib/python3.8/site-packages/airflow/example_dags/tutorial.py took 0.041 seconds
[2020-12-20 05:06:29,138] {scheduler_job.py:181} INFO - Started process (PID=62196) to work on /Users/harshittyagi/lil/de_env/lib/python3.8/site-packages/airflow/example_dags/tutorial.py
[2020-12-20 05:06:29,138] {scheduler_job.py:629} INFO - Processing file /Users/harshittyagi/lil/de_env/lib/python3.8/site-packages/airflow/example_dags/tutorial.py for tasks to queue
[2020-12-20 05:06:29,139] {logging_mixin.py:103} INFO - [2020-12-20 05:06:29,139] {dagbag.py:440} INFO - Filling up the DagBag from /Users/harshittyagi/lil/de_env/lib/python3.8/site-packages/airflow/example_dags/tutorial.py
[2020-12-20 05:06:29,142] {scheduler_job.py:639} INFO - DAG(s) dict_keys(['tutorial']) retrieved from /Users/harshittyagi/lil/de_env/lib/python3.8/site-packages/airflow/example_dags/tutorial.py
[2020-12-20 05:06:29,143] {logging_mixin.py:103} INFO - [2020-12-20 05:06:29,143] {dag.py:1813} INFO - Sync 1 DAGs
[2020-12-20 05:06:29,168] {logging_mixin.py:103} INFO - [2020-12-20 05:06:29,168] {dag.py:2266} INFO - Setting next_dagrun for tutorial to 2020-12-17 00:00:00+00:00
[2020-12-20 05:06:29,179] {scheduler_job.py:189} INFO - Processing /Users/harshittyagi/lil/de_env/lib/python3.8/site-packages/airflow/example_dags/tutorial.py took 0.042 seconds
[2020-12-20 05:07:22,368] {scheduler_job.py:181} INFO - Started process (PID=62477) to work on /Users/harshittyagi/lil/de_env/lib/python3.8/site-packages/airflow/example_dags/tutorial.py
[2020-12-20 05:07:22,369] {scheduler_job.py:629} INFO - Processing file /Users/harshittyagi/lil/de_env/lib/python3.8/site-packages/airflow/example_dags/tutorial.py for tasks to queue
[2020-12-20 05:07:22,369] {logging_mixin.py:103} INFO - [2020-12-20 05:07:22,369] {dagbag.py:440} INFO - Filling up the DagBag from /Users/harshittyagi/lil/de_env/lib/python3.8/site-packages/airflow/example_dags/tutorial.py
[2020-12-20 05:07:22,373] {scheduler_job.py:639} INFO - DAG(s) dict_keys(['tutorial']) retrieved from /Users/harshittyagi/lil/de_env/lib/python3.8/site-packages/airflow/example_dags/tutorial.py
[2020-12-20 05:07:22,374] {logging_mixin.py:103} INFO - [2020-12-20 05:07:22,373] {dag.py:1813} INFO - Sync 1 DAGs
[2020-12-20 05:07:22,399] {logging_mixin.py:103} INFO - [2020-12-20 05:07:22,399] {dag.py:2266} INFO - Setting next_dagrun for tutorial to 2020-12-17 00:00:00+00:00
[2020-12-20 05:07:22,406] {scheduler_job.py:189} INFO - Processing /Users/harshittyagi/lil/de_env/lib/python3.8/site-packages/airflow/example_dags/tutorial.py took 0.038 seconds
[2020-12-20 05:08:17,407] {scheduler_job.py:181} INFO - Started process (PID=62765) to work on /Users/harshittyagi/lil/de_env/lib/python3.8/site-packages/airflow/example_dags/tutorial.py
[2020-12-20 05:08:17,407] {scheduler_job.py:629} INFO - Processing file /Users/harshittyagi/lil/de_env/lib/python3.8/site-packages/airflow/example_dags/tutorial.py for tasks to queue
[2020-12-20 05:08:17,408] {logging_mixin.py:103} INFO - [2020-12-20 05:08:17,408] {dagbag.py:440} INFO - Filling up the DagBag from /Users/harshittyagi/lil/de_env/lib/python3.8/site-packages/airflow/example_dags/tutorial.py
[2020-12-20 05:08:17,412] {scheduler_job.py:639} INFO - DAG(s) dict_keys(['tutorial']) retrieved from /Users/harshittyagi/lil/de_env/lib/python3.8/site-packages/airflow/example_dags/tutorial.py
[2020-12-20 05:08:17,413] {logging_mixin.py:103} INFO - [2020-12-20 05:08:17,413] {dag.py:1813} INFO - Sync 1 DAGs
[2020-12-20 05:08:17,442] {logging_mixin.py:103} INFO - [2020-12-20 05:08:17,441] {dag.py:2266} INFO - Setting next_dagrun for tutorial to 2020-12-17 00:00:00+00:00
[2020-12-20 05:08:17,452] {scheduler_job.py:189} INFO - Processing /Users/harshittyagi/lil/de_env/lib/python3.8/site-packages/airflow/example_dags/tutorial.py took 0.046 seconds
[2020-12-20 05:09:11,594] {scheduler_job.py:181} INFO - Started process (PID=63054) to work on /Users/harshittyagi/lil/de_env/lib/python3.8/site-packages/airflow/example_dags/tutorial.py
[2020-12-20 05:09:11,594] {scheduler_job.py:629} INFO - Processing file /Users/harshittyagi/lil/de_env/lib/python3.8/site-packages/airflow/example_dags/tutorial.py for tasks to queue
[2020-12-20 05:09:11,594] {logging_mixin.py:103} INFO - [2020-12-20 05:09:11,594] {dagbag.py:440} INFO - Filling up the DagBag from /Users/harshittyagi/lil/de_env/lib/python3.8/site-packages/airflow/example_dags/tutorial.py
[2020-12-20 05:09:11,598] {scheduler_job.py:639} INFO - DAG(s) dict_keys(['tutorial']) retrieved from /Users/harshittyagi/lil/de_env/lib/python3.8/site-packages/airflow/example_dags/tutorial.py
[2020-12-20 05:09:11,598] {logging_mixin.py:103} INFO - [2020-12-20 05:09:11,598] {dag.py:1813} INFO - Sync 1 DAGs
[2020-12-20 05:09:11,623] {logging_mixin.py:103} INFO - [2020-12-20 05:09:11,623] {dag.py:2266} INFO - Setting next_dagrun for tutorial to 2020-12-17 00:00:00+00:00
[2020-12-20 05:09:11,631] {scheduler_job.py:189} INFO - Processing /Users/harshittyagi/lil/de_env/lib/python3.8/site-packages/airflow/example_dags/tutorial.py took 0.038 seconds
[2020-12-20 05:10:05,909] {scheduler_job.py:181} INFO - Started process (PID=63338) to work on /Users/harshittyagi/lil/de_env/lib/python3.8/site-packages/airflow/example_dags/tutorial.py
[2020-12-20 05:10:05,910] {scheduler_job.py:629} INFO - Processing file /Users/harshittyagi/lil/de_env/lib/python3.8/site-packages/airflow/example_dags/tutorial.py for tasks to queue
[2020-12-20 05:10:05,910] {logging_mixin.py:103} INFO - [2020-12-20 05:10:05,910] {dagbag.py:440} INFO - Filling up the DagBag from /Users/harshittyagi/lil/de_env/lib/python3.8/site-packages/airflow/example_dags/tutorial.py
[2020-12-20 05:10:05,915] {scheduler_job.py:639} INFO - DAG(s) dict_keys(['tutorial']) retrieved from /Users/harshittyagi/lil/de_env/lib/python3.8/site-packages/airflow/example_dags/tutorial.py
[2020-12-20 05:10:05,915] {logging_mixin.py:103} INFO - [2020-12-20 05:10:05,915] {dag.py:1813} INFO - Sync 1 DAGs
[2020-12-20 05:10:05,942] {logging_mixin.py:103} INFO - [2020-12-20 05:10:05,942] {dag.py:2266} INFO - Setting next_dagrun for tutorial to 2020-12-17 00:00:00+00:00
[2020-12-20 05:10:05,953] {scheduler_job.py:189} INFO - Processing /Users/harshittyagi/lil/de_env/lib/python3.8/site-packages/airflow/example_dags/tutorial.py took 0.044 seconds
[2020-12-20 05:11:00,182] {scheduler_job.py:181} INFO - Started process (PID=63623) to work on /Users/harshittyagi/lil/de_env/lib/python3.8/site-packages/airflow/example_dags/tutorial.py
[2020-12-20 05:11:00,182] {scheduler_job.py:629} INFO - Processing file /Users/harshittyagi/lil/de_env/lib/python3.8/site-packages/airflow/example_dags/tutorial.py for tasks to queue
[2020-12-20 05:11:00,182] {logging_mixin.py:103} INFO - [2020-12-20 05:11:00,182] {dagbag.py:440} INFO - Filling up the DagBag from /Users/harshittyagi/lil/de_env/lib/python3.8/site-packages/airflow/example_dags/tutorial.py
[2020-12-20 05:11:00,186] {scheduler_job.py:639} INFO - DAG(s) dict_keys(['tutorial']) retrieved from /Users/harshittyagi/lil/de_env/lib/python3.8/site-packages/airflow/example_dags/tutorial.py
[2020-12-20 05:11:00,186] {logging_mixin.py:103} INFO - [2020-12-20 05:11:00,186] {dag.py:1813} INFO - Sync 1 DAGs
[2020-12-20 05:11:00,211] {logging_mixin.py:103} INFO - [2020-12-20 05:11:00,211] {dag.py:2266} INFO - Setting next_dagrun for tutorial to 2020-12-17 00:00:00+00:00
[2020-12-20 05:11:00,218] {scheduler_job.py:189} INFO - Processing /Users/harshittyagi/lil/de_env/lib/python3.8/site-packages/airflow/example_dags/tutorial.py took 0.037 seconds
[2020-12-20 05:11:51,664] {scheduler_job.py:181} INFO - Started process (PID=63908) to work on /Users/harshittyagi/lil/de_env/lib/python3.8/site-packages/airflow/example_dags/tutorial.py
[2020-12-20 05:11:51,665] {scheduler_job.py:629} INFO - Processing file /Users/harshittyagi/lil/de_env/lib/python3.8/site-packages/airflow/example_dags/tutorial.py for tasks to queue
[2020-12-20 05:11:51,665] {logging_mixin.py:103} INFO - [2020-12-20 05:11:51,665] {dagbag.py:440} INFO - Filling up the DagBag from /Users/harshittyagi/lil/de_env/lib/python3.8/site-packages/airflow/example_dags/tutorial.py
[2020-12-20 05:11:51,669] {scheduler_job.py:639} INFO - DAG(s) dict_keys(['tutorial']) retrieved from /Users/harshittyagi/lil/de_env/lib/python3.8/site-packages/airflow/example_dags/tutorial.py
[2020-12-20 05:11:51,669] {logging_mixin.py:103} INFO - [2020-12-20 05:11:51,669] {dag.py:1813} INFO - Sync 1 DAGs
[2020-12-20 05:11:51,694] {logging_mixin.py:103} INFO - [2020-12-20 05:11:51,694] {dag.py:2266} INFO - Setting next_dagrun for tutorial to 2020-12-17 00:00:00+00:00
[2020-12-20 05:11:51,703] {scheduler_job.py:189} INFO - Processing /Users/harshittyagi/lil/de_env/lib/python3.8/site-packages/airflow/example_dags/tutorial.py took 0.039 seconds
[2020-12-20 05:12:45,324] {scheduler_job.py:181} INFO - Started process (PID=64191) to work on /Users/harshittyagi/lil/de_env/lib/python3.8/site-packages/airflow/example_dags/tutorial.py
[2020-12-20 05:12:45,325] {scheduler_job.py:629} INFO - Processing file /Users/harshittyagi/lil/de_env/lib/python3.8/site-packages/airflow/example_dags/tutorial.py for tasks to queue
[2020-12-20 05:12:45,325] {logging_mixin.py:103} INFO - [2020-12-20 05:12:45,325] {dagbag.py:440} INFO - Filling up the DagBag from /Users/harshittyagi/lil/de_env/lib/python3.8/site-packages/airflow/example_dags/tutorial.py
[2020-12-20 05:12:45,329] {scheduler_job.py:639} INFO - DAG(s) dict_keys(['tutorial']) retrieved from /Users/harshittyagi/lil/de_env/lib/python3.8/site-packages/airflow/example_dags/tutorial.py
[2020-12-20 05:12:45,330] {logging_mixin.py:103} INFO - [2020-12-20 05:12:45,330] {dag.py:1813} INFO - Sync 1 DAGs
[2020-12-20 05:12:45,355] {logging_mixin.py:103} INFO - [2020-12-20 05:12:45,355] {dag.py:2266} INFO - Setting next_dagrun for tutorial to 2020-12-17 00:00:00+00:00
[2020-12-20 05:12:45,366] {scheduler_job.py:189} INFO - Processing /Users/harshittyagi/lil/de_env/lib/python3.8/site-packages/airflow/example_dags/tutorial.py took 0.042 seconds
[2020-12-20 05:13:39,089] {scheduler_job.py:181} INFO - Started process (PID=64473) to work on /Users/harshittyagi/lil/de_env/lib/python3.8/site-packages/airflow/example_dags/tutorial.py
[2020-12-20 05:13:39,089] {scheduler_job.py:629} INFO - Processing file /Users/harshittyagi/lil/de_env/lib/python3.8/site-packages/airflow/example_dags/tutorial.py for tasks to queue
[2020-12-20 05:13:39,089] {logging_mixin.py:103} INFO - [2020-12-20 05:13:39,089] {dagbag.py:440} INFO - Filling up the DagBag from /Users/harshittyagi/lil/de_env/lib/python3.8/site-packages/airflow/example_dags/tutorial.py
[2020-12-20 05:13:39,093] {scheduler_job.py:639} INFO - DAG(s) dict_keys(['tutorial']) retrieved from /Users/harshittyagi/lil/de_env/lib/python3.8/site-packages/airflow/example_dags/tutorial.py
[2020-12-20 05:13:39,094] {logging_mixin.py:103} INFO - [2020-12-20 05:13:39,094] {dag.py:1813} INFO - Sync 1 DAGs
[2020-12-20 05:13:39,118] {logging_mixin.py:103} INFO - [2020-12-20 05:13:39,118] {dag.py:2266} INFO - Setting next_dagrun for tutorial to 2020-12-17 00:00:00+00:00
[2020-12-20 05:13:39,129] {scheduler_job.py:189} INFO - Processing /Users/harshittyagi/lil/de_env/lib/python3.8/site-packages/airflow/example_dags/tutorial.py took 0.040 seconds
[2020-12-20 05:14:33,020] {scheduler_job.py:181} INFO - Started process (PID=64757) to work on /Users/harshittyagi/lil/de_env/lib/python3.8/site-packages/airflow/example_dags/tutorial.py
[2020-12-20 05:14:33,021] {scheduler_job.py:629} INFO - Processing file /Users/harshittyagi/lil/de_env/lib/python3.8/site-packages/airflow/example_dags/tutorial.py for tasks to queue
[2020-12-20 05:14:33,021] {logging_mixin.py:103} INFO - [2020-12-20 05:14:33,021] {dagbag.py:440} INFO - Filling up the DagBag from /Users/harshittyagi/lil/de_env/lib/python3.8/site-packages/airflow/example_dags/tutorial.py
[2020-12-20 05:14:33,025] {scheduler_job.py:639} INFO - DAG(s) dict_keys(['tutorial']) retrieved from /Users/harshittyagi/lil/de_env/lib/python3.8/site-packages/airflow/example_dags/tutorial.py
[2020-12-20 05:14:33,025] {logging_mixin.py:103} INFO - [2020-12-20 05:14:33,025] {dag.py:1813} INFO - Sync 1 DAGs
[2020-12-20 05:14:33,050] {logging_mixin.py:103} INFO - [2020-12-20 05:14:33,050] {dag.py:2266} INFO - Setting next_dagrun for tutorial to 2020-12-17 00:00:00+00:00
[2020-12-20 05:14:33,060] {scheduler_job.py:189} INFO - Processing /Users/harshittyagi/lil/de_env/lib/python3.8/site-packages/airflow/example_dags/tutorial.py took 0.040 seconds
[2020-12-20 05:15:24,054] {scheduler_job.py:181} INFO - Started process (PID=65045) to work on /Users/harshittyagi/lil/de_env/lib/python3.8/site-packages/airflow/example_dags/tutorial.py
[2020-12-20 05:15:24,054] {scheduler_job.py:629} INFO - Processing file /Users/harshittyagi/lil/de_env/lib/python3.8/site-packages/airflow/example_dags/tutorial.py for tasks to queue
[2020-12-20 05:15:24,054] {logging_mixin.py:103} INFO - [2020-12-20 05:15:24,054] {dagbag.py:440} INFO - Filling up the DagBag from /Users/harshittyagi/lil/de_env/lib/python3.8/site-packages/airflow/example_dags/tutorial.py
[2020-12-20 05:15:24,058] {scheduler_job.py:639} INFO - DAG(s) dict_keys(['tutorial']) retrieved from /Users/harshittyagi/lil/de_env/lib/python3.8/site-packages/airflow/example_dags/tutorial.py
[2020-12-20 05:15:24,059] {logging_mixin.py:103} INFO - [2020-12-20 05:15:24,059] {dag.py:1813} INFO - Sync 1 DAGs
[2020-12-20 05:15:24,083] {logging_mixin.py:103} INFO - [2020-12-20 05:15:24,083] {dag.py:2266} INFO - Setting next_dagrun for tutorial to 2020-12-17 00:00:00+00:00
[2020-12-20 05:15:24,090] {scheduler_job.py:189} INFO - Processing /Users/harshittyagi/lil/de_env/lib/python3.8/site-packages/airflow/example_dags/tutorial.py took 0.037 seconds
[2020-12-20 05:16:17,785] {scheduler_job.py:181} INFO - Started process (PID=65326) to work on /Users/harshittyagi/lil/de_env/lib/python3.8/site-packages/airflow/example_dags/tutorial.py
[2020-12-20 05:16:17,785] {scheduler_job.py:629} INFO - Processing file /Users/harshittyagi/lil/de_env/lib/python3.8/site-packages/airflow/example_dags/tutorial.py for tasks to queue
[2020-12-20 05:16:17,786] {logging_mixin.py:103} INFO - [2020-12-20 05:16:17,785] {dagbag.py:440} INFO - Filling up the DagBag from /Users/harshittyagi/lil/de_env/lib/python3.8/site-packages/airflow/example_dags/tutorial.py
[2020-12-20 05:16:17,789] {scheduler_job.py:639} INFO - DAG(s) dict_keys(['tutorial']) retrieved from /Users/harshittyagi/lil/de_env/lib/python3.8/site-packages/airflow/example_dags/tutorial.py
[2020-12-20 05:16:17,790] {logging_mixin.py:103} INFO - [2020-12-20 05:16:17,790] {dag.py:1813} INFO - Sync 1 DAGs
[2020-12-20 05:16:17,817] {logging_mixin.py:103} INFO - [2020-12-20 05:16:17,817] {dag.py:2266} INFO - Setting next_dagrun for tutorial to 2020-12-17 00:00:00+00:00
[2020-12-20 05:16:17,829] {scheduler_job.py:189} INFO - Processing /Users/harshittyagi/lil/de_env/lib/python3.8/site-packages/airflow/example_dags/tutorial.py took 0.044 seconds
[2020-12-20 05:17:11,939] {scheduler_job.py:181} INFO - Started process (PID=65610) to work on /Users/harshittyagi/lil/de_env/lib/python3.8/site-packages/airflow/example_dags/tutorial.py
[2020-12-20 05:17:11,939] {scheduler_job.py:629} INFO - Processing file /Users/harshittyagi/lil/de_env/lib/python3.8/site-packages/airflow/example_dags/tutorial.py for tasks to queue
[2020-12-20 05:17:11,939] {logging_mixin.py:103} INFO - [2020-12-20 05:17:11,939] {dagbag.py:440} INFO - Filling up the DagBag from /Users/harshittyagi/lil/de_env/lib/python3.8/site-packages/airflow/example_dags/tutorial.py
[2020-12-20 05:17:11,943] {scheduler_job.py:639} INFO - DAG(s) dict_keys(['tutorial']) retrieved from /Users/harshittyagi/lil/de_env/lib/python3.8/site-packages/airflow/example_dags/tutorial.py
[2020-12-20 05:17:11,944] {logging_mixin.py:103} INFO - [2020-12-20 05:17:11,944] {dag.py:1813} INFO - Sync 1 DAGs
[2020-12-20 05:17:11,969] {logging_mixin.py:103} INFO - [2020-12-20 05:17:11,969] {dag.py:2266} INFO - Setting next_dagrun for tutorial to 2020-12-17 00:00:00+00:00
[2020-12-20 05:17:11,976] {scheduler_job.py:189} INFO - Processing /Users/harshittyagi/lil/de_env/lib/python3.8/site-packages/airflow/example_dags/tutorial.py took 0.038 seconds
[2020-12-20 05:18:05,791] {scheduler_job.py:181} INFO - Started process (PID=65896) to work on /Users/harshittyagi/lil/de_env/lib/python3.8/site-packages/airflow/example_dags/tutorial.py
[2020-12-20 05:18:05,791] {scheduler_job.py:629} INFO - Processing file /Users/harshittyagi/lil/de_env/lib/python3.8/site-packages/airflow/example_dags/tutorial.py for tasks to queue
[2020-12-20 05:18:05,792] {logging_mixin.py:103} INFO - [2020-12-20 05:18:05,792] {dagbag.py:440} INFO - Filling up the DagBag from /Users/harshittyagi/lil/de_env/lib/python3.8/site-packages/airflow/example_dags/tutorial.py
[2020-12-20 05:18:05,796] {scheduler_job.py:639} INFO - DAG(s) dict_keys(['tutorial']) retrieved from /Users/harshittyagi/lil/de_env/lib/python3.8/site-packages/airflow/example_dags/tutorial.py
[2020-12-20 05:18:05,796] {logging_mixin.py:103} INFO - [2020-12-20 05:18:05,796] {dag.py:1813} INFO - Sync 1 DAGs
[2020-12-20 05:18:05,820] {logging_mixin.py:103} INFO - [2020-12-20 05:18:05,820] {dag.py:2266} INFO - Setting next_dagrun for tutorial to 2020-12-17 00:00:00+00:00
[2020-12-20 05:18:05,828] {scheduler_job.py:189} INFO - Processing /Users/harshittyagi/lil/de_env/lib/python3.8/site-packages/airflow/example_dags/tutorial.py took 0.037 seconds
[2020-12-20 05:19:01,919] {scheduler_job.py:181} INFO - Started process (PID=66180) to work on /Users/harshittyagi/lil/de_env/lib/python3.8/site-packages/airflow/example_dags/tutorial.py
[2020-12-20 05:19:01,919] {scheduler_job.py:629} INFO - Processing file /Users/harshittyagi/lil/de_env/lib/python3.8/site-packages/airflow/example_dags/tutorial.py for tasks to queue
[2020-12-20 05:19:01,920] {logging_mixin.py:103} INFO - [2020-12-20 05:19:01,919] {dagbag.py:440} INFO - Filling up the DagBag from /Users/harshittyagi/lil/de_env/lib/python3.8/site-packages/airflow/example_dags/tutorial.py
[2020-12-20 05:19:01,923] {scheduler_job.py:639} INFO - DAG(s) dict_keys(['tutorial']) retrieved from /Users/harshittyagi/lil/de_env/lib/python3.8/site-packages/airflow/example_dags/tutorial.py
[2020-12-20 05:19:01,924] {logging_mixin.py:103} INFO - [2020-12-20 05:19:01,924] {dag.py:1813} INFO - Sync 1 DAGs
[2020-12-20 05:19:01,948] {logging_mixin.py:103} INFO - [2020-12-20 05:19:01,948] {dag.py:2266} INFO - Setting next_dagrun for tutorial to 2020-12-17 00:00:00+00:00
[2020-12-20 05:19:01,959] {scheduler_job.py:189} INFO - Processing /Users/harshittyagi/lil/de_env/lib/python3.8/site-packages/airflow/example_dags/tutorial.py took 0.041 seconds
[2020-12-20 05:19:56,096] {scheduler_job.py:181} INFO - Started process (PID=66468) to work on /Users/harshittyagi/lil/de_env/lib/python3.8/site-packages/airflow/example_dags/tutorial.py
[2020-12-20 05:19:56,096] {scheduler_job.py:629} INFO - Processing file /Users/harshittyagi/lil/de_env/lib/python3.8/site-packages/airflow/example_dags/tutorial.py for tasks to queue
[2020-12-20 05:19:56,097] {logging_mixin.py:103} INFO - [2020-12-20 05:19:56,097] {dagbag.py:440} INFO - Filling up the DagBag from /Users/harshittyagi/lil/de_env/lib/python3.8/site-packages/airflow/example_dags/tutorial.py
[2020-12-20 05:19:56,101] {scheduler_job.py:639} INFO - DAG(s) dict_keys(['tutorial']) retrieved from /Users/harshittyagi/lil/de_env/lib/python3.8/site-packages/airflow/example_dags/tutorial.py
[2020-12-20 05:19:56,102] {logging_mixin.py:103} INFO - [2020-12-20 05:19:56,102] {dag.py:1813} INFO - Sync 1 DAGs
[2020-12-20 05:19:56,131] {logging_mixin.py:103} INFO - [2020-12-20 05:19:56,131] {dag.py:2266} INFO - Setting next_dagrun for tutorial to 2020-12-17 00:00:00+00:00
[2020-12-20 05:19:56,140] {scheduler_job.py:189} INFO - Processing /Users/harshittyagi/lil/de_env/lib/python3.8/site-packages/airflow/example_dags/tutorial.py took 0.045 seconds
[2020-12-20 05:20:53,438] {scheduler_job.py:181} INFO - Started process (PID=66765) to work on /Users/harshittyagi/lil/de_env/lib/python3.8/site-packages/airflow/example_dags/tutorial.py
[2020-12-20 05:20:53,439] {scheduler_job.py:629} INFO - Processing file /Users/harshittyagi/lil/de_env/lib/python3.8/site-packages/airflow/example_dags/tutorial.py for tasks to queue
[2020-12-20 05:20:53,439] {logging_mixin.py:103} INFO - [2020-12-20 05:20:53,439] {dagbag.py:440} INFO - Filling up the DagBag from /Users/harshittyagi/lil/de_env/lib/python3.8/site-packages/airflow/example_dags/tutorial.py
[2020-12-20 05:20:53,444] {scheduler_job.py:639} INFO - DAG(s) dict_keys(['tutorial']) retrieved from /Users/harshittyagi/lil/de_env/lib/python3.8/site-packages/airflow/example_dags/tutorial.py
[2020-12-20 05:20:53,445] {logging_mixin.py:103} INFO - [2020-12-20 05:20:53,445] {dag.py:1813} INFO - Sync 1 DAGs
[2020-12-20 05:20:53,474] {logging_mixin.py:103} INFO - [2020-12-20 05:20:53,474] {dag.py:2266} INFO - Setting next_dagrun for tutorial to 2020-12-17 00:00:00+00:00
[2020-12-20 05:20:53,482] {scheduler_job.py:189} INFO - Processing /Users/harshittyagi/lil/de_env/lib/python3.8/site-packages/airflow/example_dags/tutorial.py took 0.045 seconds
[2020-12-20 05:21:48,912] {scheduler_job.py:181} INFO - Started process (PID=67050) to work on /Users/harshittyagi/lil/de_env/lib/python3.8/site-packages/airflow/example_dags/tutorial.py
[2020-12-20 05:21:48,913] {scheduler_job.py:629} INFO - Processing file /Users/harshittyagi/lil/de_env/lib/python3.8/site-packages/airflow/example_dags/tutorial.py for tasks to queue
[2020-12-20 05:21:48,913] {logging_mixin.py:103} INFO - [2020-12-20 05:21:48,913] {dagbag.py:440} INFO - Filling up the DagBag from /Users/harshittyagi/lil/de_env/lib/python3.8/site-packages/airflow/example_dags/tutorial.py
[2020-12-20 05:21:48,918] {scheduler_job.py:639} INFO - DAG(s) dict_keys(['tutorial']) retrieved from /Users/harshittyagi/lil/de_env/lib/python3.8/site-packages/airflow/example_dags/tutorial.py
[2020-12-20 05:21:48,918] {logging_mixin.py:103} INFO - [2020-12-20 05:21:48,918] {dag.py:1813} INFO - Sync 1 DAGs
[2020-12-20 05:21:48,947] {logging_mixin.py:103} INFO - [2020-12-20 05:21:48,946] {dag.py:2266} INFO - Setting next_dagrun for tutorial to 2020-12-17 00:00:00+00:00
[2020-12-20 05:21:48,959] {scheduler_job.py:189} INFO - Processing /Users/harshittyagi/lil/de_env/lib/python3.8/site-packages/airflow/example_dags/tutorial.py took 0.047 seconds
[2020-12-20 05:22:44,074] {scheduler_job.py:181} INFO - Started process (PID=67333) to work on /Users/harshittyagi/lil/de_env/lib/python3.8/site-packages/airflow/example_dags/tutorial.py
[2020-12-20 05:22:44,074] {scheduler_job.py:629} INFO - Processing file /Users/harshittyagi/lil/de_env/lib/python3.8/site-packages/airflow/example_dags/tutorial.py for tasks to queue
[2020-12-20 05:22:44,074] {logging_mixin.py:103} INFO - [2020-12-20 05:22:44,074] {dagbag.py:440} INFO - Filling up the DagBag from /Users/harshittyagi/lil/de_env/lib/python3.8/site-packages/airflow/example_dags/tutorial.py
[2020-12-20 05:22:44,079] {scheduler_job.py:639} INFO - DAG(s) dict_keys(['tutorial']) retrieved from /Users/harshittyagi/lil/de_env/lib/python3.8/site-packages/airflow/example_dags/tutorial.py
[2020-12-20 05:22:44,080] {logging_mixin.py:103} INFO - [2020-12-20 05:22:44,080] {dag.py:1813} INFO - Sync 1 DAGs
[2020-12-20 05:22:44,110] {logging_mixin.py:103} INFO - [2020-12-20 05:22:44,110] {dag.py:2266} INFO - Setting next_dagrun for tutorial to 2020-12-17 00:00:00+00:00
[2020-12-20 05:22:44,118] {scheduler_job.py:189} INFO - Processing /Users/harshittyagi/lil/de_env/lib/python3.8/site-packages/airflow/example_dags/tutorial.py took 0.045 seconds
[2020-12-20 05:23:39,205] {scheduler_job.py:181} INFO - Started process (PID=67624) to work on /Users/harshittyagi/lil/de_env/lib/python3.8/site-packages/airflow/example_dags/tutorial.py
[2020-12-20 05:23:39,205] {scheduler_job.py:629} INFO - Processing file /Users/harshittyagi/lil/de_env/lib/python3.8/site-packages/airflow/example_dags/tutorial.py for tasks to queue
[2020-12-20 05:23:39,206] {logging_mixin.py:103} INFO - [2020-12-20 05:23:39,205] {dagbag.py:440} INFO - Filling up the DagBag from /Users/harshittyagi/lil/de_env/lib/python3.8/site-packages/airflow/example_dags/tutorial.py
[2020-12-20 05:23:39,210] {scheduler_job.py:639} INFO - DAG(s) dict_keys(['tutorial']) retrieved from /Users/harshittyagi/lil/de_env/lib/python3.8/site-packages/airflow/example_dags/tutorial.py
[2020-12-20 05:23:39,210] {logging_mixin.py:103} INFO - [2020-12-20 05:23:39,210] {dag.py:1813} INFO - Sync 1 DAGs
[2020-12-20 05:23:39,239] {logging_mixin.py:103} INFO - [2020-12-20 05:23:39,239] {dag.py:2266} INFO - Setting next_dagrun for tutorial to 2020-12-17 00:00:00+00:00
[2020-12-20 05:23:39,250] {scheduler_job.py:189} INFO - Processing /Users/harshittyagi/lil/de_env/lib/python3.8/site-packages/airflow/example_dags/tutorial.py took 0.045 seconds
[2020-12-20 05:24:34,259] {scheduler_job.py:181} INFO - Started process (PID=67914) to work on /Users/harshittyagi/lil/de_env/lib/python3.8/site-packages/airflow/example_dags/tutorial.py
[2020-12-20 05:24:34,259] {scheduler_job.py:629} INFO - Processing file /Users/harshittyagi/lil/de_env/lib/python3.8/site-packages/airflow/example_dags/tutorial.py for tasks to queue
[2020-12-20 05:24:34,259] {logging_mixin.py:103} INFO - [2020-12-20 05:24:34,259] {dagbag.py:440} INFO - Filling up the DagBag from /Users/harshittyagi/lil/de_env/lib/python3.8/site-packages/airflow/example_dags/tutorial.py
[2020-12-20 05:24:34,264] {scheduler_job.py:639} INFO - DAG(s) dict_keys(['tutorial']) retrieved from /Users/harshittyagi/lil/de_env/lib/python3.8/site-packages/airflow/example_dags/tutorial.py
[2020-12-20 05:24:34,264] {logging_mixin.py:103} INFO - [2020-12-20 05:24:34,264] {dag.py:1813} INFO - Sync 1 DAGs
[2020-12-20 05:24:34,293] {logging_mixin.py:103} INFO - [2020-12-20 05:24:34,293] {dag.py:2266} INFO - Setting next_dagrun for tutorial to 2020-12-17 00:00:00+00:00
[2020-12-20 05:24:34,302] {scheduler_job.py:189} INFO - Processing /Users/harshittyagi/lil/de_env/lib/python3.8/site-packages/airflow/example_dags/tutorial.py took 0.044 seconds
[2020-12-20 05:25:29,323] {scheduler_job.py:181} INFO - Started process (PID=68201) to work on /Users/harshittyagi/lil/de_env/lib/python3.8/site-packages/airflow/example_dags/tutorial.py
[2020-12-20 05:25:29,324] {scheduler_job.py:629} INFO - Processing file /Users/harshittyagi/lil/de_env/lib/python3.8/site-packages/airflow/example_dags/tutorial.py for tasks to queue
[2020-12-20 05:25:29,324] {logging_mixin.py:103} INFO - [2020-12-20 05:25:29,324] {dagbag.py:440} INFO - Filling up the DagBag from /Users/harshittyagi/lil/de_env/lib/python3.8/site-packages/airflow/example_dags/tutorial.py
[2020-12-20 05:25:29,329] {scheduler_job.py:639} INFO - DAG(s) dict_keys(['tutorial']) retrieved from /Users/harshittyagi/lil/de_env/lib/python3.8/site-packages/airflow/example_dags/tutorial.py
[2020-12-20 05:25:29,329] {logging_mixin.py:103} INFO - [2020-12-20 05:25:29,329] {dag.py:1813} INFO - Sync 1 DAGs
[2020-12-20 05:25:29,358] {logging_mixin.py:103} INFO - [2020-12-20 05:25:29,358] {dag.py:2266} INFO - Setting next_dagrun for tutorial to 2020-12-17 00:00:00+00:00
[2020-12-20 05:25:29,367] {scheduler_job.py:189} INFO - Processing /Users/harshittyagi/lil/de_env/lib/python3.8/site-packages/airflow/example_dags/tutorial.py took 0.044 seconds
[2020-12-20 05:26:24,678] {scheduler_job.py:181} INFO - Started process (PID=68484) to work on /Users/harshittyagi/lil/de_env/lib/python3.8/site-packages/airflow/example_dags/tutorial.py
[2020-12-20 05:26:24,679] {scheduler_job.py:629} INFO - Processing file /Users/harshittyagi/lil/de_env/lib/python3.8/site-packages/airflow/example_dags/tutorial.py for tasks to queue
[2020-12-20 05:26:24,679] {logging_mixin.py:103} INFO - [2020-12-20 05:26:24,679] {dagbag.py:440} INFO - Filling up the DagBag from /Users/harshittyagi/lil/de_env/lib/python3.8/site-packages/airflow/example_dags/tutorial.py
[2020-12-20 05:26:24,684] {scheduler_job.py:639} INFO - DAG(s) dict_keys(['tutorial']) retrieved from /Users/harshittyagi/lil/de_env/lib/python3.8/site-packages/airflow/example_dags/tutorial.py
[2020-12-20 05:26:24,684] {logging_mixin.py:103} INFO - [2020-12-20 05:26:24,684] {dag.py:1813} INFO - Sync 1 DAGs
[2020-12-20 05:26:24,713] {logging_mixin.py:103} INFO - [2020-12-20 05:26:24,713] {dag.py:2266} INFO - Setting next_dagrun for tutorial to 2020-12-17 00:00:00+00:00
[2020-12-20 05:26:24,721] {scheduler_job.py:189} INFO - Processing /Users/harshittyagi/lil/de_env/lib/python3.8/site-packages/airflow/example_dags/tutorial.py took 0.043 seconds
[2020-12-20 05:27:19,577] {scheduler_job.py:181} INFO - Started process (PID=68771) to work on /Users/harshittyagi/lil/de_env/lib/python3.8/site-packages/airflow/example_dags/tutorial.py
[2020-12-20 05:27:19,578] {scheduler_job.py:629} INFO - Processing file /Users/harshittyagi/lil/de_env/lib/python3.8/site-packages/airflow/example_dags/tutorial.py for tasks to queue
[2020-12-20 05:27:19,578] {logging_mixin.py:103} INFO - [2020-12-20 05:27:19,578] {dagbag.py:440} INFO - Filling up the DagBag from /Users/harshittyagi/lil/de_env/lib/python3.8/site-packages/airflow/example_dags/tutorial.py
[2020-12-20 05:27:19,583] {scheduler_job.py:639} INFO - DAG(s) dict_keys(['tutorial']) retrieved from /Users/harshittyagi/lil/de_env/lib/python3.8/site-packages/airflow/example_dags/tutorial.py
[2020-12-20 05:27:19,583] {logging_mixin.py:103} INFO - [2020-12-20 05:27:19,583] {dag.py:1813} INFO - Sync 1 DAGs
[2020-12-20 05:27:19,610] {logging_mixin.py:103} INFO - [2020-12-20 05:27:19,610] {dag.py:2266} INFO - Setting next_dagrun for tutorial to 2020-12-17 00:00:00+00:00
[2020-12-20 05:27:19,617] {scheduler_job.py:189} INFO - Processing /Users/harshittyagi/lil/de_env/lib/python3.8/site-packages/airflow/example_dags/tutorial.py took 0.040 seconds
[2020-12-20 05:28:17,136] {scheduler_job.py:181} INFO - Started process (PID=69055) to work on /Users/harshittyagi/lil/de_env/lib/python3.8/site-packages/airflow/example_dags/tutorial.py
[2020-12-20 05:28:17,137] {scheduler_job.py:629} INFO - Processing file /Users/harshittyagi/lil/de_env/lib/python3.8/site-packages/airflow/example_dags/tutorial.py for tasks to queue
[2020-12-20 05:28:17,137] {logging_mixin.py:103} INFO - [2020-12-20 05:28:17,137] {dagbag.py:440} INFO - Filling up the DagBag from /Users/harshittyagi/lil/de_env/lib/python3.8/site-packages/airflow/example_dags/tutorial.py
[2020-12-20 05:28:17,142] {scheduler_job.py:639} INFO - DAG(s) dict_keys(['tutorial']) retrieved from /Users/harshittyagi/lil/de_env/lib/python3.8/site-packages/airflow/example_dags/tutorial.py
[2020-12-20 05:28:17,143] {logging_mixin.py:103} INFO - [2020-12-20 05:28:17,143] {dag.py:1813} INFO - Sync 1 DAGs
[2020-12-20 05:28:17,166] {logging_mixin.py:103} INFO - [2020-12-20 05:28:17,166] {dag.py:2266} INFO - Setting next_dagrun for tutorial to 2020-12-17 00:00:00+00:00
[2020-12-20 05:28:17,177] {scheduler_job.py:189} INFO - Processing /Users/harshittyagi/lil/de_env/lib/python3.8/site-packages/airflow/example_dags/tutorial.py took 0.042 seconds
[2020-12-20 05:29:11,014] {scheduler_job.py:181} INFO - Started process (PID=69342) to work on /Users/harshittyagi/lil/de_env/lib/python3.8/site-packages/airflow/example_dags/tutorial.py
[2020-12-20 05:29:11,014] {scheduler_job.py:629} INFO - Processing file /Users/harshittyagi/lil/de_env/lib/python3.8/site-packages/airflow/example_dags/tutorial.py for tasks to queue
[2020-12-20 05:29:11,014] {logging_mixin.py:103} INFO - [2020-12-20 05:29:11,014] {dagbag.py:440} INFO - Filling up the DagBag from /Users/harshittyagi/lil/de_env/lib/python3.8/site-packages/airflow/example_dags/tutorial.py
[2020-12-20 05:29:11,019] {scheduler_job.py:639} INFO - DAG(s) dict_keys(['tutorial']) retrieved from /Users/harshittyagi/lil/de_env/lib/python3.8/site-packages/airflow/example_dags/tutorial.py
[2020-12-20 05:29:11,019] {logging_mixin.py:103} INFO - [2020-12-20 05:29:11,019] {dag.py:1813} INFO - Sync 1 DAGs
[2020-12-20 05:29:11,047] {logging_mixin.py:103} INFO - [2020-12-20 05:29:11,047] {dag.py:2266} INFO - Setting next_dagrun for tutorial to 2020-12-17 00:00:00+00:00
[2020-12-20 05:29:11,056] {scheduler_job.py:189} INFO - Processing /Users/harshittyagi/lil/de_env/lib/python3.8/site-packages/airflow/example_dags/tutorial.py took 0.042 seconds
